
-- MERGING METHOD naive
processing txmeans_batch_results/batch-3/letrecog_txmeans__0_k17...
chunks ... [0, 1, 2, 3, 4]
num codes: 26
num codes with support 0: 0
chunks ... [0, 1, 2, 3, 4]
num codes with usage 0: 21
database_size: 14.708084763221112
codetable_size: 85.51280427604617
complete: 100.22088903926728
database_size: 204.08866035837266
codetable_size: 70.53067670029972
complete: 274.6193370586724
Partition 0 ratio: 0.3649447635868959
processing txmeans_batch_results/batch-3/letrecog_txmeans__1_k17...
chunks ... [0, 4, 8, 12, 18]
num codes: 53
num codes with support 0: 0
chunks ... [0, 4, 8, 12, 18]
num codes with usage 0: 29
database_size: 240.89537346160677
codetable_size: 338.2550774861183
complete: 579.1504509477251
database_size: 987.6473217233322
codetable_size: 148.32398007303584
complete: 1135.9713017963682
Partition 1 ratio: 0.5098284173481192
processing txmeans_batch_results/batch-3/letrecog_txmeans__2_k17...
chunks ... [0, 13, 26, 39, 54]
num codes: 98
num codes with support 0: 0
chunks ... [0, 13, 26, 39, 54]
num codes with usage 0: 45
database_size: 816.1800701957684
codetable_size: 854.1269483040868
complete: 1670.307018499855
database_size: 3262.5216104504325
codetable_size: 289.687873517602
complete: 3552.2094839680344
Partition 2 ratio: 0.4702163614050206
processing txmeans_batch_results/batch-3/letrecog_txmeans__3_k17...
chunks ... [0, 17, 34, 51, 70]
num codes: 83
num codes with support 0: 0
chunks ... [0, 17, 34, 51, 70]
num codes with usage 0: 33
database_size: 1178.06837030766
codetable_size: 780.8363221817466
complete: 1958.9046924894064
database_size: 4148.237832319104
codetable_size: 225.3591130222611
complete: 4373.596945341365
Partition 3 ratio: 0.44789328257053446
processing txmeans_batch_results/batch-3/letrecog_txmeans__4_k17...
chunks ... [0, 34, 68, 102, 139]
num codes: 129
num codes with support 0: 0
chunks ... [0, 34, 68, 102, 139]
num codes with usage 0: 42
database_size: 2510.307191094933
codetable_size: 1515.76196467021
complete: 4026.069155765143
database_size: 9457.260843297774
codetable_size: 382.43994952897606
complete: 9839.70079282675
Partition 4 ratio: 0.409165811088503
processing txmeans_batch_results/batch-3/letrecog_txmeans__5_k17...
chunks ... [0, 80, 160, 240, 320]
num codes: 156
num codes with support 0: 0
chunks ... [0, 80, 160, 240, 320]
num codes with usage 0: 46
database_size: 5064.245512894131
codetable_size: 2450.4777325845876
complete: 7514.723245478719
database_size: 23292.534537908366
codetable_size: 351.0011408440382
complete: 23643.535678752403
Partition 5 ratio: 0.3178341576142493
processing txmeans_batch_results/batch-3/letrecog_txmeans__6_k17...
chunks ... [0, 25, 50, 75, 102]
num codes: 63
num codes with support 0: 0
chunks ... [0, 25, 50, 75, 102]
num codes with usage 0: 38
database_size: 902.5177658190911
codetable_size: 623.28728733476
complete: 1525.805053153851
database_size: 6733.767918969066
codetable_size: 216.38046691615153
complete: 6950.148385885218
Partition 6 ratio: 0.2195356082256529
processing txmeans_batch_results/batch-3/letrecog_txmeans__7_k17...
chunks ... [0, 17, 34, 51, 68]
num codes: 77
num codes with support 0: 0
chunks ... [0, 17, 34, 51, 68]
num codes with usage 0: 36
database_size: 851.2793721777603
codetable_size: 743.0464940404246
complete: 1594.3258662181847
database_size: 5066.608236324151
codetable_size: 199.34109241617037
complete: 5265.949328740322
Partition 7 ratio: 0.302761338305465
processing txmeans_batch_results/batch-3/letrecog_txmeans__8_k17...
chunks ... [0, 13, 26, 39, 53]
num codes: 70
num codes with support 0: 0
chunks ... [0, 13, 26, 39, 53]
num codes with usage 0: 34
database_size: 694.6188047836093
codetable_size: 603.0992746648606
complete: 1297.7180794484698
database_size: 3728.3395159207794
codetable_size: 211.60690237878697
complete: 3939.946418299566
Partition 8 ratio: 0.32937455022765244
processing txmeans_batch_results/batch-3/letrecog_txmeans__9_k17...
chunks ... [0, 19, 38, 57, 79]
num codes: 107
num codes with support 0: 0
chunks ... [0, 19, 38, 57, 79]
num codes with usage 0: 49
database_size: 1399.7452927852944
codetable_size: 1014.4077244857061
complete: 2414.1530172710004
database_size: 7048.197464855891
codetable_size: 346.6811491729181
complete: 7394.878614028808
Partition 9 ratio: 0.32646283235685786
processing txmeans_batch_results/batch-3/letrecog_txmeans__10_k17...
chunks ... [0, 15, 30, 45, 60]
num codes: 86
num codes with support 0: 0
chunks ... [0, 15, 30, 45, 60]
num codes with usage 0: 41
database_size: 873.2937697701634
codetable_size: 750.3952692806145
complete: 1623.6890390507779
database_size: 5229.781335944415
codetable_size: 270.34047533283683
complete: 5500.121811277252
Partition 10 ratio: 0.29520965076112027
processing txmeans_batch_results/batch-3/letrecog_txmeans__11_k17...
chunks ... [0, 12, 24, 36, 50]
num codes: 64
num codes with support 0: 0
chunks ... [0, 12, 24, 36, 50]
num codes with usage 0: 35
database_size: 520.4473429257267
codetable_size: 571.3131605188711
complete: 1091.7605034445978
database_size: 4466.232485640846
codetable_size: 221.48315427201175
complete: 4687.715639912858
Partition 11 ratio: 0.2328981933436758
processing txmeans_batch_results/batch-3/letrecog_txmeans__12_k17...
chunks ... [0, 2, 4, 6, 10]
num codes: 48
num codes with support 0: 0
chunks ... [0, 2, 4, 6, 10]
num codes with usage 0: 36
database_size: 87.19236328037803
codetable_size: 211.57815609087442
complete: 298.7705193712525
database_size: 921.6507992320337
codetable_size: 148.3732336207835
complete: 1070.0240328528173
Partition 12 ratio: 0.2792185130409577
processing txmeans_batch_results/batch-3/letrecog_txmeans__13_k17...
chunks ... [0, 2, 4, 6, 10]
num codes: 59
num codes with support 0: 0
chunks ... [0, 2, 4, 6, 10]
num codes with usage 0: 41
database_size: 125.08694629152086
codetable_size: 286.89726816098977
complete: 411.9842144525106
database_size: 1029.999476149272
codetable_size: 206.8608809620417
complete: 1236.8603571113135
Partition 13 ratio: 0.3330887048677827
processing txmeans_batch_results/batch-3/letrecog_txmeans__14_k17...
chunks ... [0, 81, 162, 243, 327]
num codes: 135
num codes with support 0: 0
chunks ... [0, 81, 162, 243, 327]
num codes with usage 0: 45
database_size: 5005.934029503805
codetable_size: 1953.24750358756
complete: 6959.181533091365
database_size: 35585.99264278144
codetable_size: 433.93762388087157
complete: 36019.93026666231
Partition 14 ratio: 0.19320363703014515
processing txmeans_batch_results/batch-3/letrecog_txmeans__15_k17...
chunks ... [0, 1650, 3300, 4950, 6603]
num codes: 543
num codes with support 0: 0
chunks ... [0, 1650, 3300, 4950, 6603]
num codes with usage 0: 34
database_size: 113050.5718010359
codetable_size: 20518.262929820652
complete: 133568.83473085656
database_size: 809160.5528493257
codetable_size: 557.1130127987354
complete: 809717.6658621244
Partition 15 ratio: 0.1649572935878123
processing txmeans_batch_results/batch-3/letrecog_txmeans__16_k17...
chunks ... [0, 3008, 6016, 9024, 12032]
num codes: 767
num codes with support 0: 0
chunks ... [0, 3008, 6016, 9024, 12032]
num codes with usage 0: 37
database_size: 204692.4197357163
codetable_size: 27090.798360241835
complete: 231783.21809595815
database_size: 1471617.4848947292
codetable_size: 594.8492500632794
complete: 1472212.3341447925
Partition 16 ratio: 0.15743871500071416
number of codetables: 17
size: 26
size: 53
size: 98
size: 83
size: 129
size: 156
size: 63
size: 77
size: 70
size: 107
size: 86
size: 64
size: 48
size: 59
size: 135
size: 543
size: 767
merged table size: 1574
chunks ... [0, 5000, 10000, 15000, 20000]
chunks ... [0, 5000, 10000, 15000, 20000]
merged table size without non-used codes: 1218
database_size: 939679.7447361131
codetable_size: 30528.708918684722
complete: 970208.4536547979
database_size: 1372600.4814621517
codetable_size: 535.3174551653476
complete: 1373135.798917317
merged size: 970208.4536547979
sct size: 1373135.798917317
merged ratio: 0.7065640954228873
time elapsed: 8.545763492584229
-- MERGING METHOD naive_plus
processing txmeans_batch_results/batch-3/letrecog_txmeans__0_k17...
chunks ... [0, 1, 2, 3, 4]
num codes: 26
num codes with support 0: 0
chunks ... [0, 1, 2, 3, 4]
num codes with usage 0: 21
database_size: 14.708084763221112
codetable_size: 85.51280427604617
complete: 100.22088903926728
database_size: 204.08866035837266
codetable_size: 70.53067670029972
complete: 274.6193370586724
Partition 0 ratio: 0.3649447635868959
processing txmeans_batch_results/batch-3/letrecog_txmeans__1_k17...
chunks ... [0, 4, 8, 12, 18]
num codes: 53
num codes with support 0: 0
chunks ... [0, 4, 8, 12, 18]
num codes with usage 0: 29
database_size: 240.89537346160677
codetable_size: 338.2550774861183
complete: 579.1504509477251
database_size: 987.6473217233322
codetable_size: 148.32398007303584
complete: 1135.9713017963682
Partition 1 ratio: 0.5098284173481192
processing txmeans_batch_results/batch-3/letrecog_txmeans__2_k17...
chunks ... [0, 13, 26, 39, 54]
num codes: 98
num codes with support 0: 0
chunks ... [0, 13, 26, 39, 54]
num codes with usage 0: 45
database_size: 816.1800701957684
codetable_size: 854.1269483040868
complete: 1670.307018499855
database_size: 3262.5216104504325
codetable_size: 289.687873517602
complete: 3552.2094839680344
Partition 2 ratio: 0.4702163614050206
processing txmeans_batch_results/batch-3/letrecog_txmeans__3_k17...
chunks ... [0, 17, 34, 51, 70]
num codes: 83
num codes with support 0: 0
chunks ... [0, 17, 34, 51, 70]
num codes with usage 0: 33
database_size: 1178.06837030766
codetable_size: 780.8363221817466
complete: 1958.9046924894064
database_size: 4148.237832319104
codetable_size: 225.3591130222611
complete: 4373.596945341365
Partition 3 ratio: 0.44789328257053446
processing txmeans_batch_results/batch-3/letrecog_txmeans__4_k17...
chunks ... [0, 34, 68, 102, 139]
num codes: 129
num codes with support 0: 0
chunks ... [0, 34, 68, 102, 139]
num codes with usage 0: 42
database_size: 2510.307191094933
codetable_size: 1515.76196467021
complete: 4026.069155765143
database_size: 9457.260843297774
codetable_size: 382.43994952897606
complete: 9839.70079282675
Partition 4 ratio: 0.409165811088503
processing txmeans_batch_results/batch-3/letrecog_txmeans__5_k17...
chunks ... [0, 80, 160, 240, 320]
num codes: 156
num codes with support 0: 0
chunks ... [0, 80, 160, 240, 320]
num codes with usage 0: 46
database_size: 5064.245512894131
codetable_size: 2450.4777325845876
complete: 7514.723245478719
database_size: 23292.534537908366
codetable_size: 351.0011408440382
complete: 23643.535678752403
Partition 5 ratio: 0.3178341576142493
processing txmeans_batch_results/batch-3/letrecog_txmeans__6_k17...
chunks ... [0, 25, 50, 75, 102]
num codes: 63
num codes with support 0: 0
chunks ... [0, 25, 50, 75, 102]
num codes with usage 0: 38
database_size: 902.5177658190911
codetable_size: 623.28728733476
complete: 1525.805053153851
database_size: 6733.767918969066
codetable_size: 216.38046691615153
complete: 6950.148385885218
Partition 6 ratio: 0.2195356082256529
processing txmeans_batch_results/batch-3/letrecog_txmeans__7_k17...
chunks ... [0, 17, 34, 51, 68]
num codes: 77
num codes with support 0: 0
chunks ... [0, 17, 34, 51, 68]
num codes with usage 0: 36
database_size: 851.2793721777603
codetable_size: 743.0464940404246
complete: 1594.3258662181847
database_size: 5066.608236324151
codetable_size: 199.34109241617037
complete: 5265.949328740322
Partition 7 ratio: 0.302761338305465
processing txmeans_batch_results/batch-3/letrecog_txmeans__8_k17...
chunks ... [0, 13, 26, 39, 53]
num codes: 70
num codes with support 0: 0
chunks ... [0, 13, 26, 39, 53]
num codes with usage 0: 34
database_size: 694.6188047836093
codetable_size: 603.0992746648606
complete: 1297.7180794484698
database_size: 3728.3395159207794
codetable_size: 211.60690237878697
complete: 3939.946418299566
Partition 8 ratio: 0.32937455022765244
processing txmeans_batch_results/batch-3/letrecog_txmeans__9_k17...
chunks ... [0, 19, 38, 57, 79]
num codes: 107
num codes with support 0: 0
chunks ... [0, 19, 38, 57, 79]
num codes with usage 0: 49
database_size: 1399.7452927852944
codetable_size: 1014.4077244857061
complete: 2414.1530172710004
database_size: 7048.197464855891
codetable_size: 346.6811491729181
complete: 7394.878614028808
Partition 9 ratio: 0.32646283235685786
processing txmeans_batch_results/batch-3/letrecog_txmeans__10_k17...
chunks ... [0, 15, 30, 45, 60]
num codes: 86
num codes with support 0: 0
chunks ... [0, 15, 30, 45, 60]
num codes with usage 0: 41
database_size: 873.2937697701634
codetable_size: 750.3952692806145
complete: 1623.6890390507779
database_size: 5229.781335944415
codetable_size: 270.34047533283683
complete: 5500.121811277252
Partition 10 ratio: 0.29520965076112027
processing txmeans_batch_results/batch-3/letrecog_txmeans__11_k17...
chunks ... [0, 12, 24, 36, 50]
num codes: 64
num codes with support 0: 0
chunks ... [0, 12, 24, 36, 50]
num codes with usage 0: 35
database_size: 520.4473429257267
codetable_size: 571.3131605188711
complete: 1091.7605034445978
database_size: 4466.232485640846
codetable_size: 221.48315427201175
complete: 4687.715639912858
Partition 11 ratio: 0.2328981933436758
processing txmeans_batch_results/batch-3/letrecog_txmeans__12_k17...
chunks ... [0, 2, 4, 6, 10]
num codes: 48
num codes with support 0: 0
chunks ... [0, 2, 4, 6, 10]
num codes with usage 0: 36
database_size: 87.19236328037803
codetable_size: 211.57815609087442
complete: 298.7705193712525
database_size: 921.6507992320337
codetable_size: 148.3732336207835
complete: 1070.0240328528173
Partition 12 ratio: 0.2792185130409577
processing txmeans_batch_results/batch-3/letrecog_txmeans__13_k17...
chunks ... [0, 2, 4, 6, 10]
num codes: 59
num codes with support 0: 0
chunks ... [0, 2, 4, 6, 10]
num codes with usage 0: 41
database_size: 125.08694629152086
codetable_size: 286.89726816098977
complete: 411.9842144525106
database_size: 1029.999476149272
codetable_size: 206.8608809620417
complete: 1236.8603571113135
Partition 13 ratio: 0.3330887048677827
processing txmeans_batch_results/batch-3/letrecog_txmeans__14_k17...
chunks ... [0, 81, 162, 243, 327]
num codes: 135
num codes with support 0: 0
chunks ... [0, 81, 162, 243, 327]
num codes with usage 0: 45
database_size: 5005.934029503805
codetable_size: 1953.24750358756
complete: 6959.181533091365
database_size: 35585.99264278144
codetable_size: 433.93762388087157
complete: 36019.93026666231
Partition 14 ratio: 0.19320363703014515
processing txmeans_batch_results/batch-3/letrecog_txmeans__15_k17...
chunks ... [0, 1650, 3300, 4950, 6603]
num codes: 543
num codes with support 0: 0
chunks ... [0, 1650, 3300, 4950, 6603]
num codes with usage 0: 34
database_size: 113050.5718010359
codetable_size: 20518.262929820652
complete: 133568.83473085656
database_size: 809160.5528493257
codetable_size: 557.1130127987354
complete: 809717.6658621244
Partition 15 ratio: 0.1649572935878123
processing txmeans_batch_results/batch-3/letrecog_txmeans__16_k17...
chunks ... [0, 3008, 6016, 9024, 12032]
num codes: 767
num codes with support 0: 0
chunks ... [0, 3008, 6016, 9024, 12032]
num codes with usage 0: 37
database_size: 204692.4197357163
codetable_size: 27090.798360241835
complete: 231783.21809595815
database_size: 1471617.4848947292
codetable_size: 594.8492500632794
complete: 1472212.3341447925
Partition 16 ratio: 0.15743871500071416
number of codetables: 17
size: 26
size: 53
size: 98
size: 83
size: 129
size: 156
size: 63
size: 77
size: 70
size: 107
size: 86
size: 64
size: 48
size: 59
size: 135
size: 543
size: 767
database_size: 1372600.4814621517
codetable_size: 535.3174551653476
complete: 1373135.798917317
current singletons: {3, 6, 13, 17, 18, 23, 29, 30, 31, 38, 41, 47, 48, 50, 51, 59, 60, 63, 68, 73, 80, 81}
Added 80 singletons
added:  {1, 2, 4, 5, 7, 8, 9, 10, 11, 12, 14, 15, 16, 19, 20, 22, 24, 25, 26, 27, 28, 32, 33, 34, 35, 37, 39, 40, 42, 43, 44, 45, 46, 49, 52, 53, 54, 55, 56, 57, 58, 62, 64, 65, 66, 67, 69, 70, 72, 74, 75, 76, 77, 78, 79, 82, 83, 84, 85, 86, 87, 88, 89, 90, 91, 92, 93, 94, 95, 96, 97, 98, 99, 100, 101, 102, 103, 104, 105, 106}
chunks ... [0, 5000, 10000, 15000, 20000]
num codes: 106
num codes with support 0: 0
chunks ... [0, 5000, 10000, 15000, 20000]
database_size: 1368812.0741011053
codetable_size: 1212.1649727256417
complete: 1370024.239073831
Partition ratio: 0.9977339751494794
current singletons: {2, 3, 6, 13, 14, 17, 18, 19, 23, 24, 29, 30, 34, 35, 38, 39, 40, 42, 43, 44, 50, 53, 54, 55, 56, 57, 58, 62, 63, 65, 70, 72, 74, 80, 94, 96}
Added 66 singletons
added:  {1, 4, 5, 7, 8, 9, 10, 11, 12, 15, 16, 20, 22, 25, 26, 27, 28, 31, 32, 33, 37, 41, 45, 46, 47, 48, 49, 51, 52, 59, 60, 64, 66, 67, 68, 69, 73, 75, 76, 77, 78, 79, 81, 82, 83, 84, 85, 86, 87, 88, 89, 90, 91, 92, 93, 95, 97, 98, 99, 100, 101, 102, 103, 104, 105, 106}
chunks ... [0, 5000, 10000, 15000, 20000]
num codes: 119
num codes with support 0: 0
chunks ... [0, 5000, 10000, 15000, 20000]
database_size: 1356678.509374375
codetable_size: 1500.9903783430236
complete: 1358179.499752718
Partition ratio: 0.9891079242297872
current singletons: {2, 3, 4, 6, 12, 13, 14, 17, 18, 19, 23, 27, 28, 29, 30, 33, 34, 35, 37, 38, 39, 40, 43, 44, 45, 47, 48, 49, 50, 53, 54, 55, 56, 57, 58, 59, 60, 62, 63, 64, 65, 69, 70, 73, 74, 75, 77, 78, 80, 82, 83, 86, 90, 91, 99, 100, 102, 105, 106}
Added 43 singletons
added:  {1, 5, 7, 8, 9, 10, 11, 15, 16, 20, 22, 24, 25, 26, 31, 32, 41, 42, 46, 51, 52, 66, 67, 68, 72, 76, 79, 81, 84, 85, 87, 88, 89, 92, 93, 94, 95, 96, 97, 98, 101, 103, 104}
chunks ... [0, 5000, 10000, 15000, 20000]
num codes: 141
num codes with support 0: 0
chunks ... [0, 5000, 10000, 15000, 20000]
database_size: 1318163.1945656294
codetable_size: 2059.5567302567033
complete: 1320222.751295886
Partition ratio: 0.9614655391963769
current singletons: {2, 3, 4, 6, 12, 13, 14, 17, 18, 19, 20, 23, 24, 26, 27, 28, 29, 30, 35, 37, 38, 39, 40, 42, 43, 44, 45, 50, 54, 55, 56, 57, 58, 59, 62, 63, 70, 73, 74, 77, 78, 79, 80, 86, 96, 100, 102, 105}
Added 54 singletons
added:  {1, 5, 7, 8, 9, 10, 11, 15, 16, 22, 25, 31, 32, 33, 34, 41, 46, 47, 48, 49, 51, 52, 53, 60, 64, 65, 66, 67, 68, 69, 72, 75, 76, 81, 82, 83, 84, 85, 87, 88, 89, 90, 91, 92, 93, 94, 95, 97, 98, 99, 101, 103, 104, 106}
chunks ... [0, 5000, 10000, 15000, 20000]
num codes: 137
num codes with support 0: 0
chunks ... [0, 5000, 10000, 15000, 20000]
database_size: 1356183.6880334928
codetable_size: 2003.3869617261944
complete: 1358187.074995219
Partition ratio: 0.9891134409765701
current singletons: {2, 3, 4, 6, 7, 8, 9, 10, 12, 13, 14, 15, 17, 18, 19, 20, 22, 23, 24, 26, 28, 29, 30, 31, 32, 33, 34, 35, 37, 38, 39, 40, 41, 42, 43, 44, 45, 46, 47, 48, 49, 50, 51, 52, 53, 54, 55, 58, 59, 60, 62, 63, 65, 68, 69, 70, 72, 73, 74, 75, 79, 80, 81, 86, 87, 89, 90, 92, 94, 99, 100, 105, 106}
Added 29 singletons
added:  {1, 5, 11, 16, 25, 27, 56, 57, 64, 66, 67, 76, 77, 78, 82, 83, 84, 85, 88, 91, 93, 95, 96, 97, 98, 101, 102, 103, 104}
chunks ... [0, 5000, 10000, 15000, 20000]
num codes: 158
num codes with support 0: 4
chunks ... [0, 5000, 10000, 15000, 20000]
database_size: 1277040.7144596374
codetable_size: 2358.1052101623995
complete: 1279398.8196697999
Partition ratio: 0.9317350990911267
current singletons: {1, 2, 3, 4, 6, 7, 8, 9, 10, 11, 12, 13, 14, 15, 16, 17, 18, 19, 20, 22, 23, 24, 29, 30, 31, 32, 33, 34, 35, 37, 38, 39, 40, 41, 43, 44, 45, 47, 48, 49, 50, 51, 52, 53, 54, 55, 57, 58, 59, 60, 62, 63, 64, 68, 69, 70, 72, 73, 74, 75, 78, 79, 80, 81, 87, 89, 90, 92, 99}
Added 33 singletons
added:  {5, 25, 26, 27, 28, 42, 46, 56, 65, 66, 67, 76, 77, 82, 83, 84, 85, 86, 88, 91, 93, 94, 95, 96, 97, 98, 100, 101, 102, 103, 104, 105, 106}
chunks ... [0, 5000, 10000, 15000, 20000]
num codes: 189
num codes with support 0: 17
chunks ... [0, 5000, 10000, 15000, 20000]
database_size: 1280885.3027475365
codetable_size: 2746.404065292952
complete: 1283631.7068128295
Partition ratio: 0.9348177418613226
current singletons: {1, 2, 3, 4, 5, 6, 7, 8, 9, 10, 11, 12, 13, 14, 16, 17, 20, 22, 23, 24, 26, 28, 31, 35, 39, 40, 44, 45, 46, 50, 51, 52, 56, 57, 58, 59, 60, 62, 63, 68, 70, 72, 73, 78, 80, 92}
Added 56 singletons
added:  {15, 18, 19, 25, 27, 29, 30, 32, 33, 34, 37, 38, 41, 42, 43, 47, 48, 49, 53, 54, 55, 64, 65, 66, 67, 69, 74, 75, 76, 77, 79, 81, 82, 83, 84, 85, 86, 87, 88, 89, 90, 91, 93, 94, 95, 96, 97, 98, 99, 100, 101, 102, 103, 104, 105, 106}
chunks ... [0, 5000, 10000, 15000, 20000]
num codes: 119
num codes with support 0: 6
chunks ... [0, 5000, 10000, 15000, 20000]
database_size: 1353166.8461382983
codetable_size: 1333.0389068394898
complete: 1354499.8850451377
Partition ratio: 0.9864282076930241
current singletons: {3, 4, 6, 7, 8, 9, 12, 13, 14, 15, 17, 18, 19, 20, 23, 24, 27, 28, 31, 32, 35, 38, 39, 40, 45, 46, 50, 51, 52, 56, 57, 58, 59, 60, 62, 63, 68, 69, 70, 72, 73, 78, 79, 80, 92}
Added 57 singletons
added:  {1, 2, 5, 10, 11, 16, 22, 25, 26, 29, 30, 33, 34, 37, 41, 42, 43, 44, 47, 48, 49, 53, 54, 55, 64, 65, 66, 67, 74, 75, 76, 77, 81, 82, 83, 84, 85, 86, 87, 88, 89, 90, 91, 93, 94, 95, 96, 97, 98, 99, 100, 101, 102, 103, 104, 105, 106}
chunks ... [0, 5000, 10000, 15000, 20000]
num codes: 134
num codes with support 0: 4
chunks ... [0, 5000, 10000, 15000, 20000]
database_size: 1338821.0048108548
codetable_size: 1736.6249585688981
complete: 1340557.6297694237
Partition ratio: 0.9762746196162241
current singletons: {2, 3, 6, 7, 12, 13, 14, 17, 18, 19, 20, 22, 23, 24, 27, 28, 29, 30, 31, 32, 35, 37, 38, 39, 40, 45, 46, 48, 49, 50, 51, 52, 57, 59, 60, 62, 63, 69, 70, 73, 74, 75, 78, 79, 80, 92}
Added 56 singletons
added:  {1, 4, 5, 8, 9, 10, 11, 15, 16, 25, 26, 33, 34, 41, 42, 43, 44, 47, 53, 54, 55, 56, 58, 64, 65, 66, 67, 68, 72, 76, 77, 81, 82, 83, 84, 85, 86, 87, 88, 89, 90, 91, 93, 94, 95, 96, 97, 98, 99, 100, 101, 102, 103, 104, 105, 106}
chunks ... [0, 5000, 10000, 15000, 20000]
num codes: 126
num codes with support 0: 4
chunks ... [0, 5000, 10000, 15000, 20000]
database_size: 1330993.966085178
codetable_size: 1480.3955743929873
complete: 1332474.361659571
Partition ratio: 0.9703878980580023
current singletons: {2, 4, 5, 6, 7, 8, 9, 10, 13, 14, 15, 17, 18, 19, 20, 23, 24, 25, 26, 27, 28, 29, 30, 31, 32, 33, 34, 35, 37, 38, 39, 41, 42, 43, 44, 45, 46, 47, 48, 49, 50, 51, 52, 53, 54, 58, 59, 60, 62, 63, 64, 65, 67, 68, 69, 70, 72, 73, 74, 78, 79, 80, 81, 90, 92, 93, 98}
Added 35 singletons
added:  {1, 3, 11, 12, 16, 22, 40, 55, 56, 57, 66, 75, 76, 77, 82, 83, 84, 85, 86, 87, 88, 89, 91, 94, 95, 96, 97, 99, 100, 101, 102, 103, 104, 105, 106}
chunks ... [0, 5000, 10000, 15000, 20000]
num codes: 142
num codes with support 0: 4
chunks ... [0, 5000, 10000, 15000, 20000]
database_size: 1260620.1082316055
codetable_size: 1820.0907558405709
complete: 1262440.198987446
Partition ratio: 0.9193848124729166
current singletons: {3, 4, 5, 6, 7, 8, 9, 10, 14, 15, 18, 19, 20, 23, 24, 28, 29, 30, 31, 32, 35, 37, 38, 39, 41, 42, 43, 44, 45, 46, 47, 48, 49, 50, 51, 52, 58, 59, 60, 62, 63, 64, 65, 66, 67, 68, 69, 70, 75, 76, 78, 79, 80, 81, 92}
Added 47 singletons
added:  {1, 2, 11, 12, 13, 16, 17, 22, 25, 26, 27, 33, 34, 40, 53, 54, 55, 56, 57, 72, 73, 74, 77, 82, 83, 84, 85, 86, 87, 88, 89, 90, 91, 93, 94, 95, 96, 97, 98, 99, 100, 101, 102, 103, 104, 105, 106}
chunks ... [0, 5000, 10000, 15000, 20000]
num codes: 133
num codes with support 0: 3
chunks ... [0, 5000, 10000, 15000, 20000]
database_size: 1324795.859110696
codetable_size: 1632.3197363897996
complete: 1326428.178847086
Partition ratio: 0.9659847044210348
current singletons: {4, 6, 7, 8, 9, 10, 14, 15, 19, 20, 23, 24, 29, 30, 31, 33, 35, 37, 38, 39, 41, 42, 43, 44, 45, 46, 47, 48, 49, 50, 51, 52, 57, 59, 60, 64, 65, 66, 67, 68, 69, 70, 74, 75, 79, 80, 81, 92}
Added 54 singletons
added:  {1, 2, 3, 5, 11, 12, 13, 16, 17, 18, 22, 25, 26, 27, 28, 32, 34, 40, 53, 54, 55, 56, 58, 62, 63, 72, 73, 76, 77, 78, 82, 83, 84, 85, 86, 87, 88, 89, 90, 91, 93, 94, 95, 96, 97, 98, 99, 100, 101, 102, 103, 104, 105, 106}
chunks ... [0, 5000, 10000, 15000, 20000]
num codes: 118
num codes with support 0: 3
chunks ... [0, 5000, 10000, 15000, 20000]
database_size: 1355726.8668776022
codetable_size: 1394.3750021767037
complete: 1357121.241879779
Partition ratio: 0.9883372372563841
current singletons: {2, 3, 4, 6, 7, 12, 13, 17, 18, 19, 20, 23, 24, 29, 30, 31, 35, 38, 39, 42, 45, 46, 47, 49, 50, 51, 60, 63, 64, 68, 69, 70, 73, 74, 75, 80, 81, 92}
Added 64 singletons
added:  {1, 5, 8, 9, 10, 11, 14, 15, 16, 22, 25, 26, 27, 28, 32, 33, 34, 37, 40, 41, 43, 44, 48, 52, 53, 54, 55, 56, 57, 58, 59, 62, 65, 66, 67, 72, 76, 77, 78, 79, 82, 83, 84, 85, 86, 87, 88, 89, 90, 91, 93, 94, 95, 96, 97, 98, 99, 100, 101, 102, 103, 104, 105, 106}
chunks ... [0, 5000, 10000, 15000, 20000]
num codes: 112
num codes with support 0: 1
chunks ... [0, 5000, 10000, 15000, 20000]
database_size: 1355629.09228886
codetable_size: 1253.2726552606746
complete: 1356882.3649441206
Partition ratio: 0.9881632727178099
current singletons: {4, 6, 8, 9, 10, 15, 18, 19, 20, 23, 24, 27, 29, 30, 31, 33, 35, 37, 38, 40, 42, 44, 45, 46, 49, 50, 51, 52, 53, 54, 55, 56, 59, 60, 62, 63, 65, 68, 69, 70, 72, 74, 75, 79, 80, 81, 90, 92, 93}
Added 53 singletons
added:  {1, 2, 3, 5, 7, 11, 12, 13, 14, 16, 17, 22, 25, 26, 28, 32, 34, 39, 41, 43, 47, 48, 57, 58, 64, 66, 67, 73, 76, 77, 78, 82, 83, 84, 85, 86, 87, 88, 89, 91, 94, 95, 96, 97, 98, 99, 100, 101, 102, 103, 104, 105, 106}
chunks ... [0, 5000, 10000, 15000, 20000]
num codes: 112
num codes with support 0: 1
chunks ... [0, 5000, 10000, 15000, 20000]
database_size: 1357458.3520578383
codetable_size: 1263.357629058514
complete: 1358721.7096868968
Partition ratio: 0.989502794085053
current singletons: {2, 3, 4, 5, 6, 7, 8, 9, 10, 12, 13, 14, 15, 16, 17, 18, 19, 20, 22, 23, 24, 27, 28, 29, 30, 31, 32, 33, 34, 35, 37, 38, 39, 40, 41, 42, 43, 44, 45, 46, 47, 48, 49, 50, 51, 52, 53, 54, 55, 56, 57, 58, 59, 60, 62, 63, 64, 65, 67, 68, 69, 70, 72, 73, 74, 75, 77, 78, 79, 80, 81, 84, 86, 88, 89, 90, 91, 92, 93}
Added 23 singletons
added:  {1, 11, 25, 26, 66, 76, 82, 83, 85, 87, 94, 95, 96, 97, 98, 99, 100, 101, 102, 103, 104, 105, 106}
chunks ... [0, 5000, 10000, 15000, 20000]
num codes: 158
num codes with support 0: 7
chunks ... [0, 5000, 10000, 15000, 20000]
database_size: 1313665.3770594797
codetable_size: 2147.3969598129847
complete: 1315812.7740192928
Partition ratio: 0.9582539287496386
current singletons: {1, 2, 3, 4, 5, 6, 7, 8, 9, 10, 11, 12, 13, 14, 15, 16, 17, 18, 19, 20, 22, 23, 24, 25, 26, 27, 28, 29, 30, 31, 32, 33, 34, 35, 37, 38, 39, 40, 41, 42, 43, 44, 45, 46, 47, 48, 49, 50, 51, 52, 53, 54, 55, 56, 57, 58, 59, 60, 62, 63, 64, 65, 67, 68, 69, 70, 72, 73, 74, 75, 76, 77, 78, 79, 80, 81, 82, 83, 84, 85, 86, 87, 88, 89, 90, 91, 92, 93, 94, 95, 96, 97, 98, 99, 100, 101, 102, 103, 104, 105, 106}
Added 1 singletons
added:  {66}
chunks ... [0, 5000, 10000, 15000, 20000]
num codes: 544
num codes with support 0: 107
chunks ... [0, 5000, 10000, 15000, 20000]
database_size: 1096910.3841613538
codetable_size: 9401.238232672169
complete: 1106311.622394026
Partition ratio: 0.8056826012884704
current singletons: {1, 2, 3, 4, 5, 6, 7, 8, 9, 10, 11, 12, 13, 14, 15, 16, 17, 18, 19, 20, 22, 23, 24, 25, 26, 27, 28, 29, 30, 31, 32, 33, 34, 35, 37, 38, 39, 40, 41, 42, 43, 44, 45, 46, 47, 48, 49, 50, 51, 52, 53, 54, 55, 56, 57, 58, 59, 60, 62, 63, 64, 65, 66, 67, 68, 69, 70, 72, 73, 74, 75, 76, 77, 78, 79, 80, 81, 82, 83, 84, 85, 86, 87, 88, 89, 90, 91, 92, 93, 94, 95, 96, 97, 98, 99, 100, 101, 102, 103, 104, 105, 106}
Added 0 singletons
added:  set()
chunks ... [0, 5000, 10000, 15000, 20000]
num codes: 767
num codes with support 0: 109
chunks ... [0, 5000, 10000, 15000, 20000]
database_size: 1082179.6530588306
codetable_size: 15770.976388855286
complete: 1097950.629447686
Partition ratio: 0.7995936238159346
merged table size: 767
chunks ... [0, 5000, 10000, 15000, 20000]
chunks ... [0, 5000, 10000, 15000, 20000]
merged table size without non-used codes: 657
database_size: 1082179.6530588306
codetable_size: 15770.976388855286
complete: 1097950.629447686
database_size: 1372600.4814621517
codetable_size: 535.3174551653476
complete: 1373135.798917317
merged size: 1097950.629447686
sct size: 1373135.798917317
merged ratio: 0.7995936238159346
time elapsed: 20.117496490478516
-- MERGING METHOD informed
processing txmeans_batch_results/batch-3/letrecog_txmeans__0_k17...
chunks ... [0, 1, 2, 3, 4]
num codes: 26
num codes with support 0: 0
chunks ... [0, 1, 2, 3, 4]
num codes with usage 0: 21
database_size: 14.708084763221112
codetable_size: 85.51280427604617
complete: 100.22088903926728
database_size: 204.08866035837266
codetable_size: 70.53067670029972
complete: 274.6193370586724
Partition 0 ratio: 0.3649447635868959
processing txmeans_batch_results/batch-3/letrecog_txmeans__1_k17...
chunks ... [0, 4, 8, 12, 18]
num codes: 53
num codes with support 0: 0
chunks ... [0, 4, 8, 12, 18]
num codes with usage 0: 29
database_size: 240.89537346160677
codetable_size: 338.2550774861183
complete: 579.1504509477251
database_size: 987.6473217233322
codetable_size: 148.32398007303584
complete: 1135.9713017963682
Partition 1 ratio: 0.5098284173481192
processing txmeans_batch_results/batch-3/letrecog_txmeans__2_k17...
chunks ... [0, 13, 26, 39, 54]
num codes: 98
num codes with support 0: 0
chunks ... [0, 13, 26, 39, 54]
num codes with usage 0: 45
database_size: 816.1800701957684
codetable_size: 854.1269483040868
complete: 1670.307018499855
database_size: 3262.5216104504325
codetable_size: 289.687873517602
complete: 3552.2094839680344
Partition 2 ratio: 0.4702163614050206
processing txmeans_batch_results/batch-3/letrecog_txmeans__3_k17...
chunks ... [0, 17, 34, 51, 70]
num codes: 83
num codes with support 0: 0
chunks ... [0, 17, 34, 51, 70]
num codes with usage 0: 33
database_size: 1178.06837030766
codetable_size: 780.8363221817466
complete: 1958.9046924894064
database_size: 4148.237832319104
codetable_size: 225.3591130222611
complete: 4373.596945341365
Partition 3 ratio: 0.44789328257053446
processing txmeans_batch_results/batch-3/letrecog_txmeans__4_k17...
chunks ... [0, 34, 68, 102, 139]
num codes: 129
num codes with support 0: 0
chunks ... [0, 34, 68, 102, 139]
num codes with usage 0: 42
database_size: 2510.307191094933
codetable_size: 1515.76196467021
complete: 4026.069155765143
database_size: 9457.260843297774
codetable_size: 382.43994952897606
complete: 9839.70079282675
Partition 4 ratio: 0.409165811088503
processing txmeans_batch_results/batch-3/letrecog_txmeans__5_k17...
chunks ... [0, 80, 160, 240, 320]
num codes: 156
num codes with support 0: 0
chunks ... [0, 80, 160, 240, 320]
num codes with usage 0: 46
database_size: 5064.245512894131
codetable_size: 2450.4777325845876
complete: 7514.723245478719
database_size: 23292.534537908366
codetable_size: 351.0011408440382
complete: 23643.535678752403
Partition 5 ratio: 0.3178341576142493
processing txmeans_batch_results/batch-3/letrecog_txmeans__6_k17...
chunks ... [0, 25, 50, 75, 102]
num codes: 63
num codes with support 0: 0
chunks ... [0, 25, 50, 75, 102]
num codes with usage 0: 38
database_size: 902.5177658190911
codetable_size: 623.28728733476
complete: 1525.805053153851
database_size: 6733.767918969066
codetable_size: 216.38046691615153
complete: 6950.148385885218
Partition 6 ratio: 0.2195356082256529
processing txmeans_batch_results/batch-3/letrecog_txmeans__7_k17...
chunks ... [0, 17, 34, 51, 68]
num codes: 77
num codes with support 0: 0
chunks ... [0, 17, 34, 51, 68]
num codes with usage 0: 36
database_size: 851.2793721777603
codetable_size: 743.0464940404246
complete: 1594.3258662181847
database_size: 5066.608236324151
codetable_size: 199.34109241617037
complete: 5265.949328740322
Partition 7 ratio: 0.302761338305465
processing txmeans_batch_results/batch-3/letrecog_txmeans__8_k17...
chunks ... [0, 13, 26, 39, 53]
num codes: 70
num codes with support 0: 0
chunks ... [0, 13, 26, 39, 53]
num codes with usage 0: 34
database_size: 694.6188047836093
codetable_size: 603.0992746648606
complete: 1297.7180794484698
database_size: 3728.3395159207794
codetable_size: 211.60690237878697
complete: 3939.946418299566
Partition 8 ratio: 0.32937455022765244
processing txmeans_batch_results/batch-3/letrecog_txmeans__9_k17...
chunks ... [0, 19, 38, 57, 79]
num codes: 107
num codes with support 0: 0
chunks ... [0, 19, 38, 57, 79]
num codes with usage 0: 49
database_size: 1399.7452927852944
codetable_size: 1014.4077244857061
complete: 2414.1530172710004
database_size: 7048.197464855891
codetable_size: 346.6811491729181
complete: 7394.878614028808
Partition 9 ratio: 0.32646283235685786
processing txmeans_batch_results/batch-3/letrecog_txmeans__10_k17...
chunks ... [0, 15, 30, 45, 60]
num codes: 86
num codes with support 0: 0
chunks ... [0, 15, 30, 45, 60]
num codes with usage 0: 41
database_size: 873.2937697701634
codetable_size: 750.3952692806145
complete: 1623.6890390507779
database_size: 5229.781335944415
codetable_size: 270.34047533283683
complete: 5500.121811277252
Partition 10 ratio: 0.29520965076112027
processing txmeans_batch_results/batch-3/letrecog_txmeans__11_k17...
chunks ... [0, 12, 24, 36, 50]
num codes: 64
num codes with support 0: 0
chunks ... [0, 12, 24, 36, 50]
num codes with usage 0: 35
database_size: 520.4473429257267
codetable_size: 571.3131605188711
complete: 1091.7605034445978
database_size: 4466.232485640846
codetable_size: 221.48315427201175
complete: 4687.715639912858
Partition 11 ratio: 0.2328981933436758
processing txmeans_batch_results/batch-3/letrecog_txmeans__12_k17...
chunks ... [0, 2, 4, 6, 10]
num codes: 48
num codes with support 0: 0
chunks ... [0, 2, 4, 6, 10]
num codes with usage 0: 36
database_size: 87.19236328037803
codetable_size: 211.57815609087442
complete: 298.7705193712525
database_size: 921.6507992320337
codetable_size: 148.3732336207835
complete: 1070.0240328528173
Partition 12 ratio: 0.2792185130409577
processing txmeans_batch_results/batch-3/letrecog_txmeans__13_k17...
chunks ... [0, 2, 4, 6, 10]
num codes: 59
num codes with support 0: 0
chunks ... [0, 2, 4, 6, 10]
num codes with usage 0: 41
database_size: 125.08694629152086
codetable_size: 286.89726816098977
complete: 411.9842144525106
database_size: 1029.999476149272
codetable_size: 206.8608809620417
complete: 1236.8603571113135
Partition 13 ratio: 0.3330887048677827
processing txmeans_batch_results/batch-3/letrecog_txmeans__14_k17...
chunks ... [0, 81, 162, 243, 327]
num codes: 135
num codes with support 0: 0
chunks ... [0, 81, 162, 243, 327]
num codes with usage 0: 45
database_size: 5005.934029503805
codetable_size: 1953.24750358756
complete: 6959.181533091365
database_size: 35585.99264278144
codetable_size: 433.93762388087157
complete: 36019.93026666231
Partition 14 ratio: 0.19320363703014515
processing txmeans_batch_results/batch-3/letrecog_txmeans__15_k17...
chunks ... [0, 1650, 3300, 4950, 6603]
num codes: 543
num codes with support 0: 0
chunks ... [0, 1650, 3300, 4950, 6603]
num codes with usage 0: 34
database_size: 113050.5718010359
codetable_size: 20518.262929820652
complete: 133568.83473085656
database_size: 809160.5528493257
codetable_size: 557.1130127987354
complete: 809717.6658621244
Partition 15 ratio: 0.1649572935878123
processing txmeans_batch_results/batch-3/letrecog_txmeans__16_k17...
chunks ... [0, 3008, 6016, 9024, 12032]
num codes: 767
num codes with support 0: 0
chunks ... [0, 3008, 6016, 9024, 12032]
num codes with usage 0: 37
database_size: 204692.4197357163
codetable_size: 27090.798360241835
complete: 231783.21809595815
database_size: 1471617.4848947292
codetable_size: 594.8492500632794
complete: 1472212.3341447925
Partition 16 ratio: 0.15743871500071416
number of codetables: 17
size: 26
size: 53
size: 98
size: 83
size: 129
size: 156
size: 63
size: 77
size: 70
size: 107
size: 86
size: 64
size: 48
size: 59
size: 135
size: 543
size: 767
database_size: 1372600.4814621517
codetable_size: 535.3174551653476
complete: 1373135.798917317
database_size: 1372600.4814621517
codetable_size: 535.3174551653476
complete: 1373135.798917317
current singletons: {3, 6, 13, 17, 18, 23, 29, 30, 31, 38, 41, 47, 48, 50, 51, 59, 60, 63, 68, 73, 80, 81}
Added 80 singletons
added:  {1, 2, 4, 5, 7, 8, 9, 10, 11, 12, 14, 15, 16, 19, 20, 22, 24, 25, 26, 27, 28, 32, 33, 34, 35, 37, 39, 40, 42, 43, 44, 45, 46, 49, 52, 53, 54, 55, 56, 57, 58, 62, 64, 65, 66, 67, 69, 70, 72, 74, 75, 76, 77, 78, 79, 82, 83, 84, 85, 86, 87, 88, 89, 90, 91, 92, 93, 94, 95, 96, 97, 98, 99, 100, 101, 102, 103, 104, 105, 106}
chunks ... [0, 5000, 10000, 15000, 20000]
num codes: 106
num codes with support 0: 0
chunks ... [0, 5000, 10000, 15000, 20000]
database_size: 1368812.0741011053
codetable_size: 1212.1649727256417
complete: 1370024.239073831
Partition ratio: 0.9977339751494794
current singletons: {2, 3, 6, 13, 14, 17, 18, 19, 23, 24, 29, 30, 34, 35, 38, 39, 40, 42, 43, 44, 50, 53, 54, 55, 56, 57, 58, 62, 63, 65, 70, 72, 74, 80, 94, 96}
Added 66 singletons
added:  {1, 4, 5, 7, 8, 9, 10, 11, 12, 15, 16, 20, 22, 25, 26, 27, 28, 31, 32, 33, 37, 41, 45, 46, 47, 48, 49, 51, 52, 59, 60, 64, 66, 67, 68, 69, 73, 75, 76, 77, 78, 79, 81, 82, 83, 84, 85, 86, 87, 88, 89, 90, 91, 92, 93, 95, 97, 98, 99, 100, 101, 102, 103, 104, 105, 106}
chunks ... [0, 5000, 10000, 15000, 20000]
num codes: 119
num codes with support 0: 0
chunks ... [0, 5000, 10000, 15000, 20000]
database_size: 1356678.509374375
codetable_size: 1500.9903783430236
complete: 1358179.499752718
Partition ratio: 0.9891079242297872
current singletons: {2, 3, 4, 6, 12, 13, 14, 17, 18, 19, 23, 27, 28, 29, 30, 33, 34, 35, 37, 38, 39, 40, 43, 44, 45, 47, 48, 49, 50, 53, 54, 55, 56, 57, 58, 59, 60, 62, 63, 64, 65, 69, 70, 73, 74, 75, 77, 78, 80, 82, 83, 86, 90, 91, 99, 100, 102, 105, 106}
Added 43 singletons
added:  {1, 5, 7, 8, 9, 10, 11, 15, 16, 20, 22, 24, 25, 26, 31, 32, 41, 42, 46, 51, 52, 66, 67, 68, 72, 76, 79, 81, 84, 85, 87, 88, 89, 92, 93, 94, 95, 96, 97, 98, 101, 103, 104}
chunks ... [0, 5000, 10000, 15000, 20000]
num codes: 141
num codes with support 0: 0
chunks ... [0, 5000, 10000, 15000, 20000]
database_size: 1318163.1945656294
codetable_size: 2059.5567302567033
complete: 1320222.751295886
Partition ratio: 0.9614655391963769
current singletons: {2, 3, 4, 6, 12, 13, 14, 17, 18, 19, 20, 23, 24, 26, 27, 28, 29, 30, 35, 37, 38, 39, 40, 42, 43, 44, 45, 50, 54, 55, 56, 57, 58, 59, 62, 63, 70, 73, 74, 77, 78, 79, 80, 86, 96, 100, 102, 105}
Added 54 singletons
added:  {1, 5, 7, 8, 9, 10, 11, 15, 16, 22, 25, 31, 32, 33, 34, 41, 46, 47, 48, 49, 51, 52, 53, 60, 64, 65, 66, 67, 68, 69, 72, 75, 76, 81, 82, 83, 84, 85, 87, 88, 89, 90, 91, 92, 93, 94, 95, 97, 98, 99, 101, 103, 104, 106}
chunks ... [0, 5000, 10000, 15000, 20000]
num codes: 137
num codes with support 0: 0
chunks ... [0, 5000, 10000, 15000, 20000]
database_size: 1356183.6880334928
codetable_size: 2003.3869617261944
complete: 1358187.074995219
Partition ratio: 0.9891134409765701
current singletons: {2, 3, 4, 6, 7, 8, 9, 10, 12, 13, 14, 15, 17, 18, 19, 20, 22, 23, 24, 26, 28, 29, 30, 31, 32, 33, 34, 35, 37, 38, 39, 40, 41, 42, 43, 44, 45, 46, 47, 48, 49, 50, 51, 52, 53, 54, 55, 58, 59, 60, 62, 63, 65, 68, 69, 70, 72, 73, 74, 75, 79, 80, 81, 86, 87, 89, 90, 92, 94, 99, 100, 105, 106}
Added 29 singletons
added:  {1, 5, 11, 16, 25, 27, 56, 57, 64, 66, 67, 76, 77, 78, 82, 83, 84, 85, 88, 91, 93, 95, 96, 97, 98, 101, 102, 103, 104}
chunks ... [0, 5000, 10000, 15000, 20000]
num codes: 158
num codes with support 0: 4
chunks ... [0, 5000, 10000, 15000, 20000]
database_size: 1277040.7144596374
codetable_size: 2358.1052101623995
complete: 1279398.8196697999
Partition ratio: 0.9317350990911267
current singletons: {1, 2, 3, 4, 6, 7, 8, 9, 10, 11, 12, 13, 14, 15, 16, 17, 18, 19, 20, 22, 23, 24, 29, 30, 31, 32, 33, 34, 35, 37, 38, 39, 40, 41, 43, 44, 45, 47, 48, 49, 50, 51, 52, 53, 54, 55, 57, 58, 59, 60, 62, 63, 64, 68, 69, 70, 72, 73, 74, 75, 78, 79, 80, 81, 87, 89, 90, 92, 99}
Added 33 singletons
added:  {5, 25, 26, 27, 28, 42, 46, 56, 65, 66, 67, 76, 77, 82, 83, 84, 85, 86, 88, 91, 93, 94, 95, 96, 97, 98, 100, 101, 102, 103, 104, 105, 106}
chunks ... [0, 5000, 10000, 15000, 20000]
num codes: 189
num codes with support 0: 17
chunks ... [0, 5000, 10000, 15000, 20000]
database_size: 1280885.3027475365
codetable_size: 2746.404065292952
complete: 1283631.7068128295
Partition ratio: 0.9348177418613226
current singletons: {1, 2, 3, 4, 5, 6, 7, 8, 9, 10, 11, 12, 13, 14, 16, 17, 20, 22, 23, 24, 26, 28, 31, 35, 39, 40, 44, 45, 46, 50, 51, 52, 56, 57, 58, 59, 60, 62, 63, 68, 70, 72, 73, 78, 80, 92}
Added 56 singletons
added:  {15, 18, 19, 25, 27, 29, 30, 32, 33, 34, 37, 38, 41, 42, 43, 47, 48, 49, 53, 54, 55, 64, 65, 66, 67, 69, 74, 75, 76, 77, 79, 81, 82, 83, 84, 85, 86, 87, 88, 89, 90, 91, 93, 94, 95, 96, 97, 98, 99, 100, 101, 102, 103, 104, 105, 106}
chunks ... [0, 5000, 10000, 15000, 20000]
num codes: 119
num codes with support 0: 6
chunks ... [0, 5000, 10000, 15000, 20000]
database_size: 1353166.8461382983
codetable_size: 1333.0389068394898
complete: 1354499.8850451377
Partition ratio: 0.9864282076930241
current singletons: {3, 4, 6, 7, 8, 9, 12, 13, 14, 15, 17, 18, 19, 20, 23, 24, 27, 28, 31, 32, 35, 38, 39, 40, 45, 46, 50, 51, 52, 56, 57, 58, 59, 60, 62, 63, 68, 69, 70, 72, 73, 78, 79, 80, 92}
Added 57 singletons
added:  {1, 2, 5, 10, 11, 16, 22, 25, 26, 29, 30, 33, 34, 37, 41, 42, 43, 44, 47, 48, 49, 53, 54, 55, 64, 65, 66, 67, 74, 75, 76, 77, 81, 82, 83, 84, 85, 86, 87, 88, 89, 90, 91, 93, 94, 95, 96, 97, 98, 99, 100, 101, 102, 103, 104, 105, 106}
chunks ... [0, 5000, 10000, 15000, 20000]
num codes: 134
num codes with support 0: 4
chunks ... [0, 5000, 10000, 15000, 20000]
database_size: 1338821.0048108548
codetable_size: 1736.6249585688981
complete: 1340557.6297694237
Partition ratio: 0.9762746196162241
current singletons: {2, 3, 6, 7, 12, 13, 14, 17, 18, 19, 20, 22, 23, 24, 27, 28, 29, 30, 31, 32, 35, 37, 38, 39, 40, 45, 46, 48, 49, 50, 51, 52, 57, 59, 60, 62, 63, 69, 70, 73, 74, 75, 78, 79, 80, 92}
Added 56 singletons
added:  {1, 4, 5, 8, 9, 10, 11, 15, 16, 25, 26, 33, 34, 41, 42, 43, 44, 47, 53, 54, 55, 56, 58, 64, 65, 66, 67, 68, 72, 76, 77, 81, 82, 83, 84, 85, 86, 87, 88, 89, 90, 91, 93, 94, 95, 96, 97, 98, 99, 100, 101, 102, 103, 104, 105, 106}
chunks ... [0, 5000, 10000, 15000, 20000]
num codes: 126
num codes with support 0: 4
chunks ... [0, 5000, 10000, 15000, 20000]
database_size: 1330993.966085178
codetable_size: 1480.3955743929873
complete: 1332474.361659571
Partition ratio: 0.9703878980580023
current singletons: {2, 4, 5, 6, 7, 8, 9, 10, 13, 14, 15, 17, 18, 19, 20, 23, 24, 25, 26, 27, 28, 29, 30, 31, 32, 33, 34, 35, 37, 38, 39, 41, 42, 43, 44, 45, 46, 47, 48, 49, 50, 51, 52, 53, 54, 58, 59, 60, 62, 63, 64, 65, 67, 68, 69, 70, 72, 73, 74, 78, 79, 80, 81, 90, 92, 93, 98}
Added 35 singletons
added:  {1, 3, 11, 12, 16, 22, 40, 55, 56, 57, 66, 75, 76, 77, 82, 83, 84, 85, 86, 87, 88, 89, 91, 94, 95, 96, 97, 99, 100, 101, 102, 103, 104, 105, 106}
chunks ... [0, 5000, 10000, 15000, 20000]
num codes: 142
num codes with support 0: 4
chunks ... [0, 5000, 10000, 15000, 20000]
database_size: 1260620.1082316055
codetable_size: 1820.0907558405709
complete: 1262440.198987446
Partition ratio: 0.9193848124729166
current singletons: {3, 4, 5, 6, 7, 8, 9, 10, 14, 15, 18, 19, 20, 23, 24, 28, 29, 30, 31, 32, 35, 37, 38, 39, 41, 42, 43, 44, 45, 46, 47, 48, 49, 50, 51, 52, 58, 59, 60, 62, 63, 64, 65, 66, 67, 68, 69, 70, 75, 76, 78, 79, 80, 81, 92}
Added 47 singletons
added:  {1, 2, 11, 12, 13, 16, 17, 22, 25, 26, 27, 33, 34, 40, 53, 54, 55, 56, 57, 72, 73, 74, 77, 82, 83, 84, 85, 86, 87, 88, 89, 90, 91, 93, 94, 95, 96, 97, 98, 99, 100, 101, 102, 103, 104, 105, 106}
chunks ... [0, 5000, 10000, 15000, 20000]
num codes: 133
num codes with support 0: 3
chunks ... [0, 5000, 10000, 15000, 20000]
database_size: 1324795.859110696
codetable_size: 1632.3197363897996
complete: 1326428.178847086
Partition ratio: 0.9659847044210348
current singletons: {4, 6, 7, 8, 9, 10, 14, 15, 19, 20, 23, 24, 29, 30, 31, 33, 35, 37, 38, 39, 41, 42, 43, 44, 45, 46, 47, 48, 49, 50, 51, 52, 57, 59, 60, 64, 65, 66, 67, 68, 69, 70, 74, 75, 79, 80, 81, 92}
Added 54 singletons
added:  {1, 2, 3, 5, 11, 12, 13, 16, 17, 18, 22, 25, 26, 27, 28, 32, 34, 40, 53, 54, 55, 56, 58, 62, 63, 72, 73, 76, 77, 78, 82, 83, 84, 85, 86, 87, 88, 89, 90, 91, 93, 94, 95, 96, 97, 98, 99, 100, 101, 102, 103, 104, 105, 106}
chunks ... [0, 5000, 10000, 15000, 20000]
num codes: 118
num codes with support 0: 3
chunks ... [0, 5000, 10000, 15000, 20000]
database_size: 1355726.8668776022
codetable_size: 1394.3750021767037
complete: 1357121.241879779
Partition ratio: 0.9883372372563841
current singletons: {2, 3, 4, 6, 7, 12, 13, 17, 18, 19, 20, 23, 24, 29, 30, 31, 35, 38, 39, 42, 45, 46, 47, 49, 50, 51, 60, 63, 64, 68, 69, 70, 73, 74, 75, 80, 81, 92}
Added 64 singletons
added:  {1, 5, 8, 9, 10, 11, 14, 15, 16, 22, 25, 26, 27, 28, 32, 33, 34, 37, 40, 41, 43, 44, 48, 52, 53, 54, 55, 56, 57, 58, 59, 62, 65, 66, 67, 72, 76, 77, 78, 79, 82, 83, 84, 85, 86, 87, 88, 89, 90, 91, 93, 94, 95, 96, 97, 98, 99, 100, 101, 102, 103, 104, 105, 106}
chunks ... [0, 5000, 10000, 15000, 20000]
num codes: 112
num codes with support 0: 1
chunks ... [0, 5000, 10000, 15000, 20000]
database_size: 1355629.09228886
codetable_size: 1253.2726552606746
complete: 1356882.3649441206
Partition ratio: 0.9881632727178099
current singletons: {4, 6, 8, 9, 10, 15, 18, 19, 20, 23, 24, 27, 29, 30, 31, 33, 35, 37, 38, 40, 42, 44, 45, 46, 49, 50, 51, 52, 53, 54, 55, 56, 59, 60, 62, 63, 65, 68, 69, 70, 72, 74, 75, 79, 80, 81, 90, 92, 93}
Added 53 singletons
added:  {1, 2, 3, 5, 7, 11, 12, 13, 14, 16, 17, 22, 25, 26, 28, 32, 34, 39, 41, 43, 47, 48, 57, 58, 64, 66, 67, 73, 76, 77, 78, 82, 83, 84, 85, 86, 87, 88, 89, 91, 94, 95, 96, 97, 98, 99, 100, 101, 102, 103, 104, 105, 106}
chunks ... [0, 5000, 10000, 15000, 20000]
num codes: 112
num codes with support 0: 1
chunks ... [0, 5000, 10000, 15000, 20000]
database_size: 1357458.3520578383
codetable_size: 1263.357629058514
complete: 1358721.7096868968
Partition ratio: 0.989502794085053
current singletons: {2, 3, 4, 5, 6, 7, 8, 9, 10, 12, 13, 14, 15, 16, 17, 18, 19, 20, 22, 23, 24, 27, 28, 29, 30, 31, 32, 33, 34, 35, 37, 38, 39, 40, 41, 42, 43, 44, 45, 46, 47, 48, 49, 50, 51, 52, 53, 54, 55, 56, 57, 58, 59, 60, 62, 63, 64, 65, 67, 68, 69, 70, 72, 73, 74, 75, 77, 78, 79, 80, 81, 84, 86, 88, 89, 90, 91, 92, 93}
Added 23 singletons
added:  {1, 11, 25, 26, 66, 76, 82, 83, 85, 87, 94, 95, 96, 97, 98, 99, 100, 101, 102, 103, 104, 105, 106}
chunks ... [0, 5000, 10000, 15000, 20000]
num codes: 158
num codes with support 0: 7
chunks ... [0, 5000, 10000, 15000, 20000]
database_size: 1313665.3770594797
codetable_size: 2147.3969598129847
complete: 1315812.7740192928
Partition ratio: 0.9582539287496386
current singletons: {1, 2, 3, 4, 5, 6, 7, 8, 9, 10, 11, 12, 13, 14, 15, 16, 17, 18, 19, 20, 22, 23, 24, 25, 26, 27, 28, 29, 30, 31, 32, 33, 34, 35, 37, 38, 39, 40, 41, 42, 43, 44, 45, 46, 47, 48, 49, 50, 51, 52, 53, 54, 55, 56, 57, 58, 59, 60, 62, 63, 64, 65, 67, 68, 69, 70, 72, 73, 74, 75, 76, 77, 78, 79, 80, 81, 82, 83, 84, 85, 86, 87, 88, 89, 90, 91, 92, 93, 94, 95, 96, 97, 98, 99, 100, 101, 102, 103, 104, 105, 106}
Added 1 singletons
added:  {66}
chunks ... [0, 5000, 10000, 15000, 20000]
num codes: 544
num codes with support 0: 107
chunks ... [0, 5000, 10000, 15000, 20000]
database_size: 1096910.3841613538
codetable_size: 9401.238232672169
complete: 1106311.622394026
Partition ratio: 0.8056826012884704
current singletons: {1, 2, 3, 4, 5, 6, 7, 8, 9, 10, 11, 12, 13, 14, 15, 16, 17, 18, 19, 20, 22, 23, 24, 25, 26, 27, 28, 29, 30, 31, 32, 33, 34, 35, 37, 38, 39, 40, 41, 42, 43, 44, 45, 46, 47, 48, 49, 50, 51, 52, 53, 54, 55, 56, 57, 58, 59, 60, 62, 63, 64, 65, 66, 67, 68, 69, 70, 72, 73, 74, 75, 76, 77, 78, 79, 80, 81, 82, 83, 84, 85, 86, 87, 88, 89, 90, 91, 92, 93, 94, 95, 96, 97, 98, 99, 100, 101, 102, 103, 104, 105, 106}
Added 0 singletons
added:  set()
chunks ... [0, 5000, 10000, 15000, 20000]
num codes: 767
num codes with support 0: 109
chunks ... [0, 5000, 10000, 15000, 20000]
database_size: 1082179.6530588306
codetable_size: 15770.976388855286
complete: 1097950.629447686
Partition ratio: 0.7995936238159346
initial ratio: 0.7995936238159346
merged: {16}
merged: {16}
to_process: {0, 1, 2, 3, 4, 5, 6, 7, 8, 9, 10, 11, 12, 13, 14, 15}
[(0, 0.0001779578863838), (1, 0.0007938869678038512), (2, 0.002317483228477117), (3, 0.003118267587230803), (4, 0.0061226030866273085), (5, 0.01480108082094304), (6, 0.005229067189198636), (7, 0.00376420949452689), (8, 0.0027946878250921605), (9, 0.004704875760687063), (10, 0.003793024214008999), (11, 0.003351947812763129), (12, 0.0006894518003890849), (13, 0.0007345088373838221), (14, 0.02340427412348614), (15, 0.3917828079831782)]
next_candidate: 0
chunks ... [0, 5000, 10000, 15000, 20000]
chunks ... [0, 5000, 10000, 15000, 20000]
database_size: 1079786.2905928567
codetable_size: 15911.530884657688
complete: 1095697.8214775145
current_ratio: 0.7995936238159346 --- candidate_ratio:0.797952993681648
!!!!! ********* merge accepted ... 
merged: {16, 0}
to_process: {1, 2, 3, 4, 5, 6, 7, 8, 9, 10, 11, 12, 13, 14, 15}
[(1, 0.0007937453937409094), (2, 0.0023246521487381424), (3, 0.0031333234646078434), (4, 0.006141182310184238), (5, 0.0148283056815984), (6, 0.00522813469077511), (7, 0.003773818743137148), (8, 0.0027992937371860973), (9, 0.004704036739007541), (10, 0.003792347803045485), (11, 0.003351350059065352), (12, 0.0006893288502758544), (13, 0.0007343778522378349), (14, 0.02342068635468777), (15, 0.391763863591471)]
next_candidate: 12
chunks ... [0, 5000, 10000, 15000, 20000]
chunks ... [0, 5000, 10000, 15000, 20000]
database_size: 1080272.5238246836
codetable_size: 16117.684029562628
complete: 1096390.2078542463
current_ratio: 0.797952993681648 --- candidate_ratio:0.7984572310464284
!!!!! ********* merge rejected ... 
merged: {16, 0}
to_process: {1, 2, 3, 4, 5, 6, 7, 8, 9, 10, 11, 13, 14, 15}
[(1, 0.0007937453937409094), (2, 0.0023246521487381424), (3, 0.0031333234646078434), (4, 0.006141182310184238), (5, 0.0148283056815984), (6, 0.00522813469077511), (7, 0.003773818743137148), (8, 0.0027992937371860973), (9, 0.004704036739007541), (10, 0.003792347803045485), (11, 0.003351350059065352), (13, 0.0007343778522378349), (14, 0.02342068635468777), (15, 0.391763863591471)]
next_candidate: 13
chunks ... [0, 5000, 10000, 15000, 20000]
chunks ... [0, 5000, 10000, 15000, 20000]
database_size: 1073835.117017163
codetable_size: 16054.726836561698
complete: 1089889.8438537247
current_ratio: 0.797952993681648 --- candidate_ratio:0.793723275376751
!!!!! ********* merge accepted ... 
merged: {16, 0, 13}
to_process: {1, 2, 3, 4, 5, 6, 7, 8, 9, 10, 11, 14, 15}
[(1, 0.0007931567377562641), (2, 0.002325453773490845), (3, 0.003133599961586385), (4, 0.006136629174663923), (5, 0.014819803627391975), (6, 0.005224257421396811), (7, 0.0037710200400268195), (8, 0.0027997680194597006), (9, 0.004700548140018188), (10, 0.003789535329111497), (11, 0.0033488646370591684), (14, 0.023405898016880332), (15, 0.39152877501291317)]
next_candidate: 1
chunks ... [0, 5000, 10000, 15000, 20000]
chunks ... [0, 5000, 10000, 15000, 20000]
database_size: 1068109.4579968685
codetable_size: 16511.781367830685
complete: 1084621.2393646992
current_ratio: 0.793723275376751 --- candidate_ratio:0.7898863609993241
!!!!! ********* merge accepted ... 
merged: {16, 0, 13, 1}
to_process: {2, 3, 4, 5, 6, 7, 8, 9, 10, 11, 14, 15}
[(2, 0.0023513500848609523), (3, 0.0031700610662627007), (4, 0.00619800537925817), (5, 0.014917278367387895), (6, 0.0052200715040326825), (7, 0.0037782633535987558), (8, 0.002807717717945066), (9, 0.0046967818329597495), (10, 0.003786498969684237), (11, 0.0033461813643546664), (14, 0.02345652093107254), (15, 0.3914437837980004)]
next_candidate: 2
chunks ... [0, 5000, 10000, 15000, 20000]
chunks ... [0, 5000, 10000, 15000, 20000]
database_size: 1063625.7618757389
codetable_size: 17417.79243143996
complete: 1081043.5543071788
current_ratio: 0.7898863609993241 --- candidate_ratio:0.7872808757586499
!!!!! ********* merge accepted ... 
merged: {0, 1, 2, 13, 16}
to_process: {3, 4, 5, 6, 7, 8, 9, 10, 11, 14, 15}
[(3, 0.0031752203731009454), (4, 0.006344442885991139), (5, 0.015056644681884165), (6, 0.005207227450515745), (7, 0.0037689668634197015), (8, 0.002800809274105234), (9, 0.004685225310267471), (10, 0.003777182215612254), (11, 0.003337948020281013), (14, 0.023555191841850724), (15, 0.3911747772475906)]
next_candidate: 8
chunks ... [0, 5000, 10000, 15000, 20000]
chunks ... [0, 5000, 10000, 15000, 20000]
database_size: 1048815.047599386
codetable_size: 17686.72897859634
complete: 1066501.7765779824
current_ratio: 0.7872808757586499 --- candidate_ratio:0.7766906794061389
!!!!! ********* merge accepted ... 
merged: {0, 1, 2, 8, 13, 16}
to_process: {3, 4, 5, 6, 7, 9, 10, 11, 14, 15}
[(3, 0.0031660821796536654), (4, 0.006360388942125019), (5, 0.015136984952236492), (6, 0.005192241237830775), (7, 0.003758119884549797), (9, 0.004671741365785374), (10, 0.0037663115931936345), (11, 0.0033283415013178885), (14, 0.023548773296304917), (15, 0.39073723081719736)]
next_candidate: 3
chunks ... [0, 5000, 10000, 15000, 20000]
chunks ... [0, 5000, 10000, 15000, 20000]
database_size: 1047982.1869446512
codetable_size: 18624.46215236796
complete: 1066606.649097019
current_ratio: 0.7766906794061389 --- candidate_ratio:0.7767670538762529
!!!!! ********* merge rejected ... 
merged: {0, 1, 2, 8, 13, 16}
to_process: {4, 5, 6, 7, 9, 10, 11, 14, 15}
[(4, 0.006360388942125019), (5, 0.015136984952236492), (6, 0.005192241237830775), (7, 0.003758119884549797), (9, 0.004671741365785374), (10, 0.0037663115931936345), (11, 0.0033283415013178885), (14, 0.023548773296304917), (15, 0.39073723081719736)]
next_candidate: 11
chunks ... [0, 5000, 10000, 15000, 20000]
chunks ... [0, 5000, 10000, 15000, 20000]
database_size: 1044672.2260551468
codetable_size: 18037.948248113382
complete: 1062710.1743032602
current_ratio: 0.7766906794061389 --- candidate_ratio:0.773929406793691
!!!!! ********* merge accepted ... 
merged: {0, 1, 2, 8, 11, 13, 16}
to_process: {4, 5, 6, 7, 9, 10, 14, 15}
[(4, 0.006339041476876585), (5, 0.015086195895888698), (6, 0.005174814488825557), (7, 0.003745506452515235), (9, 0.0046560615327809396), (10, 0.003753670667209065), (14, 0.023469757334400137), (15, 0.3896549613280802)]
next_candidate: 7
chunks ... [0, 5000, 10000, 15000, 20000]
chunks ... [0, 5000, 10000, 15000, 20000]
database_size: 1036567.8227273375
codetable_size: 18619.843029544358
complete: 1055187.665756882
current_ratio: 0.773929406793691 --- candidate_ratio:0.7684510640454285
!!!!! ********* merge accepted ... 
merged: {0, 1, 2, 7, 8, 11, 13, 16}
to_process: {4, 5, 6, 9, 10, 14, 15}
[(4, 0.006314814504263639), (5, 0.015146429953760322), (6, 0.005155037087909439), (9, 0.004638266685460512), (10, 0.0037393246376422576), (14, 0.023512059486660315), (15, 0.38891656468001573)]
next_candidate: 10
chunks ... [0, 5000, 10000, 15000, 20000]
chunks ... [0, 5000, 10000, 15000, 20000]
database_size: 1029962.5873245086
codetable_size: 19080.28977724797
complete: 1049042.8771017566
current_ratio: 0.7684510640454285 --- candidate_ratio:0.7639760597086613
!!!!! ********* merge accepted ... 
merged: {0, 1, 2, 7, 8, 10, 11, 13, 16}
to_process: {4, 5, 6, 9, 14, 15}
[(4, 0.006290464131631484), (5, 0.015088034624415146), (6, 0.005135158950460053), (9, 0.004620381200133585), (14, 0.023423935564680205), (15, 0.3876373346658752)]
next_candidate: 9
chunks ... [0, 5000, 10000, 15000, 20000]
chunks ... [0, 5000, 10000, 15000, 20000]
database_size: 977117.0411590829
codetable_size: 19784.38257365372
complete: 996901.4237327366
current_ratio: 0.7639760597086613 --- candidate_ratio:0.7260035202044607
!!!!! ********* merge accepted ... 
merged: {0, 1, 2, 7, 8, 9, 10, 11, 13, 16}
to_process: {4, 5, 6, 14, 15}
[(4, 0.0062590093926182), (5, 0.015015035967760111), (6, 0.0051094812473187435), (14, 0.023306821889607966), (15, 0.38602353663142036)]
next_candidate: 6
chunks ... [0, 5000, 10000, 15000, 20000]
chunks ... [0, 5000, 10000, 15000, 20000]
database_size: 974057.3499182889
codetable_size: 19998.580254127777
complete: 994055.9301724166
current_ratio: 0.7260035202044607 --- candidate_ratio:0.7239312608091674
!!!!! ********* merge accepted ... 
merged: {0, 1, 2, 6, 7, 8, 9, 10, 11, 13, 16}
to_process: {4, 5, 14, 15}
[(4, 0.006226740205608077), (5, 0.015034496750959213), (14, 0.02329427906929659), (15, 0.3853370286908073)]
next_candidate: 4
chunks ... [0, 5000, 10000, 15000, 20000]
chunks ... [0, 5000, 10000, 15000, 20000]
database_size: 964103.1053252711
codetable_size: 21111.880509064547
complete: 985214.9858343357
current_ratio: 0.7239312608091674 --- candidate_ratio:0.717492753893062
!!!!! ********* merge accepted ... 
merged: {0, 1, 2, 4, 6, 7, 8, 9, 10, 11, 13, 16}
to_process: {5, 14, 15}
[(5, 0.014951534163355363), (14, 0.023154555006336026), (15, 0.3844200186119169)]
next_candidate: 5
chunks ... [0, 5000, 10000, 15000, 20000]
chunks ... [0, 5000, 10000, 15000, 20000]
database_size: 959584.250658251
codetable_size: 22380.27386993215
complete: 981964.5245281832
current_ratio: 0.717492753893062 --- candidate_ratio:0.7151255726508896
!!!!! ********* merge accepted ... 
merged: {0, 1, 2, 4, 5, 6, 7, 8, 9, 10, 11, 13, 16}
to_process: {14, 15}
[(14, 0.022791283872576777), (15, 0.38170122894099606)]
next_candidate: 14
chunks ... [0, 5000, 10000, 15000, 20000]
chunks ... [0, 5000, 10000, 15000, 20000]
database_size: 961705.6377343195
codetable_size: 23156.558562168735
complete: 984862.1962964883
current_ratio: 0.7151255726508896 --- candidate_ratio:0.7172358313526072
!!!!! ********* merge rejected ... 
merged: {0, 1, 2, 4, 5, 6, 7, 8, 9, 10, 11, 13, 16}
to_process: {15}
[(15, 0.38170122894099606)]
next_candidate: 15
chunks ... [0, 5000, 10000, 15000, 20000]
chunks ... [0, 5000, 10000, 15000, 20000]
database_size: 938615.1825863613
codetable_size: 28848.63111938693
complete: 967463.8137057482
current_ratio: 0.7151255726508896 --- candidate_ratio:0.7045652836875778
!!!!! ********* merge accepted ... 
merged table size: 1493
chunks ... [0, 5000, 10000, 15000, 20000]
chunks ... [0, 5000, 10000, 15000, 20000]
merged table size without non-used codes: 1156
database_size: 938615.1825863613
codetable_size: 28848.63111938693
complete: 967463.8137057482
database_size: 1372600.4814621517
codetable_size: 535.3174551653476
complete: 1373135.798917317
merged size: 967463.8137057482
sct size: 1373135.798917317
merged ratio: 0.7045652836875778
time elapsed: 82.4864912033081
