
-- MERGING METHOD naive
processing tkmeans_batch_results/k16/batch-4/adult_tkmeans__0_k16...
chunks ... [0, 432, 864, 1296, 1731]
num codes: 155
num codes with support 0: 0
chunks ... [0, 432, 864, 1296, 1731]
num codes with usage 0: 30
database_size: 14714.880213796365
codetable_size: 3062.6034912826312
complete: 17777.483705078997
database_size: 79013.41219711691
codetable_size: 435.723886983687
complete: 79449.1360841006
Partition 0 ratio: 0.22375930792073945
processing tkmeans_batch_results/k16/batch-4/adult_tkmeans__1_k16...
chunks ... [0, 170, 340, 510, 681]
num codes: 143
num codes with support 0: 0
chunks ... [0, 170, 340, 510, 681]
num codes with usage 0: 30
database_size: 5698.679939099973
codetable_size: 2467.6122168705265
complete: 8166.292155970499
database_size: 31936.782390147586
codetable_size: 460.9223446830976
complete: 32397.704734830684
Partition 1 ratio: 0.25206391078658547
processing tkmeans_batch_results/k16/batch-4/adult_tkmeans__2_k16...
chunks ... [0, 1751, 3502, 5253, 7004]
num codes: 280
num codes with support 0: 0
chunks ... [0, 1751, 3502, 5253, 7004]
num codes with usage 0: 28
database_size: 48941.510269211656
codetable_size: 7676.954541952716
complete: 56618.46481116437
database_size: 319799.30709466996
codetable_size: 593.8646241856428
complete: 320393.1717188556
Partition 2 ratio: 0.1767155788852047
processing tkmeans_batch_results/k16/batch-4/adult_tkmeans__3_k16...
chunks ... [0, 1252, 2504, 3756, 5009]
num codes: 284
num codes with support 0: 0
chunks ... [0, 1252, 2504, 3756, 5009]
num codes with usage 0: 28
database_size: 39446.97720608867
codetable_size: 7724.01247588965
complete: 47170.98968197832
database_size: 235011.75462648235
codetable_size: 562.874807249368
complete: 235574.62943373172
Partition 3 ratio: 0.20023798740707663
processing tkmeans_batch_results/k16/batch-4/adult_tkmeans__4_k16...
chunks ... [0, 798, 1596, 2394, 3192]
num codes: 241
num codes with support 0: 0
chunks ... [0, 798, 1596, 2394, 3192]
num codes with usage 0: 45
database_size: 24551.603500288016
codetable_size: 4772.482743195635
complete: 29324.086243483653
database_size: 148989.4682081166
codetable_size: 573.6329161656095
complete: 149563.1011242822
Partition 4 ratio: 0.19606497874844322
processing tkmeans_batch_results/k16/batch-4/adult_tkmeans__5_k16...
chunks ... [0, 301, 602, 903, 1205]
num codes: 163
num codes with support 0: 0
chunks ... [0, 301, 602, 903, 1205]
num codes with usage 0: 29
database_size: 11056.542773824316
codetable_size: 2908.5637425413165
complete: 13965.106516365633
database_size: 56911.61828584414
codetable_size: 451.72961148616764
complete: 57363.347897330306
Partition 5 ratio: 0.24344999077390966
processing tkmeans_batch_results/k16/batch-4/adult_tkmeans__6_k16...
chunks ... [0, 916, 1832, 2748, 3664]
num codes: 189
num codes with support 0: 0
chunks ... [0, 916, 1832, 2748, 3664]
num codes with usage 0: 19
database_size: 28389.670776833973
codetable_size: 4918.183268845234
complete: 33307.85404567921
database_size: 169488.79051506307
codetable_size: 526.185259928288
complete: 170014.97577499136
Partition 6 ratio: 0.1959112948365263
processing tkmeans_batch_results/k16/batch-4/adult_tkmeans__7_k16...
chunks ... [0, 1268, 2536, 3804, 5074]
num codes: 195
num codes with support 0: 0
chunks ... [0, 1268, 2536, 3804, 5074]
num codes with usage 0: 26
database_size: 29338.9603963522
codetable_size: 5114.837306869058
complete: 34453.79770322126
database_size: 229700.9519095026
codetable_size: 545.0555818136907
complete: 230246.00749131627
Partition 7 ratio: 0.14963906683385458
processing tkmeans_batch_results/k16/batch-4/adult_tkmeans__8_k16...
chunks ... [0, 817, 1634, 2451, 3269]
num codes: 269
num codes with support 0: 0
chunks ... [0, 817, 1634, 2451, 3269]
num codes with usage 0: 29
database_size: 32038.76264294555
codetable_size: 6423.8332243720115
complete: 38462.59586731756
database_size: 155328.07205062496
codetable_size: 554.6569970884918
complete: 155882.72904771345
Partition 8 ratio: 0.24674058571007387
processing tkmeans_batch_results/k16/batch-4/adult_tkmeans__9_k16...
chunks ... [0, 485, 970, 1455, 1942]
num codes: 221
num codes with support 0: 0
chunks ... [0, 485, 970, 1455, 1942]
num codes with usage 0: 31
database_size: 19104.83475754878
codetable_size: 4165.670986042662
complete: 23270.505743591442
database_size: 92279.56723527085
codetable_size: 561.4122077067941
complete: 92840.97944297764
Partition 9 ratio: 0.2506490763368567
processing tkmeans_batch_results/k16/batch-4/adult_tkmeans__10_k16...
chunks ... [0, 641, 1282, 1923, 2566]
num codes: 207
num codes with support 0: 0
chunks ... [0, 641, 1282, 1923, 2566]
num codes with usage 0: 33
database_size: 21682.636447054938
codetable_size: 4775.073226354127
complete: 26457.709673409066
database_size: 119603.29419519546
codetable_size: 566.2490570032083
complete: 120169.54325219867
Partition 10 ratio: 0.22016984468254594
processing tkmeans_batch_results/k16/batch-4/adult_tkmeans__11_k16...
chunks ... [0, 399, 798, 1197, 1598]
num codes: 175
num codes with support 0: 0
chunks ... [0, 399, 798, 1197, 1598]
num codes with usage 0: 34
database_size: 15093.853810984248
codetable_size: 3343.9405246103183
complete: 18437.794335594568
database_size: 74915.35728116603
codetable_size: 504.74446981279226
complete: 75420.10175097882
Partition 11 ratio: 0.24446790587040382
processing tkmeans_batch_results/k16/batch-4/adult_tkmeans__12_k16...
chunks ... [0, 184, 368, 552, 738]
num codes: 142
num codes with support 0: 0
chunks ... [0, 184, 368, 552, 738]
num codes with usage 0: 32
database_size: 6658.713334075278
codetable_size: 2240.9982260385236
complete: 8899.711560113801
database_size: 34595.11549124057
codetable_size: 434.4508478908469
complete: 35029.566339131416
Partition 12 ratio: 0.2540628529041184
processing tkmeans_batch_results/k16/batch-4/adult_tkmeans__13_k16...
chunks ... [0, 314, 628, 942, 1256]
num codes: 205
num codes with support 0: 0
chunks ... [0, 314, 628, 942, 1256]
num codes with usage 0: 45
database_size: 12639.616553512507
codetable_size: 3648.662885735169
complete: 16288.279439247675
database_size: 60408.129525751996
codetable_size: 480.79145296947496
complete: 60888.92097872147
Partition 13 ratio: 0.2675080979828802
processing tkmeans_batch_results/k16/batch-4/adult_tkmeans__14_k16...
chunks ... [0, 2185, 4370, 6555, 8740]
num codes: 329
num codes with support 0: 0
chunks ... [0, 2185, 4370, 6555, 8740]
num codes with usage 0: 24
database_size: 72759.71100695916
codetable_size: 10420.462765277323
complete: 83180.17377223648
database_size: 409925.1385678813
codetable_size: 594.8461560349714
complete: 410519.9847239163
Partition 14 ratio: 0.20262149680283403
processing tkmeans_batch_results/k16/batch-4/adult_tkmeans__15_k16...
chunks ... [0, 293, 586, 879, 1172]
num codes: 131
num codes with support 0: 0
chunks ... [0, 293, 586, 879, 1172]
num codes with usage 0: 34
database_size: 6256.3493796782095
codetable_size: 2387.039344897215
complete: 8643.388724575425
database_size: 52388.12297164941
codetable_size: 440.4182361398936
complete: 52828.541207789305
Partition 15 ratio: 0.1636121029838507
number of codetables: 16
size: 155
size: 143
size: 280
size: 284
size: 241
size: 163
size: 189
size: 195
size: 269
size: 221
size: 207
size: 175
size: 142
size: 205
size: 329
size: 131
merged table size: 1935
chunks ... [0, 12210, 24420, 36630, 48842]
chunks ... [0, 12210, 24420, 36630, 48842]
merged table size without non-used codes: 1723
database_size: 563810.0844611176
codetable_size: 65494.0899439398
complete: 629304.1744050574
database_size: 2474343.928416041
codetable_size: 677.7028634765386
complete: 2475021.631279518
merged size: 629304.1744050574
sct size: 2475021.631279518
merged ratio: 0.2542620906629105
time elapsed: 18.48007035255432
-- MERGING METHOD naive_plus
processing tkmeans_batch_results/k16/batch-4/adult_tkmeans__0_k16...
chunks ... [0, 432, 864, 1296, 1731]
num codes: 155
num codes with support 0: 0
chunks ... [0, 432, 864, 1296, 1731]
num codes with usage 0: 30
database_size: 14714.880213796365
codetable_size: 3062.6034912826312
complete: 17777.483705078997
database_size: 79013.41219711691
codetable_size: 435.723886983687
complete: 79449.1360841006
Partition 0 ratio: 0.22375930792073945
processing tkmeans_batch_results/k16/batch-4/adult_tkmeans__1_k16...
chunks ... [0, 170, 340, 510, 681]
num codes: 143
num codes with support 0: 0
chunks ... [0, 170, 340, 510, 681]
num codes with usage 0: 30
database_size: 5698.679939099973
codetable_size: 2467.6122168705265
complete: 8166.292155970499
database_size: 31936.782390147586
codetable_size: 460.9223446830976
complete: 32397.704734830684
Partition 1 ratio: 0.25206391078658547
processing tkmeans_batch_results/k16/batch-4/adult_tkmeans__2_k16...
chunks ... [0, 1751, 3502, 5253, 7004]
num codes: 280
num codes with support 0: 0
chunks ... [0, 1751, 3502, 5253, 7004]
num codes with usage 0: 28
database_size: 48941.510269211656
codetable_size: 7676.954541952716
complete: 56618.46481116437
database_size: 319799.30709466996
codetable_size: 593.8646241856428
complete: 320393.1717188556
Partition 2 ratio: 0.1767155788852047
processing tkmeans_batch_results/k16/batch-4/adult_tkmeans__3_k16...
chunks ... [0, 1252, 2504, 3756, 5009]
num codes: 284
num codes with support 0: 0
chunks ... [0, 1252, 2504, 3756, 5009]
num codes with usage 0: 28
database_size: 39446.97720608867
codetable_size: 7724.01247588965
complete: 47170.98968197832
database_size: 235011.75462648235
codetable_size: 562.874807249368
complete: 235574.62943373172
Partition 3 ratio: 0.20023798740707663
processing tkmeans_batch_results/k16/batch-4/adult_tkmeans__4_k16...
chunks ... [0, 798, 1596, 2394, 3192]
num codes: 241
num codes with support 0: 0
chunks ... [0, 798, 1596, 2394, 3192]
num codes with usage 0: 45
database_size: 24551.603500288016
codetable_size: 4772.482743195635
complete: 29324.086243483653
database_size: 148989.4682081166
codetable_size: 573.6329161656095
complete: 149563.1011242822
Partition 4 ratio: 0.19606497874844322
processing tkmeans_batch_results/k16/batch-4/adult_tkmeans__5_k16...
chunks ... [0, 301, 602, 903, 1205]
num codes: 163
num codes with support 0: 0
chunks ... [0, 301, 602, 903, 1205]
num codes with usage 0: 29
database_size: 11056.542773824316
codetable_size: 2908.5637425413165
complete: 13965.106516365633
database_size: 56911.61828584414
codetable_size: 451.72961148616764
complete: 57363.347897330306
Partition 5 ratio: 0.24344999077390966
processing tkmeans_batch_results/k16/batch-4/adult_tkmeans__6_k16...
chunks ... [0, 916, 1832, 2748, 3664]
num codes: 189
num codes with support 0: 0
chunks ... [0, 916, 1832, 2748, 3664]
num codes with usage 0: 19
database_size: 28389.670776833973
codetable_size: 4918.183268845234
complete: 33307.85404567921
database_size: 169488.79051506307
codetable_size: 526.185259928288
complete: 170014.97577499136
Partition 6 ratio: 0.1959112948365263
processing tkmeans_batch_results/k16/batch-4/adult_tkmeans__7_k16...
chunks ... [0, 1268, 2536, 3804, 5074]
num codes: 195
num codes with support 0: 0
chunks ... [0, 1268, 2536, 3804, 5074]
num codes with usage 0: 26
database_size: 29338.9603963522
codetable_size: 5114.837306869058
complete: 34453.79770322126
database_size: 229700.9519095026
codetable_size: 545.0555818136907
complete: 230246.00749131627
Partition 7 ratio: 0.14963906683385458
processing tkmeans_batch_results/k16/batch-4/adult_tkmeans__8_k16...
chunks ... [0, 817, 1634, 2451, 3269]
num codes: 269
num codes with support 0: 0
chunks ... [0, 817, 1634, 2451, 3269]
num codes with usage 0: 29
database_size: 32038.76264294555
codetable_size: 6423.8332243720115
complete: 38462.59586731756
database_size: 155328.07205062496
codetable_size: 554.6569970884918
complete: 155882.72904771345
Partition 8 ratio: 0.24674058571007387
processing tkmeans_batch_results/k16/batch-4/adult_tkmeans__9_k16...
chunks ... [0, 485, 970, 1455, 1942]
num codes: 221
num codes with support 0: 0
chunks ... [0, 485, 970, 1455, 1942]
num codes with usage 0: 31
database_size: 19104.83475754878
codetable_size: 4165.670986042662
complete: 23270.505743591442
database_size: 92279.56723527085
codetable_size: 561.4122077067941
complete: 92840.97944297764
Partition 9 ratio: 0.2506490763368567
processing tkmeans_batch_results/k16/batch-4/adult_tkmeans__10_k16...
chunks ... [0, 641, 1282, 1923, 2566]
num codes: 207
num codes with support 0: 0
chunks ... [0, 641, 1282, 1923, 2566]
num codes with usage 0: 33
database_size: 21682.636447054938
codetable_size: 4775.073226354127
complete: 26457.709673409066
database_size: 119603.29419519546
codetable_size: 566.2490570032083
complete: 120169.54325219867
Partition 10 ratio: 0.22016984468254594
processing tkmeans_batch_results/k16/batch-4/adult_tkmeans__11_k16...
chunks ... [0, 399, 798, 1197, 1598]
num codes: 175
num codes with support 0: 0
chunks ... [0, 399, 798, 1197, 1598]
num codes with usage 0: 34
database_size: 15093.853810984248
codetable_size: 3343.9405246103183
complete: 18437.794335594568
database_size: 74915.35728116603
codetable_size: 504.74446981279226
complete: 75420.10175097882
Partition 11 ratio: 0.24446790587040382
processing tkmeans_batch_results/k16/batch-4/adult_tkmeans__12_k16...
chunks ... [0, 184, 368, 552, 738]
num codes: 142
num codes with support 0: 0
chunks ... [0, 184, 368, 552, 738]
num codes with usage 0: 32
database_size: 6658.713334075278
codetable_size: 2240.9982260385236
complete: 8899.711560113801
database_size: 34595.11549124057
codetable_size: 434.4508478908469
complete: 35029.566339131416
Partition 12 ratio: 0.2540628529041184
processing tkmeans_batch_results/k16/batch-4/adult_tkmeans__13_k16...
chunks ... [0, 314, 628, 942, 1256]
num codes: 205
num codes with support 0: 0
chunks ... [0, 314, 628, 942, 1256]
num codes with usage 0: 45
database_size: 12639.616553512507
codetable_size: 3648.662885735169
complete: 16288.279439247675
database_size: 60408.129525751996
codetable_size: 480.79145296947496
complete: 60888.92097872147
Partition 13 ratio: 0.2675080979828802
processing tkmeans_batch_results/k16/batch-4/adult_tkmeans__14_k16...
chunks ... [0, 2185, 4370, 6555, 8740]
num codes: 329
num codes with support 0: 0
chunks ... [0, 2185, 4370, 6555, 8740]
num codes with usage 0: 24
database_size: 72759.71100695916
codetable_size: 10420.462765277323
complete: 83180.17377223648
database_size: 409925.1385678813
codetable_size: 594.8461560349714
complete: 410519.9847239163
Partition 14 ratio: 0.20262149680283403
processing tkmeans_batch_results/k16/batch-4/adult_tkmeans__15_k16...
chunks ... [0, 293, 586, 879, 1172]
num codes: 131
num codes with support 0: 0
chunks ... [0, 293, 586, 879, 1172]
num codes with usage 0: 34
database_size: 6256.3493796782095
codetable_size: 2387.039344897215
complete: 8643.388724575425
database_size: 52388.12297164941
codetable_size: 440.4182361398936
complete: 52828.541207789305
Partition 15 ratio: 0.1636121029838507
number of codetables: 16
size: 155
size: 143
size: 280
size: 284
size: 241
size: 163
size: 189
size: 195
size: 269
size: 221
size: 207
size: 175
size: 142
size: 205
size: 329
size: 131
database_size: 2474343.928416041
codetable_size: 677.7028634765386
complete: 2475021.631279518
current singletons: {1, 2, 3, 4, 5, 6, 7, 8, 9, 13, 16, 17, 19, 20, 21, 23, 24, 25, 26, 27, 29, 30, 31, 32, 33, 34, 35, 36, 37, 38, 39, 42, 44, 46, 47, 48, 49, 50, 51, 52, 53, 54, 55, 56, 57, 58, 59, 61, 63, 65, 66, 67, 68, 69, 71, 72, 73, 74, 76, 77, 80, 81, 84, 90, 92, 93, 96, 97}
Added 29 singletons
added:  {10, 11, 12, 14, 15, 18, 22, 28, 40, 41, 43, 45, 60, 62, 64, 70, 75, 78, 79, 82, 83, 85, 86, 87, 88, 89, 91, 94, 95}
chunks ... [0, 12210, 24420, 36630, 48842]
num codes: 184
num codes with support 0: 0
chunks ... [0, 12210, 24420, 36630, 48842]
database_size: 1607650.4512841618
codetable_size: 4266.97875119737
complete: 1611917.4300353592
Partition ratio: 0.6512740776338356
current singletons: {1, 3, 4, 5, 6, 7, 8, 9, 14, 15, 16, 17, 18, 19, 20, 21, 22, 23, 24, 25, 26, 27, 30, 32, 33, 34, 35, 36, 37, 38, 39, 42, 43, 44, 45, 46, 47, 48, 49, 50, 51, 52, 53, 54, 55, 56, 57, 58, 59, 61, 63, 65, 66, 70, 71, 72, 73, 74, 75, 76, 77, 78, 81, 82, 83, 85, 86, 88, 89, 93, 94, 96, 97}
Added 24 singletons
added:  {2, 10, 11, 12, 13, 28, 29, 31, 40, 41, 60, 62, 64, 67, 68, 69, 79, 80, 84, 87, 90, 91, 92, 95}
chunks ... [0, 12210, 24420, 36630, 48842]
num codes: 167
num codes with support 0: 0
chunks ... [0, 12210, 24420, 36630, 48842]
database_size: 1350568.3210310852
codetable_size: 3577.60859853115
complete: 1354145.9296296164
Partition ratio: 0.5471248867144488
current singletons: {1, 2, 3, 4, 5, 6, 7, 8, 9, 11, 13, 15, 16, 17, 20, 23, 25, 26, 27, 29, 30, 31, 32, 33, 34, 35, 36, 37, 38, 39, 40, 42, 44, 45, 46, 47, 48, 49, 50, 51, 52, 53, 54, 55, 56, 57, 58, 59, 60, 61, 63, 65, 66, 67, 68, 69, 70, 71, 72, 73, 74, 75, 76, 77, 78, 79, 80, 81, 82, 83, 84, 85, 86, 87, 88, 89, 90, 91, 92, 93, 94, 96, 97}
Added 14 singletons
added:  {64, 41, 10, 43, 12, 14, 18, 19, 21, 22, 24, 28, 62, 95}
chunks ... [0, 12210, 24420, 36630, 48842]
num codes: 294
num codes with support 0: 0
chunks ... [0, 12210, 24420, 36630, 48842]
database_size: 1674615.9600759293
codetable_size: 9092.164900684422
complete: 1683708.1249766138
Partition ratio: 0.6802801655136174
current singletons: {1, 2, 3, 4, 5, 6, 7, 9, 11, 12, 14, 18, 19, 21, 22, 24, 25, 26, 28, 29, 30, 31, 32, 33, 34, 35, 36, 37, 38, 39, 40, 41, 42, 43, 44, 45, 46, 47, 48, 49, 50, 51, 52, 56, 57, 58, 59, 61, 63, 65, 66, 67, 68, 69, 70, 71, 72, 73, 74, 75, 76, 77, 78, 79, 80, 81, 82, 83, 84, 85, 86, 87, 88, 89, 90, 91, 92, 93, 94, 95, 96, 97}
Added 15 singletons
added:  {64, 8, 10, 13, 15, 16, 17, 20, 53, 55, 23, 54, 27, 60, 62}
chunks ... [0, 12210, 24420, 36630, 48842]
num codes: 299
num codes with support 0: 0
chunks ... [0, 12210, 24420, 36630, 48842]
database_size: 2062397.2783986004
codetable_size: 9651.434517335985
complete: 2072048.7129159365
Partition ratio: 0.8371840822436548
current singletons: {1, 2, 3, 4, 5, 6, 7, 8, 9, 13, 15, 16, 18, 19, 20, 21, 22, 23, 24, 25, 26, 28, 29, 30, 31, 32, 33, 34, 35, 36, 37, 38, 39, 40, 41, 42, 43, 44, 45, 46, 47, 48, 49, 51, 52, 53, 54, 55, 56, 57, 58, 59, 61, 62, 63, 65, 66, 67, 68, 69, 70, 71, 72, 73, 74, 75, 76, 77, 78, 79, 81, 82, 83, 84, 85, 86, 88, 89, 90, 91, 94, 95, 96, 97}
Added 13 singletons
added:  {64, 10, 11, 12, 14, 60, 80, 17, 50, 87, 27, 92, 93}
chunks ... [0, 12210, 24420, 36630, 48842]
num codes: 254
num codes with support 0: 0
chunks ... [0, 12210, 24420, 36630, 48842]
database_size: 1554289.875550036
codetable_size: 6088.332768121565
complete: 1560378.2083181576
Partition ratio: 0.6304503316649742
current singletons: {1, 2, 3, 4, 5, 6, 7, 9, 14, 18, 19, 21, 22, 24, 25, 26, 27, 28, 29, 30, 31, 32, 33, 34, 35, 36, 37, 38, 39, 40, 41, 42, 43, 44, 45, 46, 47, 48, 49, 50, 51, 53, 54, 55, 56, 61, 63, 65, 66, 68, 69, 70, 71, 72, 73, 74, 75, 76, 77, 78, 79, 81, 82, 83, 84, 89, 90, 93, 94, 95, 96, 97}
Added 25 singletons
added:  {8, 10, 11, 12, 13, 15, 16, 17, 20, 23, 52, 57, 58, 59, 60, 62, 64, 67, 80, 85, 86, 87, 88, 91, 92}
chunks ... [0, 12210, 24420, 36630, 48842]
num codes: 188
num codes with support 0: 0
chunks ... [0, 12210, 24420, 36630, 48842]
database_size: 1933611.7176232606
codetable_size: 4292.815897932166
complete: 1937904.5335211928
Partition ratio: 0.782984887497468
current singletons: {1, 2, 3, 4, 5, 6, 7, 8, 9, 15, 16, 17, 20, 23, 25, 26, 28, 29, 30, 31, 32, 33, 34, 35, 36, 37, 38, 39, 40, 42, 43, 44, 45, 46, 47, 48, 49, 51, 52, 53, 54, 55, 56, 57, 58, 59, 61, 62, 63, 65, 66, 67, 68, 69, 70, 71, 72, 73, 74, 75, 76, 77, 78, 79, 81, 82, 83, 84, 85, 86, 87, 88, 90, 91, 92, 94, 96}
Added 20 singletons
added:  {10, 11, 12, 13, 14, 18, 19, 21, 22, 24, 27, 41, 50, 60, 64, 80, 89, 93, 95, 97}
chunks ... [0, 12210, 24420, 36630, 48842]
num codes: 209
num codes with support 0: 0
chunks ... [0, 12210, 24420, 36630, 48842]
database_size: 2026819.5285587404
codetable_size: 6185.0540771361875
complete: 2033004.5826358765
Partition ratio: 0.8214088139443327
current singletons: {1, 2, 3, 5, 6, 7, 8, 9, 16, 17, 18, 19, 20, 21, 22, 23, 24, 25, 28, 29, 30, 32, 33, 34, 35, 36, 37, 38, 39, 40, 42, 43, 45, 46, 47, 48, 49, 51, 52, 53, 55, 56, 57, 58, 59, 61, 63, 65, 66, 67, 68, 69, 70, 71, 72, 73, 74, 75, 76, 77, 78, 79, 81, 82, 83, 84, 85, 86, 87, 88, 89, 90, 91, 92, 93, 94, 95, 97}
Added 19 singletons
added:  {4, 10, 11, 12, 13, 14, 15, 26, 27, 31, 41, 44, 50, 54, 60, 62, 64, 80, 96}
chunks ... [0, 12210, 24420, 36630, 48842]
num codes: 214
num codes with support 0: 0
chunks ... [0, 12210, 24420, 36630, 48842]
database_size: 1826325.833723818
codetable_size: 6263.692326401759
complete: 1832589.5260502198
Partition ratio: 0.7404337412206057
current singletons: {1, 2, 3, 4, 5, 6, 7, 9, 13, 14, 18, 19, 21, 22, 24, 25, 26, 27, 29, 30, 31, 32, 33, 34, 35, 36, 37, 38, 39, 40, 41, 42, 44, 45, 46, 47, 48, 49, 50, 51, 52, 53, 54, 55, 56, 57, 58, 59, 60, 61, 63, 65, 66, 67, 68, 69, 70, 71, 72, 73, 74, 75, 76, 77, 78, 79, 81, 82, 83, 84, 85, 86, 87, 88, 89, 90, 91, 92, 93, 95, 96, 97}
Added 15 singletons
added:  {64, 8, 10, 43, 11, 12, 15, 16, 17, 80, 20, 23, 62, 28, 94}
chunks ... [0, 12210, 24420, 36630, 48842]
num codes: 284
num codes with support 0: 0
chunks ... [0, 12210, 24420, 36630, 48842]
database_size: 1757194.380398006
codetable_size: 7812.085227237047
complete: 1765006.465625243
Partition ratio: 0.7131276928326413
current singletons: {1, 2, 3, 4, 5, 6, 7, 8, 9, 12, 14, 15, 16, 17, 18, 19, 20, 21, 22, 23, 24, 25, 28, 29, 30, 31, 32, 33, 34, 35, 36, 37, 38, 39, 41, 42, 43, 45, 46, 47, 48, 49, 50, 52, 53, 54, 55, 56, 57, 58, 59, 61, 63, 65, 66, 67, 68, 69, 70, 71, 72, 73, 74, 75, 76, 77, 78, 79, 80, 81, 82, 83, 84, 85, 87, 88, 89, 90, 91, 92, 93, 94, 95, 96, 97}
Added 12 singletons
added:  {64, 40, 10, 11, 44, 13, 51, 86, 26, 27, 60, 62}
chunks ... [0, 12210, 24420, 36630, 48842]
num codes: 233
num codes with support 0: 0
chunks ... [0, 12210, 24420, 36630, 48842]
database_size: 1558610.0710302426
codetable_size: 5337.293606308622
complete: 1563947.3646365511
Partition ratio: 0.6318924024223713
current singletons: {1, 2, 3, 4, 5, 6, 7, 9, 13, 14, 15, 16, 17, 18, 19, 20, 21, 22, 23, 24, 25, 26, 28, 29, 30, 31, 32, 33, 34, 35, 36, 37, 38, 39, 42, 44, 45, 46, 47, 48, 49, 50, 52, 53, 54, 55, 56, 57, 58, 59, 60, 61, 63, 65, 66, 67, 68, 69, 70, 71, 72, 73, 74, 75, 76, 77, 78, 80, 81, 82, 83, 84, 85, 86, 87, 88, 91, 92, 93, 94, 96, 97}
Added 15 singletons
added:  {64, 40, 41, 8, 43, 11, 12, 10, 79, 51, 89, 90, 27, 62, 95}
chunks ... [0, 12210, 24420, 36630, 48842]
num codes: 222
num codes with support 0: 0
chunks ... [0, 12210, 24420, 36630, 48842]
database_size: 1969496.9435770016
codetable_size: 6138.015539689795
complete: 1975634.9591166913
Partition ratio: 0.7982293706642647
current singletons: {1, 2, 3, 4, 5, 6, 7, 9, 14, 18, 19, 21, 22, 24, 25, 26, 27, 28, 29, 30, 31, 32, 33, 34, 35, 36, 37, 38, 39, 41, 42, 44, 45, 46, 47, 48, 49, 50, 51, 52, 53, 54, 55, 56, 57, 58, 59, 60, 61, 63, 65, 66, 68, 69, 70, 71, 72, 73, 74, 75, 76, 77, 78, 80, 81, 82, 83, 84, 85, 86, 87, 89, 90, 93, 95, 96, 97}
Added 20 singletons
added:  {8, 10, 11, 12, 13, 15, 16, 17, 20, 23, 40, 43, 62, 64, 67, 79, 88, 91, 92, 94}
chunks ... [0, 12210, 24420, 36630, 48842]
num codes: 195
num codes with support 0: 0
chunks ... [0, 12210, 24420, 36630, 48842]
database_size: 1875630.7063309704
codetable_size: 4538.85658370103
complete: 1880169.5629146714
Partition ratio: 0.759657830522748
current singletons: {1, 2, 3, 4, 5, 6, 7, 9, 11, 14, 15, 16, 17, 18, 19, 20, 21, 22, 23, 24, 25, 26, 27, 29, 30, 31, 32, 33, 34, 35, 36, 37, 38, 39, 42, 43, 44, 45, 46, 47, 48, 49, 51, 52, 53, 54, 55, 56, 57, 58, 59, 61, 63, 65, 66, 67, 69, 70, 71, 72, 73, 77, 78, 81, 82, 84, 88, 90, 94, 96, 97}
Added 26 singletons
added:  {8, 10, 12, 13, 28, 40, 41, 50, 60, 62, 64, 68, 74, 75, 76, 79, 80, 83, 85, 86, 87, 89, 91, 92, 93, 95}
chunks ... [0, 12210, 24420, 36630, 48842]
num codes: 168
num codes with support 0: 0
chunks ... [0, 12210, 24420, 36630, 48842]
database_size: 1598719.5161848934
codetable_size: 3383.3321103732137
complete: 1602102.8482952667
Partition ratio: 0.6473086247197863
current singletons: {1, 2, 3, 4, 5, 6, 7, 9, 14, 15, 16, 17, 18, 19, 20, 21, 22, 23, 24, 25, 26, 27, 29, 30, 31, 32, 33, 34, 35, 36, 38, 39, 41, 42, 43, 44, 45, 46, 47, 48, 49, 50, 51, 52, 53, 54, 55, 56, 57, 58, 59, 61, 63, 65, 66, 68, 69, 70, 71, 72, 73, 74, 75, 76, 77, 78, 79, 81, 82, 83, 84, 87, 89, 91, 96, 97}
Added 21 singletons
added:  {8, 10, 11, 12, 13, 28, 37, 40, 60, 62, 64, 67, 80, 85, 86, 88, 90, 92, 93, 94, 95}
chunks ... [0, 12210, 24420, 36630, 48842]
num codes: 226
num codes with support 0: 0
chunks ... [0, 12210, 24420, 36630, 48842]
database_size: 1672542.8326550007
codetable_size: 5144.256415868854
complete: 1677687.0890708696
Partition ratio: 0.6778474449952794
current singletons: {1, 2, 3, 4, 5, 6, 7, 8, 9, 10, 11, 15, 16, 17, 20, 23, 25, 26, 27, 29, 30, 31, 32, 33, 34, 35, 36, 37, 38, 39, 40, 42, 44, 45, 46, 47, 48, 49, 50, 51, 52, 53, 54, 55, 56, 57, 58, 59, 60, 61, 63, 64, 65, 66, 67, 68, 69, 70, 71, 72, 73, 74, 75, 76, 77, 78, 79, 80, 81, 82, 83, 84, 85, 86, 87, 88, 89, 90, 92, 93, 94, 95, 96, 97}
Added 13 singletons
added:  {41, 43, 12, 13, 14, 18, 19, 21, 22, 24, 91, 28, 62}
chunks ... [0, 12210, 24420, 36630, 48842]
num codes: 342
num codes with support 0: 0
chunks ... [0, 12210, 24420, 36630, 48842]
database_size: 1540648.2773665176
codetable_size: 11828.857354177007
complete: 1552477.1347206945
Partition ratio: 0.627258006596939
current singletons: {1, 2, 3, 4, 5, 6, 7, 8, 9, 15, 16, 17, 18, 19, 20, 21, 23, 24, 25, 26, 31, 42, 43, 44, 45, 46, 47, 48, 49, 51, 52, 53, 54, 55, 56, 58, 59, 61, 63, 65, 66, 67, 68, 69, 70, 71, 72, 73, 74, 75, 76, 77, 78, 79, 81, 82, 83, 84, 85, 86, 88, 90, 93, 94, 95, 97}
Added 31 singletons
added:  {10, 11, 12, 13, 14, 22, 27, 28, 29, 30, 32, 33, 34, 35, 36, 37, 38, 39, 40, 41, 50, 57, 60, 62, 64, 80, 87, 89, 91, 92, 96}
chunks ... [0, 12210, 24420, 36630, 48842]
num codes: 162
num codes with support 0: 0
chunks ... [0, 12210, 24420, 36630, 48842]
database_size: 1989530.0158942672
codetable_size: 3708.364171324013
complete: 1993238.3800655913
Partition ratio: 0.8053418018149369
merged table size: 167
chunks ... [0, 12210, 24420, 36630, 48842]
chunks ... [0, 12210, 24420, 36630, 48842]
merged table size without non-used codes: 166
database_size: 1350568.3210310852
codetable_size: 3577.60859853115
complete: 1354145.9296296164
database_size: 2474343.928416041
codetable_size: 677.7028634765386
complete: 2475021.631279518
merged size: 1354145.9296296164
sct size: 2475021.631279518
merged ratio: 0.5471248867144488
time elapsed: 38.972805976867676
-- MERGING METHOD informed
processing tkmeans_batch_results/k16/batch-4/adult_tkmeans__0_k16...
chunks ... [0, 432, 864, 1296, 1731]
num codes: 155
num codes with support 0: 0
chunks ... [0, 432, 864, 1296, 1731]
num codes with usage 0: 30
database_size: 14714.880213796365
codetable_size: 3062.6034912826312
complete: 17777.483705078997
database_size: 79013.41219711691
codetable_size: 435.723886983687
complete: 79449.1360841006
Partition 0 ratio: 0.22375930792073945
processing tkmeans_batch_results/k16/batch-4/adult_tkmeans__1_k16...
chunks ... [0, 170, 340, 510, 681]
num codes: 143
num codes with support 0: 0
chunks ... [0, 170, 340, 510, 681]
num codes with usage 0: 30
database_size: 5698.679939099973
codetable_size: 2467.6122168705265
complete: 8166.292155970499
database_size: 31936.782390147586
codetable_size: 460.9223446830976
complete: 32397.704734830684
Partition 1 ratio: 0.25206391078658547
processing tkmeans_batch_results/k16/batch-4/adult_tkmeans__2_k16...
chunks ... [0, 1751, 3502, 5253, 7004]
num codes: 280
num codes with support 0: 0
chunks ... [0, 1751, 3502, 5253, 7004]
num codes with usage 0: 28
database_size: 48941.510269211656
codetable_size: 7676.954541952716
complete: 56618.46481116437
database_size: 319799.30709466996
codetable_size: 593.8646241856428
complete: 320393.1717188556
Partition 2 ratio: 0.1767155788852047
processing tkmeans_batch_results/k16/batch-4/adult_tkmeans__3_k16...
chunks ... [0, 1252, 2504, 3756, 5009]
num codes: 284
num codes with support 0: 0
chunks ... [0, 1252, 2504, 3756, 5009]
num codes with usage 0: 28
database_size: 39446.97720608867
codetable_size: 7724.01247588965
complete: 47170.98968197832
database_size: 235011.75462648235
codetable_size: 562.874807249368
complete: 235574.62943373172
Partition 3 ratio: 0.20023798740707663
processing tkmeans_batch_results/k16/batch-4/adult_tkmeans__4_k16...
chunks ... [0, 798, 1596, 2394, 3192]
num codes: 241
num codes with support 0: 0
chunks ... [0, 798, 1596, 2394, 3192]
num codes with usage 0: 45
database_size: 24551.603500288016
codetable_size: 4772.482743195635
complete: 29324.086243483653
database_size: 148989.4682081166
codetable_size: 573.6329161656095
complete: 149563.1011242822
Partition 4 ratio: 0.19606497874844322
processing tkmeans_batch_results/k16/batch-4/adult_tkmeans__5_k16...
chunks ... [0, 301, 602, 903, 1205]
num codes: 163
num codes with support 0: 0
chunks ... [0, 301, 602, 903, 1205]
num codes with usage 0: 29
database_size: 11056.542773824316
codetable_size: 2908.5637425413165
complete: 13965.106516365633
database_size: 56911.61828584414
codetable_size: 451.72961148616764
complete: 57363.347897330306
Partition 5 ratio: 0.24344999077390966
processing tkmeans_batch_results/k16/batch-4/adult_tkmeans__6_k16...
chunks ... [0, 916, 1832, 2748, 3664]
num codes: 189
num codes with support 0: 0
chunks ... [0, 916, 1832, 2748, 3664]
num codes with usage 0: 19
database_size: 28389.670776833973
codetable_size: 4918.183268845234
complete: 33307.85404567921
database_size: 169488.79051506307
codetable_size: 526.185259928288
complete: 170014.97577499136
Partition 6 ratio: 0.1959112948365263
processing tkmeans_batch_results/k16/batch-4/adult_tkmeans__7_k16...
chunks ... [0, 1268, 2536, 3804, 5074]
num codes: 195
num codes with support 0: 0
chunks ... [0, 1268, 2536, 3804, 5074]
num codes with usage 0: 26
database_size: 29338.9603963522
codetable_size: 5114.837306869058
complete: 34453.79770322126
database_size: 229700.9519095026
codetable_size: 545.0555818136907
complete: 230246.00749131627
Partition 7 ratio: 0.14963906683385458
processing tkmeans_batch_results/k16/batch-4/adult_tkmeans__8_k16...
chunks ... [0, 817, 1634, 2451, 3269]
num codes: 269
num codes with support 0: 0
chunks ... [0, 817, 1634, 2451, 3269]
num codes with usage 0: 29
database_size: 32038.76264294555
codetable_size: 6423.8332243720115
complete: 38462.59586731756
database_size: 155328.07205062496
codetable_size: 554.6569970884918
complete: 155882.72904771345
Partition 8 ratio: 0.24674058571007387
processing tkmeans_batch_results/k16/batch-4/adult_tkmeans__9_k16...
chunks ... [0, 485, 970, 1455, 1942]
num codes: 221
num codes with support 0: 0
chunks ... [0, 485, 970, 1455, 1942]
num codes with usage 0: 31
database_size: 19104.83475754878
codetable_size: 4165.670986042662
complete: 23270.505743591442
database_size: 92279.56723527085
codetable_size: 561.4122077067941
complete: 92840.97944297764
Partition 9 ratio: 0.2506490763368567
processing tkmeans_batch_results/k16/batch-4/adult_tkmeans__10_k16...
chunks ... [0, 641, 1282, 1923, 2566]
num codes: 207
num codes with support 0: 0
chunks ... [0, 641, 1282, 1923, 2566]
num codes with usage 0: 33
database_size: 21682.636447054938
codetable_size: 4775.073226354127
complete: 26457.709673409066
database_size: 119603.29419519546
codetable_size: 566.2490570032083
complete: 120169.54325219867
Partition 10 ratio: 0.22016984468254594
processing tkmeans_batch_results/k16/batch-4/adult_tkmeans__11_k16...
chunks ... [0, 399, 798, 1197, 1598]
num codes: 175
num codes with support 0: 0
chunks ... [0, 399, 798, 1197, 1598]
num codes with usage 0: 34
database_size: 15093.853810984248
codetable_size: 3343.9405246103183
complete: 18437.794335594568
database_size: 74915.35728116603
codetable_size: 504.74446981279226
complete: 75420.10175097882
Partition 11 ratio: 0.24446790587040382
processing tkmeans_batch_results/k16/batch-4/adult_tkmeans__12_k16...
chunks ... [0, 184, 368, 552, 738]
num codes: 142
num codes with support 0: 0
chunks ... [0, 184, 368, 552, 738]
num codes with usage 0: 32
database_size: 6658.713334075278
codetable_size: 2240.9982260385236
complete: 8899.711560113801
database_size: 34595.11549124057
codetable_size: 434.4508478908469
complete: 35029.566339131416
Partition 12 ratio: 0.2540628529041184
processing tkmeans_batch_results/k16/batch-4/adult_tkmeans__13_k16...
chunks ... [0, 314, 628, 942, 1256]
num codes: 205
num codes with support 0: 0
chunks ... [0, 314, 628, 942, 1256]
num codes with usage 0: 45
database_size: 12639.616553512507
codetable_size: 3648.662885735169
complete: 16288.279439247675
database_size: 60408.129525751996
codetable_size: 480.79145296947496
complete: 60888.92097872147
Partition 13 ratio: 0.2675080979828802
processing tkmeans_batch_results/k16/batch-4/adult_tkmeans__14_k16...
chunks ... [0, 2185, 4370, 6555, 8740]
num codes: 329
num codes with support 0: 0
chunks ... [0, 2185, 4370, 6555, 8740]
num codes with usage 0: 24
database_size: 72759.71100695916
codetable_size: 10420.462765277323
complete: 83180.17377223648
database_size: 409925.1385678813
codetable_size: 594.8461560349714
complete: 410519.9847239163
Partition 14 ratio: 0.20262149680283403
processing tkmeans_batch_results/k16/batch-4/adult_tkmeans__15_k16...
chunks ... [0, 293, 586, 879, 1172]
num codes: 131
num codes with support 0: 0
chunks ... [0, 293, 586, 879, 1172]
num codes with usage 0: 34
database_size: 6256.3493796782095
codetable_size: 2387.039344897215
complete: 8643.388724575425
database_size: 52388.12297164941
codetable_size: 440.4182361398936
complete: 52828.541207789305
Partition 15 ratio: 0.1636121029838507
number of codetables: 16
size: 155
size: 143
size: 280
size: 284
size: 241
size: 163
size: 189
size: 195
size: 269
size: 221
size: 207
size: 175
size: 142
size: 205
size: 329
size: 131
database_size: 2474343.928416041
codetable_size: 677.7028634765386
complete: 2475021.631279518
database_size: 2474343.928416041
codetable_size: 677.7028634765386
complete: 2475021.631279518
current singletons: {1, 2, 3, 4, 5, 6, 7, 8, 9, 13, 16, 17, 19, 20, 21, 23, 24, 25, 26, 27, 29, 30, 31, 32, 33, 34, 35, 36, 37, 38, 39, 42, 44, 46, 47, 48, 49, 50, 51, 52, 53, 54, 55, 56, 57, 58, 59, 61, 63, 65, 66, 67, 68, 69, 71, 72, 73, 74, 76, 77, 80, 81, 84, 90, 92, 93, 96, 97}
Added 29 singletons
added:  {10, 11, 12, 14, 15, 18, 22, 28, 40, 41, 43, 45, 60, 62, 64, 70, 75, 78, 79, 82, 83, 85, 86, 87, 88, 89, 91, 94, 95}
chunks ... [0, 12210, 24420, 36630, 48842]
num codes: 184
num codes with support 0: 0
chunks ... [0, 12210, 24420, 36630, 48842]
database_size: 1607650.4512841618
codetable_size: 4266.97875119737
complete: 1611917.4300353592
Partition ratio: 0.6512740776338356
current singletons: {1, 3, 4, 5, 6, 7, 8, 9, 14, 15, 16, 17, 18, 19, 20, 21, 22, 23, 24, 25, 26, 27, 30, 32, 33, 34, 35, 36, 37, 38, 39, 42, 43, 44, 45, 46, 47, 48, 49, 50, 51, 52, 53, 54, 55, 56, 57, 58, 59, 61, 63, 65, 66, 70, 71, 72, 73, 74, 75, 76, 77, 78, 81, 82, 83, 85, 86, 88, 89, 93, 94, 96, 97}
Added 24 singletons
added:  {2, 10, 11, 12, 13, 28, 29, 31, 40, 41, 60, 62, 64, 67, 68, 69, 79, 80, 84, 87, 90, 91, 92, 95}
chunks ... [0, 12210, 24420, 36630, 48842]
num codes: 167
num codes with support 0: 0
chunks ... [0, 12210, 24420, 36630, 48842]
database_size: 1350568.3210310852
codetable_size: 3577.60859853115
complete: 1354145.9296296164
Partition ratio: 0.5471248867144488
current singletons: {1, 2, 3, 4, 5, 6, 7, 8, 9, 11, 13, 15, 16, 17, 20, 23, 25, 26, 27, 29, 30, 31, 32, 33, 34, 35, 36, 37, 38, 39, 40, 42, 44, 45, 46, 47, 48, 49, 50, 51, 52, 53, 54, 55, 56, 57, 58, 59, 60, 61, 63, 65, 66, 67, 68, 69, 70, 71, 72, 73, 74, 75, 76, 77, 78, 79, 80, 81, 82, 83, 84, 85, 86, 87, 88, 89, 90, 91, 92, 93, 94, 96, 97}
Added 14 singletons
added:  {64, 41, 10, 43, 12, 14, 18, 19, 21, 22, 24, 28, 62, 95}
chunks ... [0, 12210, 24420, 36630, 48842]
num codes: 294
num codes with support 0: 0
chunks ... [0, 12210, 24420, 36630, 48842]
database_size: 1674615.9600759293
codetable_size: 9092.164900684422
complete: 1683708.1249766138
Partition ratio: 0.6802801655136174
current singletons: {1, 2, 3, 4, 5, 6, 7, 9, 11, 12, 14, 18, 19, 21, 22, 24, 25, 26, 28, 29, 30, 31, 32, 33, 34, 35, 36, 37, 38, 39, 40, 41, 42, 43, 44, 45, 46, 47, 48, 49, 50, 51, 52, 56, 57, 58, 59, 61, 63, 65, 66, 67, 68, 69, 70, 71, 72, 73, 74, 75, 76, 77, 78, 79, 80, 81, 82, 83, 84, 85, 86, 87, 88, 89, 90, 91, 92, 93, 94, 95, 96, 97}
Added 15 singletons
added:  {64, 8, 10, 13, 15, 16, 17, 20, 53, 55, 23, 54, 27, 60, 62}
chunks ... [0, 12210, 24420, 36630, 48842]
num codes: 299
num codes with support 0: 0
chunks ... [0, 12210, 24420, 36630, 48842]
database_size: 2062397.2783986004
codetable_size: 9651.434517335985
complete: 2072048.7129159365
Partition ratio: 0.8371840822436548
current singletons: {1, 2, 3, 4, 5, 6, 7, 8, 9, 13, 15, 16, 18, 19, 20, 21, 22, 23, 24, 25, 26, 28, 29, 30, 31, 32, 33, 34, 35, 36, 37, 38, 39, 40, 41, 42, 43, 44, 45, 46, 47, 48, 49, 51, 52, 53, 54, 55, 56, 57, 58, 59, 61, 62, 63, 65, 66, 67, 68, 69, 70, 71, 72, 73, 74, 75, 76, 77, 78, 79, 81, 82, 83, 84, 85, 86, 88, 89, 90, 91, 94, 95, 96, 97}
Added 13 singletons
added:  {64, 10, 11, 12, 14, 60, 80, 17, 50, 87, 27, 92, 93}
chunks ... [0, 12210, 24420, 36630, 48842]
num codes: 254
num codes with support 0: 0
chunks ... [0, 12210, 24420, 36630, 48842]
database_size: 1554289.875550036
codetable_size: 6088.332768121565
complete: 1560378.2083181576
Partition ratio: 0.6304503316649742
current singletons: {1, 2, 3, 4, 5, 6, 7, 9, 14, 18, 19, 21, 22, 24, 25, 26, 27, 28, 29, 30, 31, 32, 33, 34, 35, 36, 37, 38, 39, 40, 41, 42, 43, 44, 45, 46, 47, 48, 49, 50, 51, 53, 54, 55, 56, 61, 63, 65, 66, 68, 69, 70, 71, 72, 73, 74, 75, 76, 77, 78, 79, 81, 82, 83, 84, 89, 90, 93, 94, 95, 96, 97}
Added 25 singletons
added:  {8, 10, 11, 12, 13, 15, 16, 17, 20, 23, 52, 57, 58, 59, 60, 62, 64, 67, 80, 85, 86, 87, 88, 91, 92}
chunks ... [0, 12210, 24420, 36630, 48842]
num codes: 188
num codes with support 0: 0
chunks ... [0, 12210, 24420, 36630, 48842]
database_size: 1933611.7176232606
codetable_size: 4292.815897932166
complete: 1937904.5335211928
Partition ratio: 0.782984887497468
current singletons: {1, 2, 3, 4, 5, 6, 7, 8, 9, 15, 16, 17, 20, 23, 25, 26, 28, 29, 30, 31, 32, 33, 34, 35, 36, 37, 38, 39, 40, 42, 43, 44, 45, 46, 47, 48, 49, 51, 52, 53, 54, 55, 56, 57, 58, 59, 61, 62, 63, 65, 66, 67, 68, 69, 70, 71, 72, 73, 74, 75, 76, 77, 78, 79, 81, 82, 83, 84, 85, 86, 87, 88, 90, 91, 92, 94, 96}
Added 20 singletons
added:  {10, 11, 12, 13, 14, 18, 19, 21, 22, 24, 27, 41, 50, 60, 64, 80, 89, 93, 95, 97}
chunks ... [0, 12210, 24420, 36630, 48842]
num codes: 209
num codes with support 0: 0
chunks ... [0, 12210, 24420, 36630, 48842]
database_size: 2026819.5285587404
codetable_size: 6185.0540771361875
complete: 2033004.5826358765
Partition ratio: 0.8214088139443327
current singletons: {1, 2, 3, 5, 6, 7, 8, 9, 16, 17, 18, 19, 20, 21, 22, 23, 24, 25, 28, 29, 30, 32, 33, 34, 35, 36, 37, 38, 39, 40, 42, 43, 45, 46, 47, 48, 49, 51, 52, 53, 55, 56, 57, 58, 59, 61, 63, 65, 66, 67, 68, 69, 70, 71, 72, 73, 74, 75, 76, 77, 78, 79, 81, 82, 83, 84, 85, 86, 87, 88, 89, 90, 91, 92, 93, 94, 95, 97}
Added 19 singletons
added:  {4, 10, 11, 12, 13, 14, 15, 26, 27, 31, 41, 44, 50, 54, 60, 62, 64, 80, 96}
chunks ... [0, 12210, 24420, 36630, 48842]
num codes: 214
num codes with support 0: 0
chunks ... [0, 12210, 24420, 36630, 48842]
database_size: 1826325.833723818
codetable_size: 6263.692326401759
complete: 1832589.5260502198
Partition ratio: 0.7404337412206057
current singletons: {1, 2, 3, 4, 5, 6, 7, 9, 13, 14, 18, 19, 21, 22, 24, 25, 26, 27, 29, 30, 31, 32, 33, 34, 35, 36, 37, 38, 39, 40, 41, 42, 44, 45, 46, 47, 48, 49, 50, 51, 52, 53, 54, 55, 56, 57, 58, 59, 60, 61, 63, 65, 66, 67, 68, 69, 70, 71, 72, 73, 74, 75, 76, 77, 78, 79, 81, 82, 83, 84, 85, 86, 87, 88, 89, 90, 91, 92, 93, 95, 96, 97}
Added 15 singletons
added:  {64, 8, 10, 43, 11, 12, 15, 16, 17, 80, 20, 23, 62, 28, 94}
chunks ... [0, 12210, 24420, 36630, 48842]
num codes: 284
num codes with support 0: 0
chunks ... [0, 12210, 24420, 36630, 48842]
database_size: 1757194.380398006
codetable_size: 7812.085227237047
complete: 1765006.465625243
Partition ratio: 0.7131276928326413
current singletons: {1, 2, 3, 4, 5, 6, 7, 8, 9, 12, 14, 15, 16, 17, 18, 19, 20, 21, 22, 23, 24, 25, 28, 29, 30, 31, 32, 33, 34, 35, 36, 37, 38, 39, 41, 42, 43, 45, 46, 47, 48, 49, 50, 52, 53, 54, 55, 56, 57, 58, 59, 61, 63, 65, 66, 67, 68, 69, 70, 71, 72, 73, 74, 75, 76, 77, 78, 79, 80, 81, 82, 83, 84, 85, 87, 88, 89, 90, 91, 92, 93, 94, 95, 96, 97}
Added 12 singletons
added:  {64, 40, 10, 11, 44, 13, 51, 86, 26, 27, 60, 62}
chunks ... [0, 12210, 24420, 36630, 48842]
num codes: 233
num codes with support 0: 0
chunks ... [0, 12210, 24420, 36630, 48842]
database_size: 1558610.0710302426
codetable_size: 5337.293606308622
complete: 1563947.3646365511
Partition ratio: 0.6318924024223713
current singletons: {1, 2, 3, 4, 5, 6, 7, 9, 13, 14, 15, 16, 17, 18, 19, 20, 21, 22, 23, 24, 25, 26, 28, 29, 30, 31, 32, 33, 34, 35, 36, 37, 38, 39, 42, 44, 45, 46, 47, 48, 49, 50, 52, 53, 54, 55, 56, 57, 58, 59, 60, 61, 63, 65, 66, 67, 68, 69, 70, 71, 72, 73, 74, 75, 76, 77, 78, 80, 81, 82, 83, 84, 85, 86, 87, 88, 91, 92, 93, 94, 96, 97}
Added 15 singletons
added:  {64, 40, 41, 8, 43, 11, 12, 10, 79, 51, 89, 90, 27, 62, 95}
chunks ... [0, 12210, 24420, 36630, 48842]
num codes: 222
num codes with support 0: 0
chunks ... [0, 12210, 24420, 36630, 48842]
database_size: 1969496.9435770016
codetable_size: 6138.015539689795
complete: 1975634.9591166913
Partition ratio: 0.7982293706642647
current singletons: {1, 2, 3, 4, 5, 6, 7, 9, 14, 18, 19, 21, 22, 24, 25, 26, 27, 28, 29, 30, 31, 32, 33, 34, 35, 36, 37, 38, 39, 41, 42, 44, 45, 46, 47, 48, 49, 50, 51, 52, 53, 54, 55, 56, 57, 58, 59, 60, 61, 63, 65, 66, 68, 69, 70, 71, 72, 73, 74, 75, 76, 77, 78, 80, 81, 82, 83, 84, 85, 86, 87, 89, 90, 93, 95, 96, 97}
Added 20 singletons
added:  {8, 10, 11, 12, 13, 15, 16, 17, 20, 23, 40, 43, 62, 64, 67, 79, 88, 91, 92, 94}
chunks ... [0, 12210, 24420, 36630, 48842]
num codes: 195
num codes with support 0: 0
chunks ... [0, 12210, 24420, 36630, 48842]
database_size: 1875630.7063309704
codetable_size: 4538.85658370103
complete: 1880169.5629146714
Partition ratio: 0.759657830522748
current singletons: {1, 2, 3, 4, 5, 6, 7, 9, 11, 14, 15, 16, 17, 18, 19, 20, 21, 22, 23, 24, 25, 26, 27, 29, 30, 31, 32, 33, 34, 35, 36, 37, 38, 39, 42, 43, 44, 45, 46, 47, 48, 49, 51, 52, 53, 54, 55, 56, 57, 58, 59, 61, 63, 65, 66, 67, 69, 70, 71, 72, 73, 77, 78, 81, 82, 84, 88, 90, 94, 96, 97}
Added 26 singletons
added:  {8, 10, 12, 13, 28, 40, 41, 50, 60, 62, 64, 68, 74, 75, 76, 79, 80, 83, 85, 86, 87, 89, 91, 92, 93, 95}
chunks ... [0, 12210, 24420, 36630, 48842]
num codes: 168
num codes with support 0: 0
chunks ... [0, 12210, 24420, 36630, 48842]
database_size: 1598719.5161848934
codetable_size: 3383.3321103732137
complete: 1602102.8482952667
Partition ratio: 0.6473086247197863
current singletons: {1, 2, 3, 4, 5, 6, 7, 9, 14, 15, 16, 17, 18, 19, 20, 21, 22, 23, 24, 25, 26, 27, 29, 30, 31, 32, 33, 34, 35, 36, 38, 39, 41, 42, 43, 44, 45, 46, 47, 48, 49, 50, 51, 52, 53, 54, 55, 56, 57, 58, 59, 61, 63, 65, 66, 68, 69, 70, 71, 72, 73, 74, 75, 76, 77, 78, 79, 81, 82, 83, 84, 87, 89, 91, 96, 97}
Added 21 singletons
added:  {8, 10, 11, 12, 13, 28, 37, 40, 60, 62, 64, 67, 80, 85, 86, 88, 90, 92, 93, 94, 95}
chunks ... [0, 12210, 24420, 36630, 48842]
num codes: 226
num codes with support 0: 0
chunks ... [0, 12210, 24420, 36630, 48842]
database_size: 1672542.8326550007
codetable_size: 5144.256415868854
complete: 1677687.0890708696
Partition ratio: 0.6778474449952794
current singletons: {1, 2, 3, 4, 5, 6, 7, 8, 9, 10, 11, 15, 16, 17, 20, 23, 25, 26, 27, 29, 30, 31, 32, 33, 34, 35, 36, 37, 38, 39, 40, 42, 44, 45, 46, 47, 48, 49, 50, 51, 52, 53, 54, 55, 56, 57, 58, 59, 60, 61, 63, 64, 65, 66, 67, 68, 69, 70, 71, 72, 73, 74, 75, 76, 77, 78, 79, 80, 81, 82, 83, 84, 85, 86, 87, 88, 89, 90, 92, 93, 94, 95, 96, 97}
Added 13 singletons
added:  {41, 43, 12, 13, 14, 18, 19, 21, 22, 24, 91, 28, 62}
chunks ... [0, 12210, 24420, 36630, 48842]
num codes: 342
num codes with support 0: 0
chunks ... [0, 12210, 24420, 36630, 48842]
database_size: 1540648.2773665176
codetable_size: 11828.857354177007
complete: 1552477.1347206945
Partition ratio: 0.627258006596939
current singletons: {1, 2, 3, 4, 5, 6, 7, 8, 9, 15, 16, 17, 18, 19, 20, 21, 23, 24, 25, 26, 31, 42, 43, 44, 45, 46, 47, 48, 49, 51, 52, 53, 54, 55, 56, 58, 59, 61, 63, 65, 66, 67, 68, 69, 70, 71, 72, 73, 74, 75, 76, 77, 78, 79, 81, 82, 83, 84, 85, 86, 88, 90, 93, 94, 95, 97}
Added 31 singletons
added:  {10, 11, 12, 13, 14, 22, 27, 28, 29, 30, 32, 33, 34, 35, 36, 37, 38, 39, 40, 41, 50, 57, 60, 62, 64, 80, 87, 89, 91, 92, 96}
chunks ... [0, 12210, 24420, 36630, 48842]
num codes: 162
num codes with support 0: 0
chunks ... [0, 12210, 24420, 36630, 48842]
database_size: 1989530.0158942672
codetable_size: 3708.364171324013
complete: 1993238.3800655913
Partition ratio: 0.8053418018149369
initial ratio: 0.5471248867144488
merged: {1}
merged: {1}
to_process: {0, 2, 3, 4, 5, 6, 7, 8, 9, 10, 11, 12, 13, 14, 15}
[(0, 0.14534585532976577), (2, 0.052704623361249134), (3, 0.09761058427758056), (4, 0.12114125052218891), (5, 0.278676765280218), (6, 0.1333999647757922), (7, 0.08702933010115518), (8, 0.10264129062469965), (9, 0.16620220146152015), (10, 0.14646177658451479), (11, 0.17149507218732493), (12, 0.38881502058327044), (13, 0.19598081728188246), (14, 0.03959790234970619), (15, 0.3592353217058812)]
next_candidate: 14
chunks ... [0, 12210, 24420, 36630, 48842]
chunks ... [0, 12210, 24420, 36630, 48842]
database_size: 1330392.4452135602
codetable_size: 13988.700878898162
complete: 1344381.1460924584
current_ratio: 0.5471248867144488 --- candidate_ratio:0.5431795541105838
!!!!! ********* merge accepted ... 
merged: {1, 14}
to_process: {0, 2, 3, 4, 5, 6, 7, 8, 9, 10, 11, 12, 13, 15}
[(0, 0.11227305785729934), (2, 0.4082915272334669), (3, 0.2551378443505256), (4, 0.17565142992696278), (5, 0.07025970713571018), (6, 0.24769006410195016), (7, 0.32806177248094687), (8, 0.203399764385192), (9, 0.10689705010845765), (10, 0.19950976704480425), (11, 0.10714770619640991), (12, 0.05085728962484203), (13, 0.07302193884446503), (15, 0.09505928456453352)]
next_candidate: 12
chunks ... [0, 12210, 24420, 36630, 48842]
chunks ... [0, 12210, 24420, 36630, 48842]
database_size: 1113143.2526436506
codetable_size: 15844.57089310586
complete: 1128987.8235367564
current_ratio: 0.5431795541105838 --- candidate_ratio:0.45615270964444093
!!!!! ********* merge accepted ... 
merged: {1, 12, 14}
to_process: {0, 2, 3, 4, 5, 6, 7, 8, 9, 10, 11, 13, 15}
[(0, 0.10631435882835806), (2, 0.3832467171041568), (3, 0.24879352562153106), (4, 0.17118241361120376), (5, 0.07048651140108353), (6, 0.23955845917428092), (7, 0.3148557507254258), (8, 0.18986994309036265), (9, 0.10291021138855133), (10, 0.18594551722647956), (11, 0.0999917039839889), (13, 0.06851467118050296), (15, 0.09355389752079842)]
next_candidate: 13
chunks ... [0, 12210, 24420, 36630, 48842]
chunks ... [0, 12210, 24420, 36630, 48842]
database_size: 952891.0401634529
codetable_size: 19475.181323903245
complete: 972366.2214873561
current_ratio: 0.45615270964444093 --- candidate_ratio:0.3928718073403947
!!!!! ********* merge accepted ... 
merged: {1, 12, 13, 14}
to_process: {0, 2, 3, 4, 5, 6, 7, 8, 9, 10, 11, 15}
[(0, 0.09510039821473262), (2, 0.3519474848497741), (3, 0.2495383770083821), (4, 0.15553669618283086), (5, 0.07418923743418689), (6, 0.2176272421445251), (7, 0.2853025975488604), (8, 0.18135700215615408), (9, 0.09720150498897394), (10, 0.17494553938537463), (11, 0.10017973213213997), (15, 0.08321802061853592)]
next_candidate: 5
chunks ... [0, 12210, 24420, 36630, 48842]
chunks ... [0, 12210, 24420, 36630, 48842]
database_size: 911880.3840005607
codetable_size: 22355.78788462987
complete: 934236.1718851906
current_ratio: 0.3928718073403947 --- candidate_ratio:0.3774658613396507
!!!!! ********* merge accepted ... 
merged: {1, 5, 12, 13, 14}
to_process: {0, 2, 3, 4, 6, 7, 8, 9, 10, 11, 15}
[(0, 0.08622924357214587), (2, 0.32204194050376955), (3, 0.26119333490130975), (4, 0.14960305285938477), (6, 0.216361482995372), (7, 0.26997976408213187), (8, 0.17346947058122833), (9, 0.09022889523345425), (10, 0.15913164442583377), (11, 0.09485277651962723), (15, 0.07525156331515356)]
next_candidate: 15
chunks ... [0, 12210, 24420, 36630, 48842]
chunks ... [0, 12210, 24420, 36630, 48842]
database_size: 894369.4250837954
codetable_size: 24571.229454479148
complete: 918940.6545382746
current_ratio: 0.3774658613396507 --- candidate_ratio:0.37128590834303443
!!!!! ********* merge accepted ... 
merged: {1, 5, 12, 13, 14, 15}
to_process: {0, 2, 3, 4, 6, 7, 8, 9, 10, 11}
[(0, 0.07919888003549394), (2, 0.2968787612805928), (3, 0.25153845177134815), (4, 0.14179185740824457), (6, 0.20890658567843187), (7, 0.25786329229398847), (8, 0.1591198072881849), (9, 0.08258012568258398), (10, 0.1458447519641071), (11, 0.08687659737511313)]
next_candidate: 0
chunks ... [0, 12210, 24420, 36630, 48842]
chunks ... [0, 12210, 24420, 36630, 48842]
database_size: 869753.2796201312
codetable_size: 27472.42376762227
complete: 897225.7033877536
current_ratio: 0.37128590834303443 --- candidate_ratio:0.36251226738730064
!!!!! ********* merge accepted ... 
merged: {0, 1, 5, 12, 13, 14, 15}
to_process: {2, 3, 4, 6, 7, 8, 9, 10, 11}
[(2, 0.27742088241422036), (3, 0.22537927139048053), (4, 0.1261412006144609), (6, 0.18604487792149785), (7, 0.2297023842009233), (8, 0.1420438952828666), (9, 0.0734986661923931), (10, 0.13068392076394922), (11, 0.07730817378282848)]
next_candidate: 9
chunks ... [0, 12210, 24420, 36630, 48842]
chunks ... [0, 12210, 24420, 36630, 48842]
database_size: 832368.9502941403
codetable_size: 30686.001722880228
complete: 863054.9520170204
current_ratio: 0.36251226738730064 --- candidate_ratio:0.3487060238624439
!!!!! ********* merge accepted ... 
merged: {0, 1, 5, 9, 12, 13, 14, 15}
to_process: {2, 3, 4, 6, 7, 8, 10, 11}
[(2, 0.2567663799866919), (3, 0.21149814630960032), (4, 0.11357643811141255), (6, 0.16836910352192644), (7, 0.20971347728114798), (8, 0.12817958648923716), (10, 0.11625110901975758), (11, 0.06909514365641349)]
next_candidate: 11
chunks ... [0, 12210, 24420, 36630, 48842]
chunks ... [0, 12210, 24420, 36630, 48842]
database_size: 824023.7716706413
codetable_size: 33295.288801968054
complete: 857319.0604726094
current_ratio: 0.3487060238624439 --- candidate_ratio:0.34638851218015376
!!!!! ********* merge accepted ... 
merged: {0, 1, 5, 9, 11, 12, 13, 14, 15}
to_process: {2, 3, 4, 6, 7, 8, 10}
[(2, 0.23913572751895745), (3, 0.20500472674277312), (4, 0.10403095572400335), (6, 0.15473112823158955), (7, 0.19216644780001543), (8, 0.12212805773095284), (10, 0.10752947894447455)]
next_candidate: 4
chunks ... [0, 12210, 24420, 36630, 48842]
chunks ... [0, 12210, 24420, 36630, 48842]
database_size: 795571.7785296877
codetable_size: 36790.45075893909
complete: 832362.2292886268
current_ratio: 0.34638851218015376 --- candidate_ratio:0.3363050321537265
!!!!! ********* merge accepted ... 
merged: {0, 1, 4, 5, 9, 11, 12, 13, 14, 15}
to_process: {2, 3, 6, 7, 8, 10}
[(2, 0.2118500132974443), (3, 0.1826709208354095), (6, 0.13492158388136818), (7, 0.16932841174175403), (8, 0.10470454656244418), (10, 0.0921814545206447)]
next_candidate: 10
chunks ... [0, 12210, 24420, 36630, 48842]
chunks ... [0, 12210, 24420, 36630, 48842]
database_size: 775432.019722105
codetable_size: 40871.36331829945
complete: 816303.3830404044
current_ratio: 0.3363050321537265 --- candidate_ratio:0.32981666613491295
!!!!! ********* merge accepted ... 
merged: {0, 1, 4, 5, 9, 10, 11, 12, 13, 14, 15}
to_process: {2, 3, 6, 7, 8}
[(2, 0.19057314840567902), (3, 0.16521280230094626), (6, 0.12131320987197389), (7, 0.15179836960330179), (8, 0.09410421730902521)]
next_candidate: 8
chunks ... [0, 12210, 24420, 36630, 48842]
chunks ... [0, 12210, 24420, 36630, 48842]
database_size: 737799.1069426237
codetable_size: 45995.138932116875
complete: 783794.2458747406
current_ratio: 0.32981666613491295 --- candidate_ratio:0.3166817760172628
!!!!! ********* merge accepted ... 
merged: {0, 1, 4, 5, 8, 9, 10, 11, 12, 13, 14, 15}
to_process: {2, 3, 6, 7}
[(2, 0.16835681039237402), (3, 0.14951046965485695), (6, 0.10763560517428665), (7, 0.13410225702296796)]
next_candidate: 6
chunks ... [0, 12210, 24420, 36630, 48842]
chunks ... [0, 12210, 24420, 36630, 48842]
database_size: 705627.8252788963
codetable_size: 50084.59475363038
complete: 755712.4200325266
current_ratio: 0.3166817760172628 --- candidate_ratio:0.3053356829216253
!!!!! ********* merge accepted ... 
merged: {0, 1, 4, 5, 6, 8, 9, 10, 11, 12, 13, 14, 15}
to_process: {2, 3, 7}
[(2, 0.14883095136351965), (3, 0.13246071003842871), (7, 0.11854920775826015)]
next_candidate: 7
chunks ... [0, 12210, 24420, 36630, 48842]
chunks ... [0, 12210, 24420, 36630, 48842]
database_size: 686811.4192039863
codetable_size: 54210.52807886129
complete: 741021.9472828476
current_ratio: 0.3053356829216253 --- candidate_ratio:0.2994001902519776
!!!!! ********* merge accepted ... 
merged: {0, 1, 4, 5, 6, 7, 8, 9, 10, 11, 12, 13, 14, 15}
to_process: {2, 3}
[(2, 0.12829062353160187), (3, 0.11417965771623798)]
next_candidate: 3
chunks ... [0, 12210, 24420, 36630, 48842]
chunks ... [0, 12210, 24420, 36630, 48842]
database_size: 650118.3553066205
codetable_size: 60624.57120590272
complete: 710742.9265125232
current_ratio: 0.2994001902519776 --- candidate_ratio:0.28716634938866725
!!!!! ********* merge accepted ... 
merged: {0, 1, 3, 4, 5, 6, 7, 8, 9, 10, 11, 12, 13, 14, 15}
to_process: {2}
[(2, 0.11289358991787744)]
next_candidate: 2
chunks ... [0, 12210, 24420, 36630, 48842]
chunks ... [0, 12210, 24420, 36630, 48842]
database_size: 563813.5637427341
codetable_size: 65493.923541704266
complete: 629307.4872844385
current_ratio: 0.28716634938866725 --- candidate_ratio:0.25426342918833555
!!!!! ********* merge accepted ... 
merged table size: 1935
chunks ... [0, 12210, 24420, 36630, 48842]
chunks ... [0, 12210, 24420, 36630, 48842]
merged table size without non-used codes: 1723
database_size: 563813.5637427341
codetable_size: 65493.923541704266
complete: 629307.4872844385
database_size: 2474343.928416041
codetable_size: 677.7028634765386
complete: 2475021.631279518
merged size: 629307.4872844385
sct size: 2475021.631279518
merged ratio: 0.25426342918833555
time elapsed: 197.90102195739746
