
-- MERGING METHOD naive
processing tkmeans_batch_results/k4/batch-4/chessBig_tkmeans__0_k4...
chunks ... [0, 1707, 3414, 5121, 6831]
num codes: 604
num codes with support 0: 0
chunks ... [0, 1707, 3414, 5121, 6831]
num codes with usage 0: 16
database_size: 105602.14466668713
codetable_size: 11360.06646276354
complete: 116962.21112945068
database_size: 178683.9294223942
codetable_size: 260.9492599172788
complete: 178944.87868231148
Partition 0 ratio: 0.653621450307604
processing tkmeans_batch_results/k4/batch-4/chessBig_tkmeans__1_k4...
chunks ... [0, 1548, 3096, 4644, 6195]
num codes: 389
num codes with support 0: 0
chunks ... [0, 1548, 3096, 4644, 6195]
num codes with usage 0: 34
database_size: 87137.47319426862
codetable_size: 6697.188361326859
complete: 93834.66155559548
database_size: 154710.75893346782
codetable_size: 256.1714651527532
complete: 154966.93039862058
Partition 1 ratio: 0.6055141010680478
processing tkmeans_batch_results/k4/batch-4/chessBig_tkmeans__2_k4...
chunks ... [0, 2451, 4902, 7353, 9807]
num codes: 487
num codes with support 0: 0
chunks ... [0, 2451, 4902, 7353, 9807]
num codes with usage 0: 50
database_size: 139276.39205774528
codetable_size: 8795.14871188247
complete: 148071.54076962775
database_size: 253291.6545033954
codetable_size: 270.3448453936286
complete: 253561.99934878902
Partition 2 ratio: 0.583965819601962
processing tkmeans_batch_results/k4/batch-4/chessBig_tkmeans__3_k4...
chunks ... [0, 1305, 2610, 3915, 5222]
num codes: 416
num codes with support 0: 0
chunks ... [0, 1305, 2610, 3915, 5222]
num codes with usage 0: 42
database_size: 70907.28450716207
codetable_size: 7106.452387390815
complete: 78013.73689455289
database_size: 133462.58977439677
codetable_size: 267.3463628767638
complete: 133729.93613727353
Partition 3 ratio: 0.5833677869588746
number of codetables: 4
size: 604
size: 389
size: 487
size: 416
merged table size: 1457
chunks ... [0, 7014, 14028, 21042, 28056]
chunks ... [0, 7014, 14028, 21042, 28056]
merged table size without non-used codes: 1368
database_size: 466578.6733922223
codetable_size: 30171.423475786094
complete: 496750.09686800843
database_size: 750710.600704819
codetable_size: 258.1889058609846
complete: 750968.78961068
merged size: 496750.09686800843
sct size: 750968.78961068
merged ratio: 0.661479017158004
time elapsed: 11.174571990966797
-- MERGING METHOD naive_plus
processing tkmeans_batch_results/k4/batch-4/chessBig_tkmeans__0_k4...
chunks ... [0, 1707, 3414, 5121, 6831]
num codes: 604
num codes with support 0: 0
chunks ... [0, 1707, 3414, 5121, 6831]
num codes with usage 0: 16
database_size: 105602.14466668713
codetable_size: 11360.06646276354
complete: 116962.21112945068
database_size: 178683.9294223942
codetable_size: 260.9492599172788
complete: 178944.87868231148
Partition 0 ratio: 0.653621450307604
processing tkmeans_batch_results/k4/batch-4/chessBig_tkmeans__1_k4...
chunks ... [0, 1548, 3096, 4644, 6195]
num codes: 389
num codes with support 0: 0
chunks ... [0, 1548, 3096, 4644, 6195]
num codes with usage 0: 34
database_size: 87137.47319426862
codetable_size: 6697.188361326859
complete: 93834.66155559548
database_size: 154710.75893346782
codetable_size: 256.1714651527532
complete: 154966.93039862058
Partition 1 ratio: 0.6055141010680478
processing tkmeans_batch_results/k4/batch-4/chessBig_tkmeans__2_k4...
chunks ... [0, 2451, 4902, 7353, 9807]
num codes: 487
num codes with support 0: 0
chunks ... [0, 2451, 4902, 7353, 9807]
num codes with usage 0: 50
database_size: 139276.39205774528
codetable_size: 8795.14871188247
complete: 148071.54076962775
database_size: 253291.6545033954
codetable_size: 270.3448453936286
complete: 253561.99934878902
Partition 2 ratio: 0.583965819601962
processing tkmeans_batch_results/k4/batch-4/chessBig_tkmeans__3_k4...
chunks ... [0, 1305, 2610, 3915, 5222]
num codes: 416
num codes with support 0: 0
chunks ... [0, 1305, 2610, 3915, 5222]
num codes with usage 0: 42
database_size: 70907.28450716207
codetable_size: 7106.452387390815
complete: 78013.73689455289
database_size: 133462.58977439677
codetable_size: 267.3463628767638
complete: 133729.93613727353
Partition 3 ratio: 0.5833677869588746
number of codetables: 4
size: 604
size: 389
size: 487
size: 416
database_size: 750710.600704819
codetable_size: 258.1889058609846
complete: 750968.78961068
current singletons: {1, 2, 3, 4, 5, 6, 7, 8, 9, 10, 11, 12, 13, 14, 15, 16, 17, 18, 19, 20, 21, 22, 23, 24, 25, 26, 27, 28, 29, 30, 31, 32, 33, 34, 35, 36, 37, 38, 39, 40, 41, 42, 43, 44, 45, 46, 47, 48, 49, 50, 51, 52, 53, 54, 55, 56, 57, 58}
Added 0 singletons
added:  set()
chunks ... [0, 7014, 14028, 21042, 28056]
num codes: 604
num codes with support 0: 0
chunks ... [0, 7014, 14028, 21042, 28056]
database_size: 552113.6461861542
codetable_size: 12235.414249438832
complete: 564349.060435593
Partition ratio: 0.7514946935786305
current singletons: {1, 2, 3, 4, 5, 6, 7, 9, 10, 11, 12, 13, 14, 15, 16, 17, 18, 19, 20, 21, 22, 23, 24, 25, 26, 27, 28, 29, 30, 31, 32, 33, 34, 35, 36, 37, 38, 39, 40, 41, 44, 45, 47, 48, 49, 50, 51, 52, 53, 54, 55, 56, 57, 58}
Added 4 singletons
added:  {8, 42, 43, 46}
chunks ... [0, 7014, 14028, 21042, 28056]
num codes: 393
num codes with support 0: 0
chunks ... [0, 7014, 14028, 21042, 28056]
database_size: 586503.9549579403
codetable_size: 7382.442627031597
complete: 593886.3975849719
Partition ratio: 0.7908270034668906
current singletons: {1, 2, 3, 4, 5, 6, 7, 8, 9, 10, 11, 12, 13, 14, 15, 16, 17, 18, 19, 20, 21, 22, 23, 24, 25, 26, 27, 28, 29, 30, 31, 32, 33, 34, 35, 36, 37, 38, 39, 40, 41, 42, 43, 44, 45, 46, 47, 48, 49, 50, 51, 52, 53, 54, 55, 56, 57, 58}
Added 0 singletons
added:  set()
chunks ... [0, 7014, 14028, 21042, 28056]
num codes: 487
num codes with support 0: 0
chunks ... [0, 7014, 14028, 21042, 28056]
database_size: 483295.8201362847
codetable_size: 9324.079299898729
complete: 492619.8994361834
Partition ratio: 0.6559791914808727
current singletons: {1, 2, 3, 4, 5, 6, 7, 8, 9, 10, 11, 12, 13, 14, 15, 16, 17, 18, 19, 20, 21, 22, 23, 24, 25, 26, 27, 28, 29, 30, 31, 32, 33, 34, 35, 36, 37, 38, 39, 40, 41, 42, 43, 44, 45, 46, 47, 48, 49, 50, 51, 52, 53, 54, 55, 56, 57, 58}
Added 0 singletons
added:  set()
chunks ... [0, 7014, 14028, 21042, 28056]
num codes: 416
num codes with support 0: 0
chunks ... [0, 7014, 14028, 21042, 28056]
database_size: 481158.6623052221
codetable_size: 7574.574618588321
complete: 488733.23692381044
Partition ratio: 0.6508036601323756
merged table size: 416
chunks ... [0, 7014, 14028, 21042, 28056]
chunks ... [0, 7014, 14028, 21042, 28056]
merged table size without non-used codes: 390
database_size: 481158.6623052221
codetable_size: 7574.574618588321
complete: 488733.23692381044
database_size: 750710.600704819
codetable_size: 258.1889058609846
complete: 750968.78961068
merged size: 488733.23692381044
sct size: 750968.78961068
merged ratio: 0.6508036601323756
time elapsed: 13.3946533203125
-- MERGING METHOD informed
processing tkmeans_batch_results/k4/batch-4/chessBig_tkmeans__0_k4...
chunks ... [0, 1707, 3414, 5121, 6831]
num codes: 604
num codes with support 0: 0
chunks ... [0, 1707, 3414, 5121, 6831]
num codes with usage 0: 16
database_size: 105602.14466668713
codetable_size: 11360.06646276354
complete: 116962.21112945068
database_size: 178683.9294223942
codetable_size: 260.9492599172788
complete: 178944.87868231148
Partition 0 ratio: 0.653621450307604
processing tkmeans_batch_results/k4/batch-4/chessBig_tkmeans__1_k4...
chunks ... [0, 1548, 3096, 4644, 6195]
num codes: 389
num codes with support 0: 0
chunks ... [0, 1548, 3096, 4644, 6195]
num codes with usage 0: 34
database_size: 87137.47319426862
codetable_size: 6697.188361326859
complete: 93834.66155559548
database_size: 154710.75893346782
codetable_size: 256.1714651527532
complete: 154966.93039862058
Partition 1 ratio: 0.6055141010680478
processing tkmeans_batch_results/k4/batch-4/chessBig_tkmeans__2_k4...
chunks ... [0, 2451, 4902, 7353, 9807]
num codes: 487
num codes with support 0: 0
chunks ... [0, 2451, 4902, 7353, 9807]
num codes with usage 0: 50
database_size: 139276.39205774528
codetable_size: 8795.14871188247
complete: 148071.54076962775
database_size: 253291.6545033954
codetable_size: 270.3448453936286
complete: 253561.99934878902
Partition 2 ratio: 0.583965819601962
processing tkmeans_batch_results/k4/batch-4/chessBig_tkmeans__3_k4...
chunks ... [0, 1305, 2610, 3915, 5222]
num codes: 416
num codes with support 0: 0
chunks ... [0, 1305, 2610, 3915, 5222]
num codes with usage 0: 42
database_size: 70907.28450716207
codetable_size: 7106.452387390815
complete: 78013.73689455289
database_size: 133462.58977439677
codetable_size: 267.3463628767638
complete: 133729.93613727353
Partition 3 ratio: 0.5833677869588746
number of codetables: 4
size: 604
size: 389
size: 487
size: 416
database_size: 750710.600704819
codetable_size: 258.1889058609846
complete: 750968.78961068
database_size: 750710.600704819
codetable_size: 258.1889058609846
complete: 750968.78961068
current singletons: {1, 2, 3, 4, 5, 6, 7, 8, 9, 10, 11, 12, 13, 14, 15, 16, 17, 18, 19, 20, 21, 22, 23, 24, 25, 26, 27, 28, 29, 30, 31, 32, 33, 34, 35, 36, 37, 38, 39, 40, 41, 42, 43, 44, 45, 46, 47, 48, 49, 50, 51, 52, 53, 54, 55, 56, 57, 58}
Added 0 singletons
added:  set()
chunks ... [0, 7014, 14028, 21042, 28056]
num codes: 604
num codes with support 0: 0
chunks ... [0, 7014, 14028, 21042, 28056]
database_size: 552113.6461861542
codetable_size: 12235.414249438832
complete: 564349.060435593
Partition ratio: 0.7514946935786305
current singletons: {1, 2, 3, 4, 5, 6, 7, 9, 10, 11, 12, 13, 14, 15, 16, 17, 18, 19, 20, 21, 22, 23, 24, 25, 26, 27, 28, 29, 30, 31, 32, 33, 34, 35, 36, 37, 38, 39, 40, 41, 44, 45, 47, 48, 49, 50, 51, 52, 53, 54, 55, 56, 57, 58}
Added 4 singletons
added:  {8, 42, 43, 46}
chunks ... [0, 7014, 14028, 21042, 28056]
num codes: 393
num codes with support 0: 0
chunks ... [0, 7014, 14028, 21042, 28056]
database_size: 586503.9549579403
codetable_size: 7382.442627031597
complete: 593886.3975849719
Partition ratio: 0.7908270034668906
current singletons: {1, 2, 3, 4, 5, 6, 7, 8, 9, 10, 11, 12, 13, 14, 15, 16, 17, 18, 19, 20, 21, 22, 23, 24, 25, 26, 27, 28, 29, 30, 31, 32, 33, 34, 35, 36, 37, 38, 39, 40, 41, 42, 43, 44, 45, 46, 47, 48, 49, 50, 51, 52, 53, 54, 55, 56, 57, 58}
Added 0 singletons
added:  set()
chunks ... [0, 7014, 14028, 21042, 28056]
num codes: 487
num codes with support 0: 0
chunks ... [0, 7014, 14028, 21042, 28056]
database_size: 483295.8201362847
codetable_size: 9324.079299898729
complete: 492619.8994361834
Partition ratio: 0.6559791914808727
current singletons: {1, 2, 3, 4, 5, 6, 7, 8, 9, 10, 11, 12, 13, 14, 15, 16, 17, 18, 19, 20, 21, 22, 23, 24, 25, 26, 27, 28, 29, 30, 31, 32, 33, 34, 35, 36, 37, 38, 39, 40, 41, 42, 43, 44, 45, 46, 47, 48, 49, 50, 51, 52, 53, 54, 55, 56, 57, 58}
Added 0 singletons
added:  set()
chunks ... [0, 7014, 14028, 21042, 28056]
num codes: 416
num codes with support 0: 0
chunks ... [0, 7014, 14028, 21042, 28056]
database_size: 481158.6623052221
codetable_size: 7574.574618588321
complete: 488733.23692381044
Partition ratio: 0.6508036601323756
initial ratio: 0.6508036601323756
merged: {3}
merged: {3}
to_process: {0, 1, 2}
[(0, 0.36824885671669716), (1, 0.337419333247566), (2, 0.27494104379353307)]
next_candidate: 2
chunks ... [0, 7014, 14028, 21042, 28056]
chunks ... [0, 7014, 14028, 21042, 28056]
database_size: 463528.80395910196
codetable_size: 15177.231257013567
complete: 478706.03521611553
current_ratio: 0.6508036601323756 --- candidate_ratio:0.6374513053522346
!!!!! ********* merge accepted ... 
merged: {2, 3}
to_process: {0, 1}
[(0, 0.2804128963942875), (1, 0.2630037100596051)]
next_candidate: 1
chunks ... [0, 7014, 14028, 21042, 28056]
chunks ... [0, 7014, 14028, 21042, 28056]
database_size: 463460.21697144833
codetable_size: 20658.944391385594
complete: 484119.1613628339
current_ratio: 0.6374513053522346 --- candidate_ratio:0.6446594959210126
!!!!! ********* merge rejected ... 
merged: {2, 3}
to_process: {0}
[(0, 0.2804128963942875)]
next_candidate: 0
chunks ... [0, 7014, 14028, 21042, 28056]
chunks ... [0, 7014, 14028, 21042, 28056]
database_size: 475122.2075452021
codetable_size: 25125.195431399665
complete: 500247.4029766018
current_ratio: 0.6374513053522346 --- candidate_ratio:0.6661360763553728
!!!!! ********* merge rejected ... 
merged table size: 769
chunks ... [0, 7014, 14028, 21042, 28056]
chunks ... [0, 7014, 14028, 21042, 28056]
merged table size without non-used codes: 723
database_size: 463528.80395910196
codetable_size: 15177.231257013567
complete: 478706.03521611553
database_size: 750710.600704819
codetable_size: 258.1889058609846
complete: 750968.78961068
merged size: 478706.03521611553
sct size: 750968.78961068
merged ratio: 0.6374513053522346
time elapsed: 28.374103784561157
