
-- MERGING METHOD naive
processing tkmeans_batch_results/k16/batch-4/connect_tkmeans__0_k16...
chunks ... [0, 1276, 2552, 3828, 5105]
num codes: 528
num codes with support 0: 0
chunks ... [0, 1276, 2552, 3828, 5105]
num codes with usage 0: 108
database_size: 108659.53517064275
codetable_size: 19330.153703995114
complete: 127989.68887463785
database_size: 910413.3230973025
codetable_size: 719.9877645921769
complete: 911133.3108618946
Partition 0 ratio: 0.14047306508151355
processing tkmeans_batch_results/k16/batch-4/connect_tkmeans__1_k16...
chunks ... [0, 1346, 2692, 4038, 5385]
num codes: 551
num codes with support 0: 0
chunks ... [0, 1346, 2692, 4038, 5385]
num codes with usage 0: 90
database_size: 112749.11493294794
codetable_size: 20718.876372648538
complete: 133467.9913055965
database_size: 960295.6416738942
codetable_size: 713.5383533927383
complete: 961009.180027287
Partition 1 ratio: 0.1388831595779416
processing tkmeans_batch_results/k16/batch-4/connect_tkmeans__2_k16...
chunks ... [0, 372, 744, 1116, 1490]
num codes: 356
num codes with support 0: 0
chunks ... [0, 372, 744, 1116, 1490]
num codes with usage 0: 84
database_size: 34476.46276719608
codetable_size: 9478.73786274771
complete: 43955.200629943785
database_size: 263604.07403669006
codetable_size: 671.0251679222581
complete: 264275.0992046123
Partition 2 ratio: 0.1663236557747422
processing tkmeans_batch_results/k16/batch-4/connect_tkmeans__3_k16...
chunks ... [0, 787, 1574, 2361, 3150]
num codes: 419
num codes with support 0: 0
chunks ... [0, 787, 1574, 2361, 3150]
num codes with usage 0: 97
database_size: 68561.86849700306
codetable_size: 13652.544615173454
complete: 82214.41311217651
database_size: 559394.5924953428
codetable_size: 690.5266702229329
complete: 560085.1191655658
Partition 3 ratio: 0.14678914025543544
processing tkmeans_batch_results/k16/batch-4/connect_tkmeans__4_k16...
chunks ... [0, 1199, 2398, 3597, 4796]
num codes: 589
num codes with support 0: 0
chunks ... [0, 1199, 2398, 3597, 4796]
num codes with usage 0: 116
database_size: 104861.65799403317
codetable_size: 20876.19718875011
complete: 125737.85518278329
database_size: 857335.2508661213
codetable_size: 774.9913970966113
complete: 858110.2422632179
Partition 4 ratio: 0.146528789647303
processing tkmeans_batch_results/k16/batch-4/connect_tkmeans__5_k16...
chunks ... [0, 639, 1278, 1917, 2557]
num codes: 425
num codes with support 0: 0
chunks ... [0, 639, 1278, 1917, 2557]
num codes with usage 0: 86
database_size: 55307.4829733864
codetable_size: 14239.712597366266
complete: 69547.19557075266
database_size: 452590.53302557336
codetable_size: 649.0664576135607
complete: 453239.5994831869
Partition 5 ratio: 0.15344465852069164
processing tkmeans_batch_results/k16/batch-4/connect_tkmeans__6_k16...
chunks ... [0, 525, 1050, 1575, 2102]
num codes: 396
num codes with support 0: 0
chunks ... [0, 525, 1050, 1575, 2102]
num codes with usage 0: 89
database_size: 47001.616312249425
codetable_size: 12009.568092112619
complete: 59011.184404362044
database_size: 372574.90649182914
codetable_size: 671.5020651000576
complete: 373246.4085569292
Partition 6 ratio: 0.1581024841806653
processing tkmeans_batch_results/k16/batch-4/connect_tkmeans__7_k16...
chunks ... [0, 1181, 2362, 3543, 4725]
num codes: 547
num codes with support 0: 0
chunks ... [0, 1181, 2362, 3543, 4725]
num codes with usage 0: 104
database_size: 105740.91619729795
codetable_size: 20126.44732361525
complete: 125867.3635209132
database_size: 845015.2198843776
codetable_size: 745.7182636281283
complete: 845760.9381480056
Partition 7 ratio: 0.14882144332242356
processing tkmeans_batch_results/k16/batch-4/connect_tkmeans__8_k16...
chunks ... [0, 993, 1986, 2979, 3973]
num codes: 531
num codes with support 0: 0
chunks ... [0, 993, 1986, 2979, 3973]
num codes with usage 0: 105
database_size: 83652.75984525788
codetable_size: 17916.611868017015
complete: 101569.3717132749
database_size: 706597.6508267695
codetable_size: 750.7145299391661
complete: 707348.3653567086
Partition 8 ratio: 0.14359172465473147
processing tkmeans_batch_results/k16/batch-4/connect_tkmeans__9_k16...
chunks ... [0, 1058, 2116, 3174, 4235]
num codes: 544
num codes with support 0: 0
chunks ... [0, 1058, 2116, 3174, 4235]
num codes with usage 0: 111
database_size: 93167.7576492595
codetable_size: 18979.13071001152
complete: 112146.88835927102
database_size: 759542.9479981455
codetable_size: 747.145771365413
complete: 760290.0937695109
Partition 9 ratio: 0.14750539205798124
processing tkmeans_batch_results/k16/batch-4/connect_tkmeans__10_k16...
chunks ... [0, 1166, 2332, 3498, 4664]
num codes: 559
num codes with support 0: 0
chunks ... [0, 1166, 2332, 3498, 4664]
num codes with usage 0: 102
database_size: 99996.17363336544
codetable_size: 19776.120983702294
complete: 119772.29461706773
database_size: 834556.844070345
codetable_size: 737.9990608154329
complete: 835294.8431311605
Partition 10 ratio: 0.14338924225617508
processing tkmeans_batch_results/k16/batch-4/connect_tkmeans__11_k16...
chunks ... [0, 1546, 3092, 4638, 6186]
num codes: 635
num codes with support 0: 0
chunks ... [0, 1546, 3092, 4638, 6186]
num codes with usage 0: 109
database_size: 133729.2325442628
codetable_size: 24414.673452513984
complete: 158143.9059967768
database_size: 1105935.621048613
codetable_size: 743.1101827516217
complete: 1106678.7312313647
Partition 11 ratio: 0.14289956202629406
processing tkmeans_batch_results/k16/batch-4/connect_tkmeans__12_k16...
chunks ... [0, 890, 1780, 2670, 3562]
num codes: 427
num codes with support 0: 0
chunks ... [0, 890, 1780, 2670, 3562]
num codes with usage 0: 95
database_size: 78213.38526240914
codetable_size: 14444.451095775103
complete: 92657.83635818424
database_size: 631434.2538186419
codetable_size: 707.7645259940306
complete: 632142.018344636
Partition 12 ratio: 0.14657756274582642
processing tkmeans_batch_results/k16/batch-4/connect_tkmeans__13_k16...
chunks ... [0, 1549, 3098, 4647, 6196]
num codes: 549
num codes with support 0: 0
chunks ... [0, 1549, 3098, 4647, 6196]
num codes with usage 0: 109
database_size: 133759.7483223614
codetable_size: 20821.29658600917
complete: 154581.0449083706
database_size: 1105765.3397759774
codetable_size: 736.8072394051304
complete: 1106502.1470153825
Partition 13 ratio: 0.13970243557622453
processing tkmeans_batch_results/k16/batch-4/connect_tkmeans__14_k16...
chunks ... [0, 1435, 2870, 4305, 5741]
num codes: 593
num codes with support 0: 0
chunks ... [0, 1435, 2870, 4305, 5741]
num codes with usage 0: 101
database_size: 125858.28724859659
codetable_size: 22009.639680001423
complete: 147867.92692859803
database_size: 1023642.1972207188
codetable_size: 745.79785749075
complete: 1024387.9950782096
Partition 14 ratio: 0.14434757888519445
processing tkmeans_batch_results/k16/batch-4/connect_tkmeans__15_k16...
chunks ... [0, 922, 1844, 2766, 3689]
num codes: 454
num codes with support 0: 0
chunks ... [0, 922, 1844, 2766, 3689]
num codes with usage 0: 91
database_size: 82369.92431234661
codetable_size: 15378.853771062388
complete: 97748.77808340901
database_size: 655928.1570367317
codetable_size: 683.4641792208922
complete: 656611.6212159526
Partition 15 ratio: 0.14886848621776141
number of codetables: 16
size: 528
size: 551
size: 356
size: 419
size: 589
size: 425
size: 396
size: 547
size: 531
size: 544
size: 559
size: 635
size: 427
size: 549
size: 593
size: 454
merged table size: 6152
chunks ... [0, 16889, 33778, 50667, 67557]
chunks ... [0, 16889, 33778, 50667, 67557]
merged table size without non-used codes: 4958
database_size: 2657754.8336868454
codetable_size: 225858.4968929657
complete: 2883613.3305798112
database_size: 12320561.926931633
codetable_size: 786.6889113503379
complete: 12321348.615842983
merged size: 2883613.3305798112
sct size: 12321348.615842983
merged ratio: 0.23403390493083007
time elapsed: 89.57131028175354
-- MERGING METHOD naive_plus
processing tkmeans_batch_results/k16/batch-4/connect_tkmeans__0_k16...
chunks ... [0, 1276, 2552, 3828, 5105]
num codes: 528
num codes with support 0: 0
chunks ... [0, 1276, 2552, 3828, 5105]
num codes with usage 0: 108
database_size: 108659.53517064275
codetable_size: 19330.153703995114
complete: 127989.68887463785
database_size: 910413.3230973025
codetable_size: 719.9877645921769
complete: 911133.3108618946
Partition 0 ratio: 0.14047306508151355
processing tkmeans_batch_results/k16/batch-4/connect_tkmeans__1_k16...
chunks ... [0, 1346, 2692, 4038, 5385]
num codes: 551
num codes with support 0: 0
chunks ... [0, 1346, 2692, 4038, 5385]
num codes with usage 0: 90
database_size: 112749.11493294794
codetable_size: 20718.876372648538
complete: 133467.9913055965
database_size: 960295.6416738942
codetable_size: 713.5383533927383
complete: 961009.180027287
Partition 1 ratio: 0.1388831595779416
processing tkmeans_batch_results/k16/batch-4/connect_tkmeans__2_k16...
chunks ... [0, 372, 744, 1116, 1490]
num codes: 356
num codes with support 0: 0
chunks ... [0, 372, 744, 1116, 1490]
num codes with usage 0: 84
database_size: 34476.46276719608
codetable_size: 9478.73786274771
complete: 43955.200629943785
database_size: 263604.07403669006
codetable_size: 671.0251679222581
complete: 264275.0992046123
Partition 2 ratio: 0.1663236557747422
processing tkmeans_batch_results/k16/batch-4/connect_tkmeans__3_k16...
chunks ... [0, 787, 1574, 2361, 3150]
num codes: 419
num codes with support 0: 0
chunks ... [0, 787, 1574, 2361, 3150]
num codes with usage 0: 97
database_size: 68561.86849700306
codetable_size: 13652.544615173454
complete: 82214.41311217651
database_size: 559394.5924953428
codetable_size: 690.5266702229329
complete: 560085.1191655658
Partition 3 ratio: 0.14678914025543544
processing tkmeans_batch_results/k16/batch-4/connect_tkmeans__4_k16...
chunks ... [0, 1199, 2398, 3597, 4796]
num codes: 589
num codes with support 0: 0
chunks ... [0, 1199, 2398, 3597, 4796]
num codes with usage 0: 116
database_size: 104861.65799403317
codetable_size: 20876.19718875011
complete: 125737.85518278329
database_size: 857335.2508661213
codetable_size: 774.9913970966113
complete: 858110.2422632179
Partition 4 ratio: 0.146528789647303
processing tkmeans_batch_results/k16/batch-4/connect_tkmeans__5_k16...
chunks ... [0, 639, 1278, 1917, 2557]
num codes: 425
num codes with support 0: 0
chunks ... [0, 639, 1278, 1917, 2557]
num codes with usage 0: 86
database_size: 55307.4829733864
codetable_size: 14239.712597366266
complete: 69547.19557075266
database_size: 452590.53302557336
codetable_size: 649.0664576135607
complete: 453239.5994831869
Partition 5 ratio: 0.15344465852069164
processing tkmeans_batch_results/k16/batch-4/connect_tkmeans__6_k16...
chunks ... [0, 525, 1050, 1575, 2102]
num codes: 396
num codes with support 0: 0
chunks ... [0, 525, 1050, 1575, 2102]
num codes with usage 0: 89
database_size: 47001.616312249425
codetable_size: 12009.568092112619
complete: 59011.184404362044
database_size: 372574.90649182914
codetable_size: 671.5020651000576
complete: 373246.4085569292
Partition 6 ratio: 0.1581024841806653
processing tkmeans_batch_results/k16/batch-4/connect_tkmeans__7_k16...
chunks ... [0, 1181, 2362, 3543, 4725]
num codes: 547
num codes with support 0: 0
chunks ... [0, 1181, 2362, 3543, 4725]
num codes with usage 0: 104
database_size: 105740.91619729795
codetable_size: 20126.44732361525
complete: 125867.3635209132
database_size: 845015.2198843776
codetable_size: 745.7182636281283
complete: 845760.9381480056
Partition 7 ratio: 0.14882144332242356
processing tkmeans_batch_results/k16/batch-4/connect_tkmeans__8_k16...
chunks ... [0, 993, 1986, 2979, 3973]
num codes: 531
num codes with support 0: 0
chunks ... [0, 993, 1986, 2979, 3973]
num codes with usage 0: 105
database_size: 83652.75984525788
codetable_size: 17916.611868017015
complete: 101569.3717132749
database_size: 706597.6508267695
codetable_size: 750.7145299391661
complete: 707348.3653567086
Partition 8 ratio: 0.14359172465473147
processing tkmeans_batch_results/k16/batch-4/connect_tkmeans__9_k16...
chunks ... [0, 1058, 2116, 3174, 4235]
num codes: 544
num codes with support 0: 0
chunks ... [0, 1058, 2116, 3174, 4235]
num codes with usage 0: 111
database_size: 93167.7576492595
codetable_size: 18979.13071001152
complete: 112146.88835927102
database_size: 759542.9479981455
codetable_size: 747.145771365413
complete: 760290.0937695109
Partition 9 ratio: 0.14750539205798124
processing tkmeans_batch_results/k16/batch-4/connect_tkmeans__10_k16...
chunks ... [0, 1166, 2332, 3498, 4664]
num codes: 559
num codes with support 0: 0
chunks ... [0, 1166, 2332, 3498, 4664]
num codes with usage 0: 102
database_size: 99996.17363336544
codetable_size: 19776.120983702294
complete: 119772.29461706773
database_size: 834556.844070345
codetable_size: 737.9990608154329
complete: 835294.8431311605
Partition 10 ratio: 0.14338924225617508
processing tkmeans_batch_results/k16/batch-4/connect_tkmeans__11_k16...
chunks ... [0, 1546, 3092, 4638, 6186]
num codes: 635
num codes with support 0: 0
chunks ... [0, 1546, 3092, 4638, 6186]
num codes with usage 0: 109
database_size: 133729.2325442628
codetable_size: 24414.673452513984
complete: 158143.9059967768
database_size: 1105935.621048613
codetable_size: 743.1101827516217
complete: 1106678.7312313647
Partition 11 ratio: 0.14289956202629406
processing tkmeans_batch_results/k16/batch-4/connect_tkmeans__12_k16...
chunks ... [0, 890, 1780, 2670, 3562]
num codes: 427
num codes with support 0: 0
chunks ... [0, 890, 1780, 2670, 3562]
num codes with usage 0: 95
database_size: 78213.38526240914
codetable_size: 14444.451095775103
complete: 92657.83635818424
database_size: 631434.2538186419
codetable_size: 707.7645259940306
complete: 632142.018344636
Partition 12 ratio: 0.14657756274582642
processing tkmeans_batch_results/k16/batch-4/connect_tkmeans__13_k16...
chunks ... [0, 1549, 3098, 4647, 6196]
num codes: 549
num codes with support 0: 0
chunks ... [0, 1549, 3098, 4647, 6196]
num codes with usage 0: 109
database_size: 133759.7483223614
codetable_size: 20821.29658600917
complete: 154581.0449083706
database_size: 1105765.3397759774
codetable_size: 736.8072394051304
complete: 1106502.1470153825
Partition 13 ratio: 0.13970243557622453
processing tkmeans_batch_results/k16/batch-4/connect_tkmeans__14_k16...
chunks ... [0, 1435, 2870, 4305, 5741]
num codes: 593
num codes with support 0: 0
chunks ... [0, 1435, 2870, 4305, 5741]
num codes with usage 0: 101
database_size: 125858.28724859659
codetable_size: 22009.639680001423
complete: 147867.92692859803
database_size: 1023642.1972207188
codetable_size: 745.79785749075
complete: 1024387.9950782096
Partition 14 ratio: 0.14434757888519445
processing tkmeans_batch_results/k16/batch-4/connect_tkmeans__15_k16...
chunks ... [0, 922, 1844, 2766, 3689]
num codes: 454
num codes with support 0: 0
chunks ... [0, 922, 1844, 2766, 3689]
num codes with usage 0: 91
database_size: 82369.92431234661
codetable_size: 15378.853771062388
complete: 97748.77808340901
database_size: 655928.1570367317
codetable_size: 683.4641792208922
complete: 656611.6212159526
Partition 15 ratio: 0.14886848621776141
number of codetables: 16
size: 528
size: 551
size: 356
size: 419
size: 589
size: 425
size: 396
size: 547
size: 531
size: 544
size: 559
size: 635
size: 427
size: 549
size: 593
size: 454
database_size: 12320561.926931633
codetable_size: 786.6889113503379
complete: 12321348.615842983
current singletons: {1, 2, 3, 4, 5, 6, 7, 8, 9, 10, 11, 12, 13, 14, 15, 16, 17, 18, 19, 22, 23, 24, 25, 26, 27, 28, 29, 30, 31, 32, 33, 34, 35, 36, 37, 40, 41, 43, 44, 45, 46, 47, 48, 49, 50, 51, 52, 53, 54, 55, 56, 57, 58, 59, 60, 61, 62, 63, 64, 65, 66, 67, 68, 69, 70, 71, 72, 73, 74, 75, 76, 77, 78, 79, 80, 81, 82, 83, 84, 85, 86, 87, 88, 91, 94, 95, 96, 97, 98, 99, 100, 101, 102, 103, 104, 105, 106, 107, 108, 109, 112, 113, 114, 115, 116, 117, 118, 119, 120, 121, 122, 123, 124, 125, 126, 127, 128, 129}
Added 11 singletons
added:  {38, 39, 42, 110, 111, 20, 21, 89, 90, 92, 93}
chunks ... [0, 16889, 33778, 50667, 67557]
num codes: 539
num codes with support 0: 0
chunks ... [0, 16889, 33778, 50667, 67557]
database_size: 2885416.403267658
codetable_size: 20790.085569247392
complete: 2906206.4888369055
Partition ratio: 0.2358675644563826
current singletons: {1, 2, 3, 4, 5, 6, 7, 8, 9, 10, 11, 12, 13, 14, 15, 16, 17, 18, 19, 20, 21, 22, 23, 24, 25, 26, 27, 28, 29, 30, 31, 32, 33, 34, 35, 37, 40, 41, 42, 43, 44, 45, 46, 47, 48, 49, 50, 51, 52, 53, 54, 55, 56, 57, 58, 59, 60, 61, 62, 63, 64, 65, 66, 67, 68, 69, 70, 71, 72, 75, 76, 77, 78, 79, 80, 81, 82, 83, 84, 85, 87, 88, 91, 94, 95, 96, 97, 98, 99, 100, 101, 102, 103, 104, 105, 106, 107, 108, 109, 112, 113, 114, 115, 116, 117, 118, 119, 120, 121, 122, 123, 124, 125, 126, 127, 128, 129}
Added 12 singletons
added:  {36, 38, 39, 73, 74, 110, 111, 86, 89, 90, 92, 93}
chunks ... [0, 16889, 33778, 50667, 67557]
num codes: 563
num codes with support 0: 0
chunks ... [0, 16889, 33778, 50667, 67557]
database_size: 3314586.1485985606
codetable_size: 22092.08097346981
complete: 3336678.2295720302
Partition ratio: 0.27080462809742084
current singletons: {1, 2, 3, 4, 5, 6, 7, 8, 9, 10, 11, 12, 13, 14, 15, 16, 19, 23, 24, 25, 26, 27, 28, 29, 30, 31, 32, 33, 34, 35, 36, 37, 38, 40, 41, 42, 43, 44, 45, 46, 47, 48, 49, 50, 51, 52, 53, 54, 55, 58, 59, 60, 61, 62, 63, 64, 65, 66, 67, 68, 69, 70, 71, 72, 75, 77, 78, 79, 80, 81, 82, 83, 84, 85, 86, 87, 88, 89, 90, 91, 92, 93, 94, 95, 96, 97, 98, 99, 100, 101, 102, 103, 104, 105, 106, 107, 109, 112, 113, 114, 115, 116, 117, 118, 119, 120, 121, 122, 123, 124, 125, 126, 127}
Added 16 singletons
added:  {128, 129, 39, 73, 74, 76, 108, 110, 111, 17, 18, 20, 21, 22, 56, 57}
chunks ... [0, 16889, 33778, 50667, 67557]
num codes: 372
num codes with support 0: 0
chunks ... [0, 16889, 33778, 50667, 67557]
database_size: 4068053.719511657
codetable_size: 11091.936195472275
complete: 4079145.6557071293
Partition ratio: 0.3310632450137885
current singletons: {1, 2, 3, 4, 5, 6, 7, 8, 9, 10, 11, 12, 13, 14, 15, 16, 17, 18, 19, 22, 23, 24, 25, 26, 27, 28, 29, 30, 31, 32, 33, 34, 35, 36, 37, 40, 41, 42, 43, 44, 45, 46, 47, 48, 49, 50, 51, 52, 53, 54, 55, 58, 59, 60, 61, 62, 63, 64, 65, 66, 67, 68, 69, 70, 71, 72, 73, 74, 75, 76, 77, 78, 79, 80, 81, 82, 83, 84, 85, 86, 87, 88, 91, 94, 95, 96, 97, 98, 99, 100, 101, 102, 103, 104, 105, 106, 109, 112, 113, 114, 115, 116, 117, 118, 119, 120, 121, 122, 123, 124, 125, 126, 127, 128, 129}
Added 14 singletons
added:  {38, 39, 107, 108, 110, 111, 20, 21, 56, 89, 90, 92, 93, 57}
chunks ... [0, 16889, 33778, 50667, 67557]
num codes: 433
num codes with support 0: 0
chunks ... [0, 16889, 33778, 50667, 67557]
database_size: 2838481.9995930293
codetable_size: 14849.17983601416
complete: 2853331.1794290436
Partition ratio: 0.23157620714993696
current singletons: {1, 2, 3, 4, 5, 6, 7, 8, 9, 10, 11, 12, 13, 14, 15, 16, 17, 18, 19, 20, 21, 22, 23, 24, 25, 26, 27, 28, 29, 30, 31, 32, 33, 34, 35, 36, 37, 38, 39, 40, 41, 42, 43, 44, 45, 46, 47, 48, 49, 50, 51, 52, 53, 54, 55, 56, 57, 58, 59, 60, 61, 62, 63, 64, 65, 66, 67, 68, 69, 70, 71, 72, 73, 74, 75, 76, 77, 78, 79, 80, 81, 82, 83, 84, 85, 86, 87, 88, 89, 91, 94, 95, 96, 97, 98, 99, 100, 101, 102, 103, 104, 105, 106, 107, 108, 109, 112, 113, 114, 115, 116, 117, 118, 119, 120, 121, 122, 123, 124, 125, 126, 127, 128, 129}
Added 5 singletons
added:  {110, 111, 90, 92, 93}
chunks ... [0, 16889, 33778, 50667, 67557]
num codes: 594
num codes with support 0: 0
chunks ... [0, 16889, 33778, 50667, 67557]
database_size: 2494736.1121702753
codetable_size: 22127.09904965509
complete: 2516863.2112199306
Partition ratio: 0.2042684847001008
current singletons: {1, 2, 3, 4, 5, 6, 7, 8, 9, 10, 11, 12, 13, 14, 15, 16, 19, 22, 23, 24, 25, 26, 27, 28, 29, 30, 31, 32, 33, 34, 37, 40, 41, 42, 43, 44, 45, 46, 47, 48, 49, 50, 51, 52, 53, 54, 55, 56, 57, 58, 59, 60, 61, 62, 63, 64, 65, 66, 67, 68, 69, 72, 75, 76, 77, 78, 79, 80, 81, 82, 83, 84, 85, 88, 91, 94, 95, 96, 97, 98, 99, 100, 101, 102, 103, 104, 105, 106, 107, 108, 109, 110, 112, 113, 114, 115, 116, 117, 118, 119, 120, 121, 122, 123, 124, 125, 126, 127, 128, 129}
Added 19 singletons
added:  {17, 18, 20, 21, 35, 36, 38, 39, 70, 71, 73, 74, 86, 87, 89, 90, 92, 93, 111}
chunks ... [0, 16889, 33778, 50667, 67557]
num codes: 444
num codes with support 0: 0
chunks ... [0, 16889, 33778, 50667, 67557]
database_size: 3503385.5053513525
codetable_size: 15686.257912459412
complete: 3519071.763263812
Partition ratio: 0.2856076776156576
current singletons: {1, 2, 3, 4, 5, 6, 7, 8, 9, 10, 11, 12, 13, 14, 15, 16, 19, 22, 23, 24, 25, 26, 27, 28, 29, 30, 31, 32, 33, 34, 35, 36, 37, 38, 39, 40, 41, 42, 43, 44, 45, 46, 47, 48, 49, 50, 51, 52, 55, 58, 59, 60, 61, 62, 63, 64, 65, 66, 67, 68, 69, 71, 72, 75, 76, 77, 78, 79, 80, 81, 82, 83, 84, 85, 86, 87, 88, 89, 90, 91, 94, 95, 96, 97, 98, 99, 100, 101, 102, 103, 104, 105, 106, 107, 108, 109, 112, 113, 114, 115, 116, 117, 118, 119, 120, 121, 122, 123, 124, 125, 126, 127, 128}
Added 16 singletons
added:  {129, 70, 73, 74, 110, 111, 17, 18, 20, 53, 54, 21, 56, 57, 92, 93}
chunks ... [0, 16889, 33778, 50667, 67557]
num codes: 412
num codes with support 0: 0
chunks ... [0, 16889, 33778, 50667, 67557]
database_size: 3442598.027689778
codetable_size: 13537.114790023554
complete: 3456135.1424798016
Partition ratio: 0.280499744811688
current singletons: {1, 2, 3, 4, 5, 6, 7, 8, 9, 10, 11, 12, 13, 14, 15, 16, 17, 18, 19, 20, 21, 22, 23, 24, 25, 26, 27, 28, 29, 30, 31, 32, 33, 34, 35, 36, 37, 40, 41, 42, 43, 44, 45, 46, 47, 48, 49, 50, 51, 52, 53, 54, 55, 56, 58, 59, 60, 61, 62, 63, 64, 65, 66, 67, 68, 69, 70, 71, 72, 73, 74, 75, 76, 77, 78, 79, 80, 81, 82, 83, 84, 85, 86, 87, 88, 89, 90, 91, 92, 94, 95, 96, 97, 98, 99, 100, 101, 102, 103, 104, 105, 106, 109, 112, 113, 114, 115, 116, 117, 118, 119, 120, 121, 122, 123, 124, 125, 126, 127, 128, 129}
Added 8 singletons
added:  {38, 39, 107, 108, 110, 111, 57, 93}
chunks ... [0, 16889, 33778, 50667, 67557]
num codes: 555
num codes with support 0: 0
chunks ... [0, 16889, 33778, 50667, 67557]
database_size: 2507263.1937420075
codetable_size: 21529.283687351337
complete: 2528792.4774293588
Partition ratio: 0.2052366633127966
current singletons: {1, 2, 3, 4, 5, 6, 7, 8, 9, 10, 11, 12, 13, 14, 15, 16, 17, 18, 19, 20, 21, 22, 23, 24, 25, 26, 27, 28, 29, 30, 31, 32, 33, 34, 35, 37, 40, 41, 42, 43, 44, 45, 46, 47, 48, 49, 50, 51, 52, 53, 54, 55, 56, 57, 58, 59, 60, 61, 62, 63, 64, 65, 66, 67, 68, 69, 70, 71, 72, 73, 75, 77, 78, 79, 80, 81, 82, 83, 84, 85, 86, 87, 88, 89, 90, 91, 92, 93, 94, 95, 96, 97, 98, 99, 100, 101, 102, 103, 104, 105, 106, 107, 108, 109, 112, 113, 114, 115, 116, 117, 118, 119, 120, 121, 122, 123, 124, 125, 126, 127, 128}
Added 8 singletons
added:  {129, 36, 38, 39, 74, 76, 110, 111}
chunks ... [0, 16889, 33778, 50667, 67557]
num codes: 539
num codes with support 0: 0
chunks ... [0, 16889, 33778, 50667, 67557]
database_size: 3413842.934373804
codetable_size: 19730.299478759498
complete: 3433573.2338525634
Partition ratio: 0.2786686215044367
current singletons: {1, 2, 3, 4, 5, 6, 7, 8, 9, 10, 11, 12, 13, 14, 15, 16, 17, 18, 19, 20, 21, 22, 23, 24, 25, 26, 27, 28, 29, 30, 31, 32, 33, 34, 35, 36, 37, 40, 41, 42, 43, 44, 45, 46, 47, 48, 49, 50, 51, 52, 53, 54, 55, 58, 59, 60, 61, 62, 63, 64, 65, 66, 67, 68, 69, 70, 71, 72, 73, 74, 75, 76, 77, 78, 79, 80, 81, 82, 83, 84, 85, 86, 87, 88, 89, 91, 94, 95, 96, 97, 98, 99, 100, 101, 102, 103, 104, 105, 106, 107, 108, 109, 110, 111, 112, 113, 114, 115, 116, 117, 118, 119, 120, 121, 122, 123, 124, 125, 126, 127, 128, 129}
Added 7 singletons
added:  {38, 39, 56, 57, 90, 92, 93}
chunks ... [0, 16889, 33778, 50667, 67557]
num codes: 551
num codes with support 0: 0
chunks ... [0, 16889, 33778, 50667, 67557]
database_size: 2709590.4190686676
codetable_size: 20734.32141818012
complete: 2730324.7404868477
Partition ratio: 0.2215930110910224
current singletons: {1, 2, 3, 4, 5, 6, 7, 8, 9, 10, 11, 12, 13, 14, 15, 16, 17, 18, 19, 20, 21, 22, 23, 24, 25, 26, 27, 28, 29, 30, 31, 32, 33, 34, 37, 40, 41, 42, 43, 44, 45, 46, 47, 48, 49, 50, 51, 52, 53, 54, 55, 56, 57, 58, 59, 60, 61, 62, 63, 64, 65, 66, 67, 68, 69, 70, 71, 72, 73, 74, 75, 76, 77, 78, 79, 80, 81, 82, 83, 84, 85, 86, 87, 88, 89, 90, 91, 92, 94, 95, 96, 97, 98, 99, 100, 101, 102, 103, 104, 105, 106, 107, 109, 112, 113, 114, 115, 116, 117, 118, 119, 120, 121, 122, 123, 124, 125, 126, 127, 128, 129}
Added 8 singletons
added:  {35, 36, 38, 39, 108, 110, 111, 93}
chunks ... [0, 16889, 33778, 50667, 67557]
num codes: 567
num codes with support 0: 0
chunks ... [0, 16889, 33778, 50667, 67557]
database_size: 2566648.5430806787
codetable_size: 21258.635794792666
complete: 2587907.1788754715
Partition ratio: 0.21003440934605971
current singletons: {1, 2, 3, 4, 5, 6, 7, 8, 9, 10, 11, 12, 13, 14, 15, 16, 17, 18, 19, 20, 21, 22, 23, 24, 25, 26, 27, 28, 29, 30, 31, 32, 33, 34, 35, 36, 37, 40, 41, 42, 43, 44, 45, 46, 47, 48, 49, 50, 51, 52, 53, 54, 55, 56, 57, 58, 59, 60, 61, 62, 63, 64, 65, 66, 67, 68, 69, 70, 71, 72, 73, 74, 75, 76, 77, 78, 79, 80, 81, 82, 83, 84, 85, 86, 87, 88, 91, 94, 95, 96, 97, 98, 99, 100, 101, 102, 103, 104, 105, 106, 107, 108, 109, 110, 111, 112, 113, 114, 115, 116, 117, 118, 119, 120, 121, 122, 123, 124, 125, 126, 127}
Added 8 singletons
added:  {128, 129, 38, 39, 89, 90, 92, 93}
chunks ... [0, 16889, 33778, 50667, 67557]
num codes: 643
num codes with support 0: 0
chunks ... [0, 16889, 33778, 50667, 67557]
database_size: 2350616.4459456955
codetable_size: 25718.994813159297
complete: 2376335.4407588546
Partition ratio: 0.19286325830464088
current singletons: {1, 2, 3, 4, 5, 6, 7, 8, 9, 10, 11, 12, 13, 14, 15, 16, 19, 23, 24, 25, 26, 27, 28, 29, 30, 31, 32, 33, 34, 35, 36, 37, 38, 39, 40, 41, 42, 43, 44, 45, 46, 47, 48, 49, 50, 51, 52, 53, 54, 55, 58, 59, 60, 61, 62, 63, 64, 65, 66, 67, 68, 69, 70, 71, 72, 73, 74, 75, 76, 77, 78, 79, 80, 81, 82, 83, 84, 85, 86, 88, 91, 94, 95, 96, 97, 98, 99, 100, 101, 102, 103, 104, 105, 106, 107, 108, 109, 110, 111, 112, 113, 114, 115, 116, 117, 118, 119, 120, 121, 122, 123, 124, 125, 126, 127}
Added 14 singletons
added:  {128, 129, 17, 18, 20, 21, 22, 87, 56, 89, 90, 92, 93, 57}
chunks ... [0, 16889, 33778, 50667, 67557]
num codes: 441
num codes with support 0: 0
chunks ... [0, 16889, 33778, 50667, 67557]
database_size: 3172968.8926496087
codetable_size: 15927.356874155314
complete: 3188896.249523764
Partition ratio: 0.2588106504367088
current singletons: {1, 2, 3, 4, 5, 6, 7, 8, 9, 10, 11, 12, 13, 14, 15, 16, 17, 18, 19, 23, 24, 25, 26, 27, 28, 29, 30, 31, 32, 33, 34, 35, 36, 37, 38, 39, 40, 41, 42, 43, 44, 45, 46, 47, 48, 49, 50, 51, 52, 53, 54, 55, 56, 57, 58, 59, 60, 61, 62, 63, 64, 65, 66, 67, 68, 69, 70, 71, 72, 73, 74, 75, 76, 77, 78, 79, 80, 81, 82, 83, 84, 85, 86, 87, 88, 89, 91, 94, 95, 96, 97, 98, 99, 100, 101, 102, 103, 104, 105, 106, 107, 108, 109, 112, 113, 114, 115, 116, 117, 118, 119, 120, 121, 122, 123, 124, 125, 126, 127, 128}
Added 9 singletons
added:  {129, 110, 111, 20, 21, 22, 90, 92, 93}
chunks ... [0, 16889, 33778, 50667, 67557]
num codes: 558
num codes with support 0: 0
chunks ... [0, 16889, 33778, 50667, 67557]
database_size: 2606117.889580382
codetable_size: 22205.643169093506
complete: 2628323.5327494754
Partition ratio: 0.2133145984823395
current singletons: {1, 2, 3, 4, 5, 6, 7, 8, 9, 10, 11, 12, 13, 14, 15, 16, 17, 18, 19, 20, 21, 22, 23, 24, 25, 26, 27, 28, 29, 30, 31, 32, 33, 34, 35, 36, 37, 40, 41, 42, 43, 44, 45, 46, 47, 48, 49, 50, 51, 52, 53, 54, 55, 56, 57, 58, 59, 60, 61, 62, 63, 64, 65, 66, 67, 68, 69, 70, 71, 72, 73, 74, 75, 76, 77, 78, 79, 80, 81, 82, 83, 84, 85, 87, 88, 91, 94, 95, 96, 97, 98, 99, 100, 101, 102, 103, 104, 105, 106, 107, 108, 109, 110, 111, 112, 113, 114, 115, 116, 117, 118, 119, 120, 121, 122, 123, 124, 125, 126, 127}
Added 9 singletons
added:  {128, 129, 38, 39, 86, 89, 90, 92, 93}
chunks ... [0, 16889, 33778, 50667, 67557]
num codes: 602
num codes with support 0: 0
chunks ... [0, 16889, 33778, 50667, 67557]
database_size: 2413491.654379803
codetable_size: 23273.024563392104
complete: 2436764.6789431954
Partition ratio: 0.19776769206984088
current singletons: {1, 2, 3, 4, 5, 6, 7, 8, 9, 10, 11, 12, 13, 14, 15, 16, 17, 18, 19, 22, 23, 24, 25, 26, 27, 28, 29, 30, 31, 32, 33, 34, 37, 40, 41, 42, 43, 44, 45, 46, 47, 48, 49, 50, 51, 52, 53, 54, 55, 56, 57, 58, 59, 60, 61, 62, 63, 64, 65, 66, 67, 68, 69, 70, 71, 72, 73, 75, 76, 77, 78, 79, 80, 81, 82, 83, 84, 85, 86, 88, 91, 94, 95, 96, 97, 98, 99, 100, 101, 102, 103, 104, 105, 106, 107, 108, 109, 112, 113, 114, 115, 116, 117, 118, 119, 120, 121, 122, 123, 124, 125, 126, 127, 128}
Added 15 singletons
added:  {129, 35, 36, 38, 39, 74, 110, 111, 20, 21, 87, 89, 90, 92, 93}
chunks ... [0, 16889, 33778, 50667, 67557]
num codes: 469
num codes with support 0: 0
chunks ... [0, 16889, 33778, 50667, 67557]
database_size: 3236491.6334382617
codetable_size: 16710.337503505794
complete: 3253201.9709417676
Partition ratio: 0.26402969937550097
merged table size: 643
chunks ... [0, 16889, 33778, 50667, 67557]
chunks ... [0, 16889, 33778, 50667, 67557]
merged table size without non-used codes: 592
database_size: 2350616.4459456955
codetable_size: 25718.994813159297
complete: 2376335.4407588546
database_size: 12320561.926931633
codetable_size: 786.6889113503379
complete: 12321348.615842983
merged size: 2376335.4407588546
sct size: 12321348.615842983
merged ratio: 0.19286325830464088
time elapsed: 144.18276453018188
-- MERGING METHOD informed
processing tkmeans_batch_results/k16/batch-4/connect_tkmeans__0_k16...
chunks ... [0, 1276, 2552, 3828, 5105]
num codes: 528
num codes with support 0: 0
chunks ... [0, 1276, 2552, 3828, 5105]
num codes with usage 0: 108
database_size: 108659.53517064275
codetable_size: 19330.153703995114
complete: 127989.68887463785
database_size: 910413.3230973025
codetable_size: 719.9877645921769
complete: 911133.3108618946
Partition 0 ratio: 0.14047306508151355
processing tkmeans_batch_results/k16/batch-4/connect_tkmeans__1_k16...
chunks ... [0, 1346, 2692, 4038, 5385]
num codes: 551
num codes with support 0: 0
chunks ... [0, 1346, 2692, 4038, 5385]
num codes with usage 0: 90
database_size: 112749.11493294794
codetable_size: 20718.876372648538
complete: 133467.9913055965
database_size: 960295.6416738942
codetable_size: 713.5383533927383
complete: 961009.180027287
Partition 1 ratio: 0.1388831595779416
processing tkmeans_batch_results/k16/batch-4/connect_tkmeans__2_k16...
chunks ... [0, 372, 744, 1116, 1490]
num codes: 356
num codes with support 0: 0
chunks ... [0, 372, 744, 1116, 1490]
num codes with usage 0: 84
database_size: 34476.46276719608
codetable_size: 9478.73786274771
complete: 43955.200629943785
database_size: 263604.07403669006
codetable_size: 671.0251679222581
complete: 264275.0992046123
Partition 2 ratio: 0.1663236557747422
processing tkmeans_batch_results/k16/batch-4/connect_tkmeans__3_k16...
chunks ... [0, 787, 1574, 2361, 3150]
num codes: 419
num codes with support 0: 0
chunks ... [0, 787, 1574, 2361, 3150]
num codes with usage 0: 97
database_size: 68561.86849700306
codetable_size: 13652.544615173454
complete: 82214.41311217651
database_size: 559394.5924953428
codetable_size: 690.5266702229329
complete: 560085.1191655658
Partition 3 ratio: 0.14678914025543544
processing tkmeans_batch_results/k16/batch-4/connect_tkmeans__4_k16...
chunks ... [0, 1199, 2398, 3597, 4796]
num codes: 589
num codes with support 0: 0
chunks ... [0, 1199, 2398, 3597, 4796]
num codes with usage 0: 116
database_size: 104861.65799403317
codetable_size: 20876.19718875011
complete: 125737.85518278329
database_size: 857335.2508661213
codetable_size: 774.9913970966113
complete: 858110.2422632179
Partition 4 ratio: 0.146528789647303
processing tkmeans_batch_results/k16/batch-4/connect_tkmeans__5_k16...
chunks ... [0, 639, 1278, 1917, 2557]
num codes: 425
num codes with support 0: 0
chunks ... [0, 639, 1278, 1917, 2557]
num codes with usage 0: 86
database_size: 55307.4829733864
codetable_size: 14239.712597366266
complete: 69547.19557075266
database_size: 452590.53302557336
codetable_size: 649.0664576135607
complete: 453239.5994831869
Partition 5 ratio: 0.15344465852069164
processing tkmeans_batch_results/k16/batch-4/connect_tkmeans__6_k16...
chunks ... [0, 525, 1050, 1575, 2102]
num codes: 396
num codes with support 0: 0
chunks ... [0, 525, 1050, 1575, 2102]
num codes with usage 0: 89
database_size: 47001.616312249425
codetable_size: 12009.568092112619
complete: 59011.184404362044
database_size: 372574.90649182914
codetable_size: 671.5020651000576
complete: 373246.4085569292
Partition 6 ratio: 0.1581024841806653
processing tkmeans_batch_results/k16/batch-4/connect_tkmeans__7_k16...
chunks ... [0, 1181, 2362, 3543, 4725]
num codes: 547
num codes with support 0: 0
chunks ... [0, 1181, 2362, 3543, 4725]
num codes with usage 0: 104
database_size: 105740.91619729795
codetable_size: 20126.44732361525
complete: 125867.3635209132
database_size: 845015.2198843776
codetable_size: 745.7182636281283
complete: 845760.9381480056
Partition 7 ratio: 0.14882144332242356
processing tkmeans_batch_results/k16/batch-4/connect_tkmeans__8_k16...
chunks ... [0, 993, 1986, 2979, 3973]
num codes: 531
num codes with support 0: 0
chunks ... [0, 993, 1986, 2979, 3973]
num codes with usage 0: 105
database_size: 83652.75984525788
codetable_size: 17916.611868017015
complete: 101569.3717132749
database_size: 706597.6508267695
codetable_size: 750.7145299391661
complete: 707348.3653567086
Partition 8 ratio: 0.14359172465473147
processing tkmeans_batch_results/k16/batch-4/connect_tkmeans__9_k16...
chunks ... [0, 1058, 2116, 3174, 4235]
num codes: 544
num codes with support 0: 0
chunks ... [0, 1058, 2116, 3174, 4235]
num codes with usage 0: 111
database_size: 93167.7576492595
codetable_size: 18979.13071001152
complete: 112146.88835927102
database_size: 759542.9479981455
codetable_size: 747.145771365413
complete: 760290.0937695109
Partition 9 ratio: 0.14750539205798124
processing tkmeans_batch_results/k16/batch-4/connect_tkmeans__10_k16...
chunks ... [0, 1166, 2332, 3498, 4664]
num codes: 559
num codes with support 0: 0
chunks ... [0, 1166, 2332, 3498, 4664]
num codes with usage 0: 102
database_size: 99996.17363336544
codetable_size: 19776.120983702294
complete: 119772.29461706773
database_size: 834556.844070345
codetable_size: 737.9990608154329
complete: 835294.8431311605
Partition 10 ratio: 0.14338924225617508
processing tkmeans_batch_results/k16/batch-4/connect_tkmeans__11_k16...
chunks ... [0, 1546, 3092, 4638, 6186]
num codes: 635
num codes with support 0: 0
chunks ... [0, 1546, 3092, 4638, 6186]
num codes with usage 0: 109
database_size: 133729.2325442628
codetable_size: 24414.673452513984
complete: 158143.9059967768
database_size: 1105935.621048613
codetable_size: 743.1101827516217
complete: 1106678.7312313647
Partition 11 ratio: 0.14289956202629406
processing tkmeans_batch_results/k16/batch-4/connect_tkmeans__12_k16...
chunks ... [0, 890, 1780, 2670, 3562]
num codes: 427
num codes with support 0: 0
chunks ... [0, 890, 1780, 2670, 3562]
num codes with usage 0: 95
database_size: 78213.38526240914
codetable_size: 14444.451095775103
complete: 92657.83635818424
database_size: 631434.2538186419
codetable_size: 707.7645259940306
complete: 632142.018344636
Partition 12 ratio: 0.14657756274582642
processing tkmeans_batch_results/k16/batch-4/connect_tkmeans__13_k16...
chunks ... [0, 1549, 3098, 4647, 6196]
num codes: 549
num codes with support 0: 0
chunks ... [0, 1549, 3098, 4647, 6196]
num codes with usage 0: 109
database_size: 133759.7483223614
codetable_size: 20821.29658600917
complete: 154581.0449083706
database_size: 1105765.3397759774
codetable_size: 736.8072394051304
complete: 1106502.1470153825
Partition 13 ratio: 0.13970243557622453
processing tkmeans_batch_results/k16/batch-4/connect_tkmeans__14_k16...
chunks ... [0, 1435, 2870, 4305, 5741]
num codes: 593
num codes with support 0: 0
chunks ... [0, 1435, 2870, 4305, 5741]
num codes with usage 0: 101
database_size: 125858.28724859659
codetable_size: 22009.639680001423
complete: 147867.92692859803
database_size: 1023642.1972207188
codetable_size: 745.79785749075
complete: 1024387.9950782096
Partition 14 ratio: 0.14434757888519445
processing tkmeans_batch_results/k16/batch-4/connect_tkmeans__15_k16...
chunks ... [0, 922, 1844, 2766, 3689]
num codes: 454
num codes with support 0: 0
chunks ... [0, 922, 1844, 2766, 3689]
num codes with usage 0: 91
database_size: 82369.92431234661
codetable_size: 15378.853771062388
complete: 97748.77808340901
database_size: 655928.1570367317
codetable_size: 683.4641792208922
complete: 656611.6212159526
Partition 15 ratio: 0.14886848621776141
number of codetables: 16
size: 528
size: 551
size: 356
size: 419
size: 589
size: 425
size: 396
size: 547
size: 531
size: 544
size: 559
size: 635
size: 427
size: 549
size: 593
size: 454
database_size: 12320561.926931633
codetable_size: 786.6889113503379
complete: 12321348.615842983
database_size: 12320561.926931633
codetable_size: 786.6889113503379
complete: 12321348.615842983
current singletons: {1, 2, 3, 4, 5, 6, 7, 8, 9, 10, 11, 12, 13, 14, 15, 16, 17, 18, 19, 22, 23, 24, 25, 26, 27, 28, 29, 30, 31, 32, 33, 34, 35, 36, 37, 40, 41, 43, 44, 45, 46, 47, 48, 49, 50, 51, 52, 53, 54, 55, 56, 57, 58, 59, 60, 61, 62, 63, 64, 65, 66, 67, 68, 69, 70, 71, 72, 73, 74, 75, 76, 77, 78, 79, 80, 81, 82, 83, 84, 85, 86, 87, 88, 91, 94, 95, 96, 97, 98, 99, 100, 101, 102, 103, 104, 105, 106, 107, 108, 109, 112, 113, 114, 115, 116, 117, 118, 119, 120, 121, 122, 123, 124, 125, 126, 127, 128, 129}
Added 11 singletons
added:  {38, 39, 42, 110, 111, 20, 21, 89, 90, 92, 93}
chunks ... [0, 16889, 33778, 50667, 67557]
num codes: 539
num codes with support 0: 0
chunks ... [0, 16889, 33778, 50667, 67557]
database_size: 2885416.403267658
codetable_size: 20790.085569247392
complete: 2906206.4888369055
Partition ratio: 0.2358675644563826
current singletons: {1, 2, 3, 4, 5, 6, 7, 8, 9, 10, 11, 12, 13, 14, 15, 16, 17, 18, 19, 20, 21, 22, 23, 24, 25, 26, 27, 28, 29, 30, 31, 32, 33, 34, 35, 37, 40, 41, 42, 43, 44, 45, 46, 47, 48, 49, 50, 51, 52, 53, 54, 55, 56, 57, 58, 59, 60, 61, 62, 63, 64, 65, 66, 67, 68, 69, 70, 71, 72, 75, 76, 77, 78, 79, 80, 81, 82, 83, 84, 85, 87, 88, 91, 94, 95, 96, 97, 98, 99, 100, 101, 102, 103, 104, 105, 106, 107, 108, 109, 112, 113, 114, 115, 116, 117, 118, 119, 120, 121, 122, 123, 124, 125, 126, 127, 128, 129}
Added 12 singletons
added:  {36, 38, 39, 73, 74, 110, 111, 86, 89, 90, 92, 93}
chunks ... [0, 16889, 33778, 50667, 67557]
num codes: 563
num codes with support 0: 0
chunks ... [0, 16889, 33778, 50667, 67557]
database_size: 3314586.1485985606
codetable_size: 22092.08097346981
complete: 3336678.2295720302
Partition ratio: 0.27080462809742084
current singletons: {1, 2, 3, 4, 5, 6, 7, 8, 9, 10, 11, 12, 13, 14, 15, 16, 19, 23, 24, 25, 26, 27, 28, 29, 30, 31, 32, 33, 34, 35, 36, 37, 38, 40, 41, 42, 43, 44, 45, 46, 47, 48, 49, 50, 51, 52, 53, 54, 55, 58, 59, 60, 61, 62, 63, 64, 65, 66, 67, 68, 69, 70, 71, 72, 75, 77, 78, 79, 80, 81, 82, 83, 84, 85, 86, 87, 88, 89, 90, 91, 92, 93, 94, 95, 96, 97, 98, 99, 100, 101, 102, 103, 104, 105, 106, 107, 109, 112, 113, 114, 115, 116, 117, 118, 119, 120, 121, 122, 123, 124, 125, 126, 127}
Added 16 singletons
added:  {128, 129, 39, 73, 74, 76, 108, 110, 111, 17, 18, 20, 21, 22, 56, 57}
chunks ... [0, 16889, 33778, 50667, 67557]
num codes: 372
num codes with support 0: 0
chunks ... [0, 16889, 33778, 50667, 67557]
database_size: 4068053.719511657
codetable_size: 11091.936195472275
complete: 4079145.6557071293
Partition ratio: 0.3310632450137885
current singletons: {1, 2, 3, 4, 5, 6, 7, 8, 9, 10, 11, 12, 13, 14, 15, 16, 17, 18, 19, 22, 23, 24, 25, 26, 27, 28, 29, 30, 31, 32, 33, 34, 35, 36, 37, 40, 41, 42, 43, 44, 45, 46, 47, 48, 49, 50, 51, 52, 53, 54, 55, 58, 59, 60, 61, 62, 63, 64, 65, 66, 67, 68, 69, 70, 71, 72, 73, 74, 75, 76, 77, 78, 79, 80, 81, 82, 83, 84, 85, 86, 87, 88, 91, 94, 95, 96, 97, 98, 99, 100, 101, 102, 103, 104, 105, 106, 109, 112, 113, 114, 115, 116, 117, 118, 119, 120, 121, 122, 123, 124, 125, 126, 127, 128, 129}
Added 14 singletons
added:  {38, 39, 107, 108, 110, 111, 20, 21, 56, 89, 90, 92, 93, 57}
chunks ... [0, 16889, 33778, 50667, 67557]
num codes: 433
num codes with support 0: 0
chunks ... [0, 16889, 33778, 50667, 67557]
database_size: 2838481.9995930293
codetable_size: 14849.17983601416
complete: 2853331.1794290436
Partition ratio: 0.23157620714993696
current singletons: {1, 2, 3, 4, 5, 6, 7, 8, 9, 10, 11, 12, 13, 14, 15, 16, 17, 18, 19, 20, 21, 22, 23, 24, 25, 26, 27, 28, 29, 30, 31, 32, 33, 34, 35, 36, 37, 38, 39, 40, 41, 42, 43, 44, 45, 46, 47, 48, 49, 50, 51, 52, 53, 54, 55, 56, 57, 58, 59, 60, 61, 62, 63, 64, 65, 66, 67, 68, 69, 70, 71, 72, 73, 74, 75, 76, 77, 78, 79, 80, 81, 82, 83, 84, 85, 86, 87, 88, 89, 91, 94, 95, 96, 97, 98, 99, 100, 101, 102, 103, 104, 105, 106, 107, 108, 109, 112, 113, 114, 115, 116, 117, 118, 119, 120, 121, 122, 123, 124, 125, 126, 127, 128, 129}
Added 5 singletons
added:  {110, 111, 90, 92, 93}
chunks ... [0, 16889, 33778, 50667, 67557]
num codes: 594
num codes with support 0: 0
chunks ... [0, 16889, 33778, 50667, 67557]
database_size: 2494736.1121702753
codetable_size: 22127.09904965509
complete: 2516863.2112199306
Partition ratio: 0.2042684847001008
current singletons: {1, 2, 3, 4, 5, 6, 7, 8, 9, 10, 11, 12, 13, 14, 15, 16, 19, 22, 23, 24, 25, 26, 27, 28, 29, 30, 31, 32, 33, 34, 37, 40, 41, 42, 43, 44, 45, 46, 47, 48, 49, 50, 51, 52, 53, 54, 55, 56, 57, 58, 59, 60, 61, 62, 63, 64, 65, 66, 67, 68, 69, 72, 75, 76, 77, 78, 79, 80, 81, 82, 83, 84, 85, 88, 91, 94, 95, 96, 97, 98, 99, 100, 101, 102, 103, 104, 105, 106, 107, 108, 109, 110, 112, 113, 114, 115, 116, 117, 118, 119, 120, 121, 122, 123, 124, 125, 126, 127, 128, 129}
Added 19 singletons
added:  {17, 18, 20, 21, 35, 36, 38, 39, 70, 71, 73, 74, 86, 87, 89, 90, 92, 93, 111}
chunks ... [0, 16889, 33778, 50667, 67557]
num codes: 444
num codes with support 0: 0
chunks ... [0, 16889, 33778, 50667, 67557]
database_size: 3503385.5053513525
codetable_size: 15686.257912459412
complete: 3519071.763263812
Partition ratio: 0.2856076776156576
current singletons: {1, 2, 3, 4, 5, 6, 7, 8, 9, 10, 11, 12, 13, 14, 15, 16, 19, 22, 23, 24, 25, 26, 27, 28, 29, 30, 31, 32, 33, 34, 35, 36, 37, 38, 39, 40, 41, 42, 43, 44, 45, 46, 47, 48, 49, 50, 51, 52, 55, 58, 59, 60, 61, 62, 63, 64, 65, 66, 67, 68, 69, 71, 72, 75, 76, 77, 78, 79, 80, 81, 82, 83, 84, 85, 86, 87, 88, 89, 90, 91, 94, 95, 96, 97, 98, 99, 100, 101, 102, 103, 104, 105, 106, 107, 108, 109, 112, 113, 114, 115, 116, 117, 118, 119, 120, 121, 122, 123, 124, 125, 126, 127, 128}
Added 16 singletons
added:  {129, 70, 73, 74, 110, 111, 17, 18, 20, 53, 54, 21, 56, 57, 92, 93}
chunks ... [0, 16889, 33778, 50667, 67557]
num codes: 412
num codes with support 0: 0
chunks ... [0, 16889, 33778, 50667, 67557]
database_size: 3442598.027689778
codetable_size: 13537.114790023554
complete: 3456135.1424798016
Partition ratio: 0.280499744811688
current singletons: {1, 2, 3, 4, 5, 6, 7, 8, 9, 10, 11, 12, 13, 14, 15, 16, 17, 18, 19, 20, 21, 22, 23, 24, 25, 26, 27, 28, 29, 30, 31, 32, 33, 34, 35, 36, 37, 40, 41, 42, 43, 44, 45, 46, 47, 48, 49, 50, 51, 52, 53, 54, 55, 56, 58, 59, 60, 61, 62, 63, 64, 65, 66, 67, 68, 69, 70, 71, 72, 73, 74, 75, 76, 77, 78, 79, 80, 81, 82, 83, 84, 85, 86, 87, 88, 89, 90, 91, 92, 94, 95, 96, 97, 98, 99, 100, 101, 102, 103, 104, 105, 106, 109, 112, 113, 114, 115, 116, 117, 118, 119, 120, 121, 122, 123, 124, 125, 126, 127, 128, 129}
Added 8 singletons
added:  {38, 39, 107, 108, 110, 111, 57, 93}
chunks ... [0, 16889, 33778, 50667, 67557]
num codes: 555
num codes with support 0: 0
chunks ... [0, 16889, 33778, 50667, 67557]
database_size: 2507263.1937420075
codetable_size: 21529.283687351337
complete: 2528792.4774293588
Partition ratio: 0.2052366633127966
current singletons: {1, 2, 3, 4, 5, 6, 7, 8, 9, 10, 11, 12, 13, 14, 15, 16, 17, 18, 19, 20, 21, 22, 23, 24, 25, 26, 27, 28, 29, 30, 31, 32, 33, 34, 35, 37, 40, 41, 42, 43, 44, 45, 46, 47, 48, 49, 50, 51, 52, 53, 54, 55, 56, 57, 58, 59, 60, 61, 62, 63, 64, 65, 66, 67, 68, 69, 70, 71, 72, 73, 75, 77, 78, 79, 80, 81, 82, 83, 84, 85, 86, 87, 88, 89, 90, 91, 92, 93, 94, 95, 96, 97, 98, 99, 100, 101, 102, 103, 104, 105, 106, 107, 108, 109, 112, 113, 114, 115, 116, 117, 118, 119, 120, 121, 122, 123, 124, 125, 126, 127, 128}
Added 8 singletons
added:  {129, 36, 38, 39, 74, 76, 110, 111}
chunks ... [0, 16889, 33778, 50667, 67557]
num codes: 539
num codes with support 0: 0
chunks ... [0, 16889, 33778, 50667, 67557]
database_size: 3413842.934373804
codetable_size: 19730.299478759498
complete: 3433573.2338525634
Partition ratio: 0.2786686215044367
current singletons: {1, 2, 3, 4, 5, 6, 7, 8, 9, 10, 11, 12, 13, 14, 15, 16, 17, 18, 19, 20, 21, 22, 23, 24, 25, 26, 27, 28, 29, 30, 31, 32, 33, 34, 35, 36, 37, 40, 41, 42, 43, 44, 45, 46, 47, 48, 49, 50, 51, 52, 53, 54, 55, 58, 59, 60, 61, 62, 63, 64, 65, 66, 67, 68, 69, 70, 71, 72, 73, 74, 75, 76, 77, 78, 79, 80, 81, 82, 83, 84, 85, 86, 87, 88, 89, 91, 94, 95, 96, 97, 98, 99, 100, 101, 102, 103, 104, 105, 106, 107, 108, 109, 110, 111, 112, 113, 114, 115, 116, 117, 118, 119, 120, 121, 122, 123, 124, 125, 126, 127, 128, 129}
Added 7 singletons
added:  {38, 39, 56, 57, 90, 92, 93}
chunks ... [0, 16889, 33778, 50667, 67557]
num codes: 551
num codes with support 0: 0
chunks ... [0, 16889, 33778, 50667, 67557]
database_size: 2709590.4190686676
codetable_size: 20734.32141818012
complete: 2730324.7404868477
Partition ratio: 0.2215930110910224
current singletons: {1, 2, 3, 4, 5, 6, 7, 8, 9, 10, 11, 12, 13, 14, 15, 16, 17, 18, 19, 20, 21, 22, 23, 24, 25, 26, 27, 28, 29, 30, 31, 32, 33, 34, 37, 40, 41, 42, 43, 44, 45, 46, 47, 48, 49, 50, 51, 52, 53, 54, 55, 56, 57, 58, 59, 60, 61, 62, 63, 64, 65, 66, 67, 68, 69, 70, 71, 72, 73, 74, 75, 76, 77, 78, 79, 80, 81, 82, 83, 84, 85, 86, 87, 88, 89, 90, 91, 92, 94, 95, 96, 97, 98, 99, 100, 101, 102, 103, 104, 105, 106, 107, 109, 112, 113, 114, 115, 116, 117, 118, 119, 120, 121, 122, 123, 124, 125, 126, 127, 128, 129}
Added 8 singletons
added:  {35, 36, 38, 39, 108, 110, 111, 93}
chunks ... [0, 16889, 33778, 50667, 67557]
num codes: 567
num codes with support 0: 0
chunks ... [0, 16889, 33778, 50667, 67557]
database_size: 2566648.5430806787
codetable_size: 21258.635794792666
complete: 2587907.1788754715
Partition ratio: 0.21003440934605971
current singletons: {1, 2, 3, 4, 5, 6, 7, 8, 9, 10, 11, 12, 13, 14, 15, 16, 17, 18, 19, 20, 21, 22, 23, 24, 25, 26, 27, 28, 29, 30, 31, 32, 33, 34, 35, 36, 37, 40, 41, 42, 43, 44, 45, 46, 47, 48, 49, 50, 51, 52, 53, 54, 55, 56, 57, 58, 59, 60, 61, 62, 63, 64, 65, 66, 67, 68, 69, 70, 71, 72, 73, 74, 75, 76, 77, 78, 79, 80, 81, 82, 83, 84, 85, 86, 87, 88, 91, 94, 95, 96, 97, 98, 99, 100, 101, 102, 103, 104, 105, 106, 107, 108, 109, 110, 111, 112, 113, 114, 115, 116, 117, 118, 119, 120, 121, 122, 123, 124, 125, 126, 127}
Added 8 singletons
added:  {128, 129, 38, 39, 89, 90, 92, 93}
chunks ... [0, 16889, 33778, 50667, 67557]
num codes: 643
num codes with support 0: 0
chunks ... [0, 16889, 33778, 50667, 67557]
database_size: 2350616.4459456955
codetable_size: 25718.994813159297
complete: 2376335.4407588546
Partition ratio: 0.19286325830464088
current singletons: {1, 2, 3, 4, 5, 6, 7, 8, 9, 10, 11, 12, 13, 14, 15, 16, 19, 23, 24, 25, 26, 27, 28, 29, 30, 31, 32, 33, 34, 35, 36, 37, 38, 39, 40, 41, 42, 43, 44, 45, 46, 47, 48, 49, 50, 51, 52, 53, 54, 55, 58, 59, 60, 61, 62, 63, 64, 65, 66, 67, 68, 69, 70, 71, 72, 73, 74, 75, 76, 77, 78, 79, 80, 81, 82, 83, 84, 85, 86, 88, 91, 94, 95, 96, 97, 98, 99, 100, 101, 102, 103, 104, 105, 106, 107, 108, 109, 110, 111, 112, 113, 114, 115, 116, 117, 118, 119, 120, 121, 122, 123, 124, 125, 126, 127}
Added 14 singletons
added:  {128, 129, 17, 18, 20, 21, 22, 87, 56, 89, 90, 92, 93, 57}
chunks ... [0, 16889, 33778, 50667, 67557]
num codes: 441
num codes with support 0: 0
chunks ... [0, 16889, 33778, 50667, 67557]
database_size: 3172968.8926496087
codetable_size: 15927.356874155314
complete: 3188896.249523764
Partition ratio: 0.2588106504367088
current singletons: {1, 2, 3, 4, 5, 6, 7, 8, 9, 10, 11, 12, 13, 14, 15, 16, 17, 18, 19, 23, 24, 25, 26, 27, 28, 29, 30, 31, 32, 33, 34, 35, 36, 37, 38, 39, 40, 41, 42, 43, 44, 45, 46, 47, 48, 49, 50, 51, 52, 53, 54, 55, 56, 57, 58, 59, 60, 61, 62, 63, 64, 65, 66, 67, 68, 69, 70, 71, 72, 73, 74, 75, 76, 77, 78, 79, 80, 81, 82, 83, 84, 85, 86, 87, 88, 89, 91, 94, 95, 96, 97, 98, 99, 100, 101, 102, 103, 104, 105, 106, 107, 108, 109, 112, 113, 114, 115, 116, 117, 118, 119, 120, 121, 122, 123, 124, 125, 126, 127, 128}
Added 9 singletons
added:  {129, 110, 111, 20, 21, 22, 90, 92, 93}
chunks ... [0, 16889, 33778, 50667, 67557]
num codes: 558
num codes with support 0: 0
chunks ... [0, 16889, 33778, 50667, 67557]
database_size: 2606117.889580382
codetable_size: 22205.643169093506
complete: 2628323.5327494754
Partition ratio: 0.2133145984823395
current singletons: {1, 2, 3, 4, 5, 6, 7, 8, 9, 10, 11, 12, 13, 14, 15, 16, 17, 18, 19, 20, 21, 22, 23, 24, 25, 26, 27, 28, 29, 30, 31, 32, 33, 34, 35, 36, 37, 40, 41, 42, 43, 44, 45, 46, 47, 48, 49, 50, 51, 52, 53, 54, 55, 56, 57, 58, 59, 60, 61, 62, 63, 64, 65, 66, 67, 68, 69, 70, 71, 72, 73, 74, 75, 76, 77, 78, 79, 80, 81, 82, 83, 84, 85, 87, 88, 91, 94, 95, 96, 97, 98, 99, 100, 101, 102, 103, 104, 105, 106, 107, 108, 109, 110, 111, 112, 113, 114, 115, 116, 117, 118, 119, 120, 121, 122, 123, 124, 125, 126, 127}
Added 9 singletons
added:  {128, 129, 38, 39, 86, 89, 90, 92, 93}
chunks ... [0, 16889, 33778, 50667, 67557]
num codes: 602
num codes with support 0: 0
chunks ... [0, 16889, 33778, 50667, 67557]
database_size: 2413491.654379803
codetable_size: 23273.024563392104
complete: 2436764.6789431954
Partition ratio: 0.19776769206984088
current singletons: {1, 2, 3, 4, 5, 6, 7, 8, 9, 10, 11, 12, 13, 14, 15, 16, 17, 18, 19, 22, 23, 24, 25, 26, 27, 28, 29, 30, 31, 32, 33, 34, 37, 40, 41, 42, 43, 44, 45, 46, 47, 48, 49, 50, 51, 52, 53, 54, 55, 56, 57, 58, 59, 60, 61, 62, 63, 64, 65, 66, 67, 68, 69, 70, 71, 72, 73, 75, 76, 77, 78, 79, 80, 81, 82, 83, 84, 85, 86, 88, 91, 94, 95, 96, 97, 98, 99, 100, 101, 102, 103, 104, 105, 106, 107, 108, 109, 112, 113, 114, 115, 116, 117, 118, 119, 120, 121, 122, 123, 124, 125, 126, 127, 128}
Added 15 singletons
added:  {129, 35, 36, 38, 39, 74, 110, 111, 20, 21, 87, 89, 90, 92, 93}
chunks ... [0, 16889, 33778, 50667, 67557]
num codes: 469
num codes with support 0: 0
chunks ... [0, 16889, 33778, 50667, 67557]
database_size: 3236491.6334382617
codetable_size: 16710.337503505794
complete: 3253201.9709417676
Partition ratio: 0.26402969937550097
initial ratio: 0.19286325830464088
merged: {11}
merged: {11}
to_process: {0, 1, 2, 3, 4, 5, 6, 7, 8, 9, 10, 12, 13, 14, 15}
[(0, 0.16772998549044085), (1, 0.19114512136347425), (2, 0.07320081206019223), (3, 0.10678517637609512), (4, 0.1257436244909213), (5, 0.1110334293775929), (6, 0.08585719877547857), (7, 0.12646900214286433), (8, 0.1536486594728048), (9, 0.12797852175831648), (10, 0.1328619629189456), (12, 0.1269929253648937), (13, 0.16564515597731377), (14, 0.15470796038216084), (15, 0.1442500205710471)]
next_candidate: 2
chunks ... [0, 16889, 33778, 50667, 67557]
chunks ... [0, 16889, 33778, 50667, 67557]
database_size: 3006503.2830690984
codetable_size: 35923.9638148804
complete: 3042427.2468839786
current_ratio: 0.19286325830464088 --- candidate_ratio:0.24692323395281407
!!!!! ********* merge rejected ... 
merged: {11}
to_process: {0, 1, 3, 4, 5, 6, 7, 8, 9, 10, 12, 13, 14, 15}
[(0, 0.16772998549044085), (1, 0.19114512136347425), (3, 0.10678517637609512), (4, 0.1257436244909213), (5, 0.1110334293775929), (6, 0.08585719877547857), (7, 0.12646900214286433), (8, 0.1536486594728048), (9, 0.12797852175831648), (10, 0.1328619629189456), (12, 0.1269929253648937), (13, 0.16564515597731377), (14, 0.15470796038216084), (15, 0.1442500205710471)]
next_candidate: 6
chunks ... [0, 16889, 33778, 50667, 67557]
chunks ... [0, 16889, 33778, 50667, 67557]
database_size: 2799282.322018752
codetable_size: 38396.27590090238
complete: 2837678.597919654
current_ratio: 0.19286325830464088 --- candidate_ratio:0.23030584446502247
!!!!! ********* merge rejected ... 
merged: {11}
to_process: {0, 1, 3, 4, 5, 7, 8, 9, 10, 12, 13, 14, 15}
[(0, 0.16772998549044085), (1, 0.19114512136347425), (3, 0.10678517637609512), (4, 0.1257436244909213), (5, 0.1110334293775929), (7, 0.12646900214286433), (8, 0.1536486594728048), (9, 0.12797852175831648), (10, 0.1328619629189456), (12, 0.1269929253648937), (13, 0.16564515597731377), (14, 0.15470796038216084), (15, 0.1442500205710471)]
next_candidate: 3
chunks ... [0, 16889, 33778, 50667, 67557]
chunks ... [0, 16889, 33778, 50667, 67557]
database_size: 2682167.917864815
codetable_size: 40268.42141593791
complete: 2722436.339280753
current_ratio: 0.19286325830464088 --- candidate_ratio:0.22095278886762457
!!!!! ********* merge rejected ... 
merged: {11}
to_process: {0, 1, 4, 5, 7, 8, 9, 10, 12, 13, 14, 15}
[(0, 0.16772998549044085), (1, 0.19114512136347425), (4, 0.1257436244909213), (5, 0.1110334293775929), (7, 0.12646900214286433), (8, 0.1536486594728048), (9, 0.12797852175831648), (10, 0.1328619629189456), (12, 0.1269929253648937), (13, 0.16564515597731377), (14, 0.15470796038216084), (15, 0.1442500205710471)]
next_candidate: 5
chunks ... [0, 16889, 33778, 50667, 67557]
chunks ... [0, 16889, 33778, 50667, 67557]
database_size: 2951085.598324036
codetable_size: 40987.0439833986
complete: 2992072.6423074347
current_ratio: 0.19286325830464088 --- candidate_ratio:0.24283645691675185
!!!!! ********* merge rejected ... 
merged: {11}
to_process: {0, 1, 4, 7, 8, 9, 10, 12, 13, 14, 15}
[(0, 0.16772998549044085), (1, 0.19114512136347425), (4, 0.1257436244909213), (7, 0.12646900214286433), (8, 0.1536486594728048), (9, 0.12797852175831648), (10, 0.1328619629189456), (12, 0.1269929253648937), (13, 0.16564515597731377), (14, 0.15470796038216084), (15, 0.1442500205710471)]
next_candidate: 4
chunks ... [0, 16889, 33778, 50667, 67557]
chunks ... [0, 16889, 33778, 50667, 67557]
database_size: 2520603.7423893535
codetable_size: 47654.3776347604
complete: 2568258.120024114
current_ratio: 0.19286325830464088 --- candidate_ratio:0.20843969277208887
!!!!! ********* merge rejected ... 
merged: {11}
to_process: {0, 1, 7, 8, 9, 10, 12, 13, 14, 15}
[(0, 0.16772998549044085), (1, 0.19114512136347425), (7, 0.12646900214286433), (8, 0.1536486594728048), (9, 0.12797852175831648), (10, 0.1328619629189456), (12, 0.1269929253648937), (13, 0.16564515597731377), (14, 0.15470796038216084), (15, 0.1442500205710471)]
next_candidate: 7
chunks ... [0, 16889, 33778, 50667, 67557]
chunks ... [0, 16889, 33778, 50667, 67557]
database_size: 2434139.284361978
codetable_size: 46762.942881461146
complete: 2480902.2272434393
current_ratio: 0.19286325830464088 --- candidate_ratio:0.20134989314834062
!!!!! ********* merge rejected ... 
merged: {11}
to_process: {0, 1, 8, 9, 10, 12, 13, 14, 15}
[(0, 0.16772998549044085), (1, 0.19114512136347425), (8, 0.1536486594728048), (9, 0.12797852175831648), (10, 0.1328619629189456), (12, 0.1269929253648937), (13, 0.16564515597731377), (14, 0.15470796038216084), (15, 0.1442500205710471)]
next_candidate: 12
chunks ... [0, 16889, 33778, 50667, 67557]
chunks ... [0, 16889, 33778, 50667, 67557]
database_size: 2703275.936799257
codetable_size: 40573.23084176023
complete: 2743849.167641017
current_ratio: 0.19286325830464088 --- candidate_ratio:0.22269065288136827
!!!!! ********* merge rejected ... 
merged: {11}
to_process: {0, 1, 8, 9, 10, 13, 14, 15}
[(0, 0.16772998549044085), (1, 0.19114512136347425), (8, 0.1536486594728048), (9, 0.12797852175831648), (10, 0.1328619629189456), (13, 0.16564515597731377), (14, 0.15470796038216084), (15, 0.1442500205710471)]
next_candidate: 9
chunks ... [0, 16889, 33778, 50667, 67557]
chunks ... [0, 16889, 33778, 50667, 67557]
database_size: 2407345.200970616
codetable_size: 45839.09269078424
complete: 2453184.2936614
current_ratio: 0.19286325830464088 --- candidate_ratio:0.1991003071292908
!!!!! ********* merge rejected ... 
merged: {11}
to_process: {0, 1, 8, 10, 13, 14, 15}
[(0, 0.16772998549044085), (1, 0.19114512136347425), (8, 0.1536486594728048), (10, 0.1328619629189456), (13, 0.16564515597731377), (14, 0.15470796038216084), (15, 0.1442500205710471)]
next_candidate: 10
chunks ... [0, 16889, 33778, 50667, 67557]
chunks ... [0, 16889, 33778, 50667, 67557]
database_size: 2576496.8761880826
codetable_size: 46293.11974622606
complete: 2622789.9959343085
current_ratio: 0.19286325830464088 --- candidate_ratio:0.2128654969279811
!!!!! ********* merge rejected ... 
merged: {11}
to_process: {0, 1, 8, 13, 14, 15}
[(0, 0.16772998549044085), (1, 0.19114512136347425), (8, 0.1536486594728048), (13, 0.16564515597731377), (14, 0.15470796038216084), (15, 0.1442500205710471)]
next_candidate: 15
chunks ... [0, 16889, 33778, 50667, 67557]
chunks ... [0, 16889, 33778, 50667, 67557]
database_size: 2655263.7918177242
codetable_size: 41491.3069730441
complete: 2696755.0987907685
current_ratio: 0.19286325830464088 --- candidate_ratio:0.218868500751877
!!!!! ********* merge rejected ... 
merged: {11}
to_process: {0, 1, 8, 13, 14}
[(0, 0.16772998549044085), (1, 0.19114512136347425), (8, 0.1536486594728048), (13, 0.16564515597731377), (14, 0.15470796038216084)]
next_candidate: 8
chunks ... [0, 16889, 33778, 50667, 67557]
chunks ... [0, 16889, 33778, 50667, 67557]
database_size: 2865140.8562945696
codetable_size: 44358.544700185514
complete: 2909499.400994755
current_ratio: 0.19286325830464088 --- candidate_ratio:0.23613481703242087
!!!!! ********* merge rejected ... 
merged: {11}
to_process: {0, 1, 13, 14}
[(0, 0.16772998549044085), (1, 0.19114512136347425), (13, 0.16564515597731377), (14, 0.15470796038216084)]
next_candidate: 14
chunks ... [0, 16889, 33778, 50667, 67557]
chunks ... [0, 16889, 33778, 50667, 67557]
database_size: 2615462.2802354717
codetable_size: 48759.791732453574
complete: 2664222.0719679254
current_ratio: 0.19286325830464088 --- candidate_ratio:0.21622812202084982
!!!!! ********* merge rejected ... 
merged: {11}
to_process: {0, 1, 13}
[(0, 0.16772998549044085), (1, 0.19114512136347425), (13, 0.16564515597731377)]
next_candidate: 13
chunks ... [0, 16889, 33778, 50667, 67557]
chunks ... [0, 16889, 33778, 50667, 67557]
database_size: 2463114.4727177657
codetable_size: 46769.892854921425
complete: 2509884.3655726872
current_ratio: 0.19286325830464088 --- candidate_ratio:0.2037020819576064
!!!!! ********* merge rejected ... 
merged: {11}
to_process: {0, 1}
[(0, 0.16772998549044085), (1, 0.19114512136347425)]
next_candidate: 0
chunks ... [0, 16889, 33778, 50667, 67557]
chunks ... [0, 16889, 33778, 50667, 67557]
database_size: 2785997.41469903
codetable_size: 45547.73349778491
complete: 2831545.148196815
current_ratio: 0.19286325830464088 --- candidate_ratio:0.22980805401090348
!!!!! ********* merge rejected ... 
merged: {11}
to_process: {1}
[(1, 0.19114512136347425)]
next_candidate: 1
chunks ... [0, 16889, 33778, 50667, 67557]
chunks ... [0, 16889, 33778, 50667, 67557]
database_size: 2655260.02605064
codetable_size: 47188.569671606434
complete: 2702448.5957222464
current_ratio: 0.19286325830464088 --- candidate_ratio:0.21933058466078914
!!!!! ********* merge rejected ... 
merged table size: 643
chunks ... [0, 16889, 33778, 50667, 67557]
chunks ... [0, 16889, 33778, 50667, 67557]
merged table size without non-used codes: 592
database_size: 2350616.4459456955
codetable_size: 25718.994813159297
complete: 2376335.4407588546
database_size: 12320561.926931633
codetable_size: 786.6889113503379
complete: 12321348.615842983
merged size: 2376335.4407588546
sct size: 12321348.615842983
merged ratio: 0.19286325830464088
time elapsed: 377.2854723930359
