
-- MERGING METHOD naive
processing tkmeans_batch_results/k8/batch-4/connect_tkmeans__0_k8...
chunks ... [0, 2732, 5464, 8196, 10928]
num codes: 798
num codes with support 0: 0
chunks ... [0, 2732, 5464, 8196, 10928]
num codes with usage 0: 109
database_size: 228290.95102576297
codetable_size: 36827.1958104368
complete: 265118.1468361998
database_size: 1962776.749814251
codetable_size: 778.5457911101969
complete: 1963555.2956053612
Partition 0 ratio: 0.13501944530391452
processing tkmeans_batch_results/k8/batch-4/connect_tkmeans__1_k8...
chunks ... [0, 1826, 3652, 5478, 7304]
num codes: 686
num codes with support 0: 0
chunks ... [0, 1826, 3652, 5478, 7304]
num codes with usage 0: 107
database_size: 155159.22454754415
codetable_size: 28246.541077816153
complete: 183405.7656253603
database_size: 1310391.4137769535
codetable_size: 760.2954040899288
complete: 1311151.7091810433
Partition 1 ratio: 0.13988142206664791
processing tkmeans_batch_results/k8/batch-4/connect_tkmeans__2_k8...
chunks ... [0, 2408, 4816, 7224, 9634]
num codes: 707
num codes with support 0: 0
chunks ... [0, 2408, 4816, 7224, 9634]
num codes with usage 0: 110
database_size: 202766.6842476195
codetable_size: 29343.275375892474
complete: 232109.95962351197
database_size: 1724086.4733228025
codetable_size: 760.1218638740146
complete: 1724846.5951866764
Partition 2 ratio: 0.13456846555005736
processing tkmeans_batch_results/k8/batch-4/connect_tkmeans__3_k8...
chunks ... [0, 2454, 4908, 7362, 9818]
num codes: 745
num codes with support 0: 0
chunks ... [0, 2454, 4908, 7362, 9818]
num codes with usage 0: 104
database_size: 209889.56821972964
codetable_size: 31329.38456812775
complete: 241218.9527878574
database_size: 1758324.458334889
codetable_size: 761.4229215460939
complete: 1759085.881256435
Partition 3 ratio: 0.13712744520214423
processing tkmeans_batch_results/k8/batch-4/connect_tkmeans__4_k8...
chunks ... [0, 1609, 3218, 4827, 6437]
num codes: 624
num codes with support 0: 0
chunks ... [0, 1609, 3218, 4827, 6437]
num codes with usage 0: 110
database_size: 132981.58465498124
codetable_size: 23622.88927818596
complete: 156604.4739331672
database_size: 1147572.4665378297
codetable_size: 765.0469245180195
complete: 1148337.5134623477
Partition 4 ratio: 0.13637495257033772
processing tkmeans_batch_results/k8/batch-4/connect_tkmeans__5_k8...
chunks ... [0, 1627, 3254, 4881, 6511]
num codes: 522
num codes with support 0: 0
chunks ... [0, 1627, 3254, 4881, 6511]
num codes with usage 0: 91
database_size: 130118.0821841633
codetable_size: 19416.348675284087
complete: 149534.4308594474
database_size: 1156800.008758981
codetable_size: 686.9023588803057
complete: 1157486.9111178613
Partition 5 ratio: 0.12918887412301894
processing tkmeans_batch_results/k8/batch-4/connect_tkmeans__6_k8...
chunks ... [0, 2190, 4380, 6570, 8761]
num codes: 680
num codes with support 0: 0
chunks ... [0, 2190, 4380, 6570, 8761]
num codes with usage 0: 96
database_size: 181995.57664037435
codetable_size: 27642.839812253533
complete: 209638.4164526279
database_size: 1563479.0969069523
codetable_size: 786.9916671685558
complete: 1564266.0885741208
Partition 6 ratio: 0.13401710743708578
processing tkmeans_batch_results/k8/batch-4/connect_tkmeans__7_k8...
chunks ... [0, 2040, 4080, 6120, 8163]
num codes: 644
num codes with support 0: 0
chunks ... [0, 2040, 4080, 6120, 8163]
num codes with usage 0: 102
database_size: 173696.51524251595
codetable_size: 25965.78125068223
complete: 199662.29649319817
database_size: 1458027.3048962129
codetable_size: 749.8381036962354
complete: 1458777.1429999091
Partition 7 ratio: 0.13686963594905366
number of codetables: 8
size: 798
size: 686
size: 707
size: 745
size: 624
size: 522
size: 680
size: 644
merged table size: 4479
chunks ... [0, 16889, 33778, 50667, 67557]
chunks ... [0, 16889, 33778, 50667, 67557]
merged table size without non-used codes: 3807
database_size: 2402289.180853756
codetable_size: 191757.3161161231
complete: 2594046.496969879
database_size: 12320561.926931633
codetable_size: 786.6889113503379
complete: 12321348.615842983
merged size: 2594046.496969879
sct size: 12321348.615842983
merged ratio: 0.2105326760769039
time elapsed: 72.17925691604614
-- MERGING METHOD naive_plus
processing tkmeans_batch_results/k8/batch-4/connect_tkmeans__0_k8...
chunks ... [0, 2732, 5464, 8196, 10928]
num codes: 798
num codes with support 0: 0
chunks ... [0, 2732, 5464, 8196, 10928]
num codes with usage 0: 109
database_size: 228290.95102576297
codetable_size: 36827.1958104368
complete: 265118.1468361998
database_size: 1962776.749814251
codetable_size: 778.5457911101969
complete: 1963555.2956053612
Partition 0 ratio: 0.13501944530391452
processing tkmeans_batch_results/k8/batch-4/connect_tkmeans__1_k8...
chunks ... [0, 1826, 3652, 5478, 7304]
num codes: 686
num codes with support 0: 0
chunks ... [0, 1826, 3652, 5478, 7304]
num codes with usage 0: 107
database_size: 155159.22454754415
codetable_size: 28246.541077816153
complete: 183405.7656253603
database_size: 1310391.4137769535
codetable_size: 760.2954040899288
complete: 1311151.7091810433
Partition 1 ratio: 0.13988142206664791
processing tkmeans_batch_results/k8/batch-4/connect_tkmeans__2_k8...
chunks ... [0, 2408, 4816, 7224, 9634]
num codes: 707
num codes with support 0: 0
chunks ... [0, 2408, 4816, 7224, 9634]
num codes with usage 0: 110
database_size: 202766.6842476195
codetable_size: 29343.275375892474
complete: 232109.95962351197
database_size: 1724086.4733228025
codetable_size: 760.1218638740146
complete: 1724846.5951866764
Partition 2 ratio: 0.13456846555005736
processing tkmeans_batch_results/k8/batch-4/connect_tkmeans__3_k8...
chunks ... [0, 2454, 4908, 7362, 9818]
num codes: 745
num codes with support 0: 0
chunks ... [0, 2454, 4908, 7362, 9818]
num codes with usage 0: 104
database_size: 209889.56821972964
codetable_size: 31329.38456812775
complete: 241218.9527878574
database_size: 1758324.458334889
codetable_size: 761.4229215460939
complete: 1759085.881256435
Partition 3 ratio: 0.13712744520214423
processing tkmeans_batch_results/k8/batch-4/connect_tkmeans__4_k8...
chunks ... [0, 1609, 3218, 4827, 6437]
num codes: 624
num codes with support 0: 0
chunks ... [0, 1609, 3218, 4827, 6437]
num codes with usage 0: 110
database_size: 132981.58465498124
codetable_size: 23622.88927818596
complete: 156604.4739331672
database_size: 1147572.4665378297
codetable_size: 765.0469245180195
complete: 1148337.5134623477
Partition 4 ratio: 0.13637495257033772
processing tkmeans_batch_results/k8/batch-4/connect_tkmeans__5_k8...
chunks ... [0, 1627, 3254, 4881, 6511]
num codes: 522
num codes with support 0: 0
chunks ... [0, 1627, 3254, 4881, 6511]
num codes with usage 0: 91
database_size: 130118.0821841633
codetable_size: 19416.348675284087
complete: 149534.4308594474
database_size: 1156800.008758981
codetable_size: 686.9023588803057
complete: 1157486.9111178613
Partition 5 ratio: 0.12918887412301894
processing tkmeans_batch_results/k8/batch-4/connect_tkmeans__6_k8...
chunks ... [0, 2190, 4380, 6570, 8761]
num codes: 680
num codes with support 0: 0
chunks ... [0, 2190, 4380, 6570, 8761]
num codes with usage 0: 96
database_size: 181995.57664037435
codetable_size: 27642.839812253533
complete: 209638.4164526279
database_size: 1563479.0969069523
codetable_size: 786.9916671685558
complete: 1564266.0885741208
Partition 6 ratio: 0.13401710743708578
processing tkmeans_batch_results/k8/batch-4/connect_tkmeans__7_k8...
chunks ... [0, 2040, 4080, 6120, 8163]
num codes: 644
num codes with support 0: 0
chunks ... [0, 2040, 4080, 6120, 8163]
num codes with usage 0: 102
database_size: 173696.51524251595
codetable_size: 25965.78125068223
complete: 199662.29649319817
database_size: 1458027.3048962129
codetable_size: 749.8381036962354
complete: 1458777.1429999091
Partition 7 ratio: 0.13686963594905366
number of codetables: 8
size: 798
size: 686
size: 707
size: 745
size: 624
size: 522
size: 680
size: 644
database_size: 12320561.926931633
codetable_size: 786.6889113503379
complete: 12321348.615842983
current singletons: {1, 2, 3, 4, 5, 6, 7, 8, 9, 10, 11, 12, 13, 14, 15, 16, 17, 18, 19, 22, 23, 24, 25, 26, 27, 28, 29, 30, 31, 32, 33, 34, 35, 36, 37, 38, 40, 41, 42, 43, 44, 45, 46, 47, 48, 49, 50, 51, 52, 53, 54, 55, 56, 57, 58, 59, 60, 61, 62, 63, 64, 65, 66, 67, 68, 69, 70, 71, 72, 73, 74, 75, 76, 77, 78, 79, 80, 81, 82, 83, 84, 85, 86, 87, 88, 89, 90, 91, 92, 93, 94, 95, 96, 97, 98, 99, 100, 101, 102, 103, 104, 105, 106, 107, 108, 109, 110, 112, 113, 114, 115, 116, 117, 118, 119, 120, 121, 122, 123, 124, 125, 126, 127, 128, 129}
Added 4 singletons
added:  {111, 20, 21, 39}
chunks ... [0, 16889, 33778, 50667, 67557]
num codes: 802
num codes with support 0: 0
chunks ... [0, 16889, 33778, 50667, 67557]
database_size: 3080924.319699504
codetable_size: 38837.15080337736
complete: 3119761.4705028813
Partition ratio: 0.2531996754390541
current singletons: {1, 2, 3, 4, 5, 6, 7, 8, 9, 10, 11, 12, 13, 14, 15, 16, 17, 18, 19, 22, 23, 24, 25, 26, 27, 28, 29, 30, 31, 32, 33, 34, 35, 36, 37, 38, 39, 40, 41, 42, 43, 44, 45, 46, 47, 48, 49, 50, 51, 52, 53, 54, 55, 58, 59, 60, 61, 62, 63, 64, 65, 66, 67, 68, 69, 70, 71, 72, 73, 74, 75, 76, 77, 78, 79, 80, 81, 82, 83, 84, 85, 86, 87, 88, 89, 90, 91, 92, 93, 94, 95, 96, 97, 98, 99, 100, 101, 102, 103, 104, 105, 106, 107, 108, 109, 112, 113, 114, 115, 116, 117, 118, 119, 120, 121, 122, 123, 124, 125, 126, 127, 128, 129}
Added 6 singletons
added:  {110, 111, 20, 21, 56, 57}
chunks ... [0, 16889, 33778, 50667, 67557]
num codes: 692
num codes with support 0: 0
chunks ... [0, 16889, 33778, 50667, 67557]
database_size: 2723260.4672151557
codetable_size: 30122.390007855694
complete: 2753382.8572230116
Partition ratio: 0.22346440662206965
current singletons: {1, 2, 3, 4, 5, 6, 7, 8, 9, 10, 11, 12, 13, 14, 15, 16, 19, 22, 23, 24, 25, 26, 27, 28, 29, 30, 31, 32, 33, 34, 35, 36, 37, 38, 40, 41, 42, 43, 44, 45, 46, 47, 48, 49, 50, 51, 52, 53, 54, 55, 56, 57, 58, 59, 60, 61, 62, 63, 64, 65, 66, 67, 68, 69, 70, 71, 72, 73, 74, 75, 76, 77, 78, 79, 80, 81, 82, 83, 84, 85, 86, 87, 88, 89, 90, 91, 92, 94, 95, 96, 97, 98, 99, 100, 101, 102, 103, 104, 105, 106, 107, 108, 109, 110, 112, 113, 114, 115, 116, 117, 118, 119, 120, 121, 122, 123, 124, 125, 126, 127, 128, 129}
Added 7 singletons
added:  {39, 111, 17, 18, 20, 21, 93}
chunks ... [0, 16889, 33778, 50667, 67557]
num codes: 714
num codes with support 0: 0
chunks ... [0, 16889, 33778, 50667, 67557]
database_size: 2345706.175722024
codetable_size: 30743.524231684507
complete: 2376449.6999537083
Partition ratio: 0.1928725315748336
current singletons: {1, 2, 3, 4, 5, 6, 7, 8, 9, 10, 11, 12, 13, 14, 15, 16, 19, 22, 23, 24, 25, 26, 27, 28, 29, 30, 31, 32, 33, 34, 35, 36, 37, 38, 39, 40, 41, 42, 43, 44, 45, 46, 47, 48, 49, 50, 51, 52, 53, 54, 55, 58, 59, 60, 61, 62, 63, 64, 65, 66, 67, 68, 69, 70, 71, 72, 73, 74, 75, 76, 77, 78, 79, 80, 81, 82, 83, 84, 85, 86, 87, 88, 89, 90, 91, 92, 93, 94, 95, 96, 97, 98, 99, 100, 101, 102, 103, 104, 105, 106, 107, 108, 109, 110, 112, 113, 114, 115, 116, 117, 118, 119, 120, 121, 122, 123, 124, 125, 126, 127, 128, 129}
Added 7 singletons
added:  {111, 17, 18, 20, 21, 56, 57}
chunks ... [0, 16889, 33778, 50667, 67557]
num codes: 752
num codes with support 0: 0
chunks ... [0, 16889, 33778, 50667, 67557]
database_size: 2409225.527114682
codetable_size: 32524.62572945216
complete: 2441750.1528441343
Partition ratio: 0.19817231286715592
current singletons: {1, 2, 3, 4, 5, 6, 7, 8, 9, 10, 11, 12, 13, 14, 15, 16, 17, 18, 19, 22, 23, 24, 25, 26, 27, 28, 29, 30, 31, 32, 33, 34, 35, 36, 37, 38, 40, 41, 42, 43, 44, 45, 46, 47, 48, 49, 50, 51, 52, 53, 54, 55, 58, 59, 60, 61, 62, 63, 64, 65, 66, 67, 68, 69, 70, 71, 72, 73, 74, 75, 76, 77, 78, 79, 80, 81, 82, 83, 84, 85, 86, 87, 88, 89, 90, 91, 92, 93, 94, 95, 96, 97, 98, 99, 100, 101, 102, 103, 104, 105, 106, 107, 108, 109, 110, 111, 112, 113, 114, 115, 116, 117, 118, 119, 120, 121, 122, 123, 124, 125, 127}
Added 8 singletons
added:  {128, 129, 39, 20, 21, 56, 57, 126}
chunks ... [0, 16889, 33778, 50667, 67557]
num codes: 632
num codes with support 0: 0
chunks ... [0, 16889, 33778, 50667, 67557]
database_size: 2949070.6094117737
codetable_size: 25457.954254910524
complete: 2974528.563666684
Partition ratio: 0.24141258042500224
current singletons: {1, 2, 3, 4, 5, 6, 7, 8, 9, 10, 11, 12, 13, 14, 15, 16, 19, 22, 23, 24, 25, 26, 27, 28, 29, 30, 31, 32, 33, 34, 35, 36, 37, 40, 41, 43, 45, 46, 47, 48, 49, 50, 51, 52, 53, 54, 55, 56, 57, 58, 59, 60, 61, 62, 63, 64, 65, 66, 67, 68, 69, 70, 71, 72, 75, 76, 77, 78, 79, 80, 81, 82, 83, 84, 85, 86, 87, 88, 89, 91, 94, 95, 96, 97, 98, 99, 100, 101, 102, 103, 104, 105, 106, 107, 108, 109, 110, 112, 113, 114, 115, 116, 117, 118, 119, 120, 121, 122, 123, 124, 125, 126, 127}
Added 16 singletons
added:  {128, 129, 38, 39, 73, 42, 74, 44, 111, 17, 18, 20, 21, 90, 92, 93}
chunks ... [0, 16889, 33778, 50667, 67557]
num codes: 538
num codes with support 0: 0
chunks ... [0, 16889, 33778, 50667, 67557]
database_size: 3697619.7982481876
codetable_size: 21068.87322070527
complete: 3718688.671468893
Partition ratio: 0.3018085752956738
current singletons: {1, 2, 3, 5, 6, 8, 9, 10, 11, 12, 13, 14, 15, 16, 17, 18, 19, 20, 21, 22, 23, 24, 25, 26, 27, 28, 29, 30, 31, 32, 33, 34, 35, 36, 37, 38, 40, 41, 42, 43, 44, 45, 46, 47, 48, 49, 50, 51, 52, 53, 54, 55, 56, 58, 59, 60, 61, 62, 63, 64, 65, 66, 67, 68, 69, 70, 71, 72, 73, 74, 75, 76, 77, 78, 79, 80, 81, 82, 83, 84, 85, 86, 87, 88, 89, 90, 91, 92, 93, 94, 95, 96, 97, 98, 99, 100, 101, 102, 103, 104, 105, 106, 107, 108, 109, 112, 113, 114, 115, 116, 117, 118, 119, 120, 121, 122, 123, 124, 125, 126, 127, 128, 129}
Added 6 singletons
added:  {4, 39, 7, 110, 111, 57}
chunks ... [0, 16889, 33778, 50667, 67557]
num codes: 686
num codes with support 0: 0
chunks ... [0, 16889, 33778, 50667, 67557]
database_size: 3097417.6298177056
codetable_size: 29520.88235936983
complete: 3126938.5121770753
Partition ratio: 0.25378216376058127
current singletons: {1, 2, 3, 4, 5, 6, 7, 8, 9, 10, 11, 12, 13, 14, 15, 16, 17, 18, 19, 22, 23, 24, 25, 26, 27, 28, 29, 30, 31, 32, 33, 34, 35, 36, 37, 38, 39, 40, 41, 42, 43, 44, 45, 46, 47, 48, 49, 50, 51, 52, 53, 54, 55, 58, 59, 60, 61, 62, 63, 64, 65, 66, 67, 68, 69, 70, 71, 72, 73, 74, 75, 76, 77, 78, 79, 80, 81, 82, 83, 84, 85, 86, 87, 88, 89, 90, 91, 92, 93, 94, 95, 96, 97, 98, 99, 100, 101, 102, 103, 104, 105, 106, 107, 108, 109, 112, 113, 114, 115, 116, 117, 118, 119, 120, 121, 122, 123, 124, 125, 127}
Added 9 singletons
added:  {128, 129, 110, 111, 20, 21, 56, 57, 126}
chunks ... [0, 16889, 33778, 50667, 67557]
num codes: 653
num codes with support 0: 0
chunks ... [0, 16889, 33778, 50667, 67557]
database_size: 2533197.695708938
codetable_size: 27524.82486684894
complete: 2560722.520575787
Partition ratio: 0.20782810392063494
merged table size: 714
chunks ... [0, 16889, 33778, 50667, 67557]
chunks ... [0, 16889, 33778, 50667, 67557]
merged table size without non-used codes: 676
database_size: 2345706.175722024
codetable_size: 30743.524231684507
complete: 2376449.6999537083
database_size: 12320561.926931633
codetable_size: 786.6889113503379
complete: 12321348.615842983
merged size: 2376449.6999537083
sct size: 12321348.615842983
merged ratio: 0.1928725315748336
time elapsed: 103.29498648643494
-- MERGING METHOD informed
processing tkmeans_batch_results/k8/batch-4/connect_tkmeans__0_k8...
chunks ... [0, 2732, 5464, 8196, 10928]
num codes: 798
num codes with support 0: 0
chunks ... [0, 2732, 5464, 8196, 10928]
num codes with usage 0: 109
database_size: 228290.95102576297
codetable_size: 36827.1958104368
complete: 265118.1468361998
database_size: 1962776.749814251
codetable_size: 778.5457911101969
complete: 1963555.2956053612
Partition 0 ratio: 0.13501944530391452
processing tkmeans_batch_results/k8/batch-4/connect_tkmeans__1_k8...
chunks ... [0, 1826, 3652, 5478, 7304]
num codes: 686
num codes with support 0: 0
chunks ... [0, 1826, 3652, 5478, 7304]
num codes with usage 0: 107
database_size: 155159.22454754415
codetable_size: 28246.541077816153
complete: 183405.7656253603
database_size: 1310391.4137769535
codetable_size: 760.2954040899288
complete: 1311151.7091810433
Partition 1 ratio: 0.13988142206664791
processing tkmeans_batch_results/k8/batch-4/connect_tkmeans__2_k8...
chunks ... [0, 2408, 4816, 7224, 9634]
num codes: 707
num codes with support 0: 0
chunks ... [0, 2408, 4816, 7224, 9634]
num codes with usage 0: 110
database_size: 202766.6842476195
codetable_size: 29343.275375892474
complete: 232109.95962351197
database_size: 1724086.4733228025
codetable_size: 760.1218638740146
complete: 1724846.5951866764
Partition 2 ratio: 0.13456846555005736
processing tkmeans_batch_results/k8/batch-4/connect_tkmeans__3_k8...
chunks ... [0, 2454, 4908, 7362, 9818]
num codes: 745
num codes with support 0: 0
chunks ... [0, 2454, 4908, 7362, 9818]
num codes with usage 0: 104
database_size: 209889.56821972964
codetable_size: 31329.38456812775
complete: 241218.9527878574
database_size: 1758324.458334889
codetable_size: 761.4229215460939
complete: 1759085.881256435
Partition 3 ratio: 0.13712744520214423
processing tkmeans_batch_results/k8/batch-4/connect_tkmeans__4_k8...
chunks ... [0, 1609, 3218, 4827, 6437]
num codes: 624
num codes with support 0: 0
chunks ... [0, 1609, 3218, 4827, 6437]
num codes with usage 0: 110
database_size: 132981.58465498124
codetable_size: 23622.88927818596
complete: 156604.4739331672
database_size: 1147572.4665378297
codetable_size: 765.0469245180195
complete: 1148337.5134623477
Partition 4 ratio: 0.13637495257033772
processing tkmeans_batch_results/k8/batch-4/connect_tkmeans__5_k8...
chunks ... [0, 1627, 3254, 4881, 6511]
num codes: 522
num codes with support 0: 0
chunks ... [0, 1627, 3254, 4881, 6511]
num codes with usage 0: 91
database_size: 130118.0821841633
codetable_size: 19416.348675284087
complete: 149534.4308594474
database_size: 1156800.008758981
codetable_size: 686.9023588803057
complete: 1157486.9111178613
Partition 5 ratio: 0.12918887412301894
processing tkmeans_batch_results/k8/batch-4/connect_tkmeans__6_k8...
chunks ... [0, 2190, 4380, 6570, 8761]
num codes: 680
num codes with support 0: 0
chunks ... [0, 2190, 4380, 6570, 8761]
num codes with usage 0: 96
database_size: 181995.57664037435
codetable_size: 27642.839812253533
complete: 209638.4164526279
database_size: 1563479.0969069523
codetable_size: 786.9916671685558
complete: 1564266.0885741208
Partition 6 ratio: 0.13401710743708578
processing tkmeans_batch_results/k8/batch-4/connect_tkmeans__7_k8...
chunks ... [0, 2040, 4080, 6120, 8163]
num codes: 644
num codes with support 0: 0
chunks ... [0, 2040, 4080, 6120, 8163]
num codes with usage 0: 102
database_size: 173696.51524251595
codetable_size: 25965.78125068223
complete: 199662.29649319817
database_size: 1458027.3048962129
codetable_size: 749.8381036962354
complete: 1458777.1429999091
Partition 7 ratio: 0.13686963594905366
number of codetables: 8
size: 798
size: 686
size: 707
size: 745
size: 624
size: 522
size: 680
size: 644
database_size: 12320561.926931633
codetable_size: 786.6889113503379
complete: 12321348.615842983
database_size: 12320561.926931633
codetable_size: 786.6889113503379
complete: 12321348.615842983
current singletons: {1, 2, 3, 4, 5, 6, 7, 8, 9, 10, 11, 12, 13, 14, 15, 16, 17, 18, 19, 22, 23, 24, 25, 26, 27, 28, 29, 30, 31, 32, 33, 34, 35, 36, 37, 38, 40, 41, 42, 43, 44, 45, 46, 47, 48, 49, 50, 51, 52, 53, 54, 55, 56, 57, 58, 59, 60, 61, 62, 63, 64, 65, 66, 67, 68, 69, 70, 71, 72, 73, 74, 75, 76, 77, 78, 79, 80, 81, 82, 83, 84, 85, 86, 87, 88, 89, 90, 91, 92, 93, 94, 95, 96, 97, 98, 99, 100, 101, 102, 103, 104, 105, 106, 107, 108, 109, 110, 112, 113, 114, 115, 116, 117, 118, 119, 120, 121, 122, 123, 124, 125, 126, 127, 128, 129}
Added 4 singletons
added:  {111, 20, 21, 39}
chunks ... [0, 16889, 33778, 50667, 67557]
num codes: 802
num codes with support 0: 0
chunks ... [0, 16889, 33778, 50667, 67557]
database_size: 3080924.319699504
codetable_size: 38837.15080337736
complete: 3119761.4705028813
Partition ratio: 0.2531996754390541
current singletons: {1, 2, 3, 4, 5, 6, 7, 8, 9, 10, 11, 12, 13, 14, 15, 16, 17, 18, 19, 22, 23, 24, 25, 26, 27, 28, 29, 30, 31, 32, 33, 34, 35, 36, 37, 38, 39, 40, 41, 42, 43, 44, 45, 46, 47, 48, 49, 50, 51, 52, 53, 54, 55, 58, 59, 60, 61, 62, 63, 64, 65, 66, 67, 68, 69, 70, 71, 72, 73, 74, 75, 76, 77, 78, 79, 80, 81, 82, 83, 84, 85, 86, 87, 88, 89, 90, 91, 92, 93, 94, 95, 96, 97, 98, 99, 100, 101, 102, 103, 104, 105, 106, 107, 108, 109, 112, 113, 114, 115, 116, 117, 118, 119, 120, 121, 122, 123, 124, 125, 126, 127, 128, 129}
Added 6 singletons
added:  {110, 111, 20, 21, 56, 57}
chunks ... [0, 16889, 33778, 50667, 67557]
num codes: 692
num codes with support 0: 0
chunks ... [0, 16889, 33778, 50667, 67557]
database_size: 2723260.4672151557
codetable_size: 30122.390007855694
complete: 2753382.8572230116
Partition ratio: 0.22346440662206965
current singletons: {1, 2, 3, 4, 5, 6, 7, 8, 9, 10, 11, 12, 13, 14, 15, 16, 19, 22, 23, 24, 25, 26, 27, 28, 29, 30, 31, 32, 33, 34, 35, 36, 37, 38, 40, 41, 42, 43, 44, 45, 46, 47, 48, 49, 50, 51, 52, 53, 54, 55, 56, 57, 58, 59, 60, 61, 62, 63, 64, 65, 66, 67, 68, 69, 70, 71, 72, 73, 74, 75, 76, 77, 78, 79, 80, 81, 82, 83, 84, 85, 86, 87, 88, 89, 90, 91, 92, 94, 95, 96, 97, 98, 99, 100, 101, 102, 103, 104, 105, 106, 107, 108, 109, 110, 112, 113, 114, 115, 116, 117, 118, 119, 120, 121, 122, 123, 124, 125, 126, 127, 128, 129}
Added 7 singletons
added:  {39, 111, 17, 18, 20, 21, 93}
chunks ... [0, 16889, 33778, 50667, 67557]
num codes: 714
num codes with support 0: 0
chunks ... [0, 16889, 33778, 50667, 67557]
database_size: 2345706.175722024
codetable_size: 30743.524231684507
complete: 2376449.6999537083
Partition ratio: 0.1928725315748336
current singletons: {1, 2, 3, 4, 5, 6, 7, 8, 9, 10, 11, 12, 13, 14, 15, 16, 19, 22, 23, 24, 25, 26, 27, 28, 29, 30, 31, 32, 33, 34, 35, 36, 37, 38, 39, 40, 41, 42, 43, 44, 45, 46, 47, 48, 49, 50, 51, 52, 53, 54, 55, 58, 59, 60, 61, 62, 63, 64, 65, 66, 67, 68, 69, 70, 71, 72, 73, 74, 75, 76, 77, 78, 79, 80, 81, 82, 83, 84, 85, 86, 87, 88, 89, 90, 91, 92, 93, 94, 95, 96, 97, 98, 99, 100, 101, 102, 103, 104, 105, 106, 107, 108, 109, 110, 112, 113, 114, 115, 116, 117, 118, 119, 120, 121, 122, 123, 124, 125, 126, 127, 128, 129}
Added 7 singletons
added:  {111, 17, 18, 20, 21, 56, 57}
chunks ... [0, 16889, 33778, 50667, 67557]
num codes: 752
num codes with support 0: 0
chunks ... [0, 16889, 33778, 50667, 67557]
database_size: 2409225.527114682
codetable_size: 32524.62572945216
complete: 2441750.1528441343
Partition ratio: 0.19817231286715592
current singletons: {1, 2, 3, 4, 5, 6, 7, 8, 9, 10, 11, 12, 13, 14, 15, 16, 17, 18, 19, 22, 23, 24, 25, 26, 27, 28, 29, 30, 31, 32, 33, 34, 35, 36, 37, 38, 40, 41, 42, 43, 44, 45, 46, 47, 48, 49, 50, 51, 52, 53, 54, 55, 58, 59, 60, 61, 62, 63, 64, 65, 66, 67, 68, 69, 70, 71, 72, 73, 74, 75, 76, 77, 78, 79, 80, 81, 82, 83, 84, 85, 86, 87, 88, 89, 90, 91, 92, 93, 94, 95, 96, 97, 98, 99, 100, 101, 102, 103, 104, 105, 106, 107, 108, 109, 110, 111, 112, 113, 114, 115, 116, 117, 118, 119, 120, 121, 122, 123, 124, 125, 127}
Added 8 singletons
added:  {128, 129, 39, 20, 21, 56, 57, 126}
chunks ... [0, 16889, 33778, 50667, 67557]
num codes: 632
num codes with support 0: 0
chunks ... [0, 16889, 33778, 50667, 67557]
database_size: 2949070.6094117737
codetable_size: 25457.954254910524
complete: 2974528.563666684
Partition ratio: 0.24141258042500224
current singletons: {1, 2, 3, 4, 5, 6, 7, 8, 9, 10, 11, 12, 13, 14, 15, 16, 19, 22, 23, 24, 25, 26, 27, 28, 29, 30, 31, 32, 33, 34, 35, 36, 37, 40, 41, 43, 45, 46, 47, 48, 49, 50, 51, 52, 53, 54, 55, 56, 57, 58, 59, 60, 61, 62, 63, 64, 65, 66, 67, 68, 69, 70, 71, 72, 75, 76, 77, 78, 79, 80, 81, 82, 83, 84, 85, 86, 87, 88, 89, 91, 94, 95, 96, 97, 98, 99, 100, 101, 102, 103, 104, 105, 106, 107, 108, 109, 110, 112, 113, 114, 115, 116, 117, 118, 119, 120, 121, 122, 123, 124, 125, 126, 127}
Added 16 singletons
added:  {128, 129, 38, 39, 73, 42, 74, 44, 111, 17, 18, 20, 21, 90, 92, 93}
chunks ... [0, 16889, 33778, 50667, 67557]
num codes: 538
num codes with support 0: 0
chunks ... [0, 16889, 33778, 50667, 67557]
database_size: 3697619.7982481876
codetable_size: 21068.87322070527
complete: 3718688.671468893
Partition ratio: 0.3018085752956738
current singletons: {1, 2, 3, 5, 6, 8, 9, 10, 11, 12, 13, 14, 15, 16, 17, 18, 19, 20, 21, 22, 23, 24, 25, 26, 27, 28, 29, 30, 31, 32, 33, 34, 35, 36, 37, 38, 40, 41, 42, 43, 44, 45, 46, 47, 48, 49, 50, 51, 52, 53, 54, 55, 56, 58, 59, 60, 61, 62, 63, 64, 65, 66, 67, 68, 69, 70, 71, 72, 73, 74, 75, 76, 77, 78, 79, 80, 81, 82, 83, 84, 85, 86, 87, 88, 89, 90, 91, 92, 93, 94, 95, 96, 97, 98, 99, 100, 101, 102, 103, 104, 105, 106, 107, 108, 109, 112, 113, 114, 115, 116, 117, 118, 119, 120, 121, 122, 123, 124, 125, 126, 127, 128, 129}
Added 6 singletons
added:  {4, 39, 7, 110, 111, 57}
chunks ... [0, 16889, 33778, 50667, 67557]
num codes: 686
num codes with support 0: 0
chunks ... [0, 16889, 33778, 50667, 67557]
database_size: 3097417.6298177056
codetable_size: 29520.88235936983
complete: 3126938.5121770753
Partition ratio: 0.25378216376058127
current singletons: {1, 2, 3, 4, 5, 6, 7, 8, 9, 10, 11, 12, 13, 14, 15, 16, 17, 18, 19, 22, 23, 24, 25, 26, 27, 28, 29, 30, 31, 32, 33, 34, 35, 36, 37, 38, 39, 40, 41, 42, 43, 44, 45, 46, 47, 48, 49, 50, 51, 52, 53, 54, 55, 58, 59, 60, 61, 62, 63, 64, 65, 66, 67, 68, 69, 70, 71, 72, 73, 74, 75, 76, 77, 78, 79, 80, 81, 82, 83, 84, 85, 86, 87, 88, 89, 90, 91, 92, 93, 94, 95, 96, 97, 98, 99, 100, 101, 102, 103, 104, 105, 106, 107, 108, 109, 112, 113, 114, 115, 116, 117, 118, 119, 120, 121, 122, 123, 124, 125, 127}
Added 9 singletons
added:  {128, 129, 110, 111, 20, 21, 56, 57, 126}
chunks ... [0, 16889, 33778, 50667, 67557]
num codes: 653
num codes with support 0: 0
chunks ... [0, 16889, 33778, 50667, 67557]
database_size: 2533197.695708938
codetable_size: 27524.82486684894
complete: 2560722.520575787
Partition ratio: 0.20782810392063494
initial ratio: 0.1928725315748336
merged: {2}
merged: {2}
to_process: {0, 1, 3, 4, 5, 6, 7}
[(0, 0.19424520451890714), (1, 0.1412761623557095), (3, 0.15501173550295874), (4, 0.1383870529097101), (5, 0.17963146650142986), (6, 0.17822716089150567), (7, 0.14508878852429719)]
next_candidate: 4
chunks ... [0, 16889, 33778, 50667, 67557]
chunks ... [0, 16889, 33778, 50667, 67557]
database_size: 2623897.1559320153
codetable_size: 55062.3966404598
complete: 2678959.5525724753
current_ratio: 0.1928725315748336 --- candidate_ratio:0.21742421516487465
!!!!! ********* merge rejected ... 
merged: {2}
to_process: {0, 1, 3, 5, 6, 7}
[(0, 0.19424520451890714), (1, 0.1412761623557095), (3, 0.15501173550295874), (5, 0.17963146650142986), (6, 0.17822716089150567), (7, 0.14508878852429719)]
next_candidate: 1
chunks ... [0, 16889, 33778, 50667, 67557]
chunks ... [0, 16889, 33778, 50667, 67557]
database_size: 2426246.0075783855
codetable_size: 59332.02054108205
complete: 2485578.0281194677
current_ratio: 0.1928725315748336 --- candidate_ratio:0.20172938089938244
!!!!! ********* merge rejected ... 
merged: {2}
to_process: {0, 3, 5, 6, 7}
[(0, 0.19424520451890714), (3, 0.15501173550295874), (5, 0.17963146650142986), (6, 0.17822716089150567), (7, 0.14508878852429719)]
next_candidate: 7
chunks ... [0, 16889, 33778, 50667, 67557]
chunks ... [0, 16889, 33778, 50667, 67557]
database_size: 2449291.68831509
codetable_size: 57613.66965886195
complete: 2506905.357973952
current_ratio: 0.1928725315748336 --- candidate_ratio:0.20346030585893282
!!!!! ********* merge rejected ... 
merged: {2}
to_process: {0, 3, 5, 6}
[(0, 0.19424520451890714), (3, 0.15501173550295874), (5, 0.17963146650142986), (6, 0.17822716089150567)]
next_candidate: 3
chunks ... [0, 16889, 33778, 50667, 67557]
chunks ... [0, 16889, 33778, 50667, 67557]
database_size: 2223279.955750126
codetable_size: 62344.5276004884
complete: 2285624.4833506146
current_ratio: 0.1928725315748336 --- candidate_ratio:0.1855011618137095
!!!!! ********* merge accepted ... 
merged: {2, 3}
to_process: {0, 5, 6}
[(0, 0.13468692019318604), (5, 0.0967155777087567), (6, 0.10472088472824602)]
next_candidate: 5
chunks ... [0, 16889, 33778, 50667, 67557]
chunks ... [0, 16889, 33778, 50667, 67557]
database_size: 2786517.7346355375
codetable_size: 78290.649292135
complete: 2864808.3839276726
current_ratio: 0.1855011618137095 --- candidate_ratio:0.23250769645816668
!!!!! ********* merge rejected ... 
merged: {2, 3}
to_process: {0, 6}
[(0, 0.13468692019318604), (6, 0.10472088472824602)]
next_candidate: 6
chunks ... [0, 16889, 33778, 50667, 67557]
chunks ... [0, 16889, 33778, 50667, 67557]
database_size: 2398587.658166726
codetable_size: 90620.97407757031
complete: 2489208.6322442964
current_ratio: 0.1855011618137095 --- candidate_ratio:0.20202404053754577
!!!!! ********* merge rejected ... 
merged: {2, 3}
to_process: {0}
[(0, 0.13468692019318604)]
next_candidate: 0
chunks ... [0, 16889, 33778, 50667, 67557]
chunks ... [0, 16889, 33778, 50667, 67557]
database_size: 2545359.491862642
codetable_size: 99785.75645649292
complete: 2645145.248319135
current_ratio: 0.1855011618137095 --- candidate_ratio:0.21467984802556156
!!!!! ********* merge rejected ... 
merged table size: 1320
chunks ... [0, 16889, 33778, 50667, 67557]
chunks ... [0, 16889, 33778, 50667, 67557]
merged table size without non-used codes: 1288
database_size: 2223279.955750126
codetable_size: 62344.5276004884
complete: 2285624.4833506146
database_size: 12320561.926931633
codetable_size: 786.6889113503379
complete: 12321348.615842983
merged size: 2285624.4833506146
sct size: 12321348.615842983
merged ratio: 0.1855011618137095
time elapsed: 250.79468035697937
