
-- MERGING METHOD naive
processing tkmeans_batch_results/k4/batch-4/letrecog_tkmeans__0_k4...
chunks ... [0, 1715, 3430, 5145, 6863]
num codes: 791
num codes with support 0: 0
chunks ... [0, 1715, 3430, 5145, 6863]
num codes with usage 0: 45
database_size: 127572.30932154256
codetable_size: 22164.82244906182
complete: 149737.13177060438
database_size: 439819.68742302235
codetable_size: 572.7025534249304
complete: 440392.3899764473
Partition 0 ratio: 0.34000844514732076
processing tkmeans_batch_results/k4/batch-4/letrecog_tkmeans__1_k4...
chunks ... [0, 1545, 3090, 4635, 6180]
num codes: 842
num codes with support 0: 0
chunks ... [0, 1545, 3090, 4635, 6180]
num codes with usage 0: 43
database_size: 136982.10208779422
codetable_size: 22310.06647854163
complete: 159292.16856633587
database_size: 411145.3316794005
codetable_size: 554.872168986441
complete: 411700.20384838694
Partition 1 ratio: 0.3869130184472703
processing tkmeans_batch_results/k4/batch-4/letrecog_tkmeans__2_k4...
chunks ... [0, 1393, 2786, 4179, 5575]
num codes: 791
num codes with support 0: 0
chunks ... [0, 1393, 2786, 4179, 5575]
num codes with usage 0: 26
database_size: 108840.7639043604
codetable_size: 22891.39069204342
complete: 131732.15459640382
database_size: 374065.1393839313
codetable_size: 551.339981834106
complete: 374616.4793657654
Partition 2 ratio: 0.3516453809491496
processing tkmeans_batch_results/k4/batch-4/letrecog_tkmeans__3_k4...
chunks ... [0, 345, 690, 1035, 1381]
num codes: 372
num codes with support 0: 0
chunks ... [0, 345, 690, 1035, 1381]
num codes with usage 0: 36
database_size: 26150.63111960278
codetable_size: 8208.823483177443
complete: 34359.45460278022
database_size: 93149.34344097677
codetable_size: 476.92478601274
complete: 93626.2682269895
Partition 3 ratio: 0.36698519820824677
number of codetables: 4
size: 791
size: 842
size: 791
size: 372
merged table size: 2444
chunks ... [0, 5000, 10000, 15000, 20000]
chunks ... [0, 5000, 10000, 15000, 20000]
merged table size without non-used codes: 2381
database_size: 498296.8239340897
codetable_size: 75597.18743577112
complete: 573894.0113698608
database_size: 1372600.4814621517
codetable_size: 535.3174551653476
complete: 1373135.798917317
merged size: 573894.0113698608
sct size: 1373135.798917317
merged ratio: 0.4179441041609736
time elapsed: 12.98044466972351
-- MERGING METHOD naive_plus
processing tkmeans_batch_results/k4/batch-4/letrecog_tkmeans__0_k4...
chunks ... [0, 1715, 3430, 5145, 6863]
num codes: 791
num codes with support 0: 0
chunks ... [0, 1715, 3430, 5145, 6863]
num codes with usage 0: 45
database_size: 127572.30932154256
codetable_size: 22164.82244906182
complete: 149737.13177060438
database_size: 439819.68742302235
codetable_size: 572.7025534249304
complete: 440392.3899764473
Partition 0 ratio: 0.34000844514732076
processing tkmeans_batch_results/k4/batch-4/letrecog_tkmeans__1_k4...
chunks ... [0, 1545, 3090, 4635, 6180]
num codes: 842
num codes with support 0: 0
chunks ... [0, 1545, 3090, 4635, 6180]
num codes with usage 0: 43
database_size: 136982.10208779422
codetable_size: 22310.06647854163
complete: 159292.16856633587
database_size: 411145.3316794005
codetable_size: 554.872168986441
complete: 411700.20384838694
Partition 1 ratio: 0.3869130184472703
processing tkmeans_batch_results/k4/batch-4/letrecog_tkmeans__2_k4...
chunks ... [0, 1393, 2786, 4179, 5575]
num codes: 791
num codes with support 0: 0
chunks ... [0, 1393, 2786, 4179, 5575]
num codes with usage 0: 26
database_size: 108840.7639043604
codetable_size: 22891.39069204342
complete: 131732.15459640382
database_size: 374065.1393839313
codetable_size: 551.339981834106
complete: 374616.4793657654
Partition 2 ratio: 0.3516453809491496
processing tkmeans_batch_results/k4/batch-4/letrecog_tkmeans__3_k4...
chunks ... [0, 345, 690, 1035, 1381]
num codes: 372
num codes with support 0: 0
chunks ... [0, 345, 690, 1035, 1381]
num codes with usage 0: 36
database_size: 26150.63111960278
codetable_size: 8208.823483177443
complete: 34359.45460278022
database_size: 93149.34344097677
codetable_size: 476.92478601274
complete: 93626.2682269895
Partition 3 ratio: 0.36698519820824677
number of codetables: 4
size: 791
size: 842
size: 791
size: 372
database_size: 1372600.4814621517
codetable_size: 535.3174551653476
complete: 1373135.798917317
current singletons: {1, 2, 3, 4, 5, 6, 7, 8, 9, 10, 11, 12, 13, 14, 15, 16, 17, 18, 19, 20, 22, 23, 24, 25, 26, 27, 28, 29, 30, 31, 32, 33, 34, 35, 37, 38, 39, 40, 41, 42, 43, 44, 45, 46, 47, 48, 49, 50, 51, 52, 53, 54, 55, 56, 57, 58, 59, 60, 62, 63, 64, 65, 66, 67, 68, 69, 70, 72, 73, 74, 75, 76, 77, 78, 79, 80, 81, 82, 83, 84, 85, 86, 87, 88, 89, 90, 91, 92, 93, 94, 95, 96, 97, 98, 99, 100, 101, 102, 103, 104, 105, 106}
Added 0 singletons
added:  set()
chunks ... [0, 5000, 10000, 15000, 20000]
num codes: 791
num codes with support 0: 0
chunks ... [0, 5000, 10000, 15000, 20000]
database_size: 675511.5274274115
codetable_size: 23065.38442496294
complete: 698576.9118523744
Partition ratio: 0.5087456844422705
current singletons: {1, 2, 3, 4, 5, 6, 7, 8, 9, 10, 11, 12, 13, 14, 15, 16, 17, 18, 19, 20, 22, 23, 24, 25, 26, 27, 28, 29, 30, 31, 32, 33, 34, 35, 37, 38, 39, 40, 41, 42, 43, 44, 45, 46, 47, 48, 49, 50, 51, 52, 53, 54, 55, 56, 57, 58, 59, 60, 62, 63, 64, 65, 66, 67, 68, 69, 70, 72, 73, 74, 75, 76, 77, 78, 79, 80, 81, 82, 83, 84, 85, 86, 87, 88, 89, 90, 91, 92, 93, 94, 95, 96, 97, 98, 99, 100, 101, 102, 103, 104, 105, 106}
Added 0 singletons
added:  set()
chunks ... [0, 5000, 10000, 15000, 20000]
num codes: 842
num codes with support 0: 0
chunks ... [0, 5000, 10000, 15000, 20000]
database_size: 619512.3692496616
codetable_size: 23181.091565344504
complete: 642693.460815006
Partition ratio: 0.468047997380706
current singletons: {1, 2, 3, 4, 5, 6, 7, 8, 9, 10, 11, 12, 13, 14, 15, 16, 17, 18, 19, 20, 22, 23, 24, 25, 26, 27, 28, 29, 30, 31, 32, 33, 34, 35, 37, 38, 39, 40, 41, 42, 43, 44, 45, 46, 47, 48, 49, 50, 51, 52, 53, 54, 55, 56, 57, 58, 59, 60, 62, 63, 64, 65, 67, 68, 69, 70, 72, 73, 74, 75, 76, 77, 78, 79, 80, 81, 82, 83, 84, 85, 86, 87, 88, 89, 90, 91, 92, 93, 94, 95, 96, 97, 98, 99, 100, 101, 102, 103, 104, 105, 106}
Added 1 singletons
added:  {66}
chunks ... [0, 5000, 10000, 15000, 20000]
num codes: 792
num codes with support 0: 0
chunks ... [0, 5000, 10000, 15000, 20000]
database_size: 625575.5997799367
codetable_size: 24063.000441549368
complete: 649638.6002214861
Partition ratio: 0.4731058652273939
current singletons: {1, 2, 3, 4, 5, 6, 7, 8, 9, 10, 11, 12, 13, 14, 15, 16, 17, 18, 19, 20, 22, 23, 24, 25, 26, 27, 28, 29, 30, 31, 32, 33, 34, 35, 37, 38, 39, 40, 41, 42, 43, 44, 45, 46, 47, 48, 49, 50, 51, 52, 53, 54, 55, 56, 57, 58, 59, 60, 62, 63, 64, 65, 66, 67, 68, 69, 70, 72, 73, 74, 75, 76, 77, 78, 79, 80, 81, 84, 86, 88, 89, 90, 91, 92, 93, 96, 98, 105}
Added 14 singletons
added:  {97, 99, 100, 101, 102, 103, 104, 106, 82, 83, 85, 87, 94, 95}
chunks ... [0, 5000, 10000, 15000, 20000]
num codes: 386
num codes with support 0: 0
chunks ... [0, 5000, 10000, 15000, 20000]
database_size: 905943.3725942253
codetable_size: 10034.37521184045
complete: 915977.7478060658
Partition ratio: 0.6670700367205422
merged table size: 842
chunks ... [0, 5000, 10000, 15000, 20000]
chunks ... [0, 5000, 10000, 15000, 20000]
merged table size without non-used codes: 818
database_size: 619512.3692496616
codetable_size: 23181.091565344504
complete: 642693.460815006
database_size: 1372600.4814621517
codetable_size: 535.3174551653476
complete: 1373135.798917317
merged size: 642693.460815006
sct size: 1373135.798917317
merged ratio: 0.468047997380706
time elapsed: 17.951037645339966
-- MERGING METHOD informed
processing tkmeans_batch_results/k4/batch-4/letrecog_tkmeans__0_k4...
chunks ... [0, 1715, 3430, 5145, 6863]
num codes: 791
num codes with support 0: 0
chunks ... [0, 1715, 3430, 5145, 6863]
num codes with usage 0: 45
database_size: 127572.30932154256
codetable_size: 22164.82244906182
complete: 149737.13177060438
database_size: 439819.68742302235
codetable_size: 572.7025534249304
complete: 440392.3899764473
Partition 0 ratio: 0.34000844514732076
processing tkmeans_batch_results/k4/batch-4/letrecog_tkmeans__1_k4...
chunks ... [0, 1545, 3090, 4635, 6180]
num codes: 842
num codes with support 0: 0
chunks ... [0, 1545, 3090, 4635, 6180]
num codes with usage 0: 43
database_size: 136982.10208779422
codetable_size: 22310.06647854163
complete: 159292.16856633587
database_size: 411145.3316794005
codetable_size: 554.872168986441
complete: 411700.20384838694
Partition 1 ratio: 0.3869130184472703
processing tkmeans_batch_results/k4/batch-4/letrecog_tkmeans__2_k4...
chunks ... [0, 1393, 2786, 4179, 5575]
num codes: 791
num codes with support 0: 0
chunks ... [0, 1393, 2786, 4179, 5575]
num codes with usage 0: 26
database_size: 108840.7639043604
codetable_size: 22891.39069204342
complete: 131732.15459640382
database_size: 374065.1393839313
codetable_size: 551.339981834106
complete: 374616.4793657654
Partition 2 ratio: 0.3516453809491496
processing tkmeans_batch_results/k4/batch-4/letrecog_tkmeans__3_k4...
chunks ... [0, 345, 690, 1035, 1381]
num codes: 372
num codes with support 0: 0
chunks ... [0, 345, 690, 1035, 1381]
num codes with usage 0: 36
database_size: 26150.63111960278
codetable_size: 8208.823483177443
complete: 34359.45460278022
database_size: 93149.34344097677
codetable_size: 476.92478601274
complete: 93626.2682269895
Partition 3 ratio: 0.36698519820824677
number of codetables: 4
size: 791
size: 842
size: 791
size: 372
database_size: 1372600.4814621517
codetable_size: 535.3174551653476
complete: 1373135.798917317
database_size: 1372600.4814621517
codetable_size: 535.3174551653476
complete: 1373135.798917317
current singletons: {1, 2, 3, 4, 5, 6, 7, 8, 9, 10, 11, 12, 13, 14, 15, 16, 17, 18, 19, 20, 22, 23, 24, 25, 26, 27, 28, 29, 30, 31, 32, 33, 34, 35, 37, 38, 39, 40, 41, 42, 43, 44, 45, 46, 47, 48, 49, 50, 51, 52, 53, 54, 55, 56, 57, 58, 59, 60, 62, 63, 64, 65, 66, 67, 68, 69, 70, 72, 73, 74, 75, 76, 77, 78, 79, 80, 81, 82, 83, 84, 85, 86, 87, 88, 89, 90, 91, 92, 93, 94, 95, 96, 97, 98, 99, 100, 101, 102, 103, 104, 105, 106}
Added 0 singletons
added:  set()
chunks ... [0, 5000, 10000, 15000, 20000]
num codes: 791
num codes with support 0: 0
chunks ... [0, 5000, 10000, 15000, 20000]
database_size: 675511.5274274115
codetable_size: 23065.38442496294
complete: 698576.9118523744
Partition ratio: 0.5087456844422705
current singletons: {1, 2, 3, 4, 5, 6, 7, 8, 9, 10, 11, 12, 13, 14, 15, 16, 17, 18, 19, 20, 22, 23, 24, 25, 26, 27, 28, 29, 30, 31, 32, 33, 34, 35, 37, 38, 39, 40, 41, 42, 43, 44, 45, 46, 47, 48, 49, 50, 51, 52, 53, 54, 55, 56, 57, 58, 59, 60, 62, 63, 64, 65, 66, 67, 68, 69, 70, 72, 73, 74, 75, 76, 77, 78, 79, 80, 81, 82, 83, 84, 85, 86, 87, 88, 89, 90, 91, 92, 93, 94, 95, 96, 97, 98, 99, 100, 101, 102, 103, 104, 105, 106}
Added 0 singletons
added:  set()
chunks ... [0, 5000, 10000, 15000, 20000]
num codes: 842
num codes with support 0: 0
chunks ... [0, 5000, 10000, 15000, 20000]
database_size: 619512.3692496616
codetable_size: 23181.091565344504
complete: 642693.460815006
Partition ratio: 0.468047997380706
current singletons: {1, 2, 3, 4, 5, 6, 7, 8, 9, 10, 11, 12, 13, 14, 15, 16, 17, 18, 19, 20, 22, 23, 24, 25, 26, 27, 28, 29, 30, 31, 32, 33, 34, 35, 37, 38, 39, 40, 41, 42, 43, 44, 45, 46, 47, 48, 49, 50, 51, 52, 53, 54, 55, 56, 57, 58, 59, 60, 62, 63, 64, 65, 67, 68, 69, 70, 72, 73, 74, 75, 76, 77, 78, 79, 80, 81, 82, 83, 84, 85, 86, 87, 88, 89, 90, 91, 92, 93, 94, 95, 96, 97, 98, 99, 100, 101, 102, 103, 104, 105, 106}
Added 1 singletons
added:  {66}
chunks ... [0, 5000, 10000, 15000, 20000]
num codes: 792
num codes with support 0: 0
chunks ... [0, 5000, 10000, 15000, 20000]
database_size: 625575.5997799367
codetable_size: 24063.000441549368
complete: 649638.6002214861
Partition ratio: 0.4731058652273939
current singletons: {1, 2, 3, 4, 5, 6, 7, 8, 9, 10, 11, 12, 13, 14, 15, 16, 17, 18, 19, 20, 22, 23, 24, 25, 26, 27, 28, 29, 30, 31, 32, 33, 34, 35, 37, 38, 39, 40, 41, 42, 43, 44, 45, 46, 47, 48, 49, 50, 51, 52, 53, 54, 55, 56, 57, 58, 59, 60, 62, 63, 64, 65, 66, 67, 68, 69, 70, 72, 73, 74, 75, 76, 77, 78, 79, 80, 81, 84, 86, 88, 89, 90, 91, 92, 93, 96, 98, 105}
Added 14 singletons
added:  {97, 99, 100, 101, 102, 103, 104, 106, 82, 83, 85, 87, 94, 95}
chunks ... [0, 5000, 10000, 15000, 20000]
num codes: 386
num codes with support 0: 0
chunks ... [0, 5000, 10000, 15000, 20000]
database_size: 905943.3725942253
codetable_size: 10034.37521184045
complete: 915977.7478060658
Partition ratio: 0.6670700367205422
initial ratio: 0.468047997380706
merged: {1}
merged: {1}
to_process: {0, 2, 3}
[(0, 0.3265661698068249), (2, 0.23512466976883256), (3, 0.11931935842178344)]
next_candidate: 3
chunks ... [0, 5000, 10000, 15000, 20000]
chunks ... [0, 5000, 10000, 15000, 20000]
database_size: 616905.3669653025
codetable_size: 32192.806265147876
complete: 649098.1732304504
current_ratio: 0.468047997380706 --- candidate_ratio:0.4727122938184613
!!!!! ********* merge rejected ... 
merged: {1}
to_process: {0, 2}
[(0, 0.3265661698068249), (2, 0.23512466976883256)]
next_candidate: 2
chunks ... [0, 5000, 10000, 15000, 20000]
chunks ... [0, 5000, 10000, 15000, 20000]
database_size: 547327.3860416043
codetable_size: 46266.326937046986
complete: 593593.7129786513
current_ratio: 0.468047997380706 --- candidate_ratio:0.4322906106203661
!!!!! ********* merge accepted ... 
merged: {1, 2}
to_process: {0}
[(0, 0.27341494159339946)]
next_candidate: 0
chunks ... [0, 5000, 10000, 15000, 20000]
chunks ... [0, 5000, 10000, 15000, 20000]
database_size: 519343.6143815872
codetable_size: 67067.31076122867
complete: 586410.9251428158
current_ratio: 0.4322906106203661 --- candidate_ratio:0.4270596729072143
!!!!! ********* merge accepted ... 
merged table size: 2176
chunks ... [0, 5000, 10000, 15000, 20000]
chunks ... [0, 5000, 10000, 15000, 20000]
merged table size without non-used codes: 2124
database_size: 519343.6143815872
codetable_size: 67067.31076122867
complete: 586410.9251428158
database_size: 1372600.4814621517
codetable_size: 535.3174551653476
complete: 1373135.798917317
merged size: 586410.9251428158
sct size: 1373135.798917317
merged ratio: 0.4270596729072143
time elapsed: 38.459388256073
