
-- MERGING METHOD naive
processing tkmeans_batch_results/k8/batch-4/letrecog_tkmeans__0_k8...
chunks ... [0, 618, 1236, 1854, 2475]
num codes: 508
num codes with support 0: 0
chunks ... [0, 618, 1236, 1854, 2475]
num codes with usage 0: 31
database_size: 51710.09574593528
codetable_size: 12416.400888935998
complete: 64126.49663487128
database_size: 169225.00808757756
codetable_size: 536.0809643984377
complete: 169761.08905197599
Partition 0 ratio: 0.3777455540193759
processing tkmeans_batch_results/k8/batch-4/letrecog_tkmeans__1_k8...
chunks ... [0, 797, 1594, 2391, 3190]
num codes: 547
num codes with support 0: 0
chunks ... [0, 797, 1594, 2391, 3190]
num codes with usage 0: 41
database_size: 56295.89508443498
codetable_size: 13804.572088025552
complete: 70100.46717246053
database_size: 208748.80615051027
codetable_size: 567.6445963391376
complete: 209316.4507468494
Partition 1 ratio: 0.33490185278003365
processing tkmeans_batch_results/k8/batch-4/letrecog_tkmeans__2_k8...
chunks ... [0, 239, 478, 717, 959]
num codes: 313
num codes with support 0: 0
chunks ... [0, 239, 478, 717, 959]
num codes with usage 0: 34
database_size: 22126.491376232647
codetable_size: 5668.9935439382425
complete: 27795.48492017089
database_size: 61829.095340117296
codetable_size: 556.215241117592
complete: 62385.31058123489
Partition 2 ratio: 0.44554534811487495
processing tkmeans_batch_results/k8/batch-4/letrecog_tkmeans__3_k8...
chunks ... [0, 389, 778, 1167, 1558]
num codes: 398
num codes with support 0: 0
chunks ... [0, 389, 778, 1167, 1558]
num codes with usage 0: 52
database_size: 29528.79436041736
codetable_size: 8388.532083130294
complete: 37917.32644354765
database_size: 100144.00728233655
codetable_size: 524.2965472272266
complete: 100668.30382956378
Partition 3 ratio: 0.37665605757839615
processing tkmeans_batch_results/k8/batch-4/letrecog_tkmeans__4_k8...
chunks ... [0, 137, 274, 411, 551]
num codes: 233
num codes with support 0: 0
chunks ... [0, 137, 274, 411, 551]
num codes with usage 0: 58
database_size: 10313.642008826848
codetable_size: 3699.482337010471
complete: 14013.12434583732
database_size: 34831.95745173782
codetable_size: 474.84047524825127
complete: 35306.79792698607
Partition 4 ratio: 0.3968959285069195
processing tkmeans_batch_results/k8/batch-4/letrecog_tkmeans__5_k8...
chunks ... [0, 467, 934, 1401, 1871]
num codes: 407
num codes with support 0: 0
chunks ... [0, 467, 934, 1401, 1871]
num codes with usage 0: 38
database_size: 38019.33096346107
codetable_size: 8760.901694976015
complete: 46780.23265843709
database_size: 121064.3326096749
codetable_size: 561.3863816196563
complete: 121625.71899129455
Partition 5 ratio: 0.38462451072363585
processing tkmeans_batch_results/k8/batch-4/letrecog_tkmeans__6_k8...
chunks ... [0, 2189, 4378, 6567, 8758]
num codes: 883
num codes with support 0: 0
chunks ... [0, 2189, 4378, 6567, 8758]
num codes with usage 0: 62
database_size: 164233.78597098571
codetable_size: 24633.603170343664
complete: 188867.3891413294
database_size: 561979.021138242
codetable_size: 571.2414691191357
complete: 562550.2626073611
Partition 6 ratio: 0.33573424757807235
processing tkmeans_batch_results/k8/batch-4/letrecog_tkmeans__7_k8...
chunks ... [0, 159, 318, 477, 637]
num codes: 243
num codes with support 0: 0
chunks ... [0, 159, 318, 477, 637]
num codes with usage 0: 45
database_size: 12961.12928542133
codetable_size: 4309.068957824525
complete: 17270.198243245854
database_size: 41652.6663106184
codetable_size: 440.38039937410497
complete: 42093.0467099925
Partition 7 ratio: 0.4102862489910018
number of codetables: 8
size: 508
size: 547
size: 313
size: 398
size: 233
size: 407
size: 883
size: 243
merged table size: 2735
chunks ... [0, 5000, 10000, 15000, 20000]
chunks ... [0, 5000, 10000, 15000, 20000]
merged table size without non-used codes: 2562
database_size: 512252.82360834384
codetable_size: 78529.39223291376
complete: 590782.2158412576
database_size: 1372600.4814621517
codetable_size: 535.3174551653476
complete: 1373135.798917317
merged size: 590782.2158412576
sct size: 1373135.798917317
merged ratio: 0.4302431094630804
time elapsed: 11.022773265838623
-- MERGING METHOD naive_plus
processing tkmeans_batch_results/k8/batch-4/letrecog_tkmeans__0_k8...
chunks ... [0, 618, 1236, 1854, 2475]
num codes: 508
num codes with support 0: 0
chunks ... [0, 618, 1236, 1854, 2475]
num codes with usage 0: 31
database_size: 51710.09574593528
codetable_size: 12416.400888935998
complete: 64126.49663487128
database_size: 169225.00808757756
codetable_size: 536.0809643984377
complete: 169761.08905197599
Partition 0 ratio: 0.3777455540193759
processing tkmeans_batch_results/k8/batch-4/letrecog_tkmeans__1_k8...
chunks ... [0, 797, 1594, 2391, 3190]
num codes: 547
num codes with support 0: 0
chunks ... [0, 797, 1594, 2391, 3190]
num codes with usage 0: 41
database_size: 56295.89508443498
codetable_size: 13804.572088025552
complete: 70100.46717246053
database_size: 208748.80615051027
codetable_size: 567.6445963391376
complete: 209316.4507468494
Partition 1 ratio: 0.33490185278003365
processing tkmeans_batch_results/k8/batch-4/letrecog_tkmeans__2_k8...
chunks ... [0, 239, 478, 717, 959]
num codes: 313
num codes with support 0: 0
chunks ... [0, 239, 478, 717, 959]
num codes with usage 0: 34
database_size: 22126.491376232647
codetable_size: 5668.9935439382425
complete: 27795.48492017089
database_size: 61829.095340117296
codetable_size: 556.215241117592
complete: 62385.31058123489
Partition 2 ratio: 0.44554534811487495
processing tkmeans_batch_results/k8/batch-4/letrecog_tkmeans__3_k8...
chunks ... [0, 389, 778, 1167, 1558]
num codes: 398
num codes with support 0: 0
chunks ... [0, 389, 778, 1167, 1558]
num codes with usage 0: 52
database_size: 29528.79436041736
codetable_size: 8388.532083130294
complete: 37917.32644354765
database_size: 100144.00728233655
codetable_size: 524.2965472272266
complete: 100668.30382956378
Partition 3 ratio: 0.37665605757839615
processing tkmeans_batch_results/k8/batch-4/letrecog_tkmeans__4_k8...
chunks ... [0, 137, 274, 411, 551]
num codes: 233
num codes with support 0: 0
chunks ... [0, 137, 274, 411, 551]
num codes with usage 0: 58
database_size: 10313.642008826848
codetable_size: 3699.482337010471
complete: 14013.12434583732
database_size: 34831.95745173782
codetable_size: 474.84047524825127
complete: 35306.79792698607
Partition 4 ratio: 0.3968959285069195
processing tkmeans_batch_results/k8/batch-4/letrecog_tkmeans__5_k8...
chunks ... [0, 467, 934, 1401, 1871]
num codes: 407
num codes with support 0: 0
chunks ... [0, 467, 934, 1401, 1871]
num codes with usage 0: 38
database_size: 38019.33096346107
codetable_size: 8760.901694976015
complete: 46780.23265843709
database_size: 121064.3326096749
codetable_size: 561.3863816196563
complete: 121625.71899129455
Partition 5 ratio: 0.38462451072363585
processing tkmeans_batch_results/k8/batch-4/letrecog_tkmeans__6_k8...
chunks ... [0, 2189, 4378, 6567, 8758]
num codes: 883
num codes with support 0: 0
chunks ... [0, 2189, 4378, 6567, 8758]
num codes with usage 0: 62
database_size: 164233.78597098571
codetable_size: 24633.603170343664
complete: 188867.3891413294
database_size: 561979.021138242
codetable_size: 571.2414691191357
complete: 562550.2626073611
Partition 6 ratio: 0.33573424757807235
processing tkmeans_batch_results/k8/batch-4/letrecog_tkmeans__7_k8...
chunks ... [0, 159, 318, 477, 637]
num codes: 243
num codes with support 0: 0
chunks ... [0, 159, 318, 477, 637]
num codes with usage 0: 45
database_size: 12961.12928542133
codetable_size: 4309.068957824525
complete: 17270.198243245854
database_size: 41652.6663106184
codetable_size: 440.38039937410497
complete: 42093.0467099925
Partition 7 ratio: 0.4102862489910018
number of codetables: 8
size: 508
size: 547
size: 313
size: 398
size: 233
size: 407
size: 883
size: 243
database_size: 1372600.4814621517
codetable_size: 535.3174551653476
complete: 1373135.798917317
current singletons: {1, 2, 3, 4, 5, 6, 7, 8, 9, 10, 11, 12, 13, 14, 15, 16, 17, 18, 19, 20, 22, 23, 24, 25, 26, 27, 28, 29, 30, 31, 32, 33, 34, 35, 37, 38, 39, 40, 41, 42, 43, 44, 45, 46, 47, 48, 49, 50, 51, 52, 53, 54, 55, 56, 57, 58, 59, 60, 62, 63, 64, 65, 67, 68, 69, 70, 72, 73, 74, 75, 76, 77, 78, 79, 80, 82, 83, 84, 85, 86, 87, 88, 89, 90, 91, 92, 93, 94, 95, 96, 97, 98, 99, 100, 101, 102, 103, 104, 105, 106}
Added 2 singletons
added:  {81, 66}
chunks ... [0, 5000, 10000, 15000, 20000]
num codes: 510
num codes with support 0: 0
chunks ... [0, 5000, 10000, 15000, 20000]
database_size: 786456.3399202463
codetable_size: 13718.586251222532
complete: 800174.9261714688
Partition ratio: 0.5827354634569913
current singletons: {1, 2, 3, 4, 5, 6, 7, 8, 9, 10, 11, 12, 13, 14, 15, 16, 17, 18, 19, 20, 22, 23, 24, 25, 26, 27, 28, 29, 30, 31, 32, 33, 34, 35, 37, 38, 39, 40, 41, 42, 43, 44, 45, 46, 47, 48, 49, 50, 51, 52, 53, 54, 55, 56, 57, 58, 59, 60, 62, 63, 64, 65, 67, 68, 69, 70, 72, 73, 74, 75, 77, 78, 79, 80, 81, 82, 83, 84, 85, 86, 87, 88, 89, 90, 91, 92, 93, 94, 95, 96, 97, 98, 99, 100, 101, 102, 103, 104, 105, 106}
Added 2 singletons
added:  {66, 76}
chunks ... [0, 5000, 10000, 15000, 20000]
num codes: 549
num codes with support 0: 0
chunks ... [0, 5000, 10000, 15000, 20000]
database_size: 758628.4205319966
codetable_size: 15254.976802918978
complete: 773883.3973349156
Partition ratio: 0.5635883923098525
current singletons: {2, 3, 4, 5, 6, 7, 8, 9, 10, 11, 12, 13, 14, 15, 16, 17, 18, 19, 20, 22, 23, 24, 25, 26, 27, 28, 29, 30, 31, 32, 33, 34, 35, 37, 38, 39, 40, 41, 42, 43, 44, 45, 46, 47, 48, 49, 50, 51, 52, 53, 54, 55, 56, 57, 58, 59, 60, 62, 63, 64, 65, 66, 67, 68, 69, 70, 72, 73, 74, 75, 76, 77, 78, 79, 80, 81, 82, 84, 85, 86, 87, 88, 89, 90, 91, 92, 93, 94, 95, 96, 97, 98, 99, 100, 101, 104, 105, 106}
Added 4 singletons
added:  {1, 83, 102, 103}
chunks ... [0, 5000, 10000, 15000, 20000]
num codes: 317
num codes with support 0: 0
chunks ... [0, 5000, 10000, 15000, 20000]
database_size: 825585.2770328169
codetable_size: 6358.150750477312
complete: 831943.4277832942
Partition ratio: 0.6058711952883762
current singletons: {1, 2, 3, 4, 5, 6, 7, 8, 9, 10, 11, 12, 13, 14, 15, 16, 17, 18, 19, 20, 22, 23, 24, 25, 26, 27, 28, 29, 30, 31, 33, 34, 35, 37, 38, 39, 40, 41, 42, 43, 44, 45, 46, 47, 48, 49, 50, 52, 53, 54, 55, 56, 57, 58, 59, 60, 62, 63, 64, 65, 68, 69, 70, 72, 73, 74, 75, 76, 77, 78, 79, 80, 82, 83, 85, 86, 87, 89, 90, 91, 94, 95, 96, 98, 99, 100, 101, 102, 103, 104, 105, 106}
Added 10 singletons
added:  {32, 97, 66, 67, 81, 51, 84, 88, 92, 93}
chunks ... [0, 5000, 10000, 15000, 20000]
num codes: 408
num codes with support 0: 0
chunks ... [0, 5000, 10000, 15000, 20000]
database_size: 893382.3396063551
codetable_size: 9920.35652601578
complete: 903302.6961323709
Partition ratio: 0.657839302452534
current singletons: {2, 3, 4, 5, 6, 7, 8, 9, 10, 12, 13, 14, 15, 16, 17, 18, 19, 20, 22, 23, 24, 25, 28, 29, 30, 31, 32, 33, 34, 35, 37, 38, 39, 40, 41, 42, 43, 44, 45, 46, 47, 48, 49, 50, 51, 52, 53, 54, 55, 57, 58, 59, 60, 62, 63, 64, 65, 66, 67, 68, 69, 70, 72, 73, 74, 75, 76, 77, 78, 79, 80, 81, 82, 84, 86, 88, 90, 92, 93, 96, 102, 103, 104, 105, 106}
Added 17 singletons
added:  {97, 98, 1, 100, 101, 99, 27, 11, 83, 85, 87, 56, 89, 26, 91, 94, 95}
chunks ... [0, 5000, 10000, 15000, 20000]
num codes: 250
num codes with support 0: 0
chunks ... [0, 5000, 10000, 15000, 20000]
database_size: 939638.3458729767
codetable_size: 5082.428982800079
complete: 944720.7748557768
Partition ratio: 0.6880024361761344
current singletons: {1, 2, 3, 4, 5, 6, 7, 8, 9, 10, 11, 12, 13, 14, 15, 16, 17, 18, 19, 20, 22, 23, 24, 25, 27, 28, 29, 30, 31, 32, 33, 34, 35, 37, 38, 39, 40, 41, 42, 43, 44, 45, 46, 47, 48, 49, 50, 51, 52, 53, 54, 55, 56, 57, 58, 59, 60, 62, 63, 64, 65, 66, 67, 68, 69, 70, 72, 73, 74, 75, 76, 77, 78, 79, 80, 81, 82, 83, 84, 85, 86, 87, 88, 89, 90, 91, 92, 93, 94, 95, 96, 97, 98, 99, 100, 101, 102, 103, 104, 105, 106}
Added 1 singletons
added:  {26}
chunks ... [0, 5000, 10000, 15000, 20000]
num codes: 408
num codes with support 0: 0
chunks ... [0, 5000, 10000, 15000, 20000]
database_size: 805427.6932104982
codetable_size: 9612.438419639495
complete: 815040.1316301377
Partition ratio: 0.5935611993167582
current singletons: {2, 3, 4, 5, 6, 7, 8, 9, 10, 11, 12, 13, 14, 15, 16, 17, 18, 19, 20, 22, 23, 24, 25, 26, 27, 28, 29, 30, 31, 32, 33, 34, 35, 37, 38, 39, 40, 41, 42, 43, 44, 45, 46, 47, 48, 49, 50, 51, 52, 53, 54, 55, 56, 57, 58, 59, 60, 62, 63, 64, 65, 66, 67, 68, 69, 70, 72, 73, 74, 75, 76, 77, 78, 79, 80, 81, 82, 83, 84, 85, 86, 87, 88, 89, 90, 91, 92, 93, 94, 95, 96, 97, 98, 99, 100, 101, 102, 103, 104, 105, 106}
Added 1 singletons
added:  {1}
chunks ... [0, 5000, 10000, 15000, 20000]
num codes: 884
num codes with support 0: 0
chunks ... [0, 5000, 10000, 15000, 20000]
database_size: 577544.6543029752
codetable_size: 25332.071107784355
complete: 602876.7254107596
Partition ratio: 0.4390510580862524
current singletons: {2, 3, 4, 5, 6, 7, 8, 9, 10, 12, 13, 14, 15, 17, 18, 19, 20, 22, 23, 24, 25, 26, 27, 28, 29, 30, 31, 32, 33, 34, 35, 37, 38, 39, 40, 42, 43, 44, 45, 46, 47, 48, 49, 50, 51, 52, 53, 54, 55, 56, 57, 58, 59, 60, 62, 63, 64, 65, 66, 67, 68, 69, 70, 72, 73, 74, 75, 78, 79, 80, 81, 83, 84, 85, 89, 90, 92, 93, 94, 97, 99, 106}
Added 20 singletons
added:  {1, 11, 16, 41, 76, 77, 82, 86, 87, 88, 91, 95, 96, 98, 100, 101, 102, 103, 104, 105}
chunks ... [0, 5000, 10000, 15000, 20000]
num codes: 263
num codes with support 0: 0
chunks ... [0, 5000, 10000, 15000, 20000]
database_size: 989345.1534891933
codetable_size: 5675.903957791625
complete: 995021.0574469849
Partition ratio: 0.7246341244846533
merged table size: 884
chunks ... [0, 5000, 10000, 15000, 20000]
chunks ... [0, 5000, 10000, 15000, 20000]
merged table size without non-used codes: 851
database_size: 577544.6543029752
codetable_size: 25332.071107784355
complete: 602876.7254107596
database_size: 1372600.4814621517
codetable_size: 535.3174551653476
complete: 1373135.798917317
merged size: 602876.7254107596
sct size: 1373135.798917317
merged ratio: 0.4390510580862524
time elapsed: 18.255718231201172
-- MERGING METHOD informed
processing tkmeans_batch_results/k8/batch-4/letrecog_tkmeans__0_k8...
chunks ... [0, 618, 1236, 1854, 2475]
num codes: 508
num codes with support 0: 0
chunks ... [0, 618, 1236, 1854, 2475]
num codes with usage 0: 31
database_size: 51710.09574593528
codetable_size: 12416.400888935998
complete: 64126.49663487128
database_size: 169225.00808757756
codetable_size: 536.0809643984377
complete: 169761.08905197599
Partition 0 ratio: 0.3777455540193759
processing tkmeans_batch_results/k8/batch-4/letrecog_tkmeans__1_k8...
chunks ... [0, 797, 1594, 2391, 3190]
num codes: 547
num codes with support 0: 0
chunks ... [0, 797, 1594, 2391, 3190]
num codes with usage 0: 41
database_size: 56295.89508443498
codetable_size: 13804.572088025552
complete: 70100.46717246053
database_size: 208748.80615051027
codetable_size: 567.6445963391376
complete: 209316.4507468494
Partition 1 ratio: 0.33490185278003365
processing tkmeans_batch_results/k8/batch-4/letrecog_tkmeans__2_k8...
chunks ... [0, 239, 478, 717, 959]
num codes: 313
num codes with support 0: 0
chunks ... [0, 239, 478, 717, 959]
num codes with usage 0: 34
database_size: 22126.491376232647
codetable_size: 5668.9935439382425
complete: 27795.48492017089
database_size: 61829.095340117296
codetable_size: 556.215241117592
complete: 62385.31058123489
Partition 2 ratio: 0.44554534811487495
processing tkmeans_batch_results/k8/batch-4/letrecog_tkmeans__3_k8...
chunks ... [0, 389, 778, 1167, 1558]
num codes: 398
num codes with support 0: 0
chunks ... [0, 389, 778, 1167, 1558]
num codes with usage 0: 52
database_size: 29528.79436041736
codetable_size: 8388.532083130294
complete: 37917.32644354765
database_size: 100144.00728233655
codetable_size: 524.2965472272266
complete: 100668.30382956378
Partition 3 ratio: 0.37665605757839615
processing tkmeans_batch_results/k8/batch-4/letrecog_tkmeans__4_k8...
chunks ... [0, 137, 274, 411, 551]
num codes: 233
num codes with support 0: 0
chunks ... [0, 137, 274, 411, 551]
num codes with usage 0: 58
database_size: 10313.642008826848
codetable_size: 3699.482337010471
complete: 14013.12434583732
database_size: 34831.95745173782
codetable_size: 474.84047524825127
complete: 35306.79792698607
Partition 4 ratio: 0.3968959285069195
processing tkmeans_batch_results/k8/batch-4/letrecog_tkmeans__5_k8...
chunks ... [0, 467, 934, 1401, 1871]
num codes: 407
num codes with support 0: 0
chunks ... [0, 467, 934, 1401, 1871]
num codes with usage 0: 38
database_size: 38019.33096346107
codetable_size: 8760.901694976015
complete: 46780.23265843709
database_size: 121064.3326096749
codetable_size: 561.3863816196563
complete: 121625.71899129455
Partition 5 ratio: 0.38462451072363585
processing tkmeans_batch_results/k8/batch-4/letrecog_tkmeans__6_k8...
chunks ... [0, 2189, 4378, 6567, 8758]
num codes: 883
num codes with support 0: 0
chunks ... [0, 2189, 4378, 6567, 8758]
num codes with usage 0: 62
database_size: 164233.78597098571
codetable_size: 24633.603170343664
complete: 188867.3891413294
database_size: 561979.021138242
codetable_size: 571.2414691191357
complete: 562550.2626073611
Partition 6 ratio: 0.33573424757807235
processing tkmeans_batch_results/k8/batch-4/letrecog_tkmeans__7_k8...
chunks ... [0, 159, 318, 477, 637]
num codes: 243
num codes with support 0: 0
chunks ... [0, 159, 318, 477, 637]
num codes with usage 0: 45
database_size: 12961.12928542133
codetable_size: 4309.068957824525
complete: 17270.198243245854
database_size: 41652.6663106184
codetable_size: 440.38039937410497
complete: 42093.0467099925
Partition 7 ratio: 0.4102862489910018
number of codetables: 8
size: 508
size: 547
size: 313
size: 398
size: 233
size: 407
size: 883
size: 243
database_size: 1372600.4814621517
codetable_size: 535.3174551653476
complete: 1373135.798917317
database_size: 1372600.4814621517
codetable_size: 535.3174551653476
complete: 1373135.798917317
current singletons: {1, 2, 3, 4, 5, 6, 7, 8, 9, 10, 11, 12, 13, 14, 15, 16, 17, 18, 19, 20, 22, 23, 24, 25, 26, 27, 28, 29, 30, 31, 32, 33, 34, 35, 37, 38, 39, 40, 41, 42, 43, 44, 45, 46, 47, 48, 49, 50, 51, 52, 53, 54, 55, 56, 57, 58, 59, 60, 62, 63, 64, 65, 67, 68, 69, 70, 72, 73, 74, 75, 76, 77, 78, 79, 80, 82, 83, 84, 85, 86, 87, 88, 89, 90, 91, 92, 93, 94, 95, 96, 97, 98, 99, 100, 101, 102, 103, 104, 105, 106}
Added 2 singletons
added:  {81, 66}
chunks ... [0, 5000, 10000, 15000, 20000]
num codes: 510
num codes with support 0: 0
chunks ... [0, 5000, 10000, 15000, 20000]
database_size: 786456.3399202463
codetable_size: 13718.586251222532
complete: 800174.9261714688
Partition ratio: 0.5827354634569913
current singletons: {1, 2, 3, 4, 5, 6, 7, 8, 9, 10, 11, 12, 13, 14, 15, 16, 17, 18, 19, 20, 22, 23, 24, 25, 26, 27, 28, 29, 30, 31, 32, 33, 34, 35, 37, 38, 39, 40, 41, 42, 43, 44, 45, 46, 47, 48, 49, 50, 51, 52, 53, 54, 55, 56, 57, 58, 59, 60, 62, 63, 64, 65, 67, 68, 69, 70, 72, 73, 74, 75, 77, 78, 79, 80, 81, 82, 83, 84, 85, 86, 87, 88, 89, 90, 91, 92, 93, 94, 95, 96, 97, 98, 99, 100, 101, 102, 103, 104, 105, 106}
Added 2 singletons
added:  {66, 76}
chunks ... [0, 5000, 10000, 15000, 20000]
num codes: 549
num codes with support 0: 0
chunks ... [0, 5000, 10000, 15000, 20000]
database_size: 758628.4205319966
codetable_size: 15254.976802918978
complete: 773883.3973349156
Partition ratio: 0.5635883923098525
current singletons: {2, 3, 4, 5, 6, 7, 8, 9, 10, 11, 12, 13, 14, 15, 16, 17, 18, 19, 20, 22, 23, 24, 25, 26, 27, 28, 29, 30, 31, 32, 33, 34, 35, 37, 38, 39, 40, 41, 42, 43, 44, 45, 46, 47, 48, 49, 50, 51, 52, 53, 54, 55, 56, 57, 58, 59, 60, 62, 63, 64, 65, 66, 67, 68, 69, 70, 72, 73, 74, 75, 76, 77, 78, 79, 80, 81, 82, 84, 85, 86, 87, 88, 89, 90, 91, 92, 93, 94, 95, 96, 97, 98, 99, 100, 101, 104, 105, 106}
Added 4 singletons
added:  {1, 83, 102, 103}
chunks ... [0, 5000, 10000, 15000, 20000]
num codes: 317
num codes with support 0: 0
chunks ... [0, 5000, 10000, 15000, 20000]
database_size: 825585.2770328169
codetable_size: 6358.150750477312
complete: 831943.4277832942
Partition ratio: 0.6058711952883762
current singletons: {1, 2, 3, 4, 5, 6, 7, 8, 9, 10, 11, 12, 13, 14, 15, 16, 17, 18, 19, 20, 22, 23, 24, 25, 26, 27, 28, 29, 30, 31, 33, 34, 35, 37, 38, 39, 40, 41, 42, 43, 44, 45, 46, 47, 48, 49, 50, 52, 53, 54, 55, 56, 57, 58, 59, 60, 62, 63, 64, 65, 68, 69, 70, 72, 73, 74, 75, 76, 77, 78, 79, 80, 82, 83, 85, 86, 87, 89, 90, 91, 94, 95, 96, 98, 99, 100, 101, 102, 103, 104, 105, 106}
Added 10 singletons
added:  {32, 97, 66, 67, 81, 51, 84, 88, 92, 93}
chunks ... [0, 5000, 10000, 15000, 20000]
num codes: 408
num codes with support 0: 0
chunks ... [0, 5000, 10000, 15000, 20000]
database_size: 893382.3396063551
codetable_size: 9920.35652601578
complete: 903302.6961323709
Partition ratio: 0.657839302452534
current singletons: {2, 3, 4, 5, 6, 7, 8, 9, 10, 12, 13, 14, 15, 16, 17, 18, 19, 20, 22, 23, 24, 25, 28, 29, 30, 31, 32, 33, 34, 35, 37, 38, 39, 40, 41, 42, 43, 44, 45, 46, 47, 48, 49, 50, 51, 52, 53, 54, 55, 57, 58, 59, 60, 62, 63, 64, 65, 66, 67, 68, 69, 70, 72, 73, 74, 75, 76, 77, 78, 79, 80, 81, 82, 84, 86, 88, 90, 92, 93, 96, 102, 103, 104, 105, 106}
Added 17 singletons
added:  {97, 98, 1, 100, 101, 99, 27, 11, 83, 85, 87, 56, 89, 26, 91, 94, 95}
chunks ... [0, 5000, 10000, 15000, 20000]
num codes: 250
num codes with support 0: 0
chunks ... [0, 5000, 10000, 15000, 20000]
database_size: 939638.3458729767
codetable_size: 5082.428982800079
complete: 944720.7748557768
Partition ratio: 0.6880024361761344
current singletons: {1, 2, 3, 4, 5, 6, 7, 8, 9, 10, 11, 12, 13, 14, 15, 16, 17, 18, 19, 20, 22, 23, 24, 25, 27, 28, 29, 30, 31, 32, 33, 34, 35, 37, 38, 39, 40, 41, 42, 43, 44, 45, 46, 47, 48, 49, 50, 51, 52, 53, 54, 55, 56, 57, 58, 59, 60, 62, 63, 64, 65, 66, 67, 68, 69, 70, 72, 73, 74, 75, 76, 77, 78, 79, 80, 81, 82, 83, 84, 85, 86, 87, 88, 89, 90, 91, 92, 93, 94, 95, 96, 97, 98, 99, 100, 101, 102, 103, 104, 105, 106}
Added 1 singletons
added:  {26}
chunks ... [0, 5000, 10000, 15000, 20000]
num codes: 408
num codes with support 0: 0
chunks ... [0, 5000, 10000, 15000, 20000]
database_size: 805427.6932104982
codetable_size: 9612.438419639495
complete: 815040.1316301377
Partition ratio: 0.5935611993167582
current singletons: {2, 3, 4, 5, 6, 7, 8, 9, 10, 11, 12, 13, 14, 15, 16, 17, 18, 19, 20, 22, 23, 24, 25, 26, 27, 28, 29, 30, 31, 32, 33, 34, 35, 37, 38, 39, 40, 41, 42, 43, 44, 45, 46, 47, 48, 49, 50, 51, 52, 53, 54, 55, 56, 57, 58, 59, 60, 62, 63, 64, 65, 66, 67, 68, 69, 70, 72, 73, 74, 75, 76, 77, 78, 79, 80, 81, 82, 83, 84, 85, 86, 87, 88, 89, 90, 91, 92, 93, 94, 95, 96, 97, 98, 99, 100, 101, 102, 103, 104, 105, 106}
Added 1 singletons
added:  {1}
chunks ... [0, 5000, 10000, 15000, 20000]
num codes: 884
num codes with support 0: 0
chunks ... [0, 5000, 10000, 15000, 20000]
database_size: 577544.6543029752
codetable_size: 25332.071107784355
complete: 602876.7254107596
Partition ratio: 0.4390510580862524
current singletons: {2, 3, 4, 5, 6, 7, 8, 9, 10, 12, 13, 14, 15, 17, 18, 19, 20, 22, 23, 24, 25, 26, 27, 28, 29, 30, 31, 32, 33, 34, 35, 37, 38, 39, 40, 42, 43, 44, 45, 46, 47, 48, 49, 50, 51, 52, 53, 54, 55, 56, 57, 58, 59, 60, 62, 63, 64, 65, 66, 67, 68, 69, 70, 72, 73, 74, 75, 78, 79, 80, 81, 83, 84, 85, 89, 90, 92, 93, 94, 97, 99, 106}
Added 20 singletons
added:  {1, 11, 16, 41, 76, 77, 82, 86, 87, 88, 91, 95, 96, 98, 100, 101, 102, 103, 104, 105}
chunks ... [0, 5000, 10000, 15000, 20000]
num codes: 263
num codes with support 0: 0
chunks ... [0, 5000, 10000, 15000, 20000]
database_size: 989345.1534891933
codetable_size: 5675.903957791625
complete: 995021.0574469849
Partition ratio: 0.7246341244846533
initial ratio: 0.4390510580862524
merged: {6}
merged: {6}
to_process: {0, 1, 2, 3, 4, 5, 7}
[(0, 0.1306465496157928), (1, 0.15356726225159892), (2, 0.0661983790981424), (3, 0.11015517324083025), (4, 0.037921646952836285), (5, 0.12235177019264686), (7, 0.047529276492545076)]
next_candidate: 4
chunks ... [0, 5000, 10000, 15000, 20000]
chunks ... [0, 5000, 10000, 15000, 20000]
database_size: 567423.8705164656
codetable_size: 29586.360054011806
complete: 597010.2305704774
current_ratio: 0.4390510580862524 --- candidate_ratio:0.43477872402802764
!!!!! ********* merge accepted ... 
merged: {4, 6}
to_process: {0, 1, 2, 3, 5, 7}
[(0, 0.12977814691539735), (1, 0.15129485543764554), (2, 0.06241599272548638), (3, 0.10523875743518916), (5, 0.11642307662911178), (7, 0.047828328379324735)]
next_candidate: 7
chunks ... [0, 5000, 10000, 15000, 20000]
chunks ... [0, 5000, 10000, 15000, 20000]
database_size: 563172.7745774213
codetable_size: 34248.41884094311
complete: 597421.1934183644
current_ratio: 0.43477872402802764 --- candidate_ratio:0.4350780118684663
!!!!! ********* merge rejected ... 
merged: {4, 6}
to_process: {0, 1, 2, 3, 5}
[(0, 0.12977814691539735), (1, 0.15129485543764554), (2, 0.06241599272548638), (3, 0.10523875743518916), (5, 0.11642307662911178)]
next_candidate: 2
chunks ... [0, 5000, 10000, 15000, 20000]
chunks ... [0, 5000, 10000, 15000, 20000]
database_size: 580989.3408740049
codetable_size: 34715.69447699904
complete: 615705.0353510039
current_ratio: 0.43477872402802764 --- candidate_ratio:0.4483934042331951
!!!!! ********* merge rejected ... 
merged: {4, 6}
to_process: {0, 1, 3, 5}
[(0, 0.12977814691539735), (1, 0.15129485543764554), (3, 0.10523875743518916), (5, 0.11642307662911178)]
next_candidate: 3
chunks ... [0, 5000, 10000, 15000, 20000]
chunks ... [0, 5000, 10000, 15000, 20000]
database_size: 572655.804250806
codetable_size: 38438.98061310209
complete: 611094.7848639081
current_ratio: 0.43477872402802764 --- candidate_ratio:0.4450359428002248
!!!!! ********* merge rejected ... 
merged: {4, 6}
to_process: {0, 1, 5}
[(0, 0.12977814691539735), (1, 0.15129485543764554), (5, 0.11642307662911178)]
next_candidate: 5
chunks ... [0, 5000, 10000, 15000, 20000]
chunks ... [0, 5000, 10000, 15000, 20000]
database_size: 572047.6058713918
codetable_size: 38063.37664868153
complete: 610110.9825200734
current_ratio: 0.43477872402802764 --- candidate_ratio:0.444319478817121
!!!!! ********* merge rejected ... 
merged: {4, 6}
to_process: {0, 1}
[(0, 0.12977814691539735), (1, 0.15129485543764554)]
next_candidate: 0
chunks ... [0, 5000, 10000, 15000, 20000]
chunks ... [0, 5000, 10000, 15000, 20000]
database_size: 524694.3109502966
codetable_size: 41341.28694229358
complete: 566035.5978925901
current_ratio: 0.43477872402802764 --- candidate_ratio:0.41222113525763066
!!!!! ********* merge accepted ... 
merged: {0, 4, 6}
to_process: {1}
[(1, 0.1387704977956068)]
next_candidate: 1
chunks ... [0, 5000, 10000, 15000, 20000]
chunks ... [0, 5000, 10000, 15000, 20000]
database_size: 506807.2411699246
codetable_size: 53760.18016043937
complete: 560567.421330364
current_ratio: 0.41222113525763066 --- candidate_ratio:0.40823888050428603
!!!!! ********* merge accepted ... 
merged table size: 1797
chunks ... [0, 5000, 10000, 15000, 20000]
chunks ... [0, 5000, 10000, 15000, 20000]
merged table size without non-used codes: 1738
database_size: 506807.2411699246
codetable_size: 53760.18016043937
complete: 560567.421330364
database_size: 1372600.4814621517
codetable_size: 535.3174551653476
complete: 1373135.798917317
merged size: 560567.421330364
sct size: 1373135.798917317
merged ratio: 0.40823888050428603
time elapsed: 59.22633910179138
