
DEBUG:root:--> entering support
DEBUG:root:cleaning the codetable ... 
DEBUG:root:calculating the supports ...
DEBUG:root:reducing the results ... 
DEBUG:root:<-- leaving support
DEBUG:root:--> entering usage
DEBUG:root:cleaning the codetable ... 
DEBUG:root:calculating the usages ... 
DEBUG:root:reducing the results ... 
DEBUG:root:<--leaving usage 
DEBUG:root:<-- leaving support
DEBUG:root:--> entering support
DEBUG:root:cleaning the codetable ... 
DEBUG:root:calculating the supports ...
DEBUG:root:reducing the results ... 
DEBUG:root:<-- leaving support
DEBUG:root:--> entering usage
DEBUG:root:cleaning the codetable ... 
DEBUG:root:calculating the usages ... 
DEBUG:root:reducing the results ... 
DEBUG:root:<--leaving usage 
DEBUG:root:<-- leaving support
DEBUG:root:--> entering support
DEBUG:root:cleaning the codetable ... 
DEBUG:root:calculating the supports ...
DEBUG:root:reducing the results ... 
DEBUG:root:<-- leaving support
DEBUG:root:--> entering usage
DEBUG:root:cleaning the codetable ... 
DEBUG:root:calculating the usages ... 
DEBUG:root:reducing the results ... 
DEBUG:root:<--leaving usage 
DEBUG:root:<-- leaving support
DEBUG:root:--> entering support
DEBUG:root:cleaning the codetable ... 
DEBUG:root:calculating the supports ...
DEBUG:root:reducing the results ... 
DEBUG:root:<-- leaving support
DEBUG:root:--> entering usage
DEBUG:root:cleaning the codetable ... 
DEBUG:root:calculating the usages ... 
DEBUG:root:reducing the results ... 
DEBUG:root:<--leaving usage 
DEBUG:root:<-- leaving support
DEBUG:root:--> entering support
DEBUG:root:cleaning the codetable ... 
DEBUG:root:calculating the supports ...
DEBUG:root:reducing the results ... 
DEBUG:root:<-- leaving support
DEBUG:root:--> entering usage
DEBUG:root:cleaning the codetable ... 
DEBUG:root:calculating the usages ... 
DEBUG:root:reducing the results ... 
DEBUG:root:<--leaving usage 
DEBUG:root:<-- leaving support
DEBUG:root:--> entering support
DEBUG:root:cleaning the codetable ... 
DEBUG:root:calculating the supports ...
DEBUG:root:reducing the results ... 
DEBUG:root:<-- leaving support
DEBUG:root:--> entering usage
DEBUG:root:cleaning the codetable ... 
DEBUG:root:calculating the usages ... 
DEBUG:root:reducing the results ... 
DEBUG:root:<--leaving usage 
DEBUG:root:<-- leaving support
DEBUG:root:--> entering support
DEBUG:root:cleaning the codetable ... 
DEBUG:root:calculating the supports ...
DEBUG:root:reducing the results ... 
DEBUG:root:<-- leaving support
DEBUG:root:--> entering usage
DEBUG:root:cleaning the codetable ... 
DEBUG:root:calculating the usages ... 
DEBUG:root:reducing the results ... 
DEBUG:root:<--leaving usage 
DEBUG:root:<-- leaving support
DEBUG:root:--> entering support
DEBUG:root:cleaning the codetable ... 
DEBUG:root:calculating the supports ...
DEBUG:root:reducing the results ... 
DEBUG:root:<-- leaving support
DEBUG:root:--> entering usage
DEBUG:root:cleaning the codetable ... 
DEBUG:root:calculating the usages ... 
DEBUG:root:reducing the results ... 
DEBUG:root:<--leaving usage 
DEBUG:root:<-- leaving support
DEBUG:root:deduplicating codes
DEBUG:root:processing 0 385against ... 
DEBUG:root: ... 1 - 295
DEBUG:root: ... 2 - 439
DEBUG:root: ... 3 - 201
DEBUG:root: ... 4 - 310
DEBUG:root: ... 5 - 460
DEBUG:root: ... 6 - 392
DEBUG:root: ... 7 - 311
DEBUG:root:processing 1 295against ... 
DEBUG:root: ... 2 - 439
DEBUG:root: ... 3 - 201
DEBUG:root: ... 4 - 310
DEBUG:root: ... 5 - 460
DEBUG:root: ... 6 - 392
DEBUG:root: ... 7 - 311
DEBUG:root:processing 2 439against ... 
DEBUG:root: ... 3 - 201
DEBUG:root: ... 4 - 310
DEBUG:root: ... 5 - 460
DEBUG:root: ... 6 - 392
DEBUG:root: ... 7 - 311
DEBUG:root:processing 3 201against ... 
DEBUG:root: ... 4 - 310
DEBUG:root: ... 5 - 460
DEBUG:root: ... 6 - 392
DEBUG:root: ... 7 - 311
DEBUG:root:processing 4 310against ... 
DEBUG:root: ... 5 - 460
DEBUG:root: ... 6 - 392
DEBUG:root: ... 7 - 311
DEBUG:root:processing 5 460against ... 
DEBUG:root: ... 6 - 392
DEBUG:root: ... 7 - 311
DEBUG:root:processing 6 392against ... 
DEBUG:root: ... 7 - 311
DEBUG:root:merging done ...
DEBUG:root:--> entering support
DEBUG:root:cleaning the codetable ... 
DEBUG:root:calculating the supports ...
DEBUG:root:reducing the results ... 
DEBUG:root:<-- leaving support
DEBUG:root:--> entering usage
DEBUG:root:cleaning the codetable ... 
DEBUG:root:calculating the usages ... 
DEBUG:root:reducing the results ... 
DEBUG:root:<--leaving usage 
DEBUG:root:<-- leaving support
DEBUG:root:--> entering support
DEBUG:root:cleaning the codetable ... 
DEBUG:root:calculating the supports ...
DEBUG:root:reducing the results ... 
DEBUG:root:<-- leaving support
DEBUG:root:--> entering usage
DEBUG:root:cleaning the codetable ... 
DEBUG:root:calculating the usages ... 
DEBUG:root:reducing the results ... 
DEBUG:root:<--leaving usage 
DEBUG:root:<-- leaving support
DEBUG:root:--> entering support
DEBUG:root:cleaning the codetable ... 
DEBUG:root:calculating the supports ...
DEBUG:root:reducing the results ... 
DEBUG:root:<-- leaving support
DEBUG:root:--> entering usage
DEBUG:root:cleaning the codetable ... 
DEBUG:root:calculating the usages ... 
DEBUG:root:reducing the results ... 
DEBUG:root:<--leaving usage 
DEBUG:root:<-- leaving support
DEBUG:root:--> entering support
DEBUG:root:cleaning the codetable ... 
DEBUG:root:calculating the supports ...
DEBUG:root:reducing the results ... 
DEBUG:root:<-- leaving support
DEBUG:root:--> entering usage
DEBUG:root:cleaning the codetable ... 
DEBUG:root:calculating the usages ... 
DEBUG:root:reducing the results ... 
DEBUG:root:<--leaving usage 
DEBUG:root:<-- leaving support
DEBUG:root:--> entering support
DEBUG:root:cleaning the codetable ... 
DEBUG:root:calculating the supports ...
DEBUG:root:reducing the results ... 
DEBUG:root:<-- leaving support
DEBUG:root:--> entering usage
DEBUG:root:cleaning the codetable ... 
DEBUG:root:calculating the usages ... 
DEBUG:root:reducing the results ... 
DEBUG:root:<--leaving usage 
DEBUG:root:<-- leaving support
DEBUG:root:--> entering support
DEBUG:root:cleaning the codetable ... 
DEBUG:root:calculating the supports ...
DEBUG:root:reducing the results ... 
DEBUG:root:<-- leaving support
DEBUG:root:--> entering usage
DEBUG:root:cleaning the codetable ... 
DEBUG:root:calculating the usages ... 
DEBUG:root:reducing the results ... 
DEBUG:root:<--leaving usage 
DEBUG:root:<-- leaving support
DEBUG:root:--> entering support
DEBUG:root:cleaning the codetable ... 
DEBUG:root:calculating the supports ...
DEBUG:root:reducing the results ... 
DEBUG:root:<-- leaving support
DEBUG:root:--> entering usage
DEBUG:root:cleaning the codetable ... 
DEBUG:root:calculating the usages ... 
DEBUG:root:reducing the results ... 
DEBUG:root:<--leaving usage 
DEBUG:root:<-- leaving support
DEBUG:root:--> entering support
DEBUG:root:cleaning the codetable ... 
DEBUG:root:calculating the supports ...
DEBUG:root:reducing the results ... 
DEBUG:root:<-- leaving support
DEBUG:root:--> entering usage
DEBUG:root:cleaning the codetable ... 
DEBUG:root:calculating the usages ... 
DEBUG:root:reducing the results ... 
DEBUG:root:<--leaving usage 
DEBUG:root:<-- leaving support
DEBUG:root:--> entering support
DEBUG:root:cleaning the codetable ... 
DEBUG:root:calculating the supports ...
DEBUG:root:reducing the results ... 
DEBUG:root:<-- leaving support
DEBUG:root:--> entering usage
DEBUG:root:cleaning the codetable ... 
DEBUG:root:calculating the usages ... 
DEBUG:root:reducing the results ... 
DEBUG:root:<--leaving usage 
DEBUG:root:<-- leaving support
DEBUG:root:<-- leaving support
DEBUG:root:--> entering support
DEBUG:root:cleaning the codetable ... 
DEBUG:root:calculating the supports ...
DEBUG:root:reducing the results ... 
DEBUG:root:<-- leaving support
DEBUG:root:--> entering usage
DEBUG:root:cleaning the codetable ... 
DEBUG:root:calculating the usages ... 
DEBUG:root:reducing the results ... 
DEBUG:root:<--leaving usage 
DEBUG:root:--> entering support
DEBUG:root:cleaning the codetable ... 
DEBUG:root:calculating the supports ...
DEBUG:root:reducing the results ... 
DEBUG:root:<-- leaving support
DEBUG:root:--> entering usage
DEBUG:root:cleaning the codetable ... 
DEBUG:root:calculating the usages ... 
DEBUG:root:reducing the results ... 
DEBUG:root:<--leaving usage 
DEBUG:root:--> entering support
DEBUG:root:cleaning the codetable ... 
DEBUG:root:calculating the supports ...
DEBUG:root:reducing the results ... 
DEBUG:root:<-- leaving support
DEBUG:root:--> entering usage
DEBUG:root:cleaning the codetable ... 
DEBUG:root:calculating the usages ... 
DEBUG:root:reducing the results ... 
DEBUG:root:<--leaving usage 
DEBUG:root:--> entering support
DEBUG:root:cleaning the codetable ... 
DEBUG:root:calculating the supports ...
DEBUG:root:reducing the results ... 
DEBUG:root:<-- leaving support
DEBUG:root:--> entering usage
DEBUG:root:cleaning the codetable ... 
DEBUG:root:calculating the usages ... 
DEBUG:root:reducing the results ... 
DEBUG:root:<--leaving usage 
DEBUG:root:--> entering support
DEBUG:root:cleaning the codetable ... 
DEBUG:root:calculating the supports ...
DEBUG:root:reducing the results ... 
DEBUG:root:<-- leaving support
DEBUG:root:--> entering usage
DEBUG:root:cleaning the codetable ... 
DEBUG:root:calculating the usages ... 
DEBUG:root:reducing the results ... 
DEBUG:root:<--leaving usage 
DEBUG:root:--> entering support
DEBUG:root:cleaning the codetable ... 
DEBUG:root:calculating the supports ...
DEBUG:root:reducing the results ... 
DEBUG:root:<-- leaving support
DEBUG:root:--> entering usage
DEBUG:root:cleaning the codetable ... 
DEBUG:root:calculating the usages ... 
DEBUG:root:reducing the results ... 
DEBUG:root:<--leaving usage 
DEBUG:root:--> entering support
DEBUG:root:cleaning the codetable ... 
DEBUG:root:calculating the supports ...
DEBUG:root:reducing the results ... 
DEBUG:root:<-- leaving support
DEBUG:root:--> entering usage
DEBUG:root:cleaning the codetable ... 
DEBUG:root:calculating the usages ... 
DEBUG:root:reducing the results ... 
DEBUG:root:<--leaving usage 
DEBUG:root:--> entering support
DEBUG:root:cleaning the codetable ... 
DEBUG:root:calculating the supports ...
DEBUG:root:reducing the results ... 
DEBUG:root:<-- leaving support
DEBUG:root:--> entering usage
DEBUG:root:cleaning the codetable ... 
DEBUG:root:calculating the usages ... 
DEBUG:root:reducing the results ... 
DEBUG:root:<--leaving usage 
DEBUG:root:--> entering support
DEBUG:root:cleaning the codetable ... 
DEBUG:root:calculating the supports ...
DEBUG:root:reducing the results ... 
DEBUG:root:<-- leaving support
DEBUG:root:--> entering usage
DEBUG:root:cleaning the codetable ... 
DEBUG:root:calculating the usages ... 
DEBUG:root:reducing the results ... 
DEBUG:root:<--leaving usage 
DEBUG:root:<-- leaving support
DEBUG:root:--> entering support
DEBUG:root:cleaning the codetable ... 
DEBUG:root:calculating the supports ...
DEBUG:root:reducing the results ... 
DEBUG:root:<-- leaving support
DEBUG:root:--> entering usage
DEBUG:root:cleaning the codetable ... 
DEBUG:root:calculating the usages ... 
DEBUG:root:reducing the results ... 
DEBUG:root:<--leaving usage 
DEBUG:root:<-- leaving support
DEBUG:root:--> entering support
DEBUG:root:cleaning the codetable ... 
DEBUG:root:calculating the supports ...
DEBUG:root:reducing the results ... 
DEBUG:root:<-- leaving support
DEBUG:root:--> entering usage
DEBUG:root:cleaning the codetable ... 
DEBUG:root:calculating the usages ... 
DEBUG:root:reducing the results ... 
DEBUG:root:<--leaving usage 
DEBUG:root:<-- leaving support
DEBUG:root:--> entering support
DEBUG:root:cleaning the codetable ... 
DEBUG:root:calculating the supports ...
DEBUG:root:reducing the results ... 
DEBUG:root:<-- leaving support
DEBUG:root:--> entering usage
DEBUG:root:cleaning the codetable ... 
DEBUG:root:calculating the usages ... 
DEBUG:root:reducing the results ... 
DEBUG:root:<--leaving usage 
DEBUG:root:<-- leaving support
DEBUG:root:--> entering support
DEBUG:root:cleaning the codetable ... 
DEBUG:root:calculating the supports ...
DEBUG:root:reducing the results ... 
DEBUG:root:<-- leaving support
DEBUG:root:--> entering usage
DEBUG:root:cleaning the codetable ... 
DEBUG:root:calculating the usages ... 
DEBUG:root:reducing the results ... 
DEBUG:root:<--leaving usage 
DEBUG:root:<-- leaving support
DEBUG:root:--> entering support
DEBUG:root:cleaning the codetable ... 
DEBUG:root:calculating the supports ...
DEBUG:root:reducing the results ... 
DEBUG:root:<-- leaving support
DEBUG:root:--> entering usage
DEBUG:root:cleaning the codetable ... 
DEBUG:root:calculating the usages ... 
DEBUG:root:reducing the results ... 
DEBUG:root:<--leaving usage 
DEBUG:root:<-- leaving support
DEBUG:root:--> entering support
DEBUG:root:cleaning the codetable ... 
DEBUG:root:calculating the supports ...
DEBUG:root:reducing the results ... 
DEBUG:root:<-- leaving support
DEBUG:root:--> entering usage
DEBUG:root:cleaning the codetable ... 
DEBUG:root:calculating the usages ... 
DEBUG:root:reducing the results ... 
DEBUG:root:<--leaving usage 
DEBUG:root:<-- leaving support
DEBUG:root:--> entering support
DEBUG:root:cleaning the codetable ... 
DEBUG:root:calculating the supports ...
DEBUG:root:reducing the results ... 
DEBUG:root:<-- leaving support
DEBUG:root:--> entering usage
DEBUG:root:cleaning the codetable ... 
DEBUG:root:calculating the usages ... 
DEBUG:root:reducing the results ... 
DEBUG:root:<--leaving usage 
DEBUG:root:<-- leaving support
DEBUG:root:--> entering support
DEBUG:root:cleaning the codetable ... 
DEBUG:root:calculating the supports ...
DEBUG:root:reducing the results ... 
DEBUG:root:<-- leaving support
DEBUG:root:--> entering usage
DEBUG:root:cleaning the codetable ... 
DEBUG:root:calculating the usages ... 
DEBUG:root:reducing the results ... 
DEBUG:root:<--leaving usage 
DEBUG:root:<-- leaving support
DEBUG:root:<-- leaving support
DEBUG:root:<-- leaving support
DEBUG:root:--> entering support
DEBUG:root:cleaning the codetable ... 
DEBUG:root:calculating the supports ...
DEBUG:root:reducing the results ... 
DEBUG:root:<-- leaving support
DEBUG:root:--> entering usage
DEBUG:root:cleaning the codetable ... 
DEBUG:root:calculating the usages ... 
DEBUG:root:reducing the results ... 
DEBUG:root:<--leaving usage 
DEBUG:root:--> entering support
DEBUG:root:cleaning the codetable ... 
DEBUG:root:calculating the supports ...
DEBUG:root:reducing the results ... 
DEBUG:root:<-- leaving support
DEBUG:root:--> entering usage
DEBUG:root:cleaning the codetable ... 
DEBUG:root:calculating the usages ... 
DEBUG:root:reducing the results ... 
DEBUG:root:<--leaving usage 
DEBUG:root:--> entering support
DEBUG:root:cleaning the codetable ... 
DEBUG:root:calculating the supports ...
DEBUG:root:reducing the results ... 
DEBUG:root:<-- leaving support
DEBUG:root:--> entering usage
DEBUG:root:cleaning the codetable ... 
DEBUG:root:calculating the usages ... 
DEBUG:root:reducing the results ... 
DEBUG:root:<--leaving usage 
DEBUG:root:--> entering support
DEBUG:root:cleaning the codetable ... 
DEBUG:root:calculating the supports ...
DEBUG:root:reducing the results ... 
DEBUG:root:<-- leaving support
DEBUG:root:--> entering usage
DEBUG:root:cleaning the codetable ... 
DEBUG:root:calculating the usages ... 
DEBUG:root:reducing the results ... 
DEBUG:root:<--leaving usage 
DEBUG:root:--> entering support
DEBUG:root:cleaning the codetable ... 
DEBUG:root:calculating the supports ...
DEBUG:root:reducing the results ... 
DEBUG:root:<-- leaving support
DEBUG:root:--> entering usage
DEBUG:root:cleaning the codetable ... 
DEBUG:root:calculating the usages ... 
DEBUG:root:reducing the results ... 
DEBUG:root:<--leaving usage 
DEBUG:root:--> entering support
DEBUG:root:cleaning the codetable ... 
DEBUG:root:calculating the supports ...
DEBUG:root:reducing the results ... 
DEBUG:root:<-- leaving support
DEBUG:root:--> entering usage
DEBUG:root:cleaning the codetable ... 
DEBUG:root:calculating the usages ... 
DEBUG:root:reducing the results ... 
DEBUG:root:<--leaving usage 
DEBUG:root:--> entering support
DEBUG:root:cleaning the codetable ... 
DEBUG:root:calculating the supports ...
DEBUG:root:reducing the results ... 
DEBUG:root:<-- leaving support
DEBUG:root:--> entering usage
DEBUG:root:cleaning the codetable ... 
DEBUG:root:calculating the usages ... 
DEBUG:root:reducing the results ... 
DEBUG:root:<--leaving usage 
DEBUG:root:--> entering support
DEBUG:root:cleaning the codetable ... 
DEBUG:root:calculating the supports ...
DEBUG:root:reducing the results ... 
DEBUG:root:<-- leaving support
DEBUG:root:--> entering usage
DEBUG:root:cleaning the codetable ... 
DEBUG:root:calculating the usages ... 
DEBUG:root:reducing the results ... 
DEBUG:root:<--leaving usage 
DEBUG:root:deduplicating codes
DEBUG:root:processing 0 402against ... 
DEBUG:root: ... 1 - 210
DEBUG:root:merging done ...
DEBUG:root:--> entering support
DEBUG:root:cleaning the codetable ... 
DEBUG:root:calculating the supports ...
DEBUG:root:reducing the results ... 
DEBUG:root:<-- leaving support
DEBUG:root:--> entering usage
DEBUG:root:cleaning the codetable ... 
DEBUG:root:calculating the usages ... 
DEBUG:root:reducing the results ... 
DEBUG:root:<--leaving usage 
DEBUG:root:deduplicating codes
DEBUG:root:processing 0 553against ... 
DEBUG:root: ... 1 - 300
DEBUG:root:merging done ...
DEBUG:root:--> entering support
DEBUG:root:cleaning the codetable ... 
DEBUG:root:calculating the supports ...
DEBUG:root:reducing the results ... 
DEBUG:root:<-- leaving support
DEBUG:root:--> entering usage
DEBUG:root:cleaning the codetable ... 
DEBUG:root:calculating the usages ... 
DEBUG:root:reducing the results ... 
DEBUG:root:<--leaving usage 
DEBUG:root:deduplicating codes
DEBUG:root:processing 0 793against ... 
DEBUG:root: ... 1 - 322
DEBUG:root:merging done ...
DEBUG:root:--> entering support
DEBUG:root:cleaning the codetable ... 
DEBUG:root:calculating the supports ...
DEBUG:root:reducing the results ... 
DEBUG:root:<-- leaving support
DEBUG:root:--> entering usage
DEBUG:root:cleaning the codetable ... 
DEBUG:root:calculating the usages ... 
DEBUG:root:reducing the results ... 
DEBUG:root:<--leaving usage 
DEBUG:root:deduplicating codes
DEBUG:root:processing 0 1009against ... 
DEBUG:root: ... 1 - 319
DEBUG:root:merging done ...
DEBUG:root:--> entering support
DEBUG:root:cleaning the codetable ... 
DEBUG:root:calculating the supports ...
DEBUG:root:reducing the results ... 
DEBUG:root:<-- leaving support
DEBUG:root:--> entering usage
DEBUG:root:cleaning the codetable ... 
DEBUG:root:calculating the usages ... 
DEBUG:root:reducing the results ... 
DEBUG:root:<--leaving usage 
DEBUG:root:deduplicating codes
DEBUG:root:processing 0 1187against ... 
DEBUG:root: ... 1 - 449
DEBUG:root:merging done ...
DEBUG:root:--> entering support
DEBUG:root:cleaning the codetable ... 
DEBUG:root:calculating the supports ...
DEBUG:root:reducing the results ... 
DEBUG:root:<-- leaving support
DEBUG:root:--> entering usage
DEBUG:root:cleaning the codetable ... 
DEBUG:root:calculating the usages ... 
DEBUG:root:reducing the results ... 
DEBUG:root:<--leaving usage 
DEBUG:root:deduplicating codes
DEBUG:root:processing 0 1472against ... 
DEBUG:root: ... 1 - 394
DEBUG:root:merging done ...
DEBUG:root:--> entering support
DEBUG:root:cleaning the codetable ... 
DEBUG:root:calculating the supports ...
DEBUG:root:reducing the results ... 
DEBUG:root:<-- leaving support
DEBUG:root:--> entering usage
DEBUG:root:cleaning the codetable ... 
DEBUG:root:calculating the usages ... 
DEBUG:root:reducing the results ... 
DEBUG:root:<--leaving usage 
DEBUG:root:deduplicating codes
DEBUG:root:processing 0 1684against ... 
DEBUG:root: ... 1 - 471
DEBUG:root:merging done ...
DEBUG:root:--> entering support
DEBUG:root:cleaning the codetable ... 
DEBUG:root:calculating the supports ...
DEBUG:root:reducing the results ... 
DEBUG:root:<-- leaving support
DEBUG:root:--> entering usage
DEBUG:root:cleaning the codetable ... 
DEBUG:root:calculating the usages ... 
DEBUG:root:reducing the results ... 
DEBUG:root:<--leaving usage 
DEBUG:root:--> entering support
DEBUG:root:cleaning the codetable ... 
DEBUG:root:calculating the supports ...
DEBUG:root:reducing the results ... 
DEBUG:root:<-- leaving support
DEBUG:root:--> entering usage
DEBUG:root:cleaning the codetable ... 
DEBUG:root:calculating the usages ... 
DEBUG:root:reducing the results ... 
DEBUG:root:<--leaving usage 
DEBUG:root:<-- leaving support
