
-- MERGING METHOD naive
processing batch_results/200d-5-10-neg15/batch-4/chessBig_transaction_k_means_200d_k16_FalseNorm_trans_clust_0_k16...
chunks ... [0, 289, 578, 867, 1158]
num codes: 166
num codes with support 0: 0
chunks ... [0, 289, 578, 867, 1158]
num codes with usage 0: 13
database_size: 14819.364837592768
codetable_size: 2460.6431372709812
complete: 17280.00797486375
database_size: 27313.0745071543
codetable_size: 196.40177197336413
complete: 27509.476279127663
Partition 0 ratio: 0.6281474717850102
processing batch_results/200d-5-10-neg15/batch-4/chessBig_transaction_k_means_200d_k16_FalseNorm_trans_clust_1_k16...
chunks ... [0, 323, 646, 969, 1294]
num codes: 169
num codes with support 0: 0
chunks ... [0, 323, 646, 969, 1294]
num codes with usage 0: 16
database_size: 16621.4359666709
codetable_size: 2645.1794459666244
complete: 19266.615412637522
database_size: 30642.37406173075
codetable_size: 227.49684932715692
complete: 30869.870911057904
Partition 1 ratio: 0.624123614515538
processing batch_results/200d-5-10-neg15/batch-4/chessBig_transaction_k_means_200d_k16_FalseNorm_trans_clust_2_k16...
chunks ... [0, 368, 736, 1104, 1473]
num codes: 137
num codes with support 0: 0
chunks ... [0, 368, 736, 1104, 1473]
num codes with usage 0: 28
database_size: 16935.08900085071
codetable_size: 1694.9650030399155
complete: 18630.054003890626
database_size: 32952.53018041052
codetable_size: 164.2247933498288
complete: 33116.75497376035
Partition 2 ratio: 0.5625567486504013
processing batch_results/200d-5-10-neg15/batch-4/chessBig_transaction_k_means_200d_k16_FalseNorm_trans_clust_3_k16...
chunks ... [0, 211, 422, 633, 847]
num codes: 101
num codes with support 0: 0
chunks ... [0, 211, 422, 633, 847]
num codes with usage 0: 13
database_size: 10188.73898880712
codetable_size: 1270.3529395566925
complete: 11459.091928363812
database_size: 18762.930233649866
codetable_size: 141.12598660634248
complete: 18904.056220256207
Partition 3 ratio: 0.6061710669313968
processing batch_results/200d-5-10-neg15/batch-4/chessBig_transaction_k_means_200d_k16_FalseNorm_trans_clust_4_k16...
chunks ... [0, 220, 440, 660, 883]
num codes: 98
num codes with support 0: 0
chunks ... [0, 220, 440, 660, 883]
num codes with usage 0: 13
database_size: 10816.653064295268
codetable_size: 1315.435720118533
complete: 12132.088784413801
database_size: 19861.911161940185
codetable_size: 162.83623487699518
complete: 20024.74739681718
Partition 4 ratio: 0.6058547727968907
processing batch_results/200d-5-10-neg15/batch-4/chessBig_transaction_k_means_200d_k16_FalseNorm_trans_clust_5_k16...
chunks ... [0, 570, 1140, 1710, 2281]
num codes: 268
num codes with support 0: 0
chunks ... [0, 570, 1140, 1710, 2281]
num codes with usage 0: 14
database_size: 28056.957760379053
codetable_size: 4277.830089876934
complete: 32334.787850255987
database_size: 53639.89013075708
codetable_size: 200.36768564080094
complete: 53840.257816397876
Partition 5 ratio: 0.6005689638508368
processing batch_results/200d-5-10-neg15/batch-4/chessBig_transaction_k_means_200d_k16_FalseNorm_trans_clust_6_k16...
chunks ... [0, 390, 780, 1170, 1560]
num codes: 168
num codes with support 0: 0
chunks ... [0, 390, 780, 1170, 1560]
num codes with usage 0: 17
database_size: 20780.97589379658
codetable_size: 2498.9527955228095
complete: 23279.928689319393
database_size: 37203.19588238988
codetable_size: 218.95329434507545
complete: 37422.14917673496
Partition 6 ratio: 0.6220895699863314
processing batch_results/200d-5-10-neg15/batch-4/chessBig_transaction_k_means_200d_k16_FalseNorm_trans_clust_7_k16...
chunks ... [0, 616, 1232, 1848, 2467]
num codes: 215
num codes with support 0: 0
chunks ... [0, 616, 1232, 1848, 2467]
num codes with usage 0: 25
database_size: 30540.395184162553
codetable_size: 3268.0196909364568
complete: 33808.41487509901
database_size: 57674.335981263706
codetable_size: 182.96193443623457
complete: 57857.29791569994
Partition 7 ratio: 0.5843414071006051
processing batch_results/200d-5-10-neg15/batch-4/chessBig_transaction_k_means_200d_k16_FalseNorm_trans_clust_8_k16...
chunks ... [0, 434, 868, 1302, 1736]
num codes: 232
num codes with support 0: 0
chunks ... [0, 434, 868, 1302, 1736]
num codes with usage 0: 15
database_size: 24004.10100233579
codetable_size: 3570.518746094121
complete: 27574.61974842991
database_size: 42609.79758665404
codetable_size: 226.3837708890699
complete: 42836.18135754311
Partition 8 ratio: 0.6437226399400852
processing batch_results/200d-5-10-neg15/batch-4/chessBig_transaction_k_means_200d_k16_FalseNorm_trans_clust_9_k16...
chunks ... [0, 675, 1350, 2025, 2700]
num codes: 328
num codes with support 0: 0
chunks ... [0, 675, 1350, 2025, 2700]
num codes with usage 0: 22
database_size: 33873.09853025493
codetable_size: 5467.043357692793
complete: 39340.14188794772
database_size: 64742.81145081439
codetable_size: 193.64763852906145
complete: 64936.45908934345
Partition 9 ratio: 0.6058251780224297
processing batch_results/200d-5-10-neg15/batch-4/chessBig_transaction_k_means_200d_k16_FalseNorm_trans_clust_10_k16...
chunks ... [0, 651, 1302, 1953, 2605]
num codes: 372
num codes with support 0: 0
chunks ... [0, 651, 1302, 1953, 2605]
num codes with usage 0: 27
database_size: 31433.39783416336
codetable_size: 6096.686395337031
complete: 37530.08422950039
database_size: 62082.75992707278
codetable_size: 211.6101315169287
complete: 62294.37005858971
Partition 10 ratio: 0.6024635002200396
processing batch_results/200d-5-10-neg15/batch-4/chessBig_transaction_k_means_200d_k16_FalseNorm_trans_clust_11_k16...
chunks ... [0, 737, 1474, 2211, 2948]
num codes: 299
num codes with support 0: 0
chunks ... [0, 737, 1474, 2211, 2948]
num codes with usage 0: 28
database_size: 35786.67435338752
codetable_size: 5117.821254979819
complete: 40904.49560836734
database_size: 70487.14887810398
codetable_size: 210.3101456317769
complete: 70697.45902373576
Partition 11 ratio: 0.5785850888167591
processing batch_results/200d-5-10-neg15/batch-4/chessBig_transaction_k_means_200d_k16_FalseNorm_trans_clust_12_k16...
chunks ... [0, 96, 192, 288, 385]
num codes: 67
num codes with support 0: 0
chunks ... [0, 96, 192, 288, 385]
num codes with usage 0: 15
database_size: 3941.0659945248512
codetable_size: 775.9751878974979
complete: 4717.041182422349
database_size: 8470.601058547612
codetable_size: 171.52591873963792
complete: 8642.126977287251
Partition 12 ratio: 0.5458194718521736
processing batch_results/200d-5-10-neg15/batch-4/chessBig_transaction_k_means_200d_k16_FalseNorm_trans_clust_13_k16...
chunks ... [0, 293, 586, 879, 1172]
num codes: 166
num codes with support 0: 0
chunks ... [0, 293, 586, 879, 1172]
num codes with usage 0: 24
database_size: 15819.475967690407
codetable_size: 2160.5936702931654
complete: 17980.06963798357
database_size: 28039.48954302122
codetable_size: 217.64342412479414
complete: 28257.132967146015
Partition 13 ratio: 0.6363019793582253
processing batch_results/200d-5-10-neg15/batch-4/chessBig_transaction_k_means_200d_k16_FalseNorm_trans_clust_14_k16...
chunks ... [0, 858, 1716, 2574, 3433]
num codes: 351
num codes with support 0: 0
chunks ... [0, 858, 1716, 2574, 3433]
num codes with usage 0: 24
database_size: 43892.56204391247
codetable_size: 5860.691800059642
complete: 49753.25384397211
database_size: 83129.76485198698
codetable_size: 215.14587873917247
complete: 83344.91073072616
Partition 14 ratio: 0.5969561117500837
processing batch_results/200d-5-10-neg15/batch-4/chessBig_transaction_k_means_200d_k16_FalseNorm_trans_clust_15_k16...
chunks ... [0, 278, 556, 834, 1114]
num codes: 121
num codes with support 0: 0
chunks ... [0, 278, 556, 834, 1114]
num codes with usage 0: 17
database_size: 13102.450227785293
codetable_size: 1809.1198817318282
complete: 14911.57010951712
database_size: 25273.730645311603
codetable_size: 197.05736579467708
complete: 25470.78801110628
Partition 15 ratio: 0.5854381145575505
number of codetables: 16
size: 166
size: 169
size: 137
size: 101
size: 98
size: 268
size: 168
size: 215
size: 232
size: 328
size: 372
size: 299
size: 67
size: 166
size: 351
size: 121
merged table size: 1985
chunks ... [0, 7014, 14028, 21042, 28056]
chunks ... [0, 7014, 14028, 21042, 28056]
merged table size without non-used codes: 1856
database_size: 448411.4467093562
codetable_size: 43962.901808277034
complete: 492374.3485176333
database_size: 750710.600704819
codetable_size: 258.1889058609846
complete: 750968.78961068
merged size: 492374.3485176333
sct size: 750968.78961068
merged ratio: 0.6556522126211022
time elapsed: 13.678216457366943
-- MERGING METHOD naive_plus
processing batch_results/200d-5-10-neg15/batch-4/chessBig_transaction_k_means_200d_k16_FalseNorm_trans_clust_0_k16...
chunks ... [0, 289, 578, 867, 1158]
num codes: 166
num codes with support 0: 0
chunks ... [0, 289, 578, 867, 1158]
num codes with usage 0: 13
database_size: 14819.364837592768
codetable_size: 2460.6431372709812
complete: 17280.00797486375
database_size: 27313.0745071543
codetable_size: 196.40177197336413
complete: 27509.476279127663
Partition 0 ratio: 0.6281474717850102
processing batch_results/200d-5-10-neg15/batch-4/chessBig_transaction_k_means_200d_k16_FalseNorm_trans_clust_1_k16...
chunks ... [0, 323, 646, 969, 1294]
num codes: 169
num codes with support 0: 0
chunks ... [0, 323, 646, 969, 1294]
num codes with usage 0: 16
database_size: 16621.4359666709
codetable_size: 2645.1794459666244
complete: 19266.615412637522
database_size: 30642.37406173075
codetable_size: 227.49684932715692
complete: 30869.870911057904
Partition 1 ratio: 0.624123614515538
processing batch_results/200d-5-10-neg15/batch-4/chessBig_transaction_k_means_200d_k16_FalseNorm_trans_clust_2_k16...
chunks ... [0, 368, 736, 1104, 1473]
num codes: 137
num codes with support 0: 0
chunks ... [0, 368, 736, 1104, 1473]
num codes with usage 0: 28
database_size: 16935.08900085071
codetable_size: 1694.9650030399155
complete: 18630.054003890626
database_size: 32952.53018041052
codetable_size: 164.2247933498288
complete: 33116.75497376035
Partition 2 ratio: 0.5625567486504013
processing batch_results/200d-5-10-neg15/batch-4/chessBig_transaction_k_means_200d_k16_FalseNorm_trans_clust_3_k16...
chunks ... [0, 211, 422, 633, 847]
num codes: 101
num codes with support 0: 0
chunks ... [0, 211, 422, 633, 847]
num codes with usage 0: 13
database_size: 10188.73898880712
codetable_size: 1270.3529395566925
complete: 11459.091928363812
database_size: 18762.930233649866
codetable_size: 141.12598660634248
complete: 18904.056220256207
Partition 3 ratio: 0.6061710669313968
processing batch_results/200d-5-10-neg15/batch-4/chessBig_transaction_k_means_200d_k16_FalseNorm_trans_clust_4_k16...
chunks ... [0, 220, 440, 660, 883]
num codes: 98
num codes with support 0: 0
chunks ... [0, 220, 440, 660, 883]
num codes with usage 0: 13
database_size: 10816.653064295268
codetable_size: 1315.435720118533
complete: 12132.088784413801
database_size: 19861.911161940185
codetable_size: 162.83623487699518
complete: 20024.74739681718
Partition 4 ratio: 0.6058547727968907
processing batch_results/200d-5-10-neg15/batch-4/chessBig_transaction_k_means_200d_k16_FalseNorm_trans_clust_5_k16...
chunks ... [0, 570, 1140, 1710, 2281]
num codes: 268
num codes with support 0: 0
chunks ... [0, 570, 1140, 1710, 2281]
num codes with usage 0: 14
database_size: 28056.957760379053
codetable_size: 4277.830089876934
complete: 32334.787850255987
database_size: 53639.89013075708
codetable_size: 200.36768564080094
complete: 53840.257816397876
Partition 5 ratio: 0.6005689638508368
processing batch_results/200d-5-10-neg15/batch-4/chessBig_transaction_k_means_200d_k16_FalseNorm_trans_clust_6_k16...
chunks ... [0, 390, 780, 1170, 1560]
num codes: 168
num codes with support 0: 0
chunks ... [0, 390, 780, 1170, 1560]
num codes with usage 0: 17
database_size: 20780.97589379658
codetable_size: 2498.9527955228095
complete: 23279.928689319393
database_size: 37203.19588238988
codetable_size: 218.95329434507545
complete: 37422.14917673496
Partition 6 ratio: 0.6220895699863314
processing batch_results/200d-5-10-neg15/batch-4/chessBig_transaction_k_means_200d_k16_FalseNorm_trans_clust_7_k16...
chunks ... [0, 616, 1232, 1848, 2467]
num codes: 215
num codes with support 0: 0
chunks ... [0, 616, 1232, 1848, 2467]
num codes with usage 0: 25
database_size: 30540.395184162553
codetable_size: 3268.0196909364568
complete: 33808.41487509901
database_size: 57674.335981263706
codetable_size: 182.96193443623457
complete: 57857.29791569994
Partition 7 ratio: 0.5843414071006051
processing batch_results/200d-5-10-neg15/batch-4/chessBig_transaction_k_means_200d_k16_FalseNorm_trans_clust_8_k16...
chunks ... [0, 434, 868, 1302, 1736]
num codes: 232
num codes with support 0: 0
chunks ... [0, 434, 868, 1302, 1736]
num codes with usage 0: 15
database_size: 24004.10100233579
codetable_size: 3570.518746094121
complete: 27574.61974842991
database_size: 42609.79758665404
codetable_size: 226.3837708890699
complete: 42836.18135754311
Partition 8 ratio: 0.6437226399400852
processing batch_results/200d-5-10-neg15/batch-4/chessBig_transaction_k_means_200d_k16_FalseNorm_trans_clust_9_k16...
chunks ... [0, 675, 1350, 2025, 2700]
num codes: 328
num codes with support 0: 0
chunks ... [0, 675, 1350, 2025, 2700]
num codes with usage 0: 22
database_size: 33873.09853025493
codetable_size: 5467.043357692793
complete: 39340.14188794772
database_size: 64742.81145081439
codetable_size: 193.64763852906145
complete: 64936.45908934345
Partition 9 ratio: 0.6058251780224297
processing batch_results/200d-5-10-neg15/batch-4/chessBig_transaction_k_means_200d_k16_FalseNorm_trans_clust_10_k16...
chunks ... [0, 651, 1302, 1953, 2605]
num codes: 372
num codes with support 0: 0
chunks ... [0, 651, 1302, 1953, 2605]
num codes with usage 0: 27
database_size: 31433.39783416336
codetable_size: 6096.686395337031
complete: 37530.08422950039
database_size: 62082.75992707278
codetable_size: 211.6101315169287
complete: 62294.37005858971
Partition 10 ratio: 0.6024635002200396
processing batch_results/200d-5-10-neg15/batch-4/chessBig_transaction_k_means_200d_k16_FalseNorm_trans_clust_11_k16...
chunks ... [0, 737, 1474, 2211, 2948]
num codes: 299
num codes with support 0: 0
chunks ... [0, 737, 1474, 2211, 2948]
num codes with usage 0: 28
database_size: 35786.67435338752
codetable_size: 5117.821254979819
complete: 40904.49560836734
database_size: 70487.14887810398
codetable_size: 210.3101456317769
complete: 70697.45902373576
Partition 11 ratio: 0.5785850888167591
processing batch_results/200d-5-10-neg15/batch-4/chessBig_transaction_k_means_200d_k16_FalseNorm_trans_clust_12_k16...
chunks ... [0, 96, 192, 288, 385]
num codes: 67
num codes with support 0: 0
chunks ... [0, 96, 192, 288, 385]
num codes with usage 0: 15
database_size: 3941.0659945248512
codetable_size: 775.9751878974979
complete: 4717.041182422349
database_size: 8470.601058547612
codetable_size: 171.52591873963792
complete: 8642.126977287251
Partition 12 ratio: 0.5458194718521736
processing batch_results/200d-5-10-neg15/batch-4/chessBig_transaction_k_means_200d_k16_FalseNorm_trans_clust_13_k16...
chunks ... [0, 293, 586, 879, 1172]
num codes: 166
num codes with support 0: 0
chunks ... [0, 293, 586, 879, 1172]
num codes with usage 0: 24
database_size: 15819.475967690407
codetable_size: 2160.5936702931654
complete: 17980.06963798357
database_size: 28039.48954302122
codetable_size: 217.64342412479414
complete: 28257.132967146015
Partition 13 ratio: 0.6363019793582253
processing batch_results/200d-5-10-neg15/batch-4/chessBig_transaction_k_means_200d_k16_FalseNorm_trans_clust_14_k16...
chunks ... [0, 858, 1716, 2574, 3433]
num codes: 351
num codes with support 0: 0
chunks ... [0, 858, 1716, 2574, 3433]
num codes with usage 0: 24
database_size: 43892.56204391247
codetable_size: 5860.691800059642
complete: 49753.25384397211
database_size: 83129.76485198698
codetable_size: 215.14587873917247
complete: 83344.91073072616
Partition 14 ratio: 0.5969561117500837
processing batch_results/200d-5-10-neg15/batch-4/chessBig_transaction_k_means_200d_k16_FalseNorm_trans_clust_15_k16...
chunks ... [0, 278, 556, 834, 1114]
num codes: 121
num codes with support 0: 0
chunks ... [0, 278, 556, 834, 1114]
num codes with usage 0: 17
database_size: 13102.450227785293
codetable_size: 1809.1198817318282
complete: 14911.57010951712
database_size: 25273.730645311603
codetable_size: 197.05736579467708
complete: 25470.78801110628
Partition 15 ratio: 0.5854381145575505
number of codetables: 16
size: 166
size: 169
size: 137
size: 101
size: 98
size: 268
size: 168
size: 215
size: 232
size: 328
size: 372
size: 299
size: 67
size: 166
size: 351
size: 121
database_size: 750710.600704819
codetable_size: 258.1889058609846
complete: 750968.78961068
current singletons: {1, 2, 3, 5, 6, 9, 10, 11, 12, 13, 14, 15, 16, 17, 18, 19, 20, 21, 22, 23, 24, 26, 27, 28, 29, 30, 31, 32, 33, 34, 35, 36, 37, 38, 39, 40, 41, 49, 50, 51, 52, 53, 54, 55, 56}
Added 13 singletons
added:  {4, 7, 8, 42, 43, 44, 45, 46, 47, 48, 25, 58, 57}
chunks ... [0, 7014, 14028, 21042, 28056]
num codes: 179
num codes with support 0: 0
chunks ... [0, 7014, 14028, 21042, 28056]
database_size: 702022.759382424
codetable_size: 3266.9477796405554
complete: 705289.7071620645
Partition ratio: 0.9391731279907164
current singletons: {3, 4, 5, 6, 7, 8, 9, 10, 11, 12, 13, 14, 15, 16, 17, 18, 19, 20, 21, 22, 23, 24, 25, 26, 27, 28, 29, 30, 31, 32, 33, 34, 35, 36, 37, 38, 39, 40, 41, 42, 43, 45, 46, 47, 48, 49, 50, 51, 52, 53}
Added 8 singletons
added:  {1, 2, 44, 54, 55, 56, 57, 58}
chunks ... [0, 7014, 14028, 21042, 28056]
num codes: 177
num codes with support 0: 0
chunks ... [0, 7014, 14028, 21042, 28056]
database_size: 720644.5654263971
codetable_size: 3533.3455348415937
complete: 724177.9109612388
Partition ratio: 0.9643249106752756
current singletons: {1, 2, 3, 4, 5, 6, 9, 10, 11, 12, 13, 14, 15, 16, 17, 18, 19, 20, 21, 22, 23, 24, 26, 27, 28, 29, 30, 31, 32, 33, 34, 35, 36, 37, 38, 39, 40, 56, 57}
Added 19 singletons
added:  {7, 8, 25, 41, 42, 43, 44, 45, 46, 47, 48, 49, 50, 51, 52, 53, 54, 55, 58}
chunks ... [0, 7014, 14028, 21042, 28056]
num codes: 156
num codes with support 0: 0
chunks ... [0, 7014, 14028, 21042, 28056]
database_size: 691791.8177314342
codetable_size: 2440.0701142890216
complete: 694231.8878457233
Partition ratio: 0.9244483891342936
current singletons: {1, 2, 5, 9, 10, 11, 12, 13, 14, 15, 16, 17, 18, 19, 20, 21, 22, 23, 24, 26, 27, 28, 29, 30, 31, 32, 33, 34, 35, 36, 37, 38, 39, 57, 58}
Added 23 singletons
added:  {3, 4, 6, 7, 8, 25, 40, 41, 42, 43, 44, 45, 46, 47, 48, 49, 50, 51, 52, 53, 54, 55, 56}
chunks ... [0, 7014, 14028, 21042, 28056]
num codes: 124
num codes with support 0: 0
chunks ... [0, 7014, 14028, 21042, 28056]
database_size: 725748.1754186127
codetable_size: 2049.1057332658875
complete: 727797.2811518785
Partition ratio: 0.9691445120231773
current singletons: {4, 7, 8, 9, 10, 11, 12, 13, 14, 15, 16, 17, 18, 19, 20, 21, 22, 23, 24, 29, 30, 31, 32, 34, 35, 36, 37, 38, 39, 40, 41, 47, 48, 49, 50, 51, 52, 53, 54}
Added 19 singletons
added:  {1, 2, 3, 5, 6, 25, 26, 27, 28, 33, 42, 43, 44, 45, 46, 55, 56, 57, 58}
chunks ... [0, 7014, 14028, 21042, 28056]
num codes: 117
num codes with support 0: 0
chunks ... [0, 7014, 14028, 21042, 28056]
database_size: 732622.7437123975
codetable_size: 2036.8452671763744
complete: 734659.5889795739
Partition ratio: 0.9782824521381759
current singletons: {1, 2, 3, 5, 6, 9, 10, 11, 12, 13, 14, 15, 16, 17, 18, 19, 20, 21, 22, 23, 24, 25, 26, 27, 28, 29, 30, 31, 32, 34, 35, 36, 37, 38, 39, 40, 41, 50, 51, 52, 53, 54, 55, 56, 57}
Added 13 singletons
added:  {33, 4, 7, 8, 42, 43, 44, 45, 46, 47, 48, 49, 58}
chunks ... [0, 7014, 14028, 21042, 28056]
num codes: 281
num codes with support 0: 0
chunks ... [0, 7014, 14028, 21042, 28056]
database_size: 641448.4138949632
codetable_size: 5272.757998465531
complete: 646721.1718934288
Partition ratio: 0.8611824896593964
current singletons: {2, 3, 4, 5, 6, 7, 9, 10, 11, 12, 13, 14, 15, 16, 17, 18, 19, 20, 21, 22, 23, 24, 25, 26, 27, 28, 29, 30, 31, 32, 33, 34, 35, 36, 37, 38, 39, 40, 41, 47, 48, 49, 50, 51, 52, 53, 54, 55}
Added 10 singletons
added:  {1, 8, 42, 43, 44, 45, 46, 56, 57, 58}
chunks ... [0, 7014, 14028, 21042, 28056]
num codes: 178
num codes with support 0: 0
chunks ... [0, 7014, 14028, 21042, 28056]
database_size: 715846.3567142615
codetable_size: 3206.8875456359415
complete: 719053.2442598974
Partition ratio: 0.9575008365296668
current singletons: {2, 3, 4, 5, 6, 9, 10, 11, 12, 13, 14, 15, 16, 17, 18, 19, 20, 21, 22, 23, 24, 25, 26, 27, 28, 29, 30, 31, 32, 34, 35, 36, 37, 38, 39, 40, 41, 52, 53, 54, 55, 56, 57}
Added 15 singletons
added:  {1, 33, 7, 8, 42, 43, 44, 45, 46, 47, 48, 49, 50, 51, 58}
chunks ... [0, 7014, 14028, 21042, 28056]
num codes: 230
num codes with support 0: 0
chunks ... [0, 7014, 14028, 21042, 28056]
database_size: 675853.69526687
codetable_size: 4165.230793563093
complete: 680018.926060433
Partition ratio: 0.9055222207210115
current singletons: {1, 2, 3, 4, 5, 6, 7, 9, 10, 11, 12, 13, 14, 15, 16, 17, 18, 19, 20, 21, 22, 23, 24, 25, 26, 27, 28, 29, 30, 31, 32, 33, 34, 35, 36, 37, 38, 39, 40, 41, 47, 48, 49, 50, 51, 52, 53, 54, 55, 56}
Added 8 singletons
added:  {8, 42, 43, 44, 45, 46, 57, 58}
chunks ... [0, 7014, 14028, 21042, 28056]
num codes: 240
num codes with support 0: 0
chunks ... [0, 7014, 14028, 21042, 28056]
database_size: 677856.4951282253
codetable_size: 4228.17352781027
complete: 682084.6686560356
Partition ratio: 0.9082729909583119
current singletons: {2, 3, 4, 5, 6, 7, 9, 10, 11, 12, 13, 14, 15, 16, 17, 18, 19, 20, 21, 22, 23, 24, 25, 26, 27, 28, 29, 30, 31, 32, 33, 34, 35, 36, 37, 38, 39, 40, 41, 52, 53, 54, 55, 56, 57}
Added 13 singletons
added:  {1, 8, 42, 43, 44, 45, 46, 47, 48, 49, 50, 51, 58}
chunks ... [0, 7014, 14028, 21042, 28056]
num codes: 341
num codes with support 0: 0
chunks ... [0, 7014, 14028, 21042, 28056]
database_size: 601540.3855175282
codetable_size: 6520.279570592636
complete: 608060.6650881208
Partition ratio: 0.8097016460608888
current singletons: {3, 4, 5, 6, 7, 9, 10, 11, 12, 13, 14, 15, 16, 17, 18, 19, 20, 21, 22, 23, 24, 25, 26, 27, 28, 29, 30, 31, 32, 33, 34, 35, 36, 37, 38, 39, 40, 41, 47, 48, 49, 50, 51, 52, 53, 54, 55}
Added 11 singletons
added:  {1, 2, 8, 42, 43, 44, 45, 46, 56, 57, 58}
chunks ... [0, 7014, 14028, 21042, 28056]
num codes: 383
num codes with support 0: 0
chunks ... [0, 7014, 14028, 21042, 28056]
database_size: 642313.3897076561
codetable_size: 7375.3057035295315
complete: 649688.6954111856
Partition ratio: 0.8651340833325439
current singletons: {2, 3, 4, 5, 6, 7, 9, 10, 11, 12, 13, 14, 15, 16, 17, 18, 19, 20, 21, 22, 23, 24, 25, 26, 27, 28, 29, 30, 31, 32, 33, 34, 35, 36, 37, 38, 39, 40, 41, 49, 50, 51, 52, 53, 54, 55, 56}
Added 11 singletons
added:  {1, 8, 42, 43, 44, 45, 46, 47, 48, 57, 58}
chunks ... [0, 7014, 14028, 21042, 28056]
num codes: 310
num codes with support 0: 0
chunks ... [0, 7014, 14028, 21042, 28056]
database_size: 655658.8767504228
codetable_size: 6234.553090701408
complete: 661893.4298411242
Partition ratio: 0.8813860695652418
current singletons: {3, 4, 5, 6, 7, 9, 10, 11, 12, 13, 14, 15, 16, 17, 18, 19, 20, 21, 22, 23, 24, 25, 26, 27, 28, 29, 33, 34, 35, 40, 41, 42, 43, 44, 45, 46, 47, 48, 49}
Added 19 singletons
added:  {1, 2, 8, 30, 31, 32, 36, 37, 38, 39, 50, 51, 52, 53, 54, 55, 56, 57, 58}
chunks ... [0, 7014, 14028, 21042, 28056]
num codes: 86
num codes with support 0: 0
chunks ... [0, 7014, 14028, 21042, 28056]
database_size: 744838.7176316492
codetable_size: 1362.2826865529712
complete: 746201.0003182022
Partition ratio: 0.9936511485451353
current singletons: {1, 2, 3, 4, 5, 6, 7, 9, 10, 11, 12, 13, 14, 15, 16, 17, 18, 19, 20, 21, 22, 23, 24, 25, 26, 27, 28, 30, 31, 32, 33, 34, 35, 36, 37, 38, 39, 40, 41, 46, 47, 48, 49, 50, 51, 52, 53, 54}
Added 10 singletons
added:  {8, 42, 43, 44, 45, 55, 56, 57, 58, 29}
chunks ... [0, 7014, 14028, 21042, 28056]
num codes: 176
num codes with support 0: 0
chunks ... [0, 7014, 14028, 21042, 28056]
database_size: 683398.9011442766
codetable_size: 2804.8628822862393
complete: 686203.7640265628
Partition ratio: 0.9137580329833775
current singletons: {2, 3, 4, 5, 6, 7, 9, 10, 11, 12, 13, 14, 15, 16, 17, 18, 19, 20, 21, 22, 23, 24, 25, 26, 27, 28, 29, 30, 31, 32, 33, 34, 35, 36, 37, 38, 39, 40, 41, 48, 49, 50, 51, 52, 53, 54, 55, 56}
Added 10 singletons
added:  {1, 8, 42, 43, 44, 45, 46, 47, 57, 58}
chunks ... [0, 7014, 14028, 21042, 28056]
num codes: 361
num codes with support 0: 0
chunks ... [0, 7014, 14028, 21042, 28056]
database_size: 587388.5462965069
codetable_size: 6855.042911999929
complete: 594243.5892085069
Partition ratio: 0.7913026445700584
current singletons: {3, 4, 6, 7, 8, 9, 10, 11, 12, 13, 14, 15, 16, 17, 18, 19, 20, 21, 22, 23, 24, 25, 26, 27, 28, 29, 30, 31, 32, 33, 34, 35, 36, 37, 41, 46, 47, 48, 49, 50, 51, 52, 53}
Added 15 singletons
added:  {1, 2, 5, 38, 39, 40, 42, 43, 44, 45, 54, 55, 56, 57, 58}
chunks ... [0, 7014, 14028, 21042, 28056]
num codes: 136
num codes with support 0: 0
chunks ... [0, 7014, 14028, 21042, 28056]
database_size: 730380.7026946556
codetable_size: 2701.143793364454
complete: 733081.84648802
Partition ratio: 0.9761815093115481
merged table size: 361
chunks ... [0, 7014, 14028, 21042, 28056]
chunks ... [0, 7014, 14028, 21042, 28056]
merged table size without non-used codes: 348
database_size: 587388.5462965069
codetable_size: 6855.042911999929
complete: 594243.5892085069
database_size: 750710.600704819
codetable_size: 258.1889058609846
complete: 750968.78961068
merged size: 594243.5892085069
sct size: 750968.78961068
merged ratio: 0.7913026445700584
time elapsed: 21.460055828094482
-- MERGING METHOD informed
processing batch_results/200d-5-10-neg15/batch-4/chessBig_transaction_k_means_200d_k16_FalseNorm_trans_clust_0_k16...
chunks ... [0, 289, 578, 867, 1158]
num codes: 166
num codes with support 0: 0
chunks ... [0, 289, 578, 867, 1158]
num codes with usage 0: 13
database_size: 14819.364837592768
codetable_size: 2460.6431372709812
complete: 17280.00797486375
database_size: 27313.0745071543
codetable_size: 196.40177197336413
complete: 27509.476279127663
Partition 0 ratio: 0.6281474717850102
processing batch_results/200d-5-10-neg15/batch-4/chessBig_transaction_k_means_200d_k16_FalseNorm_trans_clust_1_k16...
chunks ... [0, 323, 646, 969, 1294]
num codes: 169
num codes with support 0: 0
chunks ... [0, 323, 646, 969, 1294]
num codes with usage 0: 16
database_size: 16621.4359666709
codetable_size: 2645.1794459666244
complete: 19266.615412637522
database_size: 30642.37406173075
codetable_size: 227.49684932715692
complete: 30869.870911057904
Partition 1 ratio: 0.624123614515538
processing batch_results/200d-5-10-neg15/batch-4/chessBig_transaction_k_means_200d_k16_FalseNorm_trans_clust_2_k16...
chunks ... [0, 368, 736, 1104, 1473]
num codes: 137
num codes with support 0: 0
chunks ... [0, 368, 736, 1104, 1473]
num codes with usage 0: 28
database_size: 16935.08900085071
codetable_size: 1694.9650030399155
complete: 18630.054003890626
database_size: 32952.53018041052
codetable_size: 164.2247933498288
complete: 33116.75497376035
Partition 2 ratio: 0.5625567486504013
processing batch_results/200d-5-10-neg15/batch-4/chessBig_transaction_k_means_200d_k16_FalseNorm_trans_clust_3_k16...
chunks ... [0, 211, 422, 633, 847]
num codes: 101
num codes with support 0: 0
chunks ... [0, 211, 422, 633, 847]
num codes with usage 0: 13
database_size: 10188.73898880712
codetable_size: 1270.3529395566925
complete: 11459.091928363812
database_size: 18762.930233649866
codetable_size: 141.12598660634248
complete: 18904.056220256207
Partition 3 ratio: 0.6061710669313968
processing batch_results/200d-5-10-neg15/batch-4/chessBig_transaction_k_means_200d_k16_FalseNorm_trans_clust_4_k16...
chunks ... [0, 220, 440, 660, 883]
num codes: 98
num codes with support 0: 0
chunks ... [0, 220, 440, 660, 883]
num codes with usage 0: 13
database_size: 10816.653064295268
codetable_size: 1315.435720118533
complete: 12132.088784413801
database_size: 19861.911161940185
codetable_size: 162.83623487699518
complete: 20024.74739681718
Partition 4 ratio: 0.6058547727968907
processing batch_results/200d-5-10-neg15/batch-4/chessBig_transaction_k_means_200d_k16_FalseNorm_trans_clust_5_k16...
chunks ... [0, 570, 1140, 1710, 2281]
num codes: 268
num codes with support 0: 0
chunks ... [0, 570, 1140, 1710, 2281]
num codes with usage 0: 14
database_size: 28056.957760379053
codetable_size: 4277.830089876934
complete: 32334.787850255987
database_size: 53639.89013075708
codetable_size: 200.36768564080094
complete: 53840.257816397876
Partition 5 ratio: 0.6005689638508368
processing batch_results/200d-5-10-neg15/batch-4/chessBig_transaction_k_means_200d_k16_FalseNorm_trans_clust_6_k16...
chunks ... [0, 390, 780, 1170, 1560]
num codes: 168
num codes with support 0: 0
chunks ... [0, 390, 780, 1170, 1560]
num codes with usage 0: 17
database_size: 20780.97589379658
codetable_size: 2498.9527955228095
complete: 23279.928689319393
database_size: 37203.19588238988
codetable_size: 218.95329434507545
complete: 37422.14917673496
Partition 6 ratio: 0.6220895699863314
processing batch_results/200d-5-10-neg15/batch-4/chessBig_transaction_k_means_200d_k16_FalseNorm_trans_clust_7_k16...
chunks ... [0, 616, 1232, 1848, 2467]
num codes: 215
num codes with support 0: 0
chunks ... [0, 616, 1232, 1848, 2467]
num codes with usage 0: 25
database_size: 30540.395184162553
codetable_size: 3268.0196909364568
complete: 33808.41487509901
database_size: 57674.335981263706
codetable_size: 182.96193443623457
complete: 57857.29791569994
Partition 7 ratio: 0.5843414071006051
processing batch_results/200d-5-10-neg15/batch-4/chessBig_transaction_k_means_200d_k16_FalseNorm_trans_clust_8_k16...
chunks ... [0, 434, 868, 1302, 1736]
num codes: 232
num codes with support 0: 0
chunks ... [0, 434, 868, 1302, 1736]
num codes with usage 0: 15
database_size: 24004.10100233579
codetable_size: 3570.518746094121
complete: 27574.61974842991
database_size: 42609.79758665404
codetable_size: 226.3837708890699
complete: 42836.18135754311
Partition 8 ratio: 0.6437226399400852
processing batch_results/200d-5-10-neg15/batch-4/chessBig_transaction_k_means_200d_k16_FalseNorm_trans_clust_9_k16...
chunks ... [0, 675, 1350, 2025, 2700]
num codes: 328
num codes with support 0: 0
chunks ... [0, 675, 1350, 2025, 2700]
num codes with usage 0: 22
database_size: 33873.09853025493
codetable_size: 5467.043357692793
complete: 39340.14188794772
database_size: 64742.81145081439
codetable_size: 193.64763852906145
complete: 64936.45908934345
Partition 9 ratio: 0.6058251780224297
processing batch_results/200d-5-10-neg15/batch-4/chessBig_transaction_k_means_200d_k16_FalseNorm_trans_clust_10_k16...
chunks ... [0, 651, 1302, 1953, 2605]
num codes: 372
num codes with support 0: 0
chunks ... [0, 651, 1302, 1953, 2605]
num codes with usage 0: 27
database_size: 31433.39783416336
codetable_size: 6096.686395337031
complete: 37530.08422950039
database_size: 62082.75992707278
codetable_size: 211.6101315169287
complete: 62294.37005858971
Partition 10 ratio: 0.6024635002200396
processing batch_results/200d-5-10-neg15/batch-4/chessBig_transaction_k_means_200d_k16_FalseNorm_trans_clust_11_k16...
chunks ... [0, 737, 1474, 2211, 2948]
num codes: 299
num codes with support 0: 0
chunks ... [0, 737, 1474, 2211, 2948]
num codes with usage 0: 28
database_size: 35786.67435338752
codetable_size: 5117.821254979819
complete: 40904.49560836734
database_size: 70487.14887810398
codetable_size: 210.3101456317769
complete: 70697.45902373576
Partition 11 ratio: 0.5785850888167591
processing batch_results/200d-5-10-neg15/batch-4/chessBig_transaction_k_means_200d_k16_FalseNorm_trans_clust_12_k16...
chunks ... [0, 96, 192, 288, 385]
num codes: 67
num codes with support 0: 0
chunks ... [0, 96, 192, 288, 385]
num codes with usage 0: 15
database_size: 3941.0659945248512
codetable_size: 775.9751878974979
complete: 4717.041182422349
database_size: 8470.601058547612
codetable_size: 171.52591873963792
complete: 8642.126977287251
Partition 12 ratio: 0.5458194718521736
processing batch_results/200d-5-10-neg15/batch-4/chessBig_transaction_k_means_200d_k16_FalseNorm_trans_clust_13_k16...
chunks ... [0, 293, 586, 879, 1172]
num codes: 166
num codes with support 0: 0
chunks ... [0, 293, 586, 879, 1172]
num codes with usage 0: 24
database_size: 15819.475967690407
codetable_size: 2160.5936702931654
complete: 17980.06963798357
database_size: 28039.48954302122
codetable_size: 217.64342412479414
complete: 28257.132967146015
Partition 13 ratio: 0.6363019793582253
processing batch_results/200d-5-10-neg15/batch-4/chessBig_transaction_k_means_200d_k16_FalseNorm_trans_clust_14_k16...
chunks ... [0, 858, 1716, 2574, 3433]
num codes: 351
num codes with support 0: 0
chunks ... [0, 858, 1716, 2574, 3433]
num codes with usage 0: 24
database_size: 43892.56204391247
codetable_size: 5860.691800059642
complete: 49753.25384397211
database_size: 83129.76485198698
codetable_size: 215.14587873917247
complete: 83344.91073072616
Partition 14 ratio: 0.5969561117500837
processing batch_results/200d-5-10-neg15/batch-4/chessBig_transaction_k_means_200d_k16_FalseNorm_trans_clust_15_k16...
chunks ... [0, 278, 556, 834, 1114]
num codes: 121
num codes with support 0: 0
chunks ... [0, 278, 556, 834, 1114]
num codes with usage 0: 17
database_size: 13102.450227785293
codetable_size: 1809.1198817318282
complete: 14911.57010951712
database_size: 25273.730645311603
codetable_size: 197.05736579467708
complete: 25470.78801110628
Partition 15 ratio: 0.5854381145575505
number of codetables: 16
size: 166
size: 169
size: 137
size: 101
size: 98
size: 268
size: 168
size: 215
size: 232
size: 328
size: 372
size: 299
size: 67
size: 166
size: 351
size: 121
database_size: 750710.600704819
codetable_size: 258.1889058609846
complete: 750968.78961068
database_size: 750710.600704819
codetable_size: 258.1889058609846
complete: 750968.78961068
current singletons: {1, 2, 3, 5, 6, 9, 10, 11, 12, 13, 14, 15, 16, 17, 18, 19, 20, 21, 22, 23, 24, 26, 27, 28, 29, 30, 31, 32, 33, 34, 35, 36, 37, 38, 39, 40, 41, 49, 50, 51, 52, 53, 54, 55, 56}
Added 13 singletons
added:  {4, 7, 8, 42, 43, 44, 45, 46, 47, 48, 25, 58, 57}
chunks ... [0, 7014, 14028, 21042, 28056]
num codes: 179
num codes with support 0: 0
chunks ... [0, 7014, 14028, 21042, 28056]
database_size: 702022.759382424
codetable_size: 3266.9477796405554
complete: 705289.7071620645
Partition ratio: 0.9391731279907164
current singletons: {3, 4, 5, 6, 7, 8, 9, 10, 11, 12, 13, 14, 15, 16, 17, 18, 19, 20, 21, 22, 23, 24, 25, 26, 27, 28, 29, 30, 31, 32, 33, 34, 35, 36, 37, 38, 39, 40, 41, 42, 43, 45, 46, 47, 48, 49, 50, 51, 52, 53}
Added 8 singletons
added:  {1, 2, 44, 54, 55, 56, 57, 58}
chunks ... [0, 7014, 14028, 21042, 28056]
num codes: 177
num codes with support 0: 0
chunks ... [0, 7014, 14028, 21042, 28056]
database_size: 720644.5654263971
codetable_size: 3533.3455348415937
complete: 724177.9109612388
Partition ratio: 0.9643249106752756
current singletons: {1, 2, 3, 4, 5, 6, 9, 10, 11, 12, 13, 14, 15, 16, 17, 18, 19, 20, 21, 22, 23, 24, 26, 27, 28, 29, 30, 31, 32, 33, 34, 35, 36, 37, 38, 39, 40, 56, 57}
Added 19 singletons
added:  {7, 8, 25, 41, 42, 43, 44, 45, 46, 47, 48, 49, 50, 51, 52, 53, 54, 55, 58}
chunks ... [0, 7014, 14028, 21042, 28056]
num codes: 156
num codes with support 0: 0
chunks ... [0, 7014, 14028, 21042, 28056]
database_size: 691791.8177314342
codetable_size: 2440.0701142890216
complete: 694231.8878457233
Partition ratio: 0.9244483891342936
current singletons: {1, 2, 5, 9, 10, 11, 12, 13, 14, 15, 16, 17, 18, 19, 20, 21, 22, 23, 24, 26, 27, 28, 29, 30, 31, 32, 33, 34, 35, 36, 37, 38, 39, 57, 58}
Added 23 singletons
added:  {3, 4, 6, 7, 8, 25, 40, 41, 42, 43, 44, 45, 46, 47, 48, 49, 50, 51, 52, 53, 54, 55, 56}
chunks ... [0, 7014, 14028, 21042, 28056]
num codes: 124
num codes with support 0: 0
chunks ... [0, 7014, 14028, 21042, 28056]
database_size: 725748.1754186127
codetable_size: 2049.1057332658875
complete: 727797.2811518785
Partition ratio: 0.9691445120231773
current singletons: {4, 7, 8, 9, 10, 11, 12, 13, 14, 15, 16, 17, 18, 19, 20, 21, 22, 23, 24, 29, 30, 31, 32, 34, 35, 36, 37, 38, 39, 40, 41, 47, 48, 49, 50, 51, 52, 53, 54}
Added 19 singletons
added:  {1, 2, 3, 5, 6, 25, 26, 27, 28, 33, 42, 43, 44, 45, 46, 55, 56, 57, 58}
chunks ... [0, 7014, 14028, 21042, 28056]
num codes: 117
num codes with support 0: 0
chunks ... [0, 7014, 14028, 21042, 28056]
database_size: 732622.7437123975
codetable_size: 2036.8452671763744
complete: 734659.5889795739
Partition ratio: 0.9782824521381759
current singletons: {1, 2, 3, 5, 6, 9, 10, 11, 12, 13, 14, 15, 16, 17, 18, 19, 20, 21, 22, 23, 24, 25, 26, 27, 28, 29, 30, 31, 32, 34, 35, 36, 37, 38, 39, 40, 41, 50, 51, 52, 53, 54, 55, 56, 57}
Added 13 singletons
added:  {33, 4, 7, 8, 42, 43, 44, 45, 46, 47, 48, 49, 58}
chunks ... [0, 7014, 14028, 21042, 28056]
num codes: 281
num codes with support 0: 0
chunks ... [0, 7014, 14028, 21042, 28056]
database_size: 641448.4138949632
codetable_size: 5272.757998465531
complete: 646721.1718934288
Partition ratio: 0.8611824896593964
current singletons: {2, 3, 4, 5, 6, 7, 9, 10, 11, 12, 13, 14, 15, 16, 17, 18, 19, 20, 21, 22, 23, 24, 25, 26, 27, 28, 29, 30, 31, 32, 33, 34, 35, 36, 37, 38, 39, 40, 41, 47, 48, 49, 50, 51, 52, 53, 54, 55}
Added 10 singletons
added:  {1, 8, 42, 43, 44, 45, 46, 56, 57, 58}
chunks ... [0, 7014, 14028, 21042, 28056]
num codes: 178
num codes with support 0: 0
chunks ... [0, 7014, 14028, 21042, 28056]
database_size: 715846.3567142615
codetable_size: 3206.8875456359415
complete: 719053.2442598974
Partition ratio: 0.9575008365296668
current singletons: {2, 3, 4, 5, 6, 9, 10, 11, 12, 13, 14, 15, 16, 17, 18, 19, 20, 21, 22, 23, 24, 25, 26, 27, 28, 29, 30, 31, 32, 34, 35, 36, 37, 38, 39, 40, 41, 52, 53, 54, 55, 56, 57}
Added 15 singletons
added:  {1, 33, 7, 8, 42, 43, 44, 45, 46, 47, 48, 49, 50, 51, 58}
chunks ... [0, 7014, 14028, 21042, 28056]
num codes: 230
num codes with support 0: 0
chunks ... [0, 7014, 14028, 21042, 28056]
database_size: 675853.69526687
codetable_size: 4165.230793563093
complete: 680018.926060433
Partition ratio: 0.9055222207210115
current singletons: {1, 2, 3, 4, 5, 6, 7, 9, 10, 11, 12, 13, 14, 15, 16, 17, 18, 19, 20, 21, 22, 23, 24, 25, 26, 27, 28, 29, 30, 31, 32, 33, 34, 35, 36, 37, 38, 39, 40, 41, 47, 48, 49, 50, 51, 52, 53, 54, 55, 56}
Added 8 singletons
added:  {8, 42, 43, 44, 45, 46, 57, 58}
chunks ... [0, 7014, 14028, 21042, 28056]
num codes: 240
num codes with support 0: 0
chunks ... [0, 7014, 14028, 21042, 28056]
database_size: 677856.4951282253
codetable_size: 4228.17352781027
complete: 682084.6686560356
Partition ratio: 0.9082729909583119
current singletons: {2, 3, 4, 5, 6, 7, 9, 10, 11, 12, 13, 14, 15, 16, 17, 18, 19, 20, 21, 22, 23, 24, 25, 26, 27, 28, 29, 30, 31, 32, 33, 34, 35, 36, 37, 38, 39, 40, 41, 52, 53, 54, 55, 56, 57}
Added 13 singletons
added:  {1, 8, 42, 43, 44, 45, 46, 47, 48, 49, 50, 51, 58}
chunks ... [0, 7014, 14028, 21042, 28056]
num codes: 341
num codes with support 0: 0
chunks ... [0, 7014, 14028, 21042, 28056]
database_size: 601540.3855175282
codetable_size: 6520.279570592636
complete: 608060.6650881208
Partition ratio: 0.8097016460608888
current singletons: {3, 4, 5, 6, 7, 9, 10, 11, 12, 13, 14, 15, 16, 17, 18, 19, 20, 21, 22, 23, 24, 25, 26, 27, 28, 29, 30, 31, 32, 33, 34, 35, 36, 37, 38, 39, 40, 41, 47, 48, 49, 50, 51, 52, 53, 54, 55}
Added 11 singletons
added:  {1, 2, 8, 42, 43, 44, 45, 46, 56, 57, 58}
chunks ... [0, 7014, 14028, 21042, 28056]
num codes: 383
num codes with support 0: 0
chunks ... [0, 7014, 14028, 21042, 28056]
database_size: 642313.3897076561
codetable_size: 7375.3057035295315
complete: 649688.6954111856
Partition ratio: 0.8651340833325439
current singletons: {2, 3, 4, 5, 6, 7, 9, 10, 11, 12, 13, 14, 15, 16, 17, 18, 19, 20, 21, 22, 23, 24, 25, 26, 27, 28, 29, 30, 31, 32, 33, 34, 35, 36, 37, 38, 39, 40, 41, 49, 50, 51, 52, 53, 54, 55, 56}
Added 11 singletons
added:  {1, 8, 42, 43, 44, 45, 46, 47, 48, 57, 58}
chunks ... [0, 7014, 14028, 21042, 28056]
num codes: 310
num codes with support 0: 0
chunks ... [0, 7014, 14028, 21042, 28056]
database_size: 655658.8767504228
codetable_size: 6234.553090701408
complete: 661893.4298411242
Partition ratio: 0.8813860695652418
current singletons: {3, 4, 5, 6, 7, 9, 10, 11, 12, 13, 14, 15, 16, 17, 18, 19, 20, 21, 22, 23, 24, 25, 26, 27, 28, 29, 33, 34, 35, 40, 41, 42, 43, 44, 45, 46, 47, 48, 49}
Added 19 singletons
added:  {1, 2, 8, 30, 31, 32, 36, 37, 38, 39, 50, 51, 52, 53, 54, 55, 56, 57, 58}
chunks ... [0, 7014, 14028, 21042, 28056]
num codes: 86
num codes with support 0: 0
chunks ... [0, 7014, 14028, 21042, 28056]
database_size: 744838.7176316492
codetable_size: 1362.2826865529712
complete: 746201.0003182022
Partition ratio: 0.9936511485451353
current singletons: {1, 2, 3, 4, 5, 6, 7, 9, 10, 11, 12, 13, 14, 15, 16, 17, 18, 19, 20, 21, 22, 23, 24, 25, 26, 27, 28, 30, 31, 32, 33, 34, 35, 36, 37, 38, 39, 40, 41, 46, 47, 48, 49, 50, 51, 52, 53, 54}
Added 10 singletons
added:  {8, 42, 43, 44, 45, 55, 56, 57, 58, 29}
chunks ... [0, 7014, 14028, 21042, 28056]
num codes: 176
num codes with support 0: 0
chunks ... [0, 7014, 14028, 21042, 28056]
database_size: 683398.9011442766
codetable_size: 2804.8628822862393
complete: 686203.7640265628
Partition ratio: 0.9137580329833775
current singletons: {2, 3, 4, 5, 6, 7, 9, 10, 11, 12, 13, 14, 15, 16, 17, 18, 19, 20, 21, 22, 23, 24, 25, 26, 27, 28, 29, 30, 31, 32, 33, 34, 35, 36, 37, 38, 39, 40, 41, 48, 49, 50, 51, 52, 53, 54, 55, 56}
Added 10 singletons
added:  {1, 8, 42, 43, 44, 45, 46, 47, 57, 58}
chunks ... [0, 7014, 14028, 21042, 28056]
num codes: 361
num codes with support 0: 0
chunks ... [0, 7014, 14028, 21042, 28056]
database_size: 587388.5462965069
codetable_size: 6855.042911999929
complete: 594243.5892085069
Partition ratio: 0.7913026445700584
current singletons: {3, 4, 6, 7, 8, 9, 10, 11, 12, 13, 14, 15, 16, 17, 18, 19, 20, 21, 22, 23, 24, 25, 26, 27, 28, 29, 30, 31, 32, 33, 34, 35, 36, 37, 41, 46, 47, 48, 49, 50, 51, 52, 53}
Added 15 singletons
added:  {1, 2, 5, 38, 39, 40, 42, 43, 44, 45, 54, 55, 56, 57, 58}
chunks ... [0, 7014, 14028, 21042, 28056]
num codes: 136
num codes with support 0: 0
chunks ... [0, 7014, 14028, 21042, 28056]
database_size: 730380.7026946556
codetable_size: 2701.143793364454
complete: 733081.84648802
Partition ratio: 0.9761815093115481
initial ratio: 0.7913026445700584
merged: {14}
merged: {14}
to_process: {0, 1, 2, 3, 4, 5, 6, 7, 8, 9, 10, 11, 12, 13, 15}
[(0, 0.20352958712069288), (1, 0.19653465818761212), (2, 0.23134768555807247), (3, 0.1508820880468116), (4, 0.1600140795005135), (5, 0.3558467023483956), (6, 0.3160211871231372), (7, 0.33065494239596116), (8, 0.2946567905879765), (9, 0.4152799012147223), (10, 0.391162115600092), (11, 0.5511990463064752), (12, 0.07842186409130594), (13, 0.1972898412280507), (15, 0.14075289502655186)]
next_candidate: 12
chunks ... [0, 7014, 14028, 21042, 28056]
chunks ... [0, 7014, 14028, 21042, 28056]
database_size: 582215.641061004
codetable_size: 7759.804575700307
complete: 589975.4456367043
current_ratio: 0.7913026445700584 --- candidate_ratio:0.7856191279834167
!!!!! ********* merge accepted ... 
merged: {12, 14}
to_process: {0, 1, 2, 3, 4, 5, 6, 7, 8, 9, 10, 11, 13, 15}
[(0, 0.2005829306174863), (1, 0.20371498383794454), (2, 0.219858117612367), (3, 0.14140796859291754), (4, 0.14693043330436006), (5, 0.3284782134963587), (6, 0.3050145391838226), (7, 0.3144952381085622), (8, 0.2887790224142516), (9, 0.39069630374331293), (10, 0.37217525027799486), (11, 0.519332238828456), (13, 0.19603223447522392), (15, 0.14422043309110769)]
next_candidate: 3
chunks ... [0, 7014, 14028, 21042, 28056]
chunks ... [0, 7014, 14028, 21042, 28056]
database_size: 596638.5302435383
codetable_size: 9355.711582597303
complete: 605994.2418261357
current_ratio: 0.7856191279834167 --- candidate_ratio:0.8069499694392059
!!!!! ********* merge rejected ... 
merged: {12, 14}
to_process: {0, 1, 2, 4, 5, 6, 7, 8, 9, 10, 11, 13, 15}
[(0, 0.2005829306174863), (1, 0.20371498383794454), (2, 0.219858117612367), (4, 0.14693043330436006), (5, 0.3284782134963587), (6, 0.3050145391838226), (7, 0.3144952381085622), (8, 0.2887790224142516), (9, 0.39069630374331293), (10, 0.37217525027799486), (11, 0.519332238828456), (13, 0.19603223447522392), (15, 0.14422043309110769)]
next_candidate: 15
chunks ... [0, 7014, 14028, 21042, 28056]
chunks ... [0, 7014, 14028, 21042, 28056]
database_size: 569944.4162883464
codetable_size: 9879.943150097693
complete: 579824.3594384441
current_ratio: 0.7856191279834167 --- candidate_ratio:0.7721018069726158
!!!!! ********* merge accepted ... 
merged: {12, 14, 15}
to_process: {0, 1, 2, 4, 5, 6, 7, 8, 9, 10, 11, 13}
[(0, 0.16365164190362694), (1, 0.22402571583181768), (2, 0.1803507239597477), (4, 0.17371185498377423), (5, 0.2644476091107655), (6, 0.29657496297041036), (7, 0.2959870373054103), (8, 0.26297659811147944), (9, 0.32233804668371824), (10, 0.3495993591835355), (11, 0.4552442770440216), (13, 0.21648320234877147)]
next_candidate: 0
chunks ... [0, 7014, 14028, 21042, 28056]
chunks ... [0, 7014, 14028, 21042, 28056]
database_size: 575900.355335997
codetable_size: 12512.118662061019
complete: 588412.473998058
current_ratio: 0.7721018069726158 --- candidate_ratio:0.7835378542204198
!!!!! ********* merge rejected ... 
merged: {12, 14, 15}
to_process: {1, 2, 4, 5, 6, 7, 8, 9, 10, 11, 13}
[(1, 0.22402571583181768), (2, 0.1803507239597477), (4, 0.17371185498377423), (5, 0.2644476091107655), (6, 0.29657496297041036), (7, 0.2959870373054103), (8, 0.26297659811147944), (9, 0.32233804668371824), (10, 0.3495993591835355), (11, 0.4552442770440216), (13, 0.21648320234877147)]
next_candidate: 4
chunks ... [0, 7014, 14028, 21042, 28056]
chunks ... [0, 7014, 14028, 21042, 28056]
database_size: 570682.7525320791
codetable_size: 11343.217561597863
complete: 582025.9700936769
current_ratio: 0.7721018069726158 --- candidate_ratio:0.7750335009200755
!!!!! ********* merge rejected ... 
merged: {12, 14, 15}
to_process: {1, 2, 5, 6, 7, 8, 9, 10, 11, 13}
[(1, 0.22402571583181768), (2, 0.1803507239597477), (5, 0.2644476091107655), (6, 0.29657496297041036), (7, 0.2959870373054103), (8, 0.26297659811147944), (9, 0.32233804668371824), (10, 0.3495993591835355), (11, 0.4552442770440216), (13, 0.21648320234877147)]
next_candidate: 2
chunks ... [0, 7014, 14028, 21042, 28056]
chunks ... [0, 7014, 14028, 21042, 28056]
database_size: 580796.7382845173
codetable_size: 11854.671272279407
complete: 592651.4095567968
current_ratio: 0.7721018069726158 --- candidate_ratio:0.7891824770294932
!!!!! ********* merge rejected ... 
merged: {12, 14, 15}
to_process: {1, 5, 6, 7, 8, 9, 10, 11, 13}
[(1, 0.22402571583181768), (5, 0.2644476091107655), (6, 0.29657496297041036), (7, 0.2959870373054103), (8, 0.26297659811147944), (9, 0.32233804668371824), (10, 0.3495993591835355), (11, 0.4552442770440216), (13, 0.21648320234877147)]
next_candidate: 13
chunks ... [0, 7014, 14028, 21042, 28056]
chunks ... [0, 7014, 14028, 21042, 28056]
database_size: 581980.2215194419
codetable_size: 12106.108423644962
complete: 594086.3299430868
current_ratio: 0.7721018069726158 --- candidate_ratio:0.7910932360465677
!!!!! ********* merge rejected ... 
merged: {12, 14, 15}
to_process: {1, 5, 6, 7, 8, 9, 10, 11}
[(1, 0.22402571583181768), (5, 0.2644476091107655), (6, 0.29657496297041036), (7, 0.2959870373054103), (8, 0.26297659811147944), (9, 0.32233804668371824), (10, 0.3495993591835355), (11, 0.4552442770440216)]
next_candidate: 1
chunks ... [0, 7014, 14028, 21042, 28056]
chunks ... [0, 7014, 14028, 21042, 28056]
database_size: 558461.8268402654
codetable_size: 12380.504278088487
complete: 570842.3311183539
current_ratio: 0.7721018069726158 --- candidate_ratio:0.7601412189370641
!!!!! ********* merge accepted ... 
merged: {1, 12, 14, 15}
to_process: {5, 6, 7, 8, 9, 10, 11}
[(5, 0.21692956442699532), (6, 0.23799331247931102), (7, 0.2756553281127349), (8, 0.21393514662111915), (9, 0.26800324166015016), (10, 0.33225069253544526), (11, 0.39995888358126624)]
next_candidate: 8
chunks ... [0, 7014, 14028, 21042, 28056]
chunks ... [0, 7014, 14028, 21042, 28056]
database_size: 560414.4352287527
codetable_size: 15826.505549515668
complete: 576240.9407782684
current_ratio: 0.7601412189370641 --- candidate_ratio:0.7673300791594886
!!!!! ********* merge rejected ... 
merged: {1, 12, 14, 15}
to_process: {5, 6, 7, 9, 10, 11}
[(5, 0.21692956442699532), (6, 0.23799331247931102), (7, 0.2756553281127349), (9, 0.26800324166015016), (10, 0.33225069253544526), (11, 0.39995888358126624)]
next_candidate: 5
chunks ... [0, 7014, 14028, 21042, 28056]
chunks ... [0, 7014, 14028, 21042, 28056]
database_size: 544198.3336063725
codetable_size: 15985.498367737571
complete: 560183.8319741101
current_ratio: 0.7601412189370641 --- candidate_ratio:0.7459482201178064
!!!!! ********* merge accepted ... 
merged: {1, 5, 12, 14, 15}
to_process: {6, 7, 9, 10, 11}
[(6, 0.17450141910582442), (7, 0.2552494969198566), (9, 0.250931933258029), (10, 0.24576114807822264), (11, 0.29535583403103705)]
next_candidate: 6
chunks ... [0, 7014, 14028, 21042, 28056]
chunks ... [0, 7014, 14028, 21042, 28056]
database_size: 538426.8594803786
codetable_size: 18285.472386175265
complete: 556712.3318665539
current_ratio: 0.7459482201178064 --- candidate_ratio:0.7413255245336717
!!!!! ********* merge accepted ... 
merged: {1, 5, 6, 12, 14, 15}
to_process: {7, 9, 10, 11}
[(7, 0.21590606883125832), (9, 0.21223379162098174), (10, 0.22047829947001343), (11, 0.251511937852207)]
next_candidate: 9
chunks ... [0, 7014, 14028, 21042, 28056]
chunks ... [0, 7014, 14028, 21042, 28056]
database_size: 522615.46192558244
codetable_size: 22024.283289919833
complete: 544639.7452155022
current_ratio: 0.7413255245336717 --- candidate_ratio:0.725249508035955
!!!!! ********* merge accepted ... 
merged: {1, 5, 6, 9, 12, 14, 15}
to_process: {7, 10, 11}
[(7, 0.1721305729093353), (10, 0.1750800999322372), (11, 0.19864862479964282)]
next_candidate: 7
chunks ... [0, 7014, 14028, 21042, 28056]
chunks ... [0, 7014, 14028, 21042, 28056]
database_size: 507821.69483858027
codetable_size: 24921.146190741496
complete: 532742.8410293218
current_ratio: 0.725249508035955 --- candidate_ratio:0.7094074326384566
!!!!! ********* merge accepted ... 
merged: {1, 5, 6, 7, 9, 12, 14, 15}
to_process: {10, 11}
[(10, 0.14751930138076066), (11, 0.17056099074952952)]
next_candidate: 10
chunks ... [0, 7014, 14028, 21042, 28056]
chunks ... [0, 7014, 14028, 21042, 28056]
database_size: 492828.15164169925
codetable_size: 30540.162672854745
complete: 523368.314314554
current_ratio: 0.7094074326384566 --- candidate_ratio:0.6969241885350262
!!!!! ********* merge accepted ... 
merged: {1, 5, 6, 7, 9, 10, 12, 14, 15}
to_process: {11}
[(11, 0.14565424816852585)]
next_candidate: 11
chunks ... [0, 7014, 14028, 21042, 28056]
chunks ... [0, 7014, 14028, 21042, 28056]
database_size: 482414.3865952287
codetable_size: 34848.23447757577
complete: 517262.62107280444
current_ratio: 0.6969241885350262 --- candidate_ratio:0.6887937664373052
!!!!! ********* merge accepted ... 
merged table size: 1536
chunks ... [0, 7014, 14028, 21042, 28056]
chunks ... [0, 7014, 14028, 21042, 28056]
merged table size without non-used codes: 1488
database_size: 482414.3865952287
codetable_size: 34848.23447757577
complete: 517262.62107280444
database_size: 750710.600704819
codetable_size: 258.1889058609846
complete: 750968.78961068
merged size: 517262.62107280444
sct size: 750968.78961068
merged ratio: 0.6887937664373052
time elapsed: 80.39607644081116
