
-- MERGING METHOD naive
processing batch_results/200d-5-10-neg15/batch-4/connect_transaction_k_means_200d_k16_FalseNorm_trans_clust_0_k16...
chunks ... [0, 622, 1244, 1866, 2489]
num codes: 322
num codes with support 0: 0
chunks ... [0, 622, 1244, 1866, 2489]
num codes with usage 0: 76
database_size: 46966.27528209961
codetable_size: 10242.026699890705
complete: 57208.30198199031
database_size: 435723.47198658297
codetable_size: 442.65785085671354
complete: 436166.1298374397
Partition 0 ratio: 0.1311617250136135
processing batch_results/200d-5-10-neg15/batch-4/connect_transaction_k_means_200d_k16_FalseNorm_trans_clust_1_k16...
chunks ... [0, 1280, 2560, 3840, 5120]
num codes: 385
num codes with support 0: 0
chunks ... [0, 1280, 2560, 3840, 5120]
num codes with usage 0: 80
database_size: 99160.47776424573
codetable_size: 12918.10505764464
complete: 112078.58282189038
database_size: 900824.8059593344
codetable_size: 407.42254314593725
complete: 901232.2285024803
Partition 1 ratio: 0.1243614900547045
processing batch_results/200d-5-10-neg15/batch-4/connect_transaction_k_means_200d_k16_FalseNorm_trans_clust_2_k16...
chunks ... [0, 813, 1626, 2439, 3254]
num codes: 331
num codes with support 0: 0
chunks ... [0, 813, 1626, 2439, 3254]
num codes with usage 0: 79
database_size: 64579.53489101375
codetable_size: 10672.753568712718
complete: 75252.28845972646
database_size: 571699.3857770911
codetable_size: 529.4312447682402
complete: 572228.8170218593
Partition 2 ratio: 0.13150733801099673
processing batch_results/200d-5-10-neg15/batch-4/connect_transaction_k_means_200d_k16_FalseNorm_trans_clust_3_k16...
chunks ... [0, 1038, 2076, 3114, 4155]
num codes: 393
num codes with support 0: 0
chunks ... [0, 1038, 2076, 3114, 4155]
num codes with usage 0: 71
database_size: 81869.45566278863
codetable_size: 13637.208212447482
complete: 95506.66387523612
database_size: 730437.4120925496
codetable_size: 493.6345160924649
complete: 730931.0466086421
Partition 3 ratio: 0.13066439620859704
processing batch_results/200d-5-10-neg15/batch-4/connect_transaction_k_means_200d_k16_FalseNorm_trans_clust_4_k16...
chunks ... [0, 1188, 2376, 3564, 4755]
num codes: 463
num codes with support 0: 0
chunks ... [0, 1188, 2376, 3564, 4755]
num codes with usage 0: 92
database_size: 92800.93792702825
codetable_size: 18009.884133037132
complete: 110810.82206006539
database_size: 841605.2668174114
codetable_size: 554.1592921127916
complete: 842159.4261095242
Partition 4 ratio: 0.13157938820678147
processing batch_results/200d-5-10-neg15/batch-4/connect_transaction_k_means_200d_k16_FalseNorm_trans_clust_5_k16...
chunks ... [0, 1069, 2138, 3207, 4276]
num codes: 423
num codes with support 0: 0
chunks ... [0, 1069, 2138, 3207, 4276]
num codes with usage 0: 74
database_size: 86529.242861357
codetable_size: 14361.674043487166
complete: 100890.91690484415
database_size: 752080.9342163416
codetable_size: 471.70505297038113
complete: 752552.6392693119
Partition 5 ratio: 0.13406492999985198
processing batch_results/200d-5-10-neg15/batch-4/connect_transaction_k_means_200d_k16_FalseNorm_trans_clust_6_k16...
chunks ... [0, 649, 1298, 1947, 2597]
num codes: 304
num codes with support 0: 0
chunks ... [0, 649, 1298, 1947, 2597]
num codes with usage 0: 71
database_size: 51860.61355365829
codetable_size: 9759.588918457064
complete: 61620.20247211535
database_size: 455299.7620476617
codetable_size: 493.6257970288703
complete: 455793.3878446906
Partition 6 ratio: 0.13519327861138727
processing batch_results/200d-5-10-neg15/batch-4/connect_transaction_k_means_200d_k16_FalseNorm_trans_clust_7_k16...
chunks ... [0, 1064, 2128, 3192, 4257]
num codes: 364
num codes with support 0: 0
chunks ... [0, 1064, 2128, 3192, 4257]
num codes with usage 0: 82
database_size: 88006.13399603448
codetable_size: 12501.787998335974
complete: 100507.92199437045
database_size: 747527.4787578194
codetable_size: 406.9568742992945
complete: 747934.4356321187
Partition 7 ratio: 0.13438065852580502
processing batch_results/200d-5-10-neg15/batch-4/connect_transaction_k_means_200d_k16_FalseNorm_trans_clust_8_k16...
chunks ... [0, 935, 1870, 2805, 3741]
num codes: 392
num codes with support 0: 0
chunks ... [0, 935, 1870, 2805, 3741]
num codes with usage 0: 66
database_size: 72222.44429808694
codetable_size: 15030.747730705292
complete: 87253.19202879223
database_size: 656974.485233423
codetable_size: 401.35854369225694
complete: 657375.8437771152
Partition 8 ratio: 0.1327295379876715
processing batch_results/200d-5-10-neg15/batch-4/connect_transaction_k_means_200d_k16_FalseNorm_trans_clust_9_k16...
chunks ... [0, 1513, 3026, 4539, 6052]
num codes: 412
num codes with support 0: 0
chunks ... [0, 1513, 3026, 4539, 6052]
num codes with usage 0: 79
database_size: 120907.23215089305
codetable_size: 16396.90021894395
complete: 137304.132369837
database_size: 1066244.80348133
codetable_size: 483.02140966042595
complete: 1066727.8248909903
Partition 9 ratio: 0.12871524410068538
processing batch_results/200d-5-10-neg15/batch-4/connect_transaction_k_means_200d_k16_FalseNorm_trans_clust_10_k16...
chunks ... [0, 760, 1520, 2280, 3043]
num codes: 316
num codes with support 0: 0
chunks ... [0, 760, 1520, 2280, 3043]
num codes with usage 0: 82
database_size: 58629.08904872603
codetable_size: 10058.342356525654
complete: 68687.43140525169
database_size: 533375.6956585561
codetable_size: 462.021692729257
complete: 533837.7173512853
Partition 10 ratio: 0.12866725068819515
processing batch_results/200d-5-10-neg15/batch-4/connect_transaction_k_means_200d_k16_FalseNorm_trans_clust_11_k16...
chunks ... [0, 1190, 2380, 3570, 4763]
num codes: 461
num codes with support 0: 0
chunks ... [0, 1190, 2380, 3570, 4763]
num codes with usage 0: 74
database_size: 93464.30208887346
codetable_size: 16838.06230435046
complete: 110302.36439322392
database_size: 840734.7124565409
codetable_size: 441.1396454911776
complete: 841175.852102032
Partition 11 ratio: 0.1311287813571764
processing batch_results/200d-5-10-neg15/batch-4/connect_transaction_k_means_200d_k16_FalseNorm_trans_clust_12_k16...
chunks ... [0, 861, 1722, 2583, 3445]
num codes: 373
num codes with support 0: 0
chunks ... [0, 861, 1722, 2583, 3445]
num codes with usage 0: 80
database_size: 68326.58561421714
codetable_size: 11479.016994178999
complete: 79805.60260839613
database_size: 604093.0791109762
codetable_size: 478.4757884477413
complete: 604571.554899424
Partition 12 ratio: 0.13200356841411853
processing batch_results/200d-5-10-neg15/batch-4/connect_transaction_k_means_200d_k16_FalseNorm_trans_clust_13_k16...
chunks ... [0, 1269, 2538, 3807, 5078]
num codes: 384
num codes with support 0: 0
chunks ... [0, 1269, 2538, 3807, 5078]
num codes with usage 0: 82
database_size: 91770.26556985533
codetable_size: 15165.678152775583
complete: 106935.94372263091
database_size: 892680.4223892868
codetable_size: 465.9134010861329
complete: 893146.3357903729
Partition 13 ratio: 0.11972947706044158
processing batch_results/200d-5-10-neg15/batch-4/connect_transaction_k_means_200d_k16_FalseNorm_trans_clust_14_k16...
chunks ... [0, 1428, 2856, 4284, 5715]
num codes: 381
num codes with support 0: 0
chunks ... [0, 1428, 2856, 4284, 5715]
num codes with usage 0: 79
database_size: 113315.6479695887
codetable_size: 14044.332547840922
complete: 127359.98051742962
database_size: 1008022.6039165156
codetable_size: 428.49946315257074
complete: 1008451.1033796682
Partition 14 ratio: 0.12629266812302778
processing batch_results/200d-5-10-neg15/batch-4/connect_transaction_k_means_200d_k16_FalseNorm_trans_clust_15_k16...
chunks ... [0, 1204, 2408, 3612, 4817]
num codes: 376
num codes with support 0: 0
chunks ... [0, 1204, 2408, 3612, 4817]
num codes with usage 0: 76
database_size: 86266.77529601025
codetable_size: 15259.819471085175
complete: 101526.59476709543
database_size: 846950.450774475
codetable_size: 417.448768707908
complete: 847367.8995431829
Partition 15 ratio: 0.11981406756360319
number of codetables: 16
size: 322
size: 385
size: 331
size: 393
size: 463
size: 423
size: 304
size: 364
size: 392
size: 412
size: 316
size: 461
size: 373
size: 384
size: 381
size: 376
merged table size: 4646
chunks ... [0, 16889, 33778, 50667, 67557]
chunks ... [0, 16889, 33778, 50667, 67557]
merged table size without non-used codes: 4362
database_size: 2344257.269186109
codetable_size: 216510.49193162442
complete: 2560767.761117733
database_size: 12320561.926931633
codetable_size: 786.6889113503379
complete: 12321348.615842983
merged size: 2560767.761117733
sct size: 12321348.615842983
merged ratio: 0.20783177564061922
time elapsed: 73.7554304599762
-- MERGING METHOD naive_plus
processing batch_results/200d-5-10-neg15/batch-4/connect_transaction_k_means_200d_k16_FalseNorm_trans_clust_0_k16...
chunks ... [0, 622, 1244, 1866, 2489]
num codes: 322
num codes with support 0: 0
chunks ... [0, 622, 1244, 1866, 2489]
num codes with usage 0: 76
database_size: 46966.27528209961
codetable_size: 10242.026699890705
complete: 57208.30198199031
database_size: 435723.47198658297
codetable_size: 442.65785085671354
complete: 436166.1298374397
Partition 0 ratio: 0.1311617250136135
processing batch_results/200d-5-10-neg15/batch-4/connect_transaction_k_means_200d_k16_FalseNorm_trans_clust_1_k16...
chunks ... [0, 1280, 2560, 3840, 5120]
num codes: 385
num codes with support 0: 0
chunks ... [0, 1280, 2560, 3840, 5120]
num codes with usage 0: 80
database_size: 99160.47776424573
codetable_size: 12918.10505764464
complete: 112078.58282189038
database_size: 900824.8059593344
codetable_size: 407.42254314593725
complete: 901232.2285024803
Partition 1 ratio: 0.1243614900547045
processing batch_results/200d-5-10-neg15/batch-4/connect_transaction_k_means_200d_k16_FalseNorm_trans_clust_2_k16...
chunks ... [0, 813, 1626, 2439, 3254]
num codes: 331
num codes with support 0: 0
chunks ... [0, 813, 1626, 2439, 3254]
num codes with usage 0: 79
database_size: 64579.53489101375
codetable_size: 10672.753568712718
complete: 75252.28845972646
database_size: 571699.3857770911
codetable_size: 529.4312447682402
complete: 572228.8170218593
Partition 2 ratio: 0.13150733801099673
processing batch_results/200d-5-10-neg15/batch-4/connect_transaction_k_means_200d_k16_FalseNorm_trans_clust_3_k16...
chunks ... [0, 1038, 2076, 3114, 4155]
num codes: 393
num codes with support 0: 0
chunks ... [0, 1038, 2076, 3114, 4155]
num codes with usage 0: 71
database_size: 81869.45566278863
codetable_size: 13637.208212447482
complete: 95506.66387523612
database_size: 730437.4120925496
codetable_size: 493.6345160924649
complete: 730931.0466086421
Partition 3 ratio: 0.13066439620859704
processing batch_results/200d-5-10-neg15/batch-4/connect_transaction_k_means_200d_k16_FalseNorm_trans_clust_4_k16...
chunks ... [0, 1188, 2376, 3564, 4755]
num codes: 463
num codes with support 0: 0
chunks ... [0, 1188, 2376, 3564, 4755]
num codes with usage 0: 92
database_size: 92800.93792702825
codetable_size: 18009.884133037132
complete: 110810.82206006539
database_size: 841605.2668174114
codetable_size: 554.1592921127916
complete: 842159.4261095242
Partition 4 ratio: 0.13157938820678147
processing batch_results/200d-5-10-neg15/batch-4/connect_transaction_k_means_200d_k16_FalseNorm_trans_clust_5_k16...
chunks ... [0, 1069, 2138, 3207, 4276]
num codes: 423
num codes with support 0: 0
chunks ... [0, 1069, 2138, 3207, 4276]
num codes with usage 0: 74
database_size: 86529.242861357
codetable_size: 14361.674043487166
complete: 100890.91690484415
database_size: 752080.9342163416
codetable_size: 471.70505297038113
complete: 752552.6392693119
Partition 5 ratio: 0.13406492999985198
processing batch_results/200d-5-10-neg15/batch-4/connect_transaction_k_means_200d_k16_FalseNorm_trans_clust_6_k16...
chunks ... [0, 649, 1298, 1947, 2597]
num codes: 304
num codes with support 0: 0
chunks ... [0, 649, 1298, 1947, 2597]
num codes with usage 0: 71
database_size: 51860.61355365829
codetable_size: 9759.588918457064
complete: 61620.20247211535
database_size: 455299.7620476617
codetable_size: 493.6257970288703
complete: 455793.3878446906
Partition 6 ratio: 0.13519327861138727
processing batch_results/200d-5-10-neg15/batch-4/connect_transaction_k_means_200d_k16_FalseNorm_trans_clust_7_k16...
chunks ... [0, 1064, 2128, 3192, 4257]
num codes: 364
num codes with support 0: 0
chunks ... [0, 1064, 2128, 3192, 4257]
num codes with usage 0: 82
database_size: 88006.13399603448
codetable_size: 12501.787998335974
complete: 100507.92199437045
database_size: 747527.4787578194
codetable_size: 406.9568742992945
complete: 747934.4356321187
Partition 7 ratio: 0.13438065852580502
processing batch_results/200d-5-10-neg15/batch-4/connect_transaction_k_means_200d_k16_FalseNorm_trans_clust_8_k16...
chunks ... [0, 935, 1870, 2805, 3741]
num codes: 392
num codes with support 0: 0
chunks ... [0, 935, 1870, 2805, 3741]
num codes with usage 0: 66
database_size: 72222.44429808694
codetable_size: 15030.747730705292
complete: 87253.19202879223
database_size: 656974.485233423
codetable_size: 401.35854369225694
complete: 657375.8437771152
Partition 8 ratio: 0.1327295379876715
processing batch_results/200d-5-10-neg15/batch-4/connect_transaction_k_means_200d_k16_FalseNorm_trans_clust_9_k16...
chunks ... [0, 1513, 3026, 4539, 6052]
num codes: 412
num codes with support 0: 0
chunks ... [0, 1513, 3026, 4539, 6052]
num codes with usage 0: 79
database_size: 120907.23215089305
codetable_size: 16396.90021894395
complete: 137304.132369837
database_size: 1066244.80348133
codetable_size: 483.02140966042595
complete: 1066727.8248909903
Partition 9 ratio: 0.12871524410068538
processing batch_results/200d-5-10-neg15/batch-4/connect_transaction_k_means_200d_k16_FalseNorm_trans_clust_10_k16...
chunks ... [0, 760, 1520, 2280, 3043]
num codes: 316
num codes with support 0: 0
chunks ... [0, 760, 1520, 2280, 3043]
num codes with usage 0: 82
database_size: 58629.08904872603
codetable_size: 10058.342356525654
complete: 68687.43140525169
database_size: 533375.6956585561
codetable_size: 462.021692729257
complete: 533837.7173512853
Partition 10 ratio: 0.12866725068819515
processing batch_results/200d-5-10-neg15/batch-4/connect_transaction_k_means_200d_k16_FalseNorm_trans_clust_11_k16...
chunks ... [0, 1190, 2380, 3570, 4763]
num codes: 461
num codes with support 0: 0
chunks ... [0, 1190, 2380, 3570, 4763]
num codes with usage 0: 74
database_size: 93464.30208887346
codetable_size: 16838.06230435046
complete: 110302.36439322392
database_size: 840734.7124565409
codetable_size: 441.1396454911776
complete: 841175.852102032
Partition 11 ratio: 0.1311287813571764
processing batch_results/200d-5-10-neg15/batch-4/connect_transaction_k_means_200d_k16_FalseNorm_trans_clust_12_k16...
chunks ... [0, 861, 1722, 2583, 3445]
num codes: 373
num codes with support 0: 0
chunks ... [0, 861, 1722, 2583, 3445]
num codes with usage 0: 80
database_size: 68326.58561421714
codetable_size: 11479.016994178999
complete: 79805.60260839613
database_size: 604093.0791109762
codetable_size: 478.4757884477413
complete: 604571.554899424
Partition 12 ratio: 0.13200356841411853
processing batch_results/200d-5-10-neg15/batch-4/connect_transaction_k_means_200d_k16_FalseNorm_trans_clust_13_k16...
chunks ... [0, 1269, 2538, 3807, 5078]
num codes: 384
num codes with support 0: 0
chunks ... [0, 1269, 2538, 3807, 5078]
num codes with usage 0: 82
database_size: 91770.26556985533
codetable_size: 15165.678152775583
complete: 106935.94372263091
database_size: 892680.4223892868
codetable_size: 465.9134010861329
complete: 893146.3357903729
Partition 13 ratio: 0.11972947706044158
processing batch_results/200d-5-10-neg15/batch-4/connect_transaction_k_means_200d_k16_FalseNorm_trans_clust_14_k16...
chunks ... [0, 1428, 2856, 4284, 5715]
num codes: 381
num codes with support 0: 0
chunks ... [0, 1428, 2856, 4284, 5715]
num codes with usage 0: 79
database_size: 113315.6479695887
codetable_size: 14044.332547840922
complete: 127359.98051742962
database_size: 1008022.6039165156
codetable_size: 428.49946315257074
complete: 1008451.1033796682
Partition 14 ratio: 0.12629266812302778
processing batch_results/200d-5-10-neg15/batch-4/connect_transaction_k_means_200d_k16_FalseNorm_trans_clust_15_k16...
chunks ... [0, 1204, 2408, 3612, 4817]
num codes: 376
num codes with support 0: 0
chunks ... [0, 1204, 2408, 3612, 4817]
num codes with usage 0: 76
database_size: 86266.77529601025
codetable_size: 15259.819471085175
complete: 101526.59476709543
database_size: 846950.450774475
codetable_size: 417.448768707908
complete: 847367.8995431829
Partition 15 ratio: 0.11981406756360319
number of codetables: 16
size: 322
size: 385
size: 331
size: 393
size: 463
size: 423
size: 304
size: 364
size: 392
size: 412
size: 316
size: 461
size: 373
size: 384
size: 381
size: 376
database_size: 12320561.926931633
codetable_size: 786.6889113503379
complete: 12321348.615842983
current singletons: {1, 2, 3, 5, 6, 7, 8, 9, 10, 11, 12, 13, 14, 15, 16, 19, 22, 23, 24, 25, 26, 27, 28, 31, 34, 37, 40, 41, 42, 43, 44, 45, 46, 49, 52, 55, 58, 59, 61, 62, 64, 65, 66, 67, 68, 69, 70, 71, 72, 73, 74, 75, 76, 77, 78, 79, 80, 81, 82, 83, 85, 88, 91, 94, 95, 96, 97, 98, 99, 100, 103, 106, 109, 112, 113, 114, 115, 116, 117, 118, 119, 120, 121, 124, 127}
Added 44 singletons
added:  {128, 129, 4, 17, 18, 20, 21, 29, 30, 32, 33, 35, 36, 38, 39, 47, 48, 50, 51, 53, 54, 56, 57, 60, 63, 84, 86, 87, 89, 90, 92, 93, 101, 102, 104, 105, 107, 108, 110, 111, 122, 123, 125, 126}
chunks ... [0, 16889, 33778, 50667, 67557]
num codes: 366
num codes with support 0: 0
chunks ... [0, 16889, 33778, 50667, 67557]
database_size: 8196544.596290069
codetable_size: 12853.103585398569
complete: 8209397.699875467
Partition ratio: 0.6662742818038356
current singletons: {1, 2, 3, 5, 6, 7, 8, 9, 10, 11, 12, 13, 14, 15, 16, 19, 22, 23, 24, 25, 26, 27, 28, 29, 30, 31, 32, 33, 34, 37, 40, 41, 42, 43, 44, 45, 46, 49, 52, 55, 58, 59, 60, 61, 62, 63, 66, 69, 72, 75, 76, 77, 78, 79, 80, 81, 82, 85, 88, 91, 94, 95, 96, 97, 98, 99, 100, 103, 106, 109, 112, 113, 114, 115, 116, 117, 118, 119, 120, 121, 124, 127}
Added 47 singletons
added:  {128, 129, 4, 17, 18, 20, 21, 35, 36, 38, 39, 47, 48, 50, 51, 53, 54, 56, 57, 64, 65, 67, 68, 70, 71, 73, 74, 83, 84, 86, 87, 89, 90, 92, 93, 101, 102, 104, 105, 107, 108, 110, 111, 122, 123, 125, 126}
chunks ... [0, 16889, 33778, 50667, 67557]
num codes: 432
num codes with support 0: 0
chunks ... [0, 16889, 33778, 50667, 67557]
database_size: 7449918.535701627
codetable_size: 15098.085334010457
complete: 7465016.621035637
Partition ratio: 0.6058603529354735
current singletons: {1, 2, 3, 4, 5, 6, 7, 8, 9, 10, 11, 12, 13, 14, 15, 16, 19, 22, 23, 24, 25, 26, 27, 28, 29, 30, 31, 32, 33, 34, 37, 40, 41, 42, 43, 44, 45, 46, 47, 48, 49, 50, 51, 52, 55, 58, 59, 60, 61, 62, 63, 64, 65, 66, 69, 72, 75, 76, 77, 78, 79, 80, 81, 82, 83, 84, 85, 88, 91, 94, 95, 96, 97, 98, 99, 100, 101, 102, 103, 106, 109, 113, 114, 116, 117, 119, 120, 122, 123, 124, 125, 126, 127, 128, 129}
Added 34 singletons
added:  {17, 18, 20, 21, 35, 36, 38, 39, 53, 54, 56, 57, 67, 68, 70, 71, 73, 74, 86, 87, 89, 90, 92, 93, 104, 105, 107, 108, 110, 111, 112, 115, 118, 121}
chunks ... [0, 16889, 33778, 50667, 67557]
num codes: 365
num codes with support 0: 0
chunks ... [0, 16889, 33778, 50667, 67557]
database_size: 6240566.348876214
codetable_size: 12692.266226222067
complete: 6253258.615102435
Partition ratio: 0.5075141374591007
current singletons: {1, 2, 3, 5, 6, 8, 9, 11, 12, 13, 14, 15, 16, 17, 18, 19, 20, 21, 22, 23, 24, 25, 26, 27, 28, 29, 30, 31, 34, 37, 40, 41, 42, 43, 44, 45, 46, 47, 48, 49, 52, 55, 58, 59, 60, 61, 62, 63, 64, 65, 66, 69, 72, 75, 76, 77, 78, 79, 80, 81, 82, 83, 84, 85, 88, 91, 94, 95, 96, 97, 98, 99, 100, 101, 102, 103, 106, 109, 112, 113, 114, 115, 116, 117, 118, 119, 120, 121, 122, 124, 127}
Added 38 singletons
added:  {128, 129, 4, 7, 10, 32, 33, 35, 36, 38, 39, 50, 51, 53, 54, 56, 57, 67, 68, 70, 71, 73, 74, 86, 87, 89, 90, 92, 93, 104, 105, 107, 108, 110, 111, 123, 125, 126}
chunks ... [0, 16889, 33778, 50667, 67557]
num codes: 431
num codes with support 0: 0
chunks ... [0, 16889, 33778, 50667, 67557]
database_size: 6138446.04294567
codetable_size: 16094.941227965914
complete: 6154540.984173636
Partition ratio: 0.499502219770004
current singletons: {1, 2, 3, 4, 5, 6, 7, 8, 9, 10, 11, 12, 13, 14, 15, 16, 19, 22, 23, 24, 25, 26, 27, 28, 29, 30, 31, 32, 33, 34, 37, 40, 41, 42, 43, 44, 45, 46, 47, 48, 49, 50, 51, 52, 55, 58, 59, 60, 61, 62, 63, 64, 65, 66, 67, 68, 69, 72, 75, 77, 78, 80, 81, 82, 83, 84, 85, 86, 87, 88, 89, 90, 91, 92, 93, 94, 95, 96, 97, 98, 99, 100, 101, 102, 103, 106, 109, 112, 113, 114, 115, 116, 117, 118, 119, 120, 121, 124, 127}
Added 30 singletons
added:  {128, 129, 17, 18, 20, 21, 35, 36, 38, 39, 53, 54, 56, 57, 70, 71, 73, 74, 76, 79, 104, 105, 107, 108, 110, 111, 122, 123, 125, 126}
chunks ... [0, 16889, 33778, 50667, 67557]
num codes: 493
num codes with support 0: 0
chunks ... [0, 16889, 33778, 50667, 67557]
database_size: 4687252.548975845
codetable_size: 20534.774192079643
complete: 4707787.323167925
Partition ratio: 0.38208376939473804
current singletons: {1, 2, 3, 4, 5, 6, 7, 8, 9, 10, 13, 16, 19, 22, 23, 24, 25, 26, 27, 28, 29, 30, 31, 32, 33, 34, 37, 40, 41, 42, 43, 44, 45, 46, 49, 52, 55, 58, 59, 61, 62, 64, 65, 67, 68, 69, 70, 71, 72, 73, 74, 75, 76, 77, 78, 79, 80, 81, 82, 83, 84, 85, 88, 91, 94, 95, 96, 97, 98, 99, 100, 101, 102, 103, 106, 109, 112, 113, 114, 115, 116, 117, 118, 119, 120, 121, 124, 127}
Added 41 singletons
added:  {128, 129, 11, 12, 14, 15, 17, 18, 20, 21, 35, 36, 38, 39, 47, 48, 50, 51, 53, 54, 56, 57, 60, 63, 66, 86, 87, 89, 90, 92, 93, 104, 105, 107, 108, 110, 111, 122, 123, 125, 126}
chunks ... [0, 16889, 33778, 50667, 67557]
num codes: 464
num codes with support 0: 0
chunks ... [0, 16889, 33778, 50667, 67557]
database_size: 6967041.026868413
codetable_size: 17300.31809512382
complete: 6984341.344963537
Partition ratio: 0.5668487730298419
current singletons: {1, 2, 3, 4, 5, 6, 7, 8, 9, 10, 11, 12, 13, 14, 15, 16, 19, 22, 23, 24, 25, 26, 27, 28, 29, 30, 31, 34, 37, 40, 41, 42, 43, 44, 45, 46, 47, 48, 49, 52, 55, 58, 59, 60, 61, 62, 63, 64, 65, 66, 69, 72, 75, 76, 77, 78, 79, 80, 81, 82, 83, 84, 85, 88, 91, 95, 96, 98, 99, 101, 102, 104, 105, 106, 107, 108, 109, 110, 111, 112, 113, 114, 115, 116, 117, 118, 119, 120, 121, 124, 127}
Added 38 singletons
added:  {128, 129, 17, 18, 20, 21, 32, 33, 35, 36, 38, 39, 50, 51, 53, 54, 56, 57, 67, 68, 70, 71, 73, 74, 86, 87, 89, 90, 92, 93, 94, 97, 100, 103, 122, 123, 125, 126}
chunks ... [0, 16889, 33778, 50667, 67557]
num codes: 342
num codes with support 0: 0
chunks ... [0, 16889, 33778, 50667, 67557]
database_size: 5731570.425643008
codetable_size: 11465.878472431292
complete: 5743036.30411544
Partition ratio: 0.46610452176728073
current singletons: {1, 2, 3, 5, 6, 7, 8, 9, 10, 11, 12, 13, 14, 15, 16, 19, 22, 23, 24, 25, 26, 27, 28, 31, 34, 37, 40, 41, 42, 43, 44, 45, 46, 47, 48, 49, 50, 51, 52, 55, 58, 59, 60, 61, 62, 63, 65, 66, 69, 72, 75, 76, 77, 78, 79, 80, 81, 82, 85, 88, 91, 94, 95, 96, 97, 98, 99, 100, 103, 106, 109, 112, 113, 114, 115, 116, 117, 118, 121, 124, 127}
Added 48 singletons
added:  {128, 129, 4, 17, 18, 20, 21, 29, 30, 32, 33, 35, 36, 38, 39, 53, 54, 56, 57, 64, 67, 68, 70, 71, 73, 74, 83, 84, 86, 87, 89, 90, 92, 93, 101, 102, 104, 105, 107, 108, 110, 111, 119, 120, 122, 123, 125, 126}
chunks ... [0, 16889, 33778, 50667, 67557]
num codes: 412
num codes with support 0: 0
chunks ... [0, 16889, 33778, 50667, 67557]
database_size: 7399589.043366662
codetable_size: 14663.849250832543
complete: 7414252.892617495
Partition ratio: 0.6017403714301316
current singletons: {1, 2, 3, 4, 5, 6, 7, 8, 9, 10, 13, 16, 19, 22, 23, 24, 25, 26, 27, 28, 31, 34, 37, 40, 41, 43, 44, 45, 46, 47, 48, 49, 50, 51, 52, 55, 58, 59, 61, 62, 63, 64, 65, 66, 67, 68, 69, 70, 71, 72, 75, 76, 77, 78, 79, 80, 81, 82, 85, 88, 91, 94, 95, 96, 97, 98, 99, 100, 103, 106, 109, 112, 113, 114, 115, 116, 117, 118, 121, 124, 127}
Added 48 singletons
added:  {128, 129, 11, 12, 14, 15, 17, 18, 20, 21, 29, 30, 32, 33, 35, 36, 38, 39, 42, 53, 54, 56, 57, 60, 73, 74, 83, 84, 86, 87, 89, 90, 92, 93, 101, 102, 104, 105, 107, 108, 110, 111, 119, 120, 122, 123, 125, 126}
chunks ... [0, 16889, 33778, 50667, 67557]
num codes: 440
num codes with support 0: 0
chunks ... [0, 16889, 33778, 50667, 67557]
database_size: 8152318.273957866
codetable_size: 17534.46082517391
complete: 8169852.73478304
Partition ratio: 0.6630648145348405
current singletons: {1, 2, 3, 4, 5, 6, 7, 8, 9, 10, 11, 12, 13, 16, 19, 23, 24, 26, 27, 29, 30, 31, 32, 33, 34, 35, 36, 37, 38, 39, 40, 41, 42, 43, 44, 45, 46, 47, 48, 49, 52, 55, 58, 59, 60, 61, 62, 63, 64, 65, 66, 67, 68, 69, 72, 75, 76, 77, 78, 79, 80, 81, 82, 83, 84, 85, 88, 91, 94, 95, 96, 97, 98, 99, 100, 103, 106, 109, 112, 113, 114, 115, 116, 117, 118, 119, 120, 121, 124, 127}
Added 39 singletons
added:  {128, 129, 14, 15, 17, 18, 20, 21, 22, 25, 28, 50, 51, 53, 54, 56, 57, 70, 71, 73, 74, 86, 87, 89, 90, 92, 93, 101, 102, 104, 105, 107, 108, 110, 111, 122, 123, 125, 126}
chunks ... [0, 16889, 33778, 50667, 67557]
num codes: 451
num codes with support 0: 0
chunks ... [0, 16889, 33778, 50667, 67557]
database_size: 6632070.383838824
codetable_size: 18980.65538543137
complete: 6651051.039224256
Partition ratio: 0.5397989494974788
current singletons: {1, 2, 3, 4, 5, 6, 7, 8, 9, 10, 13, 16, 19, 22, 23, 24, 25, 26, 27, 28, 31, 34, 37, 40, 41, 43, 44, 45, 46, 47, 48, 49, 50, 51, 52, 53, 54, 55, 58, 59, 60, 61, 62, 63, 64, 65, 66, 69, 72, 75, 76, 77, 78, 79, 80, 81, 82, 83, 84, 85, 88, 91, 95, 96, 97, 98, 99, 100, 101, 102, 103, 104, 105, 106, 109, 112, 113, 114, 115, 116, 117, 118, 119, 120, 121, 124, 127}
Added 42 singletons
added:  {128, 129, 11, 12, 14, 15, 17, 18, 20, 21, 29, 30, 32, 33, 35, 36, 38, 39, 42, 56, 57, 67, 68, 70, 71, 73, 74, 86, 87, 89, 90, 92, 93, 94, 107, 108, 110, 111, 122, 123, 125, 126}
chunks ... [0, 16889, 33778, 50667, 67557]
num codes: 358
num codes with support 0: 0
chunks ... [0, 16889, 33778, 50667, 67557]
database_size: 7499334.699608023
codetable_size: 12315.911409529197
complete: 7511650.611017552
Partition ratio: 0.6096451650884185
current singletons: {1, 2, 3, 4, 5, 6, 7, 8, 9, 10, 11, 12, 13, 14, 15, 16, 19, 22, 23, 24, 25, 26, 27, 28, 31, 34, 37, 40, 41, 42, 43, 44, 45, 46, 49, 52, 55, 58, 59, 60, 61, 62, 63, 64, 65, 66, 67, 68, 69, 72, 75, 76, 77, 78, 79, 80, 81, 82, 83, 84, 85, 88, 91, 95, 96, 97, 98, 99, 100, 101, 102, 103, 106, 109, 112, 113, 114, 115, 116, 117, 118, 119, 120, 121, 124, 127}
Added 43 singletons
added:  {128, 129, 17, 18, 20, 21, 29, 30, 32, 33, 35, 36, 38, 39, 47, 48, 50, 51, 53, 54, 56, 57, 70, 71, 73, 74, 86, 87, 89, 90, 92, 93, 94, 104, 105, 107, 108, 110, 111, 122, 123, 125, 126}
chunks ... [0, 16889, 33778, 50667, 67557]
num codes: 504
num codes with support 0: 0
chunks ... [0, 16889, 33778, 50667, 67557]
database_size: 6928311.107105335
codetable_size: 19204.093802218973
complete: 6947515.2009075545
Partition ratio: 0.563859965131928
current singletons: {1, 2, 3, 4, 5, 6, 7, 8, 9, 10, 13, 16, 19, 23, 24, 25, 26, 27, 28, 29, 30, 31, 32, 33, 34, 35, 36, 37, 40, 41, 42, 43, 44, 45, 46, 47, 48, 49, 52, 55, 58, 59, 60, 61, 62, 63, 64, 65, 66, 69, 72, 75, 76, 77, 78, 79, 80, 81, 82, 83, 84, 85, 88, 91, 95, 96, 97, 98, 99, 100, 101, 102, 103, 104, 105, 106, 109, 112, 113, 114, 115, 116, 117, 118, 119, 120, 121, 124, 127}
Added 40 singletons
added:  {128, 129, 11, 12, 14, 15, 17, 18, 20, 21, 22, 38, 39, 50, 51, 53, 54, 56, 57, 67, 68, 70, 71, 73, 74, 86, 87, 89, 90, 92, 93, 94, 107, 108, 110, 111, 122, 123, 125, 126}
chunks ... [0, 16889, 33778, 50667, 67557]
num codes: 413
num codes with support 0: 0
chunks ... [0, 16889, 33778, 50667, 67557]
database_size: 7452531.848896441
codetable_size: 13576.791511813695
complete: 7466108.640408255
Partition ratio: 0.6059489811698222
current singletons: {1, 2, 3, 4, 5, 6, 7, 8, 9, 10, 11, 12, 13, 16, 19, 22, 23, 24, 25, 26, 27, 28, 29, 30, 31, 34, 37, 40, 41, 43, 45, 47, 48, 49, 50, 51, 52, 53, 54, 55, 56, 57, 58, 59, 60, 61, 62, 63, 64, 65, 66, 69, 72, 75, 76, 77, 78, 79, 80, 81, 82, 83, 84, 85, 88, 91, 94, 95, 96, 97, 98, 99, 100, 103, 106, 109, 112, 113, 114, 115, 116, 117, 118, 119, 120, 121, 124, 127}
Added 41 singletons
added:  {128, 129, 14, 15, 17, 18, 20, 21, 32, 33, 35, 36, 38, 39, 42, 44, 46, 67, 68, 70, 71, 73, 74, 86, 87, 89, 90, 92, 93, 101, 102, 104, 105, 107, 108, 110, 111, 122, 123, 125, 126}
chunks ... [0, 16889, 33778, 50667, 67557]
num codes: 425
num codes with support 0: 0
chunks ... [0, 16889, 33778, 50667, 67557]
database_size: 7399857.52867464
codetable_size: 17681.99216522082
complete: 7417539.520839861
Partition ratio: 0.6020071140022994
current singletons: {1, 2, 3, 4, 5, 6, 7, 8, 9, 10, 11, 12, 13, 16, 19, 22, 23, 24, 25, 26, 27, 28, 29, 30, 31, 34, 37, 40, 41, 42, 43, 44, 45, 46, 47, 48, 49, 50, 52, 55, 58, 59, 60, 61, 62, 63, 64, 65, 66, 67, 68, 69, 72, 75, 76, 77, 78, 79, 80, 81, 82, 85, 88, 91, 94, 95, 96, 97, 98, 99, 100, 103, 106, 109, 113, 114, 116, 117, 118, 119, 120, 121, 124, 127}
Added 45 singletons
added:  {128, 129, 14, 15, 17, 18, 20, 21, 32, 33, 35, 36, 38, 39, 51, 53, 54, 56, 57, 70, 71, 73, 74, 83, 84, 86, 87, 89, 90, 92, 93, 101, 102, 104, 105, 107, 108, 110, 111, 112, 115, 122, 123, 125, 126}
chunks ... [0, 16889, 33778, 50667, 67557]
num codes: 426
num codes with support 0: 0
chunks ... [0, 16889, 33778, 50667, 67557]
database_size: 6188167.074946775
codetable_size: 15845.156390082477
complete: 6204012.231336857
Partition ratio: 0.503517303565264
current singletons: {1, 2, 3, 4, 5, 6, 7, 8, 9, 10, 13, 16, 19, 22, 23, 24, 25, 26, 27, 28, 29, 30, 31, 32, 33, 34, 37, 40, 41, 42, 43, 44, 45, 46, 47, 48, 49, 50, 51, 52, 55, 58, 59, 60, 61, 62, 63, 65, 66, 69, 72, 75, 76, 77, 78, 79, 80, 81, 82, 85, 88, 91, 94, 95, 96, 97, 98, 99, 100, 103, 106, 109, 112, 113, 114, 115, 116, 117, 118, 121, 124, 127}
Added 47 singletons
added:  {128, 129, 11, 12, 14, 15, 17, 18, 20, 21, 35, 36, 38, 39, 53, 54, 56, 57, 64, 67, 68, 70, 71, 73, 74, 83, 84, 86, 87, 89, 90, 92, 93, 101, 102, 104, 105, 107, 108, 110, 111, 119, 120, 122, 123, 125, 126}
chunks ... [0, 16889, 33778, 50667, 67557]
num codes: 423
num codes with support 0: 0
chunks ... [0, 16889, 33778, 50667, 67557]
database_size: 7024065.342799299
codetable_size: 17442.779931020505
complete: 7041508.12273032
Partition ratio: 0.5714884256806304
merged table size: 493
chunks ... [0, 16889, 33778, 50667, 67557]
chunks ... [0, 16889, 33778, 50667, 67557]
merged table size without non-used codes: 473
database_size: 4687252.548975845
codetable_size: 20534.774192079643
complete: 4707787.323167925
database_size: 12320561.926931633
codetable_size: 786.6889113503379
complete: 12321348.615842983
merged size: 4707787.323167925
sct size: 12321348.615842983
merged ratio: 0.38208376939473804
time elapsed: 120.79739952087402
-- MERGING METHOD informed
processing batch_results/200d-5-10-neg15/batch-4/connect_transaction_k_means_200d_k16_FalseNorm_trans_clust_0_k16...
chunks ... [0, 622, 1244, 1866, 2489]
num codes: 322
num codes with support 0: 0
chunks ... [0, 622, 1244, 1866, 2489]
num codes with usage 0: 76
database_size: 46966.27528209961
codetable_size: 10242.026699890705
complete: 57208.30198199031
database_size: 435723.47198658297
codetable_size: 442.65785085671354
complete: 436166.1298374397
Partition 0 ratio: 0.1311617250136135
processing batch_results/200d-5-10-neg15/batch-4/connect_transaction_k_means_200d_k16_FalseNorm_trans_clust_1_k16...
chunks ... [0, 1280, 2560, 3840, 5120]
num codes: 385
num codes with support 0: 0
chunks ... [0, 1280, 2560, 3840, 5120]
num codes with usage 0: 80
database_size: 99160.47776424573
codetable_size: 12918.10505764464
complete: 112078.58282189038
database_size: 900824.8059593344
codetable_size: 407.42254314593725
complete: 901232.2285024803
Partition 1 ratio: 0.1243614900547045
processing batch_results/200d-5-10-neg15/batch-4/connect_transaction_k_means_200d_k16_FalseNorm_trans_clust_2_k16...
chunks ... [0, 813, 1626, 2439, 3254]
num codes: 331
num codes with support 0: 0
chunks ... [0, 813, 1626, 2439, 3254]
num codes with usage 0: 79
database_size: 64579.53489101375
codetable_size: 10672.753568712718
complete: 75252.28845972646
database_size: 571699.3857770911
codetable_size: 529.4312447682402
complete: 572228.8170218593
Partition 2 ratio: 0.13150733801099673
processing batch_results/200d-5-10-neg15/batch-4/connect_transaction_k_means_200d_k16_FalseNorm_trans_clust_3_k16...
chunks ... [0, 1038, 2076, 3114, 4155]
num codes: 393
num codes with support 0: 0
chunks ... [0, 1038, 2076, 3114, 4155]
num codes with usage 0: 71
database_size: 81869.45566278863
codetable_size: 13637.208212447482
complete: 95506.66387523612
database_size: 730437.4120925496
codetable_size: 493.6345160924649
complete: 730931.0466086421
Partition 3 ratio: 0.13066439620859704
processing batch_results/200d-5-10-neg15/batch-4/connect_transaction_k_means_200d_k16_FalseNorm_trans_clust_4_k16...
chunks ... [0, 1188, 2376, 3564, 4755]
num codes: 463
num codes with support 0: 0
chunks ... [0, 1188, 2376, 3564, 4755]
num codes with usage 0: 92
database_size: 92800.93792702825
codetable_size: 18009.884133037132
complete: 110810.82206006539
database_size: 841605.2668174114
codetable_size: 554.1592921127916
complete: 842159.4261095242
Partition 4 ratio: 0.13157938820678147
processing batch_results/200d-5-10-neg15/batch-4/connect_transaction_k_means_200d_k16_FalseNorm_trans_clust_5_k16...
chunks ... [0, 1069, 2138, 3207, 4276]
num codes: 423
num codes with support 0: 0
chunks ... [0, 1069, 2138, 3207, 4276]
num codes with usage 0: 74
database_size: 86529.242861357
codetable_size: 14361.674043487166
complete: 100890.91690484415
database_size: 752080.9342163416
codetable_size: 471.70505297038113
complete: 752552.6392693119
Partition 5 ratio: 0.13406492999985198
processing batch_results/200d-5-10-neg15/batch-4/connect_transaction_k_means_200d_k16_FalseNorm_trans_clust_6_k16...
chunks ... [0, 649, 1298, 1947, 2597]
num codes: 304
num codes with support 0: 0
chunks ... [0, 649, 1298, 1947, 2597]
num codes with usage 0: 71
database_size: 51860.61355365829
codetable_size: 9759.588918457064
complete: 61620.20247211535
database_size: 455299.7620476617
codetable_size: 493.6257970288703
complete: 455793.3878446906
Partition 6 ratio: 0.13519327861138727
processing batch_results/200d-5-10-neg15/batch-4/connect_transaction_k_means_200d_k16_FalseNorm_trans_clust_7_k16...
chunks ... [0, 1064, 2128, 3192, 4257]
num codes: 364
num codes with support 0: 0
chunks ... [0, 1064, 2128, 3192, 4257]
num codes with usage 0: 82
database_size: 88006.13399603448
codetable_size: 12501.787998335974
complete: 100507.92199437045
database_size: 747527.4787578194
codetable_size: 406.9568742992945
complete: 747934.4356321187
Partition 7 ratio: 0.13438065852580502
processing batch_results/200d-5-10-neg15/batch-4/connect_transaction_k_means_200d_k16_FalseNorm_trans_clust_8_k16...
chunks ... [0, 935, 1870, 2805, 3741]
num codes: 392
num codes with support 0: 0
chunks ... [0, 935, 1870, 2805, 3741]
num codes with usage 0: 66
database_size: 72222.44429808694
codetable_size: 15030.747730705292
complete: 87253.19202879223
database_size: 656974.485233423
codetable_size: 401.35854369225694
complete: 657375.8437771152
Partition 8 ratio: 0.1327295379876715
processing batch_results/200d-5-10-neg15/batch-4/connect_transaction_k_means_200d_k16_FalseNorm_trans_clust_9_k16...
chunks ... [0, 1513, 3026, 4539, 6052]
num codes: 412
num codes with support 0: 0
chunks ... [0, 1513, 3026, 4539, 6052]
num codes with usage 0: 79
database_size: 120907.23215089305
codetable_size: 16396.90021894395
complete: 137304.132369837
database_size: 1066244.80348133
codetable_size: 483.02140966042595
complete: 1066727.8248909903
Partition 9 ratio: 0.12871524410068538
processing batch_results/200d-5-10-neg15/batch-4/connect_transaction_k_means_200d_k16_FalseNorm_trans_clust_10_k16...
chunks ... [0, 760, 1520, 2280, 3043]
num codes: 316
num codes with support 0: 0
chunks ... [0, 760, 1520, 2280, 3043]
num codes with usage 0: 82
database_size: 58629.08904872603
codetable_size: 10058.342356525654
complete: 68687.43140525169
database_size: 533375.6956585561
codetable_size: 462.021692729257
complete: 533837.7173512853
Partition 10 ratio: 0.12866725068819515
processing batch_results/200d-5-10-neg15/batch-4/connect_transaction_k_means_200d_k16_FalseNorm_trans_clust_11_k16...
chunks ... [0, 1190, 2380, 3570, 4763]
num codes: 461
num codes with support 0: 0
chunks ... [0, 1190, 2380, 3570, 4763]
num codes with usage 0: 74
database_size: 93464.30208887346
codetable_size: 16838.06230435046
complete: 110302.36439322392
database_size: 840734.7124565409
codetable_size: 441.1396454911776
complete: 841175.852102032
Partition 11 ratio: 0.1311287813571764
processing batch_results/200d-5-10-neg15/batch-4/connect_transaction_k_means_200d_k16_FalseNorm_trans_clust_12_k16...
chunks ... [0, 861, 1722, 2583, 3445]
num codes: 373
num codes with support 0: 0
chunks ... [0, 861, 1722, 2583, 3445]
num codes with usage 0: 80
database_size: 68326.58561421714
codetable_size: 11479.016994178999
complete: 79805.60260839613
database_size: 604093.0791109762
codetable_size: 478.4757884477413
complete: 604571.554899424
Partition 12 ratio: 0.13200356841411853
processing batch_results/200d-5-10-neg15/batch-4/connect_transaction_k_means_200d_k16_FalseNorm_trans_clust_13_k16...
chunks ... [0, 1269, 2538, 3807, 5078]
num codes: 384
num codes with support 0: 0
chunks ... [0, 1269, 2538, 3807, 5078]
num codes with usage 0: 82
database_size: 91770.26556985533
codetable_size: 15165.678152775583
complete: 106935.94372263091
database_size: 892680.4223892868
codetable_size: 465.9134010861329
complete: 893146.3357903729
Partition 13 ratio: 0.11972947706044158
processing batch_results/200d-5-10-neg15/batch-4/connect_transaction_k_means_200d_k16_FalseNorm_trans_clust_14_k16...
chunks ... [0, 1428, 2856, 4284, 5715]
num codes: 381
num codes with support 0: 0
chunks ... [0, 1428, 2856, 4284, 5715]
num codes with usage 0: 79
database_size: 113315.6479695887
codetable_size: 14044.332547840922
complete: 127359.98051742962
database_size: 1008022.6039165156
codetable_size: 428.49946315257074
complete: 1008451.1033796682
Partition 14 ratio: 0.12629266812302778
processing batch_results/200d-5-10-neg15/batch-4/connect_transaction_k_means_200d_k16_FalseNorm_trans_clust_15_k16...
chunks ... [0, 1204, 2408, 3612, 4817]
num codes: 376
num codes with support 0: 0
chunks ... [0, 1204, 2408, 3612, 4817]
num codes with usage 0: 76
database_size: 86266.77529601025
codetable_size: 15259.819471085175
complete: 101526.59476709543
database_size: 846950.450774475
codetable_size: 417.448768707908
complete: 847367.8995431829
Partition 15 ratio: 0.11981406756360319
number of codetables: 16
size: 322
size: 385
size: 331
size: 393
size: 463
size: 423
size: 304
size: 364
size: 392
size: 412
size: 316
size: 461
size: 373
size: 384
size: 381
size: 376
database_size: 12320561.926931633
codetable_size: 786.6889113503379
complete: 12321348.615842983
database_size: 12320561.926931633
codetable_size: 786.6889113503379
complete: 12321348.615842983
current singletons: {1, 2, 3, 5, 6, 7, 8, 9, 10, 11, 12, 13, 14, 15, 16, 19, 22, 23, 24, 25, 26, 27, 28, 31, 34, 37, 40, 41, 42, 43, 44, 45, 46, 49, 52, 55, 58, 59, 61, 62, 64, 65, 66, 67, 68, 69, 70, 71, 72, 73, 74, 75, 76, 77, 78, 79, 80, 81, 82, 83, 85, 88, 91, 94, 95, 96, 97, 98, 99, 100, 103, 106, 109, 112, 113, 114, 115, 116, 117, 118, 119, 120, 121, 124, 127}
Added 44 singletons
added:  {128, 129, 4, 17, 18, 20, 21, 29, 30, 32, 33, 35, 36, 38, 39, 47, 48, 50, 51, 53, 54, 56, 57, 60, 63, 84, 86, 87, 89, 90, 92, 93, 101, 102, 104, 105, 107, 108, 110, 111, 122, 123, 125, 126}
chunks ... [0, 16889, 33778, 50667, 67557]
num codes: 366
num codes with support 0: 0
chunks ... [0, 16889, 33778, 50667, 67557]
database_size: 8196544.596290069
codetable_size: 12853.103585398569
complete: 8209397.699875467
Partition ratio: 0.6662742818038356
current singletons: {1, 2, 3, 5, 6, 7, 8, 9, 10, 11, 12, 13, 14, 15, 16, 19, 22, 23, 24, 25, 26, 27, 28, 29, 30, 31, 32, 33, 34, 37, 40, 41, 42, 43, 44, 45, 46, 49, 52, 55, 58, 59, 60, 61, 62, 63, 66, 69, 72, 75, 76, 77, 78, 79, 80, 81, 82, 85, 88, 91, 94, 95, 96, 97, 98, 99, 100, 103, 106, 109, 112, 113, 114, 115, 116, 117, 118, 119, 120, 121, 124, 127}
Added 47 singletons
added:  {128, 129, 4, 17, 18, 20, 21, 35, 36, 38, 39, 47, 48, 50, 51, 53, 54, 56, 57, 64, 65, 67, 68, 70, 71, 73, 74, 83, 84, 86, 87, 89, 90, 92, 93, 101, 102, 104, 105, 107, 108, 110, 111, 122, 123, 125, 126}
chunks ... [0, 16889, 33778, 50667, 67557]
num codes: 432
num codes with support 0: 0
chunks ... [0, 16889, 33778, 50667, 67557]
database_size: 7449918.535701627
codetable_size: 15098.085334010457
complete: 7465016.621035637
Partition ratio: 0.6058603529354735
current singletons: {1, 2, 3, 4, 5, 6, 7, 8, 9, 10, 11, 12, 13, 14, 15, 16, 19, 22, 23, 24, 25, 26, 27, 28, 29, 30, 31, 32, 33, 34, 37, 40, 41, 42, 43, 44, 45, 46, 47, 48, 49, 50, 51, 52, 55, 58, 59, 60, 61, 62, 63, 64, 65, 66, 69, 72, 75, 76, 77, 78, 79, 80, 81, 82, 83, 84, 85, 88, 91, 94, 95, 96, 97, 98, 99, 100, 101, 102, 103, 106, 109, 113, 114, 116, 117, 119, 120, 122, 123, 124, 125, 126, 127, 128, 129}
Added 34 singletons
added:  {17, 18, 20, 21, 35, 36, 38, 39, 53, 54, 56, 57, 67, 68, 70, 71, 73, 74, 86, 87, 89, 90, 92, 93, 104, 105, 107, 108, 110, 111, 112, 115, 118, 121}
chunks ... [0, 16889, 33778, 50667, 67557]
num codes: 365
num codes with support 0: 0
chunks ... [0, 16889, 33778, 50667, 67557]
database_size: 6240566.348876214
codetable_size: 12692.266226222067
complete: 6253258.615102435
Partition ratio: 0.5075141374591007
current singletons: {1, 2, 3, 5, 6, 8, 9, 11, 12, 13, 14, 15, 16, 17, 18, 19, 20, 21, 22, 23, 24, 25, 26, 27, 28, 29, 30, 31, 34, 37, 40, 41, 42, 43, 44, 45, 46, 47, 48, 49, 52, 55, 58, 59, 60, 61, 62, 63, 64, 65, 66, 69, 72, 75, 76, 77, 78, 79, 80, 81, 82, 83, 84, 85, 88, 91, 94, 95, 96, 97, 98, 99, 100, 101, 102, 103, 106, 109, 112, 113, 114, 115, 116, 117, 118, 119, 120, 121, 122, 124, 127}
Added 38 singletons
added:  {128, 129, 4, 7, 10, 32, 33, 35, 36, 38, 39, 50, 51, 53, 54, 56, 57, 67, 68, 70, 71, 73, 74, 86, 87, 89, 90, 92, 93, 104, 105, 107, 108, 110, 111, 123, 125, 126}
chunks ... [0, 16889, 33778, 50667, 67557]
num codes: 431
num codes with support 0: 0
chunks ... [0, 16889, 33778, 50667, 67557]
database_size: 6138446.04294567
codetable_size: 16094.941227965914
complete: 6154540.984173636
Partition ratio: 0.499502219770004
current singletons: {1, 2, 3, 4, 5, 6, 7, 8, 9, 10, 11, 12, 13, 14, 15, 16, 19, 22, 23, 24, 25, 26, 27, 28, 29, 30, 31, 32, 33, 34, 37, 40, 41, 42, 43, 44, 45, 46, 47, 48, 49, 50, 51, 52, 55, 58, 59, 60, 61, 62, 63, 64, 65, 66, 67, 68, 69, 72, 75, 77, 78, 80, 81, 82, 83, 84, 85, 86, 87, 88, 89, 90, 91, 92, 93, 94, 95, 96, 97, 98, 99, 100, 101, 102, 103, 106, 109, 112, 113, 114, 115, 116, 117, 118, 119, 120, 121, 124, 127}
Added 30 singletons
added:  {128, 129, 17, 18, 20, 21, 35, 36, 38, 39, 53, 54, 56, 57, 70, 71, 73, 74, 76, 79, 104, 105, 107, 108, 110, 111, 122, 123, 125, 126}
chunks ... [0, 16889, 33778, 50667, 67557]
num codes: 493
num codes with support 0: 0
chunks ... [0, 16889, 33778, 50667, 67557]
database_size: 4687252.548975845
codetable_size: 20534.774192079643
complete: 4707787.323167925
Partition ratio: 0.38208376939473804
current singletons: {1, 2, 3, 4, 5, 6, 7, 8, 9, 10, 13, 16, 19, 22, 23, 24, 25, 26, 27, 28, 29, 30, 31, 32, 33, 34, 37, 40, 41, 42, 43, 44, 45, 46, 49, 52, 55, 58, 59, 61, 62, 64, 65, 67, 68, 69, 70, 71, 72, 73, 74, 75, 76, 77, 78, 79, 80, 81, 82, 83, 84, 85, 88, 91, 94, 95, 96, 97, 98, 99, 100, 101, 102, 103, 106, 109, 112, 113, 114, 115, 116, 117, 118, 119, 120, 121, 124, 127}
Added 41 singletons
added:  {128, 129, 11, 12, 14, 15, 17, 18, 20, 21, 35, 36, 38, 39, 47, 48, 50, 51, 53, 54, 56, 57, 60, 63, 66, 86, 87, 89, 90, 92, 93, 104, 105, 107, 108, 110, 111, 122, 123, 125, 126}
chunks ... [0, 16889, 33778, 50667, 67557]
num codes: 464
num codes with support 0: 0
chunks ... [0, 16889, 33778, 50667, 67557]
database_size: 6967041.026868413
codetable_size: 17300.31809512382
complete: 6984341.344963537
Partition ratio: 0.5668487730298419
current singletons: {1, 2, 3, 4, 5, 6, 7, 8, 9, 10, 11, 12, 13, 14, 15, 16, 19, 22, 23, 24, 25, 26, 27, 28, 29, 30, 31, 34, 37, 40, 41, 42, 43, 44, 45, 46, 47, 48, 49, 52, 55, 58, 59, 60, 61, 62, 63, 64, 65, 66, 69, 72, 75, 76, 77, 78, 79, 80, 81, 82, 83, 84, 85, 88, 91, 95, 96, 98, 99, 101, 102, 104, 105, 106, 107, 108, 109, 110, 111, 112, 113, 114, 115, 116, 117, 118, 119, 120, 121, 124, 127}
Added 38 singletons
added:  {128, 129, 17, 18, 20, 21, 32, 33, 35, 36, 38, 39, 50, 51, 53, 54, 56, 57, 67, 68, 70, 71, 73, 74, 86, 87, 89, 90, 92, 93, 94, 97, 100, 103, 122, 123, 125, 126}
chunks ... [0, 16889, 33778, 50667, 67557]
num codes: 342
num codes with support 0: 0
chunks ... [0, 16889, 33778, 50667, 67557]
database_size: 5731570.425643008
codetable_size: 11465.878472431292
complete: 5743036.30411544
Partition ratio: 0.46610452176728073
current singletons: {1, 2, 3, 5, 6, 7, 8, 9, 10, 11, 12, 13, 14, 15, 16, 19, 22, 23, 24, 25, 26, 27, 28, 31, 34, 37, 40, 41, 42, 43, 44, 45, 46, 47, 48, 49, 50, 51, 52, 55, 58, 59, 60, 61, 62, 63, 65, 66, 69, 72, 75, 76, 77, 78, 79, 80, 81, 82, 85, 88, 91, 94, 95, 96, 97, 98, 99, 100, 103, 106, 109, 112, 113, 114, 115, 116, 117, 118, 121, 124, 127}
Added 48 singletons
added:  {128, 129, 4, 17, 18, 20, 21, 29, 30, 32, 33, 35, 36, 38, 39, 53, 54, 56, 57, 64, 67, 68, 70, 71, 73, 74, 83, 84, 86, 87, 89, 90, 92, 93, 101, 102, 104, 105, 107, 108, 110, 111, 119, 120, 122, 123, 125, 126}
chunks ... [0, 16889, 33778, 50667, 67557]
num codes: 412
num codes with support 0: 0
chunks ... [0, 16889, 33778, 50667, 67557]
database_size: 7399589.043366662
codetable_size: 14663.849250832543
complete: 7414252.892617495
Partition ratio: 0.6017403714301316
current singletons: {1, 2, 3, 4, 5, 6, 7, 8, 9, 10, 13, 16, 19, 22, 23, 24, 25, 26, 27, 28, 31, 34, 37, 40, 41, 43, 44, 45, 46, 47, 48, 49, 50, 51, 52, 55, 58, 59, 61, 62, 63, 64, 65, 66, 67, 68, 69, 70, 71, 72, 75, 76, 77, 78, 79, 80, 81, 82, 85, 88, 91, 94, 95, 96, 97, 98, 99, 100, 103, 106, 109, 112, 113, 114, 115, 116, 117, 118, 121, 124, 127}
Added 48 singletons
added:  {128, 129, 11, 12, 14, 15, 17, 18, 20, 21, 29, 30, 32, 33, 35, 36, 38, 39, 42, 53, 54, 56, 57, 60, 73, 74, 83, 84, 86, 87, 89, 90, 92, 93, 101, 102, 104, 105, 107, 108, 110, 111, 119, 120, 122, 123, 125, 126}
chunks ... [0, 16889, 33778, 50667, 67557]
num codes: 440
num codes with support 0: 0
chunks ... [0, 16889, 33778, 50667, 67557]
database_size: 8152318.273957866
codetable_size: 17534.46082517391
complete: 8169852.73478304
Partition ratio: 0.6630648145348405
current singletons: {1, 2, 3, 4, 5, 6, 7, 8, 9, 10, 11, 12, 13, 16, 19, 23, 24, 26, 27, 29, 30, 31, 32, 33, 34, 35, 36, 37, 38, 39, 40, 41, 42, 43, 44, 45, 46, 47, 48, 49, 52, 55, 58, 59, 60, 61, 62, 63, 64, 65, 66, 67, 68, 69, 72, 75, 76, 77, 78, 79, 80, 81, 82, 83, 84, 85, 88, 91, 94, 95, 96, 97, 98, 99, 100, 103, 106, 109, 112, 113, 114, 115, 116, 117, 118, 119, 120, 121, 124, 127}
Added 39 singletons
added:  {128, 129, 14, 15, 17, 18, 20, 21, 22, 25, 28, 50, 51, 53, 54, 56, 57, 70, 71, 73, 74, 86, 87, 89, 90, 92, 93, 101, 102, 104, 105, 107, 108, 110, 111, 122, 123, 125, 126}
chunks ... [0, 16889, 33778, 50667, 67557]
num codes: 451
num codes with support 0: 0
chunks ... [0, 16889, 33778, 50667, 67557]
database_size: 6632070.383838824
codetable_size: 18980.65538543137
complete: 6651051.039224256
Partition ratio: 0.5397989494974788
current singletons: {1, 2, 3, 4, 5, 6, 7, 8, 9, 10, 13, 16, 19, 22, 23, 24, 25, 26, 27, 28, 31, 34, 37, 40, 41, 43, 44, 45, 46, 47, 48, 49, 50, 51, 52, 53, 54, 55, 58, 59, 60, 61, 62, 63, 64, 65, 66, 69, 72, 75, 76, 77, 78, 79, 80, 81, 82, 83, 84, 85, 88, 91, 95, 96, 97, 98, 99, 100, 101, 102, 103, 104, 105, 106, 109, 112, 113, 114, 115, 116, 117, 118, 119, 120, 121, 124, 127}
Added 42 singletons
added:  {128, 129, 11, 12, 14, 15, 17, 18, 20, 21, 29, 30, 32, 33, 35, 36, 38, 39, 42, 56, 57, 67, 68, 70, 71, 73, 74, 86, 87, 89, 90, 92, 93, 94, 107, 108, 110, 111, 122, 123, 125, 126}
chunks ... [0, 16889, 33778, 50667, 67557]
num codes: 358
num codes with support 0: 0
chunks ... [0, 16889, 33778, 50667, 67557]
database_size: 7499334.699608023
codetable_size: 12315.911409529197
complete: 7511650.611017552
Partition ratio: 0.6096451650884185
current singletons: {1, 2, 3, 4, 5, 6, 7, 8, 9, 10, 11, 12, 13, 14, 15, 16, 19, 22, 23, 24, 25, 26, 27, 28, 31, 34, 37, 40, 41, 42, 43, 44, 45, 46, 49, 52, 55, 58, 59, 60, 61, 62, 63, 64, 65, 66, 67, 68, 69, 72, 75, 76, 77, 78, 79, 80, 81, 82, 83, 84, 85, 88, 91, 95, 96, 97, 98, 99, 100, 101, 102, 103, 106, 109, 112, 113, 114, 115, 116, 117, 118, 119, 120, 121, 124, 127}
Added 43 singletons
added:  {128, 129, 17, 18, 20, 21, 29, 30, 32, 33, 35, 36, 38, 39, 47, 48, 50, 51, 53, 54, 56, 57, 70, 71, 73, 74, 86, 87, 89, 90, 92, 93, 94, 104, 105, 107, 108, 110, 111, 122, 123, 125, 126}
chunks ... [0, 16889, 33778, 50667, 67557]
num codes: 504
num codes with support 0: 0
chunks ... [0, 16889, 33778, 50667, 67557]
database_size: 6928311.107105335
codetable_size: 19204.093802218973
complete: 6947515.2009075545
Partition ratio: 0.563859965131928
current singletons: {1, 2, 3, 4, 5, 6, 7, 8, 9, 10, 13, 16, 19, 23, 24, 25, 26, 27, 28, 29, 30, 31, 32, 33, 34, 35, 36, 37, 40, 41, 42, 43, 44, 45, 46, 47, 48, 49, 52, 55, 58, 59, 60, 61, 62, 63, 64, 65, 66, 69, 72, 75, 76, 77, 78, 79, 80, 81, 82, 83, 84, 85, 88, 91, 95, 96, 97, 98, 99, 100, 101, 102, 103, 104, 105, 106, 109, 112, 113, 114, 115, 116, 117, 118, 119, 120, 121, 124, 127}
Added 40 singletons
added:  {128, 129, 11, 12, 14, 15, 17, 18, 20, 21, 22, 38, 39, 50, 51, 53, 54, 56, 57, 67, 68, 70, 71, 73, 74, 86, 87, 89, 90, 92, 93, 94, 107, 108, 110, 111, 122, 123, 125, 126}
chunks ... [0, 16889, 33778, 50667, 67557]
num codes: 413
num codes with support 0: 0
chunks ... [0, 16889, 33778, 50667, 67557]
database_size: 7452531.848896441
codetable_size: 13576.791511813695
complete: 7466108.640408255
Partition ratio: 0.6059489811698222
current singletons: {1, 2, 3, 4, 5, 6, 7, 8, 9, 10, 11, 12, 13, 16, 19, 22, 23, 24, 25, 26, 27, 28, 29, 30, 31, 34, 37, 40, 41, 43, 45, 47, 48, 49, 50, 51, 52, 53, 54, 55, 56, 57, 58, 59, 60, 61, 62, 63, 64, 65, 66, 69, 72, 75, 76, 77, 78, 79, 80, 81, 82, 83, 84, 85, 88, 91, 94, 95, 96, 97, 98, 99, 100, 103, 106, 109, 112, 113, 114, 115, 116, 117, 118, 119, 120, 121, 124, 127}
Added 41 singletons
added:  {128, 129, 14, 15, 17, 18, 20, 21, 32, 33, 35, 36, 38, 39, 42, 44, 46, 67, 68, 70, 71, 73, 74, 86, 87, 89, 90, 92, 93, 101, 102, 104, 105, 107, 108, 110, 111, 122, 123, 125, 126}
chunks ... [0, 16889, 33778, 50667, 67557]
num codes: 425
num codes with support 0: 0
chunks ... [0, 16889, 33778, 50667, 67557]
database_size: 7399857.52867464
codetable_size: 17681.99216522082
complete: 7417539.520839861
Partition ratio: 0.6020071140022994
current singletons: {1, 2, 3, 4, 5, 6, 7, 8, 9, 10, 11, 12, 13, 16, 19, 22, 23, 24, 25, 26, 27, 28, 29, 30, 31, 34, 37, 40, 41, 42, 43, 44, 45, 46, 47, 48, 49, 50, 52, 55, 58, 59, 60, 61, 62, 63, 64, 65, 66, 67, 68, 69, 72, 75, 76, 77, 78, 79, 80, 81, 82, 85, 88, 91, 94, 95, 96, 97, 98, 99, 100, 103, 106, 109, 113, 114, 116, 117, 118, 119, 120, 121, 124, 127}
Added 45 singletons
added:  {128, 129, 14, 15, 17, 18, 20, 21, 32, 33, 35, 36, 38, 39, 51, 53, 54, 56, 57, 70, 71, 73, 74, 83, 84, 86, 87, 89, 90, 92, 93, 101, 102, 104, 105, 107, 108, 110, 111, 112, 115, 122, 123, 125, 126}
chunks ... [0, 16889, 33778, 50667, 67557]
num codes: 426
num codes with support 0: 0
chunks ... [0, 16889, 33778, 50667, 67557]
database_size: 6188167.074946775
codetable_size: 15845.156390082477
complete: 6204012.231336857
Partition ratio: 0.503517303565264
current singletons: {1, 2, 3, 4, 5, 6, 7, 8, 9, 10, 13, 16, 19, 22, 23, 24, 25, 26, 27, 28, 29, 30, 31, 32, 33, 34, 37, 40, 41, 42, 43, 44, 45, 46, 47, 48, 49, 50, 51, 52, 55, 58, 59, 60, 61, 62, 63, 65, 66, 69, 72, 75, 76, 77, 78, 79, 80, 81, 82, 85, 88, 91, 94, 95, 96, 97, 98, 99, 100, 103, 106, 109, 112, 113, 114, 115, 116, 117, 118, 121, 124, 127}
Added 47 singletons
added:  {128, 129, 11, 12, 14, 15, 17, 18, 20, 21, 35, 36, 38, 39, 53, 54, 56, 57, 64, 67, 68, 70, 71, 73, 74, 83, 84, 86, 87, 89, 90, 92, 93, 101, 102, 104, 105, 107, 108, 110, 111, 119, 120, 122, 123, 125, 126}
chunks ... [0, 16889, 33778, 50667, 67557]
num codes: 423
num codes with support 0: 0
chunks ... [0, 16889, 33778, 50667, 67557]
database_size: 7024065.342799299
codetable_size: 17442.779931020505
complete: 7041508.12273032
Partition ratio: 0.5714884256806304
initial ratio: 0.38208376939473804
merged: {4}
merged: {4}
to_process: {0, 1, 2, 3, 5, 6, 7, 8, 9, 10, 11, 12, 13, 14, 15}
[(0, 0.28023027920406046), (1, 0.4114737674584898), (2, 0.2694676284395132), (3, 0.3162519020063182), (5, 0.36696513357861194), (6, 0.2009443012104246), (7, 0.40833518053306167), (8, 0.4018639116732873), (9, 0.3180257944681456), (10, 0.3124772818140068), (11, 0.400665065564277), (12, 0.3398236818632679), (13, 0.41161205585807903), (14, 0.33043907701370656), (15, 0.41853796433437324)]
next_candidate: 6
chunks ... [0, 16889, 33778, 50667, 67557]
chunks ... [0, 16889, 33778, 50667, 67557]
database_size: 4403511.640645662
codetable_size: 30961.086036427787
complete: 4434472.72668209
current_ratio: 0.38208376939473804 --- candidate_ratio:0.3599015712436036
!!!!! ********* merge accepted ... 
merged: {4, 6}
to_process: {0, 1, 2, 3, 5, 7, 8, 9, 10, 11, 12, 13, 14, 15}
[(0, 0.20802334350186336), (1, 0.35978827249994055), (2, 0.1989237070562563), (3, 0.241970012902274), (5, 0.28087868133510446), (7, 0.3139603510348967), (8, 0.3014778421502797), (9, 0.34215712950016225), (10, 0.24122503882850835), (11, 0.3342023847853779), (12, 0.2660966583211141), (13, 0.3505292458647492), (14, 0.32670829087955117), (15, 0.3346168985200503)]
next_candidate: 2
chunks ... [0, 16889, 33778, 50667, 67557]
chunks ... [0, 16889, 33778, 50667, 67557]
database_size: 3996673.832644089
codetable_size: 42248.43041077861
complete: 4038922.2630548677
current_ratio: 0.3599015712436036 --- candidate_ratio:0.3277987166000285
!!!!! ********* merge accepted ... 
merged: {2, 4, 6}
to_process: {0, 1, 3, 5, 7, 8, 9, 10, 11, 12, 13, 14, 15}
[(0, 0.14694344739207624), (1, 0.27549510133706895), (3, 0.17694242735386836), (5, 0.2080705136424958), (7, 0.22911965325155875), (8, 0.22042919184451576), (9, 0.27658285180176334), (10, 0.17061912426945006), (11, 0.24786211494065774), (12, 0.19139516486129185), (13, 0.26147535429459917), (14, 0.2672569917270574), (15, 0.24730521403470004)]
next_candidate: 0
chunks ... [0, 16889, 33778, 50667, 67557]
chunks ... [0, 16889, 33778, 50667, 67557]
database_size: 3849127.946890488
codetable_size: 53577.053264369315
complete: 3902705.000154857
current_ratio: 0.3277987166000285 --- candidate_ratio:0.31674333076954725
!!!!! ********* merge accepted ... 
merged: {0, 2, 4, 6}
to_process: {1, 3, 5, 7, 8, 9, 10, 11, 12, 13, 14, 15}
[(1, 0.23025026957016903), (3, 0.14799516147051606), (5, 0.17716252845315641), (7, 0.19141409167841641), (8, 0.18565270838443765), (9, 0.22642815417499812), (10, 0.13853018643076295), (11, 0.2031362158094323), (12, 0.15561243207647646), (13, 0.21335447397131208), (14, 0.21726095988839225), (15, 0.20170463174203163)]
next_candidate: 10
chunks ... [0, 16889, 33778, 50667, 67557]
chunks ... [0, 16889, 33778, 50667, 67557]
database_size: 3563620.054073232
codetable_size: 64313.83077199286
complete: 3627933.884845225
current_ratio: 0.31674333076954725 --- candidate_ratio:0.29444292162794344
!!!!! ********* merge accepted ... 
merged: {0, 2, 4, 6, 10}
to_process: {1, 3, 5, 7, 8, 9, 11, 12, 13, 14, 15}
[(1, 0.18761279736403996), (3, 0.1204512941769874), (5, 0.14438254559015265), (7, 0.15721561953611984), (8, 0.15370711805520126), (9, 0.18499245258124736), (11, 0.16641870206490103), (12, 0.1268563013739895), (13, 0.17925505368469966), (14, 0.1769334633932077), (15, 0.16712215585212953)]
next_candidate: 3
chunks ... [0, 16889, 33778, 50667, 67557]
chunks ... [0, 16889, 33778, 50667, 67557]
database_size: 3284587.589891578
codetable_size: 78848.3858356229
complete: 3363435.975727201
current_ratio: 0.29444292162794344 --- candidate_ratio:0.27297628535584506
!!!!! ********* merge accepted ... 
merged: {0, 2, 3, 4, 6, 10}
to_process: {1, 5, 7, 8, 9, 11, 12, 13, 14, 15}
[(1, 0.15092940115667178), (5, 0.11518266564444392), (7, 0.12623115168669344), (8, 0.12223552314467247), (9, 0.14803830887938701), (11, 0.13234440516056636), (12, 0.10117403894978294), (13, 0.14295149236487348), (14, 0.1413843534393017), (15, 0.13325130891710535)]
next_candidate: 12
chunks ... [0, 16889, 33778, 50667, 67557]
chunks ... [0, 16889, 33778, 50667, 67557]
database_size: 3106532.132548438
codetable_size: 91018.3004689345
complete: 3197550.4330173726
current_ratio: 0.27297628535584506 --- candidate_ratio:0.2595130235099356
!!!!! ********* merge accepted ... 
merged: {0, 2, 3, 4, 6, 10, 12}
to_process: {1, 5, 7, 8, 9, 11, 13, 14, 15}
[(1, 0.1306767632921739), (5, 0.09865596971065921), (7, 0.10791173482088087), (8, 0.10449597570034705), (9, 0.13033818608886447), (11, 0.11313779652554441), (13, 0.12241445848346463), (14, 0.12093710516291317), (15, 0.11596847866305487)]
next_candidate: 5
chunks ... [0, 16889, 33778, 50667, 67557]
chunks ... [0, 16889, 33778, 50667, 67557]
database_size: 3013963.7263253108
codetable_size: 106593.67799709251
complete: 3120557.4043224035
current_ratio: 0.2595130235099356 --- candidate_ratio:0.25326427338562124
!!!!! ********* merge accepted ... 
merged: {0, 2, 3, 4, 5, 6, 10, 12}
to_process: {1, 7, 8, 9, 11, 13, 14, 15}
[(1, 0.11073052784427873), (7, 0.09144030703141537), (8, 0.08854592243788242), (9, 0.11093510622224848), (11, 0.09586867330346874), (13, 0.10386747350652245), (14, 0.10251535733101971), (15, 0.09826728587504807)]
next_candidate: 8
chunks ... [0, 16889, 33778, 50667, 67557]
chunks ... [0, 16889, 33778, 50667, 67557]
database_size: 2953843.9162331526
codetable_size: 122326.58726304633
complete: 3076170.503496199
current_ratio: 0.25326427338562124 --- candidate_ratio:0.249661834869343
!!!!! ********* merge accepted ... 
merged: {0, 2, 3, 4, 5, 6, 8, 10, 12}
to_process: {1, 7, 9, 11, 13, 14, 15}
[(1, 0.0976855615502952), (7, 0.08066788729894726), (9, 0.0979659104547013), (11, 0.08457455562662174), (13, 0.09302972759070602), (14, 0.09044180437266065), (15, 0.08669059192264515)]
next_candidate: 7
chunks ... [0, 16889, 33778, 50667, 67557]
chunks ... [0, 16889, 33778, 50667, 67557]
database_size: 2885064.3662861707
codetable_size: 134785.45541876607
complete: 3019849.8217049367
current_ratio: 0.249661834869343 --- candidate_ratio:0.24509085132304156
!!!!! ********* merge accepted ... 
merged: {0, 2, 3, 4, 5, 6, 7, 8, 10, 12}
to_process: {1, 9, 11, 13, 14, 15}
[(1, 0.08613809305313852), (9, 0.08646340801912207), (11, 0.07457694695999592), (13, 0.0822316449761447), (14, 0.07975343398096274), (15, 0.0764428453433188)]
next_candidate: 11
chunks ... [0, 16889, 33778, 50667, 67557]
chunks ... [0, 16889, 33778, 50667, 67557]
database_size: 2850218.819591387
codetable_size: 150481.18273759293
complete: 3000700.0023289802
current_ratio: 0.24509085132304156 --- candidate_ratio:0.24353665299840904
!!!!! ********* merge accepted ... 
merged: {0, 2, 3, 4, 5, 6, 7, 8, 10, 11, 12}
to_process: {1, 9, 13, 14, 15}
[(1, 0.07607614977387184), (9, 0.07642367418102543), (13, 0.07265884512260941), (14, 0.07048855189984246), (15, 0.06751342112823044)]
next_candidate: 15
chunks ... [0, 16889, 33778, 50667, 67557]
chunks ... [0, 16889, 33778, 50667, 67557]
database_size: 2753054.4200624973
codetable_size: 165198.97236348275
complete: 2918253.39242598
current_ratio: 0.24353665299840904 --- candidate_ratio:0.2368452905125697
!!!!! ********* merge accepted ... 
merged: {0, 2, 3, 4, 5, 6, 7, 8, 10, 11, 12, 15}
to_process: {1, 9, 13, 14}
[(1, 0.06803836214751764), (9, 0.06916497108929934), (13, 0.06510497930544278), (14, 0.06304209530799741)]
next_candidate: 14
chunks ... [0, 16889, 33778, 50667, 67557]
chunks ... [0, 16889, 33778, 50667, 67557]
database_size: 2737144.269864002
codetable_size: 178610.507230878
complete: 2915754.7770948797
current_ratio: 0.2368452905125697 --- candidate_ratio:0.23664250302485204
!!!!! ********* merge accepted ... 
merged: {0, 2, 3, 4, 5, 6, 7, 8, 10, 11, 12, 14, 15}
to_process: {1, 9, 13}
[(1, 0.06045968400081128), (9, 0.061590809017803075), (13, 0.057872392511886486)]
next_candidate: 13
chunks ... [0, 16889, 33778, 50667, 67557]
chunks ... [0, 16889, 33778, 50667, 67557]
database_size: 2593615.1714375485
codetable_size: 192564.46237190432
complete: 2786179.633809453
current_ratio: 0.23664250302485204 --- candidate_ratio:0.22612619126991826
!!!!! ********* merge accepted ... 
merged: {0, 2, 3, 4, 5, 6, 7, 8, 10, 11, 12, 13, 14, 15}
to_process: {1, 9}
[(1, 0.05501472035168261), (9, 0.056068010825248184)]
next_candidate: 1
chunks ... [0, 16889, 33778, 50667, 67557]
chunks ... [0, 16889, 33778, 50667, 67557]
database_size: 2550252.002659042
codetable_size: 203436.20771718558
complete: 2753688.2103762273
current_ratio: 0.22612619126991826 --- candidate_ratio:0.2234891890677853
!!!!! ********* merge accepted ... 
merged: {0, 1, 2, 3, 4, 5, 6, 7, 8, 10, 11, 12, 13, 14, 15}
to_process: {9}
[(9, 0.051561160765899214)]
next_candidate: 9
chunks ... [0, 16889, 33778, 50667, 67557]
chunks ... [0, 16889, 33778, 50667, 67557]
database_size: 2344308.026487306
codetable_size: 216510.15956277898
complete: 2560818.1860500854
current_ratio: 0.2234891890677853 --- candidate_ratio:0.20783586812545382
!!!!! ********* merge accepted ... 
merged table size: 4646
chunks ... [0, 16889, 33778, 50667, 67557]
chunks ... [0, 16889, 33778, 50667, 67557]
merged table size without non-used codes: 4362
database_size: 2344308.026487306
codetable_size: 216510.15956277898
complete: 2560818.1860500854
database_size: 12320561.926931633
codetable_size: 786.6889113503379
complete: 12321348.615842983
merged size: 2560818.1860500854
sct size: 12321348.615842983
merged ratio: 0.20783586812545382
time elapsed: 691.8061368465424
