
-- MERGING METHOD naive
processing batch_results/200d-5-10-neg15/batch-4/letrecog_transaction_k_means_200d_k16_FalseNorm_trans_clust_0_k16...
chunks ... [0, 304, 608, 912, 1217]
num codes: 259
num codes with support 0: 0
chunks ... [0, 304, 608, 912, 1217]
num codes with usage 0: 39
database_size: 18695.468803009066
codetable_size: 5385.792479139167
complete: 24081.261282148233
database_size: 74870.79028333262
codetable_size: 415.9263786135772
complete: 75286.7166619462
Partition 0 ratio: 0.31986069189706273
processing batch_results/200d-5-10-neg15/batch-4/letrecog_transaction_k_means_200d_k16_FalseNorm_trans_clust_1_k16...
chunks ... [0, 117, 234, 351, 470]
num codes: 191
num codes with support 0: 0
chunks ... [0, 117, 234, 351, 470]
num codes with usage 0: 49
database_size: 8477.90480757436
codetable_size: 2916.5933724515994
complete: 11394.49818002596
database_size: 29431.95928158117
codetable_size: 329.89301551192517
complete: 29761.852297093097
Partition 1 ratio: 0.3828558137538665
processing batch_results/200d-5-10-neg15/batch-4/letrecog_transaction_k_means_200d_k16_FalseNorm_trans_clust_2_k16...
chunks ... [0, 324, 648, 972, 1298]
num codes: 294
num codes with support 0: 0
chunks ... [0, 324, 648, 972, 1298]
num codes with usage 0: 51
database_size: 23858.35375202921
codetable_size: 5503.436299665843
complete: 29361.79005169505
database_size: 80572.84007919653
codetable_size: 380.1771446470765
complete: 80953.0172238436
Partition 2 ratio: 0.3627016145736312
processing batch_results/200d-5-10-neg15/batch-4/letrecog_transaction_k_means_200d_k16_FalseNorm_trans_clust_3_k16...
chunks ... [0, 163, 326, 489, 653]
num codes: 196
num codes with support 0: 0
chunks ... [0, 163, 326, 489, 653]
num codes with usage 0: 41
database_size: 9829.386691579317
codetable_size: 3456.652905715733
complete: 13286.03959729505
database_size: 40097.064072444635
codetable_size: 376.3768421234983
complete: 40473.440914568135
Partition 3 ratio: 0.32826563042513224
processing batch_results/200d-5-10-neg15/batch-4/letrecog_transaction_k_means_200d_k16_FalseNorm_trans_clust_4_k16...
chunks ... [0, 223, 446, 669, 895]
num codes: 266
num codes with support 0: 0
chunks ... [0, 223, 446, 669, 895]
num codes with usage 0: 52
database_size: 12140.208425884659
codetable_size: 5711.701908693818
complete: 17851.910334578475
database_size: 56595.97726277582
codetable_size: 491.6614731967564
complete: 57087.63873597258
Partition 4 ratio: 0.3127106100349088
processing batch_results/200d-5-10-neg15/batch-4/letrecog_transaction_k_means_200d_k16_FalseNorm_trans_clust_5_k16...
chunks ... [0, 205, 410, 615, 820]
num codes: 251
num codes with support 0: 0
chunks ... [0, 205, 410, 615, 820]
num codes with usage 0: 43
database_size: 16634.385172953655
codetable_size: 4682.811632829886
complete: 21317.19680578354
database_size: 52718.22367330745
codetable_size: 369.86218911848846
complete: 53088.08586242594
Partition 5 ratio: 0.40154389557433967
processing batch_results/200d-5-10-neg15/batch-4/letrecog_transaction_k_means_200d_k16_FalseNorm_trans_clust_6_k16...
chunks ... [0, 88, 176, 264, 354]
num codes: 149
num codes with support 0: 0
chunks ... [0, 88, 176, 264, 354]
num codes with usage 0: 36
database_size: 5780.6104698384515
codetable_size: 2281.52157478305
complete: 8062.132044621501
database_size: 21973.21684639003
codetable_size: 290.0464664165569
complete: 22263.263312806586
Partition 6 ratio: 0.36212714781951527
processing batch_results/200d-5-10-neg15/batch-4/letrecog_transaction_k_means_200d_k16_FalseNorm_trans_clust_7_k16...
chunks ... [0, 503, 1006, 1509, 2014]
num codes: 379
num codes with support 0: 0
chunks ... [0, 503, 1006, 1509, 2014]
num codes with usage 0: 46
database_size: 39010.95935703762
codetable_size: 7922.240884368011
complete: 46933.200241405626
database_size: 125274.52401439534
codetable_size: 518.745467611533
complete: 125793.26948200687
Partition 7 ratio: 0.37309786473209383
processing batch_results/200d-5-10-neg15/batch-4/letrecog_transaction_k_means_200d_k16_FalseNorm_trans_clust_8_k16...
chunks ... [0, 385, 770, 1155, 1541]
num codes: 353
num codes with support 0: 0
chunks ... [0, 385, 770, 1155, 1541]
num codes with usage 0: 39
database_size: 27626.911746489382
codetable_size: 7381.235388807645
complete: 35008.147135297026
database_size: 96356.63320956499
codetable_size: 505.1880342151778
complete: 96861.82124378016
Partition 8 ratio: 0.36142358966376575
processing batch_results/200d-5-10-neg15/batch-4/letrecog_transaction_k_means_200d_k16_FalseNorm_trans_clust_9_k16...
chunks ... [0, 224, 448, 672, 897]
num codes: 220
num codes with support 0: 0
chunks ... [0, 224, 448, 672, 897]
num codes with usage 0: 49
database_size: 15690.2245579859
codetable_size: 3889.581714394356
complete: 19579.806272380258
database_size: 54645.95655741357
codetable_size: 351.2156906448188
complete: 54997.17224805839
Partition 9 ratio: 0.35601478170673584
processing batch_results/200d-5-10-neg15/batch-4/letrecog_transaction_k_means_200d_k16_FalseNorm_trans_clust_10_k16...
chunks ... [0, 717, 1434, 2151, 2869]
num codes: 394
num codes with support 0: 0
chunks ... [0, 717, 1434, 2151, 2869]
num codes with usage 0: 46
database_size: 49447.95280318338
codetable_size: 8666.437744713648
complete: 58114.390547897034
database_size: 174300.26269819387
codetable_size: 530.4155078583487
complete: 174830.67820605222
Partition 10 ratio: 0.3324038500806162
processing batch_results/200d-5-10-neg15/batch-4/letrecog_transaction_k_means_200d_k16_FalseNorm_trans_clust_11_k16...
chunks ... [0, 252, 504, 756, 1009]
num codes: 283
num codes with support 0: 0
chunks ... [0, 252, 504, 756, 1009]
num codes with usage 0: 39
database_size: 18247.93261686444
codetable_size: 5675.245310645164
complete: 23923.177927509605
database_size: 63511.28058087143
codetable_size: 467.922680094712
complete: 63979.20326096615
Partition 11 ratio: 0.37392116044222745
processing batch_results/200d-5-10-neg15/batch-4/letrecog_transaction_k_means_200d_k16_FalseNorm_trans_clust_12_k16...
chunks ... [0, 541, 1082, 1623, 2165]
num codes: 386
num codes with support 0: 0
chunks ... [0, 541, 1082, 1623, 2165]
num codes with usage 0: 45
database_size: 37931.59328818905
codetable_size: 8309.756760433944
complete: 46241.35004862299
database_size: 135353.03641661297
codetable_size: 556.0655392616557
complete: 135909.10195587462
Partition 12 ratio: 0.34023733056257033
processing batch_results/200d-5-10-neg15/batch-4/letrecog_transaction_k_means_200d_k16_FalseNorm_trans_clust_13_k16...
chunks ... [0, 200, 400, 600, 802]
num codes: 273
num codes with support 0: 0
chunks ... [0, 200, 400, 600, 802]
num codes with usage 0: 39
database_size: 18002.423945185914
codetable_size: 4734.911808669103
complete: 22737.33575385502
database_size: 50782.25862943595
codetable_size: 451.287038429047
complete: 51233.54566786499
Partition 13 ratio: 0.4437978175716319
processing batch_results/200d-5-10-neg15/batch-4/letrecog_transaction_k_means_200d_k16_FalseNorm_trans_clust_14_k16...
chunks ... [0, 644, 1288, 1932, 2579]
num codes: 399
num codes with support 0: 0
chunks ... [0, 644, 1288, 1932, 2579]
num codes with usage 0: 47
database_size: 52023.280848376126
codetable_size: 8461.699638539147
complete: 60484.98048691527
database_size: 160819.21996090325
codetable_size: 483.76808512216087
complete: 161302.98804602542
Partition 14 ratio: 0.3749774335839134
processing batch_results/200d-5-10-neg15/batch-4/letrecog_transaction_k_means_200d_k16_FalseNorm_trans_clust_15_k16...
chunks ... [0, 104, 208, 312, 417]
num codes: 169
num codes with support 0: 0
chunks ... [0, 104, 208, 312, 417]
num codes with usage 0: 41
database_size: 6810.211227452203
codetable_size: 2646.397714376567
complete: 9456.60894182877
database_size: 25406.933637696726
codetable_size: 319.77054891844165
complete: 25726.704186615167
Partition 15 ratio: 0.36757949534588114
number of codetables: 16
size: 259
size: 191
size: 294
size: 196
size: 266
size: 251
size: 149
size: 379
size: 353
size: 220
size: 394
size: 283
size: 386
size: 273
size: 399
size: 169
merged table size: 3143
chunks ... [0, 5000, 10000, 15000, 20000]
chunks ... [0, 5000, 10000, 15000, 20000]
merged table size without non-used codes: 2920
database_size: 556458.1058946438
codetable_size: 86828.04924139798
complete: 643286.1551360418
database_size: 1372600.4814621517
codetable_size: 535.3174551653476
complete: 1373135.798917317
merged size: 643286.1551360418
sct size: 1373135.798917317
merged ratio: 0.4684796330000694
time elapsed: 14.334419012069702
-- MERGING METHOD naive_plus
processing batch_results/200d-5-10-neg15/batch-4/letrecog_transaction_k_means_200d_k16_FalseNorm_trans_clust_0_k16...
chunks ... [0, 304, 608, 912, 1217]
num codes: 259
num codes with support 0: 0
chunks ... [0, 304, 608, 912, 1217]
num codes with usage 0: 39
database_size: 18695.468803009066
codetable_size: 5385.792479139167
complete: 24081.261282148233
database_size: 74870.79028333262
codetable_size: 415.9263786135772
complete: 75286.7166619462
Partition 0 ratio: 0.31986069189706273
processing batch_results/200d-5-10-neg15/batch-4/letrecog_transaction_k_means_200d_k16_FalseNorm_trans_clust_1_k16...
chunks ... [0, 117, 234, 351, 470]
num codes: 191
num codes with support 0: 0
chunks ... [0, 117, 234, 351, 470]
num codes with usage 0: 49
database_size: 8477.90480757436
codetable_size: 2916.5933724515994
complete: 11394.49818002596
database_size: 29431.95928158117
codetable_size: 329.89301551192517
complete: 29761.852297093097
Partition 1 ratio: 0.3828558137538665
processing batch_results/200d-5-10-neg15/batch-4/letrecog_transaction_k_means_200d_k16_FalseNorm_trans_clust_2_k16...
chunks ... [0, 324, 648, 972, 1298]
num codes: 294
num codes with support 0: 0
chunks ... [0, 324, 648, 972, 1298]
num codes with usage 0: 51
database_size: 23858.35375202921
codetable_size: 5503.436299665843
complete: 29361.79005169505
database_size: 80572.84007919653
codetable_size: 380.1771446470765
complete: 80953.0172238436
Partition 2 ratio: 0.3627016145736312
processing batch_results/200d-5-10-neg15/batch-4/letrecog_transaction_k_means_200d_k16_FalseNorm_trans_clust_3_k16...
chunks ... [0, 163, 326, 489, 653]
num codes: 196
num codes with support 0: 0
chunks ... [0, 163, 326, 489, 653]
num codes with usage 0: 41
database_size: 9829.386691579317
codetable_size: 3456.652905715733
complete: 13286.03959729505
database_size: 40097.064072444635
codetable_size: 376.3768421234983
complete: 40473.440914568135
Partition 3 ratio: 0.32826563042513224
processing batch_results/200d-5-10-neg15/batch-4/letrecog_transaction_k_means_200d_k16_FalseNorm_trans_clust_4_k16...
chunks ... [0, 223, 446, 669, 895]
num codes: 266
num codes with support 0: 0
chunks ... [0, 223, 446, 669, 895]
num codes with usage 0: 52
database_size: 12140.208425884659
codetable_size: 5711.701908693818
complete: 17851.910334578475
database_size: 56595.97726277582
codetable_size: 491.6614731967564
complete: 57087.63873597258
Partition 4 ratio: 0.3127106100349088
processing batch_results/200d-5-10-neg15/batch-4/letrecog_transaction_k_means_200d_k16_FalseNorm_trans_clust_5_k16...
chunks ... [0, 205, 410, 615, 820]
num codes: 251
num codes with support 0: 0
chunks ... [0, 205, 410, 615, 820]
num codes with usage 0: 43
database_size: 16634.385172953655
codetable_size: 4682.811632829886
complete: 21317.19680578354
database_size: 52718.22367330745
codetable_size: 369.86218911848846
complete: 53088.08586242594
Partition 5 ratio: 0.40154389557433967
processing batch_results/200d-5-10-neg15/batch-4/letrecog_transaction_k_means_200d_k16_FalseNorm_trans_clust_6_k16...
chunks ... [0, 88, 176, 264, 354]
num codes: 149
num codes with support 0: 0
chunks ... [0, 88, 176, 264, 354]
num codes with usage 0: 36
database_size: 5780.6104698384515
codetable_size: 2281.52157478305
complete: 8062.132044621501
database_size: 21973.21684639003
codetable_size: 290.0464664165569
complete: 22263.263312806586
Partition 6 ratio: 0.36212714781951527
processing batch_results/200d-5-10-neg15/batch-4/letrecog_transaction_k_means_200d_k16_FalseNorm_trans_clust_7_k16...
chunks ... [0, 503, 1006, 1509, 2014]
num codes: 379
num codes with support 0: 0
chunks ... [0, 503, 1006, 1509, 2014]
num codes with usage 0: 46
database_size: 39010.95935703762
codetable_size: 7922.240884368011
complete: 46933.200241405626
database_size: 125274.52401439534
codetable_size: 518.745467611533
complete: 125793.26948200687
Partition 7 ratio: 0.37309786473209383
processing batch_results/200d-5-10-neg15/batch-4/letrecog_transaction_k_means_200d_k16_FalseNorm_trans_clust_8_k16...
chunks ... [0, 385, 770, 1155, 1541]
num codes: 353
num codes with support 0: 0
chunks ... [0, 385, 770, 1155, 1541]
num codes with usage 0: 39
database_size: 27626.911746489382
codetable_size: 7381.235388807645
complete: 35008.147135297026
database_size: 96356.63320956499
codetable_size: 505.1880342151778
complete: 96861.82124378016
Partition 8 ratio: 0.36142358966376575
processing batch_results/200d-5-10-neg15/batch-4/letrecog_transaction_k_means_200d_k16_FalseNorm_trans_clust_9_k16...
chunks ... [0, 224, 448, 672, 897]
num codes: 220
num codes with support 0: 0
chunks ... [0, 224, 448, 672, 897]
num codes with usage 0: 49
database_size: 15690.2245579859
codetable_size: 3889.581714394356
complete: 19579.806272380258
database_size: 54645.95655741357
codetable_size: 351.2156906448188
complete: 54997.17224805839
Partition 9 ratio: 0.35601478170673584
processing batch_results/200d-5-10-neg15/batch-4/letrecog_transaction_k_means_200d_k16_FalseNorm_trans_clust_10_k16...
chunks ... [0, 717, 1434, 2151, 2869]
num codes: 394
num codes with support 0: 0
chunks ... [0, 717, 1434, 2151, 2869]
num codes with usage 0: 46
database_size: 49447.95280318338
codetable_size: 8666.437744713648
complete: 58114.390547897034
database_size: 174300.26269819387
codetable_size: 530.4155078583487
complete: 174830.67820605222
Partition 10 ratio: 0.3324038500806162
processing batch_results/200d-5-10-neg15/batch-4/letrecog_transaction_k_means_200d_k16_FalseNorm_trans_clust_11_k16...
chunks ... [0, 252, 504, 756, 1009]
num codes: 283
num codes with support 0: 0
chunks ... [0, 252, 504, 756, 1009]
num codes with usage 0: 39
database_size: 18247.93261686444
codetable_size: 5675.245310645164
complete: 23923.177927509605
database_size: 63511.28058087143
codetable_size: 467.922680094712
complete: 63979.20326096615
Partition 11 ratio: 0.37392116044222745
processing batch_results/200d-5-10-neg15/batch-4/letrecog_transaction_k_means_200d_k16_FalseNorm_trans_clust_12_k16...
chunks ... [0, 541, 1082, 1623, 2165]
num codes: 386
num codes with support 0: 0
chunks ... [0, 541, 1082, 1623, 2165]
num codes with usage 0: 45
database_size: 37931.59328818905
codetable_size: 8309.756760433944
complete: 46241.35004862299
database_size: 135353.03641661297
codetable_size: 556.0655392616557
complete: 135909.10195587462
Partition 12 ratio: 0.34023733056257033
processing batch_results/200d-5-10-neg15/batch-4/letrecog_transaction_k_means_200d_k16_FalseNorm_trans_clust_13_k16...
chunks ... [0, 200, 400, 600, 802]
num codes: 273
num codes with support 0: 0
chunks ... [0, 200, 400, 600, 802]
num codes with usage 0: 39
database_size: 18002.423945185914
codetable_size: 4734.911808669103
complete: 22737.33575385502
database_size: 50782.25862943595
codetable_size: 451.287038429047
complete: 51233.54566786499
Partition 13 ratio: 0.4437978175716319
processing batch_results/200d-5-10-neg15/batch-4/letrecog_transaction_k_means_200d_k16_FalseNorm_trans_clust_14_k16...
chunks ... [0, 644, 1288, 1932, 2579]
num codes: 399
num codes with support 0: 0
chunks ... [0, 644, 1288, 1932, 2579]
num codes with usage 0: 47
database_size: 52023.280848376126
codetable_size: 8461.699638539147
complete: 60484.98048691527
database_size: 160819.21996090325
codetable_size: 483.76808512216087
complete: 161302.98804602542
Partition 14 ratio: 0.3749774335839134
processing batch_results/200d-5-10-neg15/batch-4/letrecog_transaction_k_means_200d_k16_FalseNorm_trans_clust_15_k16...
chunks ... [0, 104, 208, 312, 417]
num codes: 169
num codes with support 0: 0
chunks ... [0, 104, 208, 312, 417]
num codes with usage 0: 41
database_size: 6810.211227452203
codetable_size: 2646.397714376567
complete: 9456.60894182877
database_size: 25406.933637696726
codetable_size: 319.77054891844165
complete: 25726.704186615167
Partition 15 ratio: 0.36757949534588114
number of codetables: 16
size: 259
size: 191
size: 294
size: 196
size: 266
size: 251
size: 149
size: 379
size: 353
size: 220
size: 394
size: 283
size: 386
size: 273
size: 399
size: 169
database_size: 1372600.4814621517
codetable_size: 535.3174551653476
complete: 1373135.798917317
current singletons: {3, 4, 5, 6, 7, 8, 9, 10, 12, 13, 14, 15, 17, 18, 19, 20, 23, 24, 25, 27, 28, 29, 30, 31, 32, 33, 34, 35, 37, 38, 39, 40, 41, 42, 43, 44, 45, 46, 47, 48, 49, 50, 51, 52, 53, 54, 55, 57, 58, 59, 60, 64, 65, 67, 68, 69, 70, 72, 73, 74, 75, 78, 79, 80, 87, 88, 91, 93, 94, 96, 97, 101, 102, 103, 104, 105}
Added 26 singletons
added:  {1, 2, 11, 16, 22, 26, 56, 62, 63, 66, 76, 77, 81, 82, 83, 84, 85, 86, 89, 90, 92, 95, 98, 99, 100, 106}
chunks ... [0, 5000, 10000, 15000, 20000]
num codes: 285
num codes with support 0: 0
chunks ... [0, 5000, 10000, 15000, 20000]
database_size: 939927.7550092525
codetable_size: 6658.996009362157
complete: 946586.7510186146
Partition ratio: 0.6893613521437387
current singletons: {2, 3, 4, 5, 6, 7, 8, 9, 10, 11, 12, 13, 14, 15, 17, 18, 19, 20, 22, 23, 24, 25, 28, 29, 30, 31, 32, 33, 34, 35, 37, 38, 39, 40, 41, 43, 44, 45, 49, 50, 51, 52, 53, 54, 55, 58, 59, 60, 62, 63, 64, 68, 69, 70, 72, 73, 74, 75, 78, 79, 80, 81, 89, 90, 92}
Added 37 singletons
added:  {1, 16, 26, 27, 42, 46, 47, 48, 56, 57, 65, 66, 67, 76, 77, 82, 83, 84, 85, 86, 87, 88, 91, 93, 94, 95, 96, 97, 98, 99, 100, 101, 102, 103, 104, 105, 106}
chunks ... [0, 5000, 10000, 15000, 20000]
num codes: 228
num codes with support 0: 0
chunks ... [0, 5000, 10000, 15000, 20000]
database_size: 1154362.6524478581
codetable_size: 4523.419691325469
complete: 1158886.0721391835
Partition ratio: 0.8439704747723684
current singletons: {4, 5, 6, 7, 8, 9, 10, 13, 14, 15, 19, 20, 23, 24, 25, 26, 27, 28, 29, 30, 34, 35, 37, 38, 39, 40, 41, 42, 43, 44, 45, 46, 47, 48, 49, 50, 52, 53, 54, 55, 56, 57, 58, 59, 60, 62, 63, 64, 65, 69, 70, 73, 74, 75, 76, 77, 78, 79, 80, 83, 84, 85, 86, 89, 90, 96, 99, 100, 102, 105, 106}
Added 31 singletons
added:  {1, 2, 3, 11, 12, 16, 17, 18, 22, 31, 32, 33, 51, 66, 67, 68, 72, 81, 82, 87, 88, 91, 92, 93, 94, 95, 97, 98, 101, 103, 104}
chunks ... [0, 5000, 10000, 15000, 20000]
num codes: 325
num codes with support 0: 0
chunks ... [0, 5000, 10000, 15000, 20000]
database_size: 955284.2227894799
codetable_size: 7015.534928152778
complete: 962299.7577176327
Partition ratio: 0.7008045078107946
current singletons: {2, 3, 4, 5, 6, 7, 8, 9, 10, 12, 13, 14, 15, 17, 18, 19, 20, 22, 23, 24, 25, 27, 28, 29, 30, 32, 33, 34, 35, 37, 38, 39, 40, 41, 42, 43, 44, 45, 46, 47, 48, 49, 50, 51, 52, 53, 54, 55, 57, 58, 59, 60, 62, 63, 64, 65, 69, 70, 72, 73, 74, 75, 79, 80, 89, 90, 92, 100, 102, 105}
Added 32 singletons
added:  {1, 11, 16, 26, 31, 56, 66, 67, 68, 76, 77, 78, 81, 82, 83, 84, 85, 86, 87, 88, 91, 93, 94, 95, 96, 97, 98, 99, 101, 103, 104, 106}
chunks ... [0, 5000, 10000, 15000, 20000]
num codes: 228
num codes with support 0: 0
chunks ... [0, 5000, 10000, 15000, 20000]
database_size: 1023730.4571802134
codetable_size: 4807.485007057437
complete: 1028537.9421872708
Partition ratio: 0.7490431339698863
current singletons: {1, 2, 3, 6, 7, 8, 9, 10, 11, 12, 13, 16, 17, 18, 19, 20, 22, 23, 24, 26, 27, 28, 29, 30, 31, 32, 33, 34, 35, 37, 38, 39, 40, 41, 42, 43, 44, 45, 46, 47, 48, 49, 50, 51, 52, 53, 54, 55, 56, 57, 58, 59, 60, 62, 63, 64, 65, 68, 69, 70, 72, 73, 74, 75, 80, 82, 83, 84, 85, 86, 87, 88, 89, 90, 91, 92, 93, 94, 95, 96, 97, 98, 99, 100, 101, 102, 103, 104, 105, 106}
Added 12 singletons
added:  {66, 67, 4, 5, 76, 77, 14, 15, 78, 81, 79, 25}
chunks ... [0, 5000, 10000, 15000, 20000]
num codes: 278
num codes with support 0: 0
chunks ... [0, 5000, 10000, 15000, 20000]
database_size: 1178006.861521023
codetable_size: 7590.242027212628
complete: 1185597.1035482357
Partition ratio: 0.8634230529005573
current singletons: {2, 3, 4, 5, 6, 7, 8, 9, 10, 12, 13, 14, 15, 17, 18, 19, 20, 22, 23, 24, 26, 27, 28, 29, 30, 34, 35, 37, 38, 39, 40, 41, 42, 43, 44, 45, 47, 48, 49, 50, 53, 54, 55, 56, 57, 58, 59, 60, 62, 63, 64, 65, 70, 72, 73, 74, 75, 76, 77, 78, 79, 80, 83, 86, 91, 94, 96, 99, 100, 101, 102, 103, 105}
Added 29 singletons
added:  {1, 11, 16, 25, 31, 32, 33, 46, 51, 52, 66, 67, 68, 69, 81, 82, 84, 85, 87, 88, 89, 90, 92, 93, 95, 97, 98, 104, 106}
chunks ... [0, 5000, 10000, 15000, 20000]
num codes: 280
num codes with support 0: 0
chunks ... [0, 5000, 10000, 15000, 20000]
database_size: 1084698.208781963
codetable_size: 6267.534918154202
complete: 1090965.743700117
Partition ratio: 0.7945068102953227
current singletons: {2, 3, 4, 5, 6, 7, 8, 9, 10, 11, 12, 13, 14, 15, 17, 18, 19, 20, 22, 23, 24, 25, 26, 27, 28, 29, 30, 31, 32, 37, 38, 39, 40, 44, 45, 46, 47, 48, 49, 50, 51, 52, 56, 57, 58, 59, 60, 62, 63, 65, 68, 69, 70, 72, 73, 74, 75, 78, 79, 80, 92}
Added 41 singletons
added:  {1, 16, 33, 34, 35, 41, 42, 43, 53, 54, 55, 64, 66, 67, 76, 77, 81, 82, 83, 84, 85, 86, 87, 88, 89, 90, 91, 93, 94, 95, 96, 97, 98, 99, 100, 101, 102, 103, 104, 105, 106}
chunks ... [0, 5000, 10000, 15000, 20000]
num codes: 190
num codes with support 0: 0
chunks ... [0, 5000, 10000, 15000, 20000]
database_size: 1207386.1374811283
codetable_size: 3793.52256271603
complete: 1211179.6600438443
Partition ratio: 0.8820538077871314
current singletons: {4, 5, 6, 7, 8, 9, 10, 14, 15, 18, 19, 20, 24, 25, 26, 27, 28, 29, 30, 31, 32, 33, 34, 35, 37, 38, 39, 40, 41, 42, 43, 44, 45, 46, 47, 48, 49, 50, 51, 52, 53, 54, 55, 56, 57, 58, 59, 60, 62, 63, 64, 65, 66, 67, 68, 69, 70, 72, 73, 74, 75, 76, 77, 78, 79, 80, 81, 82, 83, 84, 85, 86, 87, 88, 89, 90, 91, 92, 93, 94, 95, 96, 98, 99, 100, 101, 102, 103, 104, 105, 106}
Added 11 singletons
added:  {97, 1, 3, 2, 11, 12, 13, 16, 17, 22, 23}
chunks ... [0, 5000, 10000, 15000, 20000]
num codes: 390
num codes with support 0: 0
chunks ... [0, 5000, 10000, 15000, 20000]
database_size: 814167.774898762
codetable_size: 8785.271319476686
complete: 822953.0462182387
Partition ratio: 0.5993238592039596
current singletons: {2, 3, 4, 5, 6, 7, 8, 9, 12, 13, 14, 15, 17, 18, 19, 20, 23, 24, 25, 27, 28, 29, 30, 31, 32, 33, 34, 35, 37, 38, 39, 40, 41, 42, 43, 44, 45, 46, 47, 48, 49, 50, 51, 52, 53, 54, 55, 56, 57, 58, 59, 60, 62, 63, 64, 65, 67, 68, 69, 70, 72, 73, 74, 75, 78, 79, 80, 81, 82, 83, 84, 85, 87, 88, 89, 90, 91, 93, 94, 95, 96, 97, 98, 99, 100, 101, 104, 106}
Added 14 singletons
added:  {1, 66, 102, 103, 105, 10, 11, 76, 77, 16, 86, 22, 26, 92}
chunks ... [0, 5000, 10000, 15000, 20000]
num codes: 367
num codes with support 0: 0
chunks ... [0, 5000, 10000, 15000, 20000]
database_size: 899838.7396804149
codetable_size: 8527.165885746103
complete: 908365.905566161
Partition ratio: 0.6615266358086248
current singletons: {4, 5, 6, 7, 8, 9, 10, 14, 15, 17, 18, 19, 20, 23, 24, 25, 26, 27, 28, 29, 30, 34, 35, 37, 38, 39, 40, 41, 42, 43, 44, 45, 46, 47, 48, 49, 50, 52, 54, 55, 56, 57, 58, 59, 60, 63, 64, 65, 69, 70, 72, 73, 74, 75, 77, 78, 79, 80, 88, 91, 94, 96, 100, 101, 102, 103, 105}
Added 35 singletons
added:  {1, 2, 3, 11, 12, 13, 16, 22, 31, 32, 33, 51, 53, 62, 66, 67, 68, 76, 81, 82, 83, 84, 85, 86, 87, 89, 90, 92, 93, 95, 97, 98, 99, 104, 106}
chunks ... [0, 5000, 10000, 15000, 20000]
num codes: 255
num codes with support 0: 0
chunks ... [0, 5000, 10000, 15000, 20000]
database_size: 997347.110512007
codetable_size: 5262.695091144613
complete: 1002609.8056031517
Partition ratio: 0.7301607068970777
current singletons: {4, 5, 6, 7, 8, 9, 10, 14, 15, 19, 20, 23, 24, 25, 27, 28, 29, 30, 31, 32, 33, 34, 35, 37, 38, 39, 40, 41, 42, 43, 44, 45, 46, 47, 48, 49, 50, 51, 52, 53, 54, 55, 56, 57, 58, 59, 60, 62, 63, 64, 65, 66, 67, 68, 69, 70, 72, 73, 74, 75, 76, 77, 78, 79, 80, 81, 82, 83, 84, 85, 86, 87, 88, 89, 90, 91, 92, 93, 94, 95, 96, 97, 98, 99, 100, 101, 102, 103, 104, 105, 106}
Added 11 singletons
added:  {1, 2, 3, 11, 12, 13, 16, 17, 18, 22, 26}
chunks ... [0, 5000, 10000, 15000, 20000]
num codes: 405
num codes with support 0: 0
chunks ... [0, 5000, 10000, 15000, 20000]
database_size: 818158.767893259
codetable_size: 9668.41592603107
complete: 827827.18381929
Partition ratio: 0.6028734990901926
current singletons: {2, 3, 4, 6, 7, 8, 11, 12, 13, 14, 16, 17, 18, 19, 20, 22, 23, 24, 25, 27, 28, 29, 30, 32, 33, 34, 35, 37, 38, 39, 40, 41, 42, 43, 44, 45, 46, 47, 48, 49, 50, 52, 53, 54, 55, 56, 57, 58, 59, 60, 62, 63, 64, 65, 67, 68, 69, 70, 72, 73, 74, 75, 78, 79, 80, 82, 83, 84, 85, 87, 88, 91, 93, 94, 95, 97, 98, 99, 100, 101, 102, 103, 104, 105, 106}
Added 17 singletons
added:  {96, 1, 66, 5, 90, 9, 10, 76, 77, 15, 81, 51, 86, 89, 26, 92, 31}
chunks ... [0, 5000, 10000, 15000, 20000]
num codes: 300
num codes with support 0: 0
chunks ... [0, 5000, 10000, 15000, 20000]
database_size: 1079276.4604884572
codetable_size: 7070.378565272915
complete: 1086346.8390537302
Partition ratio: 0.7911430463835313
current singletons: {2, 3, 4, 5, 6, 7, 8, 9, 10, 12, 13, 14, 15, 19, 20, 23, 24, 25, 26, 27, 28, 29, 30, 31, 32, 33, 34, 35, 37, 38, 39, 40, 41, 42, 43, 44, 45, 46, 47, 48, 49, 50, 51, 52, 53, 54, 55, 56, 57, 58, 59, 60, 62, 63, 64, 65, 67, 68, 69, 70, 73, 74, 75, 76, 77, 78, 79, 80, 81, 82, 83, 84, 85, 86, 87, 88, 89, 90, 91, 92, 93, 94, 95, 96, 97, 98, 99, 100, 101, 102, 104, 105, 106}
Added 9 singletons
added:  {1, 66, 103, 72, 11, 16, 17, 18, 22}
chunks ... [0, 5000, 10000, 15000, 20000]
num codes: 395
num codes with support 0: 0
chunks ... [0, 5000, 10000, 15000, 20000]
database_size: 791004.8997158109
codetable_size: 9222.731098697013
complete: 800227.630814508
Partition ratio: 0.5827738461450551
current singletons: {3, 4, 5, 6, 7, 8, 9, 10, 13, 14, 15, 18, 19, 20, 24, 25, 27, 28, 29, 30, 31, 32, 33, 34, 35, 37, 38, 39, 40, 41, 42, 43, 44, 45, 46, 47, 48, 49, 50, 51, 52, 53, 54, 55, 56, 57, 58, 59, 60, 62, 63, 64, 65, 66, 67, 68, 69, 70, 72, 73, 74, 75, 76, 77, 78, 79, 80, 81, 84, 87, 88, 89, 90, 91, 92, 93, 94, 97, 98, 99, 104, 106}
Added 20 singletons
added:  {1, 2, 11, 12, 16, 17, 22, 23, 26, 82, 83, 85, 86, 95, 96, 100, 101, 102, 103, 105}
chunks ... [0, 5000, 10000, 15000, 20000]
num codes: 293
num codes with support 0: 0
chunks ... [0, 5000, 10000, 15000, 20000]
database_size: 965018.5074735082
codetable_size: 5979.094845918225
complete: 970997.6023194265
Partition ratio: 0.7071388009001248
current singletons: {3, 4, 5, 6, 7, 8, 9, 10, 13, 14, 15, 19, 20, 24, 25, 28, 29, 30, 31, 32, 33, 34, 35, 37, 38, 39, 40, 41, 42, 43, 44, 45, 46, 47, 48, 49, 50, 51, 52, 53, 54, 55, 56, 57, 58, 59, 60, 62, 63, 64, 65, 66, 67, 68, 69, 70, 72, 73, 74, 75, 76, 77, 78, 79, 80, 81, 82, 84, 85, 86, 87, 88, 89, 90, 91, 92, 93, 94, 95, 96, 97, 98, 99, 100, 104, 106}
Added 16 singletons
added:  {1, 2, 101, 102, 103, 105, 11, 12, 16, 17, 18, 83, 22, 23, 26, 27}
chunks ... [0, 5000, 10000, 15000, 20000]
num codes: 415
num codes with support 0: 0
chunks ... [0, 5000, 10000, 15000, 20000]
database_size: 804860.1484124288
codetable_size: 9495.9569389097
complete: 814356.1053513385
Partition ratio: 0.5930630502776475
current singletons: {2, 3, 4, 5, 6, 7, 8, 9, 10, 12, 13, 14, 15, 16, 17, 18, 19, 20, 22, 23, 24, 25, 28, 29, 30, 31, 32, 33, 34, 37, 38, 39, 40, 41, 42, 43, 45, 46, 47, 48, 49, 50, 51, 52, 59, 60, 63, 64, 65, 66, 67, 68, 69, 72, 73, 74, 75, 76, 78, 79, 80, 81, 92}
Added 39 singletons
added:  {1, 11, 26, 27, 35, 44, 53, 54, 55, 56, 57, 58, 62, 70, 77, 82, 83, 84, 85, 86, 87, 88, 89, 90, 91, 93, 94, 95, 96, 97, 98, 99, 100, 101, 102, 103, 104, 105, 106}
chunks ... [0, 5000, 10000, 15000, 20000]
num codes: 208
num codes with support 0: 0
chunks ... [0, 5000, 10000, 15000, 20000]
database_size: 1268600.5815319875
codetable_size: 4252.911812179959
complete: 1272853.4933441675
Partition ratio: 0.926968399154534
merged table size: 395
chunks ... [0, 5000, 10000, 15000, 20000]
chunks ... [0, 5000, 10000, 15000, 20000]
merged table size without non-used codes: 391
database_size: 791004.8997158109
codetable_size: 9222.731098697013
complete: 800227.630814508
database_size: 1372600.4814621517
codetable_size: 535.3174551653476
complete: 1373135.798917317
merged size: 800227.630814508
sct size: 1373135.798917317
merged ratio: 0.5827738461450551
time elapsed: 22.807092666625977
-- MERGING METHOD informed
processing batch_results/200d-5-10-neg15/batch-4/letrecog_transaction_k_means_200d_k16_FalseNorm_trans_clust_0_k16...
chunks ... [0, 304, 608, 912, 1217]
num codes: 259
num codes with support 0: 0
chunks ... [0, 304, 608, 912, 1217]
num codes with usage 0: 39
database_size: 18695.468803009066
codetable_size: 5385.792479139167
complete: 24081.261282148233
database_size: 74870.79028333262
codetable_size: 415.9263786135772
complete: 75286.7166619462
Partition 0 ratio: 0.31986069189706273
processing batch_results/200d-5-10-neg15/batch-4/letrecog_transaction_k_means_200d_k16_FalseNorm_trans_clust_1_k16...
chunks ... [0, 117, 234, 351, 470]
num codes: 191
num codes with support 0: 0
chunks ... [0, 117, 234, 351, 470]
num codes with usage 0: 49
database_size: 8477.90480757436
codetable_size: 2916.5933724515994
complete: 11394.49818002596
database_size: 29431.95928158117
codetable_size: 329.89301551192517
complete: 29761.852297093097
Partition 1 ratio: 0.3828558137538665
processing batch_results/200d-5-10-neg15/batch-4/letrecog_transaction_k_means_200d_k16_FalseNorm_trans_clust_2_k16...
chunks ... [0, 324, 648, 972, 1298]
num codes: 294
num codes with support 0: 0
chunks ... [0, 324, 648, 972, 1298]
num codes with usage 0: 51
database_size: 23858.35375202921
codetable_size: 5503.436299665843
complete: 29361.79005169505
database_size: 80572.84007919653
codetable_size: 380.1771446470765
complete: 80953.0172238436
Partition 2 ratio: 0.3627016145736312
processing batch_results/200d-5-10-neg15/batch-4/letrecog_transaction_k_means_200d_k16_FalseNorm_trans_clust_3_k16...
chunks ... [0, 163, 326, 489, 653]
num codes: 196
num codes with support 0: 0
chunks ... [0, 163, 326, 489, 653]
num codes with usage 0: 41
database_size: 9829.386691579317
codetable_size: 3456.652905715733
complete: 13286.03959729505
database_size: 40097.064072444635
codetable_size: 376.3768421234983
complete: 40473.440914568135
Partition 3 ratio: 0.32826563042513224
processing batch_results/200d-5-10-neg15/batch-4/letrecog_transaction_k_means_200d_k16_FalseNorm_trans_clust_4_k16...
chunks ... [0, 223, 446, 669, 895]
num codes: 266
num codes with support 0: 0
chunks ... [0, 223, 446, 669, 895]
num codes with usage 0: 52
database_size: 12140.208425884659
codetable_size: 5711.701908693818
complete: 17851.910334578475
database_size: 56595.97726277582
codetable_size: 491.6614731967564
complete: 57087.63873597258
Partition 4 ratio: 0.3127106100349088
processing batch_results/200d-5-10-neg15/batch-4/letrecog_transaction_k_means_200d_k16_FalseNorm_trans_clust_5_k16...
chunks ... [0, 205, 410, 615, 820]
num codes: 251
num codes with support 0: 0
chunks ... [0, 205, 410, 615, 820]
num codes with usage 0: 43
database_size: 16634.385172953655
codetable_size: 4682.811632829886
complete: 21317.19680578354
database_size: 52718.22367330745
codetable_size: 369.86218911848846
complete: 53088.08586242594
Partition 5 ratio: 0.40154389557433967
processing batch_results/200d-5-10-neg15/batch-4/letrecog_transaction_k_means_200d_k16_FalseNorm_trans_clust_6_k16...
chunks ... [0, 88, 176, 264, 354]
num codes: 149
num codes with support 0: 0
chunks ... [0, 88, 176, 264, 354]
num codes with usage 0: 36
database_size: 5780.6104698384515
codetable_size: 2281.52157478305
complete: 8062.132044621501
database_size: 21973.21684639003
codetable_size: 290.0464664165569
complete: 22263.263312806586
Partition 6 ratio: 0.36212714781951527
processing batch_results/200d-5-10-neg15/batch-4/letrecog_transaction_k_means_200d_k16_FalseNorm_trans_clust_7_k16...
chunks ... [0, 503, 1006, 1509, 2014]
num codes: 379
num codes with support 0: 0
chunks ... [0, 503, 1006, 1509, 2014]
num codes with usage 0: 46
database_size: 39010.95935703762
codetable_size: 7922.240884368011
complete: 46933.200241405626
database_size: 125274.52401439534
codetable_size: 518.745467611533
complete: 125793.26948200687
Partition 7 ratio: 0.37309786473209383
processing batch_results/200d-5-10-neg15/batch-4/letrecog_transaction_k_means_200d_k16_FalseNorm_trans_clust_8_k16...
chunks ... [0, 385, 770, 1155, 1541]
num codes: 353
num codes with support 0: 0
chunks ... [0, 385, 770, 1155, 1541]
num codes with usage 0: 39
database_size: 27626.911746489382
codetable_size: 7381.235388807645
complete: 35008.147135297026
database_size: 96356.63320956499
codetable_size: 505.1880342151778
complete: 96861.82124378016
Partition 8 ratio: 0.36142358966376575
processing batch_results/200d-5-10-neg15/batch-4/letrecog_transaction_k_means_200d_k16_FalseNorm_trans_clust_9_k16...
chunks ... [0, 224, 448, 672, 897]
num codes: 220
num codes with support 0: 0
chunks ... [0, 224, 448, 672, 897]
num codes with usage 0: 49
database_size: 15690.2245579859
codetable_size: 3889.581714394356
complete: 19579.806272380258
database_size: 54645.95655741357
codetable_size: 351.2156906448188
complete: 54997.17224805839
Partition 9 ratio: 0.35601478170673584
processing batch_results/200d-5-10-neg15/batch-4/letrecog_transaction_k_means_200d_k16_FalseNorm_trans_clust_10_k16...
chunks ... [0, 717, 1434, 2151, 2869]
num codes: 394
num codes with support 0: 0
chunks ... [0, 717, 1434, 2151, 2869]
num codes with usage 0: 46
database_size: 49447.95280318338
codetable_size: 8666.437744713648
complete: 58114.390547897034
database_size: 174300.26269819387
codetable_size: 530.4155078583487
complete: 174830.67820605222
Partition 10 ratio: 0.3324038500806162
processing batch_results/200d-5-10-neg15/batch-4/letrecog_transaction_k_means_200d_k16_FalseNorm_trans_clust_11_k16...
chunks ... [0, 252, 504, 756, 1009]
num codes: 283
num codes with support 0: 0
chunks ... [0, 252, 504, 756, 1009]
num codes with usage 0: 39
database_size: 18247.93261686444
codetable_size: 5675.245310645164
complete: 23923.177927509605
database_size: 63511.28058087143
codetable_size: 467.922680094712
complete: 63979.20326096615
Partition 11 ratio: 0.37392116044222745
processing batch_results/200d-5-10-neg15/batch-4/letrecog_transaction_k_means_200d_k16_FalseNorm_trans_clust_12_k16...
chunks ... [0, 541, 1082, 1623, 2165]
num codes: 386
num codes with support 0: 0
chunks ... [0, 541, 1082, 1623, 2165]
num codes with usage 0: 45
database_size: 37931.59328818905
codetable_size: 8309.756760433944
complete: 46241.35004862299
database_size: 135353.03641661297
codetable_size: 556.0655392616557
complete: 135909.10195587462
Partition 12 ratio: 0.34023733056257033
processing batch_results/200d-5-10-neg15/batch-4/letrecog_transaction_k_means_200d_k16_FalseNorm_trans_clust_13_k16...
chunks ... [0, 200, 400, 600, 802]
num codes: 273
num codes with support 0: 0
chunks ... [0, 200, 400, 600, 802]
num codes with usage 0: 39
database_size: 18002.423945185914
codetable_size: 4734.911808669103
complete: 22737.33575385502
database_size: 50782.25862943595
codetable_size: 451.287038429047
complete: 51233.54566786499
Partition 13 ratio: 0.4437978175716319
processing batch_results/200d-5-10-neg15/batch-4/letrecog_transaction_k_means_200d_k16_FalseNorm_trans_clust_14_k16...
chunks ... [0, 644, 1288, 1932, 2579]
num codes: 399
num codes with support 0: 0
chunks ... [0, 644, 1288, 1932, 2579]
num codes with usage 0: 47
database_size: 52023.280848376126
codetable_size: 8461.699638539147
complete: 60484.98048691527
database_size: 160819.21996090325
codetable_size: 483.76808512216087
complete: 161302.98804602542
Partition 14 ratio: 0.3749774335839134
processing batch_results/200d-5-10-neg15/batch-4/letrecog_transaction_k_means_200d_k16_FalseNorm_trans_clust_15_k16...
chunks ... [0, 104, 208, 312, 417]
num codes: 169
num codes with support 0: 0
chunks ... [0, 104, 208, 312, 417]
num codes with usage 0: 41
database_size: 6810.211227452203
codetable_size: 2646.397714376567
complete: 9456.60894182877
database_size: 25406.933637696726
codetable_size: 319.77054891844165
complete: 25726.704186615167
Partition 15 ratio: 0.36757949534588114
number of codetables: 16
size: 259
size: 191
size: 294
size: 196
size: 266
size: 251
size: 149
size: 379
size: 353
size: 220
size: 394
size: 283
size: 386
size: 273
size: 399
size: 169
database_size: 1372600.4814621517
codetable_size: 535.3174551653476
complete: 1373135.798917317
database_size: 1372600.4814621517
codetable_size: 535.3174551653476
complete: 1373135.798917317
current singletons: {3, 4, 5, 6, 7, 8, 9, 10, 12, 13, 14, 15, 17, 18, 19, 20, 23, 24, 25, 27, 28, 29, 30, 31, 32, 33, 34, 35, 37, 38, 39, 40, 41, 42, 43, 44, 45, 46, 47, 48, 49, 50, 51, 52, 53, 54, 55, 57, 58, 59, 60, 64, 65, 67, 68, 69, 70, 72, 73, 74, 75, 78, 79, 80, 87, 88, 91, 93, 94, 96, 97, 101, 102, 103, 104, 105}
Added 26 singletons
added:  {1, 2, 11, 16, 22, 26, 56, 62, 63, 66, 76, 77, 81, 82, 83, 84, 85, 86, 89, 90, 92, 95, 98, 99, 100, 106}
chunks ... [0, 5000, 10000, 15000, 20000]
num codes: 285
num codes with support 0: 0
chunks ... [0, 5000, 10000, 15000, 20000]
database_size: 939927.7550092525
codetable_size: 6658.996009362157
complete: 946586.7510186146
Partition ratio: 0.6893613521437387
current singletons: {2, 3, 4, 5, 6, 7, 8, 9, 10, 11, 12, 13, 14, 15, 17, 18, 19, 20, 22, 23, 24, 25, 28, 29, 30, 31, 32, 33, 34, 35, 37, 38, 39, 40, 41, 43, 44, 45, 49, 50, 51, 52, 53, 54, 55, 58, 59, 60, 62, 63, 64, 68, 69, 70, 72, 73, 74, 75, 78, 79, 80, 81, 89, 90, 92}
Added 37 singletons
added:  {1, 16, 26, 27, 42, 46, 47, 48, 56, 57, 65, 66, 67, 76, 77, 82, 83, 84, 85, 86, 87, 88, 91, 93, 94, 95, 96, 97, 98, 99, 100, 101, 102, 103, 104, 105, 106}
chunks ... [0, 5000, 10000, 15000, 20000]
num codes: 228
num codes with support 0: 0
chunks ... [0, 5000, 10000, 15000, 20000]
database_size: 1154362.6524478581
codetable_size: 4523.419691325469
complete: 1158886.0721391835
Partition ratio: 0.8439704747723684
current singletons: {4, 5, 6, 7, 8, 9, 10, 13, 14, 15, 19, 20, 23, 24, 25, 26, 27, 28, 29, 30, 34, 35, 37, 38, 39, 40, 41, 42, 43, 44, 45, 46, 47, 48, 49, 50, 52, 53, 54, 55, 56, 57, 58, 59, 60, 62, 63, 64, 65, 69, 70, 73, 74, 75, 76, 77, 78, 79, 80, 83, 84, 85, 86, 89, 90, 96, 99, 100, 102, 105, 106}
Added 31 singletons
added:  {1, 2, 3, 11, 12, 16, 17, 18, 22, 31, 32, 33, 51, 66, 67, 68, 72, 81, 82, 87, 88, 91, 92, 93, 94, 95, 97, 98, 101, 103, 104}
chunks ... [0, 5000, 10000, 15000, 20000]
num codes: 325
num codes with support 0: 0
chunks ... [0, 5000, 10000, 15000, 20000]
database_size: 955284.2227894799
codetable_size: 7015.534928152778
complete: 962299.7577176327
Partition ratio: 0.7008045078107946
current singletons: {2, 3, 4, 5, 6, 7, 8, 9, 10, 12, 13, 14, 15, 17, 18, 19, 20, 22, 23, 24, 25, 27, 28, 29, 30, 32, 33, 34, 35, 37, 38, 39, 40, 41, 42, 43, 44, 45, 46, 47, 48, 49, 50, 51, 52, 53, 54, 55, 57, 58, 59, 60, 62, 63, 64, 65, 69, 70, 72, 73, 74, 75, 79, 80, 89, 90, 92, 100, 102, 105}
Added 32 singletons
added:  {1, 11, 16, 26, 31, 56, 66, 67, 68, 76, 77, 78, 81, 82, 83, 84, 85, 86, 87, 88, 91, 93, 94, 95, 96, 97, 98, 99, 101, 103, 104, 106}
chunks ... [0, 5000, 10000, 15000, 20000]
num codes: 228
num codes with support 0: 0
chunks ... [0, 5000, 10000, 15000, 20000]
database_size: 1023730.4571802134
codetable_size: 4807.485007057437
complete: 1028537.9421872708
Partition ratio: 0.7490431339698863
current singletons: {1, 2, 3, 6, 7, 8, 9, 10, 11, 12, 13, 16, 17, 18, 19, 20, 22, 23, 24, 26, 27, 28, 29, 30, 31, 32, 33, 34, 35, 37, 38, 39, 40, 41, 42, 43, 44, 45, 46, 47, 48, 49, 50, 51, 52, 53, 54, 55, 56, 57, 58, 59, 60, 62, 63, 64, 65, 68, 69, 70, 72, 73, 74, 75, 80, 82, 83, 84, 85, 86, 87, 88, 89, 90, 91, 92, 93, 94, 95, 96, 97, 98, 99, 100, 101, 102, 103, 104, 105, 106}
Added 12 singletons
added:  {66, 67, 4, 5, 76, 77, 14, 15, 78, 81, 79, 25}
chunks ... [0, 5000, 10000, 15000, 20000]
num codes: 278
num codes with support 0: 0
chunks ... [0, 5000, 10000, 15000, 20000]
database_size: 1178006.861521023
codetable_size: 7590.242027212628
complete: 1185597.1035482357
Partition ratio: 0.8634230529005573
current singletons: {2, 3, 4, 5, 6, 7, 8, 9, 10, 12, 13, 14, 15, 17, 18, 19, 20, 22, 23, 24, 26, 27, 28, 29, 30, 34, 35, 37, 38, 39, 40, 41, 42, 43, 44, 45, 47, 48, 49, 50, 53, 54, 55, 56, 57, 58, 59, 60, 62, 63, 64, 65, 70, 72, 73, 74, 75, 76, 77, 78, 79, 80, 83, 86, 91, 94, 96, 99, 100, 101, 102, 103, 105}
Added 29 singletons
added:  {1, 11, 16, 25, 31, 32, 33, 46, 51, 52, 66, 67, 68, 69, 81, 82, 84, 85, 87, 88, 89, 90, 92, 93, 95, 97, 98, 104, 106}
chunks ... [0, 5000, 10000, 15000, 20000]
num codes: 280
num codes with support 0: 0
chunks ... [0, 5000, 10000, 15000, 20000]
database_size: 1084698.208781963
codetable_size: 6267.534918154202
complete: 1090965.743700117
Partition ratio: 0.7945068102953227
current singletons: {2, 3, 4, 5, 6, 7, 8, 9, 10, 11, 12, 13, 14, 15, 17, 18, 19, 20, 22, 23, 24, 25, 26, 27, 28, 29, 30, 31, 32, 37, 38, 39, 40, 44, 45, 46, 47, 48, 49, 50, 51, 52, 56, 57, 58, 59, 60, 62, 63, 65, 68, 69, 70, 72, 73, 74, 75, 78, 79, 80, 92}
Added 41 singletons
added:  {1, 16, 33, 34, 35, 41, 42, 43, 53, 54, 55, 64, 66, 67, 76, 77, 81, 82, 83, 84, 85, 86, 87, 88, 89, 90, 91, 93, 94, 95, 96, 97, 98, 99, 100, 101, 102, 103, 104, 105, 106}
chunks ... [0, 5000, 10000, 15000, 20000]
num codes: 190
num codes with support 0: 0
chunks ... [0, 5000, 10000, 15000, 20000]
database_size: 1207386.1374811283
codetable_size: 3793.52256271603
complete: 1211179.6600438443
Partition ratio: 0.8820538077871314
current singletons: {4, 5, 6, 7, 8, 9, 10, 14, 15, 18, 19, 20, 24, 25, 26, 27, 28, 29, 30, 31, 32, 33, 34, 35, 37, 38, 39, 40, 41, 42, 43, 44, 45, 46, 47, 48, 49, 50, 51, 52, 53, 54, 55, 56, 57, 58, 59, 60, 62, 63, 64, 65, 66, 67, 68, 69, 70, 72, 73, 74, 75, 76, 77, 78, 79, 80, 81, 82, 83, 84, 85, 86, 87, 88, 89, 90, 91, 92, 93, 94, 95, 96, 98, 99, 100, 101, 102, 103, 104, 105, 106}
Added 11 singletons
added:  {97, 1, 3, 2, 11, 12, 13, 16, 17, 22, 23}
chunks ... [0, 5000, 10000, 15000, 20000]
num codes: 390
num codes with support 0: 0
chunks ... [0, 5000, 10000, 15000, 20000]
database_size: 814167.774898762
codetable_size: 8785.271319476686
complete: 822953.0462182387
Partition ratio: 0.5993238592039596
current singletons: {2, 3, 4, 5, 6, 7, 8, 9, 12, 13, 14, 15, 17, 18, 19, 20, 23, 24, 25, 27, 28, 29, 30, 31, 32, 33, 34, 35, 37, 38, 39, 40, 41, 42, 43, 44, 45, 46, 47, 48, 49, 50, 51, 52, 53, 54, 55, 56, 57, 58, 59, 60, 62, 63, 64, 65, 67, 68, 69, 70, 72, 73, 74, 75, 78, 79, 80, 81, 82, 83, 84, 85, 87, 88, 89, 90, 91, 93, 94, 95, 96, 97, 98, 99, 100, 101, 104, 106}
Added 14 singletons
added:  {1, 66, 102, 103, 105, 10, 11, 76, 77, 16, 86, 22, 26, 92}
chunks ... [0, 5000, 10000, 15000, 20000]
num codes: 367
num codes with support 0: 0
chunks ... [0, 5000, 10000, 15000, 20000]
database_size: 899838.7396804149
codetable_size: 8527.165885746103
complete: 908365.905566161
Partition ratio: 0.6615266358086248
current singletons: {4, 5, 6, 7, 8, 9, 10, 14, 15, 17, 18, 19, 20, 23, 24, 25, 26, 27, 28, 29, 30, 34, 35, 37, 38, 39, 40, 41, 42, 43, 44, 45, 46, 47, 48, 49, 50, 52, 54, 55, 56, 57, 58, 59, 60, 63, 64, 65, 69, 70, 72, 73, 74, 75, 77, 78, 79, 80, 88, 91, 94, 96, 100, 101, 102, 103, 105}
Added 35 singletons
added:  {1, 2, 3, 11, 12, 13, 16, 22, 31, 32, 33, 51, 53, 62, 66, 67, 68, 76, 81, 82, 83, 84, 85, 86, 87, 89, 90, 92, 93, 95, 97, 98, 99, 104, 106}
chunks ... [0, 5000, 10000, 15000, 20000]
num codes: 255
num codes with support 0: 0
chunks ... [0, 5000, 10000, 15000, 20000]
database_size: 997347.110512007
codetable_size: 5262.695091144613
complete: 1002609.8056031517
Partition ratio: 0.7301607068970777
current singletons: {4, 5, 6, 7, 8, 9, 10, 14, 15, 19, 20, 23, 24, 25, 27, 28, 29, 30, 31, 32, 33, 34, 35, 37, 38, 39, 40, 41, 42, 43, 44, 45, 46, 47, 48, 49, 50, 51, 52, 53, 54, 55, 56, 57, 58, 59, 60, 62, 63, 64, 65, 66, 67, 68, 69, 70, 72, 73, 74, 75, 76, 77, 78, 79, 80, 81, 82, 83, 84, 85, 86, 87, 88, 89, 90, 91, 92, 93, 94, 95, 96, 97, 98, 99, 100, 101, 102, 103, 104, 105, 106}
Added 11 singletons
added:  {1, 2, 3, 11, 12, 13, 16, 17, 18, 22, 26}
chunks ... [0, 5000, 10000, 15000, 20000]
num codes: 405
num codes with support 0: 0
chunks ... [0, 5000, 10000, 15000, 20000]
database_size: 818158.767893259
codetable_size: 9668.41592603107
complete: 827827.18381929
Partition ratio: 0.6028734990901926
current singletons: {2, 3, 4, 6, 7, 8, 11, 12, 13, 14, 16, 17, 18, 19, 20, 22, 23, 24, 25, 27, 28, 29, 30, 32, 33, 34, 35, 37, 38, 39, 40, 41, 42, 43, 44, 45, 46, 47, 48, 49, 50, 52, 53, 54, 55, 56, 57, 58, 59, 60, 62, 63, 64, 65, 67, 68, 69, 70, 72, 73, 74, 75, 78, 79, 80, 82, 83, 84, 85, 87, 88, 91, 93, 94, 95, 97, 98, 99, 100, 101, 102, 103, 104, 105, 106}
Added 17 singletons
added:  {96, 1, 66, 5, 90, 9, 10, 76, 77, 15, 81, 51, 86, 89, 26, 92, 31}
chunks ... [0, 5000, 10000, 15000, 20000]
num codes: 300
num codes with support 0: 0
chunks ... [0, 5000, 10000, 15000, 20000]
database_size: 1079276.4604884572
codetable_size: 7070.378565272915
complete: 1086346.8390537302
Partition ratio: 0.7911430463835313
current singletons: {2, 3, 4, 5, 6, 7, 8, 9, 10, 12, 13, 14, 15, 19, 20, 23, 24, 25, 26, 27, 28, 29, 30, 31, 32, 33, 34, 35, 37, 38, 39, 40, 41, 42, 43, 44, 45, 46, 47, 48, 49, 50, 51, 52, 53, 54, 55, 56, 57, 58, 59, 60, 62, 63, 64, 65, 67, 68, 69, 70, 73, 74, 75, 76, 77, 78, 79, 80, 81, 82, 83, 84, 85, 86, 87, 88, 89, 90, 91, 92, 93, 94, 95, 96, 97, 98, 99, 100, 101, 102, 104, 105, 106}
Added 9 singletons
added:  {1, 66, 103, 72, 11, 16, 17, 18, 22}
chunks ... [0, 5000, 10000, 15000, 20000]
num codes: 395
num codes with support 0: 0
chunks ... [0, 5000, 10000, 15000, 20000]
database_size: 791004.8997158109
codetable_size: 9222.731098697013
complete: 800227.630814508
Partition ratio: 0.5827738461450551
current singletons: {3, 4, 5, 6, 7, 8, 9, 10, 13, 14, 15, 18, 19, 20, 24, 25, 27, 28, 29, 30, 31, 32, 33, 34, 35, 37, 38, 39, 40, 41, 42, 43, 44, 45, 46, 47, 48, 49, 50, 51, 52, 53, 54, 55, 56, 57, 58, 59, 60, 62, 63, 64, 65, 66, 67, 68, 69, 70, 72, 73, 74, 75, 76, 77, 78, 79, 80, 81, 84, 87, 88, 89, 90, 91, 92, 93, 94, 97, 98, 99, 104, 106}
Added 20 singletons
added:  {1, 2, 11, 12, 16, 17, 22, 23, 26, 82, 83, 85, 86, 95, 96, 100, 101, 102, 103, 105}
chunks ... [0, 5000, 10000, 15000, 20000]
num codes: 293
num codes with support 0: 0
chunks ... [0, 5000, 10000, 15000, 20000]
database_size: 965018.5074735082
codetable_size: 5979.094845918225
complete: 970997.6023194265
Partition ratio: 0.7071388009001248
current singletons: {3, 4, 5, 6, 7, 8, 9, 10, 13, 14, 15, 19, 20, 24, 25, 28, 29, 30, 31, 32, 33, 34, 35, 37, 38, 39, 40, 41, 42, 43, 44, 45, 46, 47, 48, 49, 50, 51, 52, 53, 54, 55, 56, 57, 58, 59, 60, 62, 63, 64, 65, 66, 67, 68, 69, 70, 72, 73, 74, 75, 76, 77, 78, 79, 80, 81, 82, 84, 85, 86, 87, 88, 89, 90, 91, 92, 93, 94, 95, 96, 97, 98, 99, 100, 104, 106}
Added 16 singletons
added:  {1, 2, 101, 102, 103, 105, 11, 12, 16, 17, 18, 83, 22, 23, 26, 27}
chunks ... [0, 5000, 10000, 15000, 20000]
num codes: 415
num codes with support 0: 0
chunks ... [0, 5000, 10000, 15000, 20000]
database_size: 804860.1484124288
codetable_size: 9495.9569389097
complete: 814356.1053513385
Partition ratio: 0.5930630502776475
current singletons: {2, 3, 4, 5, 6, 7, 8, 9, 10, 12, 13, 14, 15, 16, 17, 18, 19, 20, 22, 23, 24, 25, 28, 29, 30, 31, 32, 33, 34, 37, 38, 39, 40, 41, 42, 43, 45, 46, 47, 48, 49, 50, 51, 52, 59, 60, 63, 64, 65, 66, 67, 68, 69, 72, 73, 74, 75, 76, 78, 79, 80, 81, 92}
Added 39 singletons
added:  {1, 11, 26, 27, 35, 44, 53, 54, 55, 56, 57, 58, 62, 70, 77, 82, 83, 84, 85, 86, 87, 88, 89, 90, 91, 93, 94, 95, 96, 97, 98, 99, 100, 101, 102, 103, 104, 105, 106}
chunks ... [0, 5000, 10000, 15000, 20000]
num codes: 208
num codes with support 0: 0
chunks ... [0, 5000, 10000, 15000, 20000]
database_size: 1268600.5815319875
codetable_size: 4252.911812179959
complete: 1272853.4933441675
Partition ratio: 0.926968399154534
initial ratio: 0.5827738461450551
merged: {12}
merged: {12}
to_process: {0, 1, 2, 3, 4, 5, 6, 7, 8, 9, 10, 11, 13, 14, 15}
[(0, 0.2852406981710648), (1, 0.11893659612132634), (2, 0.25748091200499734), (3, 0.16731480101214524), (4, 0.20542819672789903), (5, 0.17486752762480787), (6, 0.0871099991320539), (7, 0.315874320823702), (8, 0.3508249177684594), (9, 0.20876679895323064), (10, 0.31428128919026355), (11, 0.24117695015261162), (13, 0.18170126036884934), (14, 0.2878532197065447), (15, 0.10573086258376842)]
next_candidate: 6
chunks ... [0, 5000, 10000, 15000, 20000]
chunks ... [0, 5000, 10000, 15000, 20000]
database_size: 762219.7011405608
codetable_size: 11697.471883387838
complete: 773917.1730239487
current_ratio: 0.5827738461450551 --- candidate_ratio:0.5636129897961751
!!!!! ********* merge accepted ... 
merged: {12, 6}
to_process: {0, 1, 2, 3, 4, 5, 7, 8, 9, 10, 11, 13, 14, 15}
[(0, 0.2609700536723524), (1, 0.13287906702869207), (2, 0.2475293199197412), (3, 0.15950674470371176), (4, 0.20085107143293626), (5, 0.17891408486533783), (7, 0.30027480680270846), (8, 0.32306716669523056), (9, 0.19522050632234342), (10, 0.3135022231578207), (11, 0.23042075291673292), (13, 0.18507358193673987), (14, 0.2877705512332278), (15, 0.11960341451270046)]
next_candidate: 15
chunks ... [0, 5000, 10000, 15000, 20000]
chunks ... [0, 5000, 10000, 15000, 20000]
database_size: 749211.1514237232
codetable_size: 14863.46718859687
complete: 764074.61861232
current_ratio: 0.5636129897961751 --- candidate_ratio:0.5564450502381291
!!!!! ********* merge accepted ... 
merged: {12, 6, 15}
to_process: {0, 1, 2, 3, 4, 5, 7, 8, 9, 10, 11, 13, 14}
[(0, 0.23609217177145614), (1, 0.12347445772425962), (2, 0.23121032651176135), (3, 0.14258650417793392), (4, 0.18648738542455323), (5, 0.17634420304292786), (7, 0.27896499788937046), (8, 0.29924221246171), (9, 0.18230912207228442), (10, 0.317197813062285), (11, 0.21942793824042403), (13, 0.18345582098823993), (14, 0.2823069378956682)]
next_candidate: 1
chunks ... [0, 5000, 10000, 15000, 20000]
chunks ... [0, 5000, 10000, 15000, 20000]
database_size: 735762.4558410888
codetable_size: 17876.434227866877
complete: 753638.8900689557
current_ratio: 0.5564450502381291 --- candidate_ratio:0.5488451256337363
!!!!! ********* merge accepted ... 
merged: {1, 12, 6, 15}
to_process: {0, 2, 3, 4, 5, 7, 8, 9, 10, 11, 13, 14}
[(0, 0.20870415793182562), (2, 0.2089967013293337), (3, 0.12683125170946272), (4, 0.17387346472041587), (5, 0.16118943525070614), (7, 0.2529417886500521), (8, 0.27330547443585596), (9, 0.16073692742027307), (10, 0.3039700457848222), (11, 0.20965317397506006), (13, 0.1625574298433004), (14, 0.276031002012418)]
next_candidate: 3
chunks ... [0, 5000, 10000, 15000, 20000]
chunks ... [0, 5000, 10000, 15000, 20000]
database_size: 716435.1995900593
codetable_size: 21069.41859723003
complete: 737504.6181872893
current_ratio: 0.5488451256337363 --- candidate_ratio:0.5370951793470049
!!!!! ********* merge accepted ... 
merged: {1, 3, 6, 12, 15}
to_process: {0, 2, 4, 5, 7, 8, 9, 10, 11, 13, 14}
[(0, 0.1810941946024632), (2, 0.18857071127813035), (4, 0.1543350428792394), (5, 0.1447975836543181), (7, 0.23109882967103693), (8, 0.23635382796356055), (9, 0.14532138110287376), (10, 0.2857209647654193), (11, 0.18133159806753263), (13, 0.13679738075239264), (14, 0.2511155739514124)]
next_candidate: 13
chunks ... [0, 5000, 10000, 15000, 20000]
chunks ... [0, 5000, 10000, 15000, 20000]
database_size: 724715.2294684042
codetable_size: 25935.687353710706
complete: 750650.916822115
current_ratio: 0.5370951793470049 --- candidate_ratio:0.5466691039691662
!!!!! ********* merge rejected ... 
merged: {1, 3, 6, 12, 15}
to_process: {0, 2, 4, 5, 7, 8, 9, 10, 11, 14}
[(0, 0.1810941946024632), (2, 0.18857071127813035), (4, 0.1543350428792394), (5, 0.1447975836543181), (7, 0.23109882967103693), (8, 0.23635382796356055), (9, 0.14532138110287376), (10, 0.2857209647654193), (11, 0.18133159806753263), (14, 0.2511155739514124)]
next_candidate: 5
chunks ... [0, 5000, 10000, 15000, 20000]
chunks ... [0, 5000, 10000, 15000, 20000]
database_size: 693844.3926045864
codetable_size: 26214.430452493056
complete: 720058.8230570795
current_ratio: 0.5370951793470049 --- candidate_ratio:0.5243901030217315
!!!!! ********* merge accepted ... 
merged: {1, 3, 5, 6, 12, 15}
to_process: {0, 2, 4, 7, 8, 9, 10, 11, 14}
[(0, 0.15419443013447842), (2, 0.17569359319806355), (4, 0.13184299168417526), (7, 0.20172287345161105), (8, 0.20366068857097602), (9, 0.12682092291415875), (10, 0.2531307029468017), (11, 0.15711831284825792), (14, 0.2244555621049503)]
next_candidate: 9
chunks ... [0, 5000, 10000, 15000, 20000]
chunks ... [0, 5000, 10000, 15000, 20000]
database_size: 680087.4820974078
codetable_size: 30441.040886020994
complete: 710528.5229834288
current_ratio: 0.5243901030217315 --- candidate_ratio:0.51744956583585
!!!!! ********* merge accepted ... 
merged: {1, 3, 5, 6, 9, 12, 15}
to_process: {0, 2, 4, 7, 8, 10, 11, 14}
[(0, 0.1378096486556537), (2, 0.15034428127693403), (4, 0.11194543790333451), (7, 0.1948610640414887), (8, 0.1728880301847133), (10, 0.2474269211957014), (11, 0.13352327595338992), (14, 0.21951313595864885)]
next_candidate: 4
chunks ... [0, 5000, 10000, 15000, 20000]
chunks ... [0, 5000, 10000, 15000, 20000]
database_size: 653402.0670412737
codetable_size: 36614.72399786501
complete: 690016.7910391387
current_ratio: 0.51744956583585 --- candidate_ratio:0.5025116900915405
!!!!! ********* merge accepted ... 
merged: {1, 3, 4, 5, 6, 9, 12, 15}
to_process: {0, 2, 7, 8, 10, 11, 14}
[(0, 0.12233992438141197), (2, 0.13074138383304218), (7, 0.1707056514924622), (8, 0.15066403376692689), (10, 0.21973163878281185), (11, 0.11936465905557386), (14, 0.1947984404392577)]
next_candidate: 11
chunks ... [0, 5000, 10000, 15000, 20000]
chunks ... [0, 5000, 10000, 15000, 20000]
database_size: 638622.4916822289
codetable_size: 42448.26286251685
complete: 681070.7545447457
current_ratio: 0.5025116900915405 --- candidate_ratio:0.49599664875225946
!!!!! ********* merge accepted ... 
merged: {1, 3, 4, 5, 6, 9, 11, 12, 15}
to_process: {0, 2, 7, 8, 10, 14}
[(0, 0.10740782980940461), (2, 0.11369575345077314), (7, 0.14991279989524947), (8, 0.1323772437912236), (10, 0.19707850467106516), (14, 0.17477760268677517)]
next_candidate: 0
chunks ... [0, 5000, 10000, 15000, 20000]
chunks ... [0, 5000, 10000, 15000, 20000]
database_size: 629598.3086730047
codetable_size: 47836.787858447715
complete: 677435.0965314525
current_ratio: 0.49599664875225946 --- candidate_ratio:0.49334894412161784
!!!!! ********* merge accepted ... 
merged: {0, 1, 3, 4, 5, 6, 9, 11, 12, 15}
to_process: {2, 7, 8, 10, 14}
[(2, 0.0982529727241115), (7, 0.1318104918333174), (8, 0.1145280479966181), (10, 0.1848712293852353), (14, 0.1573462411888817)]
next_candidate: 2
chunks ... [0, 5000, 10000, 15000, 20000]
chunks ... [0, 5000, 10000, 15000, 20000]
database_size: 617875.7156672962
codetable_size: 53564.13488225344
complete: 671439.8505495497
current_ratio: 0.49334894412161784 --- candidate_ratio:0.4889828457454558
!!!!! ********* merge accepted ... 
merged: {0, 1, 2, 3, 4, 5, 6, 9, 11, 12, 15}
to_process: {7, 8, 10, 14}
[(7, 0.11829988717225004), (8, 0.09995187936209796), (10, 0.16432206397388427), (14, 0.1416153327832563)]
next_candidate: 8
chunks ... [0, 5000, 10000, 15000, 20000]
chunks ... [0, 5000, 10000, 15000, 20000]
database_size: 604224.1355066427
codetable_size: 60515.77179040323
complete: 664739.9072970459
current_ratio: 0.4889828457454558 --- candidate_ratio:0.48410354447184073
!!!!! ********* merge accepted ... 
merged: {0, 1, 2, 3, 4, 5, 6, 8, 9, 11, 12, 15}
to_process: {7, 10, 14}
[(7, 0.10276826543044316), (10, 0.14345900351056762), (14, 0.1259548030057846)]
next_candidate: 7
chunks ... [0, 5000, 10000, 15000, 20000]
chunks ... [0, 5000, 10000, 15000, 20000]
database_size: 580665.7332478624
codetable_size: 68087.23389906297
complete: 648752.9671469254
current_ratio: 0.48410354447184073 --- candidate_ratio:0.47246089400513097
!!!!! ********* merge accepted ... 
merged: {0, 1, 2, 3, 4, 5, 6, 7, 8, 9, 11, 12, 15}
to_process: {10, 14}
[(10, 0.1254962739793983), (14, 0.10939189722163994)]
next_candidate: 14
chunks ... [0, 5000, 10000, 15000, 20000]
chunks ... [0, 5000, 10000, 15000, 20000]
database_size: 558473.0253120738
codetable_size: 75903.95964067311
complete: 634376.9849527469
current_ratio: 0.47246089400513097 --- candidate_ratio:0.4619914399238132
!!!!! ********* merge accepted ... 
merged: {0, 1, 2, 3, 4, 5, 6, 7, 8, 9, 11, 12, 14, 15}
to_process: {10}
[(10, 0.10592467811193353)]
next_candidate: 10
chunks ... [0, 5000, 10000, 15000, 20000]
chunks ... [0, 5000, 10000, 15000, 20000]
database_size: 557897.5950176192
codetable_size: 82773.71523517648
complete: 640671.3102527957
current_ratio: 0.4619914399238132 --- candidate_ratio:0.466575345831016
!!!!! ********* merge rejected ... 
merged table size: 2693
chunks ... [0, 5000, 10000, 15000, 20000]
chunks ... [0, 5000, 10000, 15000, 20000]
merged table size without non-used codes: 2561
database_size: 558473.0253120738
codetable_size: 75903.95964067311
complete: 634376.9849527469
database_size: 1372600.4814621517
codetable_size: 535.3174551653476
complete: 1373135.798917317
merged size: 634376.9849527469
sct size: 1373135.798917317
merged ratio: 0.4619914399238132
time elapsed: 112.83943104743958
