
-- MERGING METHOD naive
processing batch_results/200d-5-10-neg15/batch-4/pendigits_transaction_k_means_200d_k16_FalseNorm_trans_clust_0_k16...
chunks ... [0, 243, 486, 729, 973]
num codes: 242
num codes with support 0: 0
chunks ... [0, 243, 486, 729, 973]
num codes with usage 0: 54
database_size: 17636.090638648435
codetable_size: 3919.146841379098
complete: 21555.237480027532
database_size: 59012.552149711875
codetable_size: 357.5769861423407
complete: 59370.129135854215
Partition 0 ratio: 0.3630653628982947
processing batch_results/200d-5-10-neg15/batch-4/pendigits_transaction_k_means_200d_k16_FalseNorm_trans_clust_1_k16...
chunks ... [0, 137, 274, 411, 549]
num codes: 160
num codes with support 0: 0
chunks ... [0, 137, 274, 411, 549]
num codes with usage 0: 33
database_size: 7520.038225671472
codetable_size: 2674.4456489882245
complete: 10194.483874659696
database_size: 31886.491809390678
codetable_size: 367.7788998977282
complete: 32254.270709288405
Partition 1 ratio: 0.3160661720286221
processing batch_results/200d-5-10-neg15/batch-4/pendigits_transaction_k_means_200d_k16_FalseNorm_trans_clust_2_k16...
chunks ... [0, 133, 266, 399, 533]
num codes: 149
num codes with support 0: 0
chunks ... [0, 133, 266, 399, 533]
num codes with usage 0: 38
database_size: 7067.053099707828
codetable_size: 2234.922126720379
complete: 9301.975226428207
database_size: 30577.32385395244
codetable_size: 340.7651593076985
complete: 30918.089013260138
Partition 2 ratio: 0.3008586728125008
processing batch_results/200d-5-10-neg15/batch-4/pendigits_transaction_k_means_200d_k16_FalseNorm_trans_clust_3_k16...
chunks ... [0, 211, 422, 633, 846]
num codes: 207
num codes with support 0: 0
chunks ... [0, 211, 422, 633, 846]
num codes with usage 0: 43
database_size: 12383.263723362801
codetable_size: 3482.0791028949666
complete: 15865.342826257767
database_size: 50680.63390125247
codetable_size: 418.4522692766649
complete: 51099.08617052913
Partition 3 ratio: 0.3104819286456817
processing batch_results/200d-5-10-neg15/batch-4/pendigits_transaction_k_means_200d_k16_FalseNorm_trans_clust_4_k16...
chunks ... [0, 174, 348, 522, 698]
num codes: 253
num codes with support 0: 0
chunks ... [0, 174, 348, 522, 698]
num codes with usage 0: 29
database_size: 16573.989814754746
codetable_size: 4441.869101698737
complete: 21015.858916453482
database_size: 45558.49984726751
codetable_size: 406.7012340419338
complete: 45965.20108130944
Partition 4 ratio: 0.4572123785399698
processing batch_results/200d-5-10-neg15/batch-4/pendigits_transaction_k_means_200d_k16_FalseNorm_trans_clust_5_k16...
chunks ... [0, 151, 302, 453, 607]
num codes: 275
num codes with support 0: 0
chunks ... [0, 151, 302, 453, 607]
num codes with usage 0: 44
database_size: 14250.123442248263
codetable_size: 4694.206491437785
complete: 18944.329933686047
database_size: 39447.55066358909
codetable_size: 444.0236704929001
complete: 39891.57433408199
Partition 5 ratio: 0.4748955199168628
processing batch_results/200d-5-10-neg15/batch-4/pendigits_transaction_k_means_200d_k16_FalseNorm_trans_clust_6_k16...
chunks ... [0, 222, 444, 666, 890]
num codes: 253
num codes with support 0: 0
chunks ... [0, 222, 444, 666, 890]
num codes with usage 0: 47
database_size: 17439.49793190349
codetable_size: 4341.2564394723795
complete: 21780.75437137587
database_size: 55441.43811706016
codetable_size: 402.88270169811454
complete: 55844.32081875828
Partition 6 ratio: 0.39002630978474806
processing batch_results/200d-5-10-neg15/batch-4/pendigits_transaction_k_means_200d_k16_FalseNorm_trans_clust_7_k16...
chunks ... [0, 225, 450, 675, 900]
num codes: 289
num codes with support 0: 0
chunks ... [0, 225, 450, 675, 900]
num codes with usage 0: 24
database_size: 22689.720007099986
codetable_size: 5079.411923300379
complete: 27769.131930400366
database_size: 58416.656158806676
codetable_size: 386.5398799798986
complete: 58803.19603878658
Partition 7 ratio: 0.47223848023641185
processing batch_results/200d-5-10-neg15/batch-4/pendigits_transaction_k_means_200d_k16_FalseNorm_trans_clust_8_k16...
chunks ... [0, 188, 376, 564, 753]
num codes: 217
num codes with support 0: 0
chunks ... [0, 188, 376, 564, 753]
num codes with usage 0: 41
database_size: 11385.71612864139
codetable_size: 3800.3824443648423
complete: 15186.098573006233
database_size: 44419.22911829647
codetable_size: 369.8570682341597
complete: 44789.08618653063
Partition 8 ratio: 0.3390580131454687
processing batch_results/200d-5-10-neg15/batch-4/pendigits_transaction_k_means_200d_k16_FalseNorm_trans_clust_9_k16...
chunks ... [0, 161, 322, 483, 646]
num codes: 252
num codes with support 0: 0
chunks ... [0, 161, 322, 483, 646]
num codes with usage 0: 34
database_size: 15523.337270656963
codetable_size: 4097.526164388319
complete: 19620.86343504528
database_size: 41392.31857861582
codetable_size: 410.6987125122617
complete: 41803.01729112808
Partition 9 ratio: 0.4693647661459463
processing batch_results/200d-5-10-neg15/batch-4/pendigits_transaction_k_means_200d_k16_FalseNorm_trans_clust_10_k16...
chunks ... [0, 117, 234, 351, 471]
num codes: 174
num codes with support 0: 0
chunks ... [0, 117, 234, 351, 471]
num codes with usage 0: 39
database_size: 8672.722368806777
codetable_size: 2628.9477441313416
complete: 11301.670112938118
database_size: 28385.251028429866
codetable_size: 378.5591949907586
complete: 28763.810223420624
Partition 10 ratio: 0.39291283126794707
processing batch_results/200d-5-10-neg15/batch-4/pendigits_transaction_k_means_200d_k16_FalseNorm_trans_clust_11_k16...
chunks ... [0, 269, 538, 807, 1079]
num codes: 253
num codes with support 0: 0
chunks ... [0, 269, 538, 807, 1079]
num codes with usage 0: 41
database_size: 17942.66168607923
codetable_size: 4751.75856065321
complete: 22694.420246732443
database_size: 65453.59384890479
codetable_size: 349.4843456668246
complete: 65803.07819457162
Partition 11 ratio: 0.34488386971241425
processing batch_results/200d-5-10-neg15/batch-4/pendigits_transaction_k_means_200d_k16_FalseNorm_trans_clust_12_k16...
chunks ... [0, 143, 286, 429, 572]
num codes: 154
num codes with support 0: 0
chunks ... [0, 143, 286, 429, 572]
num codes with usage 0: 33
database_size: 8454.135072356972
codetable_size: 2371.2114824126243
complete: 10825.346554769596
database_size: 33040.24636025007
codetable_size: 266.87056429008396
complete: 33307.116924540154
Partition 12 ratio: 0.32501601922782014
processing batch_results/200d-5-10-neg15/batch-4/pendigits_transaction_k_means_200d_k16_FalseNorm_trans_clust_13_k16...
chunks ... [0, 99, 198, 297, 399]
num codes: 174
num codes with support 0: 0
chunks ... [0, 99, 198, 297, 399]
num codes with usage 0: 30
database_size: 8623.330060543582
codetable_size: 2600.524279089549
complete: 11223.85433963313
database_size: 24483.662709411095
codetable_size: 371.1596792434507
complete: 24854.822388654546
Partition 13 ratio: 0.45157652563860085
processing batch_results/200d-5-10-neg15/batch-4/pendigits_transaction_k_means_200d_k16_FalseNorm_trans_clust_14_k16...
chunks ... [0, 103, 206, 309, 412]
num codes: 159
num codes with support 0: 0
chunks ... [0, 103, 206, 309, 412]
num codes with usage 0: 51
database_size: 6792.062421749041
codetable_size: 2103.1310544240055
complete: 8895.193476173046
database_size: 24306.40627148767
codetable_size: 300.8733459460599
complete: 24607.27961743373
Partition 14 ratio: 0.3614862599387456
processing batch_results/200d-5-10-neg15/batch-4/pendigits_transaction_k_means_200d_k16_FalseNorm_trans_clust_15_k16...
chunks ... [0, 166, 332, 498, 664]
num codes: 176
num codes with support 0: 0
chunks ... [0, 166, 332, 498, 664]
num codes with usage 0: 35
database_size: 9994.690785146477
codetable_size: 2869.1039049719975
complete: 12863.794690118473
database_size: 39052.02206423168
codetable_size: 331.3757052190359
complete: 39383.39776945071
Partition 15 ratio: 0.3266298851465981
number of codetables: 16
size: 242
size: 160
size: 149
size: 207
size: 253
size: 275
size: 253
size: 289
size: 217
size: 252
size: 174
size: 253
size: 154
size: 174
size: 159
size: 176
merged table size: 2190
chunks ... [0, 2748, 5496, 8244, 10992]
chunks ... [0, 2748, 5496, 8244, 10992]
merged table size without non-used codes: 2127
database_size: 308998.03215047636
codetable_size: 57890.83783214263
complete: 366888.86998261895
database_size: 790738.936801035
codetable_size: 411.51868678919095
complete: 791150.4554878242
merged size: 366888.86998261895
sct size: 791150.4554878242
merged ratio: 0.4637409577883576
time elapsed: 5.631723880767822
-- MERGING METHOD naive_plus
processing batch_results/200d-5-10-neg15/batch-4/pendigits_transaction_k_means_200d_k16_FalseNorm_trans_clust_0_k16...
chunks ... [0, 243, 486, 729, 973]
num codes: 242
num codes with support 0: 0
chunks ... [0, 243, 486, 729, 973]
num codes with usage 0: 54
database_size: 17636.090638648435
codetable_size: 3919.146841379098
complete: 21555.237480027532
database_size: 59012.552149711875
codetable_size: 357.5769861423407
complete: 59370.129135854215
Partition 0 ratio: 0.3630653628982947
processing batch_results/200d-5-10-neg15/batch-4/pendigits_transaction_k_means_200d_k16_FalseNorm_trans_clust_1_k16...
chunks ... [0, 137, 274, 411, 549]
num codes: 160
num codes with support 0: 0
chunks ... [0, 137, 274, 411, 549]
num codes with usage 0: 33
database_size: 7520.038225671472
codetable_size: 2674.4456489882245
complete: 10194.483874659696
database_size: 31886.491809390678
codetable_size: 367.7788998977282
complete: 32254.270709288405
Partition 1 ratio: 0.3160661720286221
processing batch_results/200d-5-10-neg15/batch-4/pendigits_transaction_k_means_200d_k16_FalseNorm_trans_clust_2_k16...
chunks ... [0, 133, 266, 399, 533]
num codes: 149
num codes with support 0: 0
chunks ... [0, 133, 266, 399, 533]
num codes with usage 0: 38
database_size: 7067.053099707828
codetable_size: 2234.922126720379
complete: 9301.975226428207
database_size: 30577.32385395244
codetable_size: 340.7651593076985
complete: 30918.089013260138
Partition 2 ratio: 0.3008586728125008
processing batch_results/200d-5-10-neg15/batch-4/pendigits_transaction_k_means_200d_k16_FalseNorm_trans_clust_3_k16...
chunks ... [0, 211, 422, 633, 846]
num codes: 207
num codes with support 0: 0
chunks ... [0, 211, 422, 633, 846]
num codes with usage 0: 43
database_size: 12383.263723362801
codetable_size: 3482.0791028949666
complete: 15865.342826257767
database_size: 50680.63390125247
codetable_size: 418.4522692766649
complete: 51099.08617052913
Partition 3 ratio: 0.3104819286456817
processing batch_results/200d-5-10-neg15/batch-4/pendigits_transaction_k_means_200d_k16_FalseNorm_trans_clust_4_k16...
chunks ... [0, 174, 348, 522, 698]
num codes: 253
num codes with support 0: 0
chunks ... [0, 174, 348, 522, 698]
num codes with usage 0: 29
database_size: 16573.989814754746
codetable_size: 4441.869101698737
complete: 21015.858916453482
database_size: 45558.49984726751
codetable_size: 406.7012340419338
complete: 45965.20108130944
Partition 4 ratio: 0.4572123785399698
processing batch_results/200d-5-10-neg15/batch-4/pendigits_transaction_k_means_200d_k16_FalseNorm_trans_clust_5_k16...
chunks ... [0, 151, 302, 453, 607]
num codes: 275
num codes with support 0: 0
chunks ... [0, 151, 302, 453, 607]
num codes with usage 0: 44
database_size: 14250.123442248263
codetable_size: 4694.206491437785
complete: 18944.329933686047
database_size: 39447.55066358909
codetable_size: 444.0236704929001
complete: 39891.57433408199
Partition 5 ratio: 0.4748955199168628
processing batch_results/200d-5-10-neg15/batch-4/pendigits_transaction_k_means_200d_k16_FalseNorm_trans_clust_6_k16...
chunks ... [0, 222, 444, 666, 890]
num codes: 253
num codes with support 0: 0
chunks ... [0, 222, 444, 666, 890]
num codes with usage 0: 47
database_size: 17439.49793190349
codetable_size: 4341.2564394723795
complete: 21780.75437137587
database_size: 55441.43811706016
codetable_size: 402.88270169811454
complete: 55844.32081875828
Partition 6 ratio: 0.39002630978474806
processing batch_results/200d-5-10-neg15/batch-4/pendigits_transaction_k_means_200d_k16_FalseNorm_trans_clust_7_k16...
chunks ... [0, 225, 450, 675, 900]
num codes: 289
num codes with support 0: 0
chunks ... [0, 225, 450, 675, 900]
num codes with usage 0: 24
database_size: 22689.720007099986
codetable_size: 5079.411923300379
complete: 27769.131930400366
database_size: 58416.656158806676
codetable_size: 386.5398799798986
complete: 58803.19603878658
Partition 7 ratio: 0.47223848023641185
processing batch_results/200d-5-10-neg15/batch-4/pendigits_transaction_k_means_200d_k16_FalseNorm_trans_clust_8_k16...
chunks ... [0, 188, 376, 564, 753]
num codes: 217
num codes with support 0: 0
chunks ... [0, 188, 376, 564, 753]
num codes with usage 0: 41
database_size: 11385.71612864139
codetable_size: 3800.3824443648423
complete: 15186.098573006233
database_size: 44419.22911829647
codetable_size: 369.8570682341597
complete: 44789.08618653063
Partition 8 ratio: 0.3390580131454687
processing batch_results/200d-5-10-neg15/batch-4/pendigits_transaction_k_means_200d_k16_FalseNorm_trans_clust_9_k16...
chunks ... [0, 161, 322, 483, 646]
num codes: 252
num codes with support 0: 0
chunks ... [0, 161, 322, 483, 646]
num codes with usage 0: 34
database_size: 15523.337270656963
codetable_size: 4097.526164388319
complete: 19620.86343504528
database_size: 41392.31857861582
codetable_size: 410.6987125122617
complete: 41803.01729112808
Partition 9 ratio: 0.4693647661459463
processing batch_results/200d-5-10-neg15/batch-4/pendigits_transaction_k_means_200d_k16_FalseNorm_trans_clust_10_k16...
chunks ... [0, 117, 234, 351, 471]
num codes: 174
num codes with support 0: 0
chunks ... [0, 117, 234, 351, 471]
num codes with usage 0: 39
database_size: 8672.722368806777
codetable_size: 2628.9477441313416
complete: 11301.670112938118
database_size: 28385.251028429866
codetable_size: 378.5591949907586
complete: 28763.810223420624
Partition 10 ratio: 0.39291283126794707
processing batch_results/200d-5-10-neg15/batch-4/pendigits_transaction_k_means_200d_k16_FalseNorm_trans_clust_11_k16...
chunks ... [0, 269, 538, 807, 1079]
num codes: 253
num codes with support 0: 0
chunks ... [0, 269, 538, 807, 1079]
num codes with usage 0: 41
database_size: 17942.66168607923
codetable_size: 4751.75856065321
complete: 22694.420246732443
database_size: 65453.59384890479
codetable_size: 349.4843456668246
complete: 65803.07819457162
Partition 11 ratio: 0.34488386971241425
processing batch_results/200d-5-10-neg15/batch-4/pendigits_transaction_k_means_200d_k16_FalseNorm_trans_clust_12_k16...
chunks ... [0, 143, 286, 429, 572]
num codes: 154
num codes with support 0: 0
chunks ... [0, 143, 286, 429, 572]
num codes with usage 0: 33
database_size: 8454.135072356972
codetable_size: 2371.2114824126243
complete: 10825.346554769596
database_size: 33040.24636025007
codetable_size: 266.87056429008396
complete: 33307.116924540154
Partition 12 ratio: 0.32501601922782014
processing batch_results/200d-5-10-neg15/batch-4/pendigits_transaction_k_means_200d_k16_FalseNorm_trans_clust_13_k16...
chunks ... [0, 99, 198, 297, 399]
num codes: 174
num codes with support 0: 0
chunks ... [0, 99, 198, 297, 399]
num codes with usage 0: 30
database_size: 8623.330060543582
codetable_size: 2600.524279089549
complete: 11223.85433963313
database_size: 24483.662709411095
codetable_size: 371.1596792434507
complete: 24854.822388654546
Partition 13 ratio: 0.45157652563860085
processing batch_results/200d-5-10-neg15/batch-4/pendigits_transaction_k_means_200d_k16_FalseNorm_trans_clust_14_k16...
chunks ... [0, 103, 206, 309, 412]
num codes: 159
num codes with support 0: 0
chunks ... [0, 103, 206, 309, 412]
num codes with usage 0: 51
database_size: 6792.062421749041
codetable_size: 2103.1310544240055
complete: 8895.193476173046
database_size: 24306.40627148767
codetable_size: 300.8733459460599
complete: 24607.27961743373
Partition 14 ratio: 0.3614862599387456
processing batch_results/200d-5-10-neg15/batch-4/pendigits_transaction_k_means_200d_k16_FalseNorm_trans_clust_15_k16...
chunks ... [0, 166, 332, 498, 664]
num codes: 176
num codes with support 0: 0
chunks ... [0, 166, 332, 498, 664]
num codes with usage 0: 35
database_size: 9994.690785146477
codetable_size: 2869.1039049719975
complete: 12863.794690118473
database_size: 39052.02206423168
codetable_size: 331.3757052190359
complete: 39383.39776945071
Partition 15 ratio: 0.3266298851465981
number of codetables: 16
size: 242
size: 160
size: 149
size: 207
size: 253
size: 275
size: 253
size: 289
size: 217
size: 252
size: 174
size: 253
size: 154
size: 174
size: 159
size: 176
database_size: 790738.936801035
codetable_size: 411.51868678919095
complete: 791150.4554878242
current singletons: {1, 2, 3, 4, 5, 6, 7, 8, 9, 10, 11, 12, 13, 14, 15, 18, 19, 20, 22, 23, 24, 25, 27, 28, 29, 30, 31, 32, 33, 34, 35, 38, 39, 40, 41, 42, 43, 44, 45, 47, 48, 49, 50, 51, 52, 53, 54, 55, 56, 57, 58, 60, 61, 62, 63, 64, 66, 67, 71, 72, 73, 74, 76, 77, 78, 83, 85, 89}
Added 18 singletons
added:  {68, 36, 69, 37, 88, 46, 79, 16, 81, 82, 80, 84, 21, 17, 87, 86, 26, 59}
chunks ... [0, 2748, 5496, 8244, 10992]
num codes: 260
num codes with support 0: 0
chunks ... [0, 2748, 5496, 8244, 10992]
database_size: 630315.3194843028
codetable_size: 5200.539773483126
complete: 635515.859257786
Partition ratio: 0.8032806590067957
current singletons: {1, 2, 3, 4, 5, 6, 7, 8, 9, 10, 11, 12, 13, 14, 15, 16, 17, 18, 20, 21, 22, 23, 24, 25, 26, 27, 31, 33, 34, 35, 36, 37, 38, 39, 40, 41, 42, 44, 45, 47, 48, 49, 50, 51, 52, 53, 54, 58, 59, 60, 61, 62, 63, 64, 69, 71, 72, 73, 74, 76, 77, 78, 79, 80, 88, 89}
Added 20 singletons
added:  {19, 28, 29, 30, 32, 43, 46, 55, 56, 57, 66, 67, 68, 81, 82, 83, 84, 85, 86, 87}
chunks ... [0, 2748, 5496, 8244, 10992]
num codes: 180
num codes with support 0: 0
chunks ... [0, 2748, 5496, 8244, 10992]
database_size: 680348.0258186219
codetable_size: 3650.5496600358706
complete: 683998.5754786577
Partition ratio: 0.8645619436026281
current singletons: {1, 2, 3, 4, 5, 6, 7, 8, 9, 10, 11, 12, 13, 14, 16, 17, 18, 19, 20, 21, 22, 26, 27, 31, 32, 33, 34, 36, 37, 39, 41, 42, 43, 44, 45, 46, 47, 48, 49, 50, 53, 54, 56, 57, 58, 59, 60, 61, 62, 63, 64, 69, 71, 72, 73, 76, 77, 78, 79, 80, 86, 88}
Added 24 singletons
added:  {15, 23, 24, 25, 28, 29, 30, 35, 38, 40, 51, 52, 55, 66, 67, 68, 74, 81, 82, 83, 84, 85, 87, 89}
chunks ... [0, 2748, 5496, 8244, 10992]
num codes: 173
num codes with support 0: 0
chunks ... [0, 2748, 5496, 8244, 10992]
database_size: 687695.2815384562
codetable_size: 3269.931562111616
complete: 690965.2131005678
Partition ratio: 0.8733676487293659
current singletons: {1, 2, 3, 4, 5, 6, 7, 8, 9, 10, 11, 12, 13, 14, 15, 16, 17, 18, 19, 20, 21, 22, 23, 24, 25, 26, 27, 28, 29, 30, 32, 34, 35, 39, 40, 41, 42, 43, 44, 45, 48, 49, 50, 51, 52, 53, 54, 55, 56, 57, 58, 59, 60, 61, 62, 63, 64, 66, 67, 68, 69, 71, 72, 73, 74, 76, 77, 78, 81, 82, 83, 84, 87, 89}
Added 12 singletons
added:  {33, 36, 37, 38, 46, 79, 80, 47, 85, 86, 88, 31}
chunks ... [0, 2748, 5496, 8244, 10992]
num codes: 219
num codes with support 0: 0
chunks ... [0, 2748, 5496, 8244, 10992]
database_size: 647094.7877578636
codetable_size: 4558.173476267501
complete: 651652.9612341311
Partition ratio: 0.8236776667622864
current singletons: {1, 2, 3, 4, 5, 6, 7, 8, 9, 10, 11, 12, 13, 14, 15, 16, 17, 18, 19, 20, 21, 22, 23, 24, 25, 26, 27, 28, 29, 30, 31, 32, 33, 34, 35, 36, 37, 38, 39, 40, 41, 42, 43, 44, 45, 46, 47, 48, 49, 50, 51, 52, 53, 54, 55, 56, 57, 58, 59, 60, 61, 62, 63, 64, 66, 67, 68, 69, 71, 72, 73, 74, 78, 79, 80, 85, 87, 88, 89}
Added 7 singletons
added:  {76, 77, 81, 82, 83, 84, 86}
chunks ... [0, 2748, 5496, 8244, 10992]
num codes: 260
num codes with support 0: 0
chunks ... [0, 2748, 5496, 8244, 10992]
database_size: 612933.9494902102
codetable_size: 5224.482715913902
complete: 618158.4322061241
Partition ratio: 0.7813411822217393
current singletons: {1, 2, 3, 4, 5, 6, 7, 8, 9, 10, 11, 12, 13, 14, 15, 16, 17, 18, 19, 20, 21, 22, 23, 24, 25, 27, 28, 29, 30, 31, 32, 33, 34, 35, 37, 38, 39, 40, 41, 42, 43, 44, 45, 46, 47, 48, 49, 50, 51, 52, 53, 54, 55, 56, 57, 58, 60, 61, 62, 63, 64, 66, 67, 68, 69, 71, 72, 73, 74, 76, 77, 78, 79, 80, 81, 82, 83, 84, 85, 86, 87, 88}
Added 4 singletons
added:  {89, 26, 59, 36}
chunks ... [0, 2748, 5496, 8244, 10992]
num codes: 279
num codes with support 0: 0
chunks ... [0, 2748, 5496, 8244, 10992]
database_size: 613943.6208828674
codetable_size: 5705.825848931395
complete: 619649.4467317988
Partition ratio: 0.7832257978663772
current singletons: {1, 2, 3, 4, 5, 6, 7, 8, 9, 10, 11, 12, 13, 14, 15, 18, 19, 20, 22, 23, 24, 25, 27, 28, 29, 30, 31, 32, 33, 34, 35, 36, 37, 38, 39, 40, 41, 42, 43, 44, 45, 46, 47, 48, 50, 51, 52, 53, 54, 55, 56, 57, 58, 60, 61, 62, 63, 64, 66, 67, 68, 69, 71, 72, 73, 74, 76, 77, 78, 79, 81, 82, 87, 88}
Added 12 singletons
added:  {16, 49, 80, 17, 84, 21, 86, 85, 83, 89, 26, 59}
chunks ... [0, 2748, 5496, 8244, 10992]
num codes: 265
num codes with support 0: 0
chunks ... [0, 2748, 5496, 8244, 10992]
database_size: 629085.4971170567
codetable_size: 5606.720468104118
complete: 634692.2175851609
Partition ratio: 0.8022395906905078
current singletons: {1, 2, 3, 4, 5, 6, 7, 8, 9, 10, 11, 12, 13, 14, 15, 16, 17, 18, 19, 20, 21, 22, 23, 24, 25, 27, 28, 29, 30, 31, 32, 33, 34, 35, 38, 39, 40, 41, 42, 43, 44, 45, 46, 47, 48, 49, 50, 51, 52, 53, 54, 55, 56, 57, 58, 59, 60, 61, 62, 63, 64, 66, 67, 71, 72, 73, 74, 76, 77, 78, 81, 83, 85, 88, 89}
Added 11 singletons
added:  {68, 69, 36, 37, 79, 80, 82, 84, 86, 87, 26}
chunks ... [0, 2748, 5496, 8244, 10992]
num codes: 300
num codes with support 0: 0
chunks ... [0, 2748, 5496, 8244, 10992]
database_size: 595729.6886527773
codetable_size: 5986.052556387321
complete: 601715.7412091646
Partition ratio: 0.7605579154196986
current singletons: {1, 2, 3, 4, 5, 6, 7, 8, 9, 10, 11, 12, 13, 16, 17, 18, 19, 20, 21, 22, 23, 26, 27, 28, 29, 31, 32, 33, 34, 35, 36, 37, 38, 39, 40, 42, 43, 44, 45, 47, 48, 49, 50, 51, 52, 53, 54, 56, 58, 59, 60, 61, 62, 63, 64, 67, 68, 69, 71, 72, 73, 74, 76, 80, 84, 89}
Added 20 singletons
added:  {14, 15, 24, 25, 30, 41, 46, 55, 57, 66, 77, 78, 79, 81, 82, 83, 85, 86, 87, 88}
chunks ... [0, 2748, 5496, 8244, 10992]
num codes: 237
num codes with support 0: 0
chunks ... [0, 2748, 5496, 8244, 10992]
database_size: 658464.0424967045
codetable_size: 5063.217708421408
complete: 663527.2602051259
Partition ratio: 0.8386865678993944
current singletons: {1, 2, 3, 4, 5, 6, 7, 8, 9, 10, 11, 12, 13, 14, 15, 16, 17, 18, 19, 20, 21, 22, 23, 24, 25, 26, 27, 28, 29, 30, 31, 32, 33, 34, 35, 38, 39, 40, 41, 42, 43, 44, 45, 48, 49, 50, 51, 52, 53, 54, 56, 57, 58, 59, 60, 61, 62, 63, 64, 66, 67, 68, 69, 71, 72, 73, 74, 76, 77, 78, 80, 81, 83, 84, 85, 87, 89}
Added 9 singletons
added:  {36, 37, 46, 79, 47, 82, 86, 55, 88}
chunks ... [0, 2748, 5496, 8244, 10992]
num codes: 261
num codes with support 0: 0
chunks ... [0, 2748, 5496, 8244, 10992]
database_size: 598189.147053221
codetable_size: 4951.49881734383
complete: 603140.6458705649
Partition ratio: 0.762358969380442
current singletons: {1, 2, 3, 4, 5, 6, 7, 8, 9, 10, 11, 12, 13, 14, 15, 16, 17, 18, 19, 20, 21, 22, 23, 24, 25, 26, 27, 30, 31, 32, 33, 34, 35, 36, 37, 38, 39, 41, 42, 43, 45, 46, 47, 48, 49, 50, 51, 52, 53, 54, 56, 57, 58, 59, 60, 61, 62, 63, 64, 69, 71, 72, 73, 74, 78, 79, 80, 85, 88}
Added 17 singletons
added:  {66, 67, 68, 40, 76, 77, 44, 81, 82, 83, 84, 87, 55, 86, 89, 28, 29}
chunks ... [0, 2748, 5496, 8244, 10992]
num codes: 191
num codes with support 0: 0
chunks ... [0, 2748, 5496, 8244, 10992]
database_size: 687295.8032090438
codetable_size: 3668.038552742177
complete: 690963.841761786
Partition ratio: 0.8733659153817172
current singletons: {1, 2, 3, 4, 5, 6, 7, 8, 9, 10, 11, 12, 13, 14, 15, 16, 17, 18, 19, 20, 22, 23, 24, 25, 26, 27, 28, 29, 30, 31, 32, 33, 34, 35, 36, 37, 38, 39, 40, 41, 42, 46, 47, 48, 50, 55, 56, 57, 58, 60, 61, 62, 63, 64, 66, 67, 68, 71, 73, 74, 76, 77, 78, 81, 82, 86}
Added 20 singletons
added:  {21, 43, 44, 45, 49, 51, 52, 53, 54, 59, 69, 72, 79, 80, 83, 84, 85, 87, 88, 89}
chunks ... [0, 2748, 5496, 8244, 10992]
num codes: 273
num codes with support 0: 0
chunks ... [0, 2748, 5496, 8244, 10992]
database_size: 612783.2974611584
codetable_size: 6171.894477110133
complete: 618955.1919382685
Partition ratio: 0.7823482722469269
current singletons: {1, 2, 3, 4, 5, 6, 7, 8, 9, 10, 11, 12, 13, 16, 17, 18, 19, 22, 23, 24, 25, 26, 27, 28, 29, 31, 32, 33, 34, 35, 36, 37, 41, 42, 46, 47, 48, 49, 50, 58, 59, 60, 61, 62, 63, 64, 69, 73, 74, 79, 85, 86, 87}
Added 33 singletons
added:  {14, 15, 20, 21, 30, 38, 39, 40, 43, 44, 45, 51, 52, 53, 54, 55, 56, 57, 66, 67, 68, 71, 72, 76, 77, 78, 80, 81, 82, 83, 84, 88, 89}
chunks ... [0, 2748, 5496, 8244, 10992]
num codes: 187
num codes with support 0: 0
chunks ... [0, 2748, 5496, 8244, 10992]
database_size: 690318.9608149026
codetable_size: 3494.052670773013
complete: 693813.0134856756
Partition ratio: 0.8769672173896048
current singletons: {1, 2, 3, 4, 5, 6, 7, 8, 9, 10, 11, 12, 13, 14, 15, 17, 18, 19, 20, 21, 22, 23, 26, 27, 28, 29, 31, 32, 33, 34, 35, 36, 37, 38, 39, 40, 41, 42, 43, 44, 45, 46, 47, 48, 49, 50, 51, 52, 53, 54, 56, 57, 58, 59, 60, 61, 62, 63, 64, 67, 68, 69, 71, 72, 73, 74, 76, 81, 84, 86}
Added 16 singletons
added:  {89, 66, 77, 78, 79, 16, 80, 82, 83, 24, 85, 87, 55, 88, 25, 30}
chunks ... [0, 2748, 5496, 8244, 10992]
num codes: 190
num codes with support 0: 0
chunks ... [0, 2748, 5496, 8244, 10992]
database_size: 691245.2992350052
codetable_size: 3470.3411650809235
complete: 694715.6404000861
Partition ratio: 0.8781081216362616
current singletons: {1, 4, 5, 6, 7, 8, 9, 10, 11, 12, 13, 14, 15, 17, 18, 19, 20, 21, 22, 23, 24, 27, 28, 29, 30, 31, 32, 37, 38, 39, 40, 41, 42, 46, 47, 48, 50, 51, 52, 53, 54, 55, 56, 60, 61, 62, 63, 64, 66, 67, 68, 69, 71, 72, 73, 76, 77, 78, 86}
Added 27 singletons
added:  {2, 3, 16, 25, 26, 33, 34, 35, 36, 43, 44, 45, 49, 57, 58, 59, 74, 79, 80, 81, 82, 83, 84, 85, 87, 88, 89}
chunks ... [0, 2748, 5496, 8244, 10992]
num codes: 186
num codes with support 0: 0
chunks ... [0, 2748, 5496, 8244, 10992]
database_size: 657049.1445516684
codetable_size: 3258.050546182961
complete: 660307.1950978515
Partition ratio: 0.8346164633005303
current singletons: {1, 2, 3, 4, 5, 6, 7, 8, 9, 10, 11, 12, 13, 14, 15, 17, 18, 19, 20, 21, 22, 23, 26, 27, 31, 32, 34, 36, 37, 41, 42, 43, 44, 45, 46, 47, 50, 51, 52, 53, 54, 55, 56, 57, 58, 60, 61, 62, 63, 64, 67, 68, 69, 71, 72, 73, 76, 77, 78, 79, 80, 86}
Added 24 singletons
added:  {16, 24, 25, 28, 29, 30, 33, 35, 38, 39, 40, 48, 49, 59, 66, 74, 81, 82, 83, 84, 85, 87, 88, 89}
chunks ... [0, 2748, 5496, 8244, 10992]
num codes: 200
num codes with support 0: 0
chunks ... [0, 2748, 5496, 8244, 10992]
database_size: 674404.5786602144
codetable_size: 4004.2544813319014
complete: 678408.8331415463
Partition ratio: 0.8574966094448353
merged table size: 300
chunks ... [0, 2748, 5496, 8244, 10992]
chunks ... [0, 2748, 5496, 8244, 10992]
merged table size without non-used codes: 296
database_size: 595729.6886527773
codetable_size: 5986.052556387321
complete: 601715.7412091646
database_size: 790738.936801035
codetable_size: 411.51868678919095
complete: 791150.4554878242
merged size: 601715.7412091646
sct size: 791150.4554878242
merged ratio: 0.7605579154196986
time elapsed: 10.077250003814697
-- MERGING METHOD informed
processing batch_results/200d-5-10-neg15/batch-4/pendigits_transaction_k_means_200d_k16_FalseNorm_trans_clust_0_k16...
chunks ... [0, 243, 486, 729, 973]
num codes: 242
num codes with support 0: 0
chunks ... [0, 243, 486, 729, 973]
num codes with usage 0: 54
database_size: 17636.090638648435
codetable_size: 3919.146841379098
complete: 21555.237480027532
database_size: 59012.552149711875
codetable_size: 357.5769861423407
complete: 59370.129135854215
Partition 0 ratio: 0.3630653628982947
processing batch_results/200d-5-10-neg15/batch-4/pendigits_transaction_k_means_200d_k16_FalseNorm_trans_clust_1_k16...
chunks ... [0, 137, 274, 411, 549]
num codes: 160
num codes with support 0: 0
chunks ... [0, 137, 274, 411, 549]
num codes with usage 0: 33
database_size: 7520.038225671472
codetable_size: 2674.4456489882245
complete: 10194.483874659696
database_size: 31886.491809390678
codetable_size: 367.7788998977282
complete: 32254.270709288405
Partition 1 ratio: 0.3160661720286221
processing batch_results/200d-5-10-neg15/batch-4/pendigits_transaction_k_means_200d_k16_FalseNorm_trans_clust_2_k16...
chunks ... [0, 133, 266, 399, 533]
num codes: 149
num codes with support 0: 0
chunks ... [0, 133, 266, 399, 533]
num codes with usage 0: 38
database_size: 7067.053099707828
codetable_size: 2234.922126720379
complete: 9301.975226428207
database_size: 30577.32385395244
codetable_size: 340.7651593076985
complete: 30918.089013260138
Partition 2 ratio: 0.3008586728125008
processing batch_results/200d-5-10-neg15/batch-4/pendigits_transaction_k_means_200d_k16_FalseNorm_trans_clust_3_k16...
chunks ... [0, 211, 422, 633, 846]
num codes: 207
num codes with support 0: 0
chunks ... [0, 211, 422, 633, 846]
num codes with usage 0: 43
database_size: 12383.263723362801
codetable_size: 3482.0791028949666
complete: 15865.342826257767
database_size: 50680.63390125247
codetable_size: 418.4522692766649
complete: 51099.08617052913
Partition 3 ratio: 0.3104819286456817
processing batch_results/200d-5-10-neg15/batch-4/pendigits_transaction_k_means_200d_k16_FalseNorm_trans_clust_4_k16...
chunks ... [0, 174, 348, 522, 698]
num codes: 253
num codes with support 0: 0
chunks ... [0, 174, 348, 522, 698]
num codes with usage 0: 29
database_size: 16573.989814754746
codetable_size: 4441.869101698737
complete: 21015.858916453482
database_size: 45558.49984726751
codetable_size: 406.7012340419338
complete: 45965.20108130944
Partition 4 ratio: 0.4572123785399698
processing batch_results/200d-5-10-neg15/batch-4/pendigits_transaction_k_means_200d_k16_FalseNorm_trans_clust_5_k16...
chunks ... [0, 151, 302, 453, 607]
num codes: 275
num codes with support 0: 0
chunks ... [0, 151, 302, 453, 607]
num codes with usage 0: 44
database_size: 14250.123442248263
codetable_size: 4694.206491437785
complete: 18944.329933686047
database_size: 39447.55066358909
codetable_size: 444.0236704929001
complete: 39891.57433408199
Partition 5 ratio: 0.4748955199168628
processing batch_results/200d-5-10-neg15/batch-4/pendigits_transaction_k_means_200d_k16_FalseNorm_trans_clust_6_k16...
chunks ... [0, 222, 444, 666, 890]
num codes: 253
num codes with support 0: 0
chunks ... [0, 222, 444, 666, 890]
num codes with usage 0: 47
database_size: 17439.49793190349
codetable_size: 4341.2564394723795
complete: 21780.75437137587
database_size: 55441.43811706016
codetable_size: 402.88270169811454
complete: 55844.32081875828
Partition 6 ratio: 0.39002630978474806
processing batch_results/200d-5-10-neg15/batch-4/pendigits_transaction_k_means_200d_k16_FalseNorm_trans_clust_7_k16...
chunks ... [0, 225, 450, 675, 900]
num codes: 289
num codes with support 0: 0
chunks ... [0, 225, 450, 675, 900]
num codes with usage 0: 24
database_size: 22689.720007099986
codetable_size: 5079.411923300379
complete: 27769.131930400366
database_size: 58416.656158806676
codetable_size: 386.5398799798986
complete: 58803.19603878658
Partition 7 ratio: 0.47223848023641185
processing batch_results/200d-5-10-neg15/batch-4/pendigits_transaction_k_means_200d_k16_FalseNorm_trans_clust_8_k16...
chunks ... [0, 188, 376, 564, 753]
num codes: 217
num codes with support 0: 0
chunks ... [0, 188, 376, 564, 753]
num codes with usage 0: 41
database_size: 11385.71612864139
codetable_size: 3800.3824443648423
complete: 15186.098573006233
database_size: 44419.22911829647
codetable_size: 369.8570682341597
complete: 44789.08618653063
Partition 8 ratio: 0.3390580131454687
processing batch_results/200d-5-10-neg15/batch-4/pendigits_transaction_k_means_200d_k16_FalseNorm_trans_clust_9_k16...
chunks ... [0, 161, 322, 483, 646]
num codes: 252
num codes with support 0: 0
chunks ... [0, 161, 322, 483, 646]
num codes with usage 0: 34
database_size: 15523.337270656963
codetable_size: 4097.526164388319
complete: 19620.86343504528
database_size: 41392.31857861582
codetable_size: 410.6987125122617
complete: 41803.01729112808
Partition 9 ratio: 0.4693647661459463
processing batch_results/200d-5-10-neg15/batch-4/pendigits_transaction_k_means_200d_k16_FalseNorm_trans_clust_10_k16...
chunks ... [0, 117, 234, 351, 471]
num codes: 174
num codes with support 0: 0
chunks ... [0, 117, 234, 351, 471]
num codes with usage 0: 39
database_size: 8672.722368806777
codetable_size: 2628.9477441313416
complete: 11301.670112938118
database_size: 28385.251028429866
codetable_size: 378.5591949907586
complete: 28763.810223420624
Partition 10 ratio: 0.39291283126794707
processing batch_results/200d-5-10-neg15/batch-4/pendigits_transaction_k_means_200d_k16_FalseNorm_trans_clust_11_k16...
chunks ... [0, 269, 538, 807, 1079]
num codes: 253
num codes with support 0: 0
chunks ... [0, 269, 538, 807, 1079]
num codes with usage 0: 41
database_size: 17942.66168607923
codetable_size: 4751.75856065321
complete: 22694.420246732443
database_size: 65453.59384890479
codetable_size: 349.4843456668246
complete: 65803.07819457162
Partition 11 ratio: 0.34488386971241425
processing batch_results/200d-5-10-neg15/batch-4/pendigits_transaction_k_means_200d_k16_FalseNorm_trans_clust_12_k16...
chunks ... [0, 143, 286, 429, 572]
num codes: 154
num codes with support 0: 0
chunks ... [0, 143, 286, 429, 572]
num codes with usage 0: 33
database_size: 8454.135072356972
codetable_size: 2371.2114824126243
complete: 10825.346554769596
database_size: 33040.24636025007
codetable_size: 266.87056429008396
complete: 33307.116924540154
Partition 12 ratio: 0.32501601922782014
processing batch_results/200d-5-10-neg15/batch-4/pendigits_transaction_k_means_200d_k16_FalseNorm_trans_clust_13_k16...
chunks ... [0, 99, 198, 297, 399]
num codes: 174
num codes with support 0: 0
chunks ... [0, 99, 198, 297, 399]
num codes with usage 0: 30
database_size: 8623.330060543582
codetable_size: 2600.524279089549
complete: 11223.85433963313
database_size: 24483.662709411095
codetable_size: 371.1596792434507
complete: 24854.822388654546
Partition 13 ratio: 0.45157652563860085
processing batch_results/200d-5-10-neg15/batch-4/pendigits_transaction_k_means_200d_k16_FalseNorm_trans_clust_14_k16...
chunks ... [0, 103, 206, 309, 412]
num codes: 159
num codes with support 0: 0
chunks ... [0, 103, 206, 309, 412]
num codes with usage 0: 51
database_size: 6792.062421749041
codetable_size: 2103.1310544240055
complete: 8895.193476173046
database_size: 24306.40627148767
codetable_size: 300.8733459460599
complete: 24607.27961743373
Partition 14 ratio: 0.3614862599387456
processing batch_results/200d-5-10-neg15/batch-4/pendigits_transaction_k_means_200d_k16_FalseNorm_trans_clust_15_k16...
chunks ... [0, 166, 332, 498, 664]
num codes: 176
num codes with support 0: 0
chunks ... [0, 166, 332, 498, 664]
num codes with usage 0: 35
database_size: 9994.690785146477
codetable_size: 2869.1039049719975
complete: 12863.794690118473
database_size: 39052.02206423168
codetable_size: 331.3757052190359
complete: 39383.39776945071
Partition 15 ratio: 0.3266298851465981
number of codetables: 16
size: 242
size: 160
size: 149
size: 207
size: 253
size: 275
size: 253
size: 289
size: 217
size: 252
size: 174
size: 253
size: 154
size: 174
size: 159
size: 176
database_size: 790738.936801035
codetable_size: 411.51868678919095
complete: 791150.4554878242
database_size: 790738.936801035
codetable_size: 411.51868678919095
complete: 791150.4554878242
current singletons: {1, 2, 3, 4, 5, 6, 7, 8, 9, 10, 11, 12, 13, 14, 15, 18, 19, 20, 22, 23, 24, 25, 27, 28, 29, 30, 31, 32, 33, 34, 35, 38, 39, 40, 41, 42, 43, 44, 45, 47, 48, 49, 50, 51, 52, 53, 54, 55, 56, 57, 58, 60, 61, 62, 63, 64, 66, 67, 71, 72, 73, 74, 76, 77, 78, 83, 85, 89}
Added 18 singletons
added:  {68, 36, 69, 37, 88, 46, 79, 16, 81, 82, 80, 84, 21, 17, 87, 86, 26, 59}
chunks ... [0, 2748, 5496, 8244, 10992]
num codes: 260
num codes with support 0: 0
chunks ... [0, 2748, 5496, 8244, 10992]
database_size: 630315.3194843028
codetable_size: 5200.539773483126
complete: 635515.859257786
Partition ratio: 0.8032806590067957
current singletons: {1, 2, 3, 4, 5, 6, 7, 8, 9, 10, 11, 12, 13, 14, 15, 16, 17, 18, 20, 21, 22, 23, 24, 25, 26, 27, 31, 33, 34, 35, 36, 37, 38, 39, 40, 41, 42, 44, 45, 47, 48, 49, 50, 51, 52, 53, 54, 58, 59, 60, 61, 62, 63, 64, 69, 71, 72, 73, 74, 76, 77, 78, 79, 80, 88, 89}
Added 20 singletons
added:  {19, 28, 29, 30, 32, 43, 46, 55, 56, 57, 66, 67, 68, 81, 82, 83, 84, 85, 86, 87}
chunks ... [0, 2748, 5496, 8244, 10992]
num codes: 180
num codes with support 0: 0
chunks ... [0, 2748, 5496, 8244, 10992]
database_size: 680348.0258186219
codetable_size: 3650.5496600358706
complete: 683998.5754786577
Partition ratio: 0.8645619436026281
current singletons: {1, 2, 3, 4, 5, 6, 7, 8, 9, 10, 11, 12, 13, 14, 16, 17, 18, 19, 20, 21, 22, 26, 27, 31, 32, 33, 34, 36, 37, 39, 41, 42, 43, 44, 45, 46, 47, 48, 49, 50, 53, 54, 56, 57, 58, 59, 60, 61, 62, 63, 64, 69, 71, 72, 73, 76, 77, 78, 79, 80, 86, 88}
Added 24 singletons
added:  {15, 23, 24, 25, 28, 29, 30, 35, 38, 40, 51, 52, 55, 66, 67, 68, 74, 81, 82, 83, 84, 85, 87, 89}
chunks ... [0, 2748, 5496, 8244, 10992]
num codes: 173
num codes with support 0: 0
chunks ... [0, 2748, 5496, 8244, 10992]
database_size: 687695.2815384562
codetable_size: 3269.931562111616
complete: 690965.2131005678
Partition ratio: 0.8733676487293659
current singletons: {1, 2, 3, 4, 5, 6, 7, 8, 9, 10, 11, 12, 13, 14, 15, 16, 17, 18, 19, 20, 21, 22, 23, 24, 25, 26, 27, 28, 29, 30, 32, 34, 35, 39, 40, 41, 42, 43, 44, 45, 48, 49, 50, 51, 52, 53, 54, 55, 56, 57, 58, 59, 60, 61, 62, 63, 64, 66, 67, 68, 69, 71, 72, 73, 74, 76, 77, 78, 81, 82, 83, 84, 87, 89}
Added 12 singletons
added:  {33, 36, 37, 38, 46, 79, 80, 47, 85, 86, 88, 31}
chunks ... [0, 2748, 5496, 8244, 10992]
num codes: 219
num codes with support 0: 0
chunks ... [0, 2748, 5496, 8244, 10992]
database_size: 647094.7877578636
codetable_size: 4558.173476267501
complete: 651652.9612341311
Partition ratio: 0.8236776667622864
current singletons: {1, 2, 3, 4, 5, 6, 7, 8, 9, 10, 11, 12, 13, 14, 15, 16, 17, 18, 19, 20, 21, 22, 23, 24, 25, 26, 27, 28, 29, 30, 31, 32, 33, 34, 35, 36, 37, 38, 39, 40, 41, 42, 43, 44, 45, 46, 47, 48, 49, 50, 51, 52, 53, 54, 55, 56, 57, 58, 59, 60, 61, 62, 63, 64, 66, 67, 68, 69, 71, 72, 73, 74, 78, 79, 80, 85, 87, 88, 89}
Added 7 singletons
added:  {76, 77, 81, 82, 83, 84, 86}
chunks ... [0, 2748, 5496, 8244, 10992]
num codes: 260
num codes with support 0: 0
chunks ... [0, 2748, 5496, 8244, 10992]
database_size: 612933.9494902102
codetable_size: 5224.482715913902
complete: 618158.4322061241
Partition ratio: 0.7813411822217393
current singletons: {1, 2, 3, 4, 5, 6, 7, 8, 9, 10, 11, 12, 13, 14, 15, 16, 17, 18, 19, 20, 21, 22, 23, 24, 25, 27, 28, 29, 30, 31, 32, 33, 34, 35, 37, 38, 39, 40, 41, 42, 43, 44, 45, 46, 47, 48, 49, 50, 51, 52, 53, 54, 55, 56, 57, 58, 60, 61, 62, 63, 64, 66, 67, 68, 69, 71, 72, 73, 74, 76, 77, 78, 79, 80, 81, 82, 83, 84, 85, 86, 87, 88}
Added 4 singletons
added:  {89, 26, 59, 36}
chunks ... [0, 2748, 5496, 8244, 10992]
num codes: 279
num codes with support 0: 0
chunks ... [0, 2748, 5496, 8244, 10992]
database_size: 613943.6208828674
codetable_size: 5705.825848931395
complete: 619649.4467317988
Partition ratio: 0.7832257978663772
current singletons: {1, 2, 3, 4, 5, 6, 7, 8, 9, 10, 11, 12, 13, 14, 15, 18, 19, 20, 22, 23, 24, 25, 27, 28, 29, 30, 31, 32, 33, 34, 35, 36, 37, 38, 39, 40, 41, 42, 43, 44, 45, 46, 47, 48, 50, 51, 52, 53, 54, 55, 56, 57, 58, 60, 61, 62, 63, 64, 66, 67, 68, 69, 71, 72, 73, 74, 76, 77, 78, 79, 81, 82, 87, 88}
Added 12 singletons
added:  {16, 49, 80, 17, 84, 21, 86, 85, 83, 89, 26, 59}
chunks ... [0, 2748, 5496, 8244, 10992]
num codes: 265
num codes with support 0: 0
chunks ... [0, 2748, 5496, 8244, 10992]
database_size: 629085.4971170567
codetable_size: 5606.720468104118
complete: 634692.2175851609
Partition ratio: 0.8022395906905078
current singletons: {1, 2, 3, 4, 5, 6, 7, 8, 9, 10, 11, 12, 13, 14, 15, 16, 17, 18, 19, 20, 21, 22, 23, 24, 25, 27, 28, 29, 30, 31, 32, 33, 34, 35, 38, 39, 40, 41, 42, 43, 44, 45, 46, 47, 48, 49, 50, 51, 52, 53, 54, 55, 56, 57, 58, 59, 60, 61, 62, 63, 64, 66, 67, 71, 72, 73, 74, 76, 77, 78, 81, 83, 85, 88, 89}
Added 11 singletons
added:  {68, 69, 36, 37, 79, 80, 82, 84, 86, 87, 26}
chunks ... [0, 2748, 5496, 8244, 10992]
num codes: 300
num codes with support 0: 0
chunks ... [0, 2748, 5496, 8244, 10992]
database_size: 595729.6886527773
codetable_size: 5986.052556387321
complete: 601715.7412091646
Partition ratio: 0.7605579154196986
current singletons: {1, 2, 3, 4, 5, 6, 7, 8, 9, 10, 11, 12, 13, 16, 17, 18, 19, 20, 21, 22, 23, 26, 27, 28, 29, 31, 32, 33, 34, 35, 36, 37, 38, 39, 40, 42, 43, 44, 45, 47, 48, 49, 50, 51, 52, 53, 54, 56, 58, 59, 60, 61, 62, 63, 64, 67, 68, 69, 71, 72, 73, 74, 76, 80, 84, 89}
Added 20 singletons
added:  {14, 15, 24, 25, 30, 41, 46, 55, 57, 66, 77, 78, 79, 81, 82, 83, 85, 86, 87, 88}
chunks ... [0, 2748, 5496, 8244, 10992]
num codes: 237
num codes with support 0: 0
chunks ... [0, 2748, 5496, 8244, 10992]
database_size: 658464.0424967045
codetable_size: 5063.217708421408
complete: 663527.2602051259
Partition ratio: 0.8386865678993944
current singletons: {1, 2, 3, 4, 5, 6, 7, 8, 9, 10, 11, 12, 13, 14, 15, 16, 17, 18, 19, 20, 21, 22, 23, 24, 25, 26, 27, 28, 29, 30, 31, 32, 33, 34, 35, 38, 39, 40, 41, 42, 43, 44, 45, 48, 49, 50, 51, 52, 53, 54, 56, 57, 58, 59, 60, 61, 62, 63, 64, 66, 67, 68, 69, 71, 72, 73, 74, 76, 77, 78, 80, 81, 83, 84, 85, 87, 89}
Added 9 singletons
added:  {36, 37, 46, 79, 47, 82, 86, 55, 88}
chunks ... [0, 2748, 5496, 8244, 10992]
num codes: 261
num codes with support 0: 0
chunks ... [0, 2748, 5496, 8244, 10992]
database_size: 598189.147053221
codetable_size: 4951.49881734383
complete: 603140.6458705649
Partition ratio: 0.762358969380442
current singletons: {1, 2, 3, 4, 5, 6, 7, 8, 9, 10, 11, 12, 13, 14, 15, 16, 17, 18, 19, 20, 21, 22, 23, 24, 25, 26, 27, 30, 31, 32, 33, 34, 35, 36, 37, 38, 39, 41, 42, 43, 45, 46, 47, 48, 49, 50, 51, 52, 53, 54, 56, 57, 58, 59, 60, 61, 62, 63, 64, 69, 71, 72, 73, 74, 78, 79, 80, 85, 88}
Added 17 singletons
added:  {66, 67, 68, 40, 76, 77, 44, 81, 82, 83, 84, 87, 55, 86, 89, 28, 29}
chunks ... [0, 2748, 5496, 8244, 10992]
num codes: 191
num codes with support 0: 0
chunks ... [0, 2748, 5496, 8244, 10992]
database_size: 687295.8032090438
codetable_size: 3668.038552742177
complete: 690963.841761786
Partition ratio: 0.8733659153817172
current singletons: {1, 2, 3, 4, 5, 6, 7, 8, 9, 10, 11, 12, 13, 14, 15, 16, 17, 18, 19, 20, 22, 23, 24, 25, 26, 27, 28, 29, 30, 31, 32, 33, 34, 35, 36, 37, 38, 39, 40, 41, 42, 46, 47, 48, 50, 55, 56, 57, 58, 60, 61, 62, 63, 64, 66, 67, 68, 71, 73, 74, 76, 77, 78, 81, 82, 86}
Added 20 singletons
added:  {21, 43, 44, 45, 49, 51, 52, 53, 54, 59, 69, 72, 79, 80, 83, 84, 85, 87, 88, 89}
chunks ... [0, 2748, 5496, 8244, 10992]
num codes: 273
num codes with support 0: 0
chunks ... [0, 2748, 5496, 8244, 10992]
database_size: 612783.2974611584
codetable_size: 6171.894477110133
complete: 618955.1919382685
Partition ratio: 0.7823482722469269
current singletons: {1, 2, 3, 4, 5, 6, 7, 8, 9, 10, 11, 12, 13, 16, 17, 18, 19, 22, 23, 24, 25, 26, 27, 28, 29, 31, 32, 33, 34, 35, 36, 37, 41, 42, 46, 47, 48, 49, 50, 58, 59, 60, 61, 62, 63, 64, 69, 73, 74, 79, 85, 86, 87}
Added 33 singletons
added:  {14, 15, 20, 21, 30, 38, 39, 40, 43, 44, 45, 51, 52, 53, 54, 55, 56, 57, 66, 67, 68, 71, 72, 76, 77, 78, 80, 81, 82, 83, 84, 88, 89}
chunks ... [0, 2748, 5496, 8244, 10992]
num codes: 187
num codes with support 0: 0
chunks ... [0, 2748, 5496, 8244, 10992]
database_size: 690318.9608149026
codetable_size: 3494.052670773013
complete: 693813.0134856756
Partition ratio: 0.8769672173896048
current singletons: {1, 2, 3, 4, 5, 6, 7, 8, 9, 10, 11, 12, 13, 14, 15, 17, 18, 19, 20, 21, 22, 23, 26, 27, 28, 29, 31, 32, 33, 34, 35, 36, 37, 38, 39, 40, 41, 42, 43, 44, 45, 46, 47, 48, 49, 50, 51, 52, 53, 54, 56, 57, 58, 59, 60, 61, 62, 63, 64, 67, 68, 69, 71, 72, 73, 74, 76, 81, 84, 86}
Added 16 singletons
added:  {89, 66, 77, 78, 79, 16, 80, 82, 83, 24, 85, 87, 55, 88, 25, 30}
chunks ... [0, 2748, 5496, 8244, 10992]
num codes: 190
num codes with support 0: 0
chunks ... [0, 2748, 5496, 8244, 10992]
database_size: 691245.2992350052
codetable_size: 3470.3411650809235
complete: 694715.6404000861
Partition ratio: 0.8781081216362616
current singletons: {1, 4, 5, 6, 7, 8, 9, 10, 11, 12, 13, 14, 15, 17, 18, 19, 20, 21, 22, 23, 24, 27, 28, 29, 30, 31, 32, 37, 38, 39, 40, 41, 42, 46, 47, 48, 50, 51, 52, 53, 54, 55, 56, 60, 61, 62, 63, 64, 66, 67, 68, 69, 71, 72, 73, 76, 77, 78, 86}
Added 27 singletons
added:  {2, 3, 16, 25, 26, 33, 34, 35, 36, 43, 44, 45, 49, 57, 58, 59, 74, 79, 80, 81, 82, 83, 84, 85, 87, 88, 89}
chunks ... [0, 2748, 5496, 8244, 10992]
num codes: 186
num codes with support 0: 0
chunks ... [0, 2748, 5496, 8244, 10992]
database_size: 657049.1445516684
codetable_size: 3258.050546182961
complete: 660307.1950978515
Partition ratio: 0.8346164633005303
current singletons: {1, 2, 3, 4, 5, 6, 7, 8, 9, 10, 11, 12, 13, 14, 15, 17, 18, 19, 20, 21, 22, 23, 26, 27, 31, 32, 34, 36, 37, 41, 42, 43, 44, 45, 46, 47, 50, 51, 52, 53, 54, 55, 56, 57, 58, 60, 61, 62, 63, 64, 67, 68, 69, 71, 72, 73, 76, 77, 78, 79, 80, 86}
Added 24 singletons
added:  {16, 24, 25, 28, 29, 30, 33, 35, 38, 39, 40, 48, 49, 59, 66, 74, 81, 82, 83, 84, 85, 87, 88, 89}
chunks ... [0, 2748, 5496, 8244, 10992]
num codes: 200
num codes with support 0: 0
chunks ... [0, 2748, 5496, 8244, 10992]
database_size: 674404.5786602144
codetable_size: 4004.2544813319014
complete: 678408.8331415463
Partition ratio: 0.8574966094448353
initial ratio: 0.7605579154196986
merged: {7}
merged: {7}
to_process: {0, 1, 2, 3, 4, 5, 6, 8, 9, 10, 11, 12, 13, 14, 15}
[(0, 0.3952226662092383), (1, 0.19219160955390133), (2, 0.14589599459228222), (3, 0.24777471753248898), (4, 0.23776360730369617), (5, 0.28131140387051695), (6, 0.2094114285259421), (8, 0.20543585122788197), (9, 0.376974502316179), (10, 0.16773163933399898), (11, 0.23510670951515752), (12, 0.15794094804107053), (13, 0.20339001835780227), (14, 0.18255667464029413), (15, 0.22308160999301868)]
next_candidate: 2
chunks ... [0, 2748, 5496, 8244, 10992]
chunks ... [0, 2748, 5496, 8244, 10992]
database_size: 560648.3184761859
codetable_size: 8442.482527813254
complete: 569090.8010039992
current_ratio: 0.7605579154196986 --- candidate_ratio:0.7193205755700377
!!!!! ********* merge accepted ... 
merged: {2, 7}
to_process: {0, 1, 3, 4, 5, 6, 8, 9, 10, 11, 12, 13, 14, 15}
[(0, 0.3154426722164655), (1, 0.27906832209095506), (3, 0.2529668623662987), (4, 0.23527509505969407), (5, 0.22111033339655356), (6, 0.19562628464285212), (8, 0.2876241518273075), (9, 0.3123081116187986), (10, 0.248379568887773), (11, 0.22262708023871763), (12, 0.24466233625860082), (13, 0.18987326393173667), (14, 0.14895465717368098), (15, 0.24273721686163363)]
next_candidate: 14
chunks ... [0, 2748, 5496, 8244, 10992]
chunks ... [0, 2748, 5496, 8244, 10992]
database_size: 531590.4581249749
codetable_size: 10914.261155922373
complete: 542504.7192808972
current_ratio: 0.7193205755700377 --- candidate_ratio:0.685716244638181
!!!!! ********* merge accepted ... 
merged: {2, 14, 7}
to_process: {0, 1, 3, 4, 5, 6, 8, 9, 10, 11, 12, 13, 15}
[(0, 0.2781594053586369), (1, 0.2268472806518388), (3, 0.23038919631744717), (4, 0.23506301386732917), (5, 0.20085860526426144), (6, 0.2242376444120064), (8, 0.25838223194199444), (9, 0.2515099859726633), (10, 0.20748411354922416), (11, 0.25369626944239115), (12, 0.2222916598319166), (13, 0.17281167833801628), (15, 0.26642948245641723)]
next_candidate: 13
chunks ... [0, 2748, 5496, 8244, 10992]
chunks ... [0, 2748, 5496, 8244, 10992]
database_size: 511164.2404337764
codetable_size: 13480.370697869985
complete: 524644.6111316464
current_ratio: 0.685716244638181 --- candidate_ratio:0.6631413879527505
!!!!! ********* merge accepted ... 
merged: {2, 13, 14, 7}
to_process: {0, 1, 3, 4, 5, 6, 8, 9, 10, 11, 12, 15}
[(0, 0.24978202432188684), (1, 0.194991153581286), (3, 0.22455228781345563), (4, 0.20388466206118905), (5, 0.17734012599783253), (6, 0.2104534129774274), (8, 0.26022923160441813), (9, 0.2109706261514079), (10, 0.1713458592572139), (11, 0.2395161496606141), (12, 0.1946627251996121), (15, 0.22820456572522174)]
next_candidate: 10
chunks ... [0, 2748, 5496, 8244, 10992]
chunks ... [0, 2748, 5496, 8244, 10992]
database_size: 488575.1322984727
codetable_size: 16373.669183978582
complete: 504948.80148245126
current_ratio: 0.6631413879527505 --- candidate_ratio:0.6382462374632639
!!!!! ********* merge accepted ... 
merged: {2, 7, 10, 13, 14}
to_process: {0, 1, 3, 4, 5, 6, 8, 9, 11, 12, 15}
[(0, 0.22599553549739523), (1, 0.17217250470680995), (3, 0.20121288065176712), (4, 0.18605663975955763), (5, 0.15329534777634538), (6, 0.1953914574704388), (8, 0.22217303640614094), (9, 0.1762486938131952), (11, 0.22917621133295266), (12, 0.1700384047904167), (15, 0.19090765882964)]
next_candidate: 5
chunks ... [0, 2748, 5496, 8244, 10992]
chunks ... [0, 2748, 5496, 8244, 10992]
database_size: 454403.99816446664
codetable_size: 21215.01045700028
complete: 475619.0086214669
current_ratio: 0.6382462374632639 --- candidate_ratio:0.6011739048146029
!!!!! ********* merge accepted ... 
merged: {2, 5, 7, 10, 13, 14}
to_process: {0, 1, 3, 4, 6, 8, 9, 11, 12, 15}
[(0, 0.213933259329998), (1, 0.14287914119140363), (3, 0.19600408521389232), (4, 0.15846303822343843), (6, 0.18733066291942727), (8, 0.18231355495853632), (9, 0.14420392309438607), (11, 0.22734537948753222), (12, 0.14612771690637988), (15, 0.15686516017618543)]
next_candidate: 1
chunks ... [0, 2748, 5496, 8244, 10992]
chunks ... [0, 2748, 5496, 8244, 10992]
database_size: 439733.0921831291
codetable_size: 23888.430026573544
complete: 463621.52220970264
current_ratio: 0.6011739048146029 --- candidate_ratio:0.5860092969596196
!!!!! ********* merge accepted ... 
merged: {1, 2, 5, 7, 10, 13, 14}
to_process: {0, 3, 4, 6, 8, 9, 11, 12, 15}
[(0, 0.18514717160288427), (3, 0.173030977228795), (4, 0.13686917630324982), (6, 0.16372041692218547), (8, 0.15665544746137008), (9, 0.1240987737676184), (11, 0.19612485037808833), (12, 0.1255332123873728), (15, 0.1374870019026494)]
next_candidate: 9
chunks ... [0, 2748, 5496, 8244, 10992]
chunks ... [0, 2748, 5496, 8244, 10992]
database_size: 431357.40454081295
codetable_size: 27812.36279648675
complete: 459169.7673372997
current_ratio: 0.5860092969596196 --- candidate_ratio:0.5803823585668988
!!!!! ********* merge accepted ... 
merged: {1, 2, 5, 7, 9, 10, 13, 14}
to_process: {0, 3, 4, 6, 8, 11, 12, 15}
[(0, 0.161251407136298), (3, 0.14950339403450508), (4, 0.117379593504405), (6, 0.14106642208475714), (8, 0.1352587011692366), (11, 0.1689453079695263), (12, 0.10788486317048243), (15, 0.11798552619879922)]
next_candidate: 12
chunks ... [0, 2748, 5496, 8244, 10992]
chunks ... [0, 2748, 5496, 8244, 10992]
database_size: 418438.03111584793
codetable_size: 30402.556424571012
complete: 448840.58754041896
current_ratio: 0.5803823585668988 --- candidate_ratio:0.5673264603806155
!!!!! ********* merge accepted ... 
merged: {1, 2, 5, 7, 9, 10, 12, 13, 14}
to_process: {0, 3, 4, 6, 8, 11, 15}
[(0, 0.14332126702362505), (3, 0.1327830434391325), (4, 0.10549674483756766), (6, 0.12827630798182602), (8, 0.12011854542089817), (11, 0.15628704057529547), (15, 0.10650203302509823)]
next_candidate: 4
chunks ... [0, 2748, 5496, 8244, 10992]
chunks ... [0, 2748, 5496, 8244, 10992]
database_size: 400370.7891277803
codetable_size: 34691.257980399554
complete: 435062.04710817983
current_ratio: 0.5673264603806155 --- candidate_ratio:0.549910632156459
!!!!! ********* merge accepted ... 
merged: {1, 2, 4, 5, 7, 9, 10, 12, 13, 14}
to_process: {0, 3, 6, 8, 11, 15}
[(0, 0.12663787965605272), (3, 0.11762888418310913), (6, 0.11657960169437771), (8, 0.10568310354477775), (11, 0.13807723105111974), (15, 0.0964207453256781)]
next_candidate: 15
chunks ... [0, 2748, 5496, 8244, 10992]
chunks ... [0, 2748, 5496, 8244, 10992]
database_size: 390609.94032823085
codetable_size: 37369.727127553844
complete: 427979.6674557847
current_ratio: 0.549910632156459 --- candidate_ratio:0.5409586311770395
!!!!! ********* merge accepted ... 
merged: {1, 2, 4, 5, 7, 9, 10, 12, 13, 14, 15}
to_process: {0, 3, 6, 8, 11}
[(0, 0.11370811984167904), (3, 0.10555341132384527), (6, 0.10470851282889451), (8, 0.09484065836987862), (11, 0.12397211083297457)]
next_candidate: 8
chunks ... [0, 2748, 5496, 8244, 10992]
chunks ... [0, 2748, 5496, 8244, 10992]
database_size: 375615.62899255403
codetable_size: 41291.03862306944
complete: 416906.66761562345
current_ratio: 0.5409586311770395 --- candidate_ratio:0.5269625577837257
!!!!! ********* merge accepted ... 
merged: {1, 2, 4, 5, 7, 8, 9, 10, 12, 13, 14, 15}
to_process: {0, 3, 6, 11}
[(0, 0.10190859453672899), (3, 0.09454656686961752), (6, 0.09382797323377576), (11, 0.11110143670403072)]
next_candidate: 6
chunks ... [0, 2748, 5496, 8244, 10992]
chunks ... [0, 2748, 5496, 8244, 10992]
database_size: 366454.2832166187
codetable_size: 45646.26386850953
complete: 412100.54708512826
current_ratio: 0.5269625577837257 --- candidate_ratio:0.5208877075486567
!!!!! ********* merge accepted ... 
merged: {1, 2, 4, 5, 6, 7, 8, 9, 10, 12, 13, 14, 15}
to_process: {0, 3, 11}
[(0, 0.09077502410629258), (3, 0.08423161518239222), (11, 0.09898392394643155)]
next_candidate: 3
chunks ... [0, 2748, 5496, 8244, 10992]
chunks ... [0, 2748, 5496, 8244, 10992]
database_size: 347394.430282835
codetable_size: 48974.13022663139
complete: 396368.56050946633
current_ratio: 0.5208877075486567 --- candidate_ratio:0.5010027584008216
!!!!! ********* merge accepted ... 
merged: {1, 2, 3, 4, 5, 6, 7, 8, 9, 10, 12, 13, 14, 15}
to_process: {0, 11}
[(0, 0.08235083791821113), (11, 0.0896849252316625)]
next_candidate: 0
chunks ... [0, 2748, 5496, 8244, 10992]
chunks ... [0, 2748, 5496, 8244, 10992]
database_size: 335182.8313884913
codetable_size: 53272.90140841635
complete: 388455.73279690766
current_ratio: 0.5010027584008216 --- candidate_ratio:0.4910010859532217
!!!!! ********* merge accepted ... 
merged: {0, 1, 2, 3, 4, 5, 6, 7, 8, 9, 10, 12, 13, 14, 15}
to_process: {11}
[(11, 0.08092493333185365)]
next_candidate: 11
chunks ... [0, 2748, 5496, 8244, 10992]
chunks ... [0, 2748, 5496, 8244, 10992]
database_size: 308990.8743796947
codetable_size: 57890.87427587505
complete: 366881.74865556974
current_ratio: 0.4910010859532217 --- candidate_ratio:0.46373195655856647
!!!!! ********* merge accepted ... 
merged table size: 2190
chunks ... [0, 2748, 5496, 8244, 10992]
chunks ... [0, 2748, 5496, 8244, 10992]
merged table size without non-used codes: 2127
database_size: 308990.8743796947
codetable_size: 57890.87427587505
complete: 366881.74865556974
database_size: 790738.936801035
codetable_size: 411.51868678919095
complete: 791150.4554878242
merged size: 366881.74865556974
sct size: 791150.4554878242
merged ratio: 0.46373195655856647
time elapsed: 53.29871988296509
