
-- MERGING METHOD naive
processing batch_results/200d-5-10-neg15/batch-1/adult_transaction_k_means_200d_k16_FalseNorm_trans_clust_0_k16...
chunks ... [0, 528, 1056, 1584, 2113]
num codes: 190
num codes with support 0: 0
chunks ... [0, 528, 1056, 1584, 2113]
num codes with usage 0: 34
database_size: 18853.312220641666
codetable_size: 3897.4626852012566
complete: 22750.77490584292
database_size: 99478.97635841943
codetable_size: 517.9376343770072
complete: 99996.91399279644
Partition 0 ratio: 0.22751477018062616
processing batch_results/200d-5-10-neg15/batch-1/adult_transaction_k_means_200d_k16_FalseNorm_trans_clust_1_k16...
chunks ... [0, 1141, 2282, 3423, 4565]
num codes: 232
num codes with support 0: 0
chunks ... [0, 1141, 2282, 3423, 4565]
num codes with usage 0: 32
database_size: 31238.355831152363
codetable_size: 5766.600843732486
complete: 37004.95667488485
database_size: 207910.2617062023
codetable_size: 602.5475665265911
complete: 208512.8092727289
Partition 1 ratio: 0.1774709036051757
processing batch_results/200d-5-10-neg15/batch-1/adult_transaction_k_means_200d_k16_FalseNorm_trans_clust_2_k16...
chunks ... [0, 473, 946, 1419, 1894]
num codes: 158
num codes with support 0: 0
chunks ... [0, 473, 946, 1419, 1894]
num codes with usage 0: 23
database_size: 16462.031073389517
codetable_size: 3282.7862386924166
complete: 19744.817312081934
database_size: 87243.27047681942
codetable_size: 501.6595900165531
complete: 87744.93006683598
Partition 2 ratio: 0.22502516438319747
processing batch_results/200d-5-10-neg15/batch-1/adult_transaction_k_means_200d_k16_FalseNorm_trans_clust_3_k16...
chunks ... [0, 766, 1532, 2298, 3066]
num codes: 264
num codes with support 0: 0
chunks ... [0, 766, 1532, 2298, 3066]
num codes with usage 0: 33
database_size: 34193.2324185722
codetable_size: 5401.931750593368
complete: 39595.16416916557
database_size: 147568.4388336643
codetable_size: 551.7680748206675
complete: 148120.20690848495
Partition 3 ratio: 0.26731777517451866
processing batch_results/200d-5-10-neg15/batch-1/adult_transaction_k_means_200d_k16_FalseNorm_trans_clust_4_k16...
chunks ... [0, 2322, 4644, 6966, 9289]
num codes: 352
num codes with support 0: 0
chunks ... [0, 2322, 4644, 6966, 9289]
num codes with usage 0: 37
database_size: 76622.5984512689
codetable_size: 9737.13136078593
complete: 86359.72981205484
database_size: 430761.3120961347
codetable_size: 618.655048511275
complete: 431379.967144646
Partition 4 ratio: 0.20019411282280886
processing batch_results/200d-5-10-neg15/batch-1/adult_transaction_k_means_200d_k16_FalseNorm_trans_clust_5_k16...
chunks ... [0, 1416, 2832, 4248, 5667]
num codes: 290
num codes with support 0: 0
chunks ... [0, 1416, 2832, 4248, 5667]
num codes with usage 0: 46
database_size: 42392.41320886756
codetable_size: 7315.765928405861
complete: 49708.17913727342
database_size: 259302.41638503037
codetable_size: 507.3818566657827
complete: 259809.79824169615
Partition 5 ratio: 0.1913252674598163
processing batch_results/200d-5-10-neg15/batch-1/adult_transaction_k_means_200d_k16_FalseNorm_trans_clust_6_k16...
chunks ... [0, 395, 790, 1185, 1581]
num codes: 167
num codes with support 0: 0
chunks ... [0, 395, 790, 1185, 1581]
num codes with usage 0: 22
database_size: 14851.70210599563
codetable_size: 3186.9020393497085
complete: 18038.604145345336
database_size: 74789.88369498102
codetable_size: 467.8511543746205
complete: 75257.73484935563
Partition 6 ratio: 0.239691032177004
processing batch_results/200d-5-10-neg15/batch-1/adult_transaction_k_means_200d_k16_FalseNorm_trans_clust_7_k16...
chunks ... [0, 765, 1530, 2295, 3063]
num codes: 187
num codes with support 0: 0
chunks ... [0, 765, 1530, 2295, 3063]
num codes with usage 0: 25
database_size: 21191.984949185004
codetable_size: 4579.539319476902
complete: 25771.524268661906
database_size: 139674.42481102273
codetable_size: 549.7785696249393
complete: 140224.20338064767
Partition 7 ratio: 0.1837879884309518
processing batch_results/200d-5-10-neg15/batch-1/adult_transaction_k_means_200d_k16_FalseNorm_trans_clust_8_k16...
chunks ... [0, 1020, 2040, 3060, 4083]
num codes: 178
num codes with support 0: 0
chunks ... [0, 1020, 2040, 3060, 4083]
num codes with usage 0: 41
database_size: 20799.873749730632
codetable_size: 3893.9087077497384
complete: 24693.78245748037
database_size: 180285.98848055047
codetable_size: 470.590192136784
complete: 180756.57867268726
Partition 8 ratio: 0.13661346457655463
processing batch_results/200d-5-10-neg15/batch-1/adult_transaction_k_means_200d_k16_FalseNorm_trans_clust_9_k16...
chunks ... [0, 568, 1136, 1704, 2272]
num codes: 153
num codes with support 0: 0
chunks ... [0, 568, 1136, 1704, 2272]
num codes with usage 0: 21
database_size: 14423.12876684461
codetable_size: 3582.398644518178
complete: 18005.52741136279
database_size: 102478.0579146944
codetable_size: 453.71600016391494
complete: 102931.7739148583
Partition 9 ratio: 0.17492681537050314
processing batch_results/200d-5-10-neg15/batch-1/adult_transaction_k_means_200d_k16_FalseNorm_trans_clust_10_k16...
chunks ... [0, 827, 1654, 2481, 3308]
num codes: 258
num codes with support 0: 0
chunks ... [0, 827, 1654, 2481, 3308]
num codes with usage 0: 30
database_size: 31199.36268539234
codetable_size: 5832.370146472324
complete: 37031.73283186467
database_size: 156365.22005559376
codetable_size: 586.0864110807184
complete: 156951.3064666745
Partition 10 ratio: 0.23594408779086923
processing batch_results/200d-5-10-neg15/batch-1/adult_transaction_k_means_200d_k16_FalseNorm_trans_clust_11_k16...
chunks ... [0, 555, 1110, 1665, 2222]
num codes: 216
num codes with support 0: 0
chunks ... [0, 555, 1110, 1665, 2222]
num codes with usage 0: 33
database_size: 17733.542894324866
codetable_size: 4608.296374668176
complete: 22341.83926899304
database_size: 105043.47645523348
codetable_size: 548.6870035875347
complete: 105592.16345882101
Partition 11 ratio: 0.2115861493614149
processing batch_results/200d-5-10-neg15/batch-1/adult_transaction_k_means_200d_k16_FalseNorm_trans_clust_12_k16...
chunks ... [0, 378, 756, 1134, 1514]
num codes: 173
num codes with support 0: 0
chunks ... [0, 378, 756, 1134, 1514]
num codes with usage 0: 31
database_size: 14138.576861743408
codetable_size: 2942.0065423871824
complete: 17080.58340413059
database_size: 70163.50330030208
codetable_size: 536.4771120667211
complete: 70699.98041236881
Partition 12 ratio: 0.24159247717616594
processing batch_results/200d-5-10-neg15/batch-1/adult_transaction_k_means_200d_k16_FalseNorm_trans_clust_13_k16...
chunks ... [0, 715, 1430, 2145, 2861]
num codes: 161
num codes with support 0: 0
chunks ... [0, 715, 1430, 2145, 2861]
num codes with usage 0: 22
database_size: 18003.978075936284
codetable_size: 3514.3141555424713
complete: 21518.292231478754
database_size: 129429.76793474717
codetable_size: 527.3997701435228
complete: 129957.1677048907
Partition 13 ratio: 0.16557987998278723
processing batch_results/200d-5-10-neg15/batch-1/adult_transaction_k_means_200d_k16_FalseNorm_trans_clust_14_k16...
chunks ... [0, 125, 250, 375, 500]
num codes: 134
num codes with support 0: 0
chunks ... [0, 125, 250, 375, 500]
num codes with usage 0: 30
database_size: 6604.921646377536
codetable_size: 1924.0369246643843
complete: 8528.95857104192
database_size: 23817.602460364662
codetable_size: 396.3939704578062
complete: 24213.99643082247
Partition 14 ratio: 0.3522325856208206
processing batch_results/200d-5-10-neg15/batch-1/adult_transaction_k_means_200d_k16_FalseNorm_trans_clust_15_k16...
chunks ... [0, 211, 422, 633, 844]
num codes: 156
num codes with support 0: 0
chunks ... [0, 211, 422, 633, 844]
num codes with usage 0: 33
database_size: 9333.655577400332
codetable_size: 2659.871079029215
complete: 11993.526656429547
database_size: 39676.85725076517
codetable_size: 493.5351257161583
complete: 40170.39237648133
Partition 15 ratio: 0.29856633074491523
number of codetables: 16
size: 190
size: 232
size: 158
size: 264
size: 352
size: 290
size: 167
size: 187
size: 178
size: 153
size: 258
size: 216
size: 173
size: 161
size: 134
size: 156
merged table size: 1856
chunks ... [0, 12210, 24420, 36630, 48842]
chunks ... [0, 12210, 24420, 36630, 48842]
merged table size without non-used codes: 1685
database_size: 564401.7706089844
codetable_size: 61912.32512929564
complete: 626314.0957382801
database_size: 2474343.928416041
codetable_size: 677.7028634765386
complete: 2475021.631279518
merged size: 626314.0957382801
sct size: 2475021.631279518
merged ratio: 0.2530539886289774
time elapsed: 16.146251678466797
-- MERGING METHOD naive_plus
processing batch_results/200d-5-10-neg15/batch-1/adult_transaction_k_means_200d_k16_FalseNorm_trans_clust_0_k16...
chunks ... [0, 528, 1056, 1584, 2113]
num codes: 190
num codes with support 0: 0
chunks ... [0, 528, 1056, 1584, 2113]
num codes with usage 0: 34
database_size: 18853.312220641666
codetable_size: 3897.4626852012566
complete: 22750.77490584292
database_size: 99478.97635841943
codetable_size: 517.9376343770072
complete: 99996.91399279644
Partition 0 ratio: 0.22751477018062616
processing batch_results/200d-5-10-neg15/batch-1/adult_transaction_k_means_200d_k16_FalseNorm_trans_clust_1_k16...
chunks ... [0, 1141, 2282, 3423, 4565]
num codes: 232
num codes with support 0: 0
chunks ... [0, 1141, 2282, 3423, 4565]
num codes with usage 0: 32
database_size: 31238.355831152363
codetable_size: 5766.600843732486
complete: 37004.95667488485
database_size: 207910.2617062023
codetable_size: 602.5475665265911
complete: 208512.8092727289
Partition 1 ratio: 0.1774709036051757
processing batch_results/200d-5-10-neg15/batch-1/adult_transaction_k_means_200d_k16_FalseNorm_trans_clust_2_k16...
chunks ... [0, 473, 946, 1419, 1894]
num codes: 158
num codes with support 0: 0
chunks ... [0, 473, 946, 1419, 1894]
num codes with usage 0: 23
database_size: 16462.031073389517
codetable_size: 3282.7862386924166
complete: 19744.817312081934
database_size: 87243.27047681942
codetable_size: 501.6595900165531
complete: 87744.93006683598
Partition 2 ratio: 0.22502516438319747
processing batch_results/200d-5-10-neg15/batch-1/adult_transaction_k_means_200d_k16_FalseNorm_trans_clust_3_k16...
chunks ... [0, 766, 1532, 2298, 3066]
num codes: 264
num codes with support 0: 0
chunks ... [0, 766, 1532, 2298, 3066]
num codes with usage 0: 33
database_size: 34193.2324185722
codetable_size: 5401.931750593368
complete: 39595.16416916557
database_size: 147568.4388336643
codetable_size: 551.7680748206675
complete: 148120.20690848495
Partition 3 ratio: 0.26731777517451866
processing batch_results/200d-5-10-neg15/batch-1/adult_transaction_k_means_200d_k16_FalseNorm_trans_clust_4_k16...
chunks ... [0, 2322, 4644, 6966, 9289]
num codes: 352
num codes with support 0: 0
chunks ... [0, 2322, 4644, 6966, 9289]
num codes with usage 0: 37
database_size: 76622.5984512689
codetable_size: 9737.13136078593
complete: 86359.72981205484
database_size: 430761.3120961347
codetable_size: 618.655048511275
complete: 431379.967144646
Partition 4 ratio: 0.20019411282280886
processing batch_results/200d-5-10-neg15/batch-1/adult_transaction_k_means_200d_k16_FalseNorm_trans_clust_5_k16...
chunks ... [0, 1416, 2832, 4248, 5667]
num codes: 290
num codes with support 0: 0
chunks ... [0, 1416, 2832, 4248, 5667]
num codes with usage 0: 46
database_size: 42392.41320886756
codetable_size: 7315.765928405861
complete: 49708.17913727342
database_size: 259302.41638503037
codetable_size: 507.3818566657827
complete: 259809.79824169615
Partition 5 ratio: 0.1913252674598163
processing batch_results/200d-5-10-neg15/batch-1/adult_transaction_k_means_200d_k16_FalseNorm_trans_clust_6_k16...
chunks ... [0, 395, 790, 1185, 1581]
num codes: 167
num codes with support 0: 0
chunks ... [0, 395, 790, 1185, 1581]
num codes with usage 0: 22
database_size: 14851.70210599563
codetable_size: 3186.9020393497085
complete: 18038.604145345336
database_size: 74789.88369498102
codetable_size: 467.8511543746205
complete: 75257.73484935563
Partition 6 ratio: 0.239691032177004
processing batch_results/200d-5-10-neg15/batch-1/adult_transaction_k_means_200d_k16_FalseNorm_trans_clust_7_k16...
chunks ... [0, 765, 1530, 2295, 3063]
num codes: 187
num codes with support 0: 0
chunks ... [0, 765, 1530, 2295, 3063]
num codes with usage 0: 25
database_size: 21191.984949185004
codetable_size: 4579.539319476902
complete: 25771.524268661906
database_size: 139674.42481102273
codetable_size: 549.7785696249393
complete: 140224.20338064767
Partition 7 ratio: 0.1837879884309518
processing batch_results/200d-5-10-neg15/batch-1/adult_transaction_k_means_200d_k16_FalseNorm_trans_clust_8_k16...
chunks ... [0, 1020, 2040, 3060, 4083]
num codes: 178
num codes with support 0: 0
chunks ... [0, 1020, 2040, 3060, 4083]
num codes with usage 0: 41
database_size: 20799.873749730632
codetable_size: 3893.9087077497384
complete: 24693.78245748037
database_size: 180285.98848055047
codetable_size: 470.590192136784
complete: 180756.57867268726
Partition 8 ratio: 0.13661346457655463
processing batch_results/200d-5-10-neg15/batch-1/adult_transaction_k_means_200d_k16_FalseNorm_trans_clust_9_k16...
chunks ... [0, 568, 1136, 1704, 2272]
num codes: 153
num codes with support 0: 0
chunks ... [0, 568, 1136, 1704, 2272]
num codes with usage 0: 21
database_size: 14423.12876684461
codetable_size: 3582.398644518178
complete: 18005.52741136279
database_size: 102478.0579146944
codetable_size: 453.71600016391494
complete: 102931.7739148583
Partition 9 ratio: 0.17492681537050314
processing batch_results/200d-5-10-neg15/batch-1/adult_transaction_k_means_200d_k16_FalseNorm_trans_clust_10_k16...
chunks ... [0, 827, 1654, 2481, 3308]
num codes: 258
num codes with support 0: 0
chunks ... [0, 827, 1654, 2481, 3308]
num codes with usage 0: 30
database_size: 31199.36268539234
codetable_size: 5832.370146472324
complete: 37031.73283186467
database_size: 156365.22005559376
codetable_size: 586.0864110807184
complete: 156951.3064666745
Partition 10 ratio: 0.23594408779086923
processing batch_results/200d-5-10-neg15/batch-1/adult_transaction_k_means_200d_k16_FalseNorm_trans_clust_11_k16...
chunks ... [0, 555, 1110, 1665, 2222]
num codes: 216
num codes with support 0: 0
chunks ... [0, 555, 1110, 1665, 2222]
num codes with usage 0: 33
database_size: 17733.542894324866
codetable_size: 4608.296374668176
complete: 22341.83926899304
database_size: 105043.47645523348
codetable_size: 548.6870035875347
complete: 105592.16345882101
Partition 11 ratio: 0.2115861493614149
processing batch_results/200d-5-10-neg15/batch-1/adult_transaction_k_means_200d_k16_FalseNorm_trans_clust_12_k16...
chunks ... [0, 378, 756, 1134, 1514]
num codes: 173
num codes with support 0: 0
chunks ... [0, 378, 756, 1134, 1514]
num codes with usage 0: 31
database_size: 14138.576861743408
codetable_size: 2942.0065423871824
complete: 17080.58340413059
database_size: 70163.50330030208
codetable_size: 536.4771120667211
complete: 70699.98041236881
Partition 12 ratio: 0.24159247717616594
processing batch_results/200d-5-10-neg15/batch-1/adult_transaction_k_means_200d_k16_FalseNorm_trans_clust_13_k16...
chunks ... [0, 715, 1430, 2145, 2861]
num codes: 161
num codes with support 0: 0
chunks ... [0, 715, 1430, 2145, 2861]
num codes with usage 0: 22
database_size: 18003.978075936284
codetable_size: 3514.3141555424713
complete: 21518.292231478754
database_size: 129429.76793474717
codetable_size: 527.3997701435228
complete: 129957.1677048907
Partition 13 ratio: 0.16557987998278723
processing batch_results/200d-5-10-neg15/batch-1/adult_transaction_k_means_200d_k16_FalseNorm_trans_clust_14_k16...
chunks ... [0, 125, 250, 375, 500]
num codes: 134
num codes with support 0: 0
chunks ... [0, 125, 250, 375, 500]
num codes with usage 0: 30
database_size: 6604.921646377536
codetable_size: 1924.0369246643843
complete: 8528.95857104192
database_size: 23817.602460364662
codetable_size: 396.3939704578062
complete: 24213.99643082247
Partition 14 ratio: 0.3522325856208206
processing batch_results/200d-5-10-neg15/batch-1/adult_transaction_k_means_200d_k16_FalseNorm_trans_clust_15_k16...
chunks ... [0, 211, 422, 633, 844]
num codes: 156
num codes with support 0: 0
chunks ... [0, 211, 422, 633, 844]
num codes with usage 0: 33
database_size: 9333.655577400332
codetable_size: 2659.871079029215
complete: 11993.526656429547
database_size: 39676.85725076517
codetable_size: 493.5351257161583
complete: 40170.39237648133
Partition 15 ratio: 0.29856633074491523
number of codetables: 16
size: 190
size: 232
size: 158
size: 264
size: 352
size: 290
size: 167
size: 187
size: 178
size: 153
size: 258
size: 216
size: 173
size: 161
size: 134
size: 156
database_size: 2474343.928416041
codetable_size: 677.7028634765386
complete: 2475021.631279518
current singletons: {1, 2, 3, 4, 5, 6, 7, 9, 15, 16, 17, 20, 23, 25, 26, 27, 29, 30, 31, 32, 33, 34, 35, 36, 37, 38, 39, 40, 41, 42, 43, 44, 45, 46, 47, 48, 49, 50, 51, 52, 53, 54, 55, 56, 57, 58, 59, 61, 63, 65, 66, 67, 68, 70, 71, 72, 73, 74, 75, 76, 77, 78, 79, 81, 82, 83, 84, 85, 87, 89, 90, 91, 92, 93, 94, 96, 97}
Added 20 singletons
added:  {8, 10, 11, 12, 13, 14, 18, 19, 21, 22, 24, 28, 60, 62, 64, 69, 80, 86, 88, 95}
chunks ... [0, 12210, 24420, 36630, 48842]
num codes: 210
num codes with support 0: 0
chunks ... [0, 12210, 24420, 36630, 48842]
database_size: 1659191.861428457
codetable_size: 5202.342607844445
complete: 1664394.2040363015
Partition ratio: 0.6724766292955006
current singletons: {1, 2, 3, 4, 5, 6, 7, 8, 9, 10, 11, 15, 16, 17, 20, 23, 25, 26, 27, 28, 29, 30, 31, 32, 33, 34, 35, 36, 37, 38, 39, 42, 44, 45, 46, 47, 48, 49, 50, 51, 52, 53, 54, 55, 56, 57, 58, 59, 60, 61, 63, 65, 66, 67, 68, 69, 70, 71, 72, 73, 74, 75, 76, 77, 78, 79, 80, 82, 83, 84, 85, 86, 87, 88, 90, 91, 92, 93, 94, 96, 97}
Added 16 singletons
added:  {64, 40, 41, 43, 12, 13, 14, 81, 18, 19, 21, 22, 24, 89, 62, 95}
chunks ... [0, 12210, 24420, 36630, 48842]
num codes: 248
num codes with support 0: 0
chunks ... [0, 12210, 24420, 36630, 48842]
database_size: 1837339.720558433
codetable_size: 7085.2126789636495
complete: 1844424.9332373966
Partition ratio: 0.7452156821287578
current singletons: {1, 2, 3, 4, 5, 6, 7, 8, 9, 14, 18, 19, 21, 22, 24, 25, 29, 30, 31, 32, 33, 34, 35, 36, 37, 38, 39, 42, 43, 44, 45, 46, 47, 48, 49, 50, 51, 52, 53, 55, 56, 58, 59, 61, 63, 65, 66, 67, 68, 69, 70, 71, 72, 73, 74, 75, 76, 77, 78, 79, 81, 82, 83, 84, 85, 86, 87, 88, 89, 90, 91, 92, 93, 94, 96, 97}
Added 21 singletons
added:  {10, 11, 12, 13, 15, 16, 17, 20, 23, 26, 27, 28, 40, 41, 54, 57, 60, 62, 64, 80, 95}
chunks ... [0, 12210, 24420, 36630, 48842]
num codes: 179
num codes with support 0: 0
chunks ... [0, 12210, 24420, 36630, 48842]
database_size: 1929951.7619783706
codetable_size: 4443.402895418888
complete: 1934395.1648737895
Partition ratio: 0.7815669731636893
current singletons: {1, 2, 3, 4, 5, 6, 7, 9, 13, 14, 15, 16, 17, 18, 19, 20, 21, 22, 23, 24, 25, 26, 27, 29, 30, 31, 32, 33, 34, 35, 36, 37, 38, 39, 40, 42, 44, 45, 46, 47, 48, 49, 50, 51, 52, 53, 54, 55, 56, 57, 58, 59, 61, 63, 65, 66, 67, 68, 69, 70, 71, 72, 73, 74, 75, 76, 77, 78, 79, 81, 82, 83, 84, 85, 86, 87, 88, 89, 91, 92, 95, 96, 97}
Added 14 singletons
added:  {64, 8, 41, 10, 43, 11, 12, 60, 80, 62, 90, 28, 93, 94}
chunks ... [0, 12210, 24420, 36630, 48842]
num codes: 278
num codes with support 0: 0
chunks ... [0, 12210, 24420, 36630, 48842]
database_size: 1426616.9831172477
codetable_size: 6632.638476339513
complete: 1433249.621593587
Partition ratio: 0.5790856950420415
current singletons: {1, 2, 3, 4, 5, 6, 7, 8, 9, 11, 13, 15, 16, 17, 19, 20, 23, 24, 25, 26, 27, 29, 30, 31, 32, 33, 34, 35, 36, 37, 38, 39, 40, 42, 44, 45, 46, 47, 48, 49, 50, 51, 52, 53, 54, 55, 56, 57, 58, 59, 60, 61, 63, 64, 65, 66, 67, 68, 69, 70, 71, 72, 73, 74, 75, 76, 78, 79, 80, 81, 82, 83, 84, 85, 86, 87, 88, 90, 92, 93, 94, 95, 96, 97}
Added 13 singletons
added:  {41, 10, 43, 12, 77, 14, 18, 21, 22, 89, 91, 28, 62}
chunks ... [0, 12210, 24420, 36630, 48842]
num codes: 365
num codes with support 0: 0
chunks ... [0, 12210, 24420, 36630, 48842]
database_size: 1248013.3973545057
codetable_size: 11043.073950016797
complete: 1259056.4713045226
Partition ratio: 0.5087052393370902
current singletons: {1, 2, 3, 4, 5, 6, 7, 9, 13, 15, 16, 17, 20, 23, 25, 26, 27, 28, 29, 30, 31, 32, 33, 34, 35, 36, 37, 38, 39, 42, 44, 45, 46, 47, 48, 49, 50, 51, 52, 53, 54, 55, 56, 57, 58, 59, 60, 61, 63, 65, 66, 68, 69, 70, 71, 72, 74, 75, 78, 79, 80, 81, 82, 83, 84, 86, 87, 88, 91, 92, 94, 96, 97}
Added 24 singletons
added:  {8, 10, 11, 12, 14, 18, 19, 21, 22, 24, 40, 41, 43, 62, 64, 67, 73, 76, 77, 85, 89, 90, 93, 95}
chunks ... [0, 12210, 24420, 36630, 48842]
num codes: 314
num codes with support 0: 0
chunks ... [0, 12210, 24420, 36630, 48842]
database_size: 1250358.288654076
codetable_size: 9002.565687136552
complete: 1259360.8543412124
Partition ratio: 0.5088282213073659
current singletons: {1, 2, 3, 4, 5, 6, 7, 9, 14, 18, 19, 21, 22, 24, 25, 26, 27, 28, 29, 30, 32, 33, 34, 35, 36, 37, 38, 39, 40, 42, 43, 44, 45, 46, 47, 48, 49, 51, 52, 53, 54, 55, 56, 57, 58, 59, 61, 63, 65, 66, 68, 69, 70, 71, 72, 73, 74, 75, 76, 77, 78, 79, 81, 82, 83, 84, 87, 89, 90, 93, 95, 96, 97}
Added 24 singletons
added:  {8, 10, 11, 12, 13, 15, 16, 17, 20, 23, 31, 41, 50, 60, 62, 64, 67, 80, 85, 86, 88, 91, 92, 94}
chunks ... [0, 12210, 24420, 36630, 48842]
num codes: 191
num codes with support 0: 0
chunks ... [0, 12210, 24420, 36630, 48842]
database_size: 1952283.0404245164
codetable_size: 4475.9199672498535
complete: 1956758.9603917664
Partition ratio: 0.79060277116858
current singletons: {1, 2, 3, 4, 5, 6, 7, 9, 11, 12, 14, 18, 19, 21, 22, 24, 25, 28, 29, 30, 31, 32, 33, 34, 35, 36, 37, 38, 39, 40, 42, 43, 45, 46, 47, 48, 49, 51, 52, 53, 54, 55, 56, 57, 58, 59, 61, 63, 65, 66, 67, 68, 69, 70, 71, 72, 73, 74, 75, 76, 77, 78, 79, 80, 81, 82, 83, 85, 86, 87, 88, 91, 92, 93, 94, 95, 96, 97}
Added 19 singletons
added:  {8, 10, 13, 15, 16, 17, 20, 23, 26, 27, 41, 44, 50, 60, 62, 64, 84, 89, 90}
chunks ... [0, 12210, 24420, 36630, 48842]
num codes: 206
num codes with support 0: 0
chunks ... [0, 12210, 24420, 36630, 48842]
database_size: 2001346.223437253
codetable_size: 5924.075819882429
complete: 2007270.2992571353
Partition ratio: 0.8110112145643882
current singletons: {1, 2, 3, 4, 5, 6, 7, 8, 9, 15, 16, 17, 20, 23, 25, 28, 29, 30, 31, 32, 33, 34, 35, 37, 38, 39, 42, 43, 45, 46, 47, 48, 49, 51, 52, 53, 55, 56, 57, 58, 59, 61, 62, 63, 65, 66, 68, 69, 70, 71, 72, 73, 74, 75, 76, 78, 82, 83, 85, 86, 87, 88, 91, 93, 94, 96, 97}
Added 30 singletons
added:  {10, 11, 12, 13, 14, 18, 19, 21, 22, 24, 26, 27, 36, 40, 41, 44, 50, 54, 60, 64, 67, 77, 79, 80, 81, 84, 89, 90, 92, 95}
chunks ... [0, 12210, 24420, 36630, 48842]
num codes: 208
num codes with support 0: 0
chunks ... [0, 12210, 24420, 36630, 48842]
database_size: 1919575.6365249287
codetable_size: 5329.969151983598
complete: 1924905.6056769122
Partition ratio: 0.7777328413415883
current singletons: {1, 2, 3, 4, 5, 6, 7, 9, 15, 16, 17, 20, 23, 25, 28, 29, 30, 31, 32, 33, 34, 35, 36, 37, 38, 39, 43, 45, 46, 47, 48, 49, 51, 52, 53, 54, 55, 56, 57, 58, 59, 61, 62, 63, 65, 66, 67, 68, 69, 70, 71, 72, 73, 74, 75, 76, 78, 81, 82, 83, 84, 85, 86, 88, 90, 91, 94, 96}
Added 29 singletons
added:  {8, 10, 11, 12, 13, 14, 18, 19, 21, 22, 24, 26, 27, 40, 41, 42, 44, 50, 60, 64, 77, 79, 80, 87, 89, 92, 93, 95, 97}
chunks ... [0, 12210, 24420, 36630, 48842]
num codes: 182
num codes with support 0: 0
chunks ... [0, 12210, 24420, 36630, 48842]
database_size: 1998092.1618935906
codetable_size: 4836.640089645506
complete: 2002928.801983236
Partition ratio: 0.8092570895825978
current singletons: {1, 2, 3, 4, 5, 6, 7, 9, 14, 15, 18, 19, 20, 21, 22, 23, 24, 25, 26, 27, 28, 29, 30, 31, 32, 33, 34, 35, 36, 37, 38, 39, 41, 42, 44, 45, 46, 47, 48, 49, 50, 51, 52, 53, 54, 55, 56, 57, 58, 59, 60, 61, 63, 65, 66, 68, 69, 70, 71, 72, 73, 74, 75, 76, 77, 78, 79, 80, 81, 82, 83, 84, 85, 86, 87, 88, 89, 90, 91, 92, 93, 95, 96, 97}
Added 13 singletons
added:  {64, 67, 40, 8, 10, 43, 11, 12, 13, 16, 17, 62, 94}
chunks ... [0, 12210, 24420, 36630, 48842]
num codes: 271
num codes with support 0: 0
chunks ... [0, 12210, 24420, 36630, 48842]
database_size: 2052383.5113873782
codetable_size: 7327.525023514091
complete: 2059711.0364108924
Partition ratio: 0.8321992060110112
current singletons: {1, 2, 3, 4, 5, 6, 7, 8, 9, 11, 13, 15, 16, 17, 19, 20, 23, 24, 25, 26, 27, 28, 29, 30, 31, 32, 33, 34, 35, 36, 37, 38, 39, 40, 42, 43, 44, 45, 46, 47, 48, 49, 50, 51, 52, 53, 55, 56, 57, 58, 59, 61, 63, 65, 66, 67, 68, 69, 70, 71, 72, 73, 74, 76, 77, 78, 79, 81, 82, 83, 84, 86, 89, 90, 91, 92, 93, 95, 96, 97}
Added 17 singletons
added:  {64, 41, 10, 75, 12, 14, 80, 18, 62, 21, 22, 54, 85, 87, 88, 60, 94}
chunks ... [0, 12210, 24420, 36630, 48842]
num codes: 233
num codes with support 0: 0
chunks ... [0, 12210, 24420, 36630, 48842]
database_size: 1367953.381827719
codetable_size: 5661.738471643173
complete: 1373615.120299362
Partition ratio: 0.5549911576284855
current singletons: {1, 2, 3, 4, 5, 6, 7, 8, 9, 12, 14, 15, 16, 17, 19, 20, 23, 24, 25, 28, 29, 30, 31, 32, 33, 34, 35, 36, 37, 38, 39, 41, 42, 45, 46, 47, 48, 49, 50, 52, 53, 54, 55, 56, 57, 58, 59, 61, 63, 65, 66, 67, 68, 69, 70, 71, 72, 73, 74, 75, 76, 77, 78, 79, 80, 81, 82, 83, 84, 85, 87, 88, 89, 90, 91, 92, 94, 95, 96, 97}
Added 17 singletons
added:  {64, 40, 10, 43, 44, 11, 13, 18, 51, 21, 22, 86, 26, 27, 60, 93, 62}
chunks ... [0, 12210, 24420, 36630, 48842]
num codes: 190
num codes with support 0: 0
chunks ... [0, 12210, 24420, 36630, 48842]
database_size: 1843725.9361530384
codetable_size: 4053.565876230463
complete: 1847779.5020292688
Partition ratio: 0.7465710516129985
current singletons: {1, 2, 3, 4, 5, 6, 7, 8, 9, 15, 16, 17, 20, 23, 25, 28, 29, 30, 31, 32, 33, 34, 35, 36, 37, 38, 39, 41, 42, 43, 44, 45, 46, 47, 48, 49, 51, 52, 53, 54, 55, 56, 57, 58, 59, 61, 63, 65, 66, 67, 68, 69, 70, 71, 72, 73, 74, 75, 76, 77, 78, 79, 81, 82, 83, 84, 85, 86, 88, 90, 93, 94, 95, 96, 97}
Added 22 singletons
added:  {10, 11, 12, 13, 14, 18, 19, 21, 22, 24, 26, 27, 40, 50, 60, 62, 64, 80, 87, 89, 91, 92}
chunks ... [0, 12210, 24420, 36630, 48842]
num codes: 183
num codes with support 0: 0
chunks ... [0, 12210, 24420, 36630, 48842]
database_size: 1778541.3069030878
codetable_size: 4558.453777218398
complete: 1783099.7606803062
Partition ratio: 0.7204380511852306
current singletons: {1, 2, 3, 4, 5, 6, 7, 9, 14, 15, 16, 17, 19, 20, 23, 24, 25, 26, 27, 29, 30, 31, 32, 33, 34, 35, 36, 37, 38, 39, 41, 42, 44, 45, 46, 48, 49, 50, 51, 52, 53, 54, 55, 56, 57, 58, 59, 61, 63, 65, 66, 67, 68, 69, 71, 72, 73, 74, 75, 76, 77, 81, 85, 89, 93, 95, 96, 97}
Added 29 singletons
added:  {8, 10, 11, 12, 13, 18, 21, 22, 28, 40, 43, 47, 60, 62, 64, 70, 78, 79, 80, 82, 83, 84, 86, 87, 88, 90, 91, 92, 94}
chunks ... [0, 12210, 24420, 36630, 48842]
num codes: 163
num codes with support 0: 0
chunks ... [0, 12210, 24420, 36630, 48842]
database_size: 1898530.4922732122
codetable_size: 3005.3180868141317
complete: 1901535.8103600263
Partition ratio: 0.7682905823239148
current singletons: {1, 2, 3, 4, 5, 6, 7, 9, 14, 15, 17, 18, 19, 20, 21, 22, 23, 24, 25, 27, 28, 29, 30, 31, 32, 33, 34, 35, 36, 37, 38, 39, 41, 42, 44, 45, 46, 47, 48, 49, 50, 51, 52, 53, 54, 55, 56, 57, 58, 59, 61, 63, 65, 66, 68, 69, 70, 71, 72, 73, 74, 75, 76, 77, 78, 79, 80, 81, 82, 83, 84, 89, 90, 93, 95, 96, 97}
Added 20 singletons
added:  {8, 10, 11, 12, 13, 16, 26, 40, 43, 60, 62, 64, 67, 85, 86, 87, 88, 91, 92, 94}
chunks ... [0, 12210, 24420, 36630, 48842]
num codes: 176
num codes with support 0: 0
chunks ... [0, 12210, 24420, 36630, 48842]
database_size: 2146083.158614734
codetable_size: 4019.815119248419
complete: 2150102.9737339825
Partition ratio: 0.8687208816928353
merged table size: 365
chunks ... [0, 12210, 24420, 36630, 48842]
chunks ... [0, 12210, 24420, 36630, 48842]
merged table size without non-used codes: 360
database_size: 1248013.3973545057
codetable_size: 11043.073950016797
complete: 1259056.4713045226
database_size: 2474343.928416041
codetable_size: 677.7028634765386
complete: 2475021.631279518
merged size: 1259056.4713045226
sct size: 2475021.631279518
merged ratio: 0.5087052393370902
time elapsed: 39.50322771072388
-- MERGING METHOD informed
processing batch_results/200d-5-10-neg15/batch-1/adult_transaction_k_means_200d_k16_FalseNorm_trans_clust_0_k16...
chunks ... [0, 528, 1056, 1584, 2113]
num codes: 190
num codes with support 0: 0
chunks ... [0, 528, 1056, 1584, 2113]
num codes with usage 0: 34
database_size: 18853.312220641666
codetable_size: 3897.4626852012566
complete: 22750.77490584292
database_size: 99478.97635841943
codetable_size: 517.9376343770072
complete: 99996.91399279644
Partition 0 ratio: 0.22751477018062616
processing batch_results/200d-5-10-neg15/batch-1/adult_transaction_k_means_200d_k16_FalseNorm_trans_clust_1_k16...
chunks ... [0, 1141, 2282, 3423, 4565]
num codes: 232
num codes with support 0: 0
chunks ... [0, 1141, 2282, 3423, 4565]
num codes with usage 0: 32
database_size: 31238.355831152363
codetable_size: 5766.600843732486
complete: 37004.95667488485
database_size: 207910.2617062023
codetable_size: 602.5475665265911
complete: 208512.8092727289
Partition 1 ratio: 0.1774709036051757
processing batch_results/200d-5-10-neg15/batch-1/adult_transaction_k_means_200d_k16_FalseNorm_trans_clust_2_k16...
chunks ... [0, 473, 946, 1419, 1894]
num codes: 158
num codes with support 0: 0
chunks ... [0, 473, 946, 1419, 1894]
num codes with usage 0: 23
database_size: 16462.031073389517
codetable_size: 3282.7862386924166
complete: 19744.817312081934
database_size: 87243.27047681942
codetable_size: 501.6595900165531
complete: 87744.93006683598
Partition 2 ratio: 0.22502516438319747
processing batch_results/200d-5-10-neg15/batch-1/adult_transaction_k_means_200d_k16_FalseNorm_trans_clust_3_k16...
chunks ... [0, 766, 1532, 2298, 3066]
num codes: 264
num codes with support 0: 0
chunks ... [0, 766, 1532, 2298, 3066]
num codes with usage 0: 33
database_size: 34193.2324185722
codetable_size: 5401.931750593368
complete: 39595.16416916557
database_size: 147568.4388336643
codetable_size: 551.7680748206675
complete: 148120.20690848495
Partition 3 ratio: 0.26731777517451866
processing batch_results/200d-5-10-neg15/batch-1/adult_transaction_k_means_200d_k16_FalseNorm_trans_clust_4_k16...
chunks ... [0, 2322, 4644, 6966, 9289]
num codes: 352
num codes with support 0: 0
chunks ... [0, 2322, 4644, 6966, 9289]
num codes with usage 0: 37
database_size: 76622.5984512689
codetable_size: 9737.13136078593
complete: 86359.72981205484
database_size: 430761.3120961347
codetable_size: 618.655048511275
complete: 431379.967144646
Partition 4 ratio: 0.20019411282280886
processing batch_results/200d-5-10-neg15/batch-1/adult_transaction_k_means_200d_k16_FalseNorm_trans_clust_5_k16...
chunks ... [0, 1416, 2832, 4248, 5667]
num codes: 290
num codes with support 0: 0
chunks ... [0, 1416, 2832, 4248, 5667]
num codes with usage 0: 46
database_size: 42392.41320886756
codetable_size: 7315.765928405861
complete: 49708.17913727342
database_size: 259302.41638503037
codetable_size: 507.3818566657827
complete: 259809.79824169615
Partition 5 ratio: 0.1913252674598163
processing batch_results/200d-5-10-neg15/batch-1/adult_transaction_k_means_200d_k16_FalseNorm_trans_clust_6_k16...
chunks ... [0, 395, 790, 1185, 1581]
num codes: 167
num codes with support 0: 0
chunks ... [0, 395, 790, 1185, 1581]
num codes with usage 0: 22
database_size: 14851.70210599563
codetable_size: 3186.9020393497085
complete: 18038.604145345336
database_size: 74789.88369498102
codetable_size: 467.8511543746205
complete: 75257.73484935563
Partition 6 ratio: 0.239691032177004
processing batch_results/200d-5-10-neg15/batch-1/adult_transaction_k_means_200d_k16_FalseNorm_trans_clust_7_k16...
chunks ... [0, 765, 1530, 2295, 3063]
num codes: 187
num codes with support 0: 0
chunks ... [0, 765, 1530, 2295, 3063]
num codes with usage 0: 25
database_size: 21191.984949185004
codetable_size: 4579.539319476902
complete: 25771.524268661906
database_size: 139674.42481102273
codetable_size: 549.7785696249393
complete: 140224.20338064767
Partition 7 ratio: 0.1837879884309518
processing batch_results/200d-5-10-neg15/batch-1/adult_transaction_k_means_200d_k16_FalseNorm_trans_clust_8_k16...
chunks ... [0, 1020, 2040, 3060, 4083]
num codes: 178
num codes with support 0: 0
chunks ... [0, 1020, 2040, 3060, 4083]
num codes with usage 0: 41
database_size: 20799.873749730632
codetable_size: 3893.9087077497384
complete: 24693.78245748037
database_size: 180285.98848055047
codetable_size: 470.590192136784
complete: 180756.57867268726
Partition 8 ratio: 0.13661346457655463
processing batch_results/200d-5-10-neg15/batch-1/adult_transaction_k_means_200d_k16_FalseNorm_trans_clust_9_k16...
chunks ... [0, 568, 1136, 1704, 2272]
num codes: 153
num codes with support 0: 0
chunks ... [0, 568, 1136, 1704, 2272]
num codes with usage 0: 21
database_size: 14423.12876684461
codetable_size: 3582.398644518178
complete: 18005.52741136279
database_size: 102478.0579146944
codetable_size: 453.71600016391494
complete: 102931.7739148583
Partition 9 ratio: 0.17492681537050314
processing batch_results/200d-5-10-neg15/batch-1/adult_transaction_k_means_200d_k16_FalseNorm_trans_clust_10_k16...
chunks ... [0, 827, 1654, 2481, 3308]
num codes: 258
num codes with support 0: 0
chunks ... [0, 827, 1654, 2481, 3308]
num codes with usage 0: 30
database_size: 31199.36268539234
codetable_size: 5832.370146472324
complete: 37031.73283186467
database_size: 156365.22005559376
codetable_size: 586.0864110807184
complete: 156951.3064666745
Partition 10 ratio: 0.23594408779086923
processing batch_results/200d-5-10-neg15/batch-1/adult_transaction_k_means_200d_k16_FalseNorm_trans_clust_11_k16...
chunks ... [0, 555, 1110, 1665, 2222]
num codes: 216
num codes with support 0: 0
chunks ... [0, 555, 1110, 1665, 2222]
num codes with usage 0: 33
database_size: 17733.542894324866
codetable_size: 4608.296374668176
complete: 22341.83926899304
database_size: 105043.47645523348
codetable_size: 548.6870035875347
complete: 105592.16345882101
Partition 11 ratio: 0.2115861493614149
processing batch_results/200d-5-10-neg15/batch-1/adult_transaction_k_means_200d_k16_FalseNorm_trans_clust_12_k16...
chunks ... [0, 378, 756, 1134, 1514]
num codes: 173
num codes with support 0: 0
chunks ... [0, 378, 756, 1134, 1514]
num codes with usage 0: 31
database_size: 14138.576861743408
codetable_size: 2942.0065423871824
complete: 17080.58340413059
database_size: 70163.50330030208
codetable_size: 536.4771120667211
complete: 70699.98041236881
Partition 12 ratio: 0.24159247717616594
processing batch_results/200d-5-10-neg15/batch-1/adult_transaction_k_means_200d_k16_FalseNorm_trans_clust_13_k16...
chunks ... [0, 715, 1430, 2145, 2861]
num codes: 161
num codes with support 0: 0
chunks ... [0, 715, 1430, 2145, 2861]
num codes with usage 0: 22
database_size: 18003.978075936284
codetable_size: 3514.3141555424713
complete: 21518.292231478754
database_size: 129429.76793474717
codetable_size: 527.3997701435228
complete: 129957.1677048907
Partition 13 ratio: 0.16557987998278723
processing batch_results/200d-5-10-neg15/batch-1/adult_transaction_k_means_200d_k16_FalseNorm_trans_clust_14_k16...
chunks ... [0, 125, 250, 375, 500]
num codes: 134
num codes with support 0: 0
chunks ... [0, 125, 250, 375, 500]
num codes with usage 0: 30
database_size: 6604.921646377536
codetable_size: 1924.0369246643843
complete: 8528.95857104192
database_size: 23817.602460364662
codetable_size: 396.3939704578062
complete: 24213.99643082247
Partition 14 ratio: 0.3522325856208206
processing batch_results/200d-5-10-neg15/batch-1/adult_transaction_k_means_200d_k16_FalseNorm_trans_clust_15_k16...
chunks ... [0, 211, 422, 633, 844]
num codes: 156
num codes with support 0: 0
chunks ... [0, 211, 422, 633, 844]
num codes with usage 0: 33
database_size: 9333.655577400332
codetable_size: 2659.871079029215
complete: 11993.526656429547
database_size: 39676.85725076517
codetable_size: 493.5351257161583
complete: 40170.39237648133
Partition 15 ratio: 0.29856633074491523
number of codetables: 16
size: 190
size: 232
size: 158
size: 264
size: 352
size: 290
size: 167
size: 187
size: 178
size: 153
size: 258
size: 216
size: 173
size: 161
size: 134
size: 156
database_size: 2474343.928416041
codetable_size: 677.7028634765386
complete: 2475021.631279518
database_size: 2474343.928416041
codetable_size: 677.7028634765386
complete: 2475021.631279518
current singletons: {1, 2, 3, 4, 5, 6, 7, 9, 15, 16, 17, 20, 23, 25, 26, 27, 29, 30, 31, 32, 33, 34, 35, 36, 37, 38, 39, 40, 41, 42, 43, 44, 45, 46, 47, 48, 49, 50, 51, 52, 53, 54, 55, 56, 57, 58, 59, 61, 63, 65, 66, 67, 68, 70, 71, 72, 73, 74, 75, 76, 77, 78, 79, 81, 82, 83, 84, 85, 87, 89, 90, 91, 92, 93, 94, 96, 97}
Added 20 singletons
added:  {8, 10, 11, 12, 13, 14, 18, 19, 21, 22, 24, 28, 60, 62, 64, 69, 80, 86, 88, 95}
chunks ... [0, 12210, 24420, 36630, 48842]
num codes: 210
num codes with support 0: 0
chunks ... [0, 12210, 24420, 36630, 48842]
database_size: 1659191.861428457
codetable_size: 5202.342607844445
complete: 1664394.2040363015
Partition ratio: 0.6724766292955006
current singletons: {1, 2, 3, 4, 5, 6, 7, 8, 9, 10, 11, 15, 16, 17, 20, 23, 25, 26, 27, 28, 29, 30, 31, 32, 33, 34, 35, 36, 37, 38, 39, 42, 44, 45, 46, 47, 48, 49, 50, 51, 52, 53, 54, 55, 56, 57, 58, 59, 60, 61, 63, 65, 66, 67, 68, 69, 70, 71, 72, 73, 74, 75, 76, 77, 78, 79, 80, 82, 83, 84, 85, 86, 87, 88, 90, 91, 92, 93, 94, 96, 97}
Added 16 singletons
added:  {64, 40, 41, 43, 12, 13, 14, 81, 18, 19, 21, 22, 24, 89, 62, 95}
chunks ... [0, 12210, 24420, 36630, 48842]
num codes: 248
num codes with support 0: 0
chunks ... [0, 12210, 24420, 36630, 48842]
database_size: 1837339.720558433
codetable_size: 7085.2126789636495
complete: 1844424.9332373966
Partition ratio: 0.7452156821287578
current singletons: {1, 2, 3, 4, 5, 6, 7, 8, 9, 14, 18, 19, 21, 22, 24, 25, 29, 30, 31, 32, 33, 34, 35, 36, 37, 38, 39, 42, 43, 44, 45, 46, 47, 48, 49, 50, 51, 52, 53, 55, 56, 58, 59, 61, 63, 65, 66, 67, 68, 69, 70, 71, 72, 73, 74, 75, 76, 77, 78, 79, 81, 82, 83, 84, 85, 86, 87, 88, 89, 90, 91, 92, 93, 94, 96, 97}
Added 21 singletons
added:  {10, 11, 12, 13, 15, 16, 17, 20, 23, 26, 27, 28, 40, 41, 54, 57, 60, 62, 64, 80, 95}
chunks ... [0, 12210, 24420, 36630, 48842]
num codes: 179
num codes with support 0: 0
chunks ... [0, 12210, 24420, 36630, 48842]
database_size: 1929951.7619783706
codetable_size: 4443.402895418888
complete: 1934395.1648737895
Partition ratio: 0.7815669731636893
current singletons: {1, 2, 3, 4, 5, 6, 7, 9, 13, 14, 15, 16, 17, 18, 19, 20, 21, 22, 23, 24, 25, 26, 27, 29, 30, 31, 32, 33, 34, 35, 36, 37, 38, 39, 40, 42, 44, 45, 46, 47, 48, 49, 50, 51, 52, 53, 54, 55, 56, 57, 58, 59, 61, 63, 65, 66, 67, 68, 69, 70, 71, 72, 73, 74, 75, 76, 77, 78, 79, 81, 82, 83, 84, 85, 86, 87, 88, 89, 91, 92, 95, 96, 97}
Added 14 singletons
added:  {64, 8, 41, 10, 43, 11, 12, 60, 80, 62, 90, 28, 93, 94}
chunks ... [0, 12210, 24420, 36630, 48842]
num codes: 278
num codes with support 0: 0
chunks ... [0, 12210, 24420, 36630, 48842]
database_size: 1426616.9831172477
codetable_size: 6632.638476339513
complete: 1433249.621593587
Partition ratio: 0.5790856950420415
current singletons: {1, 2, 3, 4, 5, 6, 7, 8, 9, 11, 13, 15, 16, 17, 19, 20, 23, 24, 25, 26, 27, 29, 30, 31, 32, 33, 34, 35, 36, 37, 38, 39, 40, 42, 44, 45, 46, 47, 48, 49, 50, 51, 52, 53, 54, 55, 56, 57, 58, 59, 60, 61, 63, 64, 65, 66, 67, 68, 69, 70, 71, 72, 73, 74, 75, 76, 78, 79, 80, 81, 82, 83, 84, 85, 86, 87, 88, 90, 92, 93, 94, 95, 96, 97}
Added 13 singletons
added:  {41, 10, 43, 12, 77, 14, 18, 21, 22, 89, 91, 28, 62}
chunks ... [0, 12210, 24420, 36630, 48842]
num codes: 365
num codes with support 0: 0
chunks ... [0, 12210, 24420, 36630, 48842]
database_size: 1248013.3973545057
codetable_size: 11043.073950016797
complete: 1259056.4713045226
Partition ratio: 0.5087052393370902
current singletons: {1, 2, 3, 4, 5, 6, 7, 9, 13, 15, 16, 17, 20, 23, 25, 26, 27, 28, 29, 30, 31, 32, 33, 34, 35, 36, 37, 38, 39, 42, 44, 45, 46, 47, 48, 49, 50, 51, 52, 53, 54, 55, 56, 57, 58, 59, 60, 61, 63, 65, 66, 68, 69, 70, 71, 72, 74, 75, 78, 79, 80, 81, 82, 83, 84, 86, 87, 88, 91, 92, 94, 96, 97}
Added 24 singletons
added:  {8, 10, 11, 12, 14, 18, 19, 21, 22, 24, 40, 41, 43, 62, 64, 67, 73, 76, 77, 85, 89, 90, 93, 95}
chunks ... [0, 12210, 24420, 36630, 48842]
num codes: 314
num codes with support 0: 0
chunks ... [0, 12210, 24420, 36630, 48842]
database_size: 1250358.288654076
codetable_size: 9002.565687136552
complete: 1259360.8543412124
Partition ratio: 0.5088282213073659
current singletons: {1, 2, 3, 4, 5, 6, 7, 9, 14, 18, 19, 21, 22, 24, 25, 26, 27, 28, 29, 30, 32, 33, 34, 35, 36, 37, 38, 39, 40, 42, 43, 44, 45, 46, 47, 48, 49, 51, 52, 53, 54, 55, 56, 57, 58, 59, 61, 63, 65, 66, 68, 69, 70, 71, 72, 73, 74, 75, 76, 77, 78, 79, 81, 82, 83, 84, 87, 89, 90, 93, 95, 96, 97}
Added 24 singletons
added:  {8, 10, 11, 12, 13, 15, 16, 17, 20, 23, 31, 41, 50, 60, 62, 64, 67, 80, 85, 86, 88, 91, 92, 94}
chunks ... [0, 12210, 24420, 36630, 48842]
num codes: 191
num codes with support 0: 0
chunks ... [0, 12210, 24420, 36630, 48842]
database_size: 1952283.0404245164
codetable_size: 4475.9199672498535
complete: 1956758.9603917664
Partition ratio: 0.79060277116858
current singletons: {1, 2, 3, 4, 5, 6, 7, 9, 11, 12, 14, 18, 19, 21, 22, 24, 25, 28, 29, 30, 31, 32, 33, 34, 35, 36, 37, 38, 39, 40, 42, 43, 45, 46, 47, 48, 49, 51, 52, 53, 54, 55, 56, 57, 58, 59, 61, 63, 65, 66, 67, 68, 69, 70, 71, 72, 73, 74, 75, 76, 77, 78, 79, 80, 81, 82, 83, 85, 86, 87, 88, 91, 92, 93, 94, 95, 96, 97}
Added 19 singletons
added:  {8, 10, 13, 15, 16, 17, 20, 23, 26, 27, 41, 44, 50, 60, 62, 64, 84, 89, 90}
chunks ... [0, 12210, 24420, 36630, 48842]
num codes: 206
num codes with support 0: 0
chunks ... [0, 12210, 24420, 36630, 48842]
database_size: 2001346.223437253
codetable_size: 5924.075819882429
complete: 2007270.2992571353
Partition ratio: 0.8110112145643882
current singletons: {1, 2, 3, 4, 5, 6, 7, 8, 9, 15, 16, 17, 20, 23, 25, 28, 29, 30, 31, 32, 33, 34, 35, 37, 38, 39, 42, 43, 45, 46, 47, 48, 49, 51, 52, 53, 55, 56, 57, 58, 59, 61, 62, 63, 65, 66, 68, 69, 70, 71, 72, 73, 74, 75, 76, 78, 82, 83, 85, 86, 87, 88, 91, 93, 94, 96, 97}
Added 30 singletons
added:  {10, 11, 12, 13, 14, 18, 19, 21, 22, 24, 26, 27, 36, 40, 41, 44, 50, 54, 60, 64, 67, 77, 79, 80, 81, 84, 89, 90, 92, 95}
chunks ... [0, 12210, 24420, 36630, 48842]
num codes: 208
num codes with support 0: 0
chunks ... [0, 12210, 24420, 36630, 48842]
database_size: 1919575.6365249287
codetable_size: 5329.969151983598
complete: 1924905.6056769122
Partition ratio: 0.7777328413415883
current singletons: {1, 2, 3, 4, 5, 6, 7, 9, 15, 16, 17, 20, 23, 25, 28, 29, 30, 31, 32, 33, 34, 35, 36, 37, 38, 39, 43, 45, 46, 47, 48, 49, 51, 52, 53, 54, 55, 56, 57, 58, 59, 61, 62, 63, 65, 66, 67, 68, 69, 70, 71, 72, 73, 74, 75, 76, 78, 81, 82, 83, 84, 85, 86, 88, 90, 91, 94, 96}
Added 29 singletons
added:  {8, 10, 11, 12, 13, 14, 18, 19, 21, 22, 24, 26, 27, 40, 41, 42, 44, 50, 60, 64, 77, 79, 80, 87, 89, 92, 93, 95, 97}
chunks ... [0, 12210, 24420, 36630, 48842]
num codes: 182
num codes with support 0: 0
chunks ... [0, 12210, 24420, 36630, 48842]
database_size: 1998092.1618935906
codetable_size: 4836.640089645506
complete: 2002928.801983236
Partition ratio: 0.8092570895825978
current singletons: {1, 2, 3, 4, 5, 6, 7, 9, 14, 15, 18, 19, 20, 21, 22, 23, 24, 25, 26, 27, 28, 29, 30, 31, 32, 33, 34, 35, 36, 37, 38, 39, 41, 42, 44, 45, 46, 47, 48, 49, 50, 51, 52, 53, 54, 55, 56, 57, 58, 59, 60, 61, 63, 65, 66, 68, 69, 70, 71, 72, 73, 74, 75, 76, 77, 78, 79, 80, 81, 82, 83, 84, 85, 86, 87, 88, 89, 90, 91, 92, 93, 95, 96, 97}
Added 13 singletons
added:  {64, 67, 40, 8, 10, 43, 11, 12, 13, 16, 17, 62, 94}
chunks ... [0, 12210, 24420, 36630, 48842]
num codes: 271
num codes with support 0: 0
chunks ... [0, 12210, 24420, 36630, 48842]
database_size: 2052383.5113873782
codetable_size: 7327.525023514091
complete: 2059711.0364108924
Partition ratio: 0.8321992060110112
current singletons: {1, 2, 3, 4, 5, 6, 7, 8, 9, 11, 13, 15, 16, 17, 19, 20, 23, 24, 25, 26, 27, 28, 29, 30, 31, 32, 33, 34, 35, 36, 37, 38, 39, 40, 42, 43, 44, 45, 46, 47, 48, 49, 50, 51, 52, 53, 55, 56, 57, 58, 59, 61, 63, 65, 66, 67, 68, 69, 70, 71, 72, 73, 74, 76, 77, 78, 79, 81, 82, 83, 84, 86, 89, 90, 91, 92, 93, 95, 96, 97}
Added 17 singletons
added:  {64, 41, 10, 75, 12, 14, 80, 18, 62, 21, 22, 54, 85, 87, 88, 60, 94}
chunks ... [0, 12210, 24420, 36630, 48842]
num codes: 233
num codes with support 0: 0
chunks ... [0, 12210, 24420, 36630, 48842]
database_size: 1367953.381827719
codetable_size: 5661.738471643173
complete: 1373615.120299362
Partition ratio: 0.5549911576284855
current singletons: {1, 2, 3, 4, 5, 6, 7, 8, 9, 12, 14, 15, 16, 17, 19, 20, 23, 24, 25, 28, 29, 30, 31, 32, 33, 34, 35, 36, 37, 38, 39, 41, 42, 45, 46, 47, 48, 49, 50, 52, 53, 54, 55, 56, 57, 58, 59, 61, 63, 65, 66, 67, 68, 69, 70, 71, 72, 73, 74, 75, 76, 77, 78, 79, 80, 81, 82, 83, 84, 85, 87, 88, 89, 90, 91, 92, 94, 95, 96, 97}
Added 17 singletons
added:  {64, 40, 10, 43, 44, 11, 13, 18, 51, 21, 22, 86, 26, 27, 60, 93, 62}
chunks ... [0, 12210, 24420, 36630, 48842]
num codes: 190
num codes with support 0: 0
chunks ... [0, 12210, 24420, 36630, 48842]
database_size: 1843725.9361530384
codetable_size: 4053.565876230463
complete: 1847779.5020292688
Partition ratio: 0.7465710516129985
current singletons: {1, 2, 3, 4, 5, 6, 7, 8, 9, 15, 16, 17, 20, 23, 25, 28, 29, 30, 31, 32, 33, 34, 35, 36, 37, 38, 39, 41, 42, 43, 44, 45, 46, 47, 48, 49, 51, 52, 53, 54, 55, 56, 57, 58, 59, 61, 63, 65, 66, 67, 68, 69, 70, 71, 72, 73, 74, 75, 76, 77, 78, 79, 81, 82, 83, 84, 85, 86, 88, 90, 93, 94, 95, 96, 97}
Added 22 singletons
added:  {10, 11, 12, 13, 14, 18, 19, 21, 22, 24, 26, 27, 40, 50, 60, 62, 64, 80, 87, 89, 91, 92}
chunks ... [0, 12210, 24420, 36630, 48842]
num codes: 183
num codes with support 0: 0
chunks ... [0, 12210, 24420, 36630, 48842]
database_size: 1778541.3069030878
codetable_size: 4558.453777218398
complete: 1783099.7606803062
Partition ratio: 0.7204380511852306
current singletons: {1, 2, 3, 4, 5, 6, 7, 9, 14, 15, 16, 17, 19, 20, 23, 24, 25, 26, 27, 29, 30, 31, 32, 33, 34, 35, 36, 37, 38, 39, 41, 42, 44, 45, 46, 48, 49, 50, 51, 52, 53, 54, 55, 56, 57, 58, 59, 61, 63, 65, 66, 67, 68, 69, 71, 72, 73, 74, 75, 76, 77, 81, 85, 89, 93, 95, 96, 97}
Added 29 singletons
added:  {8, 10, 11, 12, 13, 18, 21, 22, 28, 40, 43, 47, 60, 62, 64, 70, 78, 79, 80, 82, 83, 84, 86, 87, 88, 90, 91, 92, 94}
chunks ... [0, 12210, 24420, 36630, 48842]
num codes: 163
num codes with support 0: 0
chunks ... [0, 12210, 24420, 36630, 48842]
database_size: 1898530.4922732122
codetable_size: 3005.3180868141317
complete: 1901535.8103600263
Partition ratio: 0.7682905823239148
current singletons: {1, 2, 3, 4, 5, 6, 7, 9, 14, 15, 17, 18, 19, 20, 21, 22, 23, 24, 25, 27, 28, 29, 30, 31, 32, 33, 34, 35, 36, 37, 38, 39, 41, 42, 44, 45, 46, 47, 48, 49, 50, 51, 52, 53, 54, 55, 56, 57, 58, 59, 61, 63, 65, 66, 68, 69, 70, 71, 72, 73, 74, 75, 76, 77, 78, 79, 80, 81, 82, 83, 84, 89, 90, 93, 95, 96, 97}
Added 20 singletons
added:  {8, 10, 11, 12, 13, 16, 26, 40, 43, 60, 62, 64, 67, 85, 86, 87, 88, 91, 92, 94}
chunks ... [0, 12210, 24420, 36630, 48842]
num codes: 176
num codes with support 0: 0
chunks ... [0, 12210, 24420, 36630, 48842]
database_size: 2146083.158614734
codetable_size: 4019.815119248419
complete: 2150102.9737339825
Partition ratio: 0.8687208816928353
initial ratio: 0.5087052393370902
merged: {4}
merged: {4}
to_process: {0, 1, 2, 3, 5, 6, 7, 8, 9, 10, 11, 12, 13, 14, 15}
[(0, 0.11172141610783046), (1, 0.33119243780862545), (2, 0.10853562370675016), (3, 0.14688501236905835), (5, 0.2594676842568448), (6, 0.07443035328323293), (7, 0.15126491620443705), (8, 0.27337774212900323), (9, 0.15218981636281156), (10, 0.21157606932483333), (11, 0.11329116374365826), (12, 0.09118975938099302), (13, 0.18506670134658634), (14, 0.03539141973345678), (15, 0.046198457447214646)]
next_candidate: 14
chunks ... [0, 12210, 24420, 36630, 48842]
chunks ... [0, 12210, 24420, 36630, 48842]
database_size: 1260752.6396749537
codetable_size: 12707.935794919407
complete: 1273460.5754698731
current_ratio: 0.5087052393370902 --- candidate_ratio:0.5145250285394594
!!!!! ********* merge rejected ... 
merged: {4}
to_process: {0, 1, 2, 3, 5, 6, 7, 8, 9, 10, 11, 12, 13, 15}
[(0, 0.11172141610783046), (1, 0.33119243780862545), (2, 0.10853562370675016), (3, 0.14688501236905835), (5, 0.2594676842568448), (6, 0.07443035328323293), (7, 0.15126491620443705), (8, 0.27337774212900323), (9, 0.15218981636281156), (10, 0.21157606932483333), (11, 0.11329116374365826), (12, 0.09118975938099302), (13, 0.18506670134658634), (15, 0.046198457447214646)]
next_candidate: 15
chunks ... [0, 12210, 24420, 36630, 48842]
chunks ... [0, 12210, 24420, 36630, 48842]
database_size: 1230316.323622549
codetable_size: 13679.77926808839
complete: 1243996.1028906372
current_ratio: 0.5087052393370902 --- candidate_ratio:0.5026202951800165
!!!!! ********* merge accepted ... 
merged: {4, 15}
to_process: {0, 1, 2, 3, 5, 6, 7, 8, 9, 10, 11, 12, 13}
[(0, 0.11238144609470321), (1, 0.31038603836540185), (2, 0.11597691966085474), (3, 0.15011307602598722), (5, 0.2470247305574011), (6, 0.08778022374820194), (7, 0.16284085397108333), (8, 0.2582659259344997), (9, 0.14941427404149657), (10, 0.21716924926266976), (11, 0.10908064016575404), (12, 0.1002523701713545), (13, 0.17557119797482856)]
next_candidate: 6
chunks ... [0, 12210, 24420, 36630, 48842]
chunks ... [0, 12210, 24420, 36630, 48842]
database_size: 1045718.3839165556
codetable_size: 16578.098951678974
complete: 1062296.4828682346
current_ratio: 0.5026202951800165 --- candidate_ratio:0.4292069489182835
!!!!! ********* merge accepted ... 
merged: {4, 6, 15}
to_process: {0, 1, 2, 3, 5, 7, 8, 9, 10, 11, 12, 13}
[(0, 0.1194489025924468), (1, 0.26918382971461857), (2, 0.12159794020533964), (3, 0.14394184468991328), (5, 0.21593083093273996), (7, 0.18220572455746625), (8, 0.24407088444714967), (9, 0.15376876041309231), (10, 0.20637989565752535), (11, 0.10451876211683986), (12, 0.08971886837521874), (13, 0.16809278303799433)]
next_candidate: 12
chunks ... [0, 12210, 24420, 36630, 48842]
chunks ... [0, 12210, 24420, 36630, 48842]
database_size: 1003169.0206912769
codetable_size: 19062.334898357818
complete: 1022231.3555896347
current_ratio: 0.4292069489182835 --- candidate_ratio:0.4130191601845392
!!!!! ********* merge accepted ... 
merged: {4, 12, 6, 15}
to_process: {0, 1, 2, 3, 5, 7, 8, 9, 10, 11, 13}
[(0, 0.10594935126527197), (1, 0.24660634074644736), (2, 0.10781969096574769), (3, 0.12773042986766459), (5, 0.1994398512854904), (7, 0.16848681822455272), (8, 0.22521811052312296), (9, 0.13645725914527987), (10, 0.1912057803112788), (11, 0.09265130916778302), (13, 0.15149365900275394)]
next_candidate: 11
chunks ... [0, 12210, 24420, 36630, 48842]
chunks ... [0, 12210, 24420, 36630, 48842]
database_size: 890527.1156872406
codetable_size: 23192.11817532062
complete: 913719.2338625612
current_ratio: 0.4130191601845392 --- candidate_ratio:0.36917626186167657
!!!!! ********* merge accepted ... 
merged: {4, 6, 11, 12, 15}
to_process: {0, 1, 2, 3, 5, 7, 8, 9, 10, 13}
[(0, 0.09245254092642202), (1, 0.2112555537093411), (2, 0.09348305755490842), (3, 0.1093837982226989), (5, 0.1728265463036646), (7, 0.15218854972776563), (8, 0.20212160943034274), (9, 0.11964205794893429), (10, 0.1639287383226551), (13, 0.1342846050278363)]
next_candidate: 0
chunks ... [0, 12210, 24420, 36630, 48842]
chunks ... [0, 12210, 24420, 36630, 48842]
database_size: 849264.6373666669
codetable_size: 26355.666949509672
complete: 875620.3043161766
current_ratio: 0.36917626186167657 --- candidate_ratio:0.3537828895109515
!!!!! ********* merge accepted ... 
merged: {0, 4, 6, 11, 12, 15}
to_process: {1, 2, 3, 5, 7, 8, 9, 10, 13}
[(1, 0.18594463183434895), (2, 0.08220610471891097), (3, 0.09625828034402045), (5, 0.15249250945183146), (7, 0.13398384149937506), (8, 0.17981992006531464), (9, 0.10518954137283411), (10, 0.1443715159433977), (13, 0.11805079112373275)]
next_candidate: 2
chunks ... [0, 12210, 24420, 36630, 48842]
chunks ... [0, 12210, 24420, 36630, 48842]
database_size: 828652.2489278702
codetable_size: 29127.19055139909
complete: 857779.4394792693
current_ratio: 0.3537828895109515 --- candidate_ratio:0.34657452227430474
!!!!! ********* merge accepted ... 
merged: {0, 2, 4, 6, 11, 12, 15}
to_process: {1, 3, 5, 7, 8, 9, 10, 13}
[(1, 0.16802452206714297), (3, 0.09145364849401139), (5, 0.1381265775197323), (7, 0.1274921066227157), (8, 0.16232042419133608), (9, 0.09495286913451911), (10, 0.13838607678804193), (13, 0.10656834303359959)]
next_candidate: 3
chunks ... [0, 12210, 24420, 36630, 48842]
chunks ... [0, 12210, 24420, 36630, 48842]
database_size: 747287.9729376175
codetable_size: 33572.54759193508
complete: 780860.5205295525
current_ratio: 0.34657452227430474 --- candidate_ratio:0.3154964428031561
!!!!! ********* merge accepted ... 
merged: {0, 2, 3, 4, 6, 11, 12, 15}
to_process: {1, 5, 7, 8, 9, 10, 13}
[(1, 0.14581508451681227), (5, 0.12091976034894568), (7, 0.11080357724017965), (8, 0.1401814166799776), (9, 0.08200221292875687), (10, 0.12086345601876615), (13, 0.09203591642182408)]
next_candidate: 9
chunks ... [0, 12210, 24420, 36630, 48842]
chunks ... [0, 12210, 24420, 36630, 48842]
database_size: 740275.5173006068
codetable_size: 36287.26983579885
complete: 776562.7871364057
current_ratio: 0.3154964428031561 --- candidate_ratio:0.3137600000428862
!!!!! ********* merge accepted ... 
merged: {0, 2, 3, 4, 6, 9, 11, 12, 15}
to_process: {1, 5, 7, 8, 10, 13}
[(1, 0.13248238619831434), (5, 0.11005313371066784), (7, 0.10060825724897138), (8, 0.1272854542343747), (10, 0.10976037396148994), (13, 0.08357186041610334)]
next_candidate: 13
chunks ... [0, 12210, 24420, 36630, 48842]
chunks ... [0, 12210, 24420, 36630, 48842]
database_size: 732868.1359267479
codetable_size: 39123.55258415665
complete: 771991.6885109046
current_ratio: 0.3137600000428862 --- candidate_ratio:0.31191310764900515
!!!!! ********* merge accepted ... 
merged: {0, 2, 3, 4, 6, 9, 11, 12, 13, 15}
to_process: {1, 5, 7, 8, 10}
[(1, 0.11879472212148345), (5, 0.09869857583790068), (7, 0.09015065080631904), (8, 0.11405491806711654), (10, 0.09836789425736175)]
next_candidate: 7
chunks ... [0, 12210, 24420, 36630, 48842]
chunks ... [0, 12210, 24420, 36630, 48842]
database_size: 720191.0500181868
codetable_size: 43116.492710184364
complete: 763307.5427283712
current_ratio: 0.31191310764900515 --- candidate_ratio:0.30840439254414204
!!!!! ********* merge accepted ... 
merged: {0, 2, 3, 4, 6, 7, 9, 11, 12, 13, 15}
to_process: {1, 5, 8, 10}
[(1, 0.10696206253279526), (5, 0.08889085212072154), (8, 0.10264506431439228), (10, 0.08854010047474625)]
next_candidate: 10
chunks ... [0, 12210, 24420, 36630, 48842]
chunks ... [0, 12210, 24420, 36630, 48842]
database_size: 674982.1917796598
codetable_size: 47999.17799996709
complete: 722981.369779627
current_ratio: 0.30840439254414204 --- candidate_ratio:0.2921111317341762
!!!!! ********* merge accepted ... 
merged: {0, 2, 3, 4, 6, 7, 9, 10, 11, 12, 13, 15}
to_process: {1, 5, 8}
[(1, 0.0998863151248357), (5, 0.08386452207709158), (8, 0.09265423701743686)]
next_candidate: 5
chunks ... [0, 12210, 24420, 36630, 48842]
chunks ... [0, 12210, 24420, 36630, 48842]
database_size: 611396.1428991383
codetable_size: 53801.18778846932
complete: 665197.3306876076
current_ratio: 0.2921111317341762 --- candidate_ratio:0.268764249282023
!!!!! ********* merge accepted ... 
merged: {0, 2, 3, 4, 5, 6, 7, 9, 10, 11, 12, 13, 15}
to_process: {1, 8}
[(1, 0.0857541096692592), (8, 0.07954389714468336)]
next_candidate: 8
chunks ... [0, 12210, 24420, 36630, 48842]
chunks ... [0, 12210, 24420, 36630, 48842]
database_size: 586221.2072377634
codetable_size: 56399.341979916266
complete: 642620.5492176798
current_ratio: 0.268764249282023 --- candidate_ratio:0.25964239709915693
!!!!! ********* merge accepted ... 
merged: {0, 2, 3, 4, 5, 6, 7, 8, 9, 10, 11, 12, 13, 15}
to_process: {1}
[(1, 0.0777972792866238)]
next_candidate: 1
chunks ... [0, 12210, 24420, 36630, 48842]
chunks ... [0, 12210, 24420, 36630, 48842]
database_size: 565912.6620834705
codetable_size: 60453.9397854167
complete: 626366.6018688872
current_ratio: 0.25964239709915693 --- candidate_ratio:0.2530752030417904
!!!!! ********* merge accepted ... 
merged table size: 1793
chunks ... [0, 12210, 24420, 36630, 48842]
chunks ... [0, 12210, 24420, 36630, 48842]
merged table size without non-used codes: 1634
database_size: 565912.6620834705
codetable_size: 60453.9397854167
complete: 626366.6018688872
database_size: 2474343.928416041
codetable_size: 677.7028634765386
complete: 2475021.631279518
merged size: 626366.6018688872
sct size: 2475021.631279518
merged ratio: 0.2530752030417904
time elapsed: 175.84273314476013
