
-- MERGING METHOD naive
processing batch_results/200d-5-10-neg15/batch-1/adult_transaction_k_means_200d_k4_FalseNorm_trans_clust_0_k4...
chunks ... [0, 3574, 7148, 10722, 14299]
num codes: 517
num codes with support 0: 0
chunks ... [0, 3574, 7148, 10722, 14299]
num codes with usage 0: 27
database_size: 116099.19582050467
codetable_size: 16792.811182426838
complete: 132892.0070029315
database_size: 678054.4953290494
codetable_size: 636.075741551438
complete: 678690.5710706009
Partition 0 ratio: 0.19580647303424434
processing batch_results/200d-5-10-neg15/batch-1/adult_transaction_k_means_200d_k4_FalseNorm_trans_clust_1_k4...
chunks ... [0, 1638, 3276, 4914, 6552]
num codes: 408
num codes with support 0: 0
chunks ... [0, 1638, 3276, 4914, 6552]
num codes with usage 0: 34
database_size: 67332.09085420638
codetable_size: 10684.383348833051
complete: 78016.47420303944
database_size: 318237.5591672536
codetable_size: 623.358712590209
complete: 318860.9178798438
Partition 1 ratio: 0.244672425588508
processing batch_results/200d-5-10-neg15/batch-1/adult_transaction_k_means_200d_k4_FalseNorm_trans_clust_2_k4...
chunks ... [0, 1812, 3624, 5436, 7250]
num codes: 368
num codes with support 0: 0
chunks ... [0, 1812, 3624, 5436, 7250]
num codes with usage 0: 43
database_size: 67104.6462976785
codetable_size: 9071.284247005757
complete: 76175.93054468425
database_size: 348410.8953694626
codetable_size: 641.5615434570063
complete: 349052.45691291965
Partition 2 ratio: 0.2182363396562149
processing batch_results/200d-5-10-neg15/batch-1/adult_transaction_k_means_200d_k4_FalseNorm_trans_clust_3_k4...
chunks ... [0, 5185, 10370, 15555, 20741]
num codes: 556
num codes with support 0: 0
chunks ... [0, 5185, 10370, 15555, 20741]
num codes with usage 0: 33
database_size: 186023.72208148555
codetable_size: 16731.532389001393
complete: 202755.25447048695
database_size: 985484.9594900596
codetable_size: 669.6687771857601
complete: 986154.6282672454
Partition 3 ratio: 0.20560188905338767
number of codetables: 4
size: 517
size: 408
size: 368
size: 556
merged table size: 1554
chunks ... [0, 12210, 24420, 36630, 48842]
chunks ... [0, 12210, 24420, 36630, 48842]
merged table size without non-used codes: 1490
database_size: 540741.1258112567
codetable_size: 52758.9990646515
complete: 593500.1248759083
database_size: 2474343.928416041
codetable_size: 677.7028634765386
complete: 2475021.631279518
merged size: 593500.1248759083
sct size: 2475021.631279518
merged ratio: 0.23979593445778696
time elapsed: 14.759642601013184
-- MERGING METHOD naive_plus
processing batch_results/200d-5-10-neg15/batch-1/adult_transaction_k_means_200d_k4_FalseNorm_trans_clust_0_k4...
chunks ... [0, 3574, 7148, 10722, 14299]
num codes: 517
num codes with support 0: 0
chunks ... [0, 3574, 7148, 10722, 14299]
num codes with usage 0: 27
database_size: 116099.19582050467
codetable_size: 16792.811182426838
complete: 132892.0070029315
database_size: 678054.4953290494
codetable_size: 636.075741551438
complete: 678690.5710706009
Partition 0 ratio: 0.19580647303424434
processing batch_results/200d-5-10-neg15/batch-1/adult_transaction_k_means_200d_k4_FalseNorm_trans_clust_1_k4...
chunks ... [0, 1638, 3276, 4914, 6552]
num codes: 408
num codes with support 0: 0
chunks ... [0, 1638, 3276, 4914, 6552]
num codes with usage 0: 34
database_size: 67332.09085420638
codetable_size: 10684.383348833051
complete: 78016.47420303944
database_size: 318237.5591672536
codetable_size: 623.358712590209
complete: 318860.9178798438
Partition 1 ratio: 0.244672425588508
processing batch_results/200d-5-10-neg15/batch-1/adult_transaction_k_means_200d_k4_FalseNorm_trans_clust_2_k4...
chunks ... [0, 1812, 3624, 5436, 7250]
num codes: 368
num codes with support 0: 0
chunks ... [0, 1812, 3624, 5436, 7250]
num codes with usage 0: 43
database_size: 67104.6462976785
codetable_size: 9071.284247005757
complete: 76175.93054468425
database_size: 348410.8953694626
codetable_size: 641.5615434570063
complete: 349052.45691291965
Partition 2 ratio: 0.2182363396562149
processing batch_results/200d-5-10-neg15/batch-1/adult_transaction_k_means_200d_k4_FalseNorm_trans_clust_3_k4...
chunks ... [0, 5185, 10370, 15555, 20741]
num codes: 556
num codes with support 0: 0
chunks ... [0, 5185, 10370, 15555, 20741]
num codes with usage 0: 33
database_size: 186023.72208148555
codetable_size: 16731.532389001393
complete: 202755.25447048695
database_size: 985484.9594900596
codetable_size: 669.6687771857601
complete: 986154.6282672454
Partition 3 ratio: 0.20560188905338767
number of codetables: 4
size: 517
size: 408
size: 368
size: 556
database_size: 2474343.928416041
codetable_size: 677.7028634765386
complete: 2475021.631279518
current singletons: {1, 2, 3, 4, 5, 6, 7, 8, 9, 11, 13, 14, 15, 16, 17, 19, 20, 21, 23, 24, 25, 26, 27, 28, 29, 30, 31, 32, 33, 34, 35, 36, 37, 38, 39, 40, 41, 42, 43, 44, 45, 46, 47, 48, 49, 50, 51, 52, 53, 54, 55, 56, 57, 58, 59, 61, 62, 63, 65, 66, 67, 68, 69, 70, 71, 72, 73, 74, 75, 76, 77, 78, 79, 81, 82, 83, 84, 85, 86, 87, 88, 89, 90, 91, 92, 93, 94, 95, 96, 97}
Added 7 singletons
added:  {64, 10, 12, 80, 18, 22, 60}
chunks ... [0, 12210, 24420, 36630, 48842]
num codes: 524
num codes with support 0: 0
chunks ... [0, 12210, 24420, 36630, 48842]
database_size: 1148908.6856494031
codetable_size: 18333.120118047154
complete: 1167241.8057674502
Partition ratio: 0.47160872899685263
current singletons: {1, 2, 3, 4, 5, 6, 7, 9, 13, 14, 15, 16, 17, 18, 19, 20, 21, 22, 23, 24, 25, 26, 27, 28, 29, 30, 31, 32, 33, 34, 35, 36, 37, 38, 39, 40, 41, 42, 43, 44, 45, 46, 47, 48, 49, 50, 51, 52, 53, 54, 55, 56, 57, 58, 59, 60, 61, 63, 65, 66, 67, 68, 69, 70, 71, 72, 73, 74, 75, 76, 77, 78, 79, 80, 81, 82, 83, 84, 85, 86, 87, 88, 89, 90, 91, 92, 93, 95, 96, 97}
Added 7 singletons
added:  {64, 8, 10, 11, 12, 94, 62}
chunks ... [0, 12210, 24420, 36630, 48842]
num codes: 415
num codes with support 0: 0
chunks ... [0, 12210, 24420, 36630, 48842]
database_size: 1196065.2469587128
codetable_size: 12147.633281713544
complete: 1208212.8802404264
Partition ratio: 0.48816255380192924
current singletons: {1, 2, 3, 4, 5, 6, 7, 8, 9, 11, 12, 14, 15, 16, 17, 18, 19, 20, 21, 22, 23, 24, 25, 26, 27, 28, 29, 30, 31, 32, 33, 34, 35, 36, 37, 38, 39, 40, 41, 42, 43, 44, 45, 46, 47, 48, 49, 50, 51, 52, 53, 54, 55, 56, 57, 58, 59, 61, 63, 65, 66, 67, 68, 69, 70, 71, 72, 73, 74, 75, 76, 77, 78, 79, 80, 81, 82, 83, 84, 85, 86, 87, 88, 89, 90, 91, 92, 93, 94, 95, 96, 97}
Added 5 singletons
added:  {64, 10, 13, 60, 62}
chunks ... [0, 12210, 24420, 36630, 48842]
num codes: 373
num codes with support 0: 0
chunks ... [0, 12210, 24420, 36630, 48842]
database_size: 1036140.5999596602
codetable_size: 10519.172322923288
complete: 1046659.7722825835
Partition ratio: 0.4228891412724701
current singletons: {1, 2, 3, 4, 5, 6, 7, 8, 9, 10, 11, 12, 13, 15, 16, 17, 19, 20, 23, 24, 25, 26, 27, 28, 29, 30, 31, 32, 33, 34, 35, 36, 37, 38, 39, 40, 41, 42, 44, 45, 46, 47, 48, 49, 50, 51, 52, 53, 54, 55, 56, 57, 58, 59, 60, 61, 63, 64, 65, 66, 67, 68, 69, 70, 71, 72, 73, 74, 75, 76, 77, 78, 79, 80, 81, 82, 83, 84, 85, 86, 87, 88, 89, 90, 91, 92, 93, 94, 95, 96, 97}
Added 6 singletons
added:  {43, 14, 18, 21, 22, 62}
chunks ... [0, 12210, 24420, 36630, 48842]
num codes: 562
num codes with support 0: 0
chunks ... [0, 12210, 24420, 36630, 48842]
database_size: 1107257.9501716178
codetable_size: 17970.12556816459
complete: 1125228.0757397823
Partition ratio: 0.4546336329020569
merged table size: 373
chunks ... [0, 12210, 24420, 36630, 48842]
chunks ... [0, 12210, 24420, 36630, 48842]
merged table size without non-used codes: 360
database_size: 1036140.5999596602
codetable_size: 10519.172322923288
complete: 1046659.7722825835
database_size: 2474343.928416041
codetable_size: 677.7028634765386
complete: 2475021.631279518
merged size: 1046659.7722825835
sct size: 2475021.631279518
merged ratio: 0.4228891412724701
time elapsed: 25.27181315422058
-- MERGING METHOD informed
processing batch_results/200d-5-10-neg15/batch-1/adult_transaction_k_means_200d_k4_FalseNorm_trans_clust_0_k4...
chunks ... [0, 3574, 7148, 10722, 14299]
num codes: 517
num codes with support 0: 0
chunks ... [0, 3574, 7148, 10722, 14299]
num codes with usage 0: 27
database_size: 116099.19582050467
codetable_size: 16792.811182426838
complete: 132892.0070029315
database_size: 678054.4953290494
codetable_size: 636.075741551438
complete: 678690.5710706009
Partition 0 ratio: 0.19580647303424434
processing batch_results/200d-5-10-neg15/batch-1/adult_transaction_k_means_200d_k4_FalseNorm_trans_clust_1_k4...
chunks ... [0, 1638, 3276, 4914, 6552]
num codes: 408
num codes with support 0: 0
chunks ... [0, 1638, 3276, 4914, 6552]
num codes with usage 0: 34
database_size: 67332.09085420638
codetable_size: 10684.383348833051
complete: 78016.47420303944
database_size: 318237.5591672536
codetable_size: 623.358712590209
complete: 318860.9178798438
Partition 1 ratio: 0.244672425588508
processing batch_results/200d-5-10-neg15/batch-1/adult_transaction_k_means_200d_k4_FalseNorm_trans_clust_2_k4...
chunks ... [0, 1812, 3624, 5436, 7250]
num codes: 368
num codes with support 0: 0
chunks ... [0, 1812, 3624, 5436, 7250]
num codes with usage 0: 43
database_size: 67104.6462976785
codetable_size: 9071.284247005757
complete: 76175.93054468425
database_size: 348410.8953694626
codetable_size: 641.5615434570063
complete: 349052.45691291965
Partition 2 ratio: 0.2182363396562149
processing batch_results/200d-5-10-neg15/batch-1/adult_transaction_k_means_200d_k4_FalseNorm_trans_clust_3_k4...
chunks ... [0, 5185, 10370, 15555, 20741]
num codes: 556
num codes with support 0: 0
chunks ... [0, 5185, 10370, 15555, 20741]
num codes with usage 0: 33
database_size: 186023.72208148555
codetable_size: 16731.532389001393
complete: 202755.25447048695
database_size: 985484.9594900596
codetable_size: 669.6687771857601
complete: 986154.6282672454
Partition 3 ratio: 0.20560188905338767
number of codetables: 4
size: 517
size: 408
size: 368
size: 556
database_size: 2474343.928416041
codetable_size: 677.7028634765386
complete: 2475021.631279518
database_size: 2474343.928416041
codetable_size: 677.7028634765386
complete: 2475021.631279518
current singletons: {1, 2, 3, 4, 5, 6, 7, 8, 9, 11, 13, 14, 15, 16, 17, 19, 20, 21, 23, 24, 25, 26, 27, 28, 29, 30, 31, 32, 33, 34, 35, 36, 37, 38, 39, 40, 41, 42, 43, 44, 45, 46, 47, 48, 49, 50, 51, 52, 53, 54, 55, 56, 57, 58, 59, 61, 62, 63, 65, 66, 67, 68, 69, 70, 71, 72, 73, 74, 75, 76, 77, 78, 79, 81, 82, 83, 84, 85, 86, 87, 88, 89, 90, 91, 92, 93, 94, 95, 96, 97}
Added 7 singletons
added:  {64, 10, 12, 80, 18, 22, 60}
chunks ... [0, 12210, 24420, 36630, 48842]
num codes: 524
num codes with support 0: 0
chunks ... [0, 12210, 24420, 36630, 48842]
database_size: 1148908.6856494031
codetable_size: 18333.120118047154
complete: 1167241.8057674502
Partition ratio: 0.47160872899685263
current singletons: {1, 2, 3, 4, 5, 6, 7, 9, 13, 14, 15, 16, 17, 18, 19, 20, 21, 22, 23, 24, 25, 26, 27, 28, 29, 30, 31, 32, 33, 34, 35, 36, 37, 38, 39, 40, 41, 42, 43, 44, 45, 46, 47, 48, 49, 50, 51, 52, 53, 54, 55, 56, 57, 58, 59, 60, 61, 63, 65, 66, 67, 68, 69, 70, 71, 72, 73, 74, 75, 76, 77, 78, 79, 80, 81, 82, 83, 84, 85, 86, 87, 88, 89, 90, 91, 92, 93, 95, 96, 97}
Added 7 singletons
added:  {64, 8, 10, 11, 12, 94, 62}
chunks ... [0, 12210, 24420, 36630, 48842]
num codes: 415
num codes with support 0: 0
chunks ... [0, 12210, 24420, 36630, 48842]
database_size: 1196065.2469587128
codetable_size: 12147.633281713544
complete: 1208212.8802404264
Partition ratio: 0.48816255380192924
current singletons: {1, 2, 3, 4, 5, 6, 7, 8, 9, 11, 12, 14, 15, 16, 17, 18, 19, 20, 21, 22, 23, 24, 25, 26, 27, 28, 29, 30, 31, 32, 33, 34, 35, 36, 37, 38, 39, 40, 41, 42, 43, 44, 45, 46, 47, 48, 49, 50, 51, 52, 53, 54, 55, 56, 57, 58, 59, 61, 63, 65, 66, 67, 68, 69, 70, 71, 72, 73, 74, 75, 76, 77, 78, 79, 80, 81, 82, 83, 84, 85, 86, 87, 88, 89, 90, 91, 92, 93, 94, 95, 96, 97}
Added 5 singletons
added:  {64, 10, 13, 60, 62}
chunks ... [0, 12210, 24420, 36630, 48842]
num codes: 373
num codes with support 0: 0
chunks ... [0, 12210, 24420, 36630, 48842]
database_size: 1036140.5999596602
codetable_size: 10519.172322923288
complete: 1046659.7722825835
Partition ratio: 0.4228891412724701
current singletons: {1, 2, 3, 4, 5, 6, 7, 8, 9, 10, 11, 12, 13, 15, 16, 17, 19, 20, 23, 24, 25, 26, 27, 28, 29, 30, 31, 32, 33, 34, 35, 36, 37, 38, 39, 40, 41, 42, 44, 45, 46, 47, 48, 49, 50, 51, 52, 53, 54, 55, 56, 57, 58, 59, 60, 61, 63, 64, 65, 66, 67, 68, 69, 70, 71, 72, 73, 74, 75, 76, 77, 78, 79, 80, 81, 82, 83, 84, 85, 86, 87, 88, 89, 90, 91, 92, 93, 94, 95, 96, 97}
Added 6 singletons
added:  {43, 14, 18, 21, 22, 62}
chunks ... [0, 12210, 24420, 36630, 48842]
num codes: 562
num codes with support 0: 0
chunks ... [0, 12210, 24420, 36630, 48842]
database_size: 1107257.9501716178
codetable_size: 17970.12556816459
complete: 1125228.0757397823
Partition ratio: 0.4546336329020569
initial ratio: 0.4228891412724701
merged: {2}
merged: {2}
to_process: {0, 1, 3}
[(0, 0.1833607885103324), (1, 0.2881121352457191), (3, 0.09408189434622365)]
next_candidate: 3
chunks ... [0, 12210, 24420, 36630, 48842]
chunks ... [0, 12210, 24420, 36630, 48842]
database_size: 840453.0560523405
codetable_size: 27136.56871121704
complete: 867589.6247635576
current_ratio: 0.4228891412724701 --- candidate_ratio:0.35053819885809956
!!!!! ********* merge accepted ... 
merged: {2, 3}
to_process: {0, 1}
[(0, 0.2171823470533274), (1, 0.11412547860983477)]
next_candidate: 1
chunks ... [0, 12210, 24420, 36630, 48842]
chunks ... [0, 12210, 24420, 36630, 48842]
database_size: 681513.0710778885
codetable_size: 37413.394430589986
complete: 718926.4655084785
current_ratio: 0.35053819885809956 --- candidate_ratio:0.29047280089298183
!!!!! ********* merge accepted ... 
merged: {1, 2, 3}
to_process: {0}
[(0, 0.17788509439522768)]
next_candidate: 0
chunks ... [0, 12210, 24420, 36630, 48842]
chunks ... [0, 12210, 24420, 36630, 48842]
database_size: 540741.1258112567
codetable_size: 52758.99906465149
complete: 593500.1248759083
current_ratio: 0.29047280089298183 --- candidate_ratio:0.23979593445778696
!!!!! ********* merge accepted ... 
merged table size: 1554
chunks ... [0, 12210, 24420, 36630, 48842]
chunks ... [0, 12210, 24420, 36630, 48842]
merged table size without non-used codes: 1490
database_size: 540741.1258112567
codetable_size: 52758.99906465149
complete: 593500.1248759083
database_size: 2474343.928416041
codetable_size: 677.7028634765386
complete: 2475021.631279518
merged size: 593500.1248759083
sct size: 2475021.631279518
merged ratio: 0.23979593445778696
time elapsed: 63.84187602996826
