
DEBUG:root:--> entering support
DEBUG:root:cleaning the codetable ... 
DEBUG:root:calculating the supports ...
DEBUG:root:reducing the results ... 
DEBUG:root:<-- leaving support
DEBUG:root:--> entering usage
DEBUG:root:cleaning the codetable ... 
DEBUG:root:calculating the usages ... 
DEBUG:root:reducing the results ... 
DEBUG:root:<--leaving usage 
DEBUG:root:<-- leaving support
DEBUG:root:--> entering support
DEBUG:root:cleaning the codetable ... 
DEBUG:root:calculating the supports ...
DEBUG:root:reducing the results ... 
DEBUG:root:<-- leaving support
DEBUG:root:--> entering usage
DEBUG:root:cleaning the codetable ... 
DEBUG:root:calculating the usages ... 
DEBUG:root:reducing the results ... 
DEBUG:root:<--leaving usage 
DEBUG:root:<-- leaving support
DEBUG:root:--> entering support
DEBUG:root:cleaning the codetable ... 
DEBUG:root:calculating the supports ...
DEBUG:root:reducing the results ... 
DEBUG:root:<-- leaving support
DEBUG:root:--> entering usage
DEBUG:root:cleaning the codetable ... 
DEBUG:root:calculating the usages ... 
DEBUG:root:reducing the results ... 
DEBUG:root:<--leaving usage 
DEBUG:root:<-- leaving support
DEBUG:root:--> entering support
DEBUG:root:cleaning the codetable ... 
DEBUG:root:calculating the supports ...
DEBUG:root:reducing the results ... 
DEBUG:root:<-- leaving support
DEBUG:root:--> entering usage
DEBUG:root:cleaning the codetable ... 
DEBUG:root:calculating the usages ... 
DEBUG:root:reducing the results ... 
DEBUG:root:<--leaving usage 
DEBUG:root:<-- leaving support
DEBUG:root:deduplicating codes
DEBUG:root:processing 0 744against ... 
DEBUG:root: ... 1 - 378
DEBUG:root: ... 2 - 540
DEBUG:root: ... 3 - 919
DEBUG:root:processing 1 378against ... 
DEBUG:root: ... 2 - 540
DEBUG:root: ... 3 - 919
DEBUG:root:processing 2 540against ... 
DEBUG:root: ... 3 - 919
DEBUG:root:merging done ...
DEBUG:root:--> entering support
DEBUG:root:cleaning the codetable ... 
DEBUG:root:calculating the supports ...
DEBUG:root:reducing the results ... 
DEBUG:root:<-- leaving support
DEBUG:root:--> entering usage
DEBUG:root:cleaning the codetable ... 
DEBUG:root:calculating the usages ... 
DEBUG:root:reducing the results ... 
DEBUG:root:<--leaving usage 
DEBUG:root:<-- leaving support
DEBUG:root:--> entering support
DEBUG:root:cleaning the codetable ... 
DEBUG:root:calculating the supports ...
DEBUG:root:reducing the results ... 
DEBUG:root:<-- leaving support
DEBUG:root:--> entering usage
DEBUG:root:cleaning the codetable ... 
DEBUG:root:calculating the usages ... 
DEBUG:root:reducing the results ... 
DEBUG:root:<--leaving usage 
DEBUG:root:<-- leaving support
DEBUG:root:--> entering support
DEBUG:root:cleaning the codetable ... 
DEBUG:root:calculating the supports ...
DEBUG:root:reducing the results ... 
DEBUG:root:<-- leaving support
DEBUG:root:--> entering usage
DEBUG:root:cleaning the codetable ... 
DEBUG:root:calculating the usages ... 
DEBUG:root:reducing the results ... 
DEBUG:root:<--leaving usage 
DEBUG:root:<-- leaving support
DEBUG:root:--> entering support
DEBUG:root:cleaning the codetable ... 
DEBUG:root:calculating the supports ...
DEBUG:root:reducing the results ... 
DEBUG:root:<-- leaving support
DEBUG:root:--> entering usage
DEBUG:root:cleaning the codetable ... 
DEBUG:root:calculating the usages ... 
DEBUG:root:reducing the results ... 
DEBUG:root:<--leaving usage 
DEBUG:root:<-- leaving support
DEBUG:root:--> entering support
DEBUG:root:cleaning the codetable ... 
DEBUG:root:calculating the supports ...
DEBUG:root:reducing the results ... 
DEBUG:root:<-- leaving support
DEBUG:root:--> entering usage
DEBUG:root:cleaning the codetable ... 
DEBUG:root:calculating the usages ... 
DEBUG:root:reducing the results ... 
DEBUG:root:<--leaving usage 
DEBUG:root:<-- leaving support
DEBUG:root:<-- leaving support
DEBUG:root:--> entering support
DEBUG:root:cleaning the codetable ... 
DEBUG:root:calculating the supports ...
DEBUG:root:reducing the results ... 
DEBUG:root:<-- leaving support
DEBUG:root:--> entering usage
DEBUG:root:cleaning the codetable ... 
DEBUG:root:calculating the usages ... 
DEBUG:root:reducing the results ... 
DEBUG:root:<--leaving usage 
DEBUG:root:--> entering support
DEBUG:root:cleaning the codetable ... 
DEBUG:root:calculating the supports ...
DEBUG:root:reducing the results ... 
DEBUG:root:<-- leaving support
DEBUG:root:--> entering usage
DEBUG:root:cleaning the codetable ... 
DEBUG:root:calculating the usages ... 
DEBUG:root:reducing the results ... 
DEBUG:root:<--leaving usage 
DEBUG:root:--> entering support
DEBUG:root:cleaning the codetable ... 
DEBUG:root:calculating the supports ...
DEBUG:root:reducing the results ... 
DEBUG:root:<-- leaving support
DEBUG:root:--> entering usage
DEBUG:root:cleaning the codetable ... 
DEBUG:root:calculating the usages ... 
DEBUG:root:reducing the results ... 
DEBUG:root:<--leaving usage 
DEBUG:root:--> entering support
DEBUG:root:cleaning the codetable ... 
DEBUG:root:calculating the supports ...
DEBUG:root:reducing the results ... 
DEBUG:root:<-- leaving support
DEBUG:root:--> entering usage
DEBUG:root:cleaning the codetable ... 
DEBUG:root:calculating the usages ... 
DEBUG:root:reducing the results ... 
DEBUG:root:<--leaving usage 
DEBUG:root:--> entering support
DEBUG:root:cleaning the codetable ... 
DEBUG:root:calculating the supports ...
DEBUG:root:reducing the results ... 
DEBUG:root:<-- leaving support
DEBUG:root:--> entering usage
DEBUG:root:cleaning the codetable ... 
DEBUG:root:calculating the usages ... 
DEBUG:root:reducing the results ... 
DEBUG:root:<--leaving usage 
DEBUG:root:<-- leaving support
DEBUG:root:--> entering support
DEBUG:root:cleaning the codetable ... 
DEBUG:root:calculating the supports ...
DEBUG:root:reducing the results ... 
DEBUG:root:<-- leaving support
DEBUG:root:--> entering usage
DEBUG:root:cleaning the codetable ... 
DEBUG:root:calculating the usages ... 
DEBUG:root:reducing the results ... 
DEBUG:root:<--leaving usage 
DEBUG:root:<-- leaving support
DEBUG:root:--> entering support
DEBUG:root:cleaning the codetable ... 
DEBUG:root:calculating the supports ...
DEBUG:root:reducing the results ... 
DEBUG:root:<-- leaving support
DEBUG:root:--> entering usage
DEBUG:root:cleaning the codetable ... 
DEBUG:root:calculating the usages ... 
DEBUG:root:reducing the results ... 
DEBUG:root:<--leaving usage 
DEBUG:root:<-- leaving support
DEBUG:root:--> entering support
DEBUG:root:cleaning the codetable ... 
DEBUG:root:calculating the supports ...
DEBUG:root:reducing the results ... 
DEBUG:root:<-- leaving support
DEBUG:root:--> entering usage
DEBUG:root:cleaning the codetable ... 
DEBUG:root:calculating the usages ... 
DEBUG:root:reducing the results ... 
DEBUG:root:<--leaving usage 
DEBUG:root:<-- leaving support
DEBUG:root:--> entering support
DEBUG:root:cleaning the codetable ... 
DEBUG:root:calculating the supports ...
DEBUG:root:reducing the results ... 
DEBUG:root:<-- leaving support
DEBUG:root:--> entering usage
DEBUG:root:cleaning the codetable ... 
DEBUG:root:calculating the usages ... 
DEBUG:root:reducing the results ... 
DEBUG:root:<--leaving usage 
DEBUG:root:<-- leaving support
DEBUG:root:<-- leaving support
DEBUG:root:<-- leaving support
DEBUG:root:--> entering support
DEBUG:root:cleaning the codetable ... 
DEBUG:root:calculating the supports ...
DEBUG:root:reducing the results ... 
DEBUG:root:<-- leaving support
DEBUG:root:--> entering usage
DEBUG:root:cleaning the codetable ... 
DEBUG:root:calculating the usages ... 
DEBUG:root:reducing the results ... 
DEBUG:root:<--leaving usage 
DEBUG:root:--> entering support
DEBUG:root:cleaning the codetable ... 
DEBUG:root:calculating the supports ...
DEBUG:root:reducing the results ... 
DEBUG:root:<-- leaving support
DEBUG:root:--> entering usage
DEBUG:root:cleaning the codetable ... 
DEBUG:root:calculating the usages ... 
DEBUG:root:reducing the results ... 
DEBUG:root:<--leaving usage 
DEBUG:root:--> entering support
DEBUG:root:cleaning the codetable ... 
DEBUG:root:calculating the supports ...
DEBUG:root:reducing the results ... 
DEBUG:root:<-- leaving support
DEBUG:root:--> entering usage
DEBUG:root:cleaning the codetable ... 
DEBUG:root:calculating the usages ... 
DEBUG:root:reducing the results ... 
DEBUG:root:<--leaving usage 
DEBUG:root:--> entering support
DEBUG:root:cleaning the codetable ... 
DEBUG:root:calculating the supports ...
DEBUG:root:reducing the results ... 
DEBUG:root:<-- leaving support
DEBUG:root:--> entering usage
DEBUG:root:cleaning the codetable ... 
DEBUG:root:calculating the usages ... 
DEBUG:root:reducing the results ... 
DEBUG:root:<--leaving usage 
DEBUG:root:deduplicating codes
DEBUG:root:processing 0 924against ... 
DEBUG:root: ... 1 - 394
DEBUG:root:merging done ...
DEBUG:root:--> entering support
DEBUG:root:cleaning the codetable ... 
DEBUG:root:calculating the supports ...
DEBUG:root:reducing the results ... 
DEBUG:root:<-- leaving support
DEBUG:root:--> entering usage
DEBUG:root:cleaning the codetable ... 
DEBUG:root:calculating the usages ... 
DEBUG:root:reducing the results ... 
DEBUG:root:<--leaving usage 
DEBUG:root:deduplicating codes
DEBUG:root:processing 0 1216against ... 
DEBUG:root: ... 1 - 554
DEBUG:root:merging done ...
DEBUG:root:--> entering support
DEBUG:root:cleaning the codetable ... 
DEBUG:root:calculating the supports ...
DEBUG:root:reducing the results ... 
DEBUG:root:<-- leaving support
DEBUG:root:--> entering usage
DEBUG:root:cleaning the codetable ... 
DEBUG:root:calculating the usages ... 
DEBUG:root:reducing the results ... 
DEBUG:root:<--leaving usage 
DEBUG:root:deduplicating codes
DEBUG:root:processing 0 1651against ... 
DEBUG:root: ... 1 - 747
DEBUG:root:merging done ...
DEBUG:root:--> entering support
DEBUG:root:cleaning the codetable ... 
DEBUG:root:calculating the supports ...
DEBUG:root:reducing the results ... 
DEBUG:root:<-- leaving support
DEBUG:root:--> entering usage
DEBUG:root:cleaning the codetable ... 
DEBUG:root:calculating the usages ... 
DEBUG:root:reducing the results ... 
DEBUG:root:<--leaving usage 
DEBUG:root:--> entering support
DEBUG:root:cleaning the codetable ... 
DEBUG:root:calculating the supports ...
DEBUG:root:reducing the results ... 
DEBUG:root:<-- leaving support
DEBUG:root:--> entering usage
DEBUG:root:cleaning the codetable ... 
DEBUG:root:calculating the usages ... 
DEBUG:root:reducing the results ... 
DEBUG:root:<--leaving usage 
DEBUG:root:<-- leaving support
