
-- MERGING METHOD naive
processing batch_results/200d-5-10-neg15/batch-1/letrecog_transaction_k_means_200d_k16_FalseNorm_trans_clust_0_k16...
chunks ... [0, 293, 586, 879, 1174]
num codes: 261
num codes with support 0: 0
chunks ... [0, 293, 586, 879, 1174]
num codes with usage 0: 32
database_size: 17461.21548267292
codetable_size: 5632.069441118893
complete: 23093.284923791813
database_size: 71804.90757599474
codetable_size: 407.0681448368641
complete: 72211.97572083162
Partition 0 ratio: 0.3197985471699245
processing batch_results/200d-5-10-neg15/batch-1/letrecog_transaction_k_means_200d_k16_FalseNorm_trans_clust_1_k16...
chunks ... [0, 189, 378, 567, 756]
num codes: 228
num codes with support 0: 0
chunks ... [0, 189, 378, 567, 756]
num codes with usage 0: 59
database_size: 11777.916864004452
codetable_size: 4099.537352357776
complete: 15877.454216362228
database_size: 48121.47232183676
codetable_size: 368.57103531580384
complete: 48490.043357152565
Partition 1 ratio: 0.3274374101795933
processing batch_results/200d-5-10-neg15/batch-1/letrecog_transaction_k_means_200d_k16_FalseNorm_trans_clust_2_k16...
chunks ... [0, 331, 662, 993, 1324]
num codes: 287
num codes with support 0: 0
chunks ... [0, 331, 662, 993, 1324]
num codes with usage 0: 46
database_size: 24572.10825845536
codetable_size: 5436.192534083969
complete: 30008.30079253933
database_size: 82371.84594018932
codetable_size: 386.7852140914408
complete: 82758.63115428077
Partition 2 ratio: 0.3626002553932663
processing batch_results/200d-5-10-neg15/batch-1/letrecog_transaction_k_means_200d_k16_FalseNorm_trans_clust_3_k16...
chunks ... [0, 183, 366, 549, 734]
num codes: 235
num codes with support 0: 0
chunks ... [0, 183, 366, 549, 734]
num codes with usage 0: 41
database_size: 14443.748818604608
codetable_size: 4277.165999596169
complete: 18720.914818200778
database_size: 46531.424909708476
codetable_size: 352.4416825677953
complete: 46883.866592276274
Partition 3 ratio: 0.3993039861879671
processing batch_results/200d-5-10-neg15/batch-1/letrecog_transaction_k_means_200d_k16_FalseNorm_trans_clust_4_k16...
chunks ... [0, 209, 418, 627, 839]
num codes: 239
num codes with support 0: 0
chunks ... [0, 209, 418, 627, 839]
num codes with usage 0: 46
database_size: 10506.971138203775
codetable_size: 5483.590509391091
complete: 15990.561647594866
database_size: 52995.99123116965
codetable_size: 492.92019287887575
complete: 53488.91142404853
Partition 4 ratio: 0.2989509642629507
processing batch_results/200d-5-10-neg15/batch-1/letrecog_transaction_k_means_200d_k16_FalseNorm_trans_clust_5_k16...
chunks ... [0, 168, 336, 504, 673]
num codes: 232
num codes with support 0: 0
chunks ... [0, 168, 336, 504, 673]
num codes with usage 0: 40
database_size: 12483.602046745147
codetable_size: 4278.029995497572
complete: 16761.63204224272
database_size: 42656.726235535825
codetable_size: 355.24871217494456
complete: 43011.97494771077
Partition 5 ratio: 0.38969687075796144
processing batch_results/200d-5-10-neg15/batch-1/letrecog_transaction_k_means_200d_k16_FalseNorm_trans_clust_6_k16...
chunks ... [0, 117, 234, 351, 469]
num codes: 160
num codes with support 0: 0
chunks ... [0, 117, 234, 351, 469]
num codes with usage 0: 33
database_size: 7916.979605470755
codetable_size: 2704.0950893354316
complete: 10621.074694806186
database_size: 29597.83367020324
codetable_size: 290.36919070641403
complete: 29888.202860909652
Partition 6 ratio: 0.355360097903288
processing batch_results/200d-5-10-neg15/batch-1/letrecog_transaction_k_means_200d_k16_FalseNorm_trans_clust_7_k16...
chunks ... [0, 502, 1004, 1506, 2008]
num codes: 369
num codes with support 0: 0
chunks ... [0, 502, 1004, 1506, 2008]
num codes with usage 0: 36
database_size: 39461.394043236185
codetable_size: 7667.395404422801
complete: 47128.789447658986
database_size: 125137.87043161035
codetable_size: 515.6310631134103
complete: 125653.50149472377
Partition 7 ratio: 0.3750694480220111
processing batch_results/200d-5-10-neg15/batch-1/letrecog_transaction_k_means_200d_k16_FalseNorm_trans_clust_8_k16...
chunks ... [0, 384, 768, 1152, 1539]
num codes: 359
num codes with support 0: 0
chunks ... [0, 384, 768, 1152, 1539]
num codes with usage 0: 45
database_size: 27265.324347005306
codetable_size: 7465.014158476414
complete: 34730.33850548172
database_size: 96318.1892731908
codetable_size: 513.0997494604283
complete: 96831.28902265122
Partition 8 ratio: 0.3586685549270901
processing batch_results/200d-5-10-neg15/batch-1/letrecog_transaction_k_means_200d_k16_FalseNorm_trans_clust_9_k16...
chunks ... [0, 212, 424, 636, 849]
num codes: 219
num codes with support 0: 0
chunks ... [0, 212, 424, 636, 849]
num codes with usage 0: 52
database_size: 14320.577663975953
codetable_size: 3669.162492389593
complete: 17989.740156365548
database_size: 51306.25398392005
codetable_size: 356.7456958009913
complete: 51662.99967972104
Partition 9 ratio: 0.34821323322089154
processing batch_results/200d-5-10-neg15/batch-1/letrecog_transaction_k_means_200d_k16_FalseNorm_trans_clust_10_k16...
chunks ... [0, 702, 1404, 2106, 2808]
num codes: 359
num codes with support 0: 0
chunks ... [0, 702, 1404, 2106, 2808]
num codes with usage 0: 51
database_size: 46966.896279971035
codetable_size: 8133.589104048061
complete: 55100.4853840191
database_size: 169491.72491215504
codetable_size: 523.6464213374193
complete: 170015.37133349245
Partition 10 ratio: 0.3240911980595986
processing batch_results/200d-5-10-neg15/batch-1/letrecog_transaction_k_means_200d_k16_FalseNorm_trans_clust_11_k16...
chunks ... [0, 252, 504, 756, 1009]
num codes: 284
num codes with support 0: 0
chunks ... [0, 252, 504, 756, 1009]
num codes with usage 0: 49
database_size: 17514.345203308138
codetable_size: 5340.321657760593
complete: 22854.66686106873
database_size: 63170.579741359914
codetable_size: 453.5687548840711
complete: 63624.148496243986
Partition 11 ratio: 0.3592137168235413
processing batch_results/200d-5-10-neg15/batch-1/letrecog_transaction_k_means_200d_k16_FalseNorm_trans_clust_12_k16...
chunks ... [0, 537, 1074, 1611, 2151]
num codes: 400
num codes with support 0: 0
chunks ... [0, 537, 1074, 1611, 2151]
num codes with usage 0: 41
database_size: 38500.261191144324
codetable_size: 8753.110382568579
complete: 47253.3715737129
database_size: 134526.9497543042
codetable_size: 549.1545739922373
complete: 135076.10432829644
Partition 12 ratio: 0.34982776419777173
processing batch_results/200d-5-10-neg15/batch-1/letrecog_transaction_k_means_200d_k16_FalseNorm_trans_clust_13_k16...
chunks ... [0, 202, 404, 606, 811]
num codes: 261
num codes with support 0: 0
chunks ... [0, 202, 404, 606, 811]
num codes with usage 0: 34
database_size: 19093.298523979032
codetable_size: 4631.169325891243
complete: 23724.467849870274
database_size: 51404.058664185846
codetable_size: 442.73908647245753
complete: 51846.797750658305
Partition 13 ratio: 0.45758791051987474
processing batch_results/200d-5-10-neg15/batch-1/letrecog_transaction_k_means_200d_k16_FalseNorm_trans_clust_14_k16...
chunks ... [0, 615, 1230, 1845, 2462]
num codes: 395
num codes with support 0: 0
chunks ... [0, 615, 1230, 1845, 2462]
num codes with usage 0: 51
database_size: 47865.186026999705
codetable_size: 7934.686784470009
complete: 55799.872811469715
database_size: 153620.56026987318
codetable_size: 482.65465971610877
complete: 154103.2149295893
Partition 14 ratio: 0.36209415122822075
processing batch_results/200d-5-10-neg15/batch-1/letrecog_transaction_k_means_200d_k16_FalseNorm_trans_clust_15_k16...
chunks ... [0, 98, 196, 294, 394]
num codes: 155
num codes with support 0: 0
chunks ... [0, 98, 196, 294, 394]
num codes with usage 0: 45
database_size: 6557.382453543237
codetable_size: 2113.6148617212866
complete: 8670.997315264523
database_size: 23885.26525059431
codetable_size: 308.1768307020584
complete: 24193.44208129637
Partition 15 ratio: 0.3584027971765108
number of codetables: 16
size: 261
size: 228
size: 287
size: 235
size: 239
size: 232
size: 160
size: 369
size: 359
size: 219
size: 359
size: 284
size: 400
size: 261
size: 395
size: 155
merged table size: 3115
chunks ... [0, 5000, 10000, 15000, 20000]
chunks ... [0, 5000, 10000, 15000, 20000]
merged table size without non-used codes: 2913
database_size: 541346.6616695516
codetable_size: 87087.18621378939
complete: 628433.847883341
database_size: 1372600.4814621517
codetable_size: 535.3174551653476
complete: 1373135.798917317
merged size: 628433.847883341
sct size: 1373135.798917317
merged ratio: 0.45766329038893694
time elapsed: 13.251282215118408
-- MERGING METHOD naive_plus
processing batch_results/200d-5-10-neg15/batch-1/letrecog_transaction_k_means_200d_k16_FalseNorm_trans_clust_0_k16...
chunks ... [0, 293, 586, 879, 1174]
num codes: 261
num codes with support 0: 0
chunks ... [0, 293, 586, 879, 1174]
num codes with usage 0: 32
database_size: 17461.21548267292
codetable_size: 5632.069441118893
complete: 23093.284923791813
database_size: 71804.90757599474
codetable_size: 407.0681448368641
complete: 72211.97572083162
Partition 0 ratio: 0.3197985471699245
processing batch_results/200d-5-10-neg15/batch-1/letrecog_transaction_k_means_200d_k16_FalseNorm_trans_clust_1_k16...
chunks ... [0, 189, 378, 567, 756]
num codes: 228
num codes with support 0: 0
chunks ... [0, 189, 378, 567, 756]
num codes with usage 0: 59
database_size: 11777.916864004452
codetable_size: 4099.537352357776
complete: 15877.454216362228
database_size: 48121.47232183676
codetable_size: 368.57103531580384
complete: 48490.043357152565
Partition 1 ratio: 0.3274374101795933
processing batch_results/200d-5-10-neg15/batch-1/letrecog_transaction_k_means_200d_k16_FalseNorm_trans_clust_2_k16...
chunks ... [0, 331, 662, 993, 1324]
num codes: 287
num codes with support 0: 0
chunks ... [0, 331, 662, 993, 1324]
num codes with usage 0: 46
database_size: 24572.10825845536
codetable_size: 5436.192534083969
complete: 30008.30079253933
database_size: 82371.84594018932
codetable_size: 386.7852140914408
complete: 82758.63115428077
Partition 2 ratio: 0.3626002553932663
processing batch_results/200d-5-10-neg15/batch-1/letrecog_transaction_k_means_200d_k16_FalseNorm_trans_clust_3_k16...
chunks ... [0, 183, 366, 549, 734]
num codes: 235
num codes with support 0: 0
chunks ... [0, 183, 366, 549, 734]
num codes with usage 0: 41
database_size: 14443.748818604608
codetable_size: 4277.165999596169
complete: 18720.914818200778
database_size: 46531.424909708476
codetable_size: 352.4416825677953
complete: 46883.866592276274
Partition 3 ratio: 0.3993039861879671
processing batch_results/200d-5-10-neg15/batch-1/letrecog_transaction_k_means_200d_k16_FalseNorm_trans_clust_4_k16...
chunks ... [0, 209, 418, 627, 839]
num codes: 239
num codes with support 0: 0
chunks ... [0, 209, 418, 627, 839]
num codes with usage 0: 46
database_size: 10506.971138203775
codetable_size: 5483.590509391091
complete: 15990.561647594866
database_size: 52995.99123116965
codetable_size: 492.92019287887575
complete: 53488.91142404853
Partition 4 ratio: 0.2989509642629507
processing batch_results/200d-5-10-neg15/batch-1/letrecog_transaction_k_means_200d_k16_FalseNorm_trans_clust_5_k16...
chunks ... [0, 168, 336, 504, 673]
num codes: 232
num codes with support 0: 0
chunks ... [0, 168, 336, 504, 673]
num codes with usage 0: 40
database_size: 12483.602046745147
codetable_size: 4278.029995497572
complete: 16761.63204224272
database_size: 42656.726235535825
codetable_size: 355.24871217494456
complete: 43011.97494771077
Partition 5 ratio: 0.38969687075796144
processing batch_results/200d-5-10-neg15/batch-1/letrecog_transaction_k_means_200d_k16_FalseNorm_trans_clust_6_k16...
chunks ... [0, 117, 234, 351, 469]
num codes: 160
num codes with support 0: 0
chunks ... [0, 117, 234, 351, 469]
num codes with usage 0: 33
database_size: 7916.979605470755
codetable_size: 2704.0950893354316
complete: 10621.074694806186
database_size: 29597.83367020324
codetable_size: 290.36919070641403
complete: 29888.202860909652
Partition 6 ratio: 0.355360097903288
processing batch_results/200d-5-10-neg15/batch-1/letrecog_transaction_k_means_200d_k16_FalseNorm_trans_clust_7_k16...
chunks ... [0, 502, 1004, 1506, 2008]
num codes: 369
num codes with support 0: 0
chunks ... [0, 502, 1004, 1506, 2008]
num codes with usage 0: 36
database_size: 39461.394043236185
codetable_size: 7667.395404422801
complete: 47128.789447658986
database_size: 125137.87043161035
codetable_size: 515.6310631134103
complete: 125653.50149472377
Partition 7 ratio: 0.3750694480220111
processing batch_results/200d-5-10-neg15/batch-1/letrecog_transaction_k_means_200d_k16_FalseNorm_trans_clust_8_k16...
chunks ... [0, 384, 768, 1152, 1539]
num codes: 359
num codes with support 0: 0
chunks ... [0, 384, 768, 1152, 1539]
num codes with usage 0: 45
database_size: 27265.324347005306
codetable_size: 7465.014158476414
complete: 34730.33850548172
database_size: 96318.1892731908
codetable_size: 513.0997494604283
complete: 96831.28902265122
Partition 8 ratio: 0.3586685549270901
processing batch_results/200d-5-10-neg15/batch-1/letrecog_transaction_k_means_200d_k16_FalseNorm_trans_clust_9_k16...
chunks ... [0, 212, 424, 636, 849]
num codes: 219
num codes with support 0: 0
chunks ... [0, 212, 424, 636, 849]
num codes with usage 0: 52
database_size: 14320.577663975953
codetable_size: 3669.162492389593
complete: 17989.740156365548
database_size: 51306.25398392005
codetable_size: 356.7456958009913
complete: 51662.99967972104
Partition 9 ratio: 0.34821323322089154
processing batch_results/200d-5-10-neg15/batch-1/letrecog_transaction_k_means_200d_k16_FalseNorm_trans_clust_10_k16...
chunks ... [0, 702, 1404, 2106, 2808]
num codes: 359
num codes with support 0: 0
chunks ... [0, 702, 1404, 2106, 2808]
num codes with usage 0: 51
database_size: 46966.896279971035
codetable_size: 8133.589104048061
complete: 55100.4853840191
database_size: 169491.72491215504
codetable_size: 523.6464213374193
complete: 170015.37133349245
Partition 10 ratio: 0.3240911980595986
processing batch_results/200d-5-10-neg15/batch-1/letrecog_transaction_k_means_200d_k16_FalseNorm_trans_clust_11_k16...
chunks ... [0, 252, 504, 756, 1009]
num codes: 284
num codes with support 0: 0
chunks ... [0, 252, 504, 756, 1009]
num codes with usage 0: 49
database_size: 17514.345203308138
codetable_size: 5340.321657760593
complete: 22854.66686106873
database_size: 63170.579741359914
codetable_size: 453.5687548840711
complete: 63624.148496243986
Partition 11 ratio: 0.3592137168235413
processing batch_results/200d-5-10-neg15/batch-1/letrecog_transaction_k_means_200d_k16_FalseNorm_trans_clust_12_k16...
chunks ... [0, 537, 1074, 1611, 2151]
num codes: 400
num codes with support 0: 0
chunks ... [0, 537, 1074, 1611, 2151]
num codes with usage 0: 41
database_size: 38500.261191144324
codetable_size: 8753.110382568579
complete: 47253.3715737129
database_size: 134526.9497543042
codetable_size: 549.1545739922373
complete: 135076.10432829644
Partition 12 ratio: 0.34982776419777173
processing batch_results/200d-5-10-neg15/batch-1/letrecog_transaction_k_means_200d_k16_FalseNorm_trans_clust_13_k16...
chunks ... [0, 202, 404, 606, 811]
num codes: 261
num codes with support 0: 0
chunks ... [0, 202, 404, 606, 811]
num codes with usage 0: 34
database_size: 19093.298523979032
codetable_size: 4631.169325891243
complete: 23724.467849870274
database_size: 51404.058664185846
codetable_size: 442.73908647245753
complete: 51846.797750658305
Partition 13 ratio: 0.45758791051987474
processing batch_results/200d-5-10-neg15/batch-1/letrecog_transaction_k_means_200d_k16_FalseNorm_trans_clust_14_k16...
chunks ... [0, 615, 1230, 1845, 2462]
num codes: 395
num codes with support 0: 0
chunks ... [0, 615, 1230, 1845, 2462]
num codes with usage 0: 51
database_size: 47865.186026999705
codetable_size: 7934.686784470009
complete: 55799.872811469715
database_size: 153620.56026987318
codetable_size: 482.65465971610877
complete: 154103.2149295893
Partition 14 ratio: 0.36209415122822075
processing batch_results/200d-5-10-neg15/batch-1/letrecog_transaction_k_means_200d_k16_FalseNorm_trans_clust_15_k16...
chunks ... [0, 98, 196, 294, 394]
num codes: 155
num codes with support 0: 0
chunks ... [0, 98, 196, 294, 394]
num codes with usage 0: 45
database_size: 6557.382453543237
codetable_size: 2113.6148617212866
complete: 8670.997315264523
database_size: 23885.26525059431
codetable_size: 308.1768307020584
complete: 24193.44208129637
Partition 15 ratio: 0.3584027971765108
number of codetables: 16
size: 261
size: 228
size: 287
size: 235
size: 239
size: 232
size: 160
size: 369
size: 359
size: 219
size: 359
size: 284
size: 400
size: 261
size: 395
size: 155
database_size: 1372600.4814621517
codetable_size: 535.3174551653476
complete: 1373135.798917317
current singletons: {3, 4, 5, 6, 7, 8, 9, 10, 12, 13, 14, 15, 17, 18, 19, 20, 23, 24, 25, 27, 28, 29, 30, 31, 32, 33, 34, 35, 38, 39, 40, 41, 42, 43, 44, 45, 46, 47, 48, 49, 50, 51, 52, 53, 54, 55, 57, 58, 59, 60, 64, 65, 66, 67, 68, 69, 70, 72, 73, 74, 75, 78, 79, 80, 87, 88, 91, 93, 94, 96, 97, 101, 102, 103, 105}
Added 27 singletons
added:  {1, 2, 11, 16, 22, 26, 37, 56, 62, 63, 76, 77, 81, 82, 83, 84, 85, 86, 89, 90, 92, 95, 98, 99, 100, 104, 106}
chunks ... [0, 5000, 10000, 15000, 20000]
num codes: 288
num codes with support 0: 0
chunks ... [0, 5000, 10000, 15000, 20000]
database_size: 959392.6457186455
codetable_size: 6989.947089295733
complete: 966382.5928079413
Partition ratio: 0.7037778736596261
current singletons: {2, 3, 4, 5, 6, 7, 8, 9, 10, 11, 12, 13, 14, 15, 17, 18, 19, 20, 22, 23, 24, 25, 28, 29, 30, 31, 32, 33, 34, 35, 37, 38, 39, 40, 43, 44, 45, 46, 47, 48, 49, 50, 51, 52, 53, 54, 55, 57, 58, 59, 60, 62, 63, 64, 65, 68, 69, 70, 72, 73, 74, 75, 78, 79, 80, 89, 90, 92, 99, 100, 105, 106}
Added 30 singletons
added:  {1, 16, 26, 27, 41, 42, 56, 66, 67, 76, 77, 81, 82, 83, 84, 85, 86, 87, 88, 91, 93, 94, 95, 96, 97, 98, 101, 102, 103, 104}
chunks ... [0, 5000, 10000, 15000, 20000]
num codes: 258
num codes with support 0: 0
chunks ... [0, 5000, 10000, 15000, 20000]
database_size: 986605.0992772183
codetable_size: 5766.685776068841
complete: 992371.7850532872
Partition ratio: 0.7227047651337525
current singletons: {4, 5, 6, 7, 8, 9, 10, 13, 14, 15, 19, 20, 23, 24, 25, 26, 27, 28, 29, 30, 34, 35, 37, 38, 39, 40, 41, 42, 43, 44, 45, 46, 47, 48, 49, 50, 52, 53, 54, 55, 56, 57, 58, 59, 60, 62, 63, 64, 65, 68, 69, 70, 72, 73, 74, 75, 76, 77, 78, 79, 80, 83, 84, 85, 86, 89, 90, 96, 99, 100, 105, 106}
Added 30 singletons
added:  {1, 2, 3, 11, 12, 16, 17, 18, 22, 31, 32, 33, 51, 66, 67, 81, 82, 87, 88, 91, 92, 93, 94, 95, 97, 98, 101, 102, 103, 104}
chunks ... [0, 5000, 10000, 15000, 20000]
num codes: 317
num codes with support 0: 0
chunks ... [0, 5000, 10000, 15000, 20000]
database_size: 991891.1083433075
codetable_size: 6880.5668941082595
complete: 998771.6752374158
Partition ratio: 0.7273655497328976
current singletons: {2, 3, 4, 5, 6, 7, 8, 9, 10, 13, 14, 15, 17, 18, 19, 20, 22, 23, 24, 25, 26, 27, 28, 29, 30, 33, 34, 35, 37, 38, 39, 40, 41, 42, 43, 44, 45, 46, 47, 48, 49, 50, 53, 54, 55, 57, 58, 59, 60, 62, 63, 64, 65, 69, 70, 72, 73, 74, 75, 79, 80, 83, 91, 94, 100, 101, 102, 103, 105}
Added 33 singletons
added:  {1, 11, 12, 16, 31, 32, 51, 52, 56, 66, 67, 68, 76, 77, 78, 81, 82, 84, 85, 86, 87, 88, 89, 90, 92, 93, 95, 96, 97, 98, 99, 104, 106}
chunks ... [0, 5000, 10000, 15000, 20000]
num codes: 268
num codes with support 0: 0
chunks ... [0, 5000, 10000, 15000, 20000]
database_size: 1078763.8598567906
codetable_size: 5745.515541925707
complete: 1084509.3753987164
Partition ratio: 0.7898048949374306
current singletons: {1, 2, 3, 6, 7, 8, 9, 10, 11, 12, 13, 16, 17, 18, 19, 20, 22, 23, 24, 26, 27, 28, 29, 30, 31, 32, 33, 34, 35, 37, 38, 39, 40, 41, 42, 43, 44, 45, 46, 47, 48, 49, 50, 51, 52, 53, 54, 55, 56, 57, 58, 59, 60, 62, 63, 64, 65, 68, 69, 70, 72, 73, 74, 75, 80, 82, 83, 84, 85, 86, 87, 88, 89, 90, 91, 92, 93, 94, 95, 96, 97, 98, 99, 100, 101, 102, 103, 104, 105, 106}
Added 12 singletons
added:  {66, 67, 4, 5, 76, 77, 14, 15, 78, 81, 79, 25}
chunks ... [0, 5000, 10000, 15000, 20000]
num codes: 251
num codes with support 0: 0
chunks ... [0, 5000, 10000, 15000, 20000]
database_size: 1121134.3614105296
codetable_size: 7127.240383163465
complete: 1128261.6017936931
Partition ratio: 0.8216678952535496
current singletons: {2, 3, 4, 5, 6, 7, 8, 9, 10, 12, 13, 14, 15, 17, 18, 19, 20, 22, 23, 24, 26, 27, 28, 29, 30, 34, 35, 37, 38, 39, 40, 41, 42, 43, 44, 45, 47, 48, 49, 50, 53, 54, 55, 56, 57, 58, 59, 60, 62, 63, 64, 65, 70, 73, 74, 75, 76, 77, 78, 79, 80, 83, 86, 91, 94, 96, 99, 100, 102, 105}
Added 32 singletons
added:  {1, 11, 16, 25, 31, 32, 33, 46, 51, 52, 66, 67, 68, 69, 72, 81, 82, 84, 85, 87, 88, 89, 90, 92, 93, 95, 97, 98, 101, 103, 104, 106}
chunks ... [0, 5000, 10000, 15000, 20000]
num codes: 264
num codes with support 0: 0
chunks ... [0, 5000, 10000, 15000, 20000]
database_size: 1114122.6077128616
codetable_size: 5920.344575769134
complete: 1120042.9522886307
Partition ratio: 0.8156825808283173
current singletons: {2, 3, 4, 5, 6, 7, 8, 9, 10, 11, 12, 13, 14, 15, 17, 18, 19, 20, 22, 23, 24, 25, 26, 27, 28, 29, 30, 31, 32, 37, 38, 39, 40, 44, 45, 46, 47, 48, 49, 50, 51, 52, 56, 57, 58, 59, 60, 62, 63, 65, 68, 69, 70, 72, 73, 74, 75, 78, 79, 80, 90, 92}
Added 40 singletons
added:  {1, 16, 33, 34, 35, 41, 42, 43, 53, 54, 55, 64, 66, 67, 76, 77, 81, 82, 83, 84, 85, 86, 87, 88, 89, 91, 93, 94, 95, 96, 97, 98, 99, 100, 101, 102, 103, 104, 105, 106}
chunks ... [0, 5000, 10000, 15000, 20000]
num codes: 200
num codes with support 0: 0
chunks ... [0, 5000, 10000, 15000, 20000]
database_size: 1184625.7812834692
codetable_size: 4220.460049276685
complete: 1188846.2413327459
Partition ratio: 0.8657892702747398
current singletons: {4, 5, 6, 7, 8, 9, 10, 14, 15, 18, 19, 20, 24, 25, 26, 27, 28, 29, 30, 31, 32, 33, 34, 35, 37, 38, 39, 40, 41, 42, 43, 44, 45, 46, 47, 48, 49, 50, 51, 52, 53, 54, 55, 56, 57, 58, 59, 60, 62, 63, 64, 65, 66, 67, 68, 69, 70, 72, 73, 74, 75, 76, 77, 78, 79, 80, 81, 82, 83, 84, 85, 86, 87, 88, 89, 90, 91, 92, 93, 94, 95, 96, 98, 99, 100, 101, 102, 103, 104, 105, 106}
Added 11 singletons
added:  {97, 1, 3, 2, 11, 12, 13, 16, 17, 22, 23}
chunks ... [0, 5000, 10000, 15000, 20000]
num codes: 380
num codes with support 0: 0
chunks ... [0, 5000, 10000, 15000, 20000]
database_size: 806476.9700978163
codetable_size: 8464.85746468318
complete: 814941.8275624994
Partition ratio: 0.5934896083876485
current singletons: {2, 3, 4, 5, 6, 7, 8, 9, 12, 13, 14, 15, 17, 18, 19, 20, 23, 24, 25, 27, 28, 29, 30, 31, 32, 33, 34, 35, 37, 38, 39, 40, 41, 42, 43, 44, 45, 46, 47, 48, 49, 50, 51, 52, 53, 54, 55, 56, 57, 58, 59, 60, 62, 63, 64, 65, 67, 68, 69, 70, 72, 73, 74, 75, 78, 79, 80, 81, 82, 83, 84, 85, 87, 88, 89, 90, 91, 92, 93, 94, 95, 96, 97, 98, 99, 100, 101, 104, 106}
Added 13 singletons
added:  {1, 66, 102, 103, 105, 10, 11, 76, 77, 16, 86, 22, 26}
chunks ... [0, 5000, 10000, 15000, 20000]
num codes: 372
num codes with support 0: 0
chunks ... [0, 5000, 10000, 15000, 20000]
database_size: 864526.295771785
codetable_size: 8641.851961448077
complete: 873168.147733233
Partition ratio: 0.6358935135342798
current singletons: {4, 5, 6, 7, 8, 9, 10, 14, 15, 18, 19, 20, 23, 24, 25, 26, 27, 28, 29, 30, 34, 35, 37, 38, 39, 40, 41, 42, 43, 44, 45, 46, 47, 48, 49, 50, 52, 54, 55, 56, 57, 58, 59, 60, 62, 63, 64, 65, 69, 70, 72, 73, 74, 75, 77, 78, 79, 80, 88, 91, 93, 94, 100, 101, 102, 103, 105}
Added 35 singletons
added:  {1, 2, 3, 11, 12, 13, 16, 17, 22, 31, 32, 33, 51, 53, 66, 67, 68, 76, 81, 82, 83, 84, 85, 86, 87, 89, 90, 92, 95, 96, 97, 98, 99, 104, 106}
chunks ... [0, 5000, 10000, 15000, 20000]
num codes: 254
num codes with support 0: 0
chunks ... [0, 5000, 10000, 15000, 20000]
database_size: 1026325.5579281991
codetable_size: 5186.366860720089
complete: 1031511.9247889192
Partition ratio: 0.7512089668059345
current singletons: {4, 5, 6, 7, 8, 9, 10, 14, 15, 19, 20, 23, 24, 25, 27, 28, 29, 30, 31, 32, 33, 34, 35, 37, 38, 39, 40, 41, 42, 43, 44, 45, 46, 47, 48, 49, 50, 52, 53, 54, 55, 56, 57, 58, 59, 60, 62, 63, 64, 65, 66, 67, 68, 69, 70, 72, 73, 74, 75, 76, 77, 78, 79, 80, 81, 82, 83, 84, 85, 86, 87, 88, 89, 90, 91, 92, 93, 94, 95, 96, 97, 98, 99, 100, 101, 102, 103, 104, 105, 106}
Added 12 singletons
added:  {1, 2, 3, 11, 12, 13, 16, 17, 18, 51, 22, 26}
chunks ... [0, 5000, 10000, 15000, 20000]
num codes: 371
num codes with support 0: 0
chunks ... [0, 5000, 10000, 15000, 20000]
database_size: 827460.9362228358
codetable_size: 9175.057739903166
complete: 836635.993962739
Partition ratio: 0.6092886039548349
current singletons: {2, 3, 4, 6, 7, 8, 11, 12, 13, 14, 16, 17, 18, 19, 20, 22, 23, 24, 27, 28, 29, 30, 32, 33, 34, 35, 37, 38, 39, 40, 41, 42, 43, 44, 45, 46, 47, 48, 49, 50, 52, 53, 54, 55, 56, 57, 58, 59, 60, 62, 63, 64, 65, 67, 68, 69, 70, 72, 73, 74, 75, 78, 79, 80, 82, 83, 84, 85, 87, 88, 91, 93, 94, 95, 97, 98, 99, 100, 101, 102, 103, 104, 106}
Added 19 singletons
added:  {1, 5, 9, 10, 15, 25, 26, 31, 51, 66, 76, 77, 81, 86, 89, 90, 92, 96, 105}
chunks ... [0, 5000, 10000, 15000, 20000]
num codes: 303
num codes with support 0: 0
chunks ... [0, 5000, 10000, 15000, 20000]
database_size: 962053.3298429023
codetable_size: 6736.6822561364415
complete: 968790.0120990387
Partition ratio: 0.7055311010483487
current singletons: {2, 3, 4, 5, 6, 7, 8, 9, 10, 12, 13, 14, 15, 19, 20, 23, 24, 25, 26, 27, 28, 29, 30, 31, 32, 33, 34, 35, 37, 38, 39, 40, 41, 42, 43, 44, 45, 46, 47, 48, 49, 50, 51, 52, 53, 54, 55, 56, 57, 58, 59, 60, 62, 63, 64, 65, 67, 68, 69, 70, 73, 74, 75, 76, 77, 78, 79, 80, 81, 82, 83, 84, 85, 86, 87, 88, 89, 90, 91, 92, 94, 95, 96, 97, 98, 99, 100, 101, 102, 104, 105, 106}
Added 10 singletons
added:  {1, 66, 103, 72, 11, 16, 17, 18, 22, 93}
chunks ... [0, 5000, 10000, 15000, 20000]
num codes: 410
num codes with support 0: 0
chunks ... [0, 5000, 10000, 15000, 20000]
database_size: 802205.1060498175
codetable_size: 9719.599774665408
complete: 811924.705824483
Partition ratio: 0.5912923590402822
current singletons: {3, 4, 5, 6, 7, 8, 9, 10, 13, 14, 15, 18, 19, 20, 24, 25, 27, 28, 29, 30, 31, 32, 33, 34, 35, 37, 38, 39, 40, 41, 42, 43, 44, 45, 46, 47, 48, 49, 50, 51, 52, 53, 54, 55, 57, 58, 59, 60, 62, 63, 64, 65, 66, 67, 68, 69, 70, 72, 73, 74, 75, 76, 77, 78, 79, 80, 81, 84, 87, 88, 89, 90, 91, 92, 93, 94, 97, 98, 99, 104, 106}
Added 21 singletons
added:  {1, 2, 11, 12, 16, 17, 22, 23, 26, 56, 82, 83, 85, 86, 95, 96, 100, 101, 102, 103, 105}
chunks ... [0, 5000, 10000, 15000, 20000]
num codes: 282
num codes with support 0: 0
chunks ... [0, 5000, 10000, 15000, 20000]
database_size: 1020587.923598193
codetable_size: 5799.229769899769
complete: 1026387.1533680927
Partition ratio: 0.7474768003116466
current singletons: {3, 4, 5, 6, 7, 8, 9, 10, 13, 14, 15, 19, 20, 24, 25, 28, 29, 30, 31, 32, 33, 34, 35, 37, 38, 39, 40, 41, 42, 43, 44, 45, 46, 47, 48, 49, 50, 51, 52, 53, 54, 55, 56, 57, 58, 59, 60, 62, 63, 64, 65, 66, 67, 68, 69, 70, 72, 73, 74, 75, 76, 77, 78, 79, 80, 81, 82, 84, 85, 86, 87, 88, 89, 90, 91, 92, 93, 94, 95, 96, 97, 98, 99, 100, 104, 106}
Added 16 singletons
added:  {1, 2, 101, 102, 103, 105, 11, 12, 16, 17, 18, 83, 22, 23, 26, 27}
chunks ... [0, 5000, 10000, 15000, 20000]
num codes: 411
num codes with support 0: 0
chunks ... [0, 5000, 10000, 15000, 20000]
database_size: 798202.9711177954
codetable_size: 9043.469752661053
complete: 807246.4408704565
Partition ratio: 0.5878853653855285
current singletons: {2, 3, 4, 5, 6, 7, 8, 9, 10, 12, 13, 14, 15, 16, 17, 18, 19, 20, 22, 23, 24, 28, 29, 30, 31, 32, 33, 34, 37, 38, 39, 40, 41, 42, 43, 45, 46, 47, 48, 49, 50, 51, 52, 59, 60, 63, 64, 65, 66, 67, 68, 69, 72, 73, 74, 75, 78, 79, 80, 81, 92}
Added 41 singletons
added:  {1, 11, 25, 26, 27, 35, 44, 53, 54, 55, 56, 57, 58, 62, 70, 76, 77, 82, 83, 84, 85, 86, 87, 88, 89, 90, 91, 93, 94, 95, 96, 97, 98, 99, 100, 101, 102, 103, 104, 105, 106}
chunks ... [0, 5000, 10000, 15000, 20000]
num codes: 196
num codes with support 0: 0
chunks ... [0, 5000, 10000, 15000, 20000]
database_size: 1215659.7738925382
codetable_size: 3644.8146956216865
complete: 1219304.5885881598
Partition ratio: 0.8879708689770893
merged table size: 411
chunks ... [0, 5000, 10000, 15000, 20000]
chunks ... [0, 5000, 10000, 15000, 20000]
merged table size without non-used codes: 399
database_size: 798202.9711177954
codetable_size: 9043.469752661053
complete: 807246.4408704565
database_size: 1372600.4814621517
codetable_size: 535.3174551653476
complete: 1373135.798917317
merged size: 807246.4408704565
sct size: 1373135.798917317
merged ratio: 0.5878853653855285
time elapsed: 22.90016531944275
-- MERGING METHOD informed
processing batch_results/200d-5-10-neg15/batch-1/letrecog_transaction_k_means_200d_k16_FalseNorm_trans_clust_0_k16...
chunks ... [0, 293, 586, 879, 1174]
num codes: 261
num codes with support 0: 0
chunks ... [0, 293, 586, 879, 1174]
num codes with usage 0: 32
database_size: 17461.21548267292
codetable_size: 5632.069441118893
complete: 23093.284923791813
database_size: 71804.90757599474
codetable_size: 407.0681448368641
complete: 72211.97572083162
Partition 0 ratio: 0.3197985471699245
processing batch_results/200d-5-10-neg15/batch-1/letrecog_transaction_k_means_200d_k16_FalseNorm_trans_clust_1_k16...
chunks ... [0, 189, 378, 567, 756]
num codes: 228
num codes with support 0: 0
chunks ... [0, 189, 378, 567, 756]
num codes with usage 0: 59
database_size: 11777.916864004452
codetable_size: 4099.537352357776
complete: 15877.454216362228
database_size: 48121.47232183676
codetable_size: 368.57103531580384
complete: 48490.043357152565
Partition 1 ratio: 0.3274374101795933
processing batch_results/200d-5-10-neg15/batch-1/letrecog_transaction_k_means_200d_k16_FalseNorm_trans_clust_2_k16...
chunks ... [0, 331, 662, 993, 1324]
num codes: 287
num codes with support 0: 0
chunks ... [0, 331, 662, 993, 1324]
num codes with usage 0: 46
database_size: 24572.10825845536
codetable_size: 5436.192534083969
complete: 30008.30079253933
database_size: 82371.84594018932
codetable_size: 386.7852140914408
complete: 82758.63115428077
Partition 2 ratio: 0.3626002553932663
processing batch_results/200d-5-10-neg15/batch-1/letrecog_transaction_k_means_200d_k16_FalseNorm_trans_clust_3_k16...
chunks ... [0, 183, 366, 549, 734]
num codes: 235
num codes with support 0: 0
chunks ... [0, 183, 366, 549, 734]
num codes with usage 0: 41
database_size: 14443.748818604608
codetable_size: 4277.165999596169
complete: 18720.914818200778
database_size: 46531.424909708476
codetable_size: 352.4416825677953
complete: 46883.866592276274
Partition 3 ratio: 0.3993039861879671
processing batch_results/200d-5-10-neg15/batch-1/letrecog_transaction_k_means_200d_k16_FalseNorm_trans_clust_4_k16...
chunks ... [0, 209, 418, 627, 839]
num codes: 239
num codes with support 0: 0
chunks ... [0, 209, 418, 627, 839]
num codes with usage 0: 46
database_size: 10506.971138203775
codetable_size: 5483.590509391091
complete: 15990.561647594866
database_size: 52995.99123116965
codetable_size: 492.92019287887575
complete: 53488.91142404853
Partition 4 ratio: 0.2989509642629507
processing batch_results/200d-5-10-neg15/batch-1/letrecog_transaction_k_means_200d_k16_FalseNorm_trans_clust_5_k16...
chunks ... [0, 168, 336, 504, 673]
num codes: 232
num codes with support 0: 0
chunks ... [0, 168, 336, 504, 673]
num codes with usage 0: 40
database_size: 12483.602046745147
codetable_size: 4278.029995497572
complete: 16761.63204224272
database_size: 42656.726235535825
codetable_size: 355.24871217494456
complete: 43011.97494771077
Partition 5 ratio: 0.38969687075796144
processing batch_results/200d-5-10-neg15/batch-1/letrecog_transaction_k_means_200d_k16_FalseNorm_trans_clust_6_k16...
chunks ... [0, 117, 234, 351, 469]
num codes: 160
num codes with support 0: 0
chunks ... [0, 117, 234, 351, 469]
num codes with usage 0: 33
database_size: 7916.979605470755
codetable_size: 2704.0950893354316
complete: 10621.074694806186
database_size: 29597.83367020324
codetable_size: 290.36919070641403
complete: 29888.202860909652
Partition 6 ratio: 0.355360097903288
processing batch_results/200d-5-10-neg15/batch-1/letrecog_transaction_k_means_200d_k16_FalseNorm_trans_clust_7_k16...
chunks ... [0, 502, 1004, 1506, 2008]
num codes: 369
num codes with support 0: 0
chunks ... [0, 502, 1004, 1506, 2008]
num codes with usage 0: 36
database_size: 39461.394043236185
codetable_size: 7667.395404422801
complete: 47128.789447658986
database_size: 125137.87043161035
codetable_size: 515.6310631134103
complete: 125653.50149472377
Partition 7 ratio: 0.3750694480220111
processing batch_results/200d-5-10-neg15/batch-1/letrecog_transaction_k_means_200d_k16_FalseNorm_trans_clust_8_k16...
chunks ... [0, 384, 768, 1152, 1539]
num codes: 359
num codes with support 0: 0
chunks ... [0, 384, 768, 1152, 1539]
num codes with usage 0: 45
database_size: 27265.324347005306
codetable_size: 7465.014158476414
complete: 34730.33850548172
database_size: 96318.1892731908
codetable_size: 513.0997494604283
complete: 96831.28902265122
Partition 8 ratio: 0.3586685549270901
processing batch_results/200d-5-10-neg15/batch-1/letrecog_transaction_k_means_200d_k16_FalseNorm_trans_clust_9_k16...
chunks ... [0, 212, 424, 636, 849]
num codes: 219
num codes with support 0: 0
chunks ... [0, 212, 424, 636, 849]
num codes with usage 0: 52
database_size: 14320.577663975953
codetable_size: 3669.162492389593
complete: 17989.740156365548
database_size: 51306.25398392005
codetable_size: 356.7456958009913
complete: 51662.99967972104
Partition 9 ratio: 0.34821323322089154
processing batch_results/200d-5-10-neg15/batch-1/letrecog_transaction_k_means_200d_k16_FalseNorm_trans_clust_10_k16...
chunks ... [0, 702, 1404, 2106, 2808]
num codes: 359
num codes with support 0: 0
chunks ... [0, 702, 1404, 2106, 2808]
num codes with usage 0: 51
database_size: 46966.896279971035
codetable_size: 8133.589104048061
complete: 55100.4853840191
database_size: 169491.72491215504
codetable_size: 523.6464213374193
complete: 170015.37133349245
Partition 10 ratio: 0.3240911980595986
processing batch_results/200d-5-10-neg15/batch-1/letrecog_transaction_k_means_200d_k16_FalseNorm_trans_clust_11_k16...
chunks ... [0, 252, 504, 756, 1009]
num codes: 284
num codes with support 0: 0
chunks ... [0, 252, 504, 756, 1009]
num codes with usage 0: 49
database_size: 17514.345203308138
codetable_size: 5340.321657760593
complete: 22854.66686106873
database_size: 63170.579741359914
codetable_size: 453.5687548840711
complete: 63624.148496243986
Partition 11 ratio: 0.3592137168235413
processing batch_results/200d-5-10-neg15/batch-1/letrecog_transaction_k_means_200d_k16_FalseNorm_trans_clust_12_k16...
chunks ... [0, 537, 1074, 1611, 2151]
num codes: 400
num codes with support 0: 0
chunks ... [0, 537, 1074, 1611, 2151]
num codes with usage 0: 41
database_size: 38500.261191144324
codetable_size: 8753.110382568579
complete: 47253.3715737129
database_size: 134526.9497543042
codetable_size: 549.1545739922373
complete: 135076.10432829644
Partition 12 ratio: 0.34982776419777173
processing batch_results/200d-5-10-neg15/batch-1/letrecog_transaction_k_means_200d_k16_FalseNorm_trans_clust_13_k16...
chunks ... [0, 202, 404, 606, 811]
num codes: 261
num codes with support 0: 0
chunks ... [0, 202, 404, 606, 811]
num codes with usage 0: 34
database_size: 19093.298523979032
codetable_size: 4631.169325891243
complete: 23724.467849870274
database_size: 51404.058664185846
codetable_size: 442.73908647245753
complete: 51846.797750658305
Partition 13 ratio: 0.45758791051987474
processing batch_results/200d-5-10-neg15/batch-1/letrecog_transaction_k_means_200d_k16_FalseNorm_trans_clust_14_k16...
chunks ... [0, 615, 1230, 1845, 2462]
num codes: 395
num codes with support 0: 0
chunks ... [0, 615, 1230, 1845, 2462]
num codes with usage 0: 51
database_size: 47865.186026999705
codetable_size: 7934.686784470009
complete: 55799.872811469715
database_size: 153620.56026987318
codetable_size: 482.65465971610877
complete: 154103.2149295893
Partition 14 ratio: 0.36209415122822075
processing batch_results/200d-5-10-neg15/batch-1/letrecog_transaction_k_means_200d_k16_FalseNorm_trans_clust_15_k16...
chunks ... [0, 98, 196, 294, 394]
num codes: 155
num codes with support 0: 0
chunks ... [0, 98, 196, 294, 394]
num codes with usage 0: 45
database_size: 6557.382453543237
codetable_size: 2113.6148617212866
complete: 8670.997315264523
database_size: 23885.26525059431
codetable_size: 308.1768307020584
complete: 24193.44208129637
Partition 15 ratio: 0.3584027971765108
number of codetables: 16
size: 261
size: 228
size: 287
size: 235
size: 239
size: 232
size: 160
size: 369
size: 359
size: 219
size: 359
size: 284
size: 400
size: 261
size: 395
size: 155
database_size: 1372600.4814621517
codetable_size: 535.3174551653476
complete: 1373135.798917317
database_size: 1372600.4814621517
codetable_size: 535.3174551653476
complete: 1373135.798917317
current singletons: {3, 4, 5, 6, 7, 8, 9, 10, 12, 13, 14, 15, 17, 18, 19, 20, 23, 24, 25, 27, 28, 29, 30, 31, 32, 33, 34, 35, 38, 39, 40, 41, 42, 43, 44, 45, 46, 47, 48, 49, 50, 51, 52, 53, 54, 55, 57, 58, 59, 60, 64, 65, 66, 67, 68, 69, 70, 72, 73, 74, 75, 78, 79, 80, 87, 88, 91, 93, 94, 96, 97, 101, 102, 103, 105}
Added 27 singletons
added:  {1, 2, 11, 16, 22, 26, 37, 56, 62, 63, 76, 77, 81, 82, 83, 84, 85, 86, 89, 90, 92, 95, 98, 99, 100, 104, 106}
chunks ... [0, 5000, 10000, 15000, 20000]
num codes: 288
num codes with support 0: 0
chunks ... [0, 5000, 10000, 15000, 20000]
database_size: 959392.6457186455
codetable_size: 6989.947089295733
complete: 966382.5928079413
Partition ratio: 0.7037778736596261
current singletons: {2, 3, 4, 5, 6, 7, 8, 9, 10, 11, 12, 13, 14, 15, 17, 18, 19, 20, 22, 23, 24, 25, 28, 29, 30, 31, 32, 33, 34, 35, 37, 38, 39, 40, 43, 44, 45, 46, 47, 48, 49, 50, 51, 52, 53, 54, 55, 57, 58, 59, 60, 62, 63, 64, 65, 68, 69, 70, 72, 73, 74, 75, 78, 79, 80, 89, 90, 92, 99, 100, 105, 106}
Added 30 singletons
added:  {1, 16, 26, 27, 41, 42, 56, 66, 67, 76, 77, 81, 82, 83, 84, 85, 86, 87, 88, 91, 93, 94, 95, 96, 97, 98, 101, 102, 103, 104}
chunks ... [0, 5000, 10000, 15000, 20000]
num codes: 258
num codes with support 0: 0
chunks ... [0, 5000, 10000, 15000, 20000]
database_size: 986605.0992772183
codetable_size: 5766.685776068841
complete: 992371.7850532872
Partition ratio: 0.7227047651337525
current singletons: {4, 5, 6, 7, 8, 9, 10, 13, 14, 15, 19, 20, 23, 24, 25, 26, 27, 28, 29, 30, 34, 35, 37, 38, 39, 40, 41, 42, 43, 44, 45, 46, 47, 48, 49, 50, 52, 53, 54, 55, 56, 57, 58, 59, 60, 62, 63, 64, 65, 68, 69, 70, 72, 73, 74, 75, 76, 77, 78, 79, 80, 83, 84, 85, 86, 89, 90, 96, 99, 100, 105, 106}
Added 30 singletons
added:  {1, 2, 3, 11, 12, 16, 17, 18, 22, 31, 32, 33, 51, 66, 67, 81, 82, 87, 88, 91, 92, 93, 94, 95, 97, 98, 101, 102, 103, 104}
chunks ... [0, 5000, 10000, 15000, 20000]
num codes: 317
num codes with support 0: 0
chunks ... [0, 5000, 10000, 15000, 20000]
database_size: 991891.1083433075
codetable_size: 6880.5668941082595
complete: 998771.6752374158
Partition ratio: 0.7273655497328976
current singletons: {2, 3, 4, 5, 6, 7, 8, 9, 10, 13, 14, 15, 17, 18, 19, 20, 22, 23, 24, 25, 26, 27, 28, 29, 30, 33, 34, 35, 37, 38, 39, 40, 41, 42, 43, 44, 45, 46, 47, 48, 49, 50, 53, 54, 55, 57, 58, 59, 60, 62, 63, 64, 65, 69, 70, 72, 73, 74, 75, 79, 80, 83, 91, 94, 100, 101, 102, 103, 105}
Added 33 singletons
added:  {1, 11, 12, 16, 31, 32, 51, 52, 56, 66, 67, 68, 76, 77, 78, 81, 82, 84, 85, 86, 87, 88, 89, 90, 92, 93, 95, 96, 97, 98, 99, 104, 106}
chunks ... [0, 5000, 10000, 15000, 20000]
num codes: 268
num codes with support 0: 0
chunks ... [0, 5000, 10000, 15000, 20000]
database_size: 1078763.8598567906
codetable_size: 5745.515541925707
complete: 1084509.3753987164
Partition ratio: 0.7898048949374306
current singletons: {1, 2, 3, 6, 7, 8, 9, 10, 11, 12, 13, 16, 17, 18, 19, 20, 22, 23, 24, 26, 27, 28, 29, 30, 31, 32, 33, 34, 35, 37, 38, 39, 40, 41, 42, 43, 44, 45, 46, 47, 48, 49, 50, 51, 52, 53, 54, 55, 56, 57, 58, 59, 60, 62, 63, 64, 65, 68, 69, 70, 72, 73, 74, 75, 80, 82, 83, 84, 85, 86, 87, 88, 89, 90, 91, 92, 93, 94, 95, 96, 97, 98, 99, 100, 101, 102, 103, 104, 105, 106}
Added 12 singletons
added:  {66, 67, 4, 5, 76, 77, 14, 15, 78, 81, 79, 25}
chunks ... [0, 5000, 10000, 15000, 20000]
num codes: 251
num codes with support 0: 0
chunks ... [0, 5000, 10000, 15000, 20000]
database_size: 1121134.3614105296
codetable_size: 7127.240383163465
complete: 1128261.6017936931
Partition ratio: 0.8216678952535496
current singletons: {2, 3, 4, 5, 6, 7, 8, 9, 10, 12, 13, 14, 15, 17, 18, 19, 20, 22, 23, 24, 26, 27, 28, 29, 30, 34, 35, 37, 38, 39, 40, 41, 42, 43, 44, 45, 47, 48, 49, 50, 53, 54, 55, 56, 57, 58, 59, 60, 62, 63, 64, 65, 70, 73, 74, 75, 76, 77, 78, 79, 80, 83, 86, 91, 94, 96, 99, 100, 102, 105}
Added 32 singletons
added:  {1, 11, 16, 25, 31, 32, 33, 46, 51, 52, 66, 67, 68, 69, 72, 81, 82, 84, 85, 87, 88, 89, 90, 92, 93, 95, 97, 98, 101, 103, 104, 106}
chunks ... [0, 5000, 10000, 15000, 20000]
num codes: 264
num codes with support 0: 0
chunks ... [0, 5000, 10000, 15000, 20000]
database_size: 1114122.6077128616
codetable_size: 5920.344575769134
complete: 1120042.9522886307
Partition ratio: 0.8156825808283173
current singletons: {2, 3, 4, 5, 6, 7, 8, 9, 10, 11, 12, 13, 14, 15, 17, 18, 19, 20, 22, 23, 24, 25, 26, 27, 28, 29, 30, 31, 32, 37, 38, 39, 40, 44, 45, 46, 47, 48, 49, 50, 51, 52, 56, 57, 58, 59, 60, 62, 63, 65, 68, 69, 70, 72, 73, 74, 75, 78, 79, 80, 90, 92}
Added 40 singletons
added:  {1, 16, 33, 34, 35, 41, 42, 43, 53, 54, 55, 64, 66, 67, 76, 77, 81, 82, 83, 84, 85, 86, 87, 88, 89, 91, 93, 94, 95, 96, 97, 98, 99, 100, 101, 102, 103, 104, 105, 106}
chunks ... [0, 5000, 10000, 15000, 20000]
num codes: 200
num codes with support 0: 0
chunks ... [0, 5000, 10000, 15000, 20000]
database_size: 1184625.7812834692
codetable_size: 4220.460049276685
complete: 1188846.2413327459
Partition ratio: 0.8657892702747398
current singletons: {4, 5, 6, 7, 8, 9, 10, 14, 15, 18, 19, 20, 24, 25, 26, 27, 28, 29, 30, 31, 32, 33, 34, 35, 37, 38, 39, 40, 41, 42, 43, 44, 45, 46, 47, 48, 49, 50, 51, 52, 53, 54, 55, 56, 57, 58, 59, 60, 62, 63, 64, 65, 66, 67, 68, 69, 70, 72, 73, 74, 75, 76, 77, 78, 79, 80, 81, 82, 83, 84, 85, 86, 87, 88, 89, 90, 91, 92, 93, 94, 95, 96, 98, 99, 100, 101, 102, 103, 104, 105, 106}
Added 11 singletons
added:  {97, 1, 3, 2, 11, 12, 13, 16, 17, 22, 23}
chunks ... [0, 5000, 10000, 15000, 20000]
num codes: 380
num codes with support 0: 0
chunks ... [0, 5000, 10000, 15000, 20000]
database_size: 806476.9700978163
codetable_size: 8464.85746468318
complete: 814941.8275624994
Partition ratio: 0.5934896083876485
current singletons: {2, 3, 4, 5, 6, 7, 8, 9, 12, 13, 14, 15, 17, 18, 19, 20, 23, 24, 25, 27, 28, 29, 30, 31, 32, 33, 34, 35, 37, 38, 39, 40, 41, 42, 43, 44, 45, 46, 47, 48, 49, 50, 51, 52, 53, 54, 55, 56, 57, 58, 59, 60, 62, 63, 64, 65, 67, 68, 69, 70, 72, 73, 74, 75, 78, 79, 80, 81, 82, 83, 84, 85, 87, 88, 89, 90, 91, 92, 93, 94, 95, 96, 97, 98, 99, 100, 101, 104, 106}
Added 13 singletons
added:  {1, 66, 102, 103, 105, 10, 11, 76, 77, 16, 86, 22, 26}
chunks ... [0, 5000, 10000, 15000, 20000]
num codes: 372
num codes with support 0: 0
chunks ... [0, 5000, 10000, 15000, 20000]
database_size: 864526.295771785
codetable_size: 8641.851961448077
complete: 873168.147733233
Partition ratio: 0.6358935135342798
current singletons: {4, 5, 6, 7, 8, 9, 10, 14, 15, 18, 19, 20, 23, 24, 25, 26, 27, 28, 29, 30, 34, 35, 37, 38, 39, 40, 41, 42, 43, 44, 45, 46, 47, 48, 49, 50, 52, 54, 55, 56, 57, 58, 59, 60, 62, 63, 64, 65, 69, 70, 72, 73, 74, 75, 77, 78, 79, 80, 88, 91, 93, 94, 100, 101, 102, 103, 105}
Added 35 singletons
added:  {1, 2, 3, 11, 12, 13, 16, 17, 22, 31, 32, 33, 51, 53, 66, 67, 68, 76, 81, 82, 83, 84, 85, 86, 87, 89, 90, 92, 95, 96, 97, 98, 99, 104, 106}
chunks ... [0, 5000, 10000, 15000, 20000]
num codes: 254
num codes with support 0: 0
chunks ... [0, 5000, 10000, 15000, 20000]
database_size: 1026325.5579281991
codetable_size: 5186.366860720089
complete: 1031511.9247889192
Partition ratio: 0.7512089668059345
current singletons: {4, 5, 6, 7, 8, 9, 10, 14, 15, 19, 20, 23, 24, 25, 27, 28, 29, 30, 31, 32, 33, 34, 35, 37, 38, 39, 40, 41, 42, 43, 44, 45, 46, 47, 48, 49, 50, 52, 53, 54, 55, 56, 57, 58, 59, 60, 62, 63, 64, 65, 66, 67, 68, 69, 70, 72, 73, 74, 75, 76, 77, 78, 79, 80, 81, 82, 83, 84, 85, 86, 87, 88, 89, 90, 91, 92, 93, 94, 95, 96, 97, 98, 99, 100, 101, 102, 103, 104, 105, 106}
Added 12 singletons
added:  {1, 2, 3, 11, 12, 13, 16, 17, 18, 51, 22, 26}
chunks ... [0, 5000, 10000, 15000, 20000]
num codes: 371
num codes with support 0: 0
chunks ... [0, 5000, 10000, 15000, 20000]
database_size: 827460.9362228358
codetable_size: 9175.057739903166
complete: 836635.993962739
Partition ratio: 0.6092886039548349
current singletons: {2, 3, 4, 6, 7, 8, 11, 12, 13, 14, 16, 17, 18, 19, 20, 22, 23, 24, 27, 28, 29, 30, 32, 33, 34, 35, 37, 38, 39, 40, 41, 42, 43, 44, 45, 46, 47, 48, 49, 50, 52, 53, 54, 55, 56, 57, 58, 59, 60, 62, 63, 64, 65, 67, 68, 69, 70, 72, 73, 74, 75, 78, 79, 80, 82, 83, 84, 85, 87, 88, 91, 93, 94, 95, 97, 98, 99, 100, 101, 102, 103, 104, 106}
Added 19 singletons
added:  {1, 5, 9, 10, 15, 25, 26, 31, 51, 66, 76, 77, 81, 86, 89, 90, 92, 96, 105}
chunks ... [0, 5000, 10000, 15000, 20000]
num codes: 303
num codes with support 0: 0
chunks ... [0, 5000, 10000, 15000, 20000]
database_size: 962053.3298429023
codetable_size: 6736.6822561364415
complete: 968790.0120990387
Partition ratio: 0.7055311010483487
current singletons: {2, 3, 4, 5, 6, 7, 8, 9, 10, 12, 13, 14, 15, 19, 20, 23, 24, 25, 26, 27, 28, 29, 30, 31, 32, 33, 34, 35, 37, 38, 39, 40, 41, 42, 43, 44, 45, 46, 47, 48, 49, 50, 51, 52, 53, 54, 55, 56, 57, 58, 59, 60, 62, 63, 64, 65, 67, 68, 69, 70, 73, 74, 75, 76, 77, 78, 79, 80, 81, 82, 83, 84, 85, 86, 87, 88, 89, 90, 91, 92, 94, 95, 96, 97, 98, 99, 100, 101, 102, 104, 105, 106}
Added 10 singletons
added:  {1, 66, 103, 72, 11, 16, 17, 18, 22, 93}
chunks ... [0, 5000, 10000, 15000, 20000]
num codes: 410
num codes with support 0: 0
chunks ... [0, 5000, 10000, 15000, 20000]
database_size: 802205.1060498175
codetable_size: 9719.599774665408
complete: 811924.705824483
Partition ratio: 0.5912923590402822
current singletons: {3, 4, 5, 6, 7, 8, 9, 10, 13, 14, 15, 18, 19, 20, 24, 25, 27, 28, 29, 30, 31, 32, 33, 34, 35, 37, 38, 39, 40, 41, 42, 43, 44, 45, 46, 47, 48, 49, 50, 51, 52, 53, 54, 55, 57, 58, 59, 60, 62, 63, 64, 65, 66, 67, 68, 69, 70, 72, 73, 74, 75, 76, 77, 78, 79, 80, 81, 84, 87, 88, 89, 90, 91, 92, 93, 94, 97, 98, 99, 104, 106}
Added 21 singletons
added:  {1, 2, 11, 12, 16, 17, 22, 23, 26, 56, 82, 83, 85, 86, 95, 96, 100, 101, 102, 103, 105}
chunks ... [0, 5000, 10000, 15000, 20000]
num codes: 282
num codes with support 0: 0
chunks ... [0, 5000, 10000, 15000, 20000]
database_size: 1020587.923598193
codetable_size: 5799.229769899769
complete: 1026387.1533680927
Partition ratio: 0.7474768003116466
current singletons: {3, 4, 5, 6, 7, 8, 9, 10, 13, 14, 15, 19, 20, 24, 25, 28, 29, 30, 31, 32, 33, 34, 35, 37, 38, 39, 40, 41, 42, 43, 44, 45, 46, 47, 48, 49, 50, 51, 52, 53, 54, 55, 56, 57, 58, 59, 60, 62, 63, 64, 65, 66, 67, 68, 69, 70, 72, 73, 74, 75, 76, 77, 78, 79, 80, 81, 82, 84, 85, 86, 87, 88, 89, 90, 91, 92, 93, 94, 95, 96, 97, 98, 99, 100, 104, 106}
Added 16 singletons
added:  {1, 2, 101, 102, 103, 105, 11, 12, 16, 17, 18, 83, 22, 23, 26, 27}
chunks ... [0, 5000, 10000, 15000, 20000]
num codes: 411
num codes with support 0: 0
chunks ... [0, 5000, 10000, 15000, 20000]
database_size: 798202.9711177954
codetable_size: 9043.469752661053
complete: 807246.4408704565
Partition ratio: 0.5878853653855285
current singletons: {2, 3, 4, 5, 6, 7, 8, 9, 10, 12, 13, 14, 15, 16, 17, 18, 19, 20, 22, 23, 24, 28, 29, 30, 31, 32, 33, 34, 37, 38, 39, 40, 41, 42, 43, 45, 46, 47, 48, 49, 50, 51, 52, 59, 60, 63, 64, 65, 66, 67, 68, 69, 72, 73, 74, 75, 78, 79, 80, 81, 92}
Added 41 singletons
added:  {1, 11, 25, 26, 27, 35, 44, 53, 54, 55, 56, 57, 58, 62, 70, 76, 77, 82, 83, 84, 85, 86, 87, 88, 89, 90, 91, 93, 94, 95, 96, 97, 98, 99, 100, 101, 102, 103, 104, 105, 106}
chunks ... [0, 5000, 10000, 15000, 20000]
num codes: 196
num codes with support 0: 0
chunks ... [0, 5000, 10000, 15000, 20000]
database_size: 1215659.7738925382
codetable_size: 3644.8146956216865
complete: 1219304.5885881598
Partition ratio: 0.8879708689770893
initial ratio: 0.5878853653855285
merged: {14}
merged: {14}
to_process: {0, 1, 2, 3, 4, 5, 6, 7, 8, 9, 10, 11, 12, 13, 15}
[(0, 0.21103124304486803), (1, 0.1329849344898096), (2, 0.24060032389022612), (3, 0.13425900858426454), (4, 0.13621351152176756), (5, 0.11064875257416668), (6, 0.0904054715015582), (7, 0.34420324218989246), (8, 0.2304894260526981), (9, 0.18094198036466658), (10, 0.3674702048187834), (11, 0.16296318662370538), (12, 0.28908998552584597), (13, 0.20125162357038107), (15, 0.0897092822934198)]
next_candidate: 15
chunks ... [0, 5000, 10000, 15000, 20000]
chunks ... [0, 5000, 10000, 15000, 20000]
database_size: 774324.7702309804
codetable_size: 11748.728371678399
complete: 786073.4986026587
current_ratio: 0.5878853653855285 --- candidate_ratio:0.5724659565517539
!!!!! ********* merge accepted ... 
merged: {14, 15}
to_process: {0, 1, 2, 3, 4, 5, 6, 7, 8, 9, 10, 11, 12, 13}
[(0, 0.21938401196753476), (1, 0.13351401968310558), (2, 0.22576928769462515), (3, 0.14489992264738563), (4, 0.13934405552291748), (5, 0.12202571395636135), (6, 0.10622031307076882), (7, 0.3164426904026408), (8, 0.23177242623074962), (9, 0.16670700677633735), (10, 0.36335892655237106), (11, 0.16446591483600217), (12, 0.28656531994302203), (13, 0.2032874570772075)]
next_candidate: 6
chunks ... [0, 5000, 10000, 15000, 20000]
chunks ... [0, 5000, 10000, 15000, 20000]
database_size: 747204.1938299423
codetable_size: 14802.300894727996
complete: 762006.4947246703
current_ratio: 0.5724659565517539 --- candidate_ratio:0.5549389181503339
!!!!! ********* merge accepted ... 
merged: {6, 14, 15}
to_process: {0, 1, 2, 3, 4, 5, 7, 8, 9, 10, 11, 12, 13}
[(0, 0.20261493122888605), (1, 0.13888042390093058), (2, 0.21363758485607104), (3, 0.1436033494554569), (4, 0.13828039688898425), (5, 0.12663932372324332), (7, 0.28820608502225226), (8, 0.22167185240372014), (9, 0.15029769444787927), (10, 0.34151423291481486), (11, 0.1584472332773541), (12, 0.28209854423113745), (13, 0.1806748779843798)]
next_candidate: 5
chunks ... [0, 5000, 10000, 15000, 20000]
chunks ... [0, 5000, 10000, 15000, 20000]
database_size: 708748.0180335189
codetable_size: 19520.75903501968
complete: 728268.7770685386
current_ratio: 0.5549389181503339 --- candidate_ratio:0.5303690848660126
!!!!! ********* merge accepted ... 
merged: {6, 5, 14, 15}
to_process: {0, 1, 2, 3, 4, 7, 8, 9, 10, 11, 12, 13}
[(0, 0.17845548814548898), (1, 0.1259092047992623), (2, 0.2181877175995187), (3, 0.13613277310906907), (4, 0.1310511515160171), (7, 0.27239699096069375), (8, 0.2239091257364083), (9, 0.14488906515657343), (10, 0.32085930546306063), (11, 0.16293024081910457), (12, 0.27075369565292734), (13, 0.15030580562785395)]
next_candidate: 1
chunks ... [0, 5000, 10000, 15000, 20000]
chunks ... [0, 5000, 10000, 15000, 20000]
database_size: 699403.6239587278
codetable_size: 24178.368604061612
complete: 723581.9925627895
current_ratio: 0.5303690848660126 --- candidate_ratio:0.5269558867617578
!!!!! ********* merge accepted ... 
merged: {1, 5, 6, 14, 15}
to_process: {0, 2, 3, 4, 7, 8, 9, 10, 11, 12, 13}
[(0, 0.15676131675900185), (2, 0.18820802909542123), (3, 0.11672706719588785), (4, 0.12061898387565978), (7, 0.23485361351800882), (8, 0.19890448834826904), (9, 0.12411558267393666), (10, 0.29623038693303483), (11, 0.14287801497688415), (12, 0.24789097509033717), (13, 0.12643311705511145)]
next_candidate: 3
chunks ... [0, 5000, 10000, 15000, 20000]
chunks ... [0, 5000, 10000, 15000, 20000]
database_size: 692823.616620337
codetable_size: 28773.079849606005
complete: 721596.696469943
current_ratio: 0.5269558867617578 --- candidate_ratio:0.5255100748512301
!!!!! ********* merge accepted ... 
merged: {1, 3, 5, 6, 14, 15}
to_process: {0, 2, 4, 7, 8, 9, 10, 11, 12, 13}
[(0, 0.1431905697446615), (2, 0.16896577724337747), (4, 0.10584196616825384), (7, 0.21029358015181102), (8, 0.1754537963293428), (9, 0.11189258481929633), (10, 0.2790979599423817), (11, 0.12544948631170533), (12, 0.22452311243903922), (13, 0.1095412540779638)]
next_candidate: 4
chunks ... [0, 5000, 10000, 15000, 20000]
chunks ... [0, 5000, 10000, 15000, 20000]
database_size: 651055.8580494664
codetable_size: 34343.05460327674
complete: 685398.9126527432
current_ratio: 0.5255100748512301 --- candidate_ratio:0.49914867356394244
!!!!! ********* merge accepted ... 
merged: {1, 3, 4, 5, 6, 14, 15}
to_process: {0, 2, 7, 8, 9, 10, 11, 12, 13}
[(0, 0.12674345411603433), (2, 0.1473548075021036), (7, 0.18389641125153075), (8, 0.15298988288679252), (9, 0.09810970120694373), (10, 0.2538308829429173), (11, 0.11201310033554597), (12, 0.19618317726575837), (13, 0.09518543001952583)]
next_candidate: 13
chunks ... [0, 5000, 10000, 15000, 20000]
chunks ... [0, 5000, 10000, 15000, 20000]
database_size: 655895.1464842301
codetable_size: 39054.870406903145
complete: 694950.0168911332
current_ratio: 0.49914867356394244 --- candidate_ratio:0.5061043615927017
!!!!! ********* merge rejected ... 
merged: {1, 3, 4, 5, 6, 14, 15}
to_process: {0, 2, 7, 8, 9, 10, 11, 12}
[(0, 0.12674345411603433), (2, 0.1473548075021036), (7, 0.18389641125153075), (8, 0.15298988288679252), (9, 0.09810970120694373), (10, 0.2538308829429173), (11, 0.11201310033554597), (12, 0.19618317726575837)]
next_candidate: 9
chunks ... [0, 5000, 10000, 15000, 20000]
chunks ... [0, 5000, 10000, 15000, 20000]
database_size: 649631.3617446974
codetable_size: 38476.11053474304
complete: 688107.4722794405
current_ratio: 0.49914867356394244 --- candidate_ratio:0.5011212094404617
!!!!! ********* merge rejected ... 
merged: {1, 3, 4, 5, 6, 14, 15}
to_process: {0, 2, 7, 8, 10, 11, 12}
[(0, 0.12674345411603433), (2, 0.1473548075021036), (7, 0.18389641125153075), (8, 0.15298988288679252), (10, 0.2538308829429173), (11, 0.11201310033554597), (12, 0.19618317726575837)]
next_candidate: 11
chunks ... [0, 5000, 10000, 15000, 20000]
chunks ... [0, 5000, 10000, 15000, 20000]
database_size: 637802.6543286376
codetable_size: 39760.175104052076
complete: 677562.8294326897
current_ratio: 0.49914867356394244 --- candidate_ratio:0.4934419668957221
!!!!! ********* merge accepted ... 
merged: {1, 3, 4, 5, 6, 11, 14, 15}
to_process: {0, 2, 7, 8, 10, 12}
[(0, 0.1107790684767642), (2, 0.12719087309467272), (7, 0.15990587732084716), (8, 0.13330373050462457), (10, 0.22574494322705915), (12, 0.17098384835408623)]
next_candidate: 0
chunks ... [0, 5000, 10000, 15000, 20000]
chunks ... [0, 5000, 10000, 15000, 20000]
database_size: 621285.015352545
codetable_size: 45574.403775749626
complete: 666859.4191282946
current_ratio: 0.4934419668957221 --- candidate_ratio:0.4856471003480474
!!!!! ********* merge accepted ... 
merged: {0, 1, 3, 4, 5, 6, 11, 14, 15}
to_process: {2, 7, 8, 10, 12}
[(2, 0.1097334904442043), (7, 0.13897521020264608), (8, 0.11497288769331046), (10, 0.19871475356536994), (12, 0.14746438489590713)]
next_candidate: 2
chunks ... [0, 5000, 10000, 15000, 20000]
chunks ... [0, 5000, 10000, 15000, 20000]
database_size: 609730.5169493804
codetable_size: 51219.81033506105
complete: 660950.3272844414
current_ratio: 0.4856471003480474 --- candidate_ratio:0.4813437445921839
!!!!! ********* merge accepted ... 
merged: {0, 1, 2, 3, 4, 5, 6, 11, 14, 15}
to_process: {7, 8, 10, 12}
[(7, 0.12115445072621381), (8, 0.09951157801568276), (10, 0.17246583948340957), (12, 0.1277897642677769)]
next_candidate: 8
chunks ... [0, 5000, 10000, 15000, 20000]
chunks ... [0, 5000, 10000, 15000, 20000]
database_size: 584647.2013292946
codetable_size: 58375.64404981963
complete: 643022.8453791143
current_ratio: 0.4813437445921839 --- candidate_ratio:0.4682878750128877
!!!!! ********* merge accepted ... 
merged: {0, 1, 2, 3, 4, 5, 6, 8, 11, 14, 15}
to_process: {7, 10, 12}
[(7, 0.10476036392754028), (10, 0.15015087930440688), (12, 0.11157065266127458)]
next_candidate: 7
chunks ... [0, 5000, 10000, 15000, 20000]
chunks ... [0, 5000, 10000, 15000, 20000]
database_size: 572668.3593019599
codetable_size: 65368.462432070985
complete: 638036.8217340308
current_ratio: 0.4682878750128877 --- candidate_ratio:0.464656752986199
!!!!! ********* merge accepted ... 
merged: {0, 1, 2, 3, 4, 5, 6, 7, 8, 11, 14, 15}
to_process: {10, 12}
[(10, 0.1276647028050414), (12, 0.09505043451876893)]
next_candidate: 12
chunks ... [0, 5000, 10000, 15000, 20000]
chunks ... [0, 5000, 10000, 15000, 20000]
database_size: 551885.7267105494
codetable_size: 72343.6161583914
complete: 624229.3428689409
current_ratio: 0.464656752986199 --- candidate_ratio:0.4546013171902808
!!!!! ********* merge accepted ... 
merged: {0, 1, 2, 3, 4, 5, 6, 7, 8, 11, 12, 14, 15}
to_process: {10}
[(10, 0.11015209888650376)]
next_candidate: 10
chunks ... [0, 5000, 10000, 15000, 20000]
chunks ... [0, 5000, 10000, 15000, 20000]
database_size: 546175.3463411736
codetable_size: 79271.20364137288
complete: 625446.5499825465
current_ratio: 0.4546013171902808 --- candidate_ratio:0.45548776055193907
!!!!! ********* merge rejected ... 
merged table size: 2549
chunks ... [0, 5000, 10000, 15000, 20000]
chunks ... [0, 5000, 10000, 15000, 20000]
merged table size without non-used codes: 2441
database_size: 551885.7267105494
codetable_size: 72343.6161583914
complete: 624229.3428689409
database_size: 1372600.4814621517
codetable_size: 535.3174551653476
complete: 1373135.798917317
merged size: 624229.3428689409
sct size: 1373135.798917317
merged ratio: 0.4546013171902808
time elapsed: 114.37233972549438
