
-- MERGING METHOD naive
processing batch_results/200d-5-10-neg15/batch-1/pendigits_transaction_k_means_200d_k4_FalseNorm_trans_clust_0_k4...
chunks ... [0, 692, 1384, 2076, 2769]
num codes: 506
num codes with support 0: 0
chunks ... [0, 692, 1384, 2076, 2769]
num codes with usage 0: 47
database_size: 59878.53727895339
codetable_size: 10781.10047474471
complete: 70659.6377536981
database_size: 183975.86294637367
codetable_size: 474.55216837214135
complete: 184450.41511474582
Partition 0 ratio: 0.383082020768243
processing batch_results/200d-5-10-neg15/batch-1/pendigits_transaction_k_means_200d_k4_FalseNorm_trans_clust_1_k4...
chunks ... [0, 543, 1086, 1629, 2174]
num codes: 345
num codes with support 0: 0
chunks ... [0, 543, 1086, 1629, 2174]
num codes with usage 0: 18
database_size: 36841.984422242975
codetable_size: 8130.383633027172
complete: 44972.36805527015
database_size: 138661.10018107618
codetable_size: 436.9234150591328
complete: 139098.02359613532
Partition 1 ratio: 0.3233142131900115
processing batch_results/200d-5-10-neg15/batch-1/pendigits_transaction_k_means_200d_k4_FalseNorm_trans_clust_2_k4...
chunks ... [0, 627, 1254, 1881, 2511]
num codes: 466
num codes with support 0: 0
chunks ... [0, 627, 1254, 1881, 2511]
num codes with usage 0: 33
database_size: 53462.87256126294
codetable_size: 10511.583161387452
complete: 63974.4557226504
database_size: 166774.86240016992
codetable_size: 444.9535316024677
complete: 167219.81593177238
Partition 2 ratio: 0.3825770012134968
processing batch_results/200d-5-10-neg15/batch-1/pendigits_transaction_k_means_200d_k4_FalseNorm_trans_clust_3_k4...
chunks ... [0, 884, 1768, 2652, 3538]
num codes: 591
num codes with support 0: 0
chunks ... [0, 884, 1768, 2652, 3538]
num codes with usage 0: 48
database_size: 84314.45619699752
codetable_size: 13694.462028615208
complete: 98008.91822561272
database_size: 239235.97815593932
codetable_size: 433.7608877597403
complete: 239669.73904369905
Partition 3 ratio: 0.4089332204252233
number of codetables: 4
size: 506
size: 345
size: 466
size: 591
merged table size: 1655
chunks ... [0, 2748, 5496, 8244, 10992]
chunks ... [0, 2748, 5496, 8244, 10992]
merged table size without non-used codes: 1636
database_size: 295295.23577533924
codetable_size: 45321.54218269202
complete: 340616.7779580313
database_size: 790738.936801035
codetable_size: 411.51868678919095
complete: 791150.4554878242
merged size: 340616.7779580313
sct size: 791150.4554878242
merged ratio: 0.4305335042093942
time elapsed: 4.93188214302063
-- MERGING METHOD naive_plus
processing batch_results/200d-5-10-neg15/batch-1/pendigits_transaction_k_means_200d_k4_FalseNorm_trans_clust_0_k4...
chunks ... [0, 692, 1384, 2076, 2769]
num codes: 506
num codes with support 0: 0
chunks ... [0, 692, 1384, 2076, 2769]
num codes with usage 0: 47
database_size: 59878.53727895339
codetable_size: 10781.10047474471
complete: 70659.6377536981
database_size: 183975.86294637367
codetable_size: 474.55216837214135
complete: 184450.41511474582
Partition 0 ratio: 0.383082020768243
processing batch_results/200d-5-10-neg15/batch-1/pendigits_transaction_k_means_200d_k4_FalseNorm_trans_clust_1_k4...
chunks ... [0, 543, 1086, 1629, 2174]
num codes: 345
num codes with support 0: 0
chunks ... [0, 543, 1086, 1629, 2174]
num codes with usage 0: 18
database_size: 36841.984422242975
codetable_size: 8130.383633027172
complete: 44972.36805527015
database_size: 138661.10018107618
codetable_size: 436.9234150591328
complete: 139098.02359613532
Partition 1 ratio: 0.3233142131900115
processing batch_results/200d-5-10-neg15/batch-1/pendigits_transaction_k_means_200d_k4_FalseNorm_trans_clust_2_k4...
chunks ... [0, 627, 1254, 1881, 2511]
num codes: 466
num codes with support 0: 0
chunks ... [0, 627, 1254, 1881, 2511]
num codes with usage 0: 33
database_size: 53462.87256126294
codetable_size: 10511.583161387452
complete: 63974.4557226504
database_size: 166774.86240016992
codetable_size: 444.9535316024677
complete: 167219.81593177238
Partition 2 ratio: 0.3825770012134968
processing batch_results/200d-5-10-neg15/batch-1/pendigits_transaction_k_means_200d_k4_FalseNorm_trans_clust_3_k4...
chunks ... [0, 884, 1768, 2652, 3538]
num codes: 591
num codes with support 0: 0
chunks ... [0, 884, 1768, 2652, 3538]
num codes with usage 0: 48
database_size: 84314.45619699752
codetable_size: 13694.462028615208
complete: 98008.91822561272
database_size: 239235.97815593932
codetable_size: 433.7608877597403
complete: 239669.73904369905
Partition 3 ratio: 0.4089332204252233
number of codetables: 4
size: 506
size: 345
size: 466
size: 591
database_size: 790738.936801035
codetable_size: 411.51868678919095
complete: 791150.4554878242
current singletons: {1, 2, 3, 4, 5, 6, 7, 8, 9, 10, 11, 12, 13, 14, 15, 16, 17, 18, 19, 20, 21, 22, 23, 24, 25, 26, 27, 28, 29, 30, 31, 32, 33, 34, 35, 36, 37, 38, 39, 40, 41, 42, 43, 44, 45, 46, 47, 48, 49, 50, 51, 52, 53, 54, 55, 56, 57, 58, 59, 60, 61, 62, 63, 64, 66, 67, 68, 69, 71, 72, 73, 74, 76, 77, 78, 79, 80, 81, 82, 83, 84, 85, 86, 87, 88, 89}
Added 0 singletons
added:  set()
chunks ... [0, 2748, 5496, 8244, 10992]
num codes: 506
num codes with support 0: 0
chunks ... [0, 2748, 5496, 8244, 10992]
database_size: 491507.8269922473
codetable_size: 11835.26970689013
complete: 503343.0966991374
Partition ratio: 0.6362166553879762
current singletons: {1, 2, 3, 4, 5, 6, 7, 8, 9, 10, 11, 12, 13, 14, 15, 16, 17, 18, 19, 20, 21, 22, 23, 24, 25, 26, 27, 28, 29, 30, 31, 32, 33, 34, 35, 36, 37, 38, 39, 40, 41, 42, 43, 44, 45, 46, 47, 48, 49, 50, 51, 52, 53, 54, 56, 57, 58, 59, 60, 61, 62, 63, 64, 69, 71, 72, 73, 74, 76, 77, 78, 79, 80, 84, 85, 86, 87, 88, 89}
Added 7 singletons
added:  {66, 67, 68, 81, 82, 83, 55}
chunks ... [0, 2748, 5496, 8244, 10992]
num codes: 352
num codes with support 0: 0
chunks ... [0, 2748, 5496, 8244, 10992]
database_size: 596973.5787438406
codetable_size: 9404.375940997095
complete: 606377.9546848377
Partition ratio: 0.7664508697159815
current singletons: {1, 2, 3, 4, 5, 6, 7, 8, 9, 10, 11, 12, 13, 14, 15, 16, 17, 18, 19, 20, 21, 22, 23, 24, 25, 26, 27, 28, 29, 30, 31, 32, 33, 34, 35, 36, 37, 38, 39, 40, 41, 42, 43, 44, 45, 46, 47, 48, 49, 50, 51, 52, 53, 54, 55, 56, 57, 58, 59, 60, 61, 62, 63, 64, 66, 67, 68, 69, 71, 72, 73, 74, 76, 77, 78, 79, 80, 81, 84, 85, 86, 87, 88, 89}
Added 2 singletons
added:  {82, 83}
chunks ... [0, 2748, 5496, 8244, 10992]
num codes: 468
num codes with support 0: 0
chunks ... [0, 2748, 5496, 8244, 10992]
database_size: 512274.7051249426
codetable_size: 11663.757093718414
complete: 523938.462218661
Partition ratio: 0.6622488283794262
current singletons: {1, 2, 3, 4, 5, 6, 7, 8, 9, 10, 11, 12, 13, 14, 15, 16, 17, 18, 19, 20, 21, 22, 23, 24, 25, 26, 27, 28, 29, 30, 31, 32, 33, 34, 35, 38, 39, 40, 41, 42, 43, 44, 45, 46, 47, 48, 49, 50, 51, 52, 53, 54, 55, 56, 57, 58, 59, 60, 61, 62, 63, 64, 66, 67, 68, 69, 71, 72, 73, 74, 76, 77, 78, 79, 80, 81, 82, 83, 84, 85, 87, 88, 89}
Added 3 singletons
added:  {36, 37, 86}
chunks ... [0, 2748, 5496, 8244, 10992]
num codes: 594
num codes with support 0: 0
chunks ... [0, 2748, 5496, 8244, 10992]
database_size: 480373.36854969006
codetable_size: 15010.86465131291
complete: 495384.233201003
Partition ratio: 0.6261567945322721
merged table size: 594
chunks ... [0, 2748, 5496, 8244, 10992]
chunks ... [0, 2748, 5496, 8244, 10992]
merged table size without non-used codes: 568
database_size: 480373.36854969006
codetable_size: 15010.86465131291
complete: 495384.233201003
database_size: 790738.936801035
codetable_size: 411.51868678919095
complete: 791150.4554878242
merged size: 495384.233201003
sct size: 791150.4554878242
merged ratio: 0.6261567945322721
time elapsed: 6.732007741928101
-- MERGING METHOD informed
processing batch_results/200d-5-10-neg15/batch-1/pendigits_transaction_k_means_200d_k4_FalseNorm_trans_clust_0_k4...
chunks ... [0, 692, 1384, 2076, 2769]
num codes: 506
num codes with support 0: 0
chunks ... [0, 692, 1384, 2076, 2769]
num codes with usage 0: 47
database_size: 59878.53727895339
codetable_size: 10781.10047474471
complete: 70659.6377536981
database_size: 183975.86294637367
codetable_size: 474.55216837214135
complete: 184450.41511474582
Partition 0 ratio: 0.383082020768243
processing batch_results/200d-5-10-neg15/batch-1/pendigits_transaction_k_means_200d_k4_FalseNorm_trans_clust_1_k4...
chunks ... [0, 543, 1086, 1629, 2174]
num codes: 345
num codes with support 0: 0
chunks ... [0, 543, 1086, 1629, 2174]
num codes with usage 0: 18
database_size: 36841.984422242975
codetable_size: 8130.383633027172
complete: 44972.36805527015
database_size: 138661.10018107618
codetable_size: 436.9234150591328
complete: 139098.02359613532
Partition 1 ratio: 0.3233142131900115
processing batch_results/200d-5-10-neg15/batch-1/pendigits_transaction_k_means_200d_k4_FalseNorm_trans_clust_2_k4...
chunks ... [0, 627, 1254, 1881, 2511]
num codes: 466
num codes with support 0: 0
chunks ... [0, 627, 1254, 1881, 2511]
num codes with usage 0: 33
database_size: 53462.87256126294
codetable_size: 10511.583161387452
complete: 63974.4557226504
database_size: 166774.86240016992
codetable_size: 444.9535316024677
complete: 167219.81593177238
Partition 2 ratio: 0.3825770012134968
processing batch_results/200d-5-10-neg15/batch-1/pendigits_transaction_k_means_200d_k4_FalseNorm_trans_clust_3_k4...
chunks ... [0, 884, 1768, 2652, 3538]
num codes: 591
num codes with support 0: 0
chunks ... [0, 884, 1768, 2652, 3538]
num codes with usage 0: 48
database_size: 84314.45619699752
codetable_size: 13694.462028615208
complete: 98008.91822561272
database_size: 239235.97815593932
codetable_size: 433.7608877597403
complete: 239669.73904369905
Partition 3 ratio: 0.4089332204252233
number of codetables: 4
size: 506
size: 345
size: 466
size: 591
database_size: 790738.936801035
codetable_size: 411.51868678919095
complete: 791150.4554878242
database_size: 790738.936801035
codetable_size: 411.51868678919095
complete: 791150.4554878242
current singletons: {1, 2, 3, 4, 5, 6, 7, 8, 9, 10, 11, 12, 13, 14, 15, 16, 17, 18, 19, 20, 21, 22, 23, 24, 25, 26, 27, 28, 29, 30, 31, 32, 33, 34, 35, 36, 37, 38, 39, 40, 41, 42, 43, 44, 45, 46, 47, 48, 49, 50, 51, 52, 53, 54, 55, 56, 57, 58, 59, 60, 61, 62, 63, 64, 66, 67, 68, 69, 71, 72, 73, 74, 76, 77, 78, 79, 80, 81, 82, 83, 84, 85, 86, 87, 88, 89}
Added 0 singletons
added:  set()
chunks ... [0, 2748, 5496, 8244, 10992]
num codes: 506
num codes with support 0: 0
chunks ... [0, 2748, 5496, 8244, 10992]
database_size: 491507.8269922473
codetable_size: 11835.26970689013
complete: 503343.0966991374
Partition ratio: 0.6362166553879762
current singletons: {1, 2, 3, 4, 5, 6, 7, 8, 9, 10, 11, 12, 13, 14, 15, 16, 17, 18, 19, 20, 21, 22, 23, 24, 25, 26, 27, 28, 29, 30, 31, 32, 33, 34, 35, 36, 37, 38, 39, 40, 41, 42, 43, 44, 45, 46, 47, 48, 49, 50, 51, 52, 53, 54, 56, 57, 58, 59, 60, 61, 62, 63, 64, 69, 71, 72, 73, 74, 76, 77, 78, 79, 80, 84, 85, 86, 87, 88, 89}
Added 7 singletons
added:  {66, 67, 68, 81, 82, 83, 55}
chunks ... [0, 2748, 5496, 8244, 10992]
num codes: 352
num codes with support 0: 0
chunks ... [0, 2748, 5496, 8244, 10992]
database_size: 596973.5787438406
codetable_size: 9404.375940997095
complete: 606377.9546848377
Partition ratio: 0.7664508697159815
current singletons: {1, 2, 3, 4, 5, 6, 7, 8, 9, 10, 11, 12, 13, 14, 15, 16, 17, 18, 19, 20, 21, 22, 23, 24, 25, 26, 27, 28, 29, 30, 31, 32, 33, 34, 35, 36, 37, 38, 39, 40, 41, 42, 43, 44, 45, 46, 47, 48, 49, 50, 51, 52, 53, 54, 55, 56, 57, 58, 59, 60, 61, 62, 63, 64, 66, 67, 68, 69, 71, 72, 73, 74, 76, 77, 78, 79, 80, 81, 84, 85, 86, 87, 88, 89}
Added 2 singletons
added:  {82, 83}
chunks ... [0, 2748, 5496, 8244, 10992]
num codes: 468
num codes with support 0: 0
chunks ... [0, 2748, 5496, 8244, 10992]
database_size: 512274.7051249426
codetable_size: 11663.757093718414
complete: 523938.462218661
Partition ratio: 0.6622488283794262
current singletons: {1, 2, 3, 4, 5, 6, 7, 8, 9, 10, 11, 12, 13, 14, 15, 16, 17, 18, 19, 20, 21, 22, 23, 24, 25, 26, 27, 28, 29, 30, 31, 32, 33, 34, 35, 38, 39, 40, 41, 42, 43, 44, 45, 46, 47, 48, 49, 50, 51, 52, 53, 54, 55, 56, 57, 58, 59, 60, 61, 62, 63, 64, 66, 67, 68, 69, 71, 72, 73, 74, 76, 77, 78, 79, 80, 81, 82, 83, 84, 85, 87, 88, 89}
Added 3 singletons
added:  {36, 37, 86}
chunks ... [0, 2748, 5496, 8244, 10992]
num codes: 594
num codes with support 0: 0
chunks ... [0, 2748, 5496, 8244, 10992]
database_size: 480373.36854969006
codetable_size: 15010.86465131291
complete: 495384.233201003
Partition ratio: 0.6261567945322721
initial ratio: 0.6261567945322721
merged: {3}
merged: {3}
to_process: {0, 1, 2}
[(0, 0.2545913467803719), (1, 0.21059438526472937), (2, 0.21341219910821746)]
next_candidate: 1
chunks ... [0, 2748, 5496, 8244, 10992]
chunks ... [0, 2748, 5496, 8244, 10992]
database_size: 414229.8934172877
codetable_size: 23738.703588975553
complete: 437968.5970062632
current_ratio: 0.6261567945322721 --- candidate_ratio:0.5535844591484326
!!!!! ********* merge accepted ... 
merged: {1, 3}
to_process: {0, 2}
[(0, 0.2241482906690725), (2, 0.212144805320582)]
next_candidate: 2
chunks ... [0, 2748, 5496, 8244, 10992]
chunks ... [0, 2748, 5496, 8244, 10992]
database_size: 357482.92098109977
codetable_size: 34452.74787005319
complete: 391935.66885115294
current_ratio: 0.5535844591484326 --- candidate_ratio:0.4953996627727213
!!!!! ********* merge accepted ... 
merged: {1, 2, 3}
to_process: {0}
[(0, 0.18780683511570626)]
next_candidate: 0
chunks ... [0, 2748, 5496, 8244, 10992]
chunks ... [0, 2748, 5496, 8244, 10992]
database_size: 295296.85913940123
codetable_size: 45321.276602312624
complete: 340618.13574171386
current_ratio: 0.4953996627727213 --- candidate_ratio:0.4305352204236404
!!!!! ********* merge accepted ... 
merged table size: 1655
chunks ... [0, 2748, 5496, 8244, 10992]
chunks ... [0, 2748, 5496, 8244, 10992]
merged table size without non-used codes: 1636
database_size: 295296.85913940123
codetable_size: 45321.276602312624
complete: 340618.13574171386
database_size: 790738.936801035
codetable_size: 411.51868678919095
complete: 791150.4554878242
merged size: 340618.13574171386
sct size: 791150.4554878242
merged ratio: 0.4305352204236404
time elapsed: 18.09193754196167
