
-- MERGING METHOD naive
processing batch_results/200d-5-10-neg15/batch-1/pendigits_transaction_k_means_200d_k16_FalseNorm_trans_clust_0_k16...
chunks ... [0, 244, 488, 732, 977]
num codes: 243
num codes with support 0: 0
chunks ... [0, 244, 488, 732, 977]
num codes with usage 0: 47
database_size: 17931.441994599558
codetable_size: 4167.159943762417
complete: 22098.601938361975
database_size: 59322.51174654535
codetable_size: 356.92543658548067
complete: 59679.43718313083
Partition 0 ratio: 0.37028837705943435
processing batch_results/200d-5-10-neg15/batch-1/pendigits_transaction_k_means_200d_k16_FalseNorm_trans_clust_1_k16...
chunks ... [0, 136, 272, 408, 544]
num codes: 158
num codes with support 0: 0
chunks ... [0, 136, 272, 408, 544]
num codes with usage 0: 36
database_size: 7465.70739848593
codetable_size: 2657.6976793873555
complete: 10123.405077873285
database_size: 31559.63848114452
codetable_size: 360.0697468808797
complete: 31919.7082280254
Partition 1 ratio: 0.3171521808894534
processing batch_results/200d-5-10-neg15/batch-1/pendigits_transaction_k_means_200d_k16_FalseNorm_trans_clust_2_k16...
chunks ... [0, 134, 268, 402, 538]
num codes: 149
num codes with support 0: 0
chunks ... [0, 134, 268, 402, 538]
num codes with usage 0: 35
database_size: 7157.376703856443
codetable_size: 2350.5427218818954
complete: 9507.919425738339
database_size: 30900.049659716467
codetable_size: 340.3099790492562
complete: 31240.359638765724
Partition 2 ratio: 0.3043473101999791
processing batch_results/200d-5-10-neg15/batch-1/pendigits_transaction_k_means_200d_k16_FalseNorm_trans_clust_3_k16...
chunks ... [0, 208, 416, 624, 835]
num codes: 201
num codes with support 0: 0
chunks ... [0, 208, 416, 624, 835]
num codes with usage 0: 40
database_size: 12123.12433051099
codetable_size: 3354.058186231296
complete: 15477.182516742285
database_size: 49873.52626143138
codetable_size: 413.3755119340762
complete: 50286.90177336546
Partition 3 ratio: 0.30777761148410615
processing batch_results/200d-5-10-neg15/batch-1/pendigits_transaction_k_means_200d_k16_FalseNorm_trans_clust_4_k16...
chunks ... [0, 176, 352, 528, 706]
num codes: 256
num codes with support 0: 0
chunks ... [0, 176, 352, 528, 706]
num codes with usage 0: 31
database_size: 17075.515029616166
codetable_size: 4452.869345678519
complete: 21528.384375294685
database_size: 46117.24320691572
codetable_size: 405.27611805044756
complete: 46522.51932496617
Partition 4 ratio: 0.46275190354408735
processing batch_results/200d-5-10-neg15/batch-1/pendigits_transaction_k_means_200d_k16_FalseNorm_trans_clust_5_k16...
chunks ... [0, 153, 306, 459, 612]
num codes: 261
num codes with support 0: 0
chunks ... [0, 153, 306, 459, 612]
num codes with usage 0: 38
database_size: 14834.061187156085
codetable_size: 4471.966580598138
complete: 19306.02776775422
database_size: 39720.92452386795
codetable_size: 434.5954789772872
complete: 40155.52000284524
Partition 5 ratio: 0.48078141601419394
processing batch_results/200d-5-10-neg15/batch-1/pendigits_transaction_k_means_200d_k16_FalseNorm_trans_clust_6_k16...
chunks ... [0, 223, 446, 669, 895]
num codes: 258
num codes with support 0: 0
chunks ... [0, 223, 446, 669, 895]
num codes with usage 0: 55
database_size: 18167.527407997222
codetable_size: 4130.0345615936
complete: 22297.561969590824
database_size: 55718.0219504895
codetable_size: 393.55543868984194
complete: 56111.57738917934
Partition 6 ratio: 0.39737899034523894
processing batch_results/200d-5-10-neg15/batch-1/pendigits_transaction_k_means_200d_k16_FalseNorm_trans_clust_7_k16...
chunks ... [0, 232, 464, 696, 931]
num codes: 297
num codes with support 0: 0
chunks ... [0, 232, 464, 696, 931]
num codes with usage 0: 20
database_size: 24067.329070890297
codetable_size: 5370.049439968758
complete: 29437.378510859053
database_size: 60417.46708471233
codetable_size: 395.7730602066307
complete: 60813.24014491896
Partition 7 ratio: 0.4840619976950627
processing batch_results/200d-5-10-neg15/batch-1/pendigits_transaction_k_means_200d_k16_FalseNorm_trans_clust_8_k16...
chunks ... [0, 188, 376, 564, 753]
num codes: 212
num codes with support 0: 0
chunks ... [0, 188, 376, 564, 753]
num codes with usage 0: 53
database_size: 11059.28150648342
codetable_size: 3522.0143579390856
complete: 14581.295864422505
database_size: 44409.05891106235
codetable_size: 360.3682288333871
complete: 44769.427139895735
Partition 8 ratio: 0.32569761991501023
processing batch_results/200d-5-10-neg15/batch-1/pendigits_transaction_k_means_200d_k16_FalseNorm_trans_clust_9_k16...
chunks ... [0, 154, 308, 462, 619]
num codes: 252
num codes with support 0: 0
chunks ... [0, 154, 308, 462, 619]
num codes with usage 0: 35
database_size: 14416.081546886426
codetable_size: 4082.665837768652
complete: 18498.74738465508
database_size: 39567.81233142699
codetable_size: 413.0029528265999
complete: 39980.81528425359
Partition 9 ratio: 0.462690599307033
processing batch_results/200d-5-10-neg15/batch-1/pendigits_transaction_k_means_200d_k16_FalseNorm_trans_clust_10_k16...
chunks ... [0, 117, 234, 351, 470]
num codes: 171
num codes with support 0: 0
chunks ... [0, 117, 234, 351, 470]
num codes with usage 0: 32
database_size: 8695.29767990686
codetable_size: 2637.348180581069
complete: 11332.64586048793
database_size: 28310.050784016425
codetable_size: 379.60908400093444
complete: 28689.65986801736
Partition 10 ratio: 0.3950080242366808
processing batch_results/200d-5-10-neg15/batch-1/pendigits_transaction_k_means_200d_k16_FalseNorm_trans_clust_11_k16...
chunks ... [0, 265, 530, 795, 1063]
num codes: 243
num codes with support 0: 0
chunks ... [0, 265, 530, 795, 1063]
num codes with usage 0: 49
database_size: 18025.812478116215
codetable_size: 4188.185925062564
complete: 22213.99840317878
database_size: 64387.60013503295
codetable_size: 350.7456053156008
complete: 64738.34574034855
Partition 11 ratio: 0.3431350948057014
processing batch_results/200d-5-10-neg15/batch-1/pendigits_transaction_k_means_200d_k16_FalseNorm_trans_clust_12_k16...
chunks ... [0, 142, 284, 426, 571]
num codes: 153
num codes with support 0: 0
chunks ... [0, 142, 284, 426, 571]
num codes with usage 0: 41
database_size: 8162.054287423119
codetable_size: 2229.815119219213
complete: 10391.869406642332
database_size: 32967.46460267865
codetable_size: 266.94301245258123
complete: 33234.40761513123
Partition 12 ratio: 0.3126840570466807
processing batch_results/200d-5-10-neg15/batch-1/pendigits_transaction_k_means_200d_k16_FalseNorm_trans_clust_13_k16...
chunks ... [0, 100, 200, 300, 401]
num codes: 186
num codes with support 0: 0
chunks ... [0, 100, 200, 300, 401]
num codes with usage 0: 29
database_size: 8435.807916798352
codetable_size: 2746.7932064843767
complete: 11182.60112328273
database_size: 24634.1025440876
codetable_size: 370.3084124056967
complete: 25004.410956493295
Partition 13 ratio: 0.44722513730637453
processing batch_results/200d-5-10-neg15/batch-1/pendigits_transaction_k_means_200d_k16_FalseNorm_trans_clust_14_k16...
chunks ... [0, 106, 212, 318, 426]
num codes: 166
num codes with support 0: 0
chunks ... [0, 106, 212, 318, 426]
num codes with usage 0: 46
database_size: 6887.354259168355
codetable_size: 2337.2906092539265
complete: 9224.644868422281
database_size: 25123.09182397977
codetable_size: 300.40050863149776
complete: 25423.492332611266
Partition 14 ratio: 0.3628394064724786
processing batch_results/200d-5-10-neg15/batch-1/pendigits_transaction_k_means_200d_k16_FalseNorm_trans_clust_15_k16...
chunks ... [0, 162, 324, 486, 651]
num codes: 175
num codes with support 0: 0
chunks ... [0, 162, 324, 486, 651]
num codes with usage 0: 36
database_size: 9865.892372033586
codetable_size: 2815.635268310149
complete: 12681.527640343735
database_size: 38301.52108081372
codetable_size: 330.63256755753304
complete: 38632.153648371255
Partition 15 ratio: 0.32826354325908497
number of codetables: 16
size: 243
size: 158
size: 149
size: 201
size: 256
size: 261
size: 258
size: 297
size: 212
size: 252
size: 171
size: 243
size: 153
size: 186
size: 166
size: 175
merged table size: 2183
chunks ... [0, 2748, 5496, 8244, 10992]
chunks ... [0, 2748, 5496, 8244, 10992]
merged table size without non-used codes: 2138
database_size: 312090.59998519917
codetable_size: 57469.95873024864
complete: 369560.5587154478
database_size: 790738.936801035
codetable_size: 411.51868678919095
complete: 791150.4554878242
merged size: 369560.5587154478
sct size: 791150.4554878242
merged ratio: 0.4671179244756629
time elapsed: 5.553289890289307
-- MERGING METHOD naive_plus
processing batch_results/200d-5-10-neg15/batch-1/pendigits_transaction_k_means_200d_k16_FalseNorm_trans_clust_0_k16...
chunks ... [0, 244, 488, 732, 977]
num codes: 243
num codes with support 0: 0
chunks ... [0, 244, 488, 732, 977]
num codes with usage 0: 47
database_size: 17931.441994599558
codetable_size: 4167.159943762417
complete: 22098.601938361975
database_size: 59322.51174654535
codetable_size: 356.92543658548067
complete: 59679.43718313083
Partition 0 ratio: 0.37028837705943435
processing batch_results/200d-5-10-neg15/batch-1/pendigits_transaction_k_means_200d_k16_FalseNorm_trans_clust_1_k16...
chunks ... [0, 136, 272, 408, 544]
num codes: 158
num codes with support 0: 0
chunks ... [0, 136, 272, 408, 544]
num codes with usage 0: 36
database_size: 7465.70739848593
codetable_size: 2657.6976793873555
complete: 10123.405077873285
database_size: 31559.63848114452
codetable_size: 360.0697468808797
complete: 31919.7082280254
Partition 1 ratio: 0.3171521808894534
processing batch_results/200d-5-10-neg15/batch-1/pendigits_transaction_k_means_200d_k16_FalseNorm_trans_clust_2_k16...
chunks ... [0, 134, 268, 402, 538]
num codes: 149
num codes with support 0: 0
chunks ... [0, 134, 268, 402, 538]
num codes with usage 0: 35
database_size: 7157.376703856443
codetable_size: 2350.5427218818954
complete: 9507.919425738339
database_size: 30900.049659716467
codetable_size: 340.3099790492562
complete: 31240.359638765724
Partition 2 ratio: 0.3043473101999791
processing batch_results/200d-5-10-neg15/batch-1/pendigits_transaction_k_means_200d_k16_FalseNorm_trans_clust_3_k16...
chunks ... [0, 208, 416, 624, 835]
num codes: 201
num codes with support 0: 0
chunks ... [0, 208, 416, 624, 835]
num codes with usage 0: 40
database_size: 12123.12433051099
codetable_size: 3354.058186231296
complete: 15477.182516742285
database_size: 49873.52626143138
codetable_size: 413.3755119340762
complete: 50286.90177336546
Partition 3 ratio: 0.30777761148410615
processing batch_results/200d-5-10-neg15/batch-1/pendigits_transaction_k_means_200d_k16_FalseNorm_trans_clust_4_k16...
chunks ... [0, 176, 352, 528, 706]
num codes: 256
num codes with support 0: 0
chunks ... [0, 176, 352, 528, 706]
num codes with usage 0: 31
database_size: 17075.515029616166
codetable_size: 4452.869345678519
complete: 21528.384375294685
database_size: 46117.24320691572
codetable_size: 405.27611805044756
complete: 46522.51932496617
Partition 4 ratio: 0.46275190354408735
processing batch_results/200d-5-10-neg15/batch-1/pendigits_transaction_k_means_200d_k16_FalseNorm_trans_clust_5_k16...
chunks ... [0, 153, 306, 459, 612]
num codes: 261
num codes with support 0: 0
chunks ... [0, 153, 306, 459, 612]
num codes with usage 0: 38
database_size: 14834.061187156085
codetable_size: 4471.966580598138
complete: 19306.02776775422
database_size: 39720.92452386795
codetable_size: 434.5954789772872
complete: 40155.52000284524
Partition 5 ratio: 0.48078141601419394
processing batch_results/200d-5-10-neg15/batch-1/pendigits_transaction_k_means_200d_k16_FalseNorm_trans_clust_6_k16...
chunks ... [0, 223, 446, 669, 895]
num codes: 258
num codes with support 0: 0
chunks ... [0, 223, 446, 669, 895]
num codes with usage 0: 55
database_size: 18167.527407997222
codetable_size: 4130.0345615936
complete: 22297.561969590824
database_size: 55718.0219504895
codetable_size: 393.55543868984194
complete: 56111.57738917934
Partition 6 ratio: 0.39737899034523894
processing batch_results/200d-5-10-neg15/batch-1/pendigits_transaction_k_means_200d_k16_FalseNorm_trans_clust_7_k16...
chunks ... [0, 232, 464, 696, 931]
num codes: 297
num codes with support 0: 0
chunks ... [0, 232, 464, 696, 931]
num codes with usage 0: 20
database_size: 24067.329070890297
codetable_size: 5370.049439968758
complete: 29437.378510859053
database_size: 60417.46708471233
codetable_size: 395.7730602066307
complete: 60813.24014491896
Partition 7 ratio: 0.4840619976950627
processing batch_results/200d-5-10-neg15/batch-1/pendigits_transaction_k_means_200d_k16_FalseNorm_trans_clust_8_k16...
chunks ... [0, 188, 376, 564, 753]
num codes: 212
num codes with support 0: 0
chunks ... [0, 188, 376, 564, 753]
num codes with usage 0: 53
database_size: 11059.28150648342
codetable_size: 3522.0143579390856
complete: 14581.295864422505
database_size: 44409.05891106235
codetable_size: 360.3682288333871
complete: 44769.427139895735
Partition 8 ratio: 0.32569761991501023
processing batch_results/200d-5-10-neg15/batch-1/pendigits_transaction_k_means_200d_k16_FalseNorm_trans_clust_9_k16...
chunks ... [0, 154, 308, 462, 619]
num codes: 252
num codes with support 0: 0
chunks ... [0, 154, 308, 462, 619]
num codes with usage 0: 35
database_size: 14416.081546886426
codetable_size: 4082.665837768652
complete: 18498.74738465508
database_size: 39567.81233142699
codetable_size: 413.0029528265999
complete: 39980.81528425359
Partition 9 ratio: 0.462690599307033
processing batch_results/200d-5-10-neg15/batch-1/pendigits_transaction_k_means_200d_k16_FalseNorm_trans_clust_10_k16...
chunks ... [0, 117, 234, 351, 470]
num codes: 171
num codes with support 0: 0
chunks ... [0, 117, 234, 351, 470]
num codes with usage 0: 32
database_size: 8695.29767990686
codetable_size: 2637.348180581069
complete: 11332.64586048793
database_size: 28310.050784016425
codetable_size: 379.60908400093444
complete: 28689.65986801736
Partition 10 ratio: 0.3950080242366808
processing batch_results/200d-5-10-neg15/batch-1/pendigits_transaction_k_means_200d_k16_FalseNorm_trans_clust_11_k16...
chunks ... [0, 265, 530, 795, 1063]
num codes: 243
num codes with support 0: 0
chunks ... [0, 265, 530, 795, 1063]
num codes with usage 0: 49
database_size: 18025.812478116215
codetable_size: 4188.185925062564
complete: 22213.99840317878
database_size: 64387.60013503295
codetable_size: 350.7456053156008
complete: 64738.34574034855
Partition 11 ratio: 0.3431350948057014
processing batch_results/200d-5-10-neg15/batch-1/pendigits_transaction_k_means_200d_k16_FalseNorm_trans_clust_12_k16...
chunks ... [0, 142, 284, 426, 571]
num codes: 153
num codes with support 0: 0
chunks ... [0, 142, 284, 426, 571]
num codes with usage 0: 41
database_size: 8162.054287423119
codetable_size: 2229.815119219213
complete: 10391.869406642332
database_size: 32967.46460267865
codetable_size: 266.94301245258123
complete: 33234.40761513123
Partition 12 ratio: 0.3126840570466807
processing batch_results/200d-5-10-neg15/batch-1/pendigits_transaction_k_means_200d_k16_FalseNorm_trans_clust_13_k16...
chunks ... [0, 100, 200, 300, 401]
num codes: 186
num codes with support 0: 0
chunks ... [0, 100, 200, 300, 401]
num codes with usage 0: 29
database_size: 8435.807916798352
codetable_size: 2746.7932064843767
complete: 11182.60112328273
database_size: 24634.1025440876
codetable_size: 370.3084124056967
complete: 25004.410956493295
Partition 13 ratio: 0.44722513730637453
processing batch_results/200d-5-10-neg15/batch-1/pendigits_transaction_k_means_200d_k16_FalseNorm_trans_clust_14_k16...
chunks ... [0, 106, 212, 318, 426]
num codes: 166
num codes with support 0: 0
chunks ... [0, 106, 212, 318, 426]
num codes with usage 0: 46
database_size: 6887.354259168355
codetable_size: 2337.2906092539265
complete: 9224.644868422281
database_size: 25123.09182397977
codetable_size: 300.40050863149776
complete: 25423.492332611266
Partition 14 ratio: 0.3628394064724786
processing batch_results/200d-5-10-neg15/batch-1/pendigits_transaction_k_means_200d_k16_FalseNorm_trans_clust_15_k16...
chunks ... [0, 162, 324, 486, 651]
num codes: 175
num codes with support 0: 0
chunks ... [0, 162, 324, 486, 651]
num codes with usage 0: 36
database_size: 9865.892372033586
codetable_size: 2815.635268310149
complete: 12681.527640343735
database_size: 38301.52108081372
codetable_size: 330.63256755753304
complete: 38632.153648371255
Partition 15 ratio: 0.32826354325908497
number of codetables: 16
size: 243
size: 158
size: 149
size: 201
size: 256
size: 261
size: 258
size: 297
size: 212
size: 252
size: 171
size: 243
size: 153
size: 186
size: 166
size: 175
database_size: 790738.936801035
codetable_size: 411.51868678919095
complete: 791150.4554878242
current singletons: {1, 2, 3, 4, 5, 6, 7, 8, 9, 10, 11, 12, 13, 14, 15, 18, 19, 20, 22, 23, 24, 25, 27, 28, 29, 30, 31, 32, 33, 34, 35, 38, 39, 40, 41, 42, 43, 44, 45, 47, 48, 49, 50, 51, 52, 53, 54, 55, 56, 57, 58, 60, 61, 62, 63, 64, 66, 67, 71, 72, 73, 74, 76, 77, 78, 83, 85, 89}
Added 18 singletons
added:  {68, 36, 69, 37, 88, 46, 79, 16, 81, 82, 80, 84, 21, 17, 87, 86, 26, 59}
chunks ... [0, 2748, 5496, 8244, 10992]
num codes: 261
num codes with support 0: 0
chunks ... [0, 2748, 5496, 8244, 10992]
database_size: 652242.0680752954
codetable_size: 5475.146936156862
complete: 657717.2150114523
Partition ratio: 0.8313427748782667
current singletons: {1, 2, 3, 4, 5, 6, 7, 8, 9, 10, 11, 12, 13, 14, 16, 17, 18, 20, 21, 22, 23, 24, 25, 26, 27, 31, 33, 34, 35, 36, 37, 38, 39, 40, 41, 42, 44, 45, 47, 48, 49, 50, 51, 52, 53, 54, 58, 59, 60, 61, 62, 63, 64, 69, 71, 72, 73, 74, 76, 77, 78, 79, 80, 88, 89}
Added 21 singletons
added:  {15, 19, 28, 29, 30, 32, 43, 46, 55, 56, 57, 66, 67, 68, 81, 82, 83, 84, 85, 86, 87}
chunks ... [0, 2748, 5496, 8244, 10992]
num codes: 179
num codes with support 0: 0
chunks ... [0, 2748, 5496, 8244, 10992]
database_size: 681178.9640102818
codetable_size: 3725.852426768316
complete: 684904.8164370501
Partition ratio: 0.865707415936122
current singletons: {1, 2, 3, 4, 5, 6, 7, 8, 9, 10, 11, 12, 13, 14, 16, 17, 18, 19, 20, 21, 22, 26, 27, 31, 32, 33, 34, 36, 37, 39, 41, 42, 43, 44, 45, 46, 47, 48, 49, 50, 53, 54, 56, 57, 58, 59, 60, 61, 62, 63, 64, 69, 71, 72, 73, 76, 77, 78, 79, 80, 86, 88}
Added 24 singletons
added:  {15, 23, 24, 25, 28, 29, 30, 35, 38, 40, 51, 52, 55, 66, 67, 68, 74, 81, 82, 83, 84, 85, 87, 89}
chunks ... [0, 2748, 5496, 8244, 10992]
num codes: 173
num codes with support 0: 0
chunks ... [0, 2748, 5496, 8244, 10992]
database_size: 691153.6621412901
codetable_size: 3385.947427399354
complete: 694539.6095686895
Partition ratio: 0.8778856218194752
current singletons: {1, 2, 3, 4, 5, 6, 7, 8, 9, 10, 11, 12, 13, 14, 15, 16, 17, 18, 19, 20, 21, 22, 23, 24, 25, 26, 27, 28, 29, 30, 32, 34, 35, 39, 40, 41, 42, 43, 44, 45, 48, 49, 50, 51, 52, 53, 54, 56, 57, 58, 59, 60, 61, 62, 63, 64, 66, 67, 68, 69, 71, 72, 73, 74, 76, 77, 78, 81, 82, 83, 84, 87, 89}
Added 13 singletons
added:  {33, 36, 37, 38, 46, 79, 80, 47, 85, 86, 55, 88, 31}
chunks ... [0, 2748, 5496, 8244, 10992]
num codes: 214
num codes with support 0: 0
chunks ... [0, 2748, 5496, 8244, 10992]
database_size: 648776.8269565426
codetable_size: 4392.845582189278
complete: 653169.6725387318
Partition ratio: 0.8255947626750549
current singletons: {1, 2, 3, 4, 5, 6, 7, 8, 9, 10, 11, 12, 13, 14, 15, 16, 17, 18, 19, 20, 21, 22, 23, 24, 25, 26, 27, 28, 29, 30, 31, 32, 33, 34, 35, 36, 37, 38, 39, 40, 41, 42, 43, 44, 45, 46, 47, 48, 49, 50, 51, 52, 53, 54, 55, 56, 57, 58, 59, 60, 61, 62, 63, 64, 66, 67, 68, 69, 71, 72, 73, 74, 78, 79, 80, 85, 87, 88, 89}
Added 7 singletons
added:  {76, 77, 81, 82, 83, 84, 86}
chunks ... [0, 2748, 5496, 8244, 10992]
num codes: 263
num codes with support 0: 0
chunks ... [0, 2748, 5496, 8244, 10992]
database_size: 598931.2108582743
codetable_size: 5211.616011471668
complete: 604142.826869746
Partition ratio: 0.7636257082064509
current singletons: {1, 2, 3, 4, 5, 6, 7, 8, 9, 10, 11, 12, 13, 14, 15, 16, 17, 18, 19, 20, 21, 22, 23, 24, 25, 27, 28, 29, 30, 31, 32, 33, 34, 35, 37, 38, 39, 40, 41, 42, 43, 44, 45, 46, 47, 48, 49, 50, 51, 52, 53, 54, 55, 56, 57, 58, 60, 61, 62, 63, 64, 66, 67, 68, 71, 72, 73, 74, 76, 77, 78, 79, 80, 81, 82, 83, 84, 85, 86, 87, 88}
Added 5 singletons
added:  {36, 69, 89, 26, 59}
chunks ... [0, 2748, 5496, 8244, 10992]
num codes: 266
num codes with support 0: 0
chunks ... [0, 2748, 5496, 8244, 10992]
database_size: 615641.1706788633
codetable_size: 5388.549270078973
complete: 621029.7199489423
Partition ratio: 0.7849704384812808
current singletons: {1, 2, 3, 4, 5, 6, 7, 8, 9, 10, 11, 12, 13, 14, 15, 18, 19, 20, 22, 23, 24, 25, 27, 28, 29, 30, 31, 32, 33, 34, 35, 36, 37, 38, 39, 40, 41, 42, 43, 44, 45, 46, 47, 48, 50, 51, 53, 54, 55, 56, 57, 58, 60, 61, 62, 63, 64, 66, 67, 68, 69, 71, 72, 73, 74, 76, 77, 78, 79, 81, 82, 87, 88}
Added 13 singletons
added:  {16, 49, 80, 17, 84, 21, 86, 85, 83, 89, 26, 59, 52}
chunks ... [0, 2748, 5496, 8244, 10992]
num codes: 271
num codes with support 0: 0
chunks ... [0, 2748, 5496, 8244, 10992]
database_size: 578571.2932883691
codetable_size: 5232.180845052399
complete: 583803.4741334214
Partition ratio: 0.7379171307857588
current singletons: {1, 2, 3, 4, 5, 6, 7, 8, 9, 10, 11, 12, 13, 14, 15, 16, 17, 18, 19, 20, 21, 22, 23, 24, 25, 27, 28, 29, 30, 31, 32, 33, 34, 35, 38, 39, 40, 41, 42, 43, 44, 45, 46, 47, 48, 49, 50, 51, 52, 53, 54, 55, 56, 57, 58, 59, 60, 61, 62, 63, 64, 66, 67, 71, 72, 73, 74, 76, 77, 78, 81, 83, 85, 86, 88, 89}
Added 10 singletons
added:  {68, 69, 36, 37, 79, 80, 82, 84, 87, 26}
chunks ... [0, 2748, 5496, 8244, 10992]
num codes: 307
num codes with support 0: 0
chunks ... [0, 2748, 5496, 8244, 10992]
database_size: 627700.6574860448
codetable_size: 6341.429291641532
complete: 634042.0867776864
Partition ratio: 0.801417836998824
current singletons: {1, 2, 3, 4, 5, 6, 7, 8, 9, 10, 11, 12, 13, 16, 17, 18, 19, 20, 21, 22, 23, 26, 27, 29, 31, 32, 33, 34, 35, 36, 37, 38, 39, 40, 42, 43, 44, 45, 47, 48, 49, 50, 51, 52, 53, 54, 56, 58, 59, 60, 61, 62, 63, 64, 67, 68, 69, 71, 72, 73, 74, 76, 80, 84, 89}
Added 21 singletons
added:  {14, 15, 24, 25, 28, 30, 41, 46, 55, 57, 66, 77, 78, 79, 81, 82, 83, 85, 86, 87, 88}
chunks ... [0, 2748, 5496, 8244, 10992]
num codes: 233
num codes with support 0: 0
chunks ... [0, 2748, 5496, 8244, 10992]
database_size: 645567.4961931664
codetable_size: 4863.607570406224
complete: 650431.1037635726
Partition ratio: 0.8221332608125924
current singletons: {1, 2, 3, 4, 5, 6, 7, 8, 9, 10, 11, 12, 13, 14, 15, 16, 17, 18, 19, 20, 21, 22, 23, 24, 25, 26, 27, 28, 29, 30, 31, 32, 33, 34, 35, 38, 39, 40, 41, 42, 43, 44, 45, 48, 49, 50, 51, 52, 53, 54, 56, 57, 58, 59, 60, 61, 62, 63, 64, 66, 67, 68, 69, 71, 72, 73, 74, 76, 77, 78, 80, 81, 83, 84, 85, 87, 89}
Added 9 singletons
added:  {36, 37, 46, 79, 47, 82, 86, 55, 88}
chunks ... [0, 2748, 5496, 8244, 10992]
num codes: 261
num codes with support 0: 0
chunks ... [0, 2748, 5496, 8244, 10992]
database_size: 589143.708387428
codetable_size: 4905.310552648485
complete: 594049.0189400765
Partition ratio: 0.7508673158429584
current singletons: {1, 2, 3, 4, 5, 6, 7, 8, 9, 10, 11, 12, 13, 14, 15, 16, 17, 18, 19, 20, 21, 22, 23, 24, 25, 26, 27, 30, 31, 32, 33, 34, 35, 36, 37, 38, 39, 41, 42, 43, 45, 46, 47, 48, 49, 50, 51, 52, 53, 54, 56, 57, 58, 59, 60, 61, 62, 63, 64, 69, 71, 72, 73, 74, 78, 79, 80, 85, 88}
Added 17 singletons
added:  {66, 67, 68, 40, 76, 77, 44, 81, 82, 83, 84, 87, 55, 86, 89, 28, 29}
chunks ... [0, 2748, 5496, 8244, 10992]
num codes: 188
num codes with support 0: 0
chunks ... [0, 2748, 5496, 8244, 10992]
database_size: 692522.2165782094
codetable_size: 3552.3222116467055
complete: 696074.5387898561
Partition ratio: 0.8798257448523567
current singletons: {1, 2, 3, 4, 5, 6, 7, 8, 9, 10, 11, 12, 13, 14, 15, 16, 17, 18, 19, 20, 22, 23, 24, 25, 26, 27, 28, 29, 30, 31, 32, 33, 34, 35, 36, 37, 38, 39, 40, 41, 42, 46, 47, 48, 50, 55, 56, 57, 58, 60, 61, 62, 63, 64, 66, 67, 68, 71, 73, 74, 76, 77, 78, 81, 82, 86}
Added 20 singletons
added:  {21, 43, 44, 45, 49, 51, 52, 53, 54, 59, 69, 72, 79, 80, 83, 84, 85, 87, 88, 89}
chunks ... [0, 2748, 5496, 8244, 10992]
num codes: 263
num codes with support 0: 0
chunks ... [0, 2748, 5496, 8244, 10992]
database_size: 608606.6916068587
codetable_size: 5497.171295085507
complete: 614103.8629019442
Partition ratio: 0.7762162792705304
current singletons: {1, 2, 3, 4, 5, 6, 7, 8, 9, 10, 11, 12, 13, 16, 17, 18, 19, 22, 23, 24, 25, 26, 27, 28, 29, 31, 32, 33, 34, 35, 36, 37, 41, 42, 46, 47, 48, 49, 50, 58, 59, 60, 61, 62, 63, 64, 69, 73, 74, 79, 85, 86, 87}
Added 33 singletons
added:  {14, 15, 20, 21, 30, 38, 39, 40, 43, 44, 45, 51, 52, 53, 54, 55, 56, 57, 66, 67, 68, 71, 72, 76, 77, 78, 80, 81, 82, 83, 84, 88, 89}
chunks ... [0, 2748, 5496, 8244, 10992]
num codes: 186
num codes with support 0: 0
chunks ... [0, 2748, 5496, 8244, 10992]
database_size: 685776.1289548224
codetable_size: 3402.1692075430933
complete: 689178.2981623656
Partition ratio: 0.8711090202652004
current singletons: {1, 2, 3, 4, 5, 6, 7, 8, 9, 10, 11, 12, 13, 14, 15, 17, 18, 19, 20, 21, 22, 23, 26, 27, 28, 29, 31, 32, 33, 34, 35, 36, 37, 38, 39, 40, 41, 42, 43, 44, 45, 46, 47, 48, 49, 50, 51, 52, 53, 54, 56, 57, 58, 59, 60, 61, 62, 63, 64, 67, 68, 69, 71, 72, 73, 74, 76, 81, 84, 86}
Added 16 singletons
added:  {89, 66, 77, 78, 79, 16, 80, 82, 83, 24, 85, 87, 55, 88, 25, 30}
chunks ... [0, 2748, 5496, 8244, 10992]
num codes: 202
num codes with support 0: 0
chunks ... [0, 2748, 5496, 8244, 10992]
database_size: 654785.5728737138
codetable_size: 3606.6217307083043
complete: 658392.1946044221
Partition ratio: 0.832195936989579
current singletons: {1, 4, 5, 6, 7, 8, 9, 10, 11, 12, 13, 14, 15, 17, 18, 19, 20, 21, 22, 23, 24, 27, 28, 29, 30, 31, 32, 37, 38, 39, 40, 41, 42, 46, 47, 48, 50, 51, 52, 53, 54, 55, 56, 60, 61, 62, 63, 64, 66, 67, 68, 69, 71, 72, 73, 76, 77, 78, 86}
Added 27 singletons
added:  {2, 3, 16, 25, 26, 33, 34, 35, 36, 43, 44, 45, 49, 57, 58, 59, 74, 79, 80, 81, 82, 83, 84, 85, 87, 88, 89}
chunks ... [0, 2748, 5496, 8244, 10992]
num codes: 193
num codes with support 0: 0
chunks ... [0, 2748, 5496, 8244, 10992]
database_size: 665717.9760872631
codetable_size: 3530.5981147656626
complete: 669248.5742020288
Partition ratio: 0.8459182062776788
current singletons: {1, 2, 3, 4, 5, 6, 7, 8, 9, 10, 11, 12, 13, 14, 15, 17, 18, 19, 20, 21, 22, 23, 26, 27, 31, 32, 34, 36, 37, 41, 42, 43, 44, 45, 46, 47, 50, 51, 52, 53, 54, 55, 56, 57, 58, 60, 61, 62, 63, 64, 67, 68, 69, 71, 72, 73, 76, 77, 78, 79, 80, 86}
Added 24 singletons
added:  {16, 24, 25, 28, 29, 30, 33, 35, 38, 39, 40, 48, 49, 59, 66, 74, 81, 82, 83, 84, 85, 87, 88, 89}
chunks ... [0, 2748, 5496, 8244, 10992]
num codes: 199
num codes with support 0: 0
chunks ... [0, 2748, 5496, 8244, 10992]
database_size: 665995.1350062708
codetable_size: 3931.655042682029
complete: 669926.7900489529
Partition ratio: 0.8467754589560027
merged table size: 271
chunks ... [0, 2748, 5496, 8244, 10992]
chunks ... [0, 2748, 5496, 8244, 10992]
merged table size without non-used codes: 253
database_size: 578571.2932883691
codetable_size: 5232.180845052399
complete: 583803.4741334214
database_size: 790738.936801035
codetable_size: 411.51868678919095
complete: 791150.4554878242
merged size: 583803.4741334214
sct size: 791150.4554878242
merged ratio: 0.7379171307857588
time elapsed: 10.766869306564331
-- MERGING METHOD informed
processing batch_results/200d-5-10-neg15/batch-1/pendigits_transaction_k_means_200d_k16_FalseNorm_trans_clust_0_k16...
chunks ... [0, 244, 488, 732, 977]
num codes: 243
num codes with support 0: 0
chunks ... [0, 244, 488, 732, 977]
num codes with usage 0: 47
database_size: 17931.441994599558
codetable_size: 4167.159943762417
complete: 22098.601938361975
database_size: 59322.51174654535
codetable_size: 356.92543658548067
complete: 59679.43718313083
Partition 0 ratio: 0.37028837705943435
processing batch_results/200d-5-10-neg15/batch-1/pendigits_transaction_k_means_200d_k16_FalseNorm_trans_clust_1_k16...
chunks ... [0, 136, 272, 408, 544]
num codes: 158
num codes with support 0: 0
chunks ... [0, 136, 272, 408, 544]
num codes with usage 0: 36
database_size: 7465.70739848593
codetable_size: 2657.6976793873555
complete: 10123.405077873285
database_size: 31559.63848114452
codetable_size: 360.0697468808797
complete: 31919.7082280254
Partition 1 ratio: 0.3171521808894534
processing batch_results/200d-5-10-neg15/batch-1/pendigits_transaction_k_means_200d_k16_FalseNorm_trans_clust_2_k16...
chunks ... [0, 134, 268, 402, 538]
num codes: 149
num codes with support 0: 0
chunks ... [0, 134, 268, 402, 538]
num codes with usage 0: 35
database_size: 7157.376703856443
codetable_size: 2350.5427218818954
complete: 9507.919425738339
database_size: 30900.049659716467
codetable_size: 340.3099790492562
complete: 31240.359638765724
Partition 2 ratio: 0.3043473101999791
processing batch_results/200d-5-10-neg15/batch-1/pendigits_transaction_k_means_200d_k16_FalseNorm_trans_clust_3_k16...
chunks ... [0, 208, 416, 624, 835]
num codes: 201
num codes with support 0: 0
chunks ... [0, 208, 416, 624, 835]
num codes with usage 0: 40
database_size: 12123.12433051099
codetable_size: 3354.058186231296
complete: 15477.182516742285
database_size: 49873.52626143138
codetable_size: 413.3755119340762
complete: 50286.90177336546
Partition 3 ratio: 0.30777761148410615
processing batch_results/200d-5-10-neg15/batch-1/pendigits_transaction_k_means_200d_k16_FalseNorm_trans_clust_4_k16...
chunks ... [0, 176, 352, 528, 706]
num codes: 256
num codes with support 0: 0
chunks ... [0, 176, 352, 528, 706]
num codes with usage 0: 31
database_size: 17075.515029616166
codetable_size: 4452.869345678519
complete: 21528.384375294685
database_size: 46117.24320691572
codetable_size: 405.27611805044756
complete: 46522.51932496617
Partition 4 ratio: 0.46275190354408735
processing batch_results/200d-5-10-neg15/batch-1/pendigits_transaction_k_means_200d_k16_FalseNorm_trans_clust_5_k16...
chunks ... [0, 153, 306, 459, 612]
num codes: 261
num codes with support 0: 0
chunks ... [0, 153, 306, 459, 612]
num codes with usage 0: 38
database_size: 14834.061187156085
codetable_size: 4471.966580598138
complete: 19306.02776775422
database_size: 39720.92452386795
codetable_size: 434.5954789772872
complete: 40155.52000284524
Partition 5 ratio: 0.48078141601419394
processing batch_results/200d-5-10-neg15/batch-1/pendigits_transaction_k_means_200d_k16_FalseNorm_trans_clust_6_k16...
chunks ... [0, 223, 446, 669, 895]
num codes: 258
num codes with support 0: 0
chunks ... [0, 223, 446, 669, 895]
num codes with usage 0: 55
database_size: 18167.527407997222
codetable_size: 4130.0345615936
complete: 22297.561969590824
database_size: 55718.0219504895
codetable_size: 393.55543868984194
complete: 56111.57738917934
Partition 6 ratio: 0.39737899034523894
processing batch_results/200d-5-10-neg15/batch-1/pendigits_transaction_k_means_200d_k16_FalseNorm_trans_clust_7_k16...
chunks ... [0, 232, 464, 696, 931]
num codes: 297
num codes with support 0: 0
chunks ... [0, 232, 464, 696, 931]
num codes with usage 0: 20
database_size: 24067.329070890297
codetable_size: 5370.049439968758
complete: 29437.378510859053
database_size: 60417.46708471233
codetable_size: 395.7730602066307
complete: 60813.24014491896
Partition 7 ratio: 0.4840619976950627
processing batch_results/200d-5-10-neg15/batch-1/pendigits_transaction_k_means_200d_k16_FalseNorm_trans_clust_8_k16...
chunks ... [0, 188, 376, 564, 753]
num codes: 212
num codes with support 0: 0
chunks ... [0, 188, 376, 564, 753]
num codes with usage 0: 53
database_size: 11059.28150648342
codetable_size: 3522.0143579390856
complete: 14581.295864422505
database_size: 44409.05891106235
codetable_size: 360.3682288333871
complete: 44769.427139895735
Partition 8 ratio: 0.32569761991501023
processing batch_results/200d-5-10-neg15/batch-1/pendigits_transaction_k_means_200d_k16_FalseNorm_trans_clust_9_k16...
chunks ... [0, 154, 308, 462, 619]
num codes: 252
num codes with support 0: 0
chunks ... [0, 154, 308, 462, 619]
num codes with usage 0: 35
database_size: 14416.081546886426
codetable_size: 4082.665837768652
complete: 18498.74738465508
database_size: 39567.81233142699
codetable_size: 413.0029528265999
complete: 39980.81528425359
Partition 9 ratio: 0.462690599307033
processing batch_results/200d-5-10-neg15/batch-1/pendigits_transaction_k_means_200d_k16_FalseNorm_trans_clust_10_k16...
chunks ... [0, 117, 234, 351, 470]
num codes: 171
num codes with support 0: 0
chunks ... [0, 117, 234, 351, 470]
num codes with usage 0: 32
database_size: 8695.29767990686
codetable_size: 2637.348180581069
complete: 11332.64586048793
database_size: 28310.050784016425
codetable_size: 379.60908400093444
complete: 28689.65986801736
Partition 10 ratio: 0.3950080242366808
processing batch_results/200d-5-10-neg15/batch-1/pendigits_transaction_k_means_200d_k16_FalseNorm_trans_clust_11_k16...
chunks ... [0, 265, 530, 795, 1063]
num codes: 243
num codes with support 0: 0
chunks ... [0, 265, 530, 795, 1063]
num codes with usage 0: 49
database_size: 18025.812478116215
codetable_size: 4188.185925062564
complete: 22213.99840317878
database_size: 64387.60013503295
codetable_size: 350.7456053156008
complete: 64738.34574034855
Partition 11 ratio: 0.3431350948057014
processing batch_results/200d-5-10-neg15/batch-1/pendigits_transaction_k_means_200d_k16_FalseNorm_trans_clust_12_k16...
chunks ... [0, 142, 284, 426, 571]
num codes: 153
num codes with support 0: 0
chunks ... [0, 142, 284, 426, 571]
num codes with usage 0: 41
database_size: 8162.054287423119
codetable_size: 2229.815119219213
complete: 10391.869406642332
database_size: 32967.46460267865
codetable_size: 266.94301245258123
complete: 33234.40761513123
Partition 12 ratio: 0.3126840570466807
processing batch_results/200d-5-10-neg15/batch-1/pendigits_transaction_k_means_200d_k16_FalseNorm_trans_clust_13_k16...
chunks ... [0, 100, 200, 300, 401]
num codes: 186
num codes with support 0: 0
chunks ... [0, 100, 200, 300, 401]
num codes with usage 0: 29
database_size: 8435.807916798352
codetable_size: 2746.7932064843767
complete: 11182.60112328273
database_size: 24634.1025440876
codetable_size: 370.3084124056967
complete: 25004.410956493295
Partition 13 ratio: 0.44722513730637453
processing batch_results/200d-5-10-neg15/batch-1/pendigits_transaction_k_means_200d_k16_FalseNorm_trans_clust_14_k16...
chunks ... [0, 106, 212, 318, 426]
num codes: 166
num codes with support 0: 0
chunks ... [0, 106, 212, 318, 426]
num codes with usage 0: 46
database_size: 6887.354259168355
codetable_size: 2337.2906092539265
complete: 9224.644868422281
database_size: 25123.09182397977
codetable_size: 300.40050863149776
complete: 25423.492332611266
Partition 14 ratio: 0.3628394064724786
processing batch_results/200d-5-10-neg15/batch-1/pendigits_transaction_k_means_200d_k16_FalseNorm_trans_clust_15_k16...
chunks ... [0, 162, 324, 486, 651]
num codes: 175
num codes with support 0: 0
chunks ... [0, 162, 324, 486, 651]
num codes with usage 0: 36
database_size: 9865.892372033586
codetable_size: 2815.635268310149
complete: 12681.527640343735
database_size: 38301.52108081372
codetable_size: 330.63256755753304
complete: 38632.153648371255
Partition 15 ratio: 0.32826354325908497
number of codetables: 16
size: 243
size: 158
size: 149
size: 201
size: 256
size: 261
size: 258
size: 297
size: 212
size: 252
size: 171
size: 243
size: 153
size: 186
size: 166
size: 175
database_size: 790738.936801035
codetable_size: 411.51868678919095
complete: 791150.4554878242
database_size: 790738.936801035
codetable_size: 411.51868678919095
complete: 791150.4554878242
current singletons: {1, 2, 3, 4, 5, 6, 7, 8, 9, 10, 11, 12, 13, 14, 15, 18, 19, 20, 22, 23, 24, 25, 27, 28, 29, 30, 31, 32, 33, 34, 35, 38, 39, 40, 41, 42, 43, 44, 45, 47, 48, 49, 50, 51, 52, 53, 54, 55, 56, 57, 58, 60, 61, 62, 63, 64, 66, 67, 71, 72, 73, 74, 76, 77, 78, 83, 85, 89}
Added 18 singletons
added:  {68, 36, 69, 37, 88, 46, 79, 16, 81, 82, 80, 84, 21, 17, 87, 86, 26, 59}
chunks ... [0, 2748, 5496, 8244, 10992]
num codes: 261
num codes with support 0: 0
chunks ... [0, 2748, 5496, 8244, 10992]
database_size: 652242.0680752954
codetable_size: 5475.146936156862
complete: 657717.2150114523
Partition ratio: 0.8313427748782667
current singletons: {1, 2, 3, 4, 5, 6, 7, 8, 9, 10, 11, 12, 13, 14, 16, 17, 18, 20, 21, 22, 23, 24, 25, 26, 27, 31, 33, 34, 35, 36, 37, 38, 39, 40, 41, 42, 44, 45, 47, 48, 49, 50, 51, 52, 53, 54, 58, 59, 60, 61, 62, 63, 64, 69, 71, 72, 73, 74, 76, 77, 78, 79, 80, 88, 89}
Added 21 singletons
added:  {15, 19, 28, 29, 30, 32, 43, 46, 55, 56, 57, 66, 67, 68, 81, 82, 83, 84, 85, 86, 87}
chunks ... [0, 2748, 5496, 8244, 10992]
num codes: 179
num codes with support 0: 0
chunks ... [0, 2748, 5496, 8244, 10992]
database_size: 681178.9640102818
codetable_size: 3725.852426768316
complete: 684904.8164370501
Partition ratio: 0.865707415936122
current singletons: {1, 2, 3, 4, 5, 6, 7, 8, 9, 10, 11, 12, 13, 14, 16, 17, 18, 19, 20, 21, 22, 26, 27, 31, 32, 33, 34, 36, 37, 39, 41, 42, 43, 44, 45, 46, 47, 48, 49, 50, 53, 54, 56, 57, 58, 59, 60, 61, 62, 63, 64, 69, 71, 72, 73, 76, 77, 78, 79, 80, 86, 88}
Added 24 singletons
added:  {15, 23, 24, 25, 28, 29, 30, 35, 38, 40, 51, 52, 55, 66, 67, 68, 74, 81, 82, 83, 84, 85, 87, 89}
chunks ... [0, 2748, 5496, 8244, 10992]
num codes: 173
num codes with support 0: 0
chunks ... [0, 2748, 5496, 8244, 10992]
database_size: 691153.6621412901
codetable_size: 3385.947427399354
complete: 694539.6095686895
Partition ratio: 0.8778856218194752
current singletons: {1, 2, 3, 4, 5, 6, 7, 8, 9, 10, 11, 12, 13, 14, 15, 16, 17, 18, 19, 20, 21, 22, 23, 24, 25, 26, 27, 28, 29, 30, 32, 34, 35, 39, 40, 41, 42, 43, 44, 45, 48, 49, 50, 51, 52, 53, 54, 56, 57, 58, 59, 60, 61, 62, 63, 64, 66, 67, 68, 69, 71, 72, 73, 74, 76, 77, 78, 81, 82, 83, 84, 87, 89}
Added 13 singletons
added:  {33, 36, 37, 38, 46, 79, 80, 47, 85, 86, 55, 88, 31}
chunks ... [0, 2748, 5496, 8244, 10992]
num codes: 214
num codes with support 0: 0
chunks ... [0, 2748, 5496, 8244, 10992]
database_size: 648776.8269565426
codetable_size: 4392.845582189278
complete: 653169.6725387318
Partition ratio: 0.8255947626750549
current singletons: {1, 2, 3, 4, 5, 6, 7, 8, 9, 10, 11, 12, 13, 14, 15, 16, 17, 18, 19, 20, 21, 22, 23, 24, 25, 26, 27, 28, 29, 30, 31, 32, 33, 34, 35, 36, 37, 38, 39, 40, 41, 42, 43, 44, 45, 46, 47, 48, 49, 50, 51, 52, 53, 54, 55, 56, 57, 58, 59, 60, 61, 62, 63, 64, 66, 67, 68, 69, 71, 72, 73, 74, 78, 79, 80, 85, 87, 88, 89}
Added 7 singletons
added:  {76, 77, 81, 82, 83, 84, 86}
chunks ... [0, 2748, 5496, 8244, 10992]
num codes: 263
num codes with support 0: 0
chunks ... [0, 2748, 5496, 8244, 10992]
database_size: 598931.2108582743
codetable_size: 5211.616011471668
complete: 604142.826869746
Partition ratio: 0.7636257082064509
current singletons: {1, 2, 3, 4, 5, 6, 7, 8, 9, 10, 11, 12, 13, 14, 15, 16, 17, 18, 19, 20, 21, 22, 23, 24, 25, 27, 28, 29, 30, 31, 32, 33, 34, 35, 37, 38, 39, 40, 41, 42, 43, 44, 45, 46, 47, 48, 49, 50, 51, 52, 53, 54, 55, 56, 57, 58, 60, 61, 62, 63, 64, 66, 67, 68, 71, 72, 73, 74, 76, 77, 78, 79, 80, 81, 82, 83, 84, 85, 86, 87, 88}
Added 5 singletons
added:  {36, 69, 89, 26, 59}
chunks ... [0, 2748, 5496, 8244, 10992]
num codes: 266
num codes with support 0: 0
chunks ... [0, 2748, 5496, 8244, 10992]
database_size: 615641.1706788633
codetable_size: 5388.549270078973
complete: 621029.7199489423
Partition ratio: 0.7849704384812808
current singletons: {1, 2, 3, 4, 5, 6, 7, 8, 9, 10, 11, 12, 13, 14, 15, 18, 19, 20, 22, 23, 24, 25, 27, 28, 29, 30, 31, 32, 33, 34, 35, 36, 37, 38, 39, 40, 41, 42, 43, 44, 45, 46, 47, 48, 50, 51, 53, 54, 55, 56, 57, 58, 60, 61, 62, 63, 64, 66, 67, 68, 69, 71, 72, 73, 74, 76, 77, 78, 79, 81, 82, 87, 88}
Added 13 singletons
added:  {16, 49, 80, 17, 84, 21, 86, 85, 83, 89, 26, 59, 52}
chunks ... [0, 2748, 5496, 8244, 10992]
num codes: 271
num codes with support 0: 0
chunks ... [0, 2748, 5496, 8244, 10992]
database_size: 578571.2932883691
codetable_size: 5232.180845052399
complete: 583803.4741334214
Partition ratio: 0.7379171307857588
current singletons: {1, 2, 3, 4, 5, 6, 7, 8, 9, 10, 11, 12, 13, 14, 15, 16, 17, 18, 19, 20, 21, 22, 23, 24, 25, 27, 28, 29, 30, 31, 32, 33, 34, 35, 38, 39, 40, 41, 42, 43, 44, 45, 46, 47, 48, 49, 50, 51, 52, 53, 54, 55, 56, 57, 58, 59, 60, 61, 62, 63, 64, 66, 67, 71, 72, 73, 74, 76, 77, 78, 81, 83, 85, 86, 88, 89}
Added 10 singletons
added:  {68, 69, 36, 37, 79, 80, 82, 84, 87, 26}
chunks ... [0, 2748, 5496, 8244, 10992]
num codes: 307
num codes with support 0: 0
chunks ... [0, 2748, 5496, 8244, 10992]
database_size: 627700.6574860448
codetable_size: 6341.429291641532
complete: 634042.0867776864
Partition ratio: 0.801417836998824
current singletons: {1, 2, 3, 4, 5, 6, 7, 8, 9, 10, 11, 12, 13, 16, 17, 18, 19, 20, 21, 22, 23, 26, 27, 29, 31, 32, 33, 34, 35, 36, 37, 38, 39, 40, 42, 43, 44, 45, 47, 48, 49, 50, 51, 52, 53, 54, 56, 58, 59, 60, 61, 62, 63, 64, 67, 68, 69, 71, 72, 73, 74, 76, 80, 84, 89}
Added 21 singletons
added:  {14, 15, 24, 25, 28, 30, 41, 46, 55, 57, 66, 77, 78, 79, 81, 82, 83, 85, 86, 87, 88}
chunks ... [0, 2748, 5496, 8244, 10992]
num codes: 233
num codes with support 0: 0
chunks ... [0, 2748, 5496, 8244, 10992]
database_size: 645567.4961931664
codetable_size: 4863.607570406224
complete: 650431.1037635726
Partition ratio: 0.8221332608125924
current singletons: {1, 2, 3, 4, 5, 6, 7, 8, 9, 10, 11, 12, 13, 14, 15, 16, 17, 18, 19, 20, 21, 22, 23, 24, 25, 26, 27, 28, 29, 30, 31, 32, 33, 34, 35, 38, 39, 40, 41, 42, 43, 44, 45, 48, 49, 50, 51, 52, 53, 54, 56, 57, 58, 59, 60, 61, 62, 63, 64, 66, 67, 68, 69, 71, 72, 73, 74, 76, 77, 78, 80, 81, 83, 84, 85, 87, 89}
Added 9 singletons
added:  {36, 37, 46, 79, 47, 82, 86, 55, 88}
chunks ... [0, 2748, 5496, 8244, 10992]
num codes: 261
num codes with support 0: 0
chunks ... [0, 2748, 5496, 8244, 10992]
database_size: 589143.708387428
codetable_size: 4905.310552648485
complete: 594049.0189400765
Partition ratio: 0.7508673158429584
current singletons: {1, 2, 3, 4, 5, 6, 7, 8, 9, 10, 11, 12, 13, 14, 15, 16, 17, 18, 19, 20, 21, 22, 23, 24, 25, 26, 27, 30, 31, 32, 33, 34, 35, 36, 37, 38, 39, 41, 42, 43, 45, 46, 47, 48, 49, 50, 51, 52, 53, 54, 56, 57, 58, 59, 60, 61, 62, 63, 64, 69, 71, 72, 73, 74, 78, 79, 80, 85, 88}
Added 17 singletons
added:  {66, 67, 68, 40, 76, 77, 44, 81, 82, 83, 84, 87, 55, 86, 89, 28, 29}
chunks ... [0, 2748, 5496, 8244, 10992]
num codes: 188
num codes with support 0: 0
chunks ... [0, 2748, 5496, 8244, 10992]
database_size: 692522.2165782094
codetable_size: 3552.3222116467055
complete: 696074.5387898561
Partition ratio: 0.8798257448523567
current singletons: {1, 2, 3, 4, 5, 6, 7, 8, 9, 10, 11, 12, 13, 14, 15, 16, 17, 18, 19, 20, 22, 23, 24, 25, 26, 27, 28, 29, 30, 31, 32, 33, 34, 35, 36, 37, 38, 39, 40, 41, 42, 46, 47, 48, 50, 55, 56, 57, 58, 60, 61, 62, 63, 64, 66, 67, 68, 71, 73, 74, 76, 77, 78, 81, 82, 86}
Added 20 singletons
added:  {21, 43, 44, 45, 49, 51, 52, 53, 54, 59, 69, 72, 79, 80, 83, 84, 85, 87, 88, 89}
chunks ... [0, 2748, 5496, 8244, 10992]
num codes: 263
num codes with support 0: 0
chunks ... [0, 2748, 5496, 8244, 10992]
database_size: 608606.6916068587
codetable_size: 5497.171295085507
complete: 614103.8629019442
Partition ratio: 0.7762162792705304
current singletons: {1, 2, 3, 4, 5, 6, 7, 8, 9, 10, 11, 12, 13, 16, 17, 18, 19, 22, 23, 24, 25, 26, 27, 28, 29, 31, 32, 33, 34, 35, 36, 37, 41, 42, 46, 47, 48, 49, 50, 58, 59, 60, 61, 62, 63, 64, 69, 73, 74, 79, 85, 86, 87}
Added 33 singletons
added:  {14, 15, 20, 21, 30, 38, 39, 40, 43, 44, 45, 51, 52, 53, 54, 55, 56, 57, 66, 67, 68, 71, 72, 76, 77, 78, 80, 81, 82, 83, 84, 88, 89}
chunks ... [0, 2748, 5496, 8244, 10992]
num codes: 186
num codes with support 0: 0
chunks ... [0, 2748, 5496, 8244, 10992]
database_size: 685776.1289548224
codetable_size: 3402.1692075430933
complete: 689178.2981623656
Partition ratio: 0.8711090202652004
current singletons: {1, 2, 3, 4, 5, 6, 7, 8, 9, 10, 11, 12, 13, 14, 15, 17, 18, 19, 20, 21, 22, 23, 26, 27, 28, 29, 31, 32, 33, 34, 35, 36, 37, 38, 39, 40, 41, 42, 43, 44, 45, 46, 47, 48, 49, 50, 51, 52, 53, 54, 56, 57, 58, 59, 60, 61, 62, 63, 64, 67, 68, 69, 71, 72, 73, 74, 76, 81, 84, 86}
Added 16 singletons
added:  {89, 66, 77, 78, 79, 16, 80, 82, 83, 24, 85, 87, 55, 88, 25, 30}
chunks ... [0, 2748, 5496, 8244, 10992]
num codes: 202
num codes with support 0: 0
chunks ... [0, 2748, 5496, 8244, 10992]
database_size: 654785.5728737138
codetable_size: 3606.6217307083043
complete: 658392.1946044221
Partition ratio: 0.832195936989579
current singletons: {1, 4, 5, 6, 7, 8, 9, 10, 11, 12, 13, 14, 15, 17, 18, 19, 20, 21, 22, 23, 24, 27, 28, 29, 30, 31, 32, 37, 38, 39, 40, 41, 42, 46, 47, 48, 50, 51, 52, 53, 54, 55, 56, 60, 61, 62, 63, 64, 66, 67, 68, 69, 71, 72, 73, 76, 77, 78, 86}
Added 27 singletons
added:  {2, 3, 16, 25, 26, 33, 34, 35, 36, 43, 44, 45, 49, 57, 58, 59, 74, 79, 80, 81, 82, 83, 84, 85, 87, 88, 89}
chunks ... [0, 2748, 5496, 8244, 10992]
num codes: 193
num codes with support 0: 0
chunks ... [0, 2748, 5496, 8244, 10992]
database_size: 665717.9760872631
codetable_size: 3530.5981147656626
complete: 669248.5742020288
Partition ratio: 0.8459182062776788
current singletons: {1, 2, 3, 4, 5, 6, 7, 8, 9, 10, 11, 12, 13, 14, 15, 17, 18, 19, 20, 21, 22, 23, 26, 27, 31, 32, 34, 36, 37, 41, 42, 43, 44, 45, 46, 47, 50, 51, 52, 53, 54, 55, 56, 57, 58, 60, 61, 62, 63, 64, 67, 68, 69, 71, 72, 73, 76, 77, 78, 79, 80, 86}
Added 24 singletons
added:  {16, 24, 25, 28, 29, 30, 33, 35, 38, 39, 40, 48, 49, 59, 66, 74, 81, 82, 83, 84, 85, 87, 88, 89}
chunks ... [0, 2748, 5496, 8244, 10992]
num codes: 199
num codes with support 0: 0
chunks ... [0, 2748, 5496, 8244, 10992]
database_size: 665995.1350062708
codetable_size: 3931.655042682029
complete: 669926.7900489529
Partition ratio: 0.8467754589560027
initial ratio: 0.7379171307857588
merged: {6}
merged: {6}
to_process: {0, 1, 2, 3, 4, 5, 7, 8, 9, 10, 11, 12, 13, 14, 15}
[(0, 0.23860717730865283), (1, 0.1425672229919561), (2, 0.11129900506046168), (3, 0.18935912982477224), (4, 0.32037788540200757), (5, 0.2739605110975688), (7, 0.2097028139570163), (8, 0.14914469461144356), (9, 0.13641164174237116), (10, 0.16283583572570046), (11, 0.29395458068054753), (12, 0.20624590023747066), (13, 0.14322252785876938), (14, 0.21080900951905218), (15, 0.2078116903726076)]
next_candidate: 2
chunks ... [0, 2748, 5496, 8244, 10992]
chunks ... [0, 2748, 5496, 8244, 10992]
database_size: 553092.6528912378
codetable_size: 7958.476767261583
complete: 561051.1296584994
current_ratio: 0.7379171307857588 --- candidate_ratio:0.7091585750431688
!!!!! ********* merge accepted ... 
merged: {2, 6}
to_process: {0, 1, 3, 4, 5, 7, 8, 9, 10, 11, 12, 13, 14, 15}
[(0, 0.24033658723747767), (1, 0.24062972776505007), (3, 0.21936721190637173), (4, 0.3057620152592802), (5, 0.21157854244925264), (7, 0.22707905054097283), (8, 0.2642414587520899), (9, 0.18732013520707066), (10, 0.2493543508241852), (11, 0.2738174874909433), (12, 0.27370223238282826), (13, 0.16731116742357613), (14, 0.18241402717208396), (15, 0.2388671046416256)]
next_candidate: 13
chunks ... [0, 2748, 5496, 8244, 10992]
chunks ... [0, 2748, 5496, 8244, 10992]
database_size: 528863.1172350865
codetable_size: 10790.856562392657
complete: 539653.9737974792
current_ratio: 0.7091585750431688 --- candidate_ratio:0.6821129534264478
!!!!! ********* merge accepted ... 
merged: {2, 13, 6}
to_process: {0, 1, 3, 4, 5, 7, 8, 9, 10, 11, 12, 14, 15}
[(0, 0.23556498060319558), (1, 0.21268558306654856), (3, 0.2178802969883136), (4, 0.2638377742924445), (5, 0.1974416239093473), (7, 0.22732882934367754), (8, 0.2780888332529829), (9, 0.17554819757362813), (10, 0.2067583564995937), (11, 0.25918025759993224), (12, 0.22850172083649212), (14, 0.17299195722322785), (15, 0.2408177812494132)]
next_candidate: 14
chunks ... [0, 2748, 5496, 8244, 10992]
chunks ... [0, 2748, 5496, 8244, 10992]
database_size: 514970.0528934784
codetable_size: 13517.898094185834
complete: 528487.9509876643
current_ratio: 0.6821129534264478 --- candidate_ratio:0.6679993006662659
!!!!! ********* merge accepted ... 
merged: {2, 13, 6, 14}
to_process: {0, 1, 3, 4, 5, 7, 8, 9, 10, 11, 12, 15}
[(0, 0.22300065814261688), (1, 0.1884087867522162), (3, 0.1898968316336232), (4, 0.21895826206828162), (5, 0.16865858160904376), (7, 0.21434182196554996), (8, 0.2333467941309321), (9, 0.1513643211820321), (10, 0.1694268201234341), (11, 0.24978479313041332), (12, 0.19305647415817506), (15, 0.23334561376684773)]
next_candidate: 9
chunks ... [0, 2748, 5496, 8244, 10992]
chunks ... [0, 2748, 5496, 8244, 10992]
database_size: 487995.87798725796
codetable_size: 17198.87356585171
complete: 505194.7515531097
current_ratio: 0.6679993006662659 --- candidate_ratio:0.638557113945673
!!!!! ********* merge accepted ... 
merged: {2, 6, 9, 13, 14}
to_process: {0, 1, 3, 4, 5, 7, 8, 10, 11, 12, 15}
[(0, 0.21158646514278737), (1, 0.16051801625314394), (3, 0.2012229685527126), (4, 0.175686623498271), (5, 0.151198538098209), (7, 0.22866299532404133), (8, 0.20730896298811144), (10, 0.13443143075416372), (11, 0.2271662626652615), (12, 0.1575941718933419), (15, 0.18433113760967487)]
next_candidate: 10
chunks ... [0, 2748, 5496, 8244, 10992]
chunks ... [0, 2748, 5496, 8244, 10992]
database_size: 469115.7871767044
codetable_size: 19877.465980955174
complete: 488993.25315765955
current_ratio: 0.638557113945673 --- candidate_ratio:0.6180787102702808
!!!!! ********* merge accepted ... 
merged: {2, 6, 9, 10, 13, 14}
to_process: {0, 1, 3, 4, 5, 7, 8, 11, 12, 15}
[(0, 0.19030738220104898), (1, 0.1406225244160198), (3, 0.17823272633418125), (4, 0.15935814667075518), (5, 0.13062897977636695), (7, 0.19815638509447062), (8, 0.1784713330422198), (11, 0.20260525119243739), (12, 0.13846845991693796), (15, 0.15901907385694047)]
next_candidate: 5
chunks ... [0, 2748, 5496, 8244, 10992]
chunks ... [0, 2748, 5496, 8244, 10992]
database_size: 448000.97745101416
codetable_size: 24487.144551109905
complete: 472488.1220021241
current_ratio: 0.6180787102702808 --- candidate_ratio:0.5972165202265951
!!!!! ********* merge accepted ... 
merged: {2, 5, 6, 9, 10, 13, 14}
to_process: {0, 1, 3, 4, 7, 8, 11, 12, 15}
[(0, 0.18120601986269025), (1, 0.1188954390985232), (3, 0.1661455787040292), (4, 0.13513263719321691), (7, 0.17888917300544438), (8, 0.1510873435716422), (11, 0.19194845209036715), (12, 0.11728194549887283), (15, 0.13616256695321713)]
next_candidate: 12
chunks ... [0, 2748, 5496, 8244, 10992]
chunks ... [0, 2748, 5496, 8244, 10992]
database_size: 434109.0743278481
codetable_size: 27089.180610753454
complete: 461198.2549386016
current_ratio: 0.5972165202265951 --- candidate_ratio:0.5829463305487529
!!!!! ********* merge accepted ... 
merged: {2, 5, 6, 9, 10, 12, 13, 14}
to_process: {0, 1, 3, 4, 7, 8, 11, 15}
[(0, 0.15883584518626734), (1, 0.10391545328094669), (3, 0.14544465247853378), (4, 0.11872940978575852), (7, 0.16172094866725753), (8, 0.13213993976757613), (11, 0.16828545293211644), (15, 0.11939048207286634)]
next_candidate: 1
chunks ... [0, 2748, 5496, 8244, 10992]
chunks ... [0, 2748, 5496, 8244, 10992]
database_size: 419509.0044811571
codetable_size: 29641.568580753494
complete: 449150.57306191063
current_ratio: 0.5829463305487529 --- candidate_ratio:0.5677182765254984
!!!!! ********* merge accepted ... 
merged: {1, 2, 5, 6, 9, 10, 12, 13, 14}
to_process: {0, 3, 4, 7, 8, 11, 15}
[(0, 0.14220909581421676), (3, 0.13146237493890203), (4, 0.10601808415425498), (7, 0.14452328551447288), (8, 0.11804805519878911), (11, 0.15056684760012634), (15, 0.1066989570841697)]
next_candidate: 4
chunks ... [0, 2748, 5496, 8244, 10992]
chunks ... [0, 2748, 5496, 8244, 10992]
database_size: 408374.751229775
codetable_size: 33915.72557291826
complete: 442290.4768026933
current_ratio: 0.5677182765254984 --- candidate_ratio:0.5590472377722092
!!!!! ********* merge accepted ... 
merged: {1, 2, 4, 5, 6, 9, 10, 12, 13, 14}
to_process: {0, 3, 7, 8, 11, 15}
[(0, 0.1271923746545008), (3, 0.11597985493319236), (7, 0.12704878881857404), (8, 0.10368647715761584), (11, 0.1325165403330278), (15, 0.09369344367929691)]
next_candidate: 15
chunks ... [0, 2748, 5496, 8244, 10992]
chunks ... [0, 2748, 5496, 8244, 10992]
database_size: 397982.8324013931
codetable_size: 36701.07201615191
complete: 434683.904417545
current_ratio: 0.5590472377722092 --- candidate_ratio:0.5494326665710108
!!!!! ********* merge accepted ... 
merged: {1, 2, 4, 5, 6, 9, 10, 12, 13, 14, 15}
to_process: {0, 3, 7, 8, 11}
[(0, 0.11537701169729293), (3, 0.10427931660552016), (7, 0.1143001690453225), (8, 0.09322805350920775), (11, 0.11973481672412757)]
next_candidate: 8
chunks ... [0, 2748, 5496, 8244, 10992]
chunks ... [0, 2748, 5496, 8244, 10992]
database_size: 386833.1764545581
codetable_size: 40534.354159894196
complete: 427367.5306144523
current_ratio: 0.5494326665710108 --- candidate_ratio:0.5401849011777881
!!!!! ********* merge accepted ... 
merged: {1, 2, 4, 5, 6, 8, 9, 10, 12, 13, 14, 15}
to_process: {0, 3, 7, 11}
[(0, 0.10341012550685996), (3, 0.0934274427544113), (7, 0.10234266176003876), (11, 0.10729416683016754)]
next_candidate: 3
chunks ... [0, 2748, 5496, 8244, 10992]
chunks ... [0, 2748, 5496, 8244, 10992]
database_size: 365580.5662537856
codetable_size: 43840.38424949315
complete: 409420.95050327876
current_ratio: 0.5401849011777881 --- candidate_ratio:0.5175007454818811
!!!!! ********* merge accepted ... 
merged: {1, 2, 3, 4, 5, 6, 8, 9, 10, 12, 13, 14, 15}
to_process: {0, 7, 11}
[(0, 0.09304556044458179), (7, 0.0919921583557113), (11, 0.09641251952385445)]
next_candidate: 7
chunks ... [0, 2748, 5496, 8244, 10992]
chunks ... [0, 2748, 5496, 8244, 10992]
database_size: 349967.85655347846
codetable_size: 48935.50248807144
complete: 398903.3590415499
current_ratio: 0.5175007454818811 --- candidate_ratio:0.5042066983271667
!!!!! ********* merge accepted ... 
merged: {1, 2, 3, 4, 5, 6, 7, 8, 9, 10, 12, 13, 14, 15}
to_process: {0, 11}
[(0, 0.08536368274072575), (11, 0.08752865626759429)]
next_candidate: 0
chunks ... [0, 2748, 5496, 8244, 10992]
chunks ... [0, 2748, 5496, 8244, 10992]
database_size: 334295.21186103614
codetable_size: 53406.14700154759
complete: 387701.35886258376
current_ratio: 0.5042066983271667 --- candidate_ratio:0.4900475708170157
!!!!! ********* merge accepted ... 
merged: {0, 1, 2, 3, 4, 5, 6, 7, 8, 9, 10, 12, 13, 14, 15}
to_process: {11}
[(11, 0.07895749371358261)]
next_candidate: 11
chunks ... [0, 2748, 5496, 8244, 10992]
chunks ... [0, 2748, 5496, 8244, 10992]
database_size: 312072.5146482923
codetable_size: 57486.8321526984
complete: 369559.3468009907
current_ratio: 0.4900475708170157 --- candidate_ratio:0.4671163926375041
!!!!! ********* merge accepted ... 
merged table size: 2183
chunks ... [0, 2748, 5496, 8244, 10992]
chunks ... [0, 2748, 5496, 8244, 10992]
merged table size without non-used codes: 2139
database_size: 312072.5146482923
codetable_size: 57486.8321526984
complete: 369559.3468009907
database_size: 790738.936801035
codetable_size: 411.51868678919095
complete: 791150.4554878242
merged size: 369559.3468009907
sct size: 791150.4554878242
merged ratio: 0.4671163926375041
time elapsed: 51.45609784126282
