
DEBUG:root:--> entering support
DEBUG:root:cleaning the codetable ... 
DEBUG:root:calculating the supports ...
DEBUG:root:reducing the results ... 
DEBUG:root:<-- leaving support
DEBUG:root:--> entering usage
DEBUG:root:cleaning the codetable ... 
DEBUG:root:calculating the usages ... 
DEBUG:root:reducing the results ... 
DEBUG:root:<--leaving usage 
DEBUG:root:<-- leaving support
DEBUG:root:--> entering support
DEBUG:root:cleaning the codetable ... 
DEBUG:root:calculating the supports ...
DEBUG:root:reducing the results ... 
DEBUG:root:<-- leaving support
DEBUG:root:--> entering usage
DEBUG:root:cleaning the codetable ... 
DEBUG:root:calculating the usages ... 
DEBUG:root:reducing the results ... 
DEBUG:root:<--leaving usage 
DEBUG:root:<-- leaving support
DEBUG:root:--> entering support
DEBUG:root:cleaning the codetable ... 
DEBUG:root:calculating the supports ...
DEBUG:root:reducing the results ... 
DEBUG:root:<-- leaving support
DEBUG:root:--> entering usage
DEBUG:root:cleaning the codetable ... 
DEBUG:root:calculating the usages ... 
DEBUG:root:reducing the results ... 
DEBUG:root:<--leaving usage 
DEBUG:root:<-- leaving support
DEBUG:root:--> entering support
DEBUG:root:cleaning the codetable ... 
DEBUG:root:calculating the supports ...
DEBUG:root:reducing the results ... 
DEBUG:root:<-- leaving support
DEBUG:root:--> entering usage
DEBUG:root:cleaning the codetable ... 
DEBUG:root:calculating the usages ... 
DEBUG:root:reducing the results ... 
DEBUG:root:<--leaving usage 
DEBUG:root:<-- leaving support
DEBUG:root:deduplicating codes
DEBUG:root:processing 0 506against ... 
DEBUG:root: ... 1 - 345
DEBUG:root: ... 2 - 466
DEBUG:root: ... 3 - 591
DEBUG:root:processing 1 345against ... 
DEBUG:root: ... 2 - 466
DEBUG:root: ... 3 - 591
DEBUG:root:processing 2 466against ... 
DEBUG:root: ... 3 - 591
DEBUG:root:merging done ...
DEBUG:root:--> entering support
DEBUG:root:cleaning the codetable ... 
DEBUG:root:calculating the supports ...
DEBUG:root:reducing the results ... 
DEBUG:root:<-- leaving support
DEBUG:root:--> entering usage
DEBUG:root:cleaning the codetable ... 
DEBUG:root:calculating the usages ... 
DEBUG:root:reducing the results ... 
DEBUG:root:<--leaving usage 
DEBUG:root:<-- leaving support
DEBUG:root:--> entering support
DEBUG:root:cleaning the codetable ... 
DEBUG:root:calculating the supports ...
DEBUG:root:reducing the results ... 
DEBUG:root:<-- leaving support
DEBUG:root:--> entering usage
DEBUG:root:cleaning the codetable ... 
DEBUG:root:calculating the usages ... 
DEBUG:root:reducing the results ... 
DEBUG:root:<--leaving usage 
DEBUG:root:<-- leaving support
DEBUG:root:--> entering support
DEBUG:root:cleaning the codetable ... 
DEBUG:root:calculating the supports ...
DEBUG:root:reducing the results ... 
DEBUG:root:<-- leaving support
DEBUG:root:--> entering usage
DEBUG:root:cleaning the codetable ... 
DEBUG:root:calculating the usages ... 
DEBUG:root:reducing the results ... 
DEBUG:root:<--leaving usage 
DEBUG:root:<-- leaving support
DEBUG:root:--> entering support
DEBUG:root:cleaning the codetable ... 
DEBUG:root:calculating the supports ...
DEBUG:root:reducing the results ... 
DEBUG:root:<-- leaving support
DEBUG:root:--> entering usage
DEBUG:root:cleaning the codetable ... 
DEBUG:root:calculating the usages ... 
DEBUG:root:reducing the results ... 
DEBUG:root:<--leaving usage 
DEBUG:root:<-- leaving support
DEBUG:root:--> entering support
DEBUG:root:cleaning the codetable ... 
DEBUG:root:calculating the supports ...
DEBUG:root:reducing the results ... 
DEBUG:root:<-- leaving support
DEBUG:root:--> entering usage
DEBUG:root:cleaning the codetable ... 
DEBUG:root:calculating the usages ... 
DEBUG:root:reducing the results ... 
DEBUG:root:<--leaving usage 
DEBUG:root:<-- leaving support
DEBUG:root:<-- leaving support
DEBUG:root:--> entering support
DEBUG:root:cleaning the codetable ... 
DEBUG:root:calculating the supports ...
DEBUG:root:reducing the results ... 
DEBUG:root:<-- leaving support
DEBUG:root:--> entering usage
DEBUG:root:cleaning the codetable ... 
DEBUG:root:calculating the usages ... 
DEBUG:root:reducing the results ... 
DEBUG:root:<--leaving usage 
DEBUG:root:--> entering support
DEBUG:root:cleaning the codetable ... 
DEBUG:root:calculating the supports ...
DEBUG:root:reducing the results ... 
DEBUG:root:<-- leaving support
DEBUG:root:--> entering usage
DEBUG:root:cleaning the codetable ... 
DEBUG:root:calculating the usages ... 
DEBUG:root:reducing the results ... 
DEBUG:root:<--leaving usage 
DEBUG:root:--> entering support
DEBUG:root:cleaning the codetable ... 
DEBUG:root:calculating the supports ...
DEBUG:root:reducing the results ... 
DEBUG:root:<-- leaving support
DEBUG:root:--> entering usage
DEBUG:root:cleaning the codetable ... 
DEBUG:root:calculating the usages ... 
DEBUG:root:reducing the results ... 
DEBUG:root:<--leaving usage 
DEBUG:root:--> entering support
DEBUG:root:cleaning the codetable ... 
DEBUG:root:calculating the supports ...
DEBUG:root:reducing the results ... 
DEBUG:root:<-- leaving support
DEBUG:root:--> entering usage
DEBUG:root:cleaning the codetable ... 
DEBUG:root:calculating the usages ... 
DEBUG:root:reducing the results ... 
DEBUG:root:<--leaving usage 
DEBUG:root:--> entering support
DEBUG:root:cleaning the codetable ... 
DEBUG:root:calculating the supports ...
DEBUG:root:reducing the results ... 
DEBUG:root:<-- leaving support
DEBUG:root:--> entering usage
DEBUG:root:cleaning the codetable ... 
DEBUG:root:calculating the usages ... 
DEBUG:root:reducing the results ... 
DEBUG:root:<--leaving usage 
DEBUG:root:<-- leaving support
DEBUG:root:--> entering support
DEBUG:root:cleaning the codetable ... 
DEBUG:root:calculating the supports ...
DEBUG:root:reducing the results ... 
DEBUG:root:<-- leaving support
DEBUG:root:--> entering usage
DEBUG:root:cleaning the codetable ... 
DEBUG:root:calculating the usages ... 
DEBUG:root:reducing the results ... 
DEBUG:root:<--leaving usage 
DEBUG:root:<-- leaving support
DEBUG:root:--> entering support
DEBUG:root:cleaning the codetable ... 
DEBUG:root:calculating the supports ...
DEBUG:root:reducing the results ... 
DEBUG:root:<-- leaving support
DEBUG:root:--> entering usage
DEBUG:root:cleaning the codetable ... 
DEBUG:root:calculating the usages ... 
DEBUG:root:reducing the results ... 
DEBUG:root:<--leaving usage 
DEBUG:root:<-- leaving support
DEBUG:root:--> entering support
DEBUG:root:cleaning the codetable ... 
DEBUG:root:calculating the supports ...
DEBUG:root:reducing the results ... 
DEBUG:root:<-- leaving support
DEBUG:root:--> entering usage
DEBUG:root:cleaning the codetable ... 
DEBUG:root:calculating the usages ... 
DEBUG:root:reducing the results ... 
DEBUG:root:<--leaving usage 
DEBUG:root:<-- leaving support
DEBUG:root:--> entering support
DEBUG:root:cleaning the codetable ... 
DEBUG:root:calculating the supports ...
DEBUG:root:reducing the results ... 
DEBUG:root:<-- leaving support
DEBUG:root:--> entering usage
DEBUG:root:cleaning the codetable ... 
DEBUG:root:calculating the usages ... 
DEBUG:root:reducing the results ... 
DEBUG:root:<--leaving usage 
DEBUG:root:<-- leaving support
DEBUG:root:<-- leaving support
DEBUG:root:<-- leaving support
DEBUG:root:--> entering support
DEBUG:root:cleaning the codetable ... 
DEBUG:root:calculating the supports ...
DEBUG:root:reducing the results ... 
DEBUG:root:<-- leaving support
DEBUG:root:--> entering usage
DEBUG:root:cleaning the codetable ... 
DEBUG:root:calculating the usages ... 
DEBUG:root:reducing the results ... 
DEBUG:root:<--leaving usage 
DEBUG:root:--> entering support
DEBUG:root:cleaning the codetable ... 
DEBUG:root:calculating the supports ...
DEBUG:root:reducing the results ... 
DEBUG:root:<-- leaving support
DEBUG:root:--> entering usage
DEBUG:root:cleaning the codetable ... 
DEBUG:root:calculating the usages ... 
DEBUG:root:reducing the results ... 
DEBUG:root:<--leaving usage 
DEBUG:root:--> entering support
DEBUG:root:cleaning the codetable ... 
DEBUG:root:calculating the supports ...
DEBUG:root:reducing the results ... 
DEBUG:root:<-- leaving support
DEBUG:root:--> entering usage
DEBUG:root:cleaning the codetable ... 
DEBUG:root:calculating the usages ... 
DEBUG:root:reducing the results ... 
DEBUG:root:<--leaving usage 
DEBUG:root:--> entering support
DEBUG:root:cleaning the codetable ... 
DEBUG:root:calculating the supports ...
DEBUG:root:reducing the results ... 
DEBUG:root:<-- leaving support
DEBUG:root:--> entering usage
DEBUG:root:cleaning the codetable ... 
DEBUG:root:calculating the usages ... 
DEBUG:root:reducing the results ... 
DEBUG:root:<--leaving usage 
DEBUG:root:deduplicating codes
DEBUG:root:processing 0 594against ... 
DEBUG:root: ... 1 - 352
DEBUG:root:merging done ...
DEBUG:root:--> entering support
DEBUG:root:cleaning the codetable ... 
DEBUG:root:calculating the supports ...
DEBUG:root:reducing the results ... 
DEBUG:root:<-- leaving support
DEBUG:root:--> entering usage
DEBUG:root:cleaning the codetable ... 
DEBUG:root:calculating the usages ... 
DEBUG:root:reducing the results ... 
DEBUG:root:<--leaving usage 
DEBUG:root:deduplicating codes
DEBUG:root:processing 0 860against ... 
DEBUG:root: ... 1 - 468
DEBUG:root:merging done ...
DEBUG:root:--> entering support
DEBUG:root:cleaning the codetable ... 
DEBUG:root:calculating the supports ...
DEBUG:root:reducing the results ... 
DEBUG:root:<-- leaving support
DEBUG:root:--> entering usage
DEBUG:root:cleaning the codetable ... 
DEBUG:root:calculating the usages ... 
DEBUG:root:reducing the results ... 
DEBUG:root:<--leaving usage 
DEBUG:root:deduplicating codes
DEBUG:root:processing 0 1240against ... 
DEBUG:root: ... 1 - 506
DEBUG:root:merging done ...
DEBUG:root:--> entering support
DEBUG:root:cleaning the codetable ... 
DEBUG:root:calculating the supports ...
DEBUG:root:reducing the results ... 
DEBUG:root:<-- leaving support
DEBUG:root:--> entering usage
DEBUG:root:cleaning the codetable ... 
DEBUG:root:calculating the usages ... 
DEBUG:root:reducing the results ... 
DEBUG:root:<--leaving usage 
DEBUG:root:--> entering support
DEBUG:root:cleaning the codetable ... 
DEBUG:root:calculating the supports ...
DEBUG:root:reducing the results ... 
DEBUG:root:<-- leaving support
DEBUG:root:--> entering usage
DEBUG:root:cleaning the codetable ... 
DEBUG:root:calculating the usages ... 
DEBUG:root:reducing the results ... 
DEBUG:root:<--leaving usage 
DEBUG:root:<-- leaving support
