
-- MERGING METHOD naive
processing txmeans_batch_results/batch-1/adult_txmeans__0_k16...
chunks ... [0, 653, 1306, 1959, 2613]
num codes: 151
num codes with support 0: 0
chunks ... [0, 653, 1306, 1959, 2613]
num codes with usage 0: 20
database_size: 16538.04315467642
codetable_size: 3340.01154562566
complete: 19878.05470030208
database_size: 116736.2876545017
codetable_size: 512.6513111656096
complete: 117248.93896566732
Partition 0 ratio: 0.16953718196224143
processing txmeans_batch_results/batch-1/adult_txmeans__1_k16...
chunks ... [0, 1040, 2080, 3120, 4162]
num codes: 201
num codes with support 0: 0
chunks ... [0, 1040, 2080, 3120, 4162]
num codes with usage 0: 23
database_size: 29522.124733292505
codetable_size: 5556.565913801791
complete: 35078.69064709429
database_size: 211587.58784554
codetable_size: 552.4004867290752
complete: 212139.98833226907
Partition 1 ratio: 0.1653563334421962
processing txmeans_batch_results/batch-1/adult_txmeans__2_k16...
chunks ... [0, 950, 1900, 2850, 3800]
num codes: 219
num codes with support 0: 0
chunks ... [0, 950, 1900, 2850, 3800]
num codes with usage 0: 32
database_size: 31197.170291423165
codetable_size: 5739.219327750962
complete: 36936.38961917413
database_size: 206460.5486918121
codetable_size: 588.4764710293084
complete: 207049.0251628414
Partition 2 ratio: 0.17839441451184876
processing txmeans_batch_results/batch-1/adult_txmeans__3_k16...
chunks ... [0, 673, 1346, 2019, 2694]
num codes: 155
num codes with support 0: 0
chunks ... [0, 673, 1346, 2019, 2694]
num codes with usage 0: 25
database_size: 20071.3276911244
codetable_size: 3868.5111282187413
complete: 23939.838819343142
database_size: 159996.057896278
codetable_size: 529.247891256578
complete: 160525.3057875346
Partition 3 ratio: 0.14913436047914486
processing txmeans_batch_results/batch-1/adult_txmeans__4_k16...
chunks ... [0, 23, 46, 69, 95]
num codes: 62
num codes with support 0: 0
chunks ... [0, 23, 46, 69, 95]
num codes with usage 0: 26
database_size: 785.5825080540845
codetable_size: 594.3307329710115
complete: 1379.9132410250959
database_size: 6007.8832217305
codetable_size: 225.76474832616668
complete: 6233.647970056667
Partition 4 ratio: 0.22136528203926661
processing txmeans_batch_results/batch-1/adult_txmeans__5_k16...
chunks ... [0, 65, 130, 195, 263]
num codes: 86
num codes with support 0: 0
chunks ... [0, 65, 130, 195, 263]
num codes with usage 0: 28
database_size: 2397.9096807729597
codetable_size: 1077.5766355134372
complete: 3475.4863162863967
database_size: 17927.29652906246
codetable_size: 318.7849429617428
complete: 18246.0814720242
Partition 5 ratio: 0.1904785047471801
processing txmeans_batch_results/batch-1/adult_txmeans__6_k16...
chunks ... [0, 173, 346, 519, 694]
num codes: 86
num codes with support 0: 0
chunks ... [0, 173, 346, 519, 694]
num codes with usage 0: 19
database_size: 5374.471104817052
codetable_size: 1644.3208587472502
complete: 7018.791963564302
database_size: 46637.82523061728
codetable_size: 356.5991338496845
complete: 46994.42436446696
Partition 6 ratio: 0.14935371713737372
processing txmeans_batch_results/batch-1/adult_txmeans__7_k16...
chunks ... [0, 75, 150, 225, 301]
num codes: 82
num codes with support 0: 0
chunks ... [0, 75, 150, 225, 301]
num codes with usage 0: 25
database_size: 2631.9836191424606
codetable_size: 1034.0990284908316
complete: 3666.0826476332923
database_size: 21301.29471063358
codetable_size: 350.9483984170149
complete: 21652.243109050596
Partition 7 ratio: 0.16931652896973418
processing txmeans_batch_results/batch-1/adult_txmeans__8_k16...
chunks ... [0, 1834, 3668, 5502, 7339]
num codes: 223
num codes with support 0: 0
chunks ... [0, 1834, 3668, 5502, 7339]
num codes with usage 0: 24
database_size: 53348.17070697818
codetable_size: 8546.899776172835
complete: 61895.07048315101
database_size: 541187.3617230882
codetable_size: 604.4238167758232
complete: 541791.785539864
Partition 8 ratio: 0.11424143395137705
processing txmeans_batch_results/batch-1/adult_txmeans__9_k16...
chunks ... [0, 341, 682, 1023, 1365]
num codes: 105
num codes with support 0: 0
chunks ... [0, 341, 682, 1023, 1365]
num codes with usage 0: 25
database_size: 9808.344430106352
codetable_size: 2198.2106050251678
complete: 12006.55503513152
database_size: 106595.01894434405
codetable_size: 453.14570048275306
complete: 107048.1646448268
Partition 9 ratio: 0.1121603072314958
processing txmeans_batch_results/batch-1/adult_txmeans__10_k16...
chunks ... [0, 51, 102, 153, 206]
num codes: 66
num codes with support 0: 0
chunks ... [0, 51, 102, 153, 206]
num codes with usage 0: 32
database_size: 815.1066797513837
codetable_size: 728.4302574187288
complete: 1543.5369371701127
database_size: 16387.126784779593
codetable_size: 258.06057529675564
complete: 16645.18736007635
Partition 10 ratio: 0.09273172501934712
processing txmeans_batch_results/batch-1/adult_txmeans__11_k16...
chunks ... [0, 10, 20, 30, 43]
num codes: 42
num codes with support 0: 0
chunks ... [0, 10, 20, 30, 43]
num codes with usage 0: 28
database_size: 168.22894237190266
codetable_size: 290.1331858182588
complete: 458.36212819016146
database_size: 3519.2418531341123
codetable_size: 139.61222301911016
complete: 3658.854076153222
Partition 11 ratio: 0.12527477692471017
processing txmeans_batch_results/batch-1/adult_txmeans__12_k16...
chunks ... [0, 51, 102, 153, 205]
num codes: 73
num codes with support 0: 0
chunks ... [0, 51, 102, 153, 205]
num codes with usage 0: 36
database_size: 920.5549030256906
codetable_size: 789.0093635156878
complete: 1709.5642665413784
database_size: 17866.120459621772
codetable_size: 282.3500734440469
complete: 18148.470533065818
Partition 12 ratio: 0.09419880663919407
processing txmeans_batch_results/batch-1/adult_txmeans__13_k16...
chunks ... [0, 2, 4, 6, 9]
num codes: 40
num codes with support 0: 0
chunks ... [0, 2, 4, 6, 9]
num codes with usage 0: 25
database_size: 95.98837045877208
codetable_size: 191.29054685924896
complete: 287.27891731802106
database_size: 794.3206128759442
codetable_size: 132.27643825573227
complete: 926.5970511316765
Partition 13 ratio: 0.3100365115204716
processing txmeans_batch_results/batch-1/adult_txmeans__14_k16...
chunks ... [0, 600, 1200, 1800, 2400]
num codes: 125
num codes with support 0: 0
chunks ... [0, 600, 1200, 1800, 2400]
num codes with usage 0: 27
database_size: 18057.178285575523
codetable_size: 3205.3466063091323
complete: 21262.524891884656
database_size: 217732.30547631762
codetable_size: 613.3335661137199
complete: 218345.63904243134
Partition 14 ratio: 0.0973801216508505
processing txmeans_batch_results/batch-1/adult_txmeans__15_k16...
chunks ... [0, 5663, 11326, 16989, 22652]
num codes: 235
num codes with support 0: 0
chunks ... [0, 5663, 11326, 16989, 22652]
num codes with usage 0: 25
database_size: 162189.2042224443
codetable_size: 12432.478101012799
complete: 174621.6823234571
database_size: 2149829.76822421
codetable_size: 665.2580154254485
complete: 2150495.0262396354
Partition 15 ratio: 0.08120069109334388
number of codetables: 16
size: 151
size: 201
size: 219
size: 155
size: 62
size: 86
size: 86
size: 82
size: 223
size: 105
size: 66
size: 42
size: 73
size: 40
size: 125
size: 235
merged table size: 888
chunks ... [0, 12210, 24420, 36630, 48842]
chunks ... [0, 12210, 24420, 36630, 48842]
merged table size without non-used codes: 360
database_size: 1730055.4270645846
codetable_size: 8396.747854118412
complete: 1738452.174918703
database_size: 2474343.928416041
codetable_size: 677.7028634765386
complete: 2475021.631279518
merged size: 1738452.174918703
sct size: 2475021.631279518
merged ratio: 0.7023987802563048
time elapsed: 10.86980676651001
-- MERGING METHOD naive_plus
processing txmeans_batch_results/batch-1/adult_txmeans__0_k16...
chunks ... [0, 653, 1306, 1959, 2613]
num codes: 151
num codes with support 0: 0
chunks ... [0, 653, 1306, 1959, 2613]
num codes with usage 0: 20
database_size: 16538.04315467642
codetable_size: 3340.01154562566
complete: 19878.05470030208
database_size: 116736.2876545017
codetable_size: 512.6513111656096
complete: 117248.93896566732
Partition 0 ratio: 0.16953718196224143
processing txmeans_batch_results/batch-1/adult_txmeans__1_k16...
chunks ... [0, 1040, 2080, 3120, 4162]
num codes: 201
num codes with support 0: 0
chunks ... [0, 1040, 2080, 3120, 4162]
num codes with usage 0: 23
database_size: 29522.124733292505
codetable_size: 5556.565913801791
complete: 35078.69064709429
database_size: 211587.58784554
codetable_size: 552.4004867290752
complete: 212139.98833226907
Partition 1 ratio: 0.1653563334421962
processing txmeans_batch_results/batch-1/adult_txmeans__2_k16...
chunks ... [0, 950, 1900, 2850, 3800]
num codes: 219
num codes with support 0: 0
chunks ... [0, 950, 1900, 2850, 3800]
num codes with usage 0: 32
database_size: 31197.170291423165
codetable_size: 5739.219327750962
complete: 36936.38961917413
database_size: 206460.5486918121
codetable_size: 588.4764710293084
complete: 207049.0251628414
Partition 2 ratio: 0.17839441451184876
processing txmeans_batch_results/batch-1/adult_txmeans__3_k16...
chunks ... [0, 673, 1346, 2019, 2694]
num codes: 155
num codes with support 0: 0
chunks ... [0, 673, 1346, 2019, 2694]
num codes with usage 0: 25
database_size: 20071.3276911244
codetable_size: 3868.5111282187413
complete: 23939.838819343142
database_size: 159996.057896278
codetable_size: 529.247891256578
complete: 160525.3057875346
Partition 3 ratio: 0.14913436047914486
processing txmeans_batch_results/batch-1/adult_txmeans__4_k16...
chunks ... [0, 23, 46, 69, 95]
num codes: 62
num codes with support 0: 0
chunks ... [0, 23, 46, 69, 95]
num codes with usage 0: 26
database_size: 785.5825080540845
codetable_size: 594.3307329710115
complete: 1379.9132410250959
database_size: 6007.8832217305
codetable_size: 225.76474832616668
complete: 6233.647970056667
Partition 4 ratio: 0.22136528203926661
processing txmeans_batch_results/batch-1/adult_txmeans__5_k16...
chunks ... [0, 65, 130, 195, 263]
num codes: 86
num codes with support 0: 0
chunks ... [0, 65, 130, 195, 263]
num codes with usage 0: 28
database_size: 2397.9096807729597
codetable_size: 1077.5766355134372
complete: 3475.4863162863967
database_size: 17927.29652906246
codetable_size: 318.7849429617428
complete: 18246.0814720242
Partition 5 ratio: 0.1904785047471801
processing txmeans_batch_results/batch-1/adult_txmeans__6_k16...
chunks ... [0, 173, 346, 519, 694]
num codes: 86
num codes with support 0: 0
chunks ... [0, 173, 346, 519, 694]
num codes with usage 0: 19
database_size: 5374.471104817052
codetable_size: 1644.3208587472502
complete: 7018.791963564302
database_size: 46637.82523061728
codetable_size: 356.5991338496845
complete: 46994.42436446696
Partition 6 ratio: 0.14935371713737372
processing txmeans_batch_results/batch-1/adult_txmeans__7_k16...
chunks ... [0, 75, 150, 225, 301]
num codes: 82
num codes with support 0: 0
chunks ... [0, 75, 150, 225, 301]
num codes with usage 0: 25
database_size: 2631.9836191424606
codetable_size: 1034.0990284908316
complete: 3666.0826476332923
database_size: 21301.29471063358
codetable_size: 350.9483984170149
complete: 21652.243109050596
Partition 7 ratio: 0.16931652896973418
processing txmeans_batch_results/batch-1/adult_txmeans__8_k16...
chunks ... [0, 1834, 3668, 5502, 7339]
num codes: 223
num codes with support 0: 0
chunks ... [0, 1834, 3668, 5502, 7339]
num codes with usage 0: 24
database_size: 53348.17070697818
codetable_size: 8546.899776172835
complete: 61895.07048315101
database_size: 541187.3617230882
codetable_size: 604.4238167758232
complete: 541791.785539864
Partition 8 ratio: 0.11424143395137705
processing txmeans_batch_results/batch-1/adult_txmeans__9_k16...
chunks ... [0, 341, 682, 1023, 1365]
num codes: 105
num codes with support 0: 0
chunks ... [0, 341, 682, 1023, 1365]
num codes with usage 0: 25
database_size: 9808.344430106352
codetable_size: 2198.2106050251678
complete: 12006.55503513152
database_size: 106595.01894434405
codetable_size: 453.14570048275306
complete: 107048.1646448268
Partition 9 ratio: 0.1121603072314958
processing txmeans_batch_results/batch-1/adult_txmeans__10_k16...
chunks ... [0, 51, 102, 153, 206]
num codes: 66
num codes with support 0: 0
chunks ... [0, 51, 102, 153, 206]
num codes with usage 0: 32
database_size: 815.1066797513837
codetable_size: 728.4302574187288
complete: 1543.5369371701127
database_size: 16387.126784779593
codetable_size: 258.06057529675564
complete: 16645.18736007635
Partition 10 ratio: 0.09273172501934712
processing txmeans_batch_results/batch-1/adult_txmeans__11_k16...
chunks ... [0, 10, 20, 30, 43]
num codes: 42
num codes with support 0: 0
chunks ... [0, 10, 20, 30, 43]
num codes with usage 0: 28
database_size: 168.22894237190266
codetable_size: 290.1331858182588
complete: 458.36212819016146
database_size: 3519.2418531341123
codetable_size: 139.61222301911016
complete: 3658.854076153222
Partition 11 ratio: 0.12527477692471017
processing txmeans_batch_results/batch-1/adult_txmeans__12_k16...
chunks ... [0, 51, 102, 153, 205]
num codes: 73
num codes with support 0: 0
chunks ... [0, 51, 102, 153, 205]
num codes with usage 0: 36
database_size: 920.5549030256906
codetable_size: 789.0093635156878
complete: 1709.5642665413784
database_size: 17866.120459621772
codetable_size: 282.3500734440469
complete: 18148.470533065818
Partition 12 ratio: 0.09419880663919407
processing txmeans_batch_results/batch-1/adult_txmeans__13_k16...
chunks ... [0, 2, 4, 6, 9]
num codes: 40
num codes with support 0: 0
chunks ... [0, 2, 4, 6, 9]
num codes with usage 0: 25
database_size: 95.98837045877208
codetable_size: 191.29054685924896
complete: 287.27891731802106
database_size: 794.3206128759442
codetable_size: 132.27643825573227
complete: 926.5970511316765
Partition 13 ratio: 0.3100365115204716
processing txmeans_batch_results/batch-1/adult_txmeans__14_k16...
chunks ... [0, 600, 1200, 1800, 2400]
num codes: 125
num codes with support 0: 0
chunks ... [0, 600, 1200, 1800, 2400]
num codes with usage 0: 27
database_size: 18057.178285575523
codetable_size: 3205.3466063091323
complete: 21262.524891884656
database_size: 217732.30547631762
codetable_size: 613.3335661137199
complete: 218345.63904243134
Partition 14 ratio: 0.0973801216508505
processing txmeans_batch_results/batch-1/adult_txmeans__15_k16...
chunks ... [0, 5663, 11326, 16989, 22652]
num codes: 235
num codes with support 0: 0
chunks ... [0, 5663, 11326, 16989, 22652]
num codes with usage 0: 25
database_size: 162189.2042224443
codetable_size: 12432.478101012799
complete: 174621.6823234571
database_size: 2149829.76822421
codetable_size: 665.2580154254485
complete: 2150495.0262396354
Partition 15 ratio: 0.08120069109334388
number of codetables: 16
size: 151
size: 201
size: 219
size: 155
size: 62
size: 86
size: 86
size: 82
size: 223
size: 105
size: 66
size: 42
size: 73
size: 40
size: 125
size: 235
database_size: 2474343.928416041
codetable_size: 677.7028634765386
complete: 2475021.631279518
current singletons: {1, 2, 3, 4, 5, 6, 7, 8, 9, 17, 23, 25, 26, 27, 28, 29, 30, 31, 32, 33, 34, 35, 36, 37, 38, 39, 42, 45, 46, 47, 48, 49, 50, 52, 53, 54, 55, 56, 57, 58, 59, 60, 61, 63, 65, 66, 67, 68, 69, 70, 71, 72, 73, 74, 76, 77, 78, 79, 80, 81, 82, 83, 84, 85, 88, 89, 90, 91, 92, 93, 94, 96, 97}
Added 24 singletons
added:  {10, 11, 12, 13, 14, 15, 16, 18, 19, 20, 21, 22, 24, 40, 41, 43, 44, 51, 62, 64, 75, 86, 87, 95}
chunks ... [0, 12210, 24420, 36630, 48842]
num codes: 175
num codes with support 0: 0
chunks ... [0, 12210, 24420, 36630, 48842]
database_size: 2181001.8339235266
codetable_size: 4448.1778981219095
complete: 2185450.0118216486
Partition ratio: 0.883002388424311
current singletons: {1, 2, 3, 4, 5, 6, 7, 8, 9, 11, 13, 17, 23, 26, 27, 29, 30, 31, 32, 33, 34, 35, 36, 37, 38, 39, 40, 42, 44, 45, 46, 47, 48, 49, 50, 51, 52, 53, 54, 55, 56, 57, 58, 59, 60, 61, 63, 64, 65, 66, 67, 68, 69, 70, 71, 72, 73, 74, 75, 76, 77, 78, 79, 80, 81, 82, 83, 84, 85, 86, 87, 88, 90, 93, 94, 95, 96, 97}
Added 19 singletons
added:  {10, 12, 14, 15, 16, 18, 19, 20, 21, 22, 24, 25, 28, 41, 43, 62, 89, 91, 92}
chunks ... [0, 12210, 24420, 36630, 48842]
num codes: 220
num codes with support 0: 80
chunks ... [0, 12210, 24420, 36630, 48842]
database_size: 2110000.663877617
codetable_size: 2068.9502508387695
complete: 2112069.614128456
Partition ratio: 0.8533540020159639
current singletons: {1, 2, 3, 4, 5, 6, 7, 8, 9, 14, 15, 16, 17, 18, 19, 20, 21, 22, 23, 24, 26, 27, 29, 30, 31, 32, 33, 34, 35, 36, 37, 38, 39, 40, 42, 45, 46, 47, 48, 49, 50, 51, 52, 53, 54, 55, 56, 57, 58, 59, 60, 61, 63, 65, 66, 67, 68, 69, 70, 71, 72, 73, 74, 75, 76, 77, 78, 79, 80, 81, 82, 83, 84, 85, 86, 87, 88, 89, 90, 92, 93, 94, 95, 96, 97}
Added 12 singletons
added:  {64, 41, 10, 43, 44, 11, 12, 13, 25, 91, 28, 62}
chunks ... [0, 12210, 24420, 36630, 48842]
num codes: 231
num codes with support 0: 76
chunks ... [0, 12210, 24420, 36630, 48842]
database_size: 2124217.1132324752
codetable_size: 2422.119567932627
complete: 2126639.232800408
Partition ratio: 0.8592406651819823
current singletons: {1, 2, 3, 4, 5, 6, 7, 9, 13, 14, 17, 18, 19, 22, 23, 24, 27, 29, 30, 31, 32, 33, 34, 35, 36, 37, 38, 39, 40, 42, 44, 45, 46, 47, 48, 49, 50, 51, 52, 53, 54, 55, 56, 57, 58, 59, 61, 63, 65, 66, 68, 69, 70, 71, 72, 73, 74, 75, 76, 77, 78, 79, 81, 82, 83, 84, 85, 86, 87, 88, 89, 90, 91, 92, 93, 95, 97}
Added 20 singletons
added:  {8, 10, 11, 12, 15, 16, 20, 21, 25, 26, 28, 41, 43, 60, 62, 64, 67, 80, 94, 96}
chunks ... [0, 12210, 24420, 36630, 48842]
num codes: 175
num codes with support 0: 46
chunks ... [0, 12210, 24420, 36630, 48842]
database_size: 2422708.6382408096
codetable_size: 1956.0490099714743
complete: 2424664.687250781
Partition ratio: 0.9796539378111601
current singletons: {1, 2, 3, 4, 6, 7, 9, 14, 17, 18, 19, 22, 23, 24, 27, 29, 30, 31, 32, 33, 34, 35, 36, 42, 44, 45, 46, 47, 48, 49, 50, 51, 55, 56, 61, 63, 66, 67, 68, 71, 73, 82, 86, 96, 97}
Added 52 singletons
added:  {5, 8, 10, 11, 12, 13, 15, 16, 20, 21, 25, 26, 28, 37, 38, 39, 40, 41, 43, 52, 53, 54, 57, 58, 59, 60, 62, 64, 65, 69, 70, 72, 74, 75, 76, 77, 78, 79, 80, 81, 83, 84, 85, 87, 88, 89, 90, 91, 92, 93, 94, 95}
chunks ... [0, 12210, 24420, 36630, 48842]
num codes: 114
num codes with support 0: 4
chunks ... [0, 12210, 24420, 36630, 48842]
database_size: 2165159.0216443543
codetable_size: 1587.2522487186416
complete: 2166746.273893073
Partition ratio: 0.8754453886420884
current singletons: {1, 2, 3, 4, 5, 6, 7, 9, 14, 17, 18, 19, 22, 23, 24, 27, 29, 30, 31, 32, 33, 34, 35, 36, 37, 39, 42, 44, 45, 46, 48, 49, 50, 51, 52, 53, 55, 56, 58, 59, 61, 63, 65, 66, 68, 70, 72, 73, 74, 76, 81, 82, 83, 84, 91, 96, 97}
Added 40 singletons
added:  {8, 10, 11, 12, 13, 15, 16, 20, 21, 25, 26, 28, 38, 40, 41, 43, 47, 54, 57, 60, 62, 64, 67, 69, 71, 75, 77, 78, 79, 80, 85, 86, 87, 88, 89, 90, 92, 93, 94, 95}
chunks ... [0, 12210, 24420, 36630, 48842]
num codes: 126
num codes with support 0: 7
chunks ... [0, 12210, 24420, 36630, 48842]
database_size: 2264397.747901051
codetable_size: 1768.433322453682
complete: 2266166.1812235047
Partition ratio: 0.9156146970933581
current singletons: {1, 2, 3, 4, 5, 6, 7, 9, 17, 18, 19, 21, 22, 23, 24, 27, 34, 42, 44, 45, 46, 47, 48, 49, 50, 51, 52, 53, 55, 56, 57, 58, 59, 60, 61, 63, 65, 66, 68, 70, 71, 72, 73, 74, 75, 76, 77, 79, 81, 82, 83, 86, 87, 89, 91, 92, 93, 96, 97}
Added 38 singletons
added:  {8, 10, 11, 12, 13, 14, 15, 16, 20, 25, 26, 28, 29, 30, 31, 32, 33, 35, 36, 37, 38, 39, 40, 41, 43, 54, 62, 64, 67, 69, 78, 80, 84, 85, 88, 90, 94, 95}
chunks ... [0, 12210, 24420, 36630, 48842]
num codes: 124
num codes with support 0: 16
chunks ... [0, 12210, 24420, 36630, 48842]
database_size: 2453404.1456343355
codetable_size: 1583.771232334649
complete: 2454987.91686667
Partition ratio: 0.9919056406781822
current singletons: {1, 2, 3, 4, 5, 6, 7, 9, 17, 21, 23, 24, 27, 29, 30, 31, 32, 33, 34, 35, 36, 37, 38, 39, 42, 44, 45, 46, 47, 48, 49, 50, 51, 52, 53, 55, 56, 57, 58, 59, 61, 63, 65, 66, 70, 72, 73, 74, 77, 78, 79, 81, 82, 83, 87, 89, 92, 93, 96, 97}
Added 37 singletons
added:  {8, 10, 11, 12, 13, 14, 15, 16, 18, 19, 20, 22, 25, 26, 28, 40, 41, 43, 54, 60, 62, 64, 67, 68, 69, 71, 75, 76, 80, 84, 85, 86, 88, 90, 91, 94, 95}
chunks ... [0, 12210, 24420, 36630, 48842]
num codes: 119
num codes with support 0: 6
chunks ... [0, 12210, 24420, 36630, 48842]
database_size: 2316645.0928426324
codetable_size: 1663.1475299492315
complete: 2318308.240372582
Partition ratio: 0.9366820116129977
current singletons: {1, 2, 3, 4, 5, 6, 7, 8, 9, 10, 11, 15, 16, 17, 20, 21, 23, 24, 27, 29, 30, 31, 32, 33, 34, 35, 36, 37, 38, 39, 40, 42, 44, 45, 46, 47, 48, 49, 50, 51, 52, 53, 54, 55, 56, 57, 58, 59, 60, 61, 63, 65, 66, 67, 68, 69, 70, 71, 72, 73, 74, 75, 76, 77, 78, 79, 80, 81, 82, 83, 84, 85, 86, 87, 88, 89, 90, 91, 92, 93, 94, 95, 96, 97}
Added 13 singletons
added:  {64, 41, 43, 12, 13, 14, 18, 19, 22, 25, 26, 28, 62}
chunks ... [0, 12210, 24420, 36630, 48842]
num codes: 236
num codes with support 0: 93
chunks ... [0, 12210, 24420, 36630, 48842]
database_size: 2267848.6976708365
codetable_size: 2196.0680330318396
complete: 2270044.765703868
Partition ratio: 0.9171817882376719
current singletons: {1, 2, 3, 4, 5, 6, 7, 9, 13, 15, 17, 21, 23, 24, 25, 26, 27, 28, 29, 30, 31, 32, 33, 34, 35, 36, 37, 38, 39, 41, 42, 44, 45, 46, 47, 48, 49, 50, 51, 52, 53, 54, 55, 56, 57, 58, 59, 61, 63, 65, 66, 68, 69, 70, 71, 72, 74, 75, 76, 78, 79, 80, 81, 82, 83, 86, 87, 90, 96, 97}
Added 27 singletons
added:  {8, 10, 11, 12, 14, 16, 18, 19, 20, 22, 40, 43, 60, 62, 64, 67, 73, 77, 84, 85, 88, 89, 91, 92, 93, 94, 95}
chunks ... [0, 12210, 24420, 36630, 48842]
num codes: 132
num codes with support 0: 18
chunks ... [0, 12210, 24420, 36630, 48842]
database_size: 2240134.612107613
codetable_size: 1672.1161103876432
complete: 2241806.728218001
Partition ratio: 0.9057725798780387
current singletons: {1, 2, 3, 4, 5, 6, 7, 9, 13, 14, 15, 17, 18, 19, 20, 21, 23, 24, 25, 26, 27, 31, 34, 42, 44, 45, 46, 47, 48, 49, 50, 51, 52, 53, 55, 56, 59, 61, 63, 65, 66, 71, 72, 77, 82, 87, 96, 97}
Added 49 singletons
added:  {8, 10, 11, 12, 16, 22, 28, 29, 30, 32, 33, 35, 36, 37, 38, 39, 40, 41, 43, 54, 57, 58, 60, 62, 64, 67, 68, 69, 70, 73, 74, 75, 76, 78, 79, 80, 81, 83, 84, 85, 86, 88, 89, 90, 91, 92, 93, 94, 95}
chunks ... [0, 12210, 24420, 36630, 48842]
num codes: 115
num codes with support 0: 4
chunks ... [0, 12210, 24420, 36630, 48842]
database_size: 2248879.692161317
codetable_size: 1644.1532274950694
complete: 2250523.845388812
Partition ratio: 0.9092946166395133
current singletons: {1, 2, 3, 5, 6, 7, 9, 15, 16, 17, 19, 20, 21, 23, 24, 25, 26, 27, 31, 34, 42, 44, 49, 50, 51, 52, 55, 56, 61, 66, 72, 90, 96, 97}
Added 63 singletons
added:  {4, 8, 10, 11, 12, 13, 14, 18, 22, 28, 29, 30, 32, 33, 35, 36, 37, 38, 39, 40, 41, 43, 45, 46, 47, 48, 53, 54, 57, 58, 59, 60, 62, 63, 64, 65, 67, 68, 69, 70, 71, 73, 74, 75, 76, 77, 78, 79, 80, 81, 82, 83, 84, 85, 86, 87, 88, 89, 91, 92, 93, 94, 95}
chunks ... [0, 12210, 24420, 36630, 48842]
num codes: 105
num codes with support 0: 2
chunks ... [0, 12210, 24420, 36630, 48842]
database_size: 2437190.592758904
codetable_size: 1468.5957944221075
complete: 2438659.1885533263
Partition ratio: 0.985308232353754
current singletons: {1, 2, 3, 5, 6, 7, 9, 14, 15, 16, 17, 19, 20, 21, 23, 24, 25, 26, 27, 28, 31, 34, 41, 42, 44, 45, 46, 47, 48, 49, 50, 51, 52, 53, 55, 56, 58, 61, 65, 66, 68, 69, 70, 71, 72, 78, 80, 81, 82, 83, 96, 97}
Added 45 singletons
added:  {4, 8, 10, 11, 12, 13, 18, 22, 29, 30, 32, 33, 35, 36, 37, 38, 39, 40, 43, 54, 57, 59, 60, 62, 63, 64, 67, 73, 74, 75, 76, 77, 79, 84, 85, 86, 87, 88, 89, 90, 91, 92, 93, 94, 95}
chunks ... [0, 12210, 24420, 36630, 48842]
num codes: 118
num codes with support 0: 4
chunks ... [0, 12210, 24420, 36630, 48842]
database_size: 2382421.9388335366
codetable_size: 1684.0008036432473
complete: 2384105.93963718
Partition ratio: 0.9632667082609144
current singletons: {1, 2, 3, 4, 9, 14, 15, 16, 17, 20, 21, 23, 24, 25, 26, 27, 31, 34, 42, 44, 45, 46, 48, 49, 50, 51, 52, 55, 56, 61, 72, 76, 81, 96, 97}
Added 62 singletons
added:  {5, 6, 7, 8, 10, 11, 12, 13, 18, 19, 22, 28, 29, 30, 32, 33, 35, 36, 37, 38, 39, 40, 41, 43, 47, 53, 54, 57, 58, 59, 60, 62, 63, 64, 65, 66, 67, 68, 69, 70, 71, 73, 74, 75, 77, 78, 79, 80, 82, 83, 84, 85, 86, 87, 88, 89, 90, 91, 92, 93, 94, 95}
chunks ... [0, 12210, 24420, 36630, 48842]
num codes: 102
num codes with support 0: 1
chunks ... [0, 12210, 24420, 36630, 48842]
database_size: 2468956.3737744032
codetable_size: 1433.1871688788933
complete: 2470389.560943282
Partition ratio: 0.9981284727867848
current singletons: {1, 2, 3, 4, 5, 6, 7, 8, 9, 14, 15, 16, 17, 18, 19, 20, 21, 22, 23, 24, 25, 26, 27, 28, 29, 30, 31, 32, 33, 34, 35, 36, 37, 38, 39, 41, 42, 44, 45, 46, 47, 48, 49, 50, 51, 52, 53, 54, 55, 56, 57, 58, 59, 60, 61, 63, 65, 66, 67, 68, 69, 70, 71, 72, 73, 74, 75, 76, 77, 78, 79, 80, 81, 82, 83, 84, 85, 86, 87, 88, 89, 90, 91, 92, 93, 94, 96, 97}
Added 9 singletons
added:  {64, 40, 10, 11, 43, 12, 13, 62, 95}
chunks ... [0, 12210, 24420, 36630, 48842]
num codes: 134
num codes with support 0: 24
chunks ... [0, 12210, 24420, 36630, 48842]
database_size: 2336613.8024279973
codetable_size: 1606.1623913087012
complete: 2338219.964819306
Partition ratio: 0.9447270824903905
current singletons: {1, 2, 3, 4, 5, 6, 7, 8, 9, 11, 12, 13, 14, 15, 16, 17, 18, 19, 20, 21, 22, 23, 24, 25, 26, 27, 28, 29, 30, 31, 32, 33, 34, 35, 36, 37, 38, 39, 40, 41, 42, 43, 44, 45, 46, 47, 48, 49, 50, 51, 52, 53, 54, 55, 56, 57, 58, 59, 61, 62, 63, 65, 66, 67, 68, 69, 70, 71, 72, 73, 74, 75, 76, 77, 78, 79, 80, 81, 82, 83, 84, 85, 86, 87, 88, 89, 90, 91, 92, 93, 94, 95, 96, 97}
Added 3 singletons
added:  {64, 10, 60}
chunks ... [0, 12210, 24420, 36630, 48842]
num codes: 238
num codes with support 0: 114
chunks ... [0, 12210, 24420, 36630, 48842]
database_size: 2408463.071168211
codetable_size: 1915.1493873608842
complete: 2410378.220555572
Partition ratio: 0.9738816784843504
merged table size: 220
chunks ... [0, 12210, 24420, 36630, 48842]
chunks ... [0, 12210, 24420, 36630, 48842]
merged table size without non-used codes: 134
database_size: 2110000.663877617
codetable_size: 2068.9502508387695
complete: 2112069.614128456
database_size: 2474343.928416041
codetable_size: 677.7028634765386
complete: 2475021.631279518
merged size: 2112069.614128456
sct size: 2475021.631279518
merged ratio: 0.8533540020159639
time elapsed: 31.255728721618652
-- MERGING METHOD informed
processing txmeans_batch_results/batch-1/adult_txmeans__0_k16...
chunks ... [0, 653, 1306, 1959, 2613]
num codes: 151
num codes with support 0: 0
chunks ... [0, 653, 1306, 1959, 2613]
num codes with usage 0: 20
database_size: 16538.04315467642
codetable_size: 3340.01154562566
complete: 19878.05470030208
database_size: 116736.2876545017
codetable_size: 512.6513111656096
complete: 117248.93896566732
Partition 0 ratio: 0.16953718196224143
processing txmeans_batch_results/batch-1/adult_txmeans__1_k16...
chunks ... [0, 1040, 2080, 3120, 4162]
num codes: 201
num codes with support 0: 0
chunks ... [0, 1040, 2080, 3120, 4162]
num codes with usage 0: 23
database_size: 29522.124733292505
codetable_size: 5556.565913801791
complete: 35078.69064709429
database_size: 211587.58784554
codetable_size: 552.4004867290752
complete: 212139.98833226907
Partition 1 ratio: 0.1653563334421962
processing txmeans_batch_results/batch-1/adult_txmeans__2_k16...
chunks ... [0, 950, 1900, 2850, 3800]
num codes: 219
num codes with support 0: 0
chunks ... [0, 950, 1900, 2850, 3800]
num codes with usage 0: 32
database_size: 31197.170291423165
codetable_size: 5739.219327750962
complete: 36936.38961917413
database_size: 206460.5486918121
codetable_size: 588.4764710293084
complete: 207049.0251628414
Partition 2 ratio: 0.17839441451184876
processing txmeans_batch_results/batch-1/adult_txmeans__3_k16...
chunks ... [0, 673, 1346, 2019, 2694]
num codes: 155
num codes with support 0: 0
chunks ... [0, 673, 1346, 2019, 2694]
num codes with usage 0: 25
database_size: 20071.3276911244
codetable_size: 3868.5111282187413
complete: 23939.838819343142
database_size: 159996.057896278
codetable_size: 529.247891256578
complete: 160525.3057875346
Partition 3 ratio: 0.14913436047914486
processing txmeans_batch_results/batch-1/adult_txmeans__4_k16...
chunks ... [0, 23, 46, 69, 95]
num codes: 62
num codes with support 0: 0
chunks ... [0, 23, 46, 69, 95]
num codes with usage 0: 26
database_size: 785.5825080540845
codetable_size: 594.3307329710115
complete: 1379.9132410250959
database_size: 6007.8832217305
codetable_size: 225.76474832616668
complete: 6233.647970056667
Partition 4 ratio: 0.22136528203926661
processing txmeans_batch_results/batch-1/adult_txmeans__5_k16...
chunks ... [0, 65, 130, 195, 263]
num codes: 86
num codes with support 0: 0
chunks ... [0, 65, 130, 195, 263]
num codes with usage 0: 28
database_size: 2397.9096807729597
codetable_size: 1077.5766355134372
complete: 3475.4863162863967
database_size: 17927.29652906246
codetable_size: 318.7849429617428
complete: 18246.0814720242
Partition 5 ratio: 0.1904785047471801
processing txmeans_batch_results/batch-1/adult_txmeans__6_k16...
chunks ... [0, 173, 346, 519, 694]
num codes: 86
num codes with support 0: 0
chunks ... [0, 173, 346, 519, 694]
num codes with usage 0: 19
database_size: 5374.471104817052
codetable_size: 1644.3208587472502
complete: 7018.791963564302
database_size: 46637.82523061728
codetable_size: 356.5991338496845
complete: 46994.42436446696
Partition 6 ratio: 0.14935371713737372
processing txmeans_batch_results/batch-1/adult_txmeans__7_k16...
chunks ... [0, 75, 150, 225, 301]
num codes: 82
num codes with support 0: 0
chunks ... [0, 75, 150, 225, 301]
num codes with usage 0: 25
database_size: 2631.9836191424606
codetable_size: 1034.0990284908316
complete: 3666.0826476332923
database_size: 21301.29471063358
codetable_size: 350.9483984170149
complete: 21652.243109050596
Partition 7 ratio: 0.16931652896973418
processing txmeans_batch_results/batch-1/adult_txmeans__8_k16...
chunks ... [0, 1834, 3668, 5502, 7339]
num codes: 223
num codes with support 0: 0
chunks ... [0, 1834, 3668, 5502, 7339]
num codes with usage 0: 24
database_size: 53348.17070697818
codetable_size: 8546.899776172835
complete: 61895.07048315101
database_size: 541187.3617230882
codetable_size: 604.4238167758232
complete: 541791.785539864
Partition 8 ratio: 0.11424143395137705
processing txmeans_batch_results/batch-1/adult_txmeans__9_k16...
chunks ... [0, 341, 682, 1023, 1365]
num codes: 105
num codes with support 0: 0
chunks ... [0, 341, 682, 1023, 1365]
num codes with usage 0: 25
database_size: 9808.344430106352
codetable_size: 2198.2106050251678
complete: 12006.55503513152
database_size: 106595.01894434405
codetable_size: 453.14570048275306
complete: 107048.1646448268
Partition 9 ratio: 0.1121603072314958
processing txmeans_batch_results/batch-1/adult_txmeans__10_k16...
chunks ... [0, 51, 102, 153, 206]
num codes: 66
num codes with support 0: 0
chunks ... [0, 51, 102, 153, 206]
num codes with usage 0: 32
database_size: 815.1066797513837
codetable_size: 728.4302574187288
complete: 1543.5369371701127
database_size: 16387.126784779593
codetable_size: 258.06057529675564
complete: 16645.18736007635
Partition 10 ratio: 0.09273172501934712
processing txmeans_batch_results/batch-1/adult_txmeans__11_k16...
chunks ... [0, 10, 20, 30, 43]
num codes: 42
num codes with support 0: 0
chunks ... [0, 10, 20, 30, 43]
num codes with usage 0: 28
database_size: 168.22894237190266
codetable_size: 290.1331858182588
complete: 458.36212819016146
database_size: 3519.2418531341123
codetable_size: 139.61222301911016
complete: 3658.854076153222
Partition 11 ratio: 0.12527477692471017
processing txmeans_batch_results/batch-1/adult_txmeans__12_k16...
chunks ... [0, 51, 102, 153, 205]
num codes: 73
num codes with support 0: 0
chunks ... [0, 51, 102, 153, 205]
num codes with usage 0: 36
database_size: 920.5549030256906
codetable_size: 789.0093635156878
complete: 1709.5642665413784
database_size: 17866.120459621772
codetable_size: 282.3500734440469
complete: 18148.470533065818
Partition 12 ratio: 0.09419880663919407
processing txmeans_batch_results/batch-1/adult_txmeans__13_k16...
chunks ... [0, 2, 4, 6, 9]
num codes: 40
num codes with support 0: 0
chunks ... [0, 2, 4, 6, 9]
num codes with usage 0: 25
database_size: 95.98837045877208
codetable_size: 191.29054685924896
complete: 287.27891731802106
database_size: 794.3206128759442
codetable_size: 132.27643825573227
complete: 926.5970511316765
Partition 13 ratio: 0.3100365115204716
processing txmeans_batch_results/batch-1/adult_txmeans__14_k16...
chunks ... [0, 600, 1200, 1800, 2400]
num codes: 125
num codes with support 0: 0
chunks ... [0, 600, 1200, 1800, 2400]
num codes with usage 0: 27
database_size: 18057.178285575523
codetable_size: 3205.3466063091323
complete: 21262.524891884656
database_size: 217732.30547631762
codetable_size: 613.3335661137199
complete: 218345.63904243134
Partition 14 ratio: 0.0973801216508505
processing txmeans_batch_results/batch-1/adult_txmeans__15_k16...
chunks ... [0, 5663, 11326, 16989, 22652]
num codes: 235
num codes with support 0: 0
chunks ... [0, 5663, 11326, 16989, 22652]
num codes with usage 0: 25
database_size: 162189.2042224443
codetable_size: 12432.478101012799
complete: 174621.6823234571
database_size: 2149829.76822421
codetable_size: 665.2580154254485
complete: 2150495.0262396354
Partition 15 ratio: 0.08120069109334388
number of codetables: 16
size: 151
size: 201
size: 219
size: 155
size: 62
size: 86
size: 86
size: 82
size: 223
size: 105
size: 66
size: 42
size: 73
size: 40
size: 125
size: 235
database_size: 2474343.928416041
codetable_size: 677.7028634765386
complete: 2475021.631279518
database_size: 2474343.928416041
codetable_size: 677.7028634765386
complete: 2475021.631279518
current singletons: {1, 2, 3, 4, 5, 6, 7, 8, 9, 17, 23, 25, 26, 27, 28, 29, 30, 31, 32, 33, 34, 35, 36, 37, 38, 39, 42, 45, 46, 47, 48, 49, 50, 52, 53, 54, 55, 56, 57, 58, 59, 60, 61, 63, 65, 66, 67, 68, 69, 70, 71, 72, 73, 74, 76, 77, 78, 79, 80, 81, 82, 83, 84, 85, 88, 89, 90, 91, 92, 93, 94, 96, 97}
Added 24 singletons
added:  {10, 11, 12, 13, 14, 15, 16, 18, 19, 20, 21, 22, 24, 40, 41, 43, 44, 51, 62, 64, 75, 86, 87, 95}
chunks ... [0, 12210, 24420, 36630, 48842]
num codes: 175
num codes with support 0: 0
chunks ... [0, 12210, 24420, 36630, 48842]
database_size: 2181001.8339235266
codetable_size: 4448.1778981219095
complete: 2185450.0118216486
Partition ratio: 0.883002388424311
current singletons: {1, 2, 3, 4, 5, 6, 7, 8, 9, 11, 13, 17, 23, 26, 27, 29, 30, 31, 32, 33, 34, 35, 36, 37, 38, 39, 40, 42, 44, 45, 46, 47, 48, 49, 50, 51, 52, 53, 54, 55, 56, 57, 58, 59, 60, 61, 63, 64, 65, 66, 67, 68, 69, 70, 71, 72, 73, 74, 75, 76, 77, 78, 79, 80, 81, 82, 83, 84, 85, 86, 87, 88, 90, 93, 94, 95, 96, 97}
Added 19 singletons
added:  {10, 12, 14, 15, 16, 18, 19, 20, 21, 22, 24, 25, 28, 41, 43, 62, 89, 91, 92}
chunks ... [0, 12210, 24420, 36630, 48842]
num codes: 220
num codes with support 0: 80
chunks ... [0, 12210, 24420, 36630, 48842]
database_size: 2110000.663877617
codetable_size: 2068.9502508387695
complete: 2112069.614128456
Partition ratio: 0.8533540020159639
current singletons: {1, 2, 3, 4, 5, 6, 7, 8, 9, 14, 15, 16, 17, 18, 19, 20, 21, 22, 23, 24, 26, 27, 29, 30, 31, 32, 33, 34, 35, 36, 37, 38, 39, 40, 42, 45, 46, 47, 48, 49, 50, 51, 52, 53, 54, 55, 56, 57, 58, 59, 60, 61, 63, 65, 66, 67, 68, 69, 70, 71, 72, 73, 74, 75, 76, 77, 78, 79, 80, 81, 82, 83, 84, 85, 86, 87, 88, 89, 90, 92, 93, 94, 95, 96, 97}
Added 12 singletons
added:  {64, 41, 10, 43, 44, 11, 12, 13, 25, 91, 28, 62}
chunks ... [0, 12210, 24420, 36630, 48842]
num codes: 231
num codes with support 0: 76
chunks ... [0, 12210, 24420, 36630, 48842]
database_size: 2124217.1132324752
codetable_size: 2422.119567932627
complete: 2126639.232800408
Partition ratio: 0.8592406651819823
current singletons: {1, 2, 3, 4, 5, 6, 7, 9, 13, 14, 17, 18, 19, 22, 23, 24, 27, 29, 30, 31, 32, 33, 34, 35, 36, 37, 38, 39, 40, 42, 44, 45, 46, 47, 48, 49, 50, 51, 52, 53, 54, 55, 56, 57, 58, 59, 61, 63, 65, 66, 68, 69, 70, 71, 72, 73, 74, 75, 76, 77, 78, 79, 81, 82, 83, 84, 85, 86, 87, 88, 89, 90, 91, 92, 93, 95, 97}
Added 20 singletons
added:  {8, 10, 11, 12, 15, 16, 20, 21, 25, 26, 28, 41, 43, 60, 62, 64, 67, 80, 94, 96}
chunks ... [0, 12210, 24420, 36630, 48842]
num codes: 175
num codes with support 0: 46
chunks ... [0, 12210, 24420, 36630, 48842]
database_size: 2422708.6382408096
codetable_size: 1956.0490099714743
complete: 2424664.687250781
Partition ratio: 0.9796539378111601
current singletons: {1, 2, 3, 4, 6, 7, 9, 14, 17, 18, 19, 22, 23, 24, 27, 29, 30, 31, 32, 33, 34, 35, 36, 42, 44, 45, 46, 47, 48, 49, 50, 51, 55, 56, 61, 63, 66, 67, 68, 71, 73, 82, 86, 96, 97}
Added 52 singletons
added:  {5, 8, 10, 11, 12, 13, 15, 16, 20, 21, 25, 26, 28, 37, 38, 39, 40, 41, 43, 52, 53, 54, 57, 58, 59, 60, 62, 64, 65, 69, 70, 72, 74, 75, 76, 77, 78, 79, 80, 81, 83, 84, 85, 87, 88, 89, 90, 91, 92, 93, 94, 95}
chunks ... [0, 12210, 24420, 36630, 48842]
num codes: 114
num codes with support 0: 4
chunks ... [0, 12210, 24420, 36630, 48842]
database_size: 2165159.0216443543
codetable_size: 1587.2522487186416
complete: 2166746.273893073
Partition ratio: 0.8754453886420884
current singletons: {1, 2, 3, 4, 5, 6, 7, 9, 14, 17, 18, 19, 22, 23, 24, 27, 29, 30, 31, 32, 33, 34, 35, 36, 37, 39, 42, 44, 45, 46, 48, 49, 50, 51, 52, 53, 55, 56, 58, 59, 61, 63, 65, 66, 68, 70, 72, 73, 74, 76, 81, 82, 83, 84, 91, 96, 97}
Added 40 singletons
added:  {8, 10, 11, 12, 13, 15, 16, 20, 21, 25, 26, 28, 38, 40, 41, 43, 47, 54, 57, 60, 62, 64, 67, 69, 71, 75, 77, 78, 79, 80, 85, 86, 87, 88, 89, 90, 92, 93, 94, 95}
chunks ... [0, 12210, 24420, 36630, 48842]
num codes: 126
num codes with support 0: 7
chunks ... [0, 12210, 24420, 36630, 48842]
database_size: 2264397.747901051
codetable_size: 1768.433322453682
complete: 2266166.1812235047
Partition ratio: 0.9156146970933581
current singletons: {1, 2, 3, 4, 5, 6, 7, 9, 17, 18, 19, 21, 22, 23, 24, 27, 34, 42, 44, 45, 46, 47, 48, 49, 50, 51, 52, 53, 55, 56, 57, 58, 59, 60, 61, 63, 65, 66, 68, 70, 71, 72, 73, 74, 75, 76, 77, 79, 81, 82, 83, 86, 87, 89, 91, 92, 93, 96, 97}
Added 38 singletons
added:  {8, 10, 11, 12, 13, 14, 15, 16, 20, 25, 26, 28, 29, 30, 31, 32, 33, 35, 36, 37, 38, 39, 40, 41, 43, 54, 62, 64, 67, 69, 78, 80, 84, 85, 88, 90, 94, 95}
chunks ... [0, 12210, 24420, 36630, 48842]
num codes: 124
num codes with support 0: 16
chunks ... [0, 12210, 24420, 36630, 48842]
database_size: 2453404.1456343355
codetable_size: 1583.771232334649
complete: 2454987.91686667
Partition ratio: 0.9919056406781822
current singletons: {1, 2, 3, 4, 5, 6, 7, 9, 17, 21, 23, 24, 27, 29, 30, 31, 32, 33, 34, 35, 36, 37, 38, 39, 42, 44, 45, 46, 47, 48, 49, 50, 51, 52, 53, 55, 56, 57, 58, 59, 61, 63, 65, 66, 70, 72, 73, 74, 77, 78, 79, 81, 82, 83, 87, 89, 92, 93, 96, 97}
Added 37 singletons
added:  {8, 10, 11, 12, 13, 14, 15, 16, 18, 19, 20, 22, 25, 26, 28, 40, 41, 43, 54, 60, 62, 64, 67, 68, 69, 71, 75, 76, 80, 84, 85, 86, 88, 90, 91, 94, 95}
chunks ... [0, 12210, 24420, 36630, 48842]
num codes: 119
num codes with support 0: 6
chunks ... [0, 12210, 24420, 36630, 48842]
database_size: 2316645.0928426324
codetable_size: 1663.1475299492315
complete: 2318308.240372582
Partition ratio: 0.9366820116129977
current singletons: {1, 2, 3, 4, 5, 6, 7, 8, 9, 10, 11, 15, 16, 17, 20, 21, 23, 24, 27, 29, 30, 31, 32, 33, 34, 35, 36, 37, 38, 39, 40, 42, 44, 45, 46, 47, 48, 49, 50, 51, 52, 53, 54, 55, 56, 57, 58, 59, 60, 61, 63, 65, 66, 67, 68, 69, 70, 71, 72, 73, 74, 75, 76, 77, 78, 79, 80, 81, 82, 83, 84, 85, 86, 87, 88, 89, 90, 91, 92, 93, 94, 95, 96, 97}
Added 13 singletons
added:  {64, 41, 43, 12, 13, 14, 18, 19, 22, 25, 26, 28, 62}
chunks ... [0, 12210, 24420, 36630, 48842]
num codes: 236
num codes with support 0: 93
chunks ... [0, 12210, 24420, 36630, 48842]
database_size: 2267848.6976708365
codetable_size: 2196.0680330318396
complete: 2270044.765703868
Partition ratio: 0.9171817882376719
current singletons: {1, 2, 3, 4, 5, 6, 7, 9, 13, 15, 17, 21, 23, 24, 25, 26, 27, 28, 29, 30, 31, 32, 33, 34, 35, 36, 37, 38, 39, 41, 42, 44, 45, 46, 47, 48, 49, 50, 51, 52, 53, 54, 55, 56, 57, 58, 59, 61, 63, 65, 66, 68, 69, 70, 71, 72, 74, 75, 76, 78, 79, 80, 81, 82, 83, 86, 87, 90, 96, 97}
Added 27 singletons
added:  {8, 10, 11, 12, 14, 16, 18, 19, 20, 22, 40, 43, 60, 62, 64, 67, 73, 77, 84, 85, 88, 89, 91, 92, 93, 94, 95}
chunks ... [0, 12210, 24420, 36630, 48842]
num codes: 132
num codes with support 0: 18
chunks ... [0, 12210, 24420, 36630, 48842]
database_size: 2240134.612107613
codetable_size: 1672.1161103876432
complete: 2241806.728218001
Partition ratio: 0.9057725798780387
current singletons: {1, 2, 3, 4, 5, 6, 7, 9, 13, 14, 15, 17, 18, 19, 20, 21, 23, 24, 25, 26, 27, 31, 34, 42, 44, 45, 46, 47, 48, 49, 50, 51, 52, 53, 55, 56, 59, 61, 63, 65, 66, 71, 72, 77, 82, 87, 96, 97}
Added 49 singletons
added:  {8, 10, 11, 12, 16, 22, 28, 29, 30, 32, 33, 35, 36, 37, 38, 39, 40, 41, 43, 54, 57, 58, 60, 62, 64, 67, 68, 69, 70, 73, 74, 75, 76, 78, 79, 80, 81, 83, 84, 85, 86, 88, 89, 90, 91, 92, 93, 94, 95}
chunks ... [0, 12210, 24420, 36630, 48842]
num codes: 115
num codes with support 0: 4
chunks ... [0, 12210, 24420, 36630, 48842]
database_size: 2248879.692161317
codetable_size: 1644.1532274950694
complete: 2250523.845388812
Partition ratio: 0.9092946166395133
current singletons: {1, 2, 3, 5, 6, 7, 9, 15, 16, 17, 19, 20, 21, 23, 24, 25, 26, 27, 31, 34, 42, 44, 49, 50, 51, 52, 55, 56, 61, 66, 72, 90, 96, 97}
Added 63 singletons
added:  {4, 8, 10, 11, 12, 13, 14, 18, 22, 28, 29, 30, 32, 33, 35, 36, 37, 38, 39, 40, 41, 43, 45, 46, 47, 48, 53, 54, 57, 58, 59, 60, 62, 63, 64, 65, 67, 68, 69, 70, 71, 73, 74, 75, 76, 77, 78, 79, 80, 81, 82, 83, 84, 85, 86, 87, 88, 89, 91, 92, 93, 94, 95}
chunks ... [0, 12210, 24420, 36630, 48842]
num codes: 105
num codes with support 0: 2
chunks ... [0, 12210, 24420, 36630, 48842]
database_size: 2437190.592758904
codetable_size: 1468.5957944221075
complete: 2438659.1885533263
Partition ratio: 0.985308232353754
current singletons: {1, 2, 3, 5, 6, 7, 9, 14, 15, 16, 17, 19, 20, 21, 23, 24, 25, 26, 27, 28, 31, 34, 41, 42, 44, 45, 46, 47, 48, 49, 50, 51, 52, 53, 55, 56, 58, 61, 65, 66, 68, 69, 70, 71, 72, 78, 80, 81, 82, 83, 96, 97}
Added 45 singletons
added:  {4, 8, 10, 11, 12, 13, 18, 22, 29, 30, 32, 33, 35, 36, 37, 38, 39, 40, 43, 54, 57, 59, 60, 62, 63, 64, 67, 73, 74, 75, 76, 77, 79, 84, 85, 86, 87, 88, 89, 90, 91, 92, 93, 94, 95}
chunks ... [0, 12210, 24420, 36630, 48842]
num codes: 118
num codes with support 0: 4
chunks ... [0, 12210, 24420, 36630, 48842]
database_size: 2382421.9388335366
codetable_size: 1684.0008036432473
complete: 2384105.93963718
Partition ratio: 0.9632667082609144
current singletons: {1, 2, 3, 4, 9, 14, 15, 16, 17, 20, 21, 23, 24, 25, 26, 27, 31, 34, 42, 44, 45, 46, 48, 49, 50, 51, 52, 55, 56, 61, 72, 76, 81, 96, 97}
Added 62 singletons
added:  {5, 6, 7, 8, 10, 11, 12, 13, 18, 19, 22, 28, 29, 30, 32, 33, 35, 36, 37, 38, 39, 40, 41, 43, 47, 53, 54, 57, 58, 59, 60, 62, 63, 64, 65, 66, 67, 68, 69, 70, 71, 73, 74, 75, 77, 78, 79, 80, 82, 83, 84, 85, 86, 87, 88, 89, 90, 91, 92, 93, 94, 95}
chunks ... [0, 12210, 24420, 36630, 48842]
num codes: 102
num codes with support 0: 1
chunks ... [0, 12210, 24420, 36630, 48842]
database_size: 2468956.3737744032
codetable_size: 1433.1871688788933
complete: 2470389.560943282
Partition ratio: 0.9981284727867848
current singletons: {1, 2, 3, 4, 5, 6, 7, 8, 9, 14, 15, 16, 17, 18, 19, 20, 21, 22, 23, 24, 25, 26, 27, 28, 29, 30, 31, 32, 33, 34, 35, 36, 37, 38, 39, 41, 42, 44, 45, 46, 47, 48, 49, 50, 51, 52, 53, 54, 55, 56, 57, 58, 59, 60, 61, 63, 65, 66, 67, 68, 69, 70, 71, 72, 73, 74, 75, 76, 77, 78, 79, 80, 81, 82, 83, 84, 85, 86, 87, 88, 89, 90, 91, 92, 93, 94, 96, 97}
Added 9 singletons
added:  {64, 40, 10, 11, 43, 12, 13, 62, 95}
chunks ... [0, 12210, 24420, 36630, 48842]
num codes: 134
num codes with support 0: 24
chunks ... [0, 12210, 24420, 36630, 48842]
database_size: 2336613.8024279973
codetable_size: 1606.1623913087012
complete: 2338219.964819306
Partition ratio: 0.9447270824903905
current singletons: {1, 2, 3, 4, 5, 6, 7, 8, 9, 11, 12, 13, 14, 15, 16, 17, 18, 19, 20, 21, 22, 23, 24, 25, 26, 27, 28, 29, 30, 31, 32, 33, 34, 35, 36, 37, 38, 39, 40, 41, 42, 43, 44, 45, 46, 47, 48, 49, 50, 51, 52, 53, 54, 55, 56, 57, 58, 59, 61, 62, 63, 65, 66, 67, 68, 69, 70, 71, 72, 73, 74, 75, 76, 77, 78, 79, 80, 81, 82, 83, 84, 85, 86, 87, 88, 89, 90, 91, 92, 93, 94, 95, 96, 97}
Added 3 singletons
added:  {64, 10, 60}
chunks ... [0, 12210, 24420, 36630, 48842]
num codes: 238
num codes with support 0: 114
chunks ... [0, 12210, 24420, 36630, 48842]
database_size: 2408463.071168211
codetable_size: 1915.1493873608842
complete: 2410378.220555572
Partition ratio: 0.9738816784843504
initial ratio: 0.8533540020159639
merged: {1}
merged: {1}
to_process: {0, 2, 3, 4, 5, 6, 7, 8, 9, 10, 11, 12, 13, 14, 15}
[(0, 0.4889042643774719), (2, 0.687080085234053), (3, 0.562756081657079), (4, 0.020859163046737076), (5, 0.06004269551909276), (6, 0.1536985699494763), (7, 0.06978401559285087), (8, 0.3697808472350718), (9, 0.2753576942695041), (10, 0.050953663016907166), (11, 0.01286807335056967), (12, 0.056345416580249), (13, 0.0028084156448762083), (14, 0.4351792094873909), (15, 0.10722501077924476)]
next_candidate: 13
chunks ... [0, 12210, 24420, 36630, 48842]
chunks ... [0, 12210, 24420, 36630, 48842]
database_size: 2106021.935323051
codetable_size: 2152.7208897578957
complete: 2108174.656212809
current_ratio: 0.8533540020159639 --- candidate_ratio:0.8517802954000612
!!!!! ********* merge accepted ... 
merged: {1, 13}
to_process: {0, 2, 3, 4, 5, 6, 7, 8, 9, 10, 11, 12, 14, 15}
[(0, 0.4877516305748847), (2, 0.6863572323527043), (3, 0.561651105645744), (4, 0.021127791097743057), (5, 0.060403715110558386), (6, 0.15391806185024767), (7, 0.07020043189864614), (8, 0.3709620076047776), (9, 0.27549087429816554), (10, 0.051625802524939264), (11, 0.013435760081244313), (12, 0.057152671767696055), (14, 0.43560134205827694), (15, 0.10758719426828894)]
next_candidate: 11
chunks ... [0, 12210, 24420, 36630, 48842]
chunks ... [0, 12210, 24420, 36630, 48842]
database_size: 2088120.3635206267
codetable_size: 2263.799902476842
complete: 2090384.1634231035
current_ratio: 0.8517802954000612 --- candidate_ratio:0.8445922803278421
!!!!! ********* merge accepted ... 
merged: {1, 11, 13}
to_process: {0, 2, 3, 4, 5, 6, 7, 8, 9, 10, 12, 14, 15}
[(0, 0.4811658902429129), (2, 0.6818559474553039), (3, 0.5556571685709925), (4, 0.0219222737855094), (5, 0.06157867482266099), (6, 0.15506854846413726), (7, 0.07220049795500826), (8, 0.3765878403183264), (9, 0.276277178313795), (10, 0.05441926811583231), (12, 0.06063005744913367), (14, 0.4377107853509473), (15, 0.10921348913073745)]
next_candidate: 4
chunks ... [0, 12210, 24420, 36630, 48842]
chunks ... [0, 12210, 24420, 36630, 48842]
database_size: 1960561.451990775
codetable_size: 2513.6018200281273
complete: 1963075.0538108032
current_ratio: 0.8445922803278421 --- candidate_ratio:0.7931547058018833
!!!!! ********* merge accepted ... 
merged: {1, 11, 4, 13}
to_process: {0, 2, 3, 5, 6, 7, 8, 9, 10, 12, 14, 15}
[(0, 0.4692173546815773), (2, 0.6726026937416423), (3, 0.5478287439290525), (5, 0.06513407697951554), (6, 0.15618285449487027), (7, 0.07464791294333739), (8, 0.38622429452728296), (9, 0.2747298863424292), (10, 0.05718834066915178), (12, 0.06316612675639327), (14, 0.4370766213559107), (15, 0.11220190611297279)]
next_candidate: 10
chunks ... [0, 12210, 24420, 36630, 48842]
chunks ... [0, 12210, 24420, 36630, 48842]
database_size: 1912261.198331037
codetable_size: 2737.0667300446826
complete: 1914998.2650610819
current_ratio: 0.7931547058018833 --- candidate_ratio:0.7737299104214619
!!!!! ********* merge accepted ... 
merged: {1, 4, 10, 11, 13}
to_process: {0, 2, 3, 5, 6, 7, 8, 9, 12, 14, 15}
[(0, 0.4389591150450753), (2, 0.6439074828294195), (3, 0.523409132547486), (5, 0.06417284100042708), (6, 0.16157848160586322), (7, 0.07921283849320238), (8, 0.4119585832936997), (9, 0.2787564361545051), (12, 0.06543808287861667), (14, 0.4424735391145963), (15, 0.11975640330781526)]
next_candidate: 5
chunks ... [0, 12210, 24420, 36630, 48842]
chunks ... [0, 12210, 24420, 36630, 48842]
database_size: 1913378.9587786044
codetable_size: 2921.4818651188293
complete: 1916300.4406437231
current_ratio: 0.7737299104214619 --- candidate_ratio:0.7742560373717011
!!!!! ********* merge rejected ... 
merged: {1, 4, 10, 11, 13}
to_process: {0, 2, 3, 6, 7, 8, 9, 12, 14, 15}
[(0, 0.4389591150450753), (2, 0.6439074828294195), (3, 0.523409132547486), (6, 0.16157848160586322), (7, 0.07921283849320238), (8, 0.4119585832936997), (9, 0.2787564361545051), (12, 0.06543808287861667), (14, 0.4424735391145963), (15, 0.11975640330781526)]
next_candidate: 12
chunks ... [0, 12210, 24420, 36630, 48842]
chunks ... [0, 12210, 24420, 36630, 48842]
database_size: 1909580.8347607304
codetable_size: 3063.6715648687805
complete: 1912644.5063255993
current_ratio: 0.7737299104214619 --- candidate_ratio:0.7727789051026657
!!!!! ********* merge accepted ... 
merged: {1, 4, 10, 11, 12, 13}
to_process: {0, 2, 3, 6, 7, 8, 9, 14, 15}
[(0, 0.41082312297645734), (2, 0.6148902871437532), (3, 0.49931291638627406), (6, 0.16488036473517148), (7, 0.07458473365515701), (8, 0.4395416826664886), (9, 0.28083981002326064), (14, 0.4480863429120282), (15, 0.12784333756478888)]
next_candidate: 7
chunks ... [0, 12210, 24420, 36630, 48842]
chunks ... [0, 12210, 24420, 36630, 48842]
database_size: 1924528.795852685
codetable_size: 3297.981841434912
complete: 1927826.77769412
current_ratio: 0.7727789051026657 --- candidate_ratio:0.7789131025483146
!!!!! ********* merge rejected ... 
merged: {1, 4, 10, 11, 12, 13}
to_process: {0, 2, 3, 6, 8, 9, 14, 15}
[(0, 0.41082312297645734), (2, 0.6148902871437532), (3, 0.49931291638627406), (6, 0.16488036473517148), (8, 0.4395416826664886), (9, 0.28083981002326064), (14, 0.4480863429120282), (15, 0.12784333756478888)]
next_candidate: 15
chunks ... [0, 12210, 24420, 36630, 48842]
chunks ... [0, 12210, 24420, 36630, 48842]
database_size: 1894406.6005376605
codetable_size: 3576.4091892148476
complete: 1897983.0097268755
current_ratio: 0.7727789051026657 --- candidate_ratio:0.7668551198664355
!!!!! ********* merge accepted ... 
merged: {1, 4, 10, 11, 12, 13, 15}
to_process: {0, 2, 3, 6, 8, 9, 14}
[(0, 0.0492394998053723), (2, 0.0795779140451787), (3, 0.0706654231899239), (6, 0.020545064919042427), (8, 0.21449784433604754), (9, 0.041620265407270506), (14, 0.08468828249346247)]
next_candidate: 6
chunks ... [0, 12210, 24420, 36630, 48842]
chunks ... [0, 12210, 24420, 36630, 48842]
database_size: 1893232.3260468217
codetable_size: 3749.3942302465616
complete: 1896981.7202770682
current_ratio: 0.7668551198664355 --- candidate_ratio:0.7664505620083737
!!!!! ********* merge accepted ... 
merged: {1, 4, 6, 10, 11, 12, 13, 15}
to_process: {0, 2, 3, 8, 9, 14}
[(0, 0.04824162439042485), (2, 0.07796440834760919), (3, 0.06923145144301086), (8, 0.21014678416167518), (9, 0.04077568991335967), (14, 0.08297260871319924)]
next_candidate: 9
chunks ... [0, 12210, 24420, 36630, 48842]
chunks ... [0, 12210, 24420, 36630, 48842]
database_size: 1891838.2343252234
codetable_size: 3948.8812367526784
complete: 1895787.115561976
current_ratio: 0.7664505620083737 --- candidate_ratio:0.7659678976550627
!!!!! ********* merge accepted ... 
merged: {1, 4, 6, 9, 10, 11, 12, 13, 15}
to_process: {0, 2, 3, 8, 14}
[(0, 0.04616345724370951), (2, 0.07460583420985152), (3, 0.06624907823882745), (8, 0.20109406683484815), (14, 0.08020423430216665)]
next_candidate: 0
chunks ... [0, 12210, 24420, 36630, 48842]
chunks ... [0, 12210, 24420, 36630, 48842]
database_size: 1828981.7780346293
codetable_size: 6824.376307446331
complete: 1835806.1543420756
current_ratio: 0.7659678976550627 --- candidate_ratio:0.7417333776565882
!!!!! ********* merge accepted ... 
merged: {0, 1, 4, 6, 9, 10, 11, 12, 13, 15}
to_process: {2, 3, 8, 14}
[(2, 0.07089921579104635), (3, 0.0629576459235183), (8, 0.1911060624767363), (14, 0.07621947231566614)]
next_candidate: 3
chunks ... [0, 12210, 24420, 36630, 48842]
chunks ... [0, 12210, 24420, 36630, 48842]
database_size: 1827192.1445939643
codetable_size: 7275.67854631862
complete: 1834467.8231402829
current_ratio: 0.7417333776565882 --- candidate_ratio:0.7411926425030531
!!!!! ********* merge accepted ... 
merged: {0, 1, 3, 4, 6, 9, 10, 11, 12, 13, 15}
to_process: {2, 8, 14}
[(2, 0.06661799755631426), (8, 0.17956623398220184), (14, 0.07161699271023308)]
next_candidate: 2
chunks ... [0, 12210, 24420, 36630, 48842]
chunks ... [0, 12210, 24420, 36630, 48842]
database_size: 1733319.6366457671
codetable_size: 7499.760261463028
complete: 1740819.3969072301
current_ratio: 0.7411926425030531 --- candidate_ratio:0.7033552252257588
!!!!! ********* merge accepted ... 
merged: {0, 1, 2, 3, 4, 6, 9, 10, 11, 12, 13, 15}
to_process: {8, 14}
[(8, 0.1666472041022796), (14, 0.06646395927503213)]
next_candidate: 14
chunks ... [0, 12210, 24420, 36630, 48842]
chunks ... [0, 12210, 24420, 36630, 48842]
database_size: 1730605.8392898268
codetable_size: 7621.96272318233
complete: 1738227.802013009
current_ratio: 0.7033552252257588 --- candidate_ratio:0.7023081253291484
!!!!! ********* merge accepted ... 
merged: {0, 1, 2, 3, 4, 6, 9, 10, 11, 12, 13, 14, 15}
to_process: {8}
[(8, 0.1556937630861961)]
next_candidate: 8
chunks ... [0, 12210, 24420, 36630, 48842]
chunks ... [0, 12210, 24420, 36630, 48842]
database_size: 1720645.4837289578
codetable_size: 8060.398678354505
complete: 1728705.8824073123
current_ratio: 0.7023081253291484 --- candidate_ratio:0.6984609187086656
!!!!! ********* merge accepted ... 
merged table size: 857
chunks ... [0, 12210, 24420, 36630, 48842]
chunks ... [0, 12210, 24420, 36630, 48842]
merged table size without non-used codes: 345
database_size: 1720645.4837289578
codetable_size: 8060.398678354505
complete: 1728705.8824073123
database_size: 2474343.928416041
codetable_size: 677.7028634765386
complete: 2475021.631279518
merged size: 1728705.8824073123
sct size: 2475021.631279518
merged ratio: 0.6984609187086656
time elapsed: 104.68405938148499
