
-- MERGING METHOD naive
processing batch_results/200d-5-10-neg15/batch-5/adult_transaction_k_means_200d_k4_FalseNorm_trans_clust_0_k4...
chunks ... [0, 3558, 7116, 10674, 14235]
num codes: 520
num codes with support 0: 0
chunks ... [0, 3558, 7116, 10674, 14235]
num codes with usage 0: 26
database_size: 120796.89861770115
codetable_size: 17140.76281805731
complete: 137937.66143575846
database_size: 675053.8301971422
codetable_size: 625.1356726626533
complete: 675678.9658698048
Partition 0 ratio: 0.20414674483493894
processing batch_results/200d-5-10-neg15/batch-5/adult_transaction_k_means_200d_k4_FalseNorm_trans_clust_1_k4...
chunks ... [0, 1641, 3282, 4923, 6565]
num codes: 412
num codes with support 0: 0
chunks ... [0, 1641, 3282, 4923, 6565]
num codes with usage 0: 33
database_size: 67181.13557940761
codetable_size: 10876.34238467285
complete: 78057.47796408046
database_size: 318998.8142300982
codetable_size: 611.7984454417538
complete: 319610.61267554
Partition 1 ratio: 0.24422680245390443
processing batch_results/200d-5-10-neg15/batch-5/adult_transaction_k_means_200d_k4_FalseNorm_trans_clust_2_k4...
chunks ... [0, 1811, 3622, 5433, 7247]
num codes: 364
num codes with support 0: 0
chunks ... [0, 1811, 3622, 5433, 7247]
num codes with usage 0: 33
database_size: 67112.40201280254
codetable_size: 9433.384726713677
complete: 76545.78673951622
database_size: 348289.55501717195
codetable_size: 641.4164083667031
complete: 348930.97142553865
Partition 2 ratio: 0.2193722913927432
processing batch_results/200d-5-10-neg15/batch-5/adult_transaction_k_means_200d_k4_FalseNorm_trans_clust_3_k4...
chunks ... [0, 5198, 10396, 15594, 20795]
num codes: 560
num codes with support 0: 0
chunks ... [0, 5198, 10396, 15594, 20795]
num codes with usage 0: 35
database_size: 186499.16918593293
codetable_size: 16785.83501562055
complete: 203285.00420155347
database_size: 987982.4303861058
codetable_size: 669.4553914664841
complete: 988651.8857775723
Partition 3 ratio: 0.20561838512215078
number of codetables: 4
size: 520
size: 412
size: 364
size: 560
merged table size: 1541
chunks ... [0, 12210, 24420, 36630, 48842]
chunks ... [0, 12210, 24420, 36630, 48842]
merged table size without non-used codes: 1487
database_size: 551301.4038717846
codetable_size: 53422.15250115872
complete: 604723.5563729433
database_size: 2474343.928416041
codetable_size: 677.7028634765386
complete: 2475021.631279518
merged size: 604723.5563729433
sct size: 2475021.631279518
merged ratio: 0.24433061462186814
time elapsed: 19.8128023147583
-- MERGING METHOD naive_plus
processing batch_results/200d-5-10-neg15/batch-5/adult_transaction_k_means_200d_k4_FalseNorm_trans_clust_0_k4...
chunks ... [0, 3558, 7116, 10674, 14235]
num codes: 520
num codes with support 0: 0
chunks ... [0, 3558, 7116, 10674, 14235]
num codes with usage 0: 26
database_size: 120796.89861770115
codetable_size: 17140.76281805731
complete: 137937.66143575846
database_size: 675053.8301971422
codetable_size: 625.1356726626533
complete: 675678.9658698048
Partition 0 ratio: 0.20414674483493894
processing batch_results/200d-5-10-neg15/batch-5/adult_transaction_k_means_200d_k4_FalseNorm_trans_clust_1_k4...
chunks ... [0, 1641, 3282, 4923, 6565]
num codes: 412
num codes with support 0: 0
chunks ... [0, 1641, 3282, 4923, 6565]
num codes with usage 0: 33
database_size: 67181.13557940761
codetable_size: 10876.34238467285
complete: 78057.47796408046
database_size: 318998.8142300982
codetable_size: 611.7984454417538
complete: 319610.61267554
Partition 1 ratio: 0.24422680245390443
processing batch_results/200d-5-10-neg15/batch-5/adult_transaction_k_means_200d_k4_FalseNorm_trans_clust_2_k4...
chunks ... [0, 1811, 3622, 5433, 7247]
num codes: 364
num codes with support 0: 0
chunks ... [0, 1811, 3622, 5433, 7247]
num codes with usage 0: 33
database_size: 67112.40201280254
codetable_size: 9433.384726713677
complete: 76545.78673951622
database_size: 348289.55501717195
codetable_size: 641.4164083667031
complete: 348930.97142553865
Partition 2 ratio: 0.2193722913927432
processing batch_results/200d-5-10-neg15/batch-5/adult_transaction_k_means_200d_k4_FalseNorm_trans_clust_3_k4...
chunks ... [0, 5198, 10396, 15594, 20795]
num codes: 560
num codes with support 0: 0
chunks ... [0, 5198, 10396, 15594, 20795]
num codes with usage 0: 35
database_size: 186499.16918593293
codetable_size: 16785.83501562055
complete: 203285.00420155347
database_size: 987982.4303861058
codetable_size: 669.4553914664841
complete: 988651.8857775723
Partition 3 ratio: 0.20561838512215078
number of codetables: 4
size: 520
size: 412
size: 364
size: 560
database_size: 2474343.928416041
codetable_size: 677.7028634765386
complete: 2475021.631279518
current singletons: {1, 2, 3, 4, 5, 6, 7, 8, 9, 11, 13, 14, 15, 16, 17, 19, 20, 23, 24, 25, 26, 27, 28, 29, 30, 31, 32, 33, 34, 35, 36, 37, 38, 39, 40, 41, 42, 43, 44, 45, 46, 47, 48, 49, 50, 51, 52, 53, 54, 55, 56, 57, 58, 59, 61, 62, 63, 65, 66, 67, 68, 69, 70, 71, 72, 73, 74, 75, 76, 77, 78, 79, 81, 82, 83, 84, 85, 86, 87, 88, 89, 90, 91, 92, 93, 94, 95, 96, 97}
Added 8 singletons
added:  {64, 10, 12, 80, 18, 21, 22, 60}
chunks ... [0, 12210, 24420, 36630, 48842]
num codes: 528
num codes with support 0: 0
chunks ... [0, 12210, 24420, 36630, 48842]
database_size: 1226047.4647305612
codetable_size: 18847.618772478218
complete: 1244895.0835030396
Partition ratio: 0.5029835164953541
current singletons: {1, 2, 3, 4, 5, 6, 7, 9, 13, 14, 15, 17, 18, 19, 20, 21, 22, 23, 24, 25, 26, 27, 28, 29, 30, 31, 32, 33, 34, 35, 36, 37, 38, 39, 40, 41, 42, 43, 44, 45, 46, 47, 48, 49, 50, 51, 52, 53, 54, 55, 56, 57, 58, 59, 60, 61, 63, 65, 66, 67, 68, 69, 70, 71, 72, 73, 74, 75, 76, 77, 78, 79, 80, 81, 82, 83, 84, 85, 86, 87, 88, 89, 90, 91, 92, 93, 95, 96, 97}
Added 8 singletons
added:  {64, 8, 10, 11, 12, 16, 62, 94}
chunks ... [0, 12210, 24420, 36630, 48842]
num codes: 420
num codes with support 0: 0
chunks ... [0, 12210, 24420, 36630, 48842]
database_size: 981503.7054358458
codetable_size: 12279.568120143495
complete: 993783.2735559893
Partition ratio: 0.40152508608267423
current singletons: {1, 2, 3, 4, 5, 6, 7, 8, 9, 11, 12, 14, 15, 16, 17, 18, 19, 20, 21, 22, 23, 24, 25, 26, 27, 28, 29, 30, 31, 32, 33, 34, 35, 36, 37, 38, 39, 40, 41, 42, 43, 44, 45, 46, 47, 48, 49, 50, 51, 52, 53, 54, 55, 56, 57, 58, 59, 61, 63, 65, 66, 67, 68, 69, 70, 71, 72, 73, 74, 75, 76, 77, 78, 79, 80, 81, 82, 83, 84, 85, 86, 87, 88, 89, 90, 91, 92, 93, 94, 95, 96, 97}
Added 5 singletons
added:  {64, 10, 13, 60, 62}
chunks ... [0, 12210, 24420, 36630, 48842]
num codes: 369
num codes with support 0: 0
chunks ... [0, 12210, 24420, 36630, 48842]
database_size: 1349307.6031238213
codetable_size: 10893.380377299623
complete: 1360200.983501121
Partition ratio: 0.5495713517452915
current singletons: {1, 2, 3, 4, 5, 6, 7, 8, 9, 10, 11, 12, 13, 15, 16, 17, 19, 20, 23, 24, 25, 26, 27, 28, 29, 30, 31, 32, 33, 34, 35, 36, 37, 38, 39, 40, 41, 42, 44, 45, 46, 47, 48, 49, 50, 51, 52, 53, 54, 55, 56, 57, 58, 59, 60, 61, 63, 64, 65, 66, 67, 68, 69, 70, 71, 72, 73, 74, 75, 76, 77, 78, 79, 80, 81, 82, 83, 84, 85, 86, 87, 88, 89, 90, 91, 92, 93, 94, 95, 96, 97}
Added 6 singletons
added:  {43, 14, 18, 21, 22, 62}
chunks ... [0, 12210, 24420, 36630, 48842]
num codes: 566
num codes with support 0: 0
chunks ... [0, 12210, 24420, 36630, 48842]
database_size: 1099279.5034396334
codetable_size: 18051.888113173783
complete: 1117331.3915528073
Partition ratio: 0.45144308131770866
merged table size: 420
chunks ... [0, 12210, 24420, 36630, 48842]
chunks ... [0, 12210, 24420, 36630, 48842]
merged table size without non-used codes: 411
database_size: 981503.7054358458
codetable_size: 12279.568120143495
complete: 993783.2735559893
database_size: 2474343.928416041
codetable_size: 677.7028634765386
complete: 2475021.631279518
merged size: 993783.2735559893
sct size: 2475021.631279518
merged ratio: 0.40152508608267423
time elapsed: 24.662795305252075
-- MERGING METHOD informed
processing batch_results/200d-5-10-neg15/batch-5/adult_transaction_k_means_200d_k4_FalseNorm_trans_clust_0_k4...
chunks ... [0, 3558, 7116, 10674, 14235]
num codes: 520
num codes with support 0: 0
chunks ... [0, 3558, 7116, 10674, 14235]
num codes with usage 0: 26
database_size: 120796.89861770115
codetable_size: 17140.76281805731
complete: 137937.66143575846
database_size: 675053.8301971422
codetable_size: 625.1356726626533
complete: 675678.9658698048
Partition 0 ratio: 0.20414674483493894
processing batch_results/200d-5-10-neg15/batch-5/adult_transaction_k_means_200d_k4_FalseNorm_trans_clust_1_k4...
chunks ... [0, 1641, 3282, 4923, 6565]
num codes: 412
num codes with support 0: 0
chunks ... [0, 1641, 3282, 4923, 6565]
num codes with usage 0: 33
database_size: 67181.13557940761
codetable_size: 10876.34238467285
complete: 78057.47796408046
database_size: 318998.8142300982
codetable_size: 611.7984454417538
complete: 319610.61267554
Partition 1 ratio: 0.24422680245390443
processing batch_results/200d-5-10-neg15/batch-5/adult_transaction_k_means_200d_k4_FalseNorm_trans_clust_2_k4...
chunks ... [0, 1811, 3622, 5433, 7247]
num codes: 364
num codes with support 0: 0
chunks ... [0, 1811, 3622, 5433, 7247]
num codes with usage 0: 33
database_size: 67112.40201280254
codetable_size: 9433.384726713677
complete: 76545.78673951622
database_size: 348289.55501717195
codetable_size: 641.4164083667031
complete: 348930.97142553865
Partition 2 ratio: 0.2193722913927432
processing batch_results/200d-5-10-neg15/batch-5/adult_transaction_k_means_200d_k4_FalseNorm_trans_clust_3_k4...
chunks ... [0, 5198, 10396, 15594, 20795]
num codes: 560
num codes with support 0: 0
chunks ... [0, 5198, 10396, 15594, 20795]
num codes with usage 0: 35
database_size: 186499.16918593293
codetable_size: 16785.83501562055
complete: 203285.00420155347
database_size: 987982.4303861058
codetable_size: 669.4553914664841
complete: 988651.8857775723
Partition 3 ratio: 0.20561838512215078
number of codetables: 4
size: 520
size: 412
size: 364
size: 560
database_size: 2474343.928416041
codetable_size: 677.7028634765386
complete: 2475021.631279518
database_size: 2474343.928416041
codetable_size: 677.7028634765386
complete: 2475021.631279518
current singletons: {1, 2, 3, 4, 5, 6, 7, 8, 9, 11, 13, 14, 15, 16, 17, 19, 20, 23, 24, 25, 26, 27, 28, 29, 30, 31, 32, 33, 34, 35, 36, 37, 38, 39, 40, 41, 42, 43, 44, 45, 46, 47, 48, 49, 50, 51, 52, 53, 54, 55, 56, 57, 58, 59, 61, 62, 63, 65, 66, 67, 68, 69, 70, 71, 72, 73, 74, 75, 76, 77, 78, 79, 81, 82, 83, 84, 85, 86, 87, 88, 89, 90, 91, 92, 93, 94, 95, 96, 97}
Added 8 singletons
added:  {64, 10, 12, 80, 18, 21, 22, 60}
chunks ... [0, 12210, 24420, 36630, 48842]
num codes: 528
num codes with support 0: 0
chunks ... [0, 12210, 24420, 36630, 48842]
database_size: 1226047.4647305612
codetable_size: 18847.618772478218
complete: 1244895.0835030396
Partition ratio: 0.5029835164953541
current singletons: {1, 2, 3, 4, 5, 6, 7, 9, 13, 14, 15, 17, 18, 19, 20, 21, 22, 23, 24, 25, 26, 27, 28, 29, 30, 31, 32, 33, 34, 35, 36, 37, 38, 39, 40, 41, 42, 43, 44, 45, 46, 47, 48, 49, 50, 51, 52, 53, 54, 55, 56, 57, 58, 59, 60, 61, 63, 65, 66, 67, 68, 69, 70, 71, 72, 73, 74, 75, 76, 77, 78, 79, 80, 81, 82, 83, 84, 85, 86, 87, 88, 89, 90, 91, 92, 93, 95, 96, 97}
Added 8 singletons
added:  {64, 8, 10, 11, 12, 16, 62, 94}
chunks ... [0, 12210, 24420, 36630, 48842]
num codes: 420
num codes with support 0: 0
chunks ... [0, 12210, 24420, 36630, 48842]
database_size: 981503.7054358458
codetable_size: 12279.568120143495
complete: 993783.2735559893
Partition ratio: 0.40152508608267423
current singletons: {1, 2, 3, 4, 5, 6, 7, 8, 9, 11, 12, 14, 15, 16, 17, 18, 19, 20, 21, 22, 23, 24, 25, 26, 27, 28, 29, 30, 31, 32, 33, 34, 35, 36, 37, 38, 39, 40, 41, 42, 43, 44, 45, 46, 47, 48, 49, 50, 51, 52, 53, 54, 55, 56, 57, 58, 59, 61, 63, 65, 66, 67, 68, 69, 70, 71, 72, 73, 74, 75, 76, 77, 78, 79, 80, 81, 82, 83, 84, 85, 86, 87, 88, 89, 90, 91, 92, 93, 94, 95, 96, 97}
Added 5 singletons
added:  {64, 10, 13, 60, 62}
chunks ... [0, 12210, 24420, 36630, 48842]
num codes: 369
num codes with support 0: 0
chunks ... [0, 12210, 24420, 36630, 48842]
database_size: 1349307.6031238213
codetable_size: 10893.380377299623
complete: 1360200.983501121
Partition ratio: 0.5495713517452915
current singletons: {1, 2, 3, 4, 5, 6, 7, 8, 9, 10, 11, 12, 13, 15, 16, 17, 19, 20, 23, 24, 25, 26, 27, 28, 29, 30, 31, 32, 33, 34, 35, 36, 37, 38, 39, 40, 41, 42, 44, 45, 46, 47, 48, 49, 50, 51, 52, 53, 54, 55, 56, 57, 58, 59, 60, 61, 63, 64, 65, 66, 67, 68, 69, 70, 71, 72, 73, 74, 75, 76, 77, 78, 79, 80, 81, 82, 83, 84, 85, 86, 87, 88, 89, 90, 91, 92, 93, 94, 95, 96, 97}
Added 6 singletons
added:  {43, 14, 18, 21, 22, 62}
chunks ... [0, 12210, 24420, 36630, 48842]
num codes: 566
num codes with support 0: 0
chunks ... [0, 12210, 24420, 36630, 48842]
database_size: 1099279.5034396334
codetable_size: 18051.888113173783
complete: 1117331.3915528073
Partition ratio: 0.45144308131770866
initial ratio: 0.40152508608267423
merged: {1}
merged: {1}
to_process: {0, 2, 3}
[(0, 0.14118882946223896), (2, 0.32438463783836874), (3, 0.11487377468755187)]
next_candidate: 3
chunks ... [0, 12210, 24420, 36630, 48842]
chunks ... [0, 12210, 24420, 36630, 48842]
database_size: 703608.4374979999
codetable_size: 28668.16539192998
complete: 732276.6028899299
current_ratio: 0.40152508608267423 --- candidate_ratio:0.29586674865195545
!!!!! ********* merge accepted ... 
merged: {1, 3}
to_process: {0, 2}
[(0, 0.20344017595011973), (2, 0.114364871444824)]
next_candidate: 2
chunks ... [0, 12210, 24420, 36630, 48842]
chunks ... [0, 12210, 24420, 36630, 48842]
database_size: 683173.3820989631
codetable_size: 37908.20575401711
complete: 721081.5878529802
current_ratio: 0.29586674865195545 --- candidate_ratio:0.29134354978554305
!!!!! ********* merge accepted ... 
merged: {1, 2, 3}
to_process: {0}
[(0, 0.18877731118774532)]
next_candidate: 0
chunks ... [0, 12210, 24420, 36630, 48842]
chunks ... [0, 12210, 24420, 36630, 48842]
database_size: 551301.4038717846
codetable_size: 53422.15250115872
complete: 604723.5563729433
current_ratio: 0.29134354978554305 --- candidate_ratio:0.24433061462186814
!!!!! ********* merge accepted ... 
merged table size: 1541
chunks ... [0, 12210, 24420, 36630, 48842]
chunks ... [0, 12210, 24420, 36630, 48842]
merged table size without non-used codes: 1487
database_size: 551301.4038717846
codetable_size: 53422.15250115872
complete: 604723.5563729433
database_size: 2474343.928416041
codetable_size: 677.7028634765386
complete: 2475021.631279518
merged size: 604723.5563729433
sct size: 2475021.631279518
merged ratio: 0.24433061462186814
time elapsed: 62.4010214805603
