
-- MERGING METHOD naive
processing batch_results/200d-5-10-neg15/batch-5/chessBig_transaction_k_means_200d_k4_FalseNorm_trans_clust_0_k4...
chunks ... [0, 2526, 5052, 7578, 10107]
num codes: 669
num codes with support 0: 0
chunks ... [0, 2526, 5052, 7578, 10107]
num codes with usage 0: 44
database_size: 136405.68833332646
codetable_size: 13828.668020429497
complete: 150234.35635375595
database_size: 257706.3020037461
codetable_size: 215.84839398342856
complete: 257922.15039772954
Partition 0 ratio: 0.5824794656918247
processing batch_results/200d-5-10-neg15/batch-5/chessBig_transaction_k_means_200d_k4_FalseNorm_trans_clust_1_k4...
chunks ... [0, 1344, 2688, 4032, 5379]
num codes: 378
num codes with support 0: 0
chunks ... [0, 1344, 2688, 4032, 5379]
num codes with usage 0: 29
database_size: 73320.40651511995
codetable_size: 6460.157058478609
complete: 79780.56357359856
database_size: 132067.97949127166
codetable_size: 217.32960338222802
complete: 132285.3090946539
Partition 1 ratio: 0.6030946604699188
processing batch_results/200d-5-10-neg15/batch-5/chessBig_transaction_k_means_200d_k4_FalseNorm_trans_clust_2_k4...
chunks ... [0, 1227, 2454, 3681, 4910]
num codes: 401
num codes with support 0: 0
chunks ... [0, 1227, 2454, 3681, 4910]
num codes with usage 0: 16
database_size: 64880.04235988808
codetable_size: 7230.132534322804
complete: 72110.17489421088
database_size: 123845.36128774312
codetable_size: 243.7765900312572
complete: 124089.13787777437
Partition 2 ratio: 0.5811159310755962
processing batch_results/200d-5-10-neg15/batch-5/chessBig_transaction_k_means_200d_k4_FalseNorm_trans_clust_3_k4...
chunks ... [0, 1915, 3830, 5745, 7660]
num codes: 485
num codes with support 0: 0
chunks ... [0, 1915, 3830, 5745, 7660]
num codes with usage 0: 49
database_size: 103475.20709270496
codetable_size: 8880.714040527688
complete: 112355.92113323265
database_size: 194725.5169472193
codetable_size: 253.546654899433
complete: 194979.06360211872
Partition 3 ratio: 0.5762460802586998
number of codetables: 4
size: 669
size: 378
size: 401
size: 485
merged table size: 1621
chunks ... [0, 7014, 14028, 21042, 28056]
chunks ... [0, 7014, 14028, 21042, 28056]
merged table size without non-used codes: 1559
database_size: 457031.7893547188
codetable_size: 36013.76261361732
complete: 493045.5519683361
database_size: 750710.600704819
codetable_size: 258.1889058609846
complete: 750968.78961068
merged size: 493045.5519683361
sct size: 750968.78961068
merged ratio: 0.6565459960379214
time elapsed: 9.717902898788452
-- MERGING METHOD naive_plus
processing batch_results/200d-5-10-neg15/batch-5/chessBig_transaction_k_means_200d_k4_FalseNorm_trans_clust_0_k4...
chunks ... [0, 2526, 5052, 7578, 10107]
num codes: 669
num codes with support 0: 0
chunks ... [0, 2526, 5052, 7578, 10107]
num codes with usage 0: 44
database_size: 136405.68833332646
codetable_size: 13828.668020429497
complete: 150234.35635375595
database_size: 257706.3020037461
codetable_size: 215.84839398342856
complete: 257922.15039772954
Partition 0 ratio: 0.5824794656918247
processing batch_results/200d-5-10-neg15/batch-5/chessBig_transaction_k_means_200d_k4_FalseNorm_trans_clust_1_k4...
chunks ... [0, 1344, 2688, 4032, 5379]
num codes: 378
num codes with support 0: 0
chunks ... [0, 1344, 2688, 4032, 5379]
num codes with usage 0: 29
database_size: 73320.40651511995
codetable_size: 6460.157058478609
complete: 79780.56357359856
database_size: 132067.97949127166
codetable_size: 217.32960338222802
complete: 132285.3090946539
Partition 1 ratio: 0.6030946604699188
processing batch_results/200d-5-10-neg15/batch-5/chessBig_transaction_k_means_200d_k4_FalseNorm_trans_clust_2_k4...
chunks ... [0, 1227, 2454, 3681, 4910]
num codes: 401
num codes with support 0: 0
chunks ... [0, 1227, 2454, 3681, 4910]
num codes with usage 0: 16
database_size: 64880.04235988808
codetable_size: 7230.132534322804
complete: 72110.17489421088
database_size: 123845.36128774312
codetable_size: 243.7765900312572
complete: 124089.13787777437
Partition 2 ratio: 0.5811159310755962
processing batch_results/200d-5-10-neg15/batch-5/chessBig_transaction_k_means_200d_k4_FalseNorm_trans_clust_3_k4...
chunks ... [0, 1915, 3830, 5745, 7660]
num codes: 485
num codes with support 0: 0
chunks ... [0, 1915, 3830, 5745, 7660]
num codes with usage 0: 49
database_size: 103475.20709270496
codetable_size: 8880.714040527688
complete: 112355.92113323265
database_size: 194725.5169472193
codetable_size: 253.546654899433
complete: 194979.06360211872
Partition 3 ratio: 0.5762460802586998
number of codetables: 4
size: 669
size: 378
size: 401
size: 485
database_size: 750710.600704819
codetable_size: 258.1889058609846
complete: 750968.78961068
current singletons: {1, 2, 3, 4, 5, 6, 7, 9, 10, 11, 12, 13, 14, 15, 16, 17, 18, 19, 20, 21, 22, 23, 24, 25, 26, 27, 28, 29, 30, 31, 32, 33, 34, 35, 36, 37, 38, 39, 40, 41, 48, 49, 50, 51, 52, 53, 54, 55, 56, 57}
Added 8 singletons
added:  {8, 42, 43, 44, 45, 46, 47, 58}
chunks ... [0, 7014, 14028, 21042, 28056]
num codes: 677
num codes with support 0: 0
chunks ... [0, 7014, 14028, 21042, 28056]
database_size: 515846.9609255301
codetable_size: 14807.298720311235
complete: 530654.2596458413
Partition ratio: 0.7066262499683177
current singletons: {1, 2, 3, 4, 5, 6, 9, 10, 11, 12, 13, 14, 15, 16, 17, 18, 19, 20, 21, 22, 23, 24, 25, 26, 27, 28, 29, 30, 31, 32, 33, 34, 35, 36, 37, 38, 39, 40, 41, 49, 50, 51, 52, 53, 54, 55, 56, 57, 58}
Added 9 singletons
added:  {7, 8, 42, 43, 44, 45, 46, 47, 48}
chunks ... [0, 7014, 14028, 21042, 28056]
num codes: 387
num codes with support 0: 0
chunks ... [0, 7014, 14028, 21042, 28056]
database_size: 623765.4001915576
codetable_size: 7632.381685815137
complete: 631397.7818773728
Partition ratio: 0.8407776602869267
current singletons: {1, 2, 3, 4, 5, 6, 7, 8, 9, 10, 11, 12, 13, 14, 15, 16, 17, 18, 19, 20, 21, 22, 23, 24, 25, 26, 27, 28, 29, 30, 31, 32, 33, 34, 35, 36, 37, 38, 39, 40, 41, 42, 43, 44, 45, 46, 47, 48, 49, 50, 51, 52, 53, 54}
Added 4 singletons
added:  {56, 57, 58, 55}
chunks ... [0, 7014, 14028, 21042, 28056]
num codes: 405
num codes with support 0: 0
chunks ... [0, 7014, 14028, 21042, 28056]
database_size: 567122.9473877638
codetable_size: 8393.323881417764
complete: 575516.2712691815
Partition ratio: 0.7663650996302294
current singletons: {2, 3, 4, 5, 6, 7, 8, 9, 10, 11, 12, 13, 14, 15, 16, 17, 18, 19, 20, 21, 22, 23, 24, 25, 26, 27, 28, 29, 30, 31, 32, 33, 34, 35, 36, 37, 38, 39, 40, 41, 42, 43, 44, 46, 47, 48, 49, 50, 51, 52, 53, 54, 55, 56}
Added 4 singletons
added:  {1, 58, 45, 57}
chunks ... [0, 7014, 14028, 21042, 28056]
num codes: 489
num codes with support 0: 0
chunks ... [0, 7014, 14028, 21042, 28056]
database_size: 517206.34210003604
codetable_size: 9777.323354564833
complete: 526983.6654546008
Partition ratio: 0.7017384380618557
merged table size: 489
chunks ... [0, 7014, 14028, 21042, 28056]
chunks ... [0, 7014, 14028, 21042, 28056]
merged table size without non-used codes: 460
database_size: 517206.34210003604
codetable_size: 9777.323354564833
complete: 526983.6654546008
database_size: 750710.600704819
codetable_size: 258.1889058609846
complete: 750968.78961068
merged size: 526983.6654546008
sct size: 750968.78961068
merged ratio: 0.7017384380618557
time elapsed: 16.028480529785156
-- MERGING METHOD informed
processing batch_results/200d-5-10-neg15/batch-5/chessBig_transaction_k_means_200d_k4_FalseNorm_trans_clust_0_k4...
chunks ... [0, 2526, 5052, 7578, 10107]
num codes: 669
num codes with support 0: 0
chunks ... [0, 2526, 5052, 7578, 10107]
num codes with usage 0: 44
database_size: 136405.68833332646
codetable_size: 13828.668020429497
complete: 150234.35635375595
database_size: 257706.3020037461
codetable_size: 215.84839398342856
complete: 257922.15039772954
Partition 0 ratio: 0.5824794656918247
processing batch_results/200d-5-10-neg15/batch-5/chessBig_transaction_k_means_200d_k4_FalseNorm_trans_clust_1_k4...
chunks ... [0, 1344, 2688, 4032, 5379]
num codes: 378
num codes with support 0: 0
chunks ... [0, 1344, 2688, 4032, 5379]
num codes with usage 0: 29
database_size: 73320.40651511995
codetable_size: 6460.157058478609
complete: 79780.56357359856
database_size: 132067.97949127166
codetable_size: 217.32960338222802
complete: 132285.3090946539
Partition 1 ratio: 0.6030946604699188
processing batch_results/200d-5-10-neg15/batch-5/chessBig_transaction_k_means_200d_k4_FalseNorm_trans_clust_2_k4...
chunks ... [0, 1227, 2454, 3681, 4910]
num codes: 401
num codes with support 0: 0
chunks ... [0, 1227, 2454, 3681, 4910]
num codes with usage 0: 16
database_size: 64880.04235988808
codetable_size: 7230.132534322804
complete: 72110.17489421088
database_size: 123845.36128774312
codetable_size: 243.7765900312572
complete: 124089.13787777437
Partition 2 ratio: 0.5811159310755962
processing batch_results/200d-5-10-neg15/batch-5/chessBig_transaction_k_means_200d_k4_FalseNorm_trans_clust_3_k4...
chunks ... [0, 1915, 3830, 5745, 7660]
num codes: 485
num codes with support 0: 0
chunks ... [0, 1915, 3830, 5745, 7660]
num codes with usage 0: 49
database_size: 103475.20709270496
codetable_size: 8880.714040527688
complete: 112355.92113323265
database_size: 194725.5169472193
codetable_size: 253.546654899433
complete: 194979.06360211872
Partition 3 ratio: 0.5762460802586998
number of codetables: 4
size: 669
size: 378
size: 401
size: 485
database_size: 750710.600704819
codetable_size: 258.1889058609846
complete: 750968.78961068
database_size: 750710.600704819
codetable_size: 258.1889058609846
complete: 750968.78961068
current singletons: {1, 2, 3, 4, 5, 6, 7, 9, 10, 11, 12, 13, 14, 15, 16, 17, 18, 19, 20, 21, 22, 23, 24, 25, 26, 27, 28, 29, 30, 31, 32, 33, 34, 35, 36, 37, 38, 39, 40, 41, 48, 49, 50, 51, 52, 53, 54, 55, 56, 57}
Added 8 singletons
added:  {8, 42, 43, 44, 45, 46, 47, 58}
chunks ... [0, 7014, 14028, 21042, 28056]
num codes: 677
num codes with support 0: 0
chunks ... [0, 7014, 14028, 21042, 28056]
database_size: 515846.9609255301
codetable_size: 14807.298720311235
complete: 530654.2596458413
Partition ratio: 0.7066262499683177
current singletons: {1, 2, 3, 4, 5, 6, 9, 10, 11, 12, 13, 14, 15, 16, 17, 18, 19, 20, 21, 22, 23, 24, 25, 26, 27, 28, 29, 30, 31, 32, 33, 34, 35, 36, 37, 38, 39, 40, 41, 49, 50, 51, 52, 53, 54, 55, 56, 57, 58}
Added 9 singletons
added:  {7, 8, 42, 43, 44, 45, 46, 47, 48}
chunks ... [0, 7014, 14028, 21042, 28056]
num codes: 387
num codes with support 0: 0
chunks ... [0, 7014, 14028, 21042, 28056]
database_size: 623765.4001915576
codetable_size: 7632.381685815137
complete: 631397.7818773728
Partition ratio: 0.8407776602869267
current singletons: {1, 2, 3, 4, 5, 6, 7, 8, 9, 10, 11, 12, 13, 14, 15, 16, 17, 18, 19, 20, 21, 22, 23, 24, 25, 26, 27, 28, 29, 30, 31, 32, 33, 34, 35, 36, 37, 38, 39, 40, 41, 42, 43, 44, 45, 46, 47, 48, 49, 50, 51, 52, 53, 54}
Added 4 singletons
added:  {56, 57, 58, 55}
chunks ... [0, 7014, 14028, 21042, 28056]
num codes: 405
num codes with support 0: 0
chunks ... [0, 7014, 14028, 21042, 28056]
database_size: 567122.9473877638
codetable_size: 8393.323881417764
complete: 575516.2712691815
Partition ratio: 0.7663650996302294
current singletons: {2, 3, 4, 5, 6, 7, 8, 9, 10, 11, 12, 13, 14, 15, 16, 17, 18, 19, 20, 21, 22, 23, 24, 25, 26, 27, 28, 29, 30, 31, 32, 33, 34, 35, 36, 37, 38, 39, 40, 41, 42, 43, 44, 46, 47, 48, 49, 50, 51, 52, 53, 54, 55, 56}
Added 4 singletons
added:  {1, 58, 45, 57}
chunks ... [0, 7014, 14028, 21042, 28056]
num codes: 489
num codes with support 0: 0
chunks ... [0, 7014, 14028, 21042, 28056]
database_size: 517206.34210003604
codetable_size: 9777.323354564833
complete: 526983.6654546008
Partition ratio: 0.7017384380618557
initial ratio: 0.7017384380618557
merged: {3}
merged: {3}
to_process: {0, 1, 2}
[(0, 0.3970773617404384), (1, 0.28360585625303114), (2, 0.34965994284542323)]
next_candidate: 1
chunks ... [0, 7014, 14028, 21042, 28056]
chunks ... [0, 7014, 14028, 21042, 28056]
database_size: 480695.75010440283
codetable_size: 16152.852931356676
complete: 496848.60303575953
current_ratio: 0.7017384380618557 --- candidate_ratio:0.6616101892774234
!!!!! ********* merge accepted ... 
merged: {1, 3}
to_process: {0, 2}
[(0, 0.49297766742778626), (2, 0.22467443569682125)]
next_candidate: 2
chunks ... [0, 7014, 14028, 21042, 28056]
chunks ... [0, 7014, 14028, 21042, 28056]
database_size: 470763.28164852754
codetable_size: 22661.96449531183
complete: 493425.2461438394
current_ratio: 0.6616101892774234 --- candidate_ratio:0.6570516018377311
!!!!! ********* merge accepted ... 
merged: {1, 2, 3}
to_process: {0}
[(0, 0.3687045610393058)]
next_candidate: 0
chunks ... [0, 7014, 14028, 21042, 28056]
chunks ... [0, 7014, 14028, 21042, 28056]
database_size: 456993.77787646983
codetable_size: 36031.996223729526
complete: 493025.77410019934
current_ratio: 0.6570516018377311 --- candidate_ratio:0.6565196595664057
!!!!! ********* merge accepted ... 
merged table size: 1621
chunks ... [0, 7014, 14028, 21042, 28056]
chunks ... [0, 7014, 14028, 21042, 28056]
merged table size without non-used codes: 1560
database_size: 456993.77787646983
codetable_size: 36031.996223729526
complete: 493025.77410019934
database_size: 750710.600704819
codetable_size: 258.1889058609846
complete: 750968.78961068
merged size: 493025.77410019934
sct size: 750968.78961068
merged ratio: 0.6565196595664057
time elapsed: 32.357994556427
