
-- MERGING METHOD naive
processing tkmeans_batch_results/k4/batch-3/chessBig_tkmeans__0_k4...
chunks ... [0, 1500, 3000, 4500, 6003]
num codes: 589
num codes with support 0: 0
chunks ... [0, 1500, 3000, 4500, 6003]
num codes with usage 0: 25
database_size: 92130.26013078378
codetable_size: 10697.772547063496
complete: 102828.03267784727
database_size: 155124.25891011063
codetable_size: 269.4698160320671
complete: 155393.7287261427
Partition 0 ratio: 0.6617257563789186
processing tkmeans_batch_results/k4/batch-3/chessBig_tkmeans__1_k4...
chunks ... [0, 1525, 3050, 4575, 6100]
num codes: 566
num codes with support 0: 0
chunks ... [0, 1525, 3050, 4575, 6100]
num codes with usage 0: 22
database_size: 84147.56747489718
codetable_size: 11026.991469738547
complete: 95174.55894463573
database_size: 153974.51242827714
codetable_size: 258.8713867269949
complete: 154233.38381500414
Partition 1 ratio: 0.6170814423600616
processing tkmeans_batch_results/k4/batch-3/chessBig_tkmeans__2_k4...
chunks ... [0, 2547, 5094, 7641, 10190]
num codes: 544
num codes with support 0: 0
chunks ... [0, 2547, 5094, 7641, 10190]
num codes with usage 0: 43
database_size: 149123.47858456787
codetable_size: 10023.898318172725
complete: 159147.3769027406
database_size: 267744.3610896449
codetable_size: 259.59562357081364
complete: 268003.9567132157
Partition 2 ratio: 0.5938247287633899
processing tkmeans_batch_results/k4/batch-3/chessBig_tkmeans__3_k4...
chunks ... [0, 1440, 2880, 4320, 5762]
num codes: 493
num codes with support 0: 0
chunks ... [0, 1440, 2880, 4320, 5762]
num codes with usage 0: 32
database_size: 81817.45097242566
codetable_size: 9135.675070648726
complete: 90953.12604307439
database_size: 147445.149288694
codetable_size: 266.8165158256685
complete: 147711.96580451966
Partition 3 ratio: 0.6157465006148569
number of codetables: 4
size: 589
size: 566
size: 544
size: 493
merged table size: 1921
chunks ... [0, 7014, 14028, 21042, 28056]
chunks ... [0, 7014, 14028, 21042, 28056]
merged table size without non-used codes: 1785
database_size: 487119.96477276355
codetable_size: 39751.35330297981
complete: 526871.3180757434
database_size: 750710.600704819
codetable_size: 258.1889058609846
complete: 750968.78961068
merged size: 526871.3180757434
sct size: 750968.78961068
merged ratio: 0.7015888348021573
time elapsed: 14.551774501800537
-- MERGING METHOD naive_plus
processing tkmeans_batch_results/k4/batch-3/chessBig_tkmeans__0_k4...
chunks ... [0, 1500, 3000, 4500, 6003]
num codes: 589
num codes with support 0: 0
chunks ... [0, 1500, 3000, 4500, 6003]
num codes with usage 0: 25
database_size: 92130.26013078378
codetable_size: 10697.772547063496
complete: 102828.03267784727
database_size: 155124.25891011063
codetable_size: 269.4698160320671
complete: 155393.7287261427
Partition 0 ratio: 0.6617257563789186
processing tkmeans_batch_results/k4/batch-3/chessBig_tkmeans__1_k4...
chunks ... [0, 1525, 3050, 4575, 6100]
num codes: 566
num codes with support 0: 0
chunks ... [0, 1525, 3050, 4575, 6100]
num codes with usage 0: 22
database_size: 84147.56747489718
codetable_size: 11026.991469738547
complete: 95174.55894463573
database_size: 153974.51242827714
codetable_size: 258.8713867269949
complete: 154233.38381500414
Partition 1 ratio: 0.6170814423600616
processing tkmeans_batch_results/k4/batch-3/chessBig_tkmeans__2_k4...
chunks ... [0, 2547, 5094, 7641, 10190]
num codes: 544
num codes with support 0: 0
chunks ... [0, 2547, 5094, 7641, 10190]
num codes with usage 0: 43
database_size: 149123.47858456787
codetable_size: 10023.898318172725
complete: 159147.3769027406
database_size: 267744.3610896449
codetable_size: 259.59562357081364
complete: 268003.9567132157
Partition 2 ratio: 0.5938247287633899
processing tkmeans_batch_results/k4/batch-3/chessBig_tkmeans__3_k4...
chunks ... [0, 1440, 2880, 4320, 5762]
num codes: 493
num codes with support 0: 0
chunks ... [0, 1440, 2880, 4320, 5762]
num codes with usage 0: 32
database_size: 81817.45097242566
codetable_size: 9135.675070648726
complete: 90953.12604307439
database_size: 147445.149288694
codetable_size: 266.8165158256685
complete: 147711.96580451966
Partition 3 ratio: 0.6157465006148569
number of codetables: 4
size: 589
size: 566
size: 544
size: 493
database_size: 750710.600704819
codetable_size: 258.1889058609846
complete: 750968.78961068
current singletons: {1, 2, 3, 4, 5, 6, 7, 8, 9, 10, 11, 12, 13, 14, 15, 16, 17, 18, 19, 20, 21, 22, 23, 24, 25, 26, 27, 28, 29, 30, 31, 32, 33, 34, 35, 36, 37, 38, 39, 40, 41, 42, 43, 44, 45, 46, 47, 48, 49, 50, 51, 52, 53, 54, 55, 56, 57, 58}
Added 0 singletons
added:  set()
chunks ... [0, 7014, 14028, 21042, 28056]
num codes: 589
num codes with support 0: 0
chunks ... [0, 7014, 14028, 21042, 28056]
database_size: 538649.9134795299
codetable_size: 11444.236610558033
complete: 550094.1500900879
Partition ratio: 0.732512665906222
current singletons: {1, 2, 3, 4, 5, 6, 7, 8, 9, 10, 11, 12, 13, 14, 15, 16, 17, 18, 19, 20, 21, 22, 23, 24, 25, 26, 27, 28, 29, 30, 31, 32, 33, 34, 35, 36, 37, 38, 39, 40, 41, 43, 44, 45, 47, 48, 49, 50, 51, 52, 53, 54, 55, 56, 57, 58}
Added 2 singletons
added:  {42, 46}
chunks ... [0, 7014, 14028, 21042, 28056]
num codes: 568
num codes with support 0: 0
chunks ... [0, 7014, 14028, 21042, 28056]
database_size: 549573.6491760445
codetable_size: 12092.766961717181
complete: 561666.4161377617
Partition ratio: 0.7479224488529581
current singletons: {1, 2, 3, 4, 5, 6, 7, 8, 9, 10, 11, 12, 13, 14, 15, 16, 17, 18, 19, 20, 21, 22, 23, 24, 25, 26, 27, 28, 29, 30, 31, 32, 33, 34, 35, 36, 37, 38, 39, 40, 41, 42, 43, 44, 45, 46, 47, 48, 49, 50, 51, 52, 53, 54, 55, 56, 57, 58}
Added 0 singletons
added:  set()
chunks ... [0, 7014, 14028, 21042, 28056]
num codes: 544
num codes with support 0: 0
chunks ... [0, 7014, 14028, 21042, 28056]
database_size: 448797.4680568373
codetable_size: 10413.48638748436
complete: 459210.95444432163
Partition ratio: 0.6114913972422042
current singletons: {1, 2, 3, 4, 5, 6, 7, 8, 9, 10, 11, 12, 13, 14, 15, 16, 17, 18, 19, 20, 21, 22, 23, 24, 25, 26, 27, 28, 29, 30, 31, 32, 33, 34, 35, 36, 37, 38, 39, 40, 41, 42, 43, 44, 45, 46, 47, 48, 49, 50, 51, 52, 53, 54, 55, 56, 57, 58}
Added 0 singletons
added:  set()
chunks ... [0, 7014, 14028, 21042, 28056]
num codes: 493
num codes with support 0: 0
chunks ... [0, 7014, 14028, 21042, 28056]
database_size: 531542.5059246715
codetable_size: 9937.169272846699
complete: 541479.6751975182
Partition ratio: 0.7210415168894491
merged table size: 544
chunks ... [0, 7014, 14028, 21042, 28056]
chunks ... [0, 7014, 14028, 21042, 28056]
merged table size without non-used codes: 509
database_size: 448797.4680568373
codetable_size: 10413.48638748436
complete: 459210.95444432163
database_size: 750710.600704819
codetable_size: 258.1889058609846
complete: 750968.78961068
merged size: 459210.95444432163
sct size: 750968.78961068
merged ratio: 0.6114913972422042
time elapsed: 14.85623288154602
-- MERGING METHOD informed
processing tkmeans_batch_results/k4/batch-3/chessBig_tkmeans__0_k4...
chunks ... [0, 1500, 3000, 4500, 6003]
num codes: 589
num codes with support 0: 0
chunks ... [0, 1500, 3000, 4500, 6003]
num codes with usage 0: 25
database_size: 92130.26013078378
codetable_size: 10697.772547063496
complete: 102828.03267784727
database_size: 155124.25891011063
codetable_size: 269.4698160320671
complete: 155393.7287261427
Partition 0 ratio: 0.6617257563789186
processing tkmeans_batch_results/k4/batch-3/chessBig_tkmeans__1_k4...
chunks ... [0, 1525, 3050, 4575, 6100]
num codes: 566
num codes with support 0: 0
chunks ... [0, 1525, 3050, 4575, 6100]
num codes with usage 0: 22
database_size: 84147.56747489718
codetable_size: 11026.991469738547
complete: 95174.55894463573
database_size: 153974.51242827714
codetable_size: 258.8713867269949
complete: 154233.38381500414
Partition 1 ratio: 0.6170814423600616
processing tkmeans_batch_results/k4/batch-3/chessBig_tkmeans__2_k4...
chunks ... [0, 2547, 5094, 7641, 10190]
num codes: 544
num codes with support 0: 0
chunks ... [0, 2547, 5094, 7641, 10190]
num codes with usage 0: 43
database_size: 149123.47858456787
codetable_size: 10023.898318172725
complete: 159147.3769027406
database_size: 267744.3610896449
codetable_size: 259.59562357081364
complete: 268003.9567132157
Partition 2 ratio: 0.5938247287633899
processing tkmeans_batch_results/k4/batch-3/chessBig_tkmeans__3_k4...
chunks ... [0, 1440, 2880, 4320, 5762]
num codes: 493
num codes with support 0: 0
chunks ... [0, 1440, 2880, 4320, 5762]
num codes with usage 0: 32
database_size: 81817.45097242566
codetable_size: 9135.675070648726
complete: 90953.12604307439
database_size: 147445.149288694
codetable_size: 266.8165158256685
complete: 147711.96580451966
Partition 3 ratio: 0.6157465006148569
number of codetables: 4
size: 589
size: 566
size: 544
size: 493
database_size: 750710.600704819
codetable_size: 258.1889058609846
complete: 750968.78961068
database_size: 750710.600704819
codetable_size: 258.1889058609846
complete: 750968.78961068
current singletons: {1, 2, 3, 4, 5, 6, 7, 8, 9, 10, 11, 12, 13, 14, 15, 16, 17, 18, 19, 20, 21, 22, 23, 24, 25, 26, 27, 28, 29, 30, 31, 32, 33, 34, 35, 36, 37, 38, 39, 40, 41, 42, 43, 44, 45, 46, 47, 48, 49, 50, 51, 52, 53, 54, 55, 56, 57, 58}
Added 0 singletons
added:  set()
chunks ... [0, 7014, 14028, 21042, 28056]
num codes: 589
num codes with support 0: 0
chunks ... [0, 7014, 14028, 21042, 28056]
database_size: 538649.9134795299
codetable_size: 11444.236610558033
complete: 550094.1500900879
Partition ratio: 0.732512665906222
current singletons: {1, 2, 3, 4, 5, 6, 7, 8, 9, 10, 11, 12, 13, 14, 15, 16, 17, 18, 19, 20, 21, 22, 23, 24, 25, 26, 27, 28, 29, 30, 31, 32, 33, 34, 35, 36, 37, 38, 39, 40, 41, 43, 44, 45, 47, 48, 49, 50, 51, 52, 53, 54, 55, 56, 57, 58}
Added 2 singletons
added:  {42, 46}
chunks ... [0, 7014, 14028, 21042, 28056]
num codes: 568
num codes with support 0: 0
chunks ... [0, 7014, 14028, 21042, 28056]
database_size: 549573.6491760445
codetable_size: 12092.766961717181
complete: 561666.4161377617
Partition ratio: 0.7479224488529581
current singletons: {1, 2, 3, 4, 5, 6, 7, 8, 9, 10, 11, 12, 13, 14, 15, 16, 17, 18, 19, 20, 21, 22, 23, 24, 25, 26, 27, 28, 29, 30, 31, 32, 33, 34, 35, 36, 37, 38, 39, 40, 41, 42, 43, 44, 45, 46, 47, 48, 49, 50, 51, 52, 53, 54, 55, 56, 57, 58}
Added 0 singletons
added:  set()
chunks ... [0, 7014, 14028, 21042, 28056]
num codes: 544
num codes with support 0: 0
chunks ... [0, 7014, 14028, 21042, 28056]
database_size: 448797.4680568373
codetable_size: 10413.48638748436
complete: 459210.95444432163
Partition ratio: 0.6114913972422042
current singletons: {1, 2, 3, 4, 5, 6, 7, 8, 9, 10, 11, 12, 13, 14, 15, 16, 17, 18, 19, 20, 21, 22, 23, 24, 25, 26, 27, 28, 29, 30, 31, 32, 33, 34, 35, 36, 37, 38, 39, 40, 41, 42, 43, 44, 45, 46, 47, 48, 49, 50, 51, 52, 53, 54, 55, 56, 57, 58}
Added 0 singletons
added:  set()
chunks ... [0, 7014, 14028, 21042, 28056]
num codes: 493
num codes with support 0: 0
chunks ... [0, 7014, 14028, 21042, 28056]
database_size: 531542.5059246715
codetable_size: 9937.169272846699
complete: 541479.6751975182
Partition ratio: 0.7210415168894491
initial ratio: 0.6114913972422042
merged: {2}
merged: {2}
to_process: {0, 1, 3}
[(0, 0.3391736822117507), (1, 0.35021306879618197), (3, 0.3125457374937628)]
next_candidate: 3
chunks ... [0, 7014, 14028, 21042, 28056]
chunks ... [0, 7014, 14028, 21042, 28056]
database_size: 493600.08821534435
codetable_size: 19787.53094215731
complete: 513387.6191575017
current_ratio: 0.6114913972422042 --- candidate_ratio:0.6836337624945159
!!!!! ********* merge rejected ... 
merged: {2}
to_process: {0, 1}
[(0, 0.3391736822117507), (1, 0.35021306879618197)]
next_candidate: 0
chunks ... [0, 7014, 14028, 21042, 28056]
chunks ... [0, 7014, 14028, 21042, 28056]
database_size: 491777.66718715266
codetable_size: 21121.80105589435
complete: 512899.468243047
current_ratio: 0.6114913972422042 --- candidate_ratio:0.6829837342627065
!!!!! ********* merge rejected ... 
merged: {2}
to_process: {1}
[(1, 0.35021306879618197)]
next_candidate: 1
chunks ... [0, 7014, 14028, 21042, 28056]
chunks ... [0, 7014, 14028, 21042, 28056]
database_size: 505459.9114950381
codetable_size: 21863.204732529666
complete: 527323.1162275678
current_ratio: 0.6114913972422042 --- candidate_ratio:0.7021904552131183
!!!!! ********* merge rejected ... 
merged table size: 544
chunks ... [0, 7014, 14028, 21042, 28056]
chunks ... [0, 7014, 14028, 21042, 28056]
merged table size without non-used codes: 509
database_size: 448797.4680568373
codetable_size: 10413.48638748436
complete: 459210.95444432163
database_size: 750710.600704819
codetable_size: 258.1889058609846
complete: 750968.78961068
merged size: 459210.95444432163
sct size: 750968.78961068
merged ratio: 0.6114913972422042
time elapsed: 33.23771023750305
