
-- MERGING METHOD naive
processing tkmeans_batch_results/k4/batch-3/connect_tkmeans__0_k4...
chunks ... [0, 5343, 10686, 16029, 21373]
num codes: 1017
num codes with support 0: 0
chunks ... [0, 5343, 10686, 16029, 21373]
num codes with usage 0: 123
database_size: 463490.6699775747
codetable_size: 51188.58530010266
complete: 514679.2552776774
database_size: 3872716.1883193078
codetable_size: 797.1740073807163
complete: 3873513.3623266886
Partition 0 ratio: 0.1328714288902122
processing tkmeans_batch_results/k4/batch-3/connect_tkmeans__1_k4...
chunks ... [0, 3537, 7074, 10611, 14150]
num codes: 864
num codes with support 0: 0
chunks ... [0, 3537, 7074, 10611, 14150]
num codes with usage 0: 112
database_size: 300682.3000485448
codetable_size: 40883.278964831574
complete: 341565.5790133764
database_size: 2547699.831442326
codetable_size: 808.1888483968479
complete: 2548508.0202907226
Partition 1 ratio: 0.13402570299716463
processing tkmeans_batch_results/k4/batch-3/connect_tkmeans__2_k4...
chunks ... [0, 4555, 9110, 13665, 18221]
num codes: 1023
num codes with support 0: 0
chunks ... [0, 4555, 9110, 13665, 18221]
num codes with usage 0: 119
database_size: 385844.3739604505
codetable_size: 51585.490371570915
complete: 437429.86433202145
database_size: 3303839.479943896
codetable_size: 789.6194295469085
complete: 3304629.099373443
Partition 2 ratio: 0.13236882299891325
processing tkmeans_batch_results/k4/batch-3/connect_tkmeans__3_k4...
chunks ... [0, 3453, 6906, 10359, 13812]
num codes: 919
num codes with support 0: 0
chunks ... [0, 3453, 6906, 10359, 13812]
num codes with usage 0: 115
database_size: 292700.8101240132
codetable_size: 43186.35880154504
complete: 335887.1689255583
database_size: 2497617.4933930608
codetable_size: 804.441847958885
complete: 2498421.93524102
Partition 3 ratio: 0.13443972940989873
number of codetables: 4
size: 1017
size: 864
size: 1023
size: 919
merged table size: 3418
chunks ... [0, 16889, 33778, 50667, 67557]
chunks ... [0, 16889, 33778, 50667, 67557]
merged table size without non-used codes: 3184
database_size: 1949469.0603922843
codetable_size: 180449.02322072373
complete: 2129918.0836130083
database_size: 12320561.926931633
codetable_size: 786.6889113503379
complete: 12321348.615842983
merged size: 2129918.0836130083
sct size: 12321348.615842983
merged ratio: 0.17286403867141023
time elapsed: 59.32678246498108
-- MERGING METHOD naive_plus
processing tkmeans_batch_results/k4/batch-3/connect_tkmeans__0_k4...
chunks ... [0, 5343, 10686, 16029, 21373]
num codes: 1017
num codes with support 0: 0
chunks ... [0, 5343, 10686, 16029, 21373]
num codes with usage 0: 123
database_size: 463490.6699775747
codetable_size: 51188.58530010266
complete: 514679.2552776774
database_size: 3872716.1883193078
codetable_size: 797.1740073807163
complete: 3873513.3623266886
Partition 0 ratio: 0.1328714288902122
processing tkmeans_batch_results/k4/batch-3/connect_tkmeans__1_k4...
chunks ... [0, 3537, 7074, 10611, 14150]
num codes: 864
num codes with support 0: 0
chunks ... [0, 3537, 7074, 10611, 14150]
num codes with usage 0: 112
database_size: 300682.3000485448
codetable_size: 40883.278964831574
complete: 341565.5790133764
database_size: 2547699.831442326
codetable_size: 808.1888483968479
complete: 2548508.0202907226
Partition 1 ratio: 0.13402570299716463
processing tkmeans_batch_results/k4/batch-3/connect_tkmeans__2_k4...
chunks ... [0, 4555, 9110, 13665, 18221]
num codes: 1023
num codes with support 0: 0
chunks ... [0, 4555, 9110, 13665, 18221]
num codes with usage 0: 119
database_size: 385844.3739604505
codetable_size: 51585.490371570915
complete: 437429.86433202145
database_size: 3303839.479943896
codetable_size: 789.6194295469085
complete: 3304629.099373443
Partition 2 ratio: 0.13236882299891325
processing tkmeans_batch_results/k4/batch-3/connect_tkmeans__3_k4...
chunks ... [0, 3453, 6906, 10359, 13812]
num codes: 919
num codes with support 0: 0
chunks ... [0, 3453, 6906, 10359, 13812]
num codes with usage 0: 115
database_size: 292700.8101240132
codetable_size: 43186.35880154504
complete: 335887.1689255583
database_size: 2497617.4933930608
codetable_size: 804.441847958885
complete: 2498421.93524102
Partition 3 ratio: 0.13443972940989873
number of codetables: 4
size: 1017
size: 864
size: 1023
size: 919
database_size: 12320561.926931633
codetable_size: 786.6889113503379
complete: 12321348.615842983
current singletons: {1, 2, 3, 4, 5, 6, 7, 8, 9, 10, 11, 12, 13, 14, 15, 16, 17, 18, 19, 20, 21, 22, 23, 24, 25, 26, 27, 28, 29, 30, 31, 32, 33, 34, 35, 36, 37, 38, 39, 40, 41, 42, 43, 44, 45, 46, 47, 48, 49, 50, 51, 52, 53, 54, 55, 56, 57, 58, 59, 60, 61, 62, 63, 64, 65, 66, 67, 68, 69, 70, 71, 72, 73, 74, 75, 76, 77, 78, 79, 80, 81, 82, 83, 84, 85, 86, 87, 88, 89, 90, 91, 92, 93, 94, 95, 96, 97, 98, 99, 100, 101, 102, 103, 104, 105, 106, 107, 108, 109, 110, 111, 112, 113, 114, 115, 116, 117, 118, 119, 120, 121, 122, 123, 124, 125, 126, 127, 128, 129}
Added 0 singletons
added:  set()
chunks ... [0, 16889, 33778, 50667, 67557]
num codes: 1017
num codes with support 0: 0
chunks ... [0, 16889, 33778, 50667, 67557]
database_size: 1658216.4210320332
codetable_size: 51940.397415126106
complete: 1710156.8184471594
Partition ratio: 0.13879623665937127
current singletons: {1, 2, 3, 4, 5, 6, 7, 8, 9, 10, 11, 12, 13, 14, 15, 16, 17, 18, 19, 20, 21, 22, 23, 24, 25, 26, 27, 28, 29, 30, 31, 32, 33, 34, 35, 36, 37, 38, 39, 40, 41, 42, 43, 44, 45, 46, 47, 48, 49, 50, 51, 52, 53, 54, 55, 56, 57, 58, 59, 60, 61, 62, 63, 64, 65, 66, 67, 68, 69, 70, 71, 72, 73, 74, 75, 76, 77, 78, 79, 80, 81, 82, 83, 84, 85, 86, 87, 88, 89, 90, 91, 92, 93, 94, 95, 96, 97, 98, 99, 100, 101, 102, 103, 104, 105, 106, 107, 108, 109, 110, 111, 112, 113, 114, 115, 116, 117, 118, 119, 120, 121, 122, 123, 124, 125, 126, 127, 128}
Added 1 singletons
added:  {129}
chunks ... [0, 16889, 33778, 50667, 67557]
num codes: 865
num codes with support 0: 0
chunks ... [0, 16889, 33778, 50667, 67557]
database_size: 1951703.538141763
codetable_size: 42107.21497333824
complete: 1993810.7531151013
Partition ratio: 0.16181757494885163
current singletons: {1, 2, 3, 4, 5, 6, 7, 8, 9, 10, 11, 12, 13, 14, 15, 16, 17, 18, 19, 20, 21, 22, 23, 24, 25, 26, 27, 28, 29, 30, 31, 32, 33, 34, 35, 36, 37, 38, 39, 40, 41, 42, 43, 44, 45, 46, 47, 48, 49, 50, 51, 52, 53, 54, 55, 56, 57, 58, 59, 60, 61, 62, 63, 64, 65, 66, 67, 68, 69, 70, 71, 72, 73, 74, 75, 76, 77, 78, 79, 80, 81, 82, 83, 84, 85, 86, 87, 88, 89, 90, 91, 92, 93, 94, 95, 96, 97, 98, 99, 100, 101, 102, 103, 104, 105, 106, 107, 108, 109, 110, 111, 112, 113, 114, 115, 116, 117, 118, 119, 120, 121, 122, 123, 124, 125, 126, 127, 128, 129}
Added 0 singletons
added:  set()
chunks ... [0, 16889, 33778, 50667, 67557]
num codes: 1023
num codes with support 0: 0
chunks ... [0, 16889, 33778, 50667, 67557]
database_size: 1699421.366201625
codetable_size: 52466.916346954524
complete: 1751888.2825485794
Partition ratio: 0.14218316007194
current singletons: {1, 2, 3, 4, 5, 6, 7, 8, 9, 10, 11, 12, 13, 14, 15, 16, 17, 18, 19, 20, 21, 22, 23, 24, 25, 26, 27, 28, 29, 30, 31, 32, 33, 34, 35, 36, 37, 38, 39, 40, 41, 42, 43, 44, 45, 46, 47, 48, 49, 50, 51, 52, 53, 54, 55, 56, 57, 58, 59, 60, 61, 62, 63, 64, 65, 66, 67, 68, 69, 70, 71, 72, 73, 74, 75, 76, 77, 78, 79, 80, 81, 82, 83, 84, 85, 86, 87, 88, 89, 90, 91, 92, 93, 94, 95, 96, 97, 98, 99, 100, 101, 102, 103, 104, 105, 106, 107, 108, 109, 110, 111, 112, 113, 114, 115, 116, 117, 118, 119, 120, 121, 122, 123, 124, 125, 126, 127, 128, 129}
Added 0 singletons
added:  set()
chunks ... [0, 16889, 33778, 50667, 67557]
num codes: 919
num codes with support 0: 0
chunks ... [0, 16889, 33778, 50667, 67557]
database_size: 1815356.8404742635
codetable_size: 44369.36892911505
complete: 1859726.2094033787
Partition ratio: 0.1509352804945486
merged table size: 1017
chunks ... [0, 16889, 33778, 50667, 67557]
chunks ... [0, 16889, 33778, 50667, 67557]
merged table size without non-used codes: 938
database_size: 1658216.4210320332
codetable_size: 51940.397415126106
complete: 1710156.8184471594
database_size: 12320561.926931633
codetable_size: 786.6889113503379
complete: 12321348.615842983
merged size: 1710156.8184471594
sct size: 12321348.615842983
merged ratio: 0.13879623665937127
time elapsed: 84.10736536979675
-- MERGING METHOD informed
processing tkmeans_batch_results/k4/batch-3/connect_tkmeans__0_k4...
chunks ... [0, 5343, 10686, 16029, 21373]
num codes: 1017
num codes with support 0: 0
chunks ... [0, 5343, 10686, 16029, 21373]
num codes with usage 0: 123
database_size: 463490.6699775747
codetable_size: 51188.58530010266
complete: 514679.2552776774
database_size: 3872716.1883193078
codetable_size: 797.1740073807163
complete: 3873513.3623266886
Partition 0 ratio: 0.1328714288902122
processing tkmeans_batch_results/k4/batch-3/connect_tkmeans__1_k4...
chunks ... [0, 3537, 7074, 10611, 14150]
num codes: 864
num codes with support 0: 0
chunks ... [0, 3537, 7074, 10611, 14150]
num codes with usage 0: 112
database_size: 300682.3000485448
codetable_size: 40883.278964831574
complete: 341565.5790133764
database_size: 2547699.831442326
codetable_size: 808.1888483968479
complete: 2548508.0202907226
Partition 1 ratio: 0.13402570299716463
processing tkmeans_batch_results/k4/batch-3/connect_tkmeans__2_k4...
chunks ... [0, 4555, 9110, 13665, 18221]
num codes: 1023
num codes with support 0: 0
chunks ... [0, 4555, 9110, 13665, 18221]
num codes with usage 0: 119
database_size: 385844.3739604505
codetable_size: 51585.490371570915
complete: 437429.86433202145
database_size: 3303839.479943896
codetable_size: 789.6194295469085
complete: 3304629.099373443
Partition 2 ratio: 0.13236882299891325
processing tkmeans_batch_results/k4/batch-3/connect_tkmeans__3_k4...
chunks ... [0, 3453, 6906, 10359, 13812]
num codes: 919
num codes with support 0: 0
chunks ... [0, 3453, 6906, 10359, 13812]
num codes with usage 0: 115
database_size: 292700.8101240132
codetable_size: 43186.35880154504
complete: 335887.1689255583
database_size: 2497617.4933930608
codetable_size: 804.441847958885
complete: 2498421.93524102
Partition 3 ratio: 0.13443972940989873
number of codetables: 4
size: 1017
size: 864
size: 1023
size: 919
database_size: 12320561.926931633
codetable_size: 786.6889113503379
complete: 12321348.615842983
database_size: 12320561.926931633
codetable_size: 786.6889113503379
complete: 12321348.615842983
current singletons: {1, 2, 3, 4, 5, 6, 7, 8, 9, 10, 11, 12, 13, 14, 15, 16, 17, 18, 19, 20, 21, 22, 23, 24, 25, 26, 27, 28, 29, 30, 31, 32, 33, 34, 35, 36, 37, 38, 39, 40, 41, 42, 43, 44, 45, 46, 47, 48, 49, 50, 51, 52, 53, 54, 55, 56, 57, 58, 59, 60, 61, 62, 63, 64, 65, 66, 67, 68, 69, 70, 71, 72, 73, 74, 75, 76, 77, 78, 79, 80, 81, 82, 83, 84, 85, 86, 87, 88, 89, 90, 91, 92, 93, 94, 95, 96, 97, 98, 99, 100, 101, 102, 103, 104, 105, 106, 107, 108, 109, 110, 111, 112, 113, 114, 115, 116, 117, 118, 119, 120, 121, 122, 123, 124, 125, 126, 127, 128, 129}
Added 0 singletons
added:  set()
chunks ... [0, 16889, 33778, 50667, 67557]
num codes: 1017
num codes with support 0: 0
chunks ... [0, 16889, 33778, 50667, 67557]
database_size: 1658216.4210320332
codetable_size: 51940.397415126106
complete: 1710156.8184471594
Partition ratio: 0.13879623665937127
current singletons: {1, 2, 3, 4, 5, 6, 7, 8, 9, 10, 11, 12, 13, 14, 15, 16, 17, 18, 19, 20, 21, 22, 23, 24, 25, 26, 27, 28, 29, 30, 31, 32, 33, 34, 35, 36, 37, 38, 39, 40, 41, 42, 43, 44, 45, 46, 47, 48, 49, 50, 51, 52, 53, 54, 55, 56, 57, 58, 59, 60, 61, 62, 63, 64, 65, 66, 67, 68, 69, 70, 71, 72, 73, 74, 75, 76, 77, 78, 79, 80, 81, 82, 83, 84, 85, 86, 87, 88, 89, 90, 91, 92, 93, 94, 95, 96, 97, 98, 99, 100, 101, 102, 103, 104, 105, 106, 107, 108, 109, 110, 111, 112, 113, 114, 115, 116, 117, 118, 119, 120, 121, 122, 123, 124, 125, 126, 127, 128}
Added 1 singletons
added:  {129}
chunks ... [0, 16889, 33778, 50667, 67557]
num codes: 865
num codes with support 0: 0
chunks ... [0, 16889, 33778, 50667, 67557]
database_size: 1951703.538141763
codetable_size: 42107.21497333824
complete: 1993810.7531151013
Partition ratio: 0.16181757494885163
current singletons: {1, 2, 3, 4, 5, 6, 7, 8, 9, 10, 11, 12, 13, 14, 15, 16, 17, 18, 19, 20, 21, 22, 23, 24, 25, 26, 27, 28, 29, 30, 31, 32, 33, 34, 35, 36, 37, 38, 39, 40, 41, 42, 43, 44, 45, 46, 47, 48, 49, 50, 51, 52, 53, 54, 55, 56, 57, 58, 59, 60, 61, 62, 63, 64, 65, 66, 67, 68, 69, 70, 71, 72, 73, 74, 75, 76, 77, 78, 79, 80, 81, 82, 83, 84, 85, 86, 87, 88, 89, 90, 91, 92, 93, 94, 95, 96, 97, 98, 99, 100, 101, 102, 103, 104, 105, 106, 107, 108, 109, 110, 111, 112, 113, 114, 115, 116, 117, 118, 119, 120, 121, 122, 123, 124, 125, 126, 127, 128, 129}
Added 0 singletons
added:  set()
chunks ... [0, 16889, 33778, 50667, 67557]
num codes: 1023
num codes with support 0: 0
chunks ... [0, 16889, 33778, 50667, 67557]
database_size: 1699421.366201625
codetable_size: 52466.916346954524
complete: 1751888.2825485794
Partition ratio: 0.14218316007194
current singletons: {1, 2, 3, 4, 5, 6, 7, 8, 9, 10, 11, 12, 13, 14, 15, 16, 17, 18, 19, 20, 21, 22, 23, 24, 25, 26, 27, 28, 29, 30, 31, 32, 33, 34, 35, 36, 37, 38, 39, 40, 41, 42, 43, 44, 45, 46, 47, 48, 49, 50, 51, 52, 53, 54, 55, 56, 57, 58, 59, 60, 61, 62, 63, 64, 65, 66, 67, 68, 69, 70, 71, 72, 73, 74, 75, 76, 77, 78, 79, 80, 81, 82, 83, 84, 85, 86, 87, 88, 89, 90, 91, 92, 93, 94, 95, 96, 97, 98, 99, 100, 101, 102, 103, 104, 105, 106, 107, 108, 109, 110, 111, 112, 113, 114, 115, 116, 117, 118, 119, 120, 121, 122, 123, 124, 125, 126, 127, 128, 129}
Added 0 singletons
added:  set()
chunks ... [0, 16889, 33778, 50667, 67557]
num codes: 919
num codes with support 0: 0
chunks ... [0, 16889, 33778, 50667, 67557]
database_size: 1815356.8404742635
codetable_size: 44369.36892911505
complete: 1859726.2094033787
Partition ratio: 0.1509352804945486
initial ratio: 0.13879623665937127
merged: {0}
merged: {0}
to_process: {1, 2, 3}
[(1, 0.09960062270982548), (2, 0.1074587854309072), (3, 0.09060251671057896)]
next_candidate: 3
chunks ... [0, 16889, 33778, 50667, 67557]
chunks ... [0, 16889, 33778, 50667, 67557]
database_size: 1988187.6263512748
codetable_size: 95532.06606003296
complete: 2083719.6924113077
current_ratio: 0.13879623665937127 --- candidate_ratio:0.16911457969235838
!!!!! ********* merge rejected ... 
merged: {0}
to_process: {1, 2}
[(1, 0.09960062270982548), (2, 0.1074587854309072)]
next_candidate: 1
chunks ... [0, 16889, 33778, 50667, 67557]
chunks ... [0, 16889, 33778, 50667, 67557]
database_size: 1974163.9621772687
codetable_size: 93968.89382965781
complete: 2068132.8560069264
current_ratio: 0.13879623665937127 --- candidate_ratio:0.16784955287667852
!!!!! ********* merge rejected ... 
merged: {0}
to_process: {2}
[(2, 0.1074587854309072)]
next_candidate: 2
chunks ... [0, 16889, 33778, 50667, 67557]
chunks ... [0, 16889, 33778, 50667, 67557]
database_size: 1760750.8399803059
codetable_size: 104174.35861326847
complete: 1864925.1985935743
current_ratio: 0.13879623665937127 --- candidate_ratio:0.15135723018141248
!!!!! ********* merge rejected ... 
merged table size: 1017
chunks ... [0, 16889, 33778, 50667, 67557]
chunks ... [0, 16889, 33778, 50667, 67557]
merged table size without non-used codes: 938
database_size: 1658216.4210320332
codetable_size: 51940.397415126106
complete: 1710156.8184471594
database_size: 12320561.926931633
codetable_size: 786.6889113503379
complete: 12321348.615842983
merged size: 1710156.8184471594
sct size: 12321348.615842983
merged ratio: 0.13879623665937127
time elapsed: 147.75819540023804
