
-- MERGING METHOD naive
processing tkmeans_batch_results/k4/batch-3/pendigits_tkmeans__0_k4...
chunks ... [0, 527, 1054, 1581, 2110]
num codes: 370
num codes with support 0: 0
chunks ... [0, 527, 1054, 1581, 2110]
num codes with usage 0: 23
database_size: 36156.87838407012
codetable_size: 8252.085714488692
complete: 44408.96409855881
database_size: 135526.84983926726
codetable_size: 463.30650961630374
complete: 135990.15634888355
Partition 0 ratio: 0.3265601370780643
processing tkmeans_batch_results/k4/batch-3/pendigits_tkmeans__1_k4...
chunks ... [0, 972, 1944, 2916, 3891]
num codes: 652
num codes with support 0: 0
chunks ... [0, 972, 1944, 2916, 3891]
num codes with usage 0: 45
database_size: 87915.4331573292
codetable_size: 15994.673114464385
complete: 103910.10627179359
database_size: 264738.3714023714
codetable_size: 444.40544696538115
complete: 265182.77684933675
Partition 1 ratio: 0.39184334482940414
processing tkmeans_batch_results/k4/batch-3/pendigits_tkmeans__2_k4...
chunks ... [0, 753, 1506, 2259, 3015]
num codes: 526
num codes with support 0: 0
chunks ... [0, 753, 1506, 2259, 3015]
num codes with usage 0: 27
database_size: 67214.92524612839
codetable_size: 12277.347478545233
complete: 79492.27272467362
database_size: 203773.10557301957
codetable_size: 438.6991870304857
complete: 204211.80476005006
Partition 2 ratio: 0.3892638470047187
processing tkmeans_batch_results/k4/batch-3/pendigits_tkmeans__3_k4...
chunks ... [0, 493, 986, 1479, 1975]
num codes: 440
num codes with support 0: 0
chunks ... [0, 493, 986, 1479, 1975]
num codes with usage 0: 40
database_size: 42396.66723132999
codetable_size: 9347.605013822904
complete: 51744.2722451529
database_size: 130615.72293249678
codetable_size: 444.05177919568234
complete: 131059.77471169246
Partition 3 ratio: 0.39481429263083073
number of codetables: 4
size: 370
size: 652
size: 526
size: 440
merged table size: 1707
chunks ... [0, 2748, 5496, 8244, 10992]
chunks ... [0, 2748, 5496, 8244, 10992]
merged table size without non-used codes: 1679
database_size: 293927.40287677397
codetable_size: 47170.64898391852
complete: 341098.0518606925
database_size: 790738.936801035
codetable_size: 411.51868678919095
complete: 791150.4554878242
merged size: 341098.0518606925
sct size: 791150.4554878242
merged ratio: 0.4311418257989514
time elapsed: 5.171576261520386
-- MERGING METHOD naive_plus
processing tkmeans_batch_results/k4/batch-3/pendigits_tkmeans__0_k4...
chunks ... [0, 527, 1054, 1581, 2110]
num codes: 370
num codes with support 0: 0
chunks ... [0, 527, 1054, 1581, 2110]
num codes with usage 0: 23
database_size: 36156.87838407012
codetable_size: 8252.085714488692
complete: 44408.96409855881
database_size: 135526.84983926726
codetable_size: 463.30650961630374
complete: 135990.15634888355
Partition 0 ratio: 0.3265601370780643
processing tkmeans_batch_results/k4/batch-3/pendigits_tkmeans__1_k4...
chunks ... [0, 972, 1944, 2916, 3891]
num codes: 652
num codes with support 0: 0
chunks ... [0, 972, 1944, 2916, 3891]
num codes with usage 0: 45
database_size: 87915.4331573292
codetable_size: 15994.673114464385
complete: 103910.10627179359
database_size: 264738.3714023714
codetable_size: 444.40544696538115
complete: 265182.77684933675
Partition 1 ratio: 0.39184334482940414
processing tkmeans_batch_results/k4/batch-3/pendigits_tkmeans__2_k4...
chunks ... [0, 753, 1506, 2259, 3015]
num codes: 526
num codes with support 0: 0
chunks ... [0, 753, 1506, 2259, 3015]
num codes with usage 0: 27
database_size: 67214.92524612839
codetable_size: 12277.347478545233
complete: 79492.27272467362
database_size: 203773.10557301957
codetable_size: 438.6991870304857
complete: 204211.80476005006
Partition 2 ratio: 0.3892638470047187
processing tkmeans_batch_results/k4/batch-3/pendigits_tkmeans__3_k4...
chunks ... [0, 493, 986, 1479, 1975]
num codes: 440
num codes with support 0: 0
chunks ... [0, 493, 986, 1479, 1975]
num codes with usage 0: 40
database_size: 42396.66723132999
codetable_size: 9347.605013822904
complete: 51744.2722451529
database_size: 130615.72293249678
codetable_size: 444.05177919568234
complete: 131059.77471169246
Partition 3 ratio: 0.39481429263083073
number of codetables: 4
size: 370
size: 652
size: 526
size: 440
database_size: 790738.936801035
codetable_size: 411.51868678919095
complete: 791150.4554878242
current singletons: {1, 2, 3, 4, 5, 6, 7, 8, 9, 10, 11, 12, 13, 14, 15, 16, 17, 18, 19, 20, 21, 22, 23, 24, 25, 26, 27, 28, 29, 30, 31, 32, 33, 34, 35, 36, 37, 38, 39, 40, 41, 42, 43, 44, 45, 46, 47, 48, 49, 50, 51, 52, 53, 54, 55, 56, 57, 58, 59, 60, 61, 62, 63, 64, 66, 67, 68, 69, 71, 72, 73, 74, 76, 77, 78, 79, 80, 81, 84, 85, 86, 87, 88, 89}
Added 2 singletons
added:  {82, 83}
chunks ... [0, 2748, 5496, 8244, 10992]
num codes: 372
num codes with support 0: 0
chunks ... [0, 2748, 5496, 8244, 10992]
database_size: 544779.7074763682
codetable_size: 9242.7785128062
complete: 554022.4859891743
Partition ratio: 0.7002744953835153
current singletons: {1, 2, 3, 4, 5, 6, 7, 8, 9, 10, 11, 12, 13, 14, 15, 16, 17, 18, 19, 20, 21, 22, 23, 24, 25, 26, 27, 28, 29, 30, 31, 32, 33, 34, 35, 37, 38, 39, 40, 41, 42, 43, 44, 45, 46, 47, 48, 49, 50, 51, 52, 53, 54, 55, 56, 57, 58, 59, 60, 61, 62, 63, 64, 66, 67, 68, 69, 71, 72, 73, 74, 76, 77, 78, 79, 80, 81, 82, 83, 84, 85, 86, 87, 88, 89}
Added 1 singletons
added:  {36}
chunks ... [0, 2748, 5496, 8244, 10992]
num codes: 653
num codes with support 0: 0
chunks ... [0, 2748, 5496, 8244, 10992]
database_size: 442180.8694223576
codetable_size: 17296.622470573537
complete: 459477.4918929311
Partition ratio: 0.5807713168914462
current singletons: {1, 2, 3, 4, 5, 6, 7, 8, 9, 10, 11, 12, 13, 14, 15, 16, 17, 18, 19, 20, 21, 22, 23, 24, 25, 26, 27, 28, 29, 30, 31, 32, 33, 34, 35, 36, 37, 38, 39, 40, 41, 42, 43, 44, 45, 46, 47, 48, 49, 50, 51, 52, 53, 54, 55, 56, 57, 58, 59, 60, 61, 62, 63, 64, 66, 67, 68, 69, 71, 72, 73, 74, 76, 77, 78, 79, 80, 81, 82, 84, 85, 86, 87, 88}
Added 2 singletons
added:  {89, 83}
chunks ... [0, 2748, 5496, 8244, 10992]
num codes: 528
num codes with support 0: 0
chunks ... [0, 2748, 5496, 8244, 10992]
database_size: 505255.49669224606
codetable_size: 13429.116939821319
complete: 518684.6136320674
Partition ratio: 0.6556080579037851
current singletons: {1, 2, 3, 4, 5, 6, 7, 8, 9, 10, 11, 12, 13, 14, 15, 16, 17, 18, 19, 20, 21, 22, 23, 24, 25, 26, 27, 28, 29, 30, 31, 32, 33, 34, 35, 36, 37, 38, 39, 40, 41, 42, 43, 44, 45, 46, 47, 48, 49, 50, 51, 52, 53, 54, 55, 56, 57, 58, 59, 60, 61, 62, 63, 64, 66, 67, 68, 69, 71, 72, 73, 74, 76, 77, 78, 79, 80, 81, 82, 84, 85, 86, 87, 88, 89}
Added 1 singletons
added:  {83}
chunks ... [0, 2748, 5496, 8244, 10992]
num codes: 441
num codes with support 0: 0
chunks ... [0, 2748, 5496, 8244, 10992]
database_size: 499132.1175008253
codetable_size: 10244.985383810461
complete: 509377.1028846358
Partition ratio: 0.643843531089865
merged table size: 653
chunks ... [0, 2748, 5496, 8244, 10992]
chunks ... [0, 2748, 5496, 8244, 10992]
merged table size without non-used codes: 633
database_size: 442180.8694223576
codetable_size: 17296.622470573537
complete: 459477.4918929311
database_size: 790738.936801035
codetable_size: 411.51868678919095
complete: 791150.4554878242
merged size: 459477.4918929311
sct size: 791150.4554878242
merged ratio: 0.5807713168914462
time elapsed: 7.133504629135132
-- MERGING METHOD informed
processing tkmeans_batch_results/k4/batch-3/pendigits_tkmeans__0_k4...
chunks ... [0, 527, 1054, 1581, 2110]
num codes: 370
num codes with support 0: 0
chunks ... [0, 527, 1054, 1581, 2110]
num codes with usage 0: 23
database_size: 36156.87838407012
codetable_size: 8252.085714488692
complete: 44408.96409855881
database_size: 135526.84983926726
codetable_size: 463.30650961630374
complete: 135990.15634888355
Partition 0 ratio: 0.3265601370780643
processing tkmeans_batch_results/k4/batch-3/pendigits_tkmeans__1_k4...
chunks ... [0, 972, 1944, 2916, 3891]
num codes: 652
num codes with support 0: 0
chunks ... [0, 972, 1944, 2916, 3891]
num codes with usage 0: 45
database_size: 87915.4331573292
codetable_size: 15994.673114464385
complete: 103910.10627179359
database_size: 264738.3714023714
codetable_size: 444.40544696538115
complete: 265182.77684933675
Partition 1 ratio: 0.39184334482940414
processing tkmeans_batch_results/k4/batch-3/pendigits_tkmeans__2_k4...
chunks ... [0, 753, 1506, 2259, 3015]
num codes: 526
num codes with support 0: 0
chunks ... [0, 753, 1506, 2259, 3015]
num codes with usage 0: 27
database_size: 67214.92524612839
codetable_size: 12277.347478545233
complete: 79492.27272467362
database_size: 203773.10557301957
codetable_size: 438.6991870304857
complete: 204211.80476005006
Partition 2 ratio: 0.3892638470047187
processing tkmeans_batch_results/k4/batch-3/pendigits_tkmeans__3_k4...
chunks ... [0, 493, 986, 1479, 1975]
num codes: 440
num codes with support 0: 0
chunks ... [0, 493, 986, 1479, 1975]
num codes with usage 0: 40
database_size: 42396.66723132999
codetable_size: 9347.605013822904
complete: 51744.2722451529
database_size: 130615.72293249678
codetable_size: 444.05177919568234
complete: 131059.77471169246
Partition 3 ratio: 0.39481429263083073
number of codetables: 4
size: 370
size: 652
size: 526
size: 440
database_size: 790738.936801035
codetable_size: 411.51868678919095
complete: 791150.4554878242
database_size: 790738.936801035
codetable_size: 411.51868678919095
complete: 791150.4554878242
current singletons: {1, 2, 3, 4, 5, 6, 7, 8, 9, 10, 11, 12, 13, 14, 15, 16, 17, 18, 19, 20, 21, 22, 23, 24, 25, 26, 27, 28, 29, 30, 31, 32, 33, 34, 35, 36, 37, 38, 39, 40, 41, 42, 43, 44, 45, 46, 47, 48, 49, 50, 51, 52, 53, 54, 55, 56, 57, 58, 59, 60, 61, 62, 63, 64, 66, 67, 68, 69, 71, 72, 73, 74, 76, 77, 78, 79, 80, 81, 84, 85, 86, 87, 88, 89}
Added 2 singletons
added:  {82, 83}
chunks ... [0, 2748, 5496, 8244, 10992]
num codes: 372
num codes with support 0: 0
chunks ... [0, 2748, 5496, 8244, 10992]
database_size: 544779.7074763682
codetable_size: 9242.7785128062
complete: 554022.4859891743
Partition ratio: 0.7002744953835153
current singletons: {1, 2, 3, 4, 5, 6, 7, 8, 9, 10, 11, 12, 13, 14, 15, 16, 17, 18, 19, 20, 21, 22, 23, 24, 25, 26, 27, 28, 29, 30, 31, 32, 33, 34, 35, 37, 38, 39, 40, 41, 42, 43, 44, 45, 46, 47, 48, 49, 50, 51, 52, 53, 54, 55, 56, 57, 58, 59, 60, 61, 62, 63, 64, 66, 67, 68, 69, 71, 72, 73, 74, 76, 77, 78, 79, 80, 81, 82, 83, 84, 85, 86, 87, 88, 89}
Added 1 singletons
added:  {36}
chunks ... [0, 2748, 5496, 8244, 10992]
num codes: 653
num codes with support 0: 0
chunks ... [0, 2748, 5496, 8244, 10992]
database_size: 442180.8694223576
codetable_size: 17296.622470573537
complete: 459477.4918929311
Partition ratio: 0.5807713168914462
current singletons: {1, 2, 3, 4, 5, 6, 7, 8, 9, 10, 11, 12, 13, 14, 15, 16, 17, 18, 19, 20, 21, 22, 23, 24, 25, 26, 27, 28, 29, 30, 31, 32, 33, 34, 35, 36, 37, 38, 39, 40, 41, 42, 43, 44, 45, 46, 47, 48, 49, 50, 51, 52, 53, 54, 55, 56, 57, 58, 59, 60, 61, 62, 63, 64, 66, 67, 68, 69, 71, 72, 73, 74, 76, 77, 78, 79, 80, 81, 82, 84, 85, 86, 87, 88}
Added 2 singletons
added:  {89, 83}
chunks ... [0, 2748, 5496, 8244, 10992]
num codes: 528
num codes with support 0: 0
chunks ... [0, 2748, 5496, 8244, 10992]
database_size: 505255.49669224606
codetable_size: 13429.116939821319
complete: 518684.6136320674
Partition ratio: 0.6556080579037851
current singletons: {1, 2, 3, 4, 5, 6, 7, 8, 9, 10, 11, 12, 13, 14, 15, 16, 17, 18, 19, 20, 21, 22, 23, 24, 25, 26, 27, 28, 29, 30, 31, 32, 33, 34, 35, 36, 37, 38, 39, 40, 41, 42, 43, 44, 45, 46, 47, 48, 49, 50, 51, 52, 53, 54, 55, 56, 57, 58, 59, 60, 61, 62, 63, 64, 66, 67, 68, 69, 71, 72, 73, 74, 76, 77, 78, 79, 80, 81, 82, 84, 85, 86, 87, 88, 89}
Added 1 singletons
added:  {83}
chunks ... [0, 2748, 5496, 8244, 10992]
num codes: 441
num codes with support 0: 0
chunks ... [0, 2748, 5496, 8244, 10992]
database_size: 499132.1175008253
codetable_size: 10244.985383810461
complete: 509377.1028846358
Partition ratio: 0.643843531089865
initial ratio: 0.5807713168914462
merged: {1}
merged: {1}
to_process: {0, 2, 3}
[(0, 0.18549420752325915), (2, 0.26007650392949677), (3, 0.18068695738877888)]
next_candidate: 3
chunks ... [0, 2748, 5496, 8244, 10992]
chunks ... [0, 2748, 5496, 8244, 10992]
database_size: 388960.48023421684
codetable_size: 26782.891513629656
complete: 415743.3717478465
current_ratio: 0.5807713168914462 --- candidate_ratio:0.525492172650648
!!!!! ********* merge accepted ... 
merged: {1, 3}
to_process: {0, 2}
[(0, 0.17411421997343188), (2, 0.2390369804929661)]
next_candidate: 0
chunks ... [0, 2748, 5496, 8244, 10992]
chunks ... [0, 2748, 5496, 8244, 10992]
database_size: 325373.1500644848
codetable_size: 35039.935158279506
complete: 360413.0852227643
current_ratio: 0.525492172650648 --- candidate_ratio:0.4555556818842166
!!!!! ********* merge accepted ... 
merged: {0, 1, 3}
to_process: {2}
[(2, 0.2097747556878374)]
next_candidate: 2
chunks ... [0, 2748, 5496, 8244, 10992]
chunks ... [0, 2748, 5496, 8244, 10992]
database_size: 293927.40287677397
codetable_size: 47170.64898391854
complete: 341098.0518606925
current_ratio: 0.4555556818842166 --- candidate_ratio:0.4311418257989514
!!!!! ********* merge accepted ... 
merged table size: 1707
chunks ... [0, 2748, 5496, 8244, 10992]
chunks ... [0, 2748, 5496, 8244, 10992]
merged table size without non-used codes: 1679
database_size: 293927.40287677397
codetable_size: 47170.64898391854
complete: 341098.0518606925
database_size: 790738.936801035
codetable_size: 411.51868678919095
complete: 791150.4554878242
merged size: 341098.0518606925
sct size: 791150.4554878242
merged ratio: 0.4311418257989514
time elapsed: 17.504602193832397
