
-- MERGING METHOD naive
processing tkmeans_batch_results/k16/batch-3/pendigits_tkmeans__0_k16...
chunks ... [0, 179, 358, 537, 717]
num codes: 267
num codes with support 0: 0
chunks ... [0, 179, 358, 537, 717]
num codes with usage 0: 45
database_size: 14897.282242082618
codetable_size: 4536.532964333882
complete: 19433.8152064165
database_size: 44782.93307091009
codetable_size: 436.63842913253944
complete: 45219.57150004263
Partition 0 ratio: 0.4297655763146314
processing tkmeans_batch_results/k16/batch-3/pendigits_tkmeans__1_k16...
chunks ... [0, 161, 322, 483, 645]
num codes: 241
num codes with support 0: 0
chunks ... [0, 161, 322, 483, 645]
num codes with usage 0: 24
database_size: 14985.48914789449
codetable_size: 4300.484721999839
complete: 19285.97386989433
database_size: 41436.08933826404
codetable_size: 426.0737358867732
complete: 41862.16307415081
Partition 1 ratio: 0.4607017997548984
processing tkmeans_batch_results/k16/batch-3/pendigits_tkmeans__2_k16...
chunks ... [0, 187, 374, 561, 751]
num codes: 225
num codes with support 0: 0
chunks ... [0, 187, 374, 561, 751]
num codes with usage 0: 43
database_size: 12693.406639753073
codetable_size: 3937.961338819531
complete: 16631.367978572605
database_size: 45201.06629314464
codetable_size: 448.1065644423246
complete: 45649.172857586964
Partition 2 ratio: 0.364330105836922
processing tkmeans_batch_results/k16/batch-3/pendigits_tkmeans__3_k16...
chunks ... [0, 58, 116, 174, 235]
num codes: 167
num codes with support 0: 0
chunks ... [0, 58, 116, 174, 235]
num codes with usage 0: 40
database_size: 4678.187956799925
codetable_size: 2239.291408474565
complete: 6917.47936527449
database_size: 14303.744641831141
codetable_size: 447.05645549180775
complete: 14750.801097322948
Partition 3 ratio: 0.46895618208355544
processing tkmeans_batch_results/k16/batch-3/pendigits_tkmeans__4_k16...
chunks ... [0, 157, 314, 471, 629]
num codes: 242
num codes with support 0: 0
chunks ... [0, 157, 314, 471, 629]
num codes with usage 0: 39
database_size: 14164.1762975345
codetable_size: 3668.9219684722293
complete: 17833.098266006727
database_size: 39156.50646989369
codetable_size: 454.902107952474
complete: 39611.40857784617
Partition 4 ratio: 0.4502010634375776
processing tkmeans_batch_results/k16/batch-3/pendigits_tkmeans__5_k16...
chunks ... [0, 237, 474, 711, 949]
num codes: 312
num codes with support 0: 0
chunks ... [0, 237, 474, 711, 949]
num codes with usage 0: 48
database_size: 22498.53167603342
codetable_size: 5301.568283504863
complete: 27800.099959538282
database_size: 61028.736977342756
codetable_size: 414.46190065584716
complete: 61443.198877998606
Partition 5 ratio: 0.4524520283316964
processing tkmeans_batch_results/k16/batch-3/pendigits_tkmeans__6_k16...
chunks ... [0, 155, 310, 465, 620]
num codes: 186
num codes with support 0: 0
chunks ... [0, 155, 310, 465, 620]
num codes with usage 0: 35
database_size: 9260.997215570449
codetable_size: 2994.6397100349764
complete: 12255.636925605426
database_size: 36908.820366377906
codetable_size: 431.5497466556459
complete: 37340.370113033554
Partition 6 ratio: 0.32821412558328206
processing tkmeans_batch_results/k16/batch-3/pendigits_tkmeans__7_k16...
chunks ... [0, 91, 182, 273, 364]
num codes: 179
num codes with support 0: 0
chunks ... [0, 91, 182, 273, 364]
num codes with usage 0: 40
database_size: 6524.59057944649
codetable_size: 2575.5677714251747
complete: 9100.158350871665
database_size: 21665.55830163819
codetable_size: 449.62210185252667
complete: 22115.180403490718
Partition 7 ratio: 0.4114892207451888
processing tkmeans_batch_results/k16/batch-3/pendigits_tkmeans__8_k16...
chunks ... [0, 234, 468, 702, 938]
num codes: 275
num codes with support 0: 0
chunks ... [0, 234, 468, 702, 938]
num codes with usage 0: 33
database_size: 19345.452509473194
codetable_size: 4890.153830600426
complete: 24235.60634007362
database_size: 59134.25906863224
codetable_size: 431.90597958142695
complete: 59566.16504821366
Partition 8 ratio: 0.4068686698305488
processing tkmeans_batch_results/k16/batch-3/pendigits_tkmeans__9_k16...
chunks ... [0, 162, 324, 486, 649]
num codes: 231
num codes with support 0: 0
chunks ... [0, 162, 324, 486, 649]
num codes with usage 0: 32
database_size: 12772.660341588264
codetable_size: 3921.5439656523454
complete: 16694.20430724061
database_size: 40191.095852193735
codetable_size: 444.8223051308806
complete: 40635.91815732462
Partition 9 ratio: 0.41082384905412755
processing tkmeans_batch_results/k16/batch-3/pendigits_tkmeans__10_k16...
chunks ... [0, 289, 578, 867, 1157]
num codes: 294
num codes with support 0: 0
chunks ... [0, 289, 578, 867, 1157]
num codes with usage 0: 31
database_size: 23778.68618032974
codetable_size: 5525.643262612459
complete: 29304.3294429422
database_size: 73138.87965905476
codetable_size: 427.69452607998636
complete: 73566.57418513474
Partition 10 ratio: 0.39833755707036295
processing tkmeans_batch_results/k16/batch-3/pendigits_tkmeans__11_k16...
chunks ... [0, 81, 162, 243, 325]
num codes: 183
num codes with support 0: 0
chunks ... [0, 81, 162, 243, 325]
num codes with usage 0: 37
database_size: 6727.47119550194
codetable_size: 2535.150820414373
complete: 9262.622015916313
database_size: 19880.246380525463
codetable_size: 430.619046193838
complete: 20310.8654267193
Partition 11 ratio: 0.45604270528675606
processing tkmeans_batch_results/k16/batch-3/pendigits_tkmeans__12_k16...
chunks ... [0, 337, 674, 1011, 1348]
num codes: 333
num codes with support 0: 0
chunks ... [0, 337, 674, 1011, 1348]
num codes with usage 0: 52
database_size: 25846.652479850978
codetable_size: 5931.067144752807
complete: 31777.719624603786
database_size: 84824.52968259981
codetable_size: 475.6258316934457
complete: 85300.15551429325
Partition 12 ratio: 0.37253999635767343
processing tkmeans_batch_results/k16/batch-3/pendigits_tkmeans__13_k16...
chunks ... [0, 177, 354, 531, 708]
num codes: 196
num codes with support 0: 0
chunks ... [0, 177, 354, 531, 708]
num codes with usage 0: 27
database_size: 11194.742937119185
codetable_size: 3552.2329293283947
complete: 14746.97586644758
database_size: 42673.73570293706
codetable_size: 386.25727171832114
complete: 43059.99297465538
Partition 13 ratio: 0.3424751108326348
processing tkmeans_batch_results/k16/batch-3/pendigits_tkmeans__14_k16...
chunks ... [0, 161, 322, 483, 645]
num codes: 223
num codes with support 0: 0
chunks ... [0, 161, 322, 483, 645]
num codes with usage 0: 35
database_size: 11633.553521287742
codetable_size: 3689.20100459478
complete: 15322.754525882523
database_size: 39321.6320246884
codetable_size: 440.60225053531457
complete: 39762.23427522372
Partition 14 ratio: 0.3853594951385893
processing tkmeans_batch_results/k16/batch-3/pendigits_tkmeans__15_k16...
chunks ... [0, 77, 154, 231, 311]
num codes: 159
num codes with support 0: 0
chunks ... [0, 77, 154, 231, 311]
num codes with usage 0: 31
database_size: 5997.120995065302
codetable_size: 2285.9404846968578
complete: 8283.06147976216
database_size: 18651.975406634738
codetable_size: 380.8563736018192
complete: 19032.831780236556
Partition 15 ratio: 0.435198586074994
number of codetables: 16
size: 267
size: 241
size: 225
size: 167
size: 242
size: 312
size: 186
size: 179
size: 275
size: 231
size: 294
size: 183
size: 333
size: 196
size: 223
size: 159
merged table size: 2400
chunks ... [0, 2748, 5496, 8244, 10992]
chunks ... [0, 2748, 5496, 8244, 10992]
merged table size without non-used codes: 2303
database_size: 323089.53711962485
codetable_size: 61158.7997171597
complete: 384248.33683678455
database_size: 790738.936801035
codetable_size: 411.51868678919095
complete: 791150.4554878242
merged size: 384248.33683678455
sct size: 791150.4554878242
merged ratio: 0.48568301284722976
time elapsed: 7.245412588119507
-- MERGING METHOD naive_plus
processing tkmeans_batch_results/k16/batch-3/pendigits_tkmeans__0_k16...
chunks ... [0, 179, 358, 537, 717]
num codes: 267
num codes with support 0: 0
chunks ... [0, 179, 358, 537, 717]
num codes with usage 0: 45
database_size: 14897.282242082618
codetable_size: 4536.532964333882
complete: 19433.8152064165
database_size: 44782.93307091009
codetable_size: 436.63842913253944
complete: 45219.57150004263
Partition 0 ratio: 0.4297655763146314
processing tkmeans_batch_results/k16/batch-3/pendigits_tkmeans__1_k16...
chunks ... [0, 161, 322, 483, 645]
num codes: 241
num codes with support 0: 0
chunks ... [0, 161, 322, 483, 645]
num codes with usage 0: 24
database_size: 14985.48914789449
codetable_size: 4300.484721999839
complete: 19285.97386989433
database_size: 41436.08933826404
codetable_size: 426.0737358867732
complete: 41862.16307415081
Partition 1 ratio: 0.4607017997548984
processing tkmeans_batch_results/k16/batch-3/pendigits_tkmeans__2_k16...
chunks ... [0, 187, 374, 561, 751]
num codes: 225
num codes with support 0: 0
chunks ... [0, 187, 374, 561, 751]
num codes with usage 0: 43
database_size: 12693.406639753073
codetable_size: 3937.961338819531
complete: 16631.367978572605
database_size: 45201.06629314464
codetable_size: 448.1065644423246
complete: 45649.172857586964
Partition 2 ratio: 0.364330105836922
processing tkmeans_batch_results/k16/batch-3/pendigits_tkmeans__3_k16...
chunks ... [0, 58, 116, 174, 235]
num codes: 167
num codes with support 0: 0
chunks ... [0, 58, 116, 174, 235]
num codes with usage 0: 40
database_size: 4678.187956799925
codetable_size: 2239.291408474565
complete: 6917.47936527449
database_size: 14303.744641831141
codetable_size: 447.05645549180775
complete: 14750.801097322948
Partition 3 ratio: 0.46895618208355544
processing tkmeans_batch_results/k16/batch-3/pendigits_tkmeans__4_k16...
chunks ... [0, 157, 314, 471, 629]
num codes: 242
num codes with support 0: 0
chunks ... [0, 157, 314, 471, 629]
num codes with usage 0: 39
database_size: 14164.1762975345
codetable_size: 3668.9219684722293
complete: 17833.098266006727
database_size: 39156.50646989369
codetable_size: 454.902107952474
complete: 39611.40857784617
Partition 4 ratio: 0.4502010634375776
processing tkmeans_batch_results/k16/batch-3/pendigits_tkmeans__5_k16...
chunks ... [0, 237, 474, 711, 949]
num codes: 312
num codes with support 0: 0
chunks ... [0, 237, 474, 711, 949]
num codes with usage 0: 48
database_size: 22498.53167603342
codetable_size: 5301.568283504863
complete: 27800.099959538282
database_size: 61028.736977342756
codetable_size: 414.46190065584716
complete: 61443.198877998606
Partition 5 ratio: 0.4524520283316964
processing tkmeans_batch_results/k16/batch-3/pendigits_tkmeans__6_k16...
chunks ... [0, 155, 310, 465, 620]
num codes: 186
num codes with support 0: 0
chunks ... [0, 155, 310, 465, 620]
num codes with usage 0: 35
database_size: 9260.997215570449
codetable_size: 2994.6397100349764
complete: 12255.636925605426
database_size: 36908.820366377906
codetable_size: 431.5497466556459
complete: 37340.370113033554
Partition 6 ratio: 0.32821412558328206
processing tkmeans_batch_results/k16/batch-3/pendigits_tkmeans__7_k16...
chunks ... [0, 91, 182, 273, 364]
num codes: 179
num codes with support 0: 0
chunks ... [0, 91, 182, 273, 364]
num codes with usage 0: 40
database_size: 6524.59057944649
codetable_size: 2575.5677714251747
complete: 9100.158350871665
database_size: 21665.55830163819
codetable_size: 449.62210185252667
complete: 22115.180403490718
Partition 7 ratio: 0.4114892207451888
processing tkmeans_batch_results/k16/batch-3/pendigits_tkmeans__8_k16...
chunks ... [0, 234, 468, 702, 938]
num codes: 275
num codes with support 0: 0
chunks ... [0, 234, 468, 702, 938]
num codes with usage 0: 33
database_size: 19345.452509473194
codetable_size: 4890.153830600426
complete: 24235.60634007362
database_size: 59134.25906863224
codetable_size: 431.90597958142695
complete: 59566.16504821366
Partition 8 ratio: 0.4068686698305488
processing tkmeans_batch_results/k16/batch-3/pendigits_tkmeans__9_k16...
chunks ... [0, 162, 324, 486, 649]
num codes: 231
num codes with support 0: 0
chunks ... [0, 162, 324, 486, 649]
num codes with usage 0: 32
database_size: 12772.660341588264
codetable_size: 3921.5439656523454
complete: 16694.20430724061
database_size: 40191.095852193735
codetable_size: 444.8223051308806
complete: 40635.91815732462
Partition 9 ratio: 0.41082384905412755
processing tkmeans_batch_results/k16/batch-3/pendigits_tkmeans__10_k16...
chunks ... [0, 289, 578, 867, 1157]
num codes: 294
num codes with support 0: 0
chunks ... [0, 289, 578, 867, 1157]
num codes with usage 0: 31
database_size: 23778.68618032974
codetable_size: 5525.643262612459
complete: 29304.3294429422
database_size: 73138.87965905476
codetable_size: 427.69452607998636
complete: 73566.57418513474
Partition 10 ratio: 0.39833755707036295
processing tkmeans_batch_results/k16/batch-3/pendigits_tkmeans__11_k16...
chunks ... [0, 81, 162, 243, 325]
num codes: 183
num codes with support 0: 0
chunks ... [0, 81, 162, 243, 325]
num codes with usage 0: 37
database_size: 6727.47119550194
codetable_size: 2535.150820414373
complete: 9262.622015916313
database_size: 19880.246380525463
codetable_size: 430.619046193838
complete: 20310.8654267193
Partition 11 ratio: 0.45604270528675606
processing tkmeans_batch_results/k16/batch-3/pendigits_tkmeans__12_k16...
chunks ... [0, 337, 674, 1011, 1348]
num codes: 333
num codes with support 0: 0
chunks ... [0, 337, 674, 1011, 1348]
num codes with usage 0: 52
database_size: 25846.652479850978
codetable_size: 5931.067144752807
complete: 31777.719624603786
database_size: 84824.52968259981
codetable_size: 475.6258316934457
complete: 85300.15551429325
Partition 12 ratio: 0.37253999635767343
processing tkmeans_batch_results/k16/batch-3/pendigits_tkmeans__13_k16...
chunks ... [0, 177, 354, 531, 708]
num codes: 196
num codes with support 0: 0
chunks ... [0, 177, 354, 531, 708]
num codes with usage 0: 27
database_size: 11194.742937119185
codetable_size: 3552.2329293283947
complete: 14746.97586644758
database_size: 42673.73570293706
codetable_size: 386.25727171832114
complete: 43059.99297465538
Partition 13 ratio: 0.3424751108326348
processing tkmeans_batch_results/k16/batch-3/pendigits_tkmeans__14_k16...
chunks ... [0, 161, 322, 483, 645]
num codes: 223
num codes with support 0: 0
chunks ... [0, 161, 322, 483, 645]
num codes with usage 0: 35
database_size: 11633.553521287742
codetable_size: 3689.20100459478
complete: 15322.754525882523
database_size: 39321.6320246884
codetable_size: 440.60225053531457
complete: 39762.23427522372
Partition 14 ratio: 0.3853594951385893
processing tkmeans_batch_results/k16/batch-3/pendigits_tkmeans__15_k16...
chunks ... [0, 77, 154, 231, 311]
num codes: 159
num codes with support 0: 0
chunks ... [0, 77, 154, 231, 311]
num codes with usage 0: 31
database_size: 5997.120995065302
codetable_size: 2285.9404846968578
complete: 8283.06147976216
database_size: 18651.975406634738
codetable_size: 380.8563736018192
complete: 19032.831780236556
Partition 15 ratio: 0.435198586074994
number of codetables: 16
size: 267
size: 241
size: 225
size: 167
size: 242
size: 312
size: 186
size: 179
size: 275
size: 231
size: 294
size: 183
size: 333
size: 196
size: 223
size: 159
database_size: 790738.936801035
codetable_size: 411.51868678919095
complete: 791150.4554878242
current singletons: {1, 2, 3, 4, 5, 6, 7, 8, 9, 10, 11, 12, 13, 14, 15, 16, 17, 18, 19, 20, 21, 22, 23, 24, 25, 27, 28, 29, 30, 31, 32, 33, 34, 35, 37, 38, 39, 40, 41, 42, 43, 44, 45, 46, 47, 48, 49, 50, 51, 52, 53, 54, 55, 56, 57, 58, 59, 60, 61, 62, 63, 64, 66, 67, 68, 71, 72, 73, 74, 76, 77, 78, 81, 82, 83, 84, 85, 86, 88, 89}
Added 6 singletons
added:  {36, 69, 79, 80, 87, 26}
chunks ... [0, 2748, 5496, 8244, 10992]
num codes: 273
num codes with support 0: 0
chunks ... [0, 2748, 5496, 8244, 10992]
database_size: 599768.1005362221
codetable_size: 5572.830046979154
complete: 605340.9305832012
Partition ratio: 0.7651400898327834
current singletons: {1, 2, 3, 4, 5, 6, 7, 8, 9, 10, 11, 12, 13, 14, 15, 16, 17, 18, 19, 20, 21, 22, 23, 24, 25, 26, 27, 28, 29, 30, 31, 32, 33, 34, 35, 36, 37, 38, 39, 40, 41, 42, 43, 44, 45, 46, 47, 48, 49, 50, 51, 53, 54, 55, 56, 57, 58, 59, 60, 61, 62, 63, 64, 66, 67, 68, 69, 71, 72, 73, 74, 76, 77, 78, 79, 80, 81, 82, 85, 87, 88}
Added 5 singletons
added:  {83, 84, 52, 86, 89}
chunks ... [0, 2748, 5496, 8244, 10992]
num codes: 246
num codes with support 0: 0
chunks ... [0, 2748, 5496, 8244, 10992]
database_size: 623557.4864157009
codetable_size: 5045.252644890951
complete: 628602.7390605918
Partition ratio: 0.7945425989459801
current singletons: {1, 2, 3, 4, 5, 6, 7, 8, 9, 10, 11, 12, 13, 14, 15, 16, 17, 18, 19, 20, 21, 22, 23, 24, 25, 26, 27, 28, 29, 30, 31, 32, 33, 34, 35, 36, 37, 38, 39, 40, 41, 42, 46, 47, 48, 49, 50, 51, 53, 54, 55, 57, 58, 59, 60, 61, 62, 63, 64, 66, 67, 68, 69, 71, 72, 73, 74, 76, 77, 78, 79, 81, 84, 85, 86, 87, 88}
Added 9 singletons
added:  {43, 44, 45, 80, 82, 83, 52, 56, 89}
chunks ... [0, 2748, 5496, 8244, 10992]
num codes: 234
num codes with support 0: 0
chunks ... [0, 2748, 5496, 8244, 10992]
database_size: 659575.426855234
codetable_size: 5021.247179701078
complete: 664596.6740349351
Partition ratio: 0.8400382878186478
current singletons: {1, 2, 4, 5, 6, 7, 8, 9, 10, 11, 12, 13, 14, 15, 16, 17, 18, 19, 20, 21, 22, 23, 24, 25, 26, 27, 28, 29, 30, 31, 32, 33, 34, 35, 36, 37, 38, 39, 40, 41, 42, 43, 44, 45, 46, 47, 48, 49, 50, 52, 53, 54, 55, 56, 57, 58, 59, 60, 61, 62, 63, 64, 66, 67, 68, 69, 71, 72, 73, 76, 77, 78, 79, 80, 81, 85, 86, 87, 88, 89}
Added 6 singletons
added:  {3, 74, 82, 83, 84, 51}
chunks ... [0, 2748, 5496, 8244, 10992]
num codes: 173
num codes with support 0: 0
chunks ... [0, 2748, 5496, 8244, 10992]
database_size: 696243.7446335923
codetable_size: 3014.4140615591386
complete: 699258.1586951514
Partition ratio: 0.8838497833689398
current singletons: {1, 2, 3, 4, 5, 6, 7, 8, 9, 10, 11, 12, 13, 14, 15, 16, 17, 18, 19, 20, 21, 22, 23, 24, 25, 27, 28, 29, 30, 31, 32, 33, 34, 35, 37, 38, 39, 40, 41, 42, 43, 44, 45, 46, 47, 48, 49, 50, 51, 52, 53, 54, 55, 56, 57, 58, 59, 60, 61, 62, 63, 64, 66, 67, 68, 69, 71, 72, 73, 74, 76, 77, 78, 79, 81, 82, 83, 84, 85, 87, 88, 89}
Added 4 singletons
added:  {80, 26, 36, 86}
chunks ... [0, 2748, 5496, 8244, 10992]
num codes: 246
num codes with support 0: 0
chunks ... [0, 2748, 5496, 8244, 10992]
database_size: 600892.7125536023
codetable_size: 4368.015636340195
complete: 605260.7281899425
Partition ratio: 0.765038715444761
current singletons: {1, 2, 3, 4, 5, 6, 7, 8, 9, 10, 11, 12, 13, 14, 15, 16, 17, 18, 19, 20, 21, 22, 23, 24, 25, 26, 27, 28, 29, 30, 31, 32, 33, 34, 35, 38, 39, 40, 41, 42, 43, 44, 45, 48, 49, 50, 51, 52, 53, 54, 55, 56, 57, 58, 59, 60, 61, 62, 63, 64, 66, 67, 68, 69, 71, 72, 73, 74, 76, 77, 78, 81, 82, 83, 85, 87, 88, 89}
Added 8 singletons
added:  {36, 37, 46, 79, 80, 47, 84, 86}
chunks ... [0, 2748, 5496, 8244, 10992]
num codes: 320
num codes with support 0: 0
chunks ... [0, 2748, 5496, 8244, 10992]
database_size: 584604.3104373306
codetable_size: 6421.849942018507
complete: 591026.1603793491
Partition ratio: 0.7470464767854071
current singletons: {1, 2, 3, 4, 5, 6, 7, 8, 9, 10, 11, 12, 13, 14, 15, 16, 17, 18, 19, 20, 21, 22, 23, 24, 25, 26, 27, 29, 30, 31, 32, 33, 34, 35, 36, 37, 38, 39, 40, 41, 42, 43, 44, 45, 46, 47, 48, 49, 50, 51, 53, 54, 55, 56, 57, 58, 59, 60, 61, 62, 63, 64, 67, 68, 69, 71, 72, 73, 76, 77, 78, 79, 80, 84, 86, 88}
Added 10 singletons
added:  {66, 74, 81, 82, 83, 52, 85, 87, 89, 28}
chunks ... [0, 2748, 5496, 8244, 10992]
num codes: 196
num codes with support 0: 0
chunks ... [0, 2748, 5496, 8244, 10992]
database_size: 660740.295493483
codetable_size: 3767.146134655824
complete: 664507.4416281388
Partition ratio: 0.8399254996553125
current singletons: {1, 2, 3, 5, 6, 7, 8, 9, 10, 11, 12, 13, 14, 15, 16, 17, 18, 19, 20, 21, 22, 23, 24, 25, 26, 27, 28, 29, 30, 31, 32, 34, 35, 36, 37, 38, 39, 41, 42, 43, 44, 45, 46, 47, 48, 49, 50, 51, 52, 53, 54, 55, 56, 57, 58, 59, 60, 61, 62, 63, 64, 66, 67, 68, 69, 71, 72, 73, 74, 76, 77, 78, 79, 80, 84, 85, 86, 87, 88}
Added 7 singletons
added:  {33, 4, 40, 81, 82, 83, 89}
chunks ... [0, 2748, 5496, 8244, 10992]
num codes: 186
num codes with support 0: 0
chunks ... [0, 2748, 5496, 8244, 10992]
database_size: 649465.1535537161
codetable_size: 3391.687914567268
complete: 652856.8414682834
Partition ratio: 0.8251993498072768
current singletons: {1, 2, 3, 4, 5, 6, 7, 8, 9, 10, 11, 12, 13, 14, 15, 16, 17, 18, 19, 20, 21, 22, 23, 24, 25, 27, 28, 29, 30, 31, 32, 33, 34, 35, 36, 37, 38, 39, 40, 41, 42, 43, 44, 45, 46, 47, 48, 50, 51, 52, 53, 54, 55, 56, 57, 58, 60, 61, 62, 63, 64, 66, 67, 68, 69, 71, 72, 73, 74, 76, 77, 78, 79, 81, 82, 85, 87, 88, 89}
Added 7 singletons
added:  {80, 49, 83, 84, 86, 26, 59}
chunks ... [0, 2748, 5496, 8244, 10992]
num codes: 282
num codes with support 0: 0
chunks ... [0, 2748, 5496, 8244, 10992]
database_size: 602847.2059962043
codetable_size: 5817.755290721392
complete: 608664.9612869257
Partition ratio: 0.7693416050827175
current singletons: {1, 2, 4, 5, 6, 7, 8, 9, 10, 11, 12, 13, 14, 15, 16, 17, 18, 19, 20, 21, 22, 23, 24, 25, 26, 27, 28, 29, 30, 31, 32, 33, 34, 35, 36, 37, 38, 39, 40, 41, 42, 45, 46, 47, 48, 49, 50, 51, 52, 53, 54, 55, 56, 57, 58, 60, 61, 62, 63, 64, 66, 67, 68, 69, 71, 72, 73, 74, 76, 77, 78, 79, 80, 81, 82, 83, 84, 85, 86, 87, 88}
Added 5 singletons
added:  {3, 43, 44, 89, 59}
chunks ... [0, 2748, 5496, 8244, 10992]
num codes: 236
num codes with support 0: 0
chunks ... [0, 2748, 5496, 8244, 10992]
database_size: 612584.4436814599
codetable_size: 4638.336428140116
complete: 617222.7801096
Partition ratio: 0.7801585347366322
current singletons: {1, 2, 3, 4, 5, 6, 7, 8, 9, 10, 11, 12, 13, 14, 15, 16, 17, 18, 19, 20, 21, 22, 23, 24, 25, 26, 27, 28, 29, 30, 31, 32, 33, 34, 35, 39, 40, 41, 42, 43, 44, 45, 47, 48, 49, 50, 51, 52, 53, 54, 55, 56, 57, 58, 59, 60, 61, 62, 63, 64, 66, 67, 68, 69, 71, 72, 73, 74, 76, 77, 78, 79, 81, 82, 83, 84, 85, 87, 88, 89}
Added 6 singletons
added:  {36, 37, 38, 46, 80, 86}
chunks ... [0, 2748, 5496, 8244, 10992]
num codes: 300
num codes with support 0: 0
chunks ... [0, 2748, 5496, 8244, 10992]
database_size: 562612.3849459229
codetable_size: 6424.514550903319
complete: 569036.8994968262
Partition ratio: 0.7192524450307717
current singletons: {1, 2, 3, 4, 5, 6, 7, 8, 9, 10, 11, 12, 13, 14, 15, 16, 17, 18, 19, 20, 21, 22, 23, 24, 25, 26, 27, 28, 29, 30, 31, 32, 33, 34, 35, 37, 38, 39, 40, 41, 42, 44, 45, 47, 48, 49, 50, 51, 52, 53, 54, 55, 56, 57, 58, 59, 60, 61, 62, 63, 64, 66, 67, 68, 69, 71, 72, 73, 74, 76, 78, 80, 81, 83, 84, 87, 88, 89}
Added 8 singletons
added:  {36, 43, 77, 46, 79, 82, 85, 86}
chunks ... [0, 2748, 5496, 8244, 10992]
num codes: 191
num codes with support 0: 0
chunks ... [0, 2748, 5496, 8244, 10992]
database_size: 652069.4228651255
codetable_size: 3265.7636408655862
complete: 655335.186505991
Partition ratio: 0.8283319335282575
current singletons: {1, 2, 3, 4, 5, 6, 7, 8, 9, 10, 11, 12, 13, 14, 15, 16, 17, 18, 19, 20, 21, 22, 23, 24, 25, 26, 27, 28, 29, 30, 31, 32, 33, 34, 35, 36, 37, 38, 39, 40, 41, 42, 43, 44, 45, 46, 47, 48, 49, 50, 52, 53, 54, 55, 56, 57, 58, 59, 60, 61, 62, 63, 64, 66, 67, 68, 69, 71, 72, 73, 74, 76, 77, 78, 79, 80, 81, 82, 83, 84, 85, 86, 87, 88}
Added 2 singletons
added:  {89, 51}
chunks ... [0, 2748, 5496, 8244, 10992]
num codes: 335
num codes with support 0: 0
chunks ... [0, 2748, 5496, 8244, 10992]
database_size: 547898.9616834141
codetable_size: 6951.994136963941
complete: 554850.955820378
Partition ratio: 0.7013216664057361
current singletons: {1, 2, 3, 4, 5, 6, 7, 8, 9, 10, 11, 12, 13, 14, 15, 16, 17, 18, 19, 20, 21, 22, 23, 24, 25, 26, 27, 30, 31, 32, 33, 34, 35, 36, 37, 38, 39, 40, 41, 42, 45, 46, 47, 48, 49, 50, 51, 52, 53, 54, 55, 58, 59, 60, 61, 62, 63, 64, 69, 71, 72, 73, 74, 76, 77, 78, 79, 80, 85, 88, 89}
Added 15 singletons
added:  {66, 67, 68, 43, 44, 81, 82, 83, 84, 86, 87, 56, 57, 28, 29}
chunks ... [0, 2748, 5496, 8244, 10992]
num codes: 211
num codes with support 0: 0
chunks ... [0, 2748, 5496, 8244, 10992]
database_size: 647244.6807548925
codetable_size: 4405.060235018628
complete: 651649.7409899111
Partition ratio: 0.8236735964312922
current singletons: {1, 2, 3, 4, 5, 6, 7, 8, 9, 10, 11, 12, 13, 14, 15, 16, 17, 18, 19, 20, 21, 22, 23, 25, 26, 27, 28, 29, 30, 31, 32, 33, 34, 35, 36, 37, 38, 39, 40, 41, 42, 43, 44, 45, 46, 47, 48, 49, 50, 51, 52, 53, 54, 55, 56, 57, 58, 59, 60, 61, 62, 63, 64, 66, 67, 68, 69, 71, 72, 73, 74, 76, 78, 80, 84, 85, 86, 89}
Added 8 singletons
added:  {77, 79, 81, 82, 83, 87, 88, 24}
chunks ... [0, 2748, 5496, 8244, 10992]
num codes: 231
num codes with support 0: 0
chunks ... [0, 2748, 5496, 8244, 10992]
database_size: 644617.4685403641
codetable_size: 4594.970795324294
complete: 649212.4393356884
Partition ratio: 0.8205928908116261
current singletons: {1, 2, 3, 4, 5, 6, 7, 8, 9, 10, 11, 12, 13, 14, 15, 16, 17, 18, 19, 20, 21, 22, 23, 25, 26, 27, 28, 29, 30, 31, 32, 33, 34, 35, 36, 37, 38, 39, 40, 41, 42, 43, 44, 45, 47, 48, 49, 50, 51, 52, 53, 54, 58, 59, 60, 62, 63, 64, 67, 68, 69, 71, 72, 73, 74, 76, 77, 78, 80, 84, 89}
Added 15 singletons
added:  {66, 46, 79, 81, 82, 83, 85, 87, 55, 56, 86, 88, 61, 24, 57}
chunks ... [0, 2748, 5496, 8244, 10992]
num codes: 174
num codes with support 0: 0
chunks ... [0, 2748, 5496, 8244, 10992]
database_size: 692623.8043787197
codetable_size: 3087.357437664266
complete: 695711.161816384
Partition ratio: 0.8793664428688317
merged table size: 335
chunks ... [0, 2748, 5496, 8244, 10992]
chunks ... [0, 2748, 5496, 8244, 10992]
merged table size without non-used codes: 328
database_size: 547898.9616834141
codetable_size: 6951.994136963941
complete: 554850.955820378
database_size: 790738.936801035
codetable_size: 411.51868678919095
complete: 791150.4554878242
merged size: 554850.955820378
sct size: 791150.4554878242
merged ratio: 0.7013216664057361
time elapsed: 10.08632230758667
-- MERGING METHOD informed
processing tkmeans_batch_results/k16/batch-3/pendigits_tkmeans__0_k16...
chunks ... [0, 179, 358, 537, 717]
num codes: 267
num codes with support 0: 0
chunks ... [0, 179, 358, 537, 717]
num codes with usage 0: 45
database_size: 14897.282242082618
codetable_size: 4536.532964333882
complete: 19433.8152064165
database_size: 44782.93307091009
codetable_size: 436.63842913253944
complete: 45219.57150004263
Partition 0 ratio: 0.4297655763146314
processing tkmeans_batch_results/k16/batch-3/pendigits_tkmeans__1_k16...
chunks ... [0, 161, 322, 483, 645]
num codes: 241
num codes with support 0: 0
chunks ... [0, 161, 322, 483, 645]
num codes with usage 0: 24
database_size: 14985.48914789449
codetable_size: 4300.484721999839
complete: 19285.97386989433
database_size: 41436.08933826404
codetable_size: 426.0737358867732
complete: 41862.16307415081
Partition 1 ratio: 0.4607017997548984
processing tkmeans_batch_results/k16/batch-3/pendigits_tkmeans__2_k16...
chunks ... [0, 187, 374, 561, 751]
num codes: 225
num codes with support 0: 0
chunks ... [0, 187, 374, 561, 751]
num codes with usage 0: 43
database_size: 12693.406639753073
codetable_size: 3937.961338819531
complete: 16631.367978572605
database_size: 45201.06629314464
codetable_size: 448.1065644423246
complete: 45649.172857586964
Partition 2 ratio: 0.364330105836922
processing tkmeans_batch_results/k16/batch-3/pendigits_tkmeans__3_k16...
chunks ... [0, 58, 116, 174, 235]
num codes: 167
num codes with support 0: 0
chunks ... [0, 58, 116, 174, 235]
num codes with usage 0: 40
database_size: 4678.187956799925
codetable_size: 2239.291408474565
complete: 6917.47936527449
database_size: 14303.744641831141
codetable_size: 447.05645549180775
complete: 14750.801097322948
Partition 3 ratio: 0.46895618208355544
processing tkmeans_batch_results/k16/batch-3/pendigits_tkmeans__4_k16...
chunks ... [0, 157, 314, 471, 629]
num codes: 242
num codes with support 0: 0
chunks ... [0, 157, 314, 471, 629]
num codes with usage 0: 39
database_size: 14164.1762975345
codetable_size: 3668.9219684722293
complete: 17833.098266006727
database_size: 39156.50646989369
codetable_size: 454.902107952474
complete: 39611.40857784617
Partition 4 ratio: 0.4502010634375776
processing tkmeans_batch_results/k16/batch-3/pendigits_tkmeans__5_k16...
chunks ... [0, 237, 474, 711, 949]
num codes: 312
num codes with support 0: 0
chunks ... [0, 237, 474, 711, 949]
num codes with usage 0: 48
database_size: 22498.53167603342
codetable_size: 5301.568283504863
complete: 27800.099959538282
database_size: 61028.736977342756
codetable_size: 414.46190065584716
complete: 61443.198877998606
Partition 5 ratio: 0.4524520283316964
processing tkmeans_batch_results/k16/batch-3/pendigits_tkmeans__6_k16...
chunks ... [0, 155, 310, 465, 620]
num codes: 186
num codes with support 0: 0
chunks ... [0, 155, 310, 465, 620]
num codes with usage 0: 35
database_size: 9260.997215570449
codetable_size: 2994.6397100349764
complete: 12255.636925605426
database_size: 36908.820366377906
codetable_size: 431.5497466556459
complete: 37340.370113033554
Partition 6 ratio: 0.32821412558328206
processing tkmeans_batch_results/k16/batch-3/pendigits_tkmeans__7_k16...
chunks ... [0, 91, 182, 273, 364]
num codes: 179
num codes with support 0: 0
chunks ... [0, 91, 182, 273, 364]
num codes with usage 0: 40
database_size: 6524.59057944649
codetable_size: 2575.5677714251747
complete: 9100.158350871665
database_size: 21665.55830163819
codetable_size: 449.62210185252667
complete: 22115.180403490718
Partition 7 ratio: 0.4114892207451888
processing tkmeans_batch_results/k16/batch-3/pendigits_tkmeans__8_k16...
chunks ... [0, 234, 468, 702, 938]
num codes: 275
num codes with support 0: 0
chunks ... [0, 234, 468, 702, 938]
num codes with usage 0: 33
database_size: 19345.452509473194
codetable_size: 4890.153830600426
complete: 24235.60634007362
database_size: 59134.25906863224
codetable_size: 431.90597958142695
complete: 59566.16504821366
Partition 8 ratio: 0.4068686698305488
processing tkmeans_batch_results/k16/batch-3/pendigits_tkmeans__9_k16...
chunks ... [0, 162, 324, 486, 649]
num codes: 231
num codes with support 0: 0
chunks ... [0, 162, 324, 486, 649]
num codes with usage 0: 32
database_size: 12772.660341588264
codetable_size: 3921.5439656523454
complete: 16694.20430724061
database_size: 40191.095852193735
codetable_size: 444.8223051308806
complete: 40635.91815732462
Partition 9 ratio: 0.41082384905412755
processing tkmeans_batch_results/k16/batch-3/pendigits_tkmeans__10_k16...
chunks ... [0, 289, 578, 867, 1157]
num codes: 294
num codes with support 0: 0
chunks ... [0, 289, 578, 867, 1157]
num codes with usage 0: 31
database_size: 23778.68618032974
codetable_size: 5525.643262612459
complete: 29304.3294429422
database_size: 73138.87965905476
codetable_size: 427.69452607998636
complete: 73566.57418513474
Partition 10 ratio: 0.39833755707036295
processing tkmeans_batch_results/k16/batch-3/pendigits_tkmeans__11_k16...
chunks ... [0, 81, 162, 243, 325]
num codes: 183
num codes with support 0: 0
chunks ... [0, 81, 162, 243, 325]
num codes with usage 0: 37
database_size: 6727.47119550194
codetable_size: 2535.150820414373
complete: 9262.622015916313
database_size: 19880.246380525463
codetable_size: 430.619046193838
complete: 20310.8654267193
Partition 11 ratio: 0.45604270528675606
processing tkmeans_batch_results/k16/batch-3/pendigits_tkmeans__12_k16...
chunks ... [0, 337, 674, 1011, 1348]
num codes: 333
num codes with support 0: 0
chunks ... [0, 337, 674, 1011, 1348]
num codes with usage 0: 52
database_size: 25846.652479850978
codetable_size: 5931.067144752807
complete: 31777.719624603786
database_size: 84824.52968259981
codetable_size: 475.6258316934457
complete: 85300.15551429325
Partition 12 ratio: 0.37253999635767343
processing tkmeans_batch_results/k16/batch-3/pendigits_tkmeans__13_k16...
chunks ... [0, 177, 354, 531, 708]
num codes: 196
num codes with support 0: 0
chunks ... [0, 177, 354, 531, 708]
num codes with usage 0: 27
database_size: 11194.742937119185
codetable_size: 3552.2329293283947
complete: 14746.97586644758
database_size: 42673.73570293706
codetable_size: 386.25727171832114
complete: 43059.99297465538
Partition 13 ratio: 0.3424751108326348
processing tkmeans_batch_results/k16/batch-3/pendigits_tkmeans__14_k16...
chunks ... [0, 161, 322, 483, 645]
num codes: 223
num codes with support 0: 0
chunks ... [0, 161, 322, 483, 645]
num codes with usage 0: 35
database_size: 11633.553521287742
codetable_size: 3689.20100459478
complete: 15322.754525882523
database_size: 39321.6320246884
codetable_size: 440.60225053531457
complete: 39762.23427522372
Partition 14 ratio: 0.3853594951385893
processing tkmeans_batch_results/k16/batch-3/pendigits_tkmeans__15_k16...
chunks ... [0, 77, 154, 231, 311]
num codes: 159
num codes with support 0: 0
chunks ... [0, 77, 154, 231, 311]
num codes with usage 0: 31
database_size: 5997.120995065302
codetable_size: 2285.9404846968578
complete: 8283.06147976216
database_size: 18651.975406634738
codetable_size: 380.8563736018192
complete: 19032.831780236556
Partition 15 ratio: 0.435198586074994
number of codetables: 16
size: 267
size: 241
size: 225
size: 167
size: 242
size: 312
size: 186
size: 179
size: 275
size: 231
size: 294
size: 183
size: 333
size: 196
size: 223
size: 159
database_size: 790738.936801035
codetable_size: 411.51868678919095
complete: 791150.4554878242
database_size: 790738.936801035
codetable_size: 411.51868678919095
complete: 791150.4554878242
current singletons: {1, 2, 3, 4, 5, 6, 7, 8, 9, 10, 11, 12, 13, 14, 15, 16, 17, 18, 19, 20, 21, 22, 23, 24, 25, 27, 28, 29, 30, 31, 32, 33, 34, 35, 37, 38, 39, 40, 41, 42, 43, 44, 45, 46, 47, 48, 49, 50, 51, 52, 53, 54, 55, 56, 57, 58, 59, 60, 61, 62, 63, 64, 66, 67, 68, 71, 72, 73, 74, 76, 77, 78, 81, 82, 83, 84, 85, 86, 88, 89}
Added 6 singletons
added:  {36, 69, 79, 80, 87, 26}
chunks ... [0, 2748, 5496, 8244, 10992]
num codes: 273
num codes with support 0: 0
chunks ... [0, 2748, 5496, 8244, 10992]
database_size: 599768.1005362221
codetable_size: 5572.830046979154
complete: 605340.9305832012
Partition ratio: 0.7651400898327834
current singletons: {1, 2, 3, 4, 5, 6, 7, 8, 9, 10, 11, 12, 13, 14, 15, 16, 17, 18, 19, 20, 21, 22, 23, 24, 25, 26, 27, 28, 29, 30, 31, 32, 33, 34, 35, 36, 37, 38, 39, 40, 41, 42, 43, 44, 45, 46, 47, 48, 49, 50, 51, 53, 54, 55, 56, 57, 58, 59, 60, 61, 62, 63, 64, 66, 67, 68, 69, 71, 72, 73, 74, 76, 77, 78, 79, 80, 81, 82, 85, 87, 88}
Added 5 singletons
added:  {83, 84, 52, 86, 89}
chunks ... [0, 2748, 5496, 8244, 10992]
num codes: 246
num codes with support 0: 0
chunks ... [0, 2748, 5496, 8244, 10992]
database_size: 623557.4864157009
codetable_size: 5045.252644890951
complete: 628602.7390605918
Partition ratio: 0.7945425989459801
current singletons: {1, 2, 3, 4, 5, 6, 7, 8, 9, 10, 11, 12, 13, 14, 15, 16, 17, 18, 19, 20, 21, 22, 23, 24, 25, 26, 27, 28, 29, 30, 31, 32, 33, 34, 35, 36, 37, 38, 39, 40, 41, 42, 46, 47, 48, 49, 50, 51, 53, 54, 55, 57, 58, 59, 60, 61, 62, 63, 64, 66, 67, 68, 69, 71, 72, 73, 74, 76, 77, 78, 79, 81, 84, 85, 86, 87, 88}
Added 9 singletons
added:  {43, 44, 45, 80, 82, 83, 52, 56, 89}
chunks ... [0, 2748, 5496, 8244, 10992]
num codes: 234
num codes with support 0: 0
chunks ... [0, 2748, 5496, 8244, 10992]
database_size: 659575.426855234
codetable_size: 5021.247179701078
complete: 664596.6740349351
Partition ratio: 0.8400382878186478
current singletons: {1, 2, 4, 5, 6, 7, 8, 9, 10, 11, 12, 13, 14, 15, 16, 17, 18, 19, 20, 21, 22, 23, 24, 25, 26, 27, 28, 29, 30, 31, 32, 33, 34, 35, 36, 37, 38, 39, 40, 41, 42, 43, 44, 45, 46, 47, 48, 49, 50, 52, 53, 54, 55, 56, 57, 58, 59, 60, 61, 62, 63, 64, 66, 67, 68, 69, 71, 72, 73, 76, 77, 78, 79, 80, 81, 85, 86, 87, 88, 89}
Added 6 singletons
added:  {3, 74, 82, 83, 84, 51}
chunks ... [0, 2748, 5496, 8244, 10992]
num codes: 173
num codes with support 0: 0
chunks ... [0, 2748, 5496, 8244, 10992]
database_size: 696243.7446335923
codetable_size: 3014.4140615591386
complete: 699258.1586951514
Partition ratio: 0.8838497833689398
current singletons: {1, 2, 3, 4, 5, 6, 7, 8, 9, 10, 11, 12, 13, 14, 15, 16, 17, 18, 19, 20, 21, 22, 23, 24, 25, 27, 28, 29, 30, 31, 32, 33, 34, 35, 37, 38, 39, 40, 41, 42, 43, 44, 45, 46, 47, 48, 49, 50, 51, 52, 53, 54, 55, 56, 57, 58, 59, 60, 61, 62, 63, 64, 66, 67, 68, 69, 71, 72, 73, 74, 76, 77, 78, 79, 81, 82, 83, 84, 85, 87, 88, 89}
Added 4 singletons
added:  {80, 26, 36, 86}
chunks ... [0, 2748, 5496, 8244, 10992]
num codes: 246
num codes with support 0: 0
chunks ... [0, 2748, 5496, 8244, 10992]
database_size: 600892.7125536023
codetable_size: 4368.015636340195
complete: 605260.7281899425
Partition ratio: 0.765038715444761
current singletons: {1, 2, 3, 4, 5, 6, 7, 8, 9, 10, 11, 12, 13, 14, 15, 16, 17, 18, 19, 20, 21, 22, 23, 24, 25, 26, 27, 28, 29, 30, 31, 32, 33, 34, 35, 38, 39, 40, 41, 42, 43, 44, 45, 48, 49, 50, 51, 52, 53, 54, 55, 56, 57, 58, 59, 60, 61, 62, 63, 64, 66, 67, 68, 69, 71, 72, 73, 74, 76, 77, 78, 81, 82, 83, 85, 87, 88, 89}
Added 8 singletons
added:  {36, 37, 46, 79, 80, 47, 84, 86}
chunks ... [0, 2748, 5496, 8244, 10992]
num codes: 320
num codes with support 0: 0
chunks ... [0, 2748, 5496, 8244, 10992]
database_size: 584604.3104373306
codetable_size: 6421.849942018507
complete: 591026.1603793491
Partition ratio: 0.7470464767854071
current singletons: {1, 2, 3, 4, 5, 6, 7, 8, 9, 10, 11, 12, 13, 14, 15, 16, 17, 18, 19, 20, 21, 22, 23, 24, 25, 26, 27, 29, 30, 31, 32, 33, 34, 35, 36, 37, 38, 39, 40, 41, 42, 43, 44, 45, 46, 47, 48, 49, 50, 51, 53, 54, 55, 56, 57, 58, 59, 60, 61, 62, 63, 64, 67, 68, 69, 71, 72, 73, 76, 77, 78, 79, 80, 84, 86, 88}
Added 10 singletons
added:  {66, 74, 81, 82, 83, 52, 85, 87, 89, 28}
chunks ... [0, 2748, 5496, 8244, 10992]
num codes: 196
num codes with support 0: 0
chunks ... [0, 2748, 5496, 8244, 10992]
database_size: 660740.295493483
codetable_size: 3767.146134655824
complete: 664507.4416281388
Partition ratio: 0.8399254996553125
current singletons: {1, 2, 3, 5, 6, 7, 8, 9, 10, 11, 12, 13, 14, 15, 16, 17, 18, 19, 20, 21, 22, 23, 24, 25, 26, 27, 28, 29, 30, 31, 32, 34, 35, 36, 37, 38, 39, 41, 42, 43, 44, 45, 46, 47, 48, 49, 50, 51, 52, 53, 54, 55, 56, 57, 58, 59, 60, 61, 62, 63, 64, 66, 67, 68, 69, 71, 72, 73, 74, 76, 77, 78, 79, 80, 84, 85, 86, 87, 88}
Added 7 singletons
added:  {33, 4, 40, 81, 82, 83, 89}
chunks ... [0, 2748, 5496, 8244, 10992]
num codes: 186
num codes with support 0: 0
chunks ... [0, 2748, 5496, 8244, 10992]
database_size: 649465.1535537161
codetable_size: 3391.687914567268
complete: 652856.8414682834
Partition ratio: 0.8251993498072768
current singletons: {1, 2, 3, 4, 5, 6, 7, 8, 9, 10, 11, 12, 13, 14, 15, 16, 17, 18, 19, 20, 21, 22, 23, 24, 25, 27, 28, 29, 30, 31, 32, 33, 34, 35, 36, 37, 38, 39, 40, 41, 42, 43, 44, 45, 46, 47, 48, 50, 51, 52, 53, 54, 55, 56, 57, 58, 60, 61, 62, 63, 64, 66, 67, 68, 69, 71, 72, 73, 74, 76, 77, 78, 79, 81, 82, 85, 87, 88, 89}
Added 7 singletons
added:  {80, 49, 83, 84, 86, 26, 59}
chunks ... [0, 2748, 5496, 8244, 10992]
num codes: 282
num codes with support 0: 0
chunks ... [0, 2748, 5496, 8244, 10992]
database_size: 602847.2059962043
codetable_size: 5817.755290721392
complete: 608664.9612869257
Partition ratio: 0.7693416050827175
current singletons: {1, 2, 4, 5, 6, 7, 8, 9, 10, 11, 12, 13, 14, 15, 16, 17, 18, 19, 20, 21, 22, 23, 24, 25, 26, 27, 28, 29, 30, 31, 32, 33, 34, 35, 36, 37, 38, 39, 40, 41, 42, 45, 46, 47, 48, 49, 50, 51, 52, 53, 54, 55, 56, 57, 58, 60, 61, 62, 63, 64, 66, 67, 68, 69, 71, 72, 73, 74, 76, 77, 78, 79, 80, 81, 82, 83, 84, 85, 86, 87, 88}
Added 5 singletons
added:  {3, 43, 44, 89, 59}
chunks ... [0, 2748, 5496, 8244, 10992]
num codes: 236
num codes with support 0: 0
chunks ... [0, 2748, 5496, 8244, 10992]
database_size: 612584.4436814599
codetable_size: 4638.336428140116
complete: 617222.7801096
Partition ratio: 0.7801585347366322
current singletons: {1, 2, 3, 4, 5, 6, 7, 8, 9, 10, 11, 12, 13, 14, 15, 16, 17, 18, 19, 20, 21, 22, 23, 24, 25, 26, 27, 28, 29, 30, 31, 32, 33, 34, 35, 39, 40, 41, 42, 43, 44, 45, 47, 48, 49, 50, 51, 52, 53, 54, 55, 56, 57, 58, 59, 60, 61, 62, 63, 64, 66, 67, 68, 69, 71, 72, 73, 74, 76, 77, 78, 79, 81, 82, 83, 84, 85, 87, 88, 89}
Added 6 singletons
added:  {36, 37, 38, 46, 80, 86}
chunks ... [0, 2748, 5496, 8244, 10992]
num codes: 300
num codes with support 0: 0
chunks ... [0, 2748, 5496, 8244, 10992]
database_size: 562612.3849459229
codetable_size: 6424.514550903319
complete: 569036.8994968262
Partition ratio: 0.7192524450307717
current singletons: {1, 2, 3, 4, 5, 6, 7, 8, 9, 10, 11, 12, 13, 14, 15, 16, 17, 18, 19, 20, 21, 22, 23, 24, 25, 26, 27, 28, 29, 30, 31, 32, 33, 34, 35, 37, 38, 39, 40, 41, 42, 44, 45, 47, 48, 49, 50, 51, 52, 53, 54, 55, 56, 57, 58, 59, 60, 61, 62, 63, 64, 66, 67, 68, 69, 71, 72, 73, 74, 76, 78, 80, 81, 83, 84, 87, 88, 89}
Added 8 singletons
added:  {36, 43, 77, 46, 79, 82, 85, 86}
chunks ... [0, 2748, 5496, 8244, 10992]
num codes: 191
num codes with support 0: 0
chunks ... [0, 2748, 5496, 8244, 10992]
database_size: 652069.4228651255
codetable_size: 3265.7636408655862
complete: 655335.186505991
Partition ratio: 0.8283319335282575
current singletons: {1, 2, 3, 4, 5, 6, 7, 8, 9, 10, 11, 12, 13, 14, 15, 16, 17, 18, 19, 20, 21, 22, 23, 24, 25, 26, 27, 28, 29, 30, 31, 32, 33, 34, 35, 36, 37, 38, 39, 40, 41, 42, 43, 44, 45, 46, 47, 48, 49, 50, 52, 53, 54, 55, 56, 57, 58, 59, 60, 61, 62, 63, 64, 66, 67, 68, 69, 71, 72, 73, 74, 76, 77, 78, 79, 80, 81, 82, 83, 84, 85, 86, 87, 88}
Added 2 singletons
added:  {89, 51}
chunks ... [0, 2748, 5496, 8244, 10992]
num codes: 335
num codes with support 0: 0
chunks ... [0, 2748, 5496, 8244, 10992]
database_size: 547898.9616834141
codetable_size: 6951.994136963941
complete: 554850.955820378
Partition ratio: 0.7013216664057361
current singletons: {1, 2, 3, 4, 5, 6, 7, 8, 9, 10, 11, 12, 13, 14, 15, 16, 17, 18, 19, 20, 21, 22, 23, 24, 25, 26, 27, 30, 31, 32, 33, 34, 35, 36, 37, 38, 39, 40, 41, 42, 45, 46, 47, 48, 49, 50, 51, 52, 53, 54, 55, 58, 59, 60, 61, 62, 63, 64, 69, 71, 72, 73, 74, 76, 77, 78, 79, 80, 85, 88, 89}
Added 15 singletons
added:  {66, 67, 68, 43, 44, 81, 82, 83, 84, 86, 87, 56, 57, 28, 29}
chunks ... [0, 2748, 5496, 8244, 10992]
num codes: 211
num codes with support 0: 0
chunks ... [0, 2748, 5496, 8244, 10992]
database_size: 647244.6807548925
codetable_size: 4405.060235018628
complete: 651649.7409899111
Partition ratio: 0.8236735964312922
current singletons: {1, 2, 3, 4, 5, 6, 7, 8, 9, 10, 11, 12, 13, 14, 15, 16, 17, 18, 19, 20, 21, 22, 23, 25, 26, 27, 28, 29, 30, 31, 32, 33, 34, 35, 36, 37, 38, 39, 40, 41, 42, 43, 44, 45, 46, 47, 48, 49, 50, 51, 52, 53, 54, 55, 56, 57, 58, 59, 60, 61, 62, 63, 64, 66, 67, 68, 69, 71, 72, 73, 74, 76, 78, 80, 84, 85, 86, 89}
Added 8 singletons
added:  {77, 79, 81, 82, 83, 87, 88, 24}
chunks ... [0, 2748, 5496, 8244, 10992]
num codes: 231
num codes with support 0: 0
chunks ... [0, 2748, 5496, 8244, 10992]
database_size: 644617.4685403641
codetable_size: 4594.970795324294
complete: 649212.4393356884
Partition ratio: 0.8205928908116261
current singletons: {1, 2, 3, 4, 5, 6, 7, 8, 9, 10, 11, 12, 13, 14, 15, 16, 17, 18, 19, 20, 21, 22, 23, 25, 26, 27, 28, 29, 30, 31, 32, 33, 34, 35, 36, 37, 38, 39, 40, 41, 42, 43, 44, 45, 47, 48, 49, 50, 51, 52, 53, 54, 58, 59, 60, 62, 63, 64, 67, 68, 69, 71, 72, 73, 74, 76, 77, 78, 80, 84, 89}
Added 15 singletons
added:  {66, 46, 79, 81, 82, 83, 85, 87, 55, 56, 86, 88, 61, 24, 57}
chunks ... [0, 2748, 5496, 8244, 10992]
num codes: 174
num codes with support 0: 0
chunks ... [0, 2748, 5496, 8244, 10992]
database_size: 692623.8043787197
codetable_size: 3087.357437664266
complete: 695711.161816384
Partition ratio: 0.8793664428688317
initial ratio: 0.7013216664057361
merged: {12}
merged: {12}
to_process: {0, 1, 2, 3, 4, 5, 6, 7, 8, 9, 10, 11, 13, 14, 15}
[(0, 0.23145544495424025), (1, 0.21562280294109826), (2, 0.20855494747949846), (3, 0.09167648684029402), (4, 0.2417031086501087), (5, 0.21374062129750449), (6, 0.10839211361642533), (7, 0.10889896907534091), (8, 0.29046320356371713), (9, 0.16904413507571509), (10, 0.21139186013559355), (11, 0.1023225865585392), (13, 0.1342368162414477), (14, 0.14056688702107473), (15, 0.0907020773623214)]
next_candidate: 15
chunks ... [0, 2748, 5496, 8244, 10992]
chunks ... [0, 2748, 5496, 8244, 10992]
database_size: 513665.695792863
codetable_size: 9250.232398109687
complete: 522915.9281909727
current_ratio: 0.7013216664057361 --- candidate_ratio:0.6609563636900673
!!!!! ********* merge accepted ... 
merged: {12, 15}
to_process: {0, 1, 2, 3, 4, 5, 6, 7, 8, 9, 10, 11, 13, 14}
[(0, 0.22771324184691932), (1, 0.21793892220169692), (2, 0.21325532050361692), (3, 0.0999097342234663), (4, 0.22081292369979985), (5, 0.23367875698096177), (6, 0.16735592277846983), (7, 0.12614089487852176), (8, 0.2867717782945685), (9, 0.18288378928181995), (10, 0.2494638797642177), (11, 0.155226575679314), (13, 0.17076973660596564), (14, 0.21337791013126506)]
next_candidate: 3
chunks ... [0, 2748, 5496, 8244, 10992]
chunks ... [0, 2748, 5496, 8244, 10992]
database_size: 489750.13041827
codetable_size: 11449.121120743559
complete: 501199.2515390136
current_ratio: 0.6609563636900673 --- candidate_ratio:0.6335068735187337
!!!!! ********* merge accepted ... 
merged: {3, 12, 15}
to_process: {0, 1, 2, 4, 5, 6, 7, 8, 9, 10, 11, 13, 14}
[(0, 0.21588978299450093), (1, 0.2225652425127464), (2, 0.20951356446303543), (4, 0.20890909091721235), (5, 0.2320327126691448), (6, 0.1847001783794179), (7, 0.14310383980242355), (8, 0.2815644024389835), (9, 0.20989118096815693), (10, 0.2414858131822346), (11, 0.13937217079154607), (13, 0.1736814681588307), (14, 0.22802750016750817)]
next_candidate: 11
chunks ... [0, 2748, 5496, 8244, 10992]
chunks ... [0, 2748, 5496, 8244, 10992]
database_size: 483590.84749234957
codetable_size: 13930.29596243504
complete: 497521.1434547846
current_ratio: 0.6335068735187337 --- candidate_ratio:0.6288578108041568
!!!!! ********* merge accepted ... 
merged: {11, 3, 12, 15}
to_process: {0, 1, 2, 4, 5, 6, 7, 8, 9, 10, 13, 14}
[(0, 0.19858848320413294), (1, 0.195544677299973), (2, 0.1934550514918502), (4, 0.1840264287330997), (5, 0.23357492941901148), (6, 0.17120728301073093), (7, 0.1263336627025662), (8, 0.2572569678457849), (9, 0.1920684747618659), (10, 0.2560189324961869), (13, 0.17611111559545972), (14, 0.2216146654120977)]
next_candidate: 7
chunks ... [0, 2748, 5496, 8244, 10992]
chunks ... [0, 2748, 5496, 8244, 10992]
database_size: 477790.5024728087
codetable_size: 16505.028157827383
complete: 494295.5306306361
current_ratio: 0.6288578108041568 --- candidate_ratio:0.6247806939905671
!!!!! ********* merge accepted ... 
merged: {3, 7, 11, 12, 15}
to_process: {0, 1, 2, 4, 5, 6, 8, 9, 10, 13, 14}
[(0, 0.18235475685770397), (1, 0.17796308111289497), (2, 0.17689266066349235), (4, 0.17019700708296034), (5, 0.21711444688896867), (6, 0.16061668765012221), (8, 0.23753438878286373), (9, 0.1941574223623454), (10, 0.2292287109624349), (13, 0.1706530126860129), (14, 0.19878131351613382)]
next_candidate: 6
chunks ... [0, 2748, 5496, 8244, 10992]
chunks ... [0, 2748, 5496, 8244, 10992]
database_size: 448294.7168938637
codetable_size: 19410.090272330443
complete: 467704.80716619414
current_ratio: 0.6247806939905671 --- candidate_ratio:0.5911704959808269
!!!!! ********* merge accepted ... 
merged: {3, 6, 7, 11, 12, 15}
to_process: {0, 1, 2, 4, 5, 8, 9, 10, 13, 14}
[(0, 0.15245520937641407), (1, 0.15435377079660748), (2, 0.1799160777201587), (4, 0.14009708083452033), (5, 0.1840442231266775), (8, 0.19570429525776226), (9, 0.1568902820038965), (10, 0.1987313553907732), (13, 0.17480556206283374), (14, 0.16396205114452617)]
next_candidate: 4
chunks ... [0, 2748, 5496, 8244, 10992]
chunks ... [0, 2748, 5496, 8244, 10992]
database_size: 432366.352575499
codetable_size: 22961.07424546332
complete: 455327.4268209623
current_ratio: 0.5911704959808269 --- candidate_ratio:0.5755257090008334
!!!!! ********* merge accepted ... 
merged: {3, 4, 6, 7, 11, 12, 15}
to_process: {0, 1, 2, 5, 8, 9, 10, 13, 14}
[(0, 0.14010711913604712), (1, 0.1301315908332119), (2, 0.15206744430157032), (5, 0.1624729290339334), (8, 0.1706016052493135), (9, 0.1313885717350219), (10, 0.1817039799174595), (13, 0.14665576589133822), (14, 0.13709264184673026)]
next_candidate: 1
chunks ... [0, 2748, 5496, 8244, 10992]
chunks ... [0, 2748, 5496, 8244, 10992]
database_size: 421547.54044554295
codetable_size: 27069.580072623572
complete: 448617.1205181665
current_ratio: 0.5755257090008334 --- candidate_ratio:0.567044002068543
!!!!! ********* merge accepted ... 
merged: {1, 3, 4, 6, 7, 11, 12, 15}
to_process: {0, 2, 5, 8, 9, 10, 13, 14}
[(0, 0.12176952161526527), (2, 0.1317076820911549), (5, 0.14204533808640146), (8, 0.1496097295294375), (9, 0.11247263348399757), (10, 0.16314233760221475), (13, 0.12617607070770318), (14, 0.11735989636766914)]
next_candidate: 9
chunks ... [0, 2748, 5496, 8244, 10992]
chunks ... [0, 2748, 5496, 8244, 10992]
database_size: 413906.24445070827
codetable_size: 30889.162508531044
complete: 444795.40695923934
current_ratio: 0.567044002068543 --- candidate_ratio:0.5622134246070528
!!!!! ********* merge accepted ... 
merged: {1, 3, 4, 6, 7, 9, 11, 12, 15}
to_process: {0, 2, 5, 8, 10, 13, 14}
[(0, 0.10687397975635123), (2, 0.11547358441535098), (5, 0.12542858643001017), (8, 0.13306588845747824), (10, 0.14526043877123762), (13, 0.11053840392165426), (14, 0.10260822312775904)]
next_candidate: 14
chunks ... [0, 2748, 5496, 8244, 10992]
chunks ... [0, 2748, 5496, 8244, 10992]
database_size: 404957.65049637936
codetable_size: 34431.78937326611
complete: 439389.43986964546
current_ratio: 0.5622134246070528 --- candidate_ratio:0.55538037906926
!!!!! ********* merge accepted ... 
merged: {1, 3, 4, 6, 7, 9, 11, 12, 14, 15}
to_process: {0, 2, 5, 8, 10, 13}
[(0, 0.09493095792609511), (2, 0.10306858180684463), (5, 0.11274185192671164), (8, 0.1183057676006797), (10, 0.13098318173516862), (13, 0.0986154153383418)]
next_candidate: 0
chunks ... [0, 2748, 5496, 8244, 10992]
chunks ... [0, 2748, 5496, 8244, 10992]
database_size: 395701.8303547619
codetable_size: 38897.4645759019
complete: 434599.29493066383
current_ratio: 0.55538037906926 --- candidate_ratio:0.5493257216956153
!!!!! ********* merge accepted ... 
merged: {0, 1, 3, 4, 6, 7, 9, 11, 12, 14, 15}
to_process: {2, 5, 8, 10, 13}
[(2, 0.09264453874805033), (5, 0.10244659775455651), (8, 0.10531931213571916), (10, 0.11832332682912924), (13, 0.0877675208586061)]
next_candidate: 13
chunks ... [0, 2748, 5496, 8244, 10992]
chunks ... [0, 2748, 5496, 8244, 10992]
database_size: 380660.62879068835
codetable_size: 42160.64661565697
complete: 422821.2754063453
current_ratio: 0.5493257216956153 --- candidate_ratio:0.5344385160539828
!!!!! ********* merge accepted ... 
merged: {0, 1, 3, 4, 6, 7, 9, 11, 12, 13, 14, 15}
to_process: {2, 5, 8, 10}
[(2, 0.08518107812498138), (5, 0.09318966065563161), (8, 0.09501987974083206), (10, 0.10843168637180055)]
next_candidate: 2
chunks ... [0, 2748, 5496, 8244, 10992]
chunks ... [0, 2748, 5496, 8244, 10992]
database_size: 364695.67817848723
codetable_size: 46137.58338414431
complete: 410833.2615626315
current_ratio: 0.5344385160539828 --- candidate_ratio:0.519285881355287
!!!!! ********* merge accepted ... 
merged: {0, 1, 2, 3, 4, 6, 7, 9, 11, 12, 13, 14, 15}
to_process: {5, 8, 10}
[(5, 0.08448851193296752), (8, 0.08612113197894422), (10, 0.09838509151131558)]
next_candidate: 5
chunks ... [0, 2748, 5496, 8244, 10992]
chunks ... [0, 2748, 5496, 8244, 10992]
database_size: 354284.8916934649
codetable_size: 51692.04540011227
complete: 405976.9370935772
current_ratio: 0.519285881355287 --- candidate_ratio:0.5131475742414272
!!!!! ********* merge accepted ... 
merged: {0, 1, 2, 3, 4, 5, 6, 7, 9, 11, 12, 13, 14, 15}
to_process: {8, 10}
[(8, 0.07698427850374667), (10, 0.0917858375517297)]
next_candidate: 8
chunks ... [0, 2748, 5496, 8244, 10992]
chunks ... [0, 2748, 5496, 8244, 10992]
database_size: 341417.14004280546
codetable_size: 55912.7564447217
complete: 397329.8964875272
current_ratio: 0.5131475742414272 --- candidate_ratio:0.5022178698519906
!!!!! ********* merge accepted ... 
merged: {0, 1, 2, 3, 4, 5, 6, 7, 8, 9, 11, 12, 13, 14, 15}
to_process: {10}
[(10, 0.08328290193390937)]
next_candidate: 10
chunks ... [0, 2748, 5496, 8244, 10992]
chunks ... [0, 2748, 5496, 8244, 10992]
database_size: 323082.52191052
codetable_size: 61135.664474776546
complete: 384218.1863852965
current_ratio: 0.5022178698519906 --- candidate_ratio:0.48564490321678094
!!!!! ********* merge accepted ... 
merged table size: 2400
chunks ... [0, 2748, 5496, 8244, 10992]
chunks ... [0, 2748, 5496, 8244, 10992]
merged table size without non-used codes: 2302
database_size: 323082.52191052
codetable_size: 61135.664474776546
complete: 384218.1863852965
database_size: 790738.936801035
codetable_size: 411.51868678919095
complete: 791150.4554878242
merged size: 384218.1863852965
sct size: 791150.4554878242
merged ratio: 0.48564490321678094
time elapsed: 56.56998348236084
