
-- MERGING METHOD naive
processing tkmeans_batch_results/k4/batch-5/adult_tkmeans__0_k4...
chunks ... [0, 5189, 10378, 15567, 20759]
num codes: 636
num codes with support 0: 0
chunks ... [0, 5189, 10378, 15567, 20759]
num codes with usage 0: 35
database_size: 183563.34367793248
codetable_size: 21844.124494790365
complete: 205407.46817272285
database_size: 1013917.2836110784
codetable_size: 641.9816167433966
complete: 1014559.2652278218
Partition 0 ratio: 0.20245980221431234
processing tkmeans_batch_results/k4/batch-5/adult_tkmeans__1_k4...
chunks ... [0, 2117, 4234, 6351, 8470]
num codes: 371
num codes with support 0: 0
chunks ... [0, 2117, 4234, 6351, 8470]
num codes with usage 0: 33
database_size: 73038.14182171933
codetable_size: 10849.944566763706
complete: 83888.08638848303
database_size: 397436.30121271964
codetable_size: 596.793170827032
complete: 398033.0943835467
Partition 1 ratio: 0.2107565616331592
processing tkmeans_batch_results/k4/batch-5/adult_tkmeans__2_k4...
chunks ... [0, 3178, 6356, 9534, 12714]
num codes: 453
num codes with support 0: 0
chunks ... [0, 3178, 6356, 9534, 12714]
num codes with usage 0: 23
database_size: 111589.84183435194
codetable_size: 13931.623834909878
complete: 125521.46566926182
database_size: 604524.5578256985
codetable_size: 661.28696212841
complete: 605185.8447878269
Partition 2 ratio: 0.2074097845320037
processing tkmeans_batch_results/k4/batch-5/adult_tkmeans__3_k4...
chunks ... [0, 1724, 3448, 5172, 6898]
num codes: 382
num codes with support 0: 0
chunks ... [0, 1724, 3448, 5172, 6898]
num codes with usage 0: 29
database_size: 74751.65004626998
codetable_size: 10225.810220259818
complete: 84977.4602665298
database_size: 337139.57191876316
codetable_size: 564.0641935192364
complete: 337703.6361122824
Partition 3 ratio: 0.2516332404495515
number of codetables: 4
size: 636
size: 371
size: 453
size: 382
merged table size: 1551
chunks ... [0, 12210, 24420, 36630, 48842]
chunks ... [0, 12210, 24420, 36630, 48842]
merged table size without non-used codes: 1513
database_size: 545774.4905866763
codetable_size: 56720.18304624645
complete: 602494.6736329227
database_size: 2474343.928416041
codetable_size: 677.7028634765386
complete: 2475021.631279518
merged size: 602494.6736329227
sct size: 2475021.631279518
merged ratio: 0.2434300638097654
time elapsed: 19.363964319229126
-- MERGING METHOD naive_plus
processing tkmeans_batch_results/k4/batch-5/adult_tkmeans__0_k4...
chunks ... [0, 5189, 10378, 15567, 20759]
num codes: 636
num codes with support 0: 0
chunks ... [0, 5189, 10378, 15567, 20759]
num codes with usage 0: 35
database_size: 183563.34367793248
codetable_size: 21844.124494790365
complete: 205407.46817272285
database_size: 1013917.2836110784
codetable_size: 641.9816167433966
complete: 1014559.2652278218
Partition 0 ratio: 0.20245980221431234
processing tkmeans_batch_results/k4/batch-5/adult_tkmeans__1_k4...
chunks ... [0, 2117, 4234, 6351, 8470]
num codes: 371
num codes with support 0: 0
chunks ... [0, 2117, 4234, 6351, 8470]
num codes with usage 0: 33
database_size: 73038.14182171933
codetable_size: 10849.944566763706
complete: 83888.08638848303
database_size: 397436.30121271964
codetable_size: 596.793170827032
complete: 398033.0943835467
Partition 1 ratio: 0.2107565616331592
processing tkmeans_batch_results/k4/batch-5/adult_tkmeans__2_k4...
chunks ... [0, 3178, 6356, 9534, 12714]
num codes: 453
num codes with support 0: 0
chunks ... [0, 3178, 6356, 9534, 12714]
num codes with usage 0: 23
database_size: 111589.84183435194
codetable_size: 13931.623834909878
complete: 125521.46566926182
database_size: 604524.5578256985
codetable_size: 661.28696212841
complete: 605185.8447878269
Partition 2 ratio: 0.2074097845320037
processing tkmeans_batch_results/k4/batch-5/adult_tkmeans__3_k4...
chunks ... [0, 1724, 3448, 5172, 6898]
num codes: 382
num codes with support 0: 0
chunks ... [0, 1724, 3448, 5172, 6898]
num codes with usage 0: 29
database_size: 74751.65004626998
codetable_size: 10225.810220259818
complete: 84977.4602665298
database_size: 337139.57191876316
codetable_size: 564.0641935192364
complete: 337703.6361122824
Partition 3 ratio: 0.2516332404495515
number of codetables: 4
size: 636
size: 371
size: 453
size: 382
database_size: 2474343.928416041
codetable_size: 677.7028634765386
complete: 2475021.631279518
current singletons: {1, 2, 3, 4, 5, 6, 7, 8, 9, 11, 12, 13, 14, 15, 16, 17, 18, 19, 20, 21, 22, 23, 24, 25, 26, 28, 29, 30, 31, 32, 33, 34, 35, 36, 37, 38, 39, 40, 41, 42, 43, 44, 45, 46, 47, 48, 49, 50, 51, 52, 53, 54, 55, 56, 57, 58, 59, 61, 62, 63, 65, 66, 67, 68, 69, 70, 71, 72, 73, 74, 75, 76, 77, 78, 79, 80, 81, 82, 83, 84, 85, 86, 87, 88, 89, 90, 91, 92, 93, 94, 95, 96, 97}
Added 4 singletons
added:  {64, 10, 27, 60}
chunks ... [0, 12210, 24420, 36630, 48842]
num codes: 640
num codes with support 0: 0
chunks ... [0, 12210, 24420, 36630, 48842]
database_size: 986355.0952884434
codetable_size: 23483.08920538399
complete: 1009838.1844938274
Partition ratio: 0.4080118620909866
current singletons: {1, 2, 3, 4, 5, 6, 7, 8, 9, 11, 13, 15, 16, 20, 23, 25, 26, 27, 28, 29, 30, 31, 32, 33, 34, 35, 36, 37, 38, 39, 40, 41, 42, 44, 45, 46, 47, 48, 49, 50, 51, 52, 53, 54, 55, 56, 57, 58, 59, 60, 61, 63, 65, 66, 67, 68, 69, 70, 71, 72, 73, 74, 75, 76, 77, 78, 79, 80, 81, 82, 83, 84, 85, 86, 87, 88, 89, 90, 91, 92, 93, 94, 95, 96, 97}
Added 12 singletons
added:  {64, 10, 43, 12, 14, 17, 18, 19, 21, 22, 24, 62}
chunks ... [0, 12210, 24420, 36630, 48842]
num codes: 383
num codes with support 0: 0
chunks ... [0, 12210, 24420, 36630, 48842]
database_size: 1290949.331984216
codetable_size: 12325.329030828609
complete: 1303274.6610150447
Partition ratio: 0.5265710184283471
current singletons: {1, 2, 3, 4, 5, 6, 7, 8, 9, 10, 11, 13, 16, 17, 18, 19, 20, 21, 22, 23, 24, 25, 26, 27, 28, 29, 30, 31, 32, 33, 34, 35, 36, 37, 38, 39, 40, 41, 42, 44, 45, 46, 47, 48, 49, 50, 51, 52, 53, 54, 55, 56, 57, 58, 59, 60, 61, 63, 64, 65, 66, 67, 68, 69, 70, 71, 72, 73, 74, 75, 76, 77, 78, 79, 80, 81, 82, 83, 84, 85, 86, 87, 88, 89, 90, 91, 92, 93, 94, 95, 96, 97}
Added 5 singletons
added:  {43, 12, 14, 15, 62}
chunks ... [0, 12210, 24420, 36630, 48842]
num codes: 458
num codes with support 0: 0
chunks ... [0, 12210, 24420, 36630, 48842]
database_size: 983619.6974769494
codetable_size: 14960.770161195167
complete: 998580.4676381446
Partition ratio: 0.4034633293778148
current singletons: {1, 2, 3, 4, 5, 6, 7, 9, 13, 14, 18, 19, 21, 22, 24, 25, 26, 27, 28, 29, 30, 31, 32, 33, 34, 35, 36, 37, 38, 39, 40, 41, 42, 44, 45, 46, 47, 48, 49, 50, 51, 52, 53, 54, 55, 56, 57, 58, 59, 60, 61, 63, 65, 66, 67, 68, 69, 70, 71, 72, 73, 74, 75, 76, 77, 78, 79, 80, 81, 82, 83, 84, 85, 86, 87, 88, 89, 90, 91, 92, 93, 95, 96, 97}
Added 13 singletons
added:  {64, 8, 10, 43, 11, 12, 15, 16, 17, 20, 23, 62, 94}
chunks ... [0, 12210, 24420, 36630, 48842]
num codes: 395
num codes with support 0: 0
chunks ... [0, 12210, 24420, 36630, 48842]
database_size: 1683983.8051930747
codetable_size: 11958.548600215969
complete: 1695942.3537932907
Partition ratio: 0.6852232450657554
merged table size: 458
chunks ... [0, 12210, 24420, 36630, 48842]
chunks ... [0, 12210, 24420, 36630, 48842]
merged table size without non-used codes: 454
database_size: 983619.6974769494
codetable_size: 14960.770161195167
complete: 998580.4676381446
database_size: 2474343.928416041
codetable_size: 677.7028634765386
complete: 2475021.631279518
merged size: 998580.4676381446
sct size: 2475021.631279518
merged ratio: 0.4034633293778148
time elapsed: 25.008299350738525
-- MERGING METHOD informed
processing tkmeans_batch_results/k4/batch-5/adult_tkmeans__0_k4...
chunks ... [0, 5189, 10378, 15567, 20759]
num codes: 636
num codes with support 0: 0
chunks ... [0, 5189, 10378, 15567, 20759]
num codes with usage 0: 35
database_size: 183563.34367793248
codetable_size: 21844.124494790365
complete: 205407.46817272285
database_size: 1013917.2836110784
codetable_size: 641.9816167433966
complete: 1014559.2652278218
Partition 0 ratio: 0.20245980221431234
processing tkmeans_batch_results/k4/batch-5/adult_tkmeans__1_k4...
chunks ... [0, 2117, 4234, 6351, 8470]
num codes: 371
num codes with support 0: 0
chunks ... [0, 2117, 4234, 6351, 8470]
num codes with usage 0: 33
database_size: 73038.14182171933
codetable_size: 10849.944566763706
complete: 83888.08638848303
database_size: 397436.30121271964
codetable_size: 596.793170827032
complete: 398033.0943835467
Partition 1 ratio: 0.2107565616331592
processing tkmeans_batch_results/k4/batch-5/adult_tkmeans__2_k4...
chunks ... [0, 3178, 6356, 9534, 12714]
num codes: 453
num codes with support 0: 0
chunks ... [0, 3178, 6356, 9534, 12714]
num codes with usage 0: 23
database_size: 111589.84183435194
codetable_size: 13931.623834909878
complete: 125521.46566926182
database_size: 604524.5578256985
codetable_size: 661.28696212841
complete: 605185.8447878269
Partition 2 ratio: 0.2074097845320037
processing tkmeans_batch_results/k4/batch-5/adult_tkmeans__3_k4...
chunks ... [0, 1724, 3448, 5172, 6898]
num codes: 382
num codes with support 0: 0
chunks ... [0, 1724, 3448, 5172, 6898]
num codes with usage 0: 29
database_size: 74751.65004626998
codetable_size: 10225.810220259818
complete: 84977.4602665298
database_size: 337139.57191876316
codetable_size: 564.0641935192364
complete: 337703.6361122824
Partition 3 ratio: 0.2516332404495515
number of codetables: 4
size: 636
size: 371
size: 453
size: 382
database_size: 2474343.928416041
codetable_size: 677.7028634765386
complete: 2475021.631279518
database_size: 2474343.928416041
codetable_size: 677.7028634765386
complete: 2475021.631279518
current singletons: {1, 2, 3, 4, 5, 6, 7, 8, 9, 11, 12, 13, 14, 15, 16, 17, 18, 19, 20, 21, 22, 23, 24, 25, 26, 28, 29, 30, 31, 32, 33, 34, 35, 36, 37, 38, 39, 40, 41, 42, 43, 44, 45, 46, 47, 48, 49, 50, 51, 52, 53, 54, 55, 56, 57, 58, 59, 61, 62, 63, 65, 66, 67, 68, 69, 70, 71, 72, 73, 74, 75, 76, 77, 78, 79, 80, 81, 82, 83, 84, 85, 86, 87, 88, 89, 90, 91, 92, 93, 94, 95, 96, 97}
Added 4 singletons
added:  {64, 10, 27, 60}
chunks ... [0, 12210, 24420, 36630, 48842]
num codes: 640
num codes with support 0: 0
chunks ... [0, 12210, 24420, 36630, 48842]
database_size: 986355.0952884434
codetable_size: 23483.08920538399
complete: 1009838.1844938274
Partition ratio: 0.4080118620909866
current singletons: {1, 2, 3, 4, 5, 6, 7, 8, 9, 11, 13, 15, 16, 20, 23, 25, 26, 27, 28, 29, 30, 31, 32, 33, 34, 35, 36, 37, 38, 39, 40, 41, 42, 44, 45, 46, 47, 48, 49, 50, 51, 52, 53, 54, 55, 56, 57, 58, 59, 60, 61, 63, 65, 66, 67, 68, 69, 70, 71, 72, 73, 74, 75, 76, 77, 78, 79, 80, 81, 82, 83, 84, 85, 86, 87, 88, 89, 90, 91, 92, 93, 94, 95, 96, 97}
Added 12 singletons
added:  {64, 10, 43, 12, 14, 17, 18, 19, 21, 22, 24, 62}
chunks ... [0, 12210, 24420, 36630, 48842]
num codes: 383
num codes with support 0: 0
chunks ... [0, 12210, 24420, 36630, 48842]
database_size: 1290949.331984216
codetable_size: 12325.329030828609
complete: 1303274.6610150447
Partition ratio: 0.5265710184283471
current singletons: {1, 2, 3, 4, 5, 6, 7, 8, 9, 10, 11, 13, 16, 17, 18, 19, 20, 21, 22, 23, 24, 25, 26, 27, 28, 29, 30, 31, 32, 33, 34, 35, 36, 37, 38, 39, 40, 41, 42, 44, 45, 46, 47, 48, 49, 50, 51, 52, 53, 54, 55, 56, 57, 58, 59, 60, 61, 63, 64, 65, 66, 67, 68, 69, 70, 71, 72, 73, 74, 75, 76, 77, 78, 79, 80, 81, 82, 83, 84, 85, 86, 87, 88, 89, 90, 91, 92, 93, 94, 95, 96, 97}
Added 5 singletons
added:  {43, 12, 14, 15, 62}
chunks ... [0, 12210, 24420, 36630, 48842]
num codes: 458
num codes with support 0: 0
chunks ... [0, 12210, 24420, 36630, 48842]
database_size: 983619.6974769494
codetable_size: 14960.770161195167
complete: 998580.4676381446
Partition ratio: 0.4034633293778148
current singletons: {1, 2, 3, 4, 5, 6, 7, 9, 13, 14, 18, 19, 21, 22, 24, 25, 26, 27, 28, 29, 30, 31, 32, 33, 34, 35, 36, 37, 38, 39, 40, 41, 42, 44, 45, 46, 47, 48, 49, 50, 51, 52, 53, 54, 55, 56, 57, 58, 59, 60, 61, 63, 65, 66, 67, 68, 69, 70, 71, 72, 73, 74, 75, 76, 77, 78, 79, 80, 81, 82, 83, 84, 85, 86, 87, 88, 89, 90, 91, 92, 93, 95, 96, 97}
Added 13 singletons
added:  {64, 8, 10, 43, 11, 12, 15, 16, 17, 20, 23, 62, 94}
chunks ... [0, 12210, 24420, 36630, 48842]
num codes: 395
num codes with support 0: 0
chunks ... [0, 12210, 24420, 36630, 48842]
database_size: 1683983.8051930747
codetable_size: 11958.548600215969
complete: 1695942.3537932907
Partition ratio: 0.6852232450657554
initial ratio: 0.4034633293778148
merged: {2}
merged: {2}
to_process: {0, 1, 3}
[(0, 0.1799643710076), (1, 0.3154914912940575), (3, 0.27940300411792746)]
next_candidate: 0
chunks ... [0, 12210, 24420, 36630, 48842]
chunks ... [0, 12210, 24420, 36630, 48842]
database_size: 700689.6918961051
codetable_size: 36984.87667262704
complete: 737674.5685687321
current_ratio: 0.4034633293778148 --- candidate_ratio:0.29804772582426875
!!!!! ********* merge accepted ... 
merged: {0, 2}
to_process: {1, 3}
[(1, 0.12834398318023332), (3, 0.1398777942780201)]
next_candidate: 1
chunks ... [0, 12210, 24420, 36630, 48842]
chunks ... [0, 12210, 24420, 36630, 48842]
database_size: 620194.668701828
codetable_size: 47057.7529026671
complete: 667252.4216044951
current_ratio: 0.29804772582426875 --- candidate_ratio:0.2695945817893899
!!!!! ********* merge accepted ... 
merged: {0, 1, 2}
to_process: {3}
[(3, 0.11183386914775695)]
next_candidate: 3
chunks ... [0, 12210, 24420, 36630, 48842]
chunks ... [0, 12210, 24420, 36630, 48842]
database_size: 545894.1630373211
codetable_size: 56720.640292085634
complete: 602614.8033294067
current_ratio: 0.2695945817893899 --- candidate_ratio:0.2434786006366625
!!!!! ********* merge accepted ... 
merged table size: 1551
chunks ... [0, 12210, 24420, 36630, 48842]
chunks ... [0, 12210, 24420, 36630, 48842]
merged table size without non-used codes: 1513
database_size: 545894.1630373211
codetable_size: 56720.640292085634
complete: 602614.8033294067
database_size: 2474343.928416041
codetable_size: 677.7028634765386
complete: 2475021.631279518
merged size: 602614.8033294067
sct size: 2475021.631279518
merged ratio: 0.2434786006366625
time elapsed: 65.7090859413147
