
-- MERGING METHOD naive
processing tkmeans_batch_results/k16/batch-5/chessBig_tkmeans__0_k16...
chunks ... [0, 282, 564, 846, 1128]
num codes: 171
num codes with support 0: 0
chunks ... [0, 282, 564, 846, 1128]
num codes with usage 0: 9
database_size: 16857.296211071065
codetable_size: 2521.794207540168
complete: 19379.09041861123
database_size: 27686.283648505883
codetable_size: 246.72909450039415
complete: 27933.01274300628
Partition 0 ratio: 0.6937701492103915
processing tkmeans_batch_results/k16/batch-5/chessBig_tkmeans__1_k16...
chunks ... [0, 504, 1008, 1512, 2017]
num codes: 253
num codes with support 0: 0
chunks ... [0, 504, 1008, 1512, 2017]
num codes with usage 0: 10
database_size: 27128.34051091168
codetable_size: 4059.35755490167
complete: 31187.69806581335
database_size: 47948.96807771
codetable_size: 250.68084716019996
complete: 48199.6489248702
Partition 1 ratio: 0.6470523906600704
processing tkmeans_batch_results/k16/batch-5/chessBig_tkmeans__2_k16...
chunks ... [0, 353, 706, 1059, 1412]
num codes: 187
num codes with support 0: 0
chunks ... [0, 353, 706, 1059, 1412]
num codes with usage 0: 15
database_size: 20651.05525048424
codetable_size: 2919.2787746445174
complete: 23570.33402512876
database_size: 34706.51905115049
codetable_size: 256.9387907631701
complete: 34963.45784191366
Partition 2 ratio: 0.6741419607780613
processing tkmeans_batch_results/k16/batch-5/chessBig_tkmeans__3_k16...
chunks ... [0, 430, 860, 1290, 1721]
num codes: 235
num codes with support 0: 0
chunks ... [0, 430, 860, 1290, 1721]
num codes with usage 0: 17
database_size: 24696.358478752358
codetable_size: 3535.6064710268865
complete: 28231.964949779245
database_size: 42287.04823275417
codetable_size: 251.07063724538182
complete: 42538.11886999955
Partition 3 ratio: 0.6636862583429878
processing tkmeans_batch_results/k16/batch-5/chessBig_tkmeans__4_k16...
chunks ... [0, 325, 650, 975, 1303]
num codes: 165
num codes with support 0: 0
chunks ... [0, 325, 650, 975, 1303]
num codes with usage 0: 10
database_size: 18678.670031130474
codetable_size: 2402.1532127820033
complete: 21080.823243912477
database_size: 30995.024225193985
codetable_size: 232.4297856778332
complete: 31227.454010871817
Partition 4 ratio: 0.6750733901192586
processing tkmeans_batch_results/k16/batch-5/chessBig_tkmeans__5_k16...
chunks ... [0, 495, 990, 1485, 1983]
num codes: 252
num codes with support 0: 0
chunks ... [0, 495, 990, 1485, 1983]
num codes with usage 0: 14
database_size: 29498.486399278132
codetable_size: 3821.8020879702553
complete: 33320.288487248385
database_size: 48937.783936181935
codetable_size: 266.3695116227358
complete: 49204.153447804674
Partition 5 ratio: 0.6771844682297857
processing tkmeans_batch_results/k16/batch-5/chessBig_tkmeans__6_k16...
chunks ... [0, 491, 982, 1473, 1967]
num codes: 250
num codes with support 0: 0
chunks ... [0, 491, 982, 1473, 1967]
num codes with usage 0: 12
database_size: 28729.73668821552
codetable_size: 3863.859627616613
complete: 32593.596315832132
database_size: 48054.289986026146
codetable_size: 243.24035070103042
complete: 48297.53033672718
Partition 6 ratio: 0.6748501649792803
processing tkmeans_batch_results/k16/batch-5/chessBig_tkmeans__7_k16...
chunks ... [0, 475, 950, 1425, 1901]
num codes: 230
num codes with support 0: 0
chunks ... [0, 475, 950, 1425, 1901]
num codes with usage 0: 13
database_size: 28550.51831000393
codetable_size: 3529.2444975017606
complete: 32079.76280750569
database_size: 46774.65191548895
codetable_size: 238.1580812650455
complete: 47012.80999675399
Partition 7 ratio: 0.6823621649018777
processing tkmeans_batch_results/k16/batch-5/chessBig_tkmeans__8_k16...
chunks ... [0, 351, 702, 1053, 1407]
num codes: 205
num codes with support 0: 0
chunks ... [0, 351, 702, 1053, 1407]
num codes with usage 0: 13
database_size: 20584.879562849943
codetable_size: 3130.436639392683
complete: 23715.316202242626
database_size: 34044.20109356812
codetable_size: 256.1536842484862
complete: 34300.3547778166
Partition 8 ratio: 0.6914014842079785
processing tkmeans_batch_results/k16/batch-5/chessBig_tkmeans__9_k16...
chunks ... [0, 542, 1084, 1626, 2171]
num codes: 295
num codes with support 0: 0
chunks ... [0, 542, 1084, 1626, 2171]
num codes with usage 0: 11
database_size: 31230.9348195977
codetable_size: 4881.535750058055
complete: 36112.47056965576
database_size: 54258.65764969453
codetable_size: 270.1737033959991
complete: 54528.83135309053
Partition 9 ratio: 0.6622637909808975
processing tkmeans_batch_results/k16/batch-5/chessBig_tkmeans__10_k16...
chunks ... [0, 567, 1134, 1701, 2269]
num codes: 247
num codes with support 0: 0
chunks ... [0, 567, 1134, 1701, 2269]
num codes with usage 0: 11
database_size: 30660.384189713262
codetable_size: 3967.506790757491
complete: 34627.89098047075
database_size: 53896.009255239886
codetable_size: 241.66416199858378
complete: 54137.67341723847
Partition 10 ratio: 0.6396265076556572
processing tkmeans_batch_results/k16/batch-5/chessBig_tkmeans__11_k16...
chunks ... [0, 306, 612, 918, 1225]
num codes: 180
num codes with support 0: 0
chunks ... [0, 306, 612, 918, 1225]
num codes with usage 0: 13
database_size: 18304.81905336667
codetable_size: 2592.7787664303237
complete: 20897.597819796996
database_size: 30113.64638888308
codetable_size: 244.66169872986964
complete: 30358.30808761295
Partition 11 ratio: 0.6883650353467428
processing tkmeans_batch_results/k16/batch-5/chessBig_tkmeans__12_k16...
chunks ... [0, 609, 1218, 1827, 2436]
num codes: 252
num codes with support 0: 0
chunks ... [0, 609, 1218, 1827, 2436]
num codes with usage 0: 27
database_size: 33751.40902706202
codetable_size: 3931.5672825261554
complete: 37682.97630958818
database_size: 58902.04083931714
codetable_size: 231.19887000494705
complete: 59133.239709322086
Partition 12 ratio: 0.6372553997518866
processing tkmeans_batch_results/k16/batch-5/chessBig_tkmeans__13_k16...
chunks ... [0, 408, 816, 1224, 1632]
num codes: 248
num codes with support 0: 0
chunks ... [0, 408, 816, 1224, 1632]
num codes with usage 0: 11
database_size: 22771.896970573926
codetable_size: 3933.115312289148
complete: 26705.012282863074
database_size: 39417.84475069252
codetable_size: 248.35680570115284
complete: 39666.20155639367
Partition 13 ratio: 0.6732434978654661
processing tkmeans_batch_results/k16/batch-5/chessBig_tkmeans__14_k16...
chunks ... [0, 499, 998, 1497, 1997]
num codes: 273
num codes with support 0: 0
chunks ... [0, 499, 998, 1497, 1997]
num codes with usage 0: 37
database_size: 27099.01974977304
codetable_size: 3900.19698545262
complete: 30999.216735225662
database_size: 48780.123399897326
codetable_size: 251.1836060290689
complete: 49031.30700592639
Partition 14 ratio: 0.6322331307929198
processing tkmeans_batch_results/k16/batch-5/chessBig_tkmeans__15_k16...
chunks ... [0, 371, 742, 1113, 1486]
num codes: 246
num codes with support 0: 0
chunks ... [0, 371, 742, 1113, 1486]
num codes with usage 0: 27
database_size: 20123.061476065548
codetable_size: 3661.602479645316
complete: 23784.663955710865
database_size: 36639.634905269086
codetable_size: 266.62367063127965
complete: 36906.25857590036
Partition 15 ratio: 0.6444615323657369
number of codetables: 16
size: 171
size: 253
size: 187
size: 235
size: 165
size: 252
size: 250
size: 230
size: 205
size: 295
size: 247
size: 180
size: 252
size: 248
size: 273
size: 246
merged table size: 2361
chunks ... [0, 7014, 14028, 21042, 28056]
chunks ... [0, 7014, 14028, 21042, 28056]
merged table size without non-used codes: 2108
database_size: 482474.88211634575
codetable_size: 47769.75863693484
complete: 530244.6407532806
database_size: 750710.600704819
codetable_size: 258.1889058609846
complete: 750968.78961068
merged size: 530244.6407532806
sct size: 750968.78961068
merged ratio: 0.7060807960183965
time elapsed: 10.922364473342896
-- MERGING METHOD naive_plus
processing tkmeans_batch_results/k16/batch-5/chessBig_tkmeans__0_k16...
chunks ... [0, 282, 564, 846, 1128]
num codes: 171
num codes with support 0: 0
chunks ... [0, 282, 564, 846, 1128]
num codes with usage 0: 9
database_size: 16857.296211071065
codetable_size: 2521.794207540168
complete: 19379.09041861123
database_size: 27686.283648505883
codetable_size: 246.72909450039415
complete: 27933.01274300628
Partition 0 ratio: 0.6937701492103915
processing tkmeans_batch_results/k16/batch-5/chessBig_tkmeans__1_k16...
chunks ... [0, 504, 1008, 1512, 2017]
num codes: 253
num codes with support 0: 0
chunks ... [0, 504, 1008, 1512, 2017]
num codes with usage 0: 10
database_size: 27128.34051091168
codetable_size: 4059.35755490167
complete: 31187.69806581335
database_size: 47948.96807771
codetable_size: 250.68084716019996
complete: 48199.6489248702
Partition 1 ratio: 0.6470523906600704
processing tkmeans_batch_results/k16/batch-5/chessBig_tkmeans__2_k16...
chunks ... [0, 353, 706, 1059, 1412]
num codes: 187
num codes with support 0: 0
chunks ... [0, 353, 706, 1059, 1412]
num codes with usage 0: 15
database_size: 20651.05525048424
codetable_size: 2919.2787746445174
complete: 23570.33402512876
database_size: 34706.51905115049
codetable_size: 256.9387907631701
complete: 34963.45784191366
Partition 2 ratio: 0.6741419607780613
processing tkmeans_batch_results/k16/batch-5/chessBig_tkmeans__3_k16...
chunks ... [0, 430, 860, 1290, 1721]
num codes: 235
num codes with support 0: 0
chunks ... [0, 430, 860, 1290, 1721]
num codes with usage 0: 17
database_size: 24696.358478752358
codetable_size: 3535.6064710268865
complete: 28231.964949779245
database_size: 42287.04823275417
codetable_size: 251.07063724538182
complete: 42538.11886999955
Partition 3 ratio: 0.6636862583429878
processing tkmeans_batch_results/k16/batch-5/chessBig_tkmeans__4_k16...
chunks ... [0, 325, 650, 975, 1303]
num codes: 165
num codes with support 0: 0
chunks ... [0, 325, 650, 975, 1303]
num codes with usage 0: 10
database_size: 18678.670031130474
codetable_size: 2402.1532127820033
complete: 21080.823243912477
database_size: 30995.024225193985
codetable_size: 232.4297856778332
complete: 31227.454010871817
Partition 4 ratio: 0.6750733901192586
processing tkmeans_batch_results/k16/batch-5/chessBig_tkmeans__5_k16...
chunks ... [0, 495, 990, 1485, 1983]
num codes: 252
num codes with support 0: 0
chunks ... [0, 495, 990, 1485, 1983]
num codes with usage 0: 14
database_size: 29498.486399278132
codetable_size: 3821.8020879702553
complete: 33320.288487248385
database_size: 48937.783936181935
codetable_size: 266.3695116227358
complete: 49204.153447804674
Partition 5 ratio: 0.6771844682297857
processing tkmeans_batch_results/k16/batch-5/chessBig_tkmeans__6_k16...
chunks ... [0, 491, 982, 1473, 1967]
num codes: 250
num codes with support 0: 0
chunks ... [0, 491, 982, 1473, 1967]
num codes with usage 0: 12
database_size: 28729.73668821552
codetable_size: 3863.859627616613
complete: 32593.596315832132
database_size: 48054.289986026146
codetable_size: 243.24035070103042
complete: 48297.53033672718
Partition 6 ratio: 0.6748501649792803
processing tkmeans_batch_results/k16/batch-5/chessBig_tkmeans__7_k16...
chunks ... [0, 475, 950, 1425, 1901]
num codes: 230
num codes with support 0: 0
chunks ... [0, 475, 950, 1425, 1901]
num codes with usage 0: 13
database_size: 28550.51831000393
codetable_size: 3529.2444975017606
complete: 32079.76280750569
database_size: 46774.65191548895
codetable_size: 238.1580812650455
complete: 47012.80999675399
Partition 7 ratio: 0.6823621649018777
processing tkmeans_batch_results/k16/batch-5/chessBig_tkmeans__8_k16...
chunks ... [0, 351, 702, 1053, 1407]
num codes: 205
num codes with support 0: 0
chunks ... [0, 351, 702, 1053, 1407]
num codes with usage 0: 13
database_size: 20584.879562849943
codetable_size: 3130.436639392683
complete: 23715.316202242626
database_size: 34044.20109356812
codetable_size: 256.1536842484862
complete: 34300.3547778166
Partition 8 ratio: 0.6914014842079785
processing tkmeans_batch_results/k16/batch-5/chessBig_tkmeans__9_k16...
chunks ... [0, 542, 1084, 1626, 2171]
num codes: 295
num codes with support 0: 0
chunks ... [0, 542, 1084, 1626, 2171]
num codes with usage 0: 11
database_size: 31230.9348195977
codetable_size: 4881.535750058055
complete: 36112.47056965576
database_size: 54258.65764969453
codetable_size: 270.1737033959991
complete: 54528.83135309053
Partition 9 ratio: 0.6622637909808975
processing tkmeans_batch_results/k16/batch-5/chessBig_tkmeans__10_k16...
chunks ... [0, 567, 1134, 1701, 2269]
num codes: 247
num codes with support 0: 0
chunks ... [0, 567, 1134, 1701, 2269]
num codes with usage 0: 11
database_size: 30660.384189713262
codetable_size: 3967.506790757491
complete: 34627.89098047075
database_size: 53896.009255239886
codetable_size: 241.66416199858378
complete: 54137.67341723847
Partition 10 ratio: 0.6396265076556572
processing tkmeans_batch_results/k16/batch-5/chessBig_tkmeans__11_k16...
chunks ... [0, 306, 612, 918, 1225]
num codes: 180
num codes with support 0: 0
chunks ... [0, 306, 612, 918, 1225]
num codes with usage 0: 13
database_size: 18304.81905336667
codetable_size: 2592.7787664303237
complete: 20897.597819796996
database_size: 30113.64638888308
codetable_size: 244.66169872986964
complete: 30358.30808761295
Partition 11 ratio: 0.6883650353467428
processing tkmeans_batch_results/k16/batch-5/chessBig_tkmeans__12_k16...
chunks ... [0, 609, 1218, 1827, 2436]
num codes: 252
num codes with support 0: 0
chunks ... [0, 609, 1218, 1827, 2436]
num codes with usage 0: 27
database_size: 33751.40902706202
codetable_size: 3931.5672825261554
complete: 37682.97630958818
database_size: 58902.04083931714
codetable_size: 231.19887000494705
complete: 59133.239709322086
Partition 12 ratio: 0.6372553997518866
processing tkmeans_batch_results/k16/batch-5/chessBig_tkmeans__13_k16...
chunks ... [0, 408, 816, 1224, 1632]
num codes: 248
num codes with support 0: 0
chunks ... [0, 408, 816, 1224, 1632]
num codes with usage 0: 11
database_size: 22771.896970573926
codetable_size: 3933.115312289148
complete: 26705.012282863074
database_size: 39417.84475069252
codetable_size: 248.35680570115284
complete: 39666.20155639367
Partition 13 ratio: 0.6732434978654661
processing tkmeans_batch_results/k16/batch-5/chessBig_tkmeans__14_k16...
chunks ... [0, 499, 998, 1497, 1997]
num codes: 273
num codes with support 0: 0
chunks ... [0, 499, 998, 1497, 1997]
num codes with usage 0: 37
database_size: 27099.01974977304
codetable_size: 3900.19698545262
complete: 30999.216735225662
database_size: 48780.123399897326
codetable_size: 251.1836060290689
complete: 49031.30700592639
Partition 14 ratio: 0.6322331307929198
processing tkmeans_batch_results/k16/batch-5/chessBig_tkmeans__15_k16...
chunks ... [0, 371, 742, 1113, 1486]
num codes: 246
num codes with support 0: 0
chunks ... [0, 371, 742, 1113, 1486]
num codes with usage 0: 27
database_size: 20123.061476065548
codetable_size: 3661.602479645316
complete: 23784.663955710865
database_size: 36639.634905269086
codetable_size: 266.62367063127965
complete: 36906.25857590036
Partition 15 ratio: 0.6444615323657369
number of codetables: 16
size: 171
size: 253
size: 187
size: 235
size: 165
size: 252
size: 250
size: 230
size: 205
size: 295
size: 247
size: 180
size: 252
size: 248
size: 273
size: 246
database_size: 750710.600704819
codetable_size: 258.1889058609846
complete: 750968.78961068
current singletons: {2, 3, 4, 5, 6, 7, 8, 9, 10, 11, 12, 13, 14, 15, 16, 17, 18, 19, 20, 21, 22, 23, 24, 25, 26, 27, 28, 29, 30, 31, 32, 33, 34, 35, 36, 37, 38, 39, 40, 41, 43, 44, 45, 46, 47, 48, 49, 50, 51, 52, 53, 54, 55, 56, 57}
Added 3 singletons
added:  {1, 58, 42}
chunks ... [0, 7014, 14028, 21042, 28056]
num codes: 174
num codes with support 0: 0
chunks ... [0, 7014, 14028, 21042, 28056]
database_size: 695872.2026671483
codetable_size: 3057.9821110429084
complete: 698930.1847781913
Partition ratio: 0.930704703640924
current singletons: {1, 2, 3, 4, 5, 6, 8, 9, 10, 11, 12, 13, 14, 15, 16, 17, 18, 19, 20, 21, 22, 23, 24, 25, 26, 27, 28, 29, 30, 31, 32, 33, 34, 35, 36, 37, 38, 39, 40, 41, 45, 46, 47, 48, 49, 50, 51, 52, 53, 54, 55, 56, 57}
Added 5 singletons
added:  {7, 42, 43, 44, 58}
chunks ... [0, 7014, 14028, 21042, 28056]
num codes: 258
num codes with support 0: 0
chunks ... [0, 7014, 14028, 21042, 28056]
database_size: 644593.3923599795
codetable_size: 4665.2170245035795
complete: 649258.6093844831
Partition ratio: 0.8645613750753532
current singletons: {1, 2, 3, 4, 5, 6, 7, 8, 9, 10, 11, 12, 13, 14, 15, 16, 17, 18, 19, 20, 21, 22, 23, 24, 25, 26, 27, 28, 29, 30, 31, 32, 33, 34, 35, 36, 37, 38, 39, 40, 41, 44, 45, 46, 47, 48, 49, 50, 51, 52, 53, 54, 55, 56, 57, 58}
Added 2 singletons
added:  {42, 43}
chunks ... [0, 7014, 14028, 21042, 28056]
num codes: 189
num codes with support 0: 0
chunks ... [0, 7014, 14028, 21042, 28056]
database_size: 667428.3963307457
codetable_size: 3664.5519608051372
complete: 671092.9482915507
Partition ratio: 0.8936362703428211
current singletons: {1, 2, 3, 4, 5, 6, 7, 9, 10, 11, 12, 13, 14, 15, 16, 17, 18, 19, 20, 21, 22, 23, 24, 25, 26, 27, 28, 29, 30, 31, 32, 33, 34, 35, 36, 37, 38, 39, 40, 41, 42, 43, 44, 45, 46, 47, 48, 49, 50, 51, 52, 53, 54, 55, 56}
Added 3 singletons
added:  {8, 57, 58}
chunks ... [0, 7014, 14028, 21042, 28056]
num codes: 238
num codes with support 0: 0
chunks ... [0, 7014, 14028, 21042, 28056]
database_size: 618448.7601390964
codetable_size: 4045.6787475708184
complete: 622494.4388866673
Partition ratio: 0.828921850679551
current singletons: {1, 2, 3, 4, 5, 6, 7, 8, 9, 10, 11, 12, 13, 14, 15, 16, 17, 18, 19, 20, 21, 22, 23, 24, 25, 26, 27, 28, 29, 30, 31, 32, 33, 34, 35, 36, 37, 38, 39, 40, 41, 49, 50, 51, 52, 53, 54, 55, 56, 57, 58}
Added 7 singletons
added:  {42, 43, 44, 45, 46, 47, 48}
chunks ... [0, 7014, 14028, 21042, 28056]
num codes: 172
num codes with support 0: 0
chunks ... [0, 7014, 14028, 21042, 28056]
database_size: 699170.2470850786
codetable_size: 2949.00994400681
complete: 702119.2570290854
Partition ratio: 0.9349513145454164
current singletons: {1, 2, 3, 4, 5, 6, 7, 8, 9, 10, 11, 12, 13, 14, 15, 16, 17, 18, 19, 20, 21, 22, 23, 24, 25, 26, 27, 28, 29, 30, 31, 32, 33, 34, 35, 36, 37, 38, 39, 40, 41, 43, 44, 45, 46, 47, 48, 49, 50, 51, 52, 53, 54, 55, 56, 57, 58}
Added 1 singletons
added:  {42}
chunks ... [0, 7014, 14028, 21042, 28056]
num codes: 253
num codes with support 0: 0
chunks ... [0, 7014, 14028, 21042, 28056]
database_size: 623448.3811604974
codetable_size: 4325.608133439533
complete: 627773.989293937
Partition ratio: 0.8359521700221256
current singletons: {1, 2, 3, 4, 5, 6, 7, 8, 9, 10, 11, 12, 13, 14, 15, 16, 17, 18, 19, 20, 21, 22, 23, 24, 25, 26, 27, 28, 29, 30, 31, 32, 33, 34, 35, 36, 37, 38, 39, 40, 41, 47, 48, 49, 50, 51, 52, 53, 54, 55, 56, 57, 58}
Added 5 singletons
added:  {42, 43, 44, 45, 46}
chunks ... [0, 7014, 14028, 21042, 28056]
num codes: 255
num codes with support 0: 0
chunks ... [0, 7014, 14028, 21042, 28056]
database_size: 671531.4780886815
codetable_size: 4456.810710325613
complete: 675988.2887990071
Partition ratio: 0.9001549706872045
current singletons: {2, 3, 4, 5, 6, 7, 8, 9, 10, 11, 12, 13, 14, 15, 16, 17, 18, 19, 20, 21, 22, 23, 24, 25, 26, 27, 28, 29, 30, 31, 32, 33, 34, 35, 36, 37, 38, 39, 40, 41, 43, 44, 45, 47, 48, 49, 50, 51, 52, 53, 54, 55, 56}
Added 5 singletons
added:  {1, 42, 46, 57, 58}
chunks ... [0, 7014, 14028, 21042, 28056]
num codes: 235
num codes with support 0: 0
chunks ... [0, 7014, 14028, 21042, 28056]
database_size: 674571.7485967141
codetable_size: 4198.824464014876
complete: 678770.573060729
Partition ratio: 0.9038598973102727
current singletons: {1, 2, 3, 4, 5, 6, 7, 8, 9, 10, 11, 12, 13, 14, 15, 16, 17, 18, 19, 20, 21, 22, 23, 24, 25, 26, 27, 28, 29, 30, 31, 32, 33, 34, 35, 36, 37, 38, 39, 40, 41, 42, 43, 44, 46, 47, 48, 49, 50, 51, 52, 53, 54, 55, 57}
Added 3 singletons
added:  {56, 58, 45}
chunks ... [0, 7014, 14028, 21042, 28056]
num codes: 208
num codes with support 0: 0
chunks ... [0, 7014, 14028, 21042, 28056]
database_size: 675146.6363146905
codetable_size: 3820.7744456570767
complete: 678967.4107603475
Partition ratio: 0.9041220090016528
current singletons: {1, 2, 3, 4, 5, 6, 7, 8, 9, 10, 11, 12, 13, 14, 15, 16, 17, 18, 19, 20, 21, 22, 23, 24, 25, 26, 27, 28, 29, 30, 31, 32, 33, 34, 35, 36, 37, 38, 39, 40, 41, 42, 43, 44, 45, 46, 47, 48, 49, 50, 51, 52, 53, 54, 55, 56, 57, 58}
Added 0 singletons
added:  set()
chunks ... [0, 7014, 14028, 21042, 28056]
num codes: 295
num codes with support 0: 0
chunks ... [0, 7014, 14028, 21042, 28056]
database_size: 634594.8719326574
codetable_size: 5591.17175852782
complete: 640186.0436911853
Partition ratio: 0.8524802262728827
current singletons: {1, 2, 3, 4, 5, 6, 7, 8, 9, 10, 11, 12, 13, 14, 15, 16, 17, 18, 19, 20, 21, 22, 23, 24, 25, 26, 27, 28, 29, 30, 31, 32, 33, 34, 35, 36, 37, 38, 39, 40, 41, 43, 49, 50, 51, 52, 53, 54, 55, 56, 57}
Added 7 singletons
added:  {42, 44, 45, 46, 47, 48, 58}
chunks ... [0, 7014, 14028, 21042, 28056]
num codes: 254
num codes with support 0: 0
chunks ... [0, 7014, 14028, 21042, 28056]
database_size: 670456.0457792022
codetable_size: 4690.161624724222
complete: 675146.2074039265
Partition ratio: 0.8990336439333761
current singletons: {1, 2, 3, 4, 5, 6, 7, 8, 9, 10, 11, 12, 13, 14, 15, 16, 17, 18, 19, 20, 21, 22, 23, 24, 25, 26, 27, 28, 29, 30, 31, 32, 33, 34, 35, 36, 37, 38, 39, 40, 41, 46, 47, 48, 49, 50, 51, 52, 53, 54, 55, 56, 57, 58}
Added 4 singletons
added:  {42, 43, 44, 45}
chunks ... [0, 7014, 14028, 21042, 28056]
num codes: 184
num codes with support 0: 0
chunks ... [0, 7014, 14028, 21042, 28056]
database_size: 693057.7572018056
codetable_size: 3108.590933383178
complete: 696166.3481351888
Partition ratio: 0.9270243421116049
current singletons: {1, 2, 3, 4, 5, 6, 7, 9, 10, 11, 12, 13, 14, 15, 16, 17, 18, 19, 20, 21, 22, 23, 24, 25, 26, 27, 28, 29, 30, 31, 32, 33, 34, 35, 36, 37, 38, 39, 40, 41, 48, 49, 50, 51, 52, 53, 54, 55, 56, 57, 58}
Added 7 singletons
added:  {8, 42, 43, 44, 45, 46, 47}
chunks ... [0, 7014, 14028, 21042, 28056]
num codes: 259
num codes with support 0: 0
chunks ... [0, 7014, 14028, 21042, 28056]
database_size: 652967.505526299
codetable_size: 4657.467959605123
complete: 657624.9734859042
Partition ratio: 0.8757021364720531
current singletons: {1, 2, 3, 4, 5, 6, 7, 8, 9, 10, 11, 12, 13, 14, 15, 16, 17, 18, 19, 20, 21, 22, 23, 24, 25, 26, 27, 28, 29, 30, 31, 32, 33, 34, 35, 36, 37, 38, 39, 40, 41, 47, 48, 49, 50, 51, 52, 53, 54, 55, 56, 57, 58}
Added 5 singletons
added:  {42, 43, 44, 45, 46}
chunks ... [0, 7014, 14028, 21042, 28056]
num codes: 253
num codes with support 0: 0
chunks ... [0, 7014, 14028, 21042, 28056]
database_size: 651039.4610268606
codetable_size: 4620.198367769724
complete: 655659.6593946303
Partition ratio: 0.873085098163054
current singletons: {1, 2, 3, 4, 5, 6, 7, 8, 9, 10, 11, 12, 13, 14, 15, 16, 17, 18, 19, 20, 21, 22, 23, 24, 25, 26, 27, 28, 29, 30, 31, 32, 33, 34, 35, 36, 37, 38, 39, 40, 41, 42, 44, 47, 48, 49, 50, 51, 52, 53, 54, 55, 56, 57}
Added 4 singletons
added:  {58, 43, 45, 46}
chunks ... [0, 7014, 14028, 21042, 28056]
num codes: 277
num codes with support 0: 0
chunks ... [0, 7014, 14028, 21042, 28056]
database_size: 563396.0757290368
codetable_size: 4593.605291072795
complete: 567989.6810201096
Partition ratio: 0.7563425922328528
current singletons: {1, 2, 3, 4, 5, 6, 7, 8, 9, 10, 11, 12, 13, 14, 15, 16, 17, 18, 19, 20, 21, 22, 23, 24, 25, 26, 27, 28, 29, 30, 31, 32, 33, 34, 35, 36, 37, 38, 39, 40, 41, 43, 44, 45, 46, 47, 48, 49, 50, 51, 52, 53, 54, 55, 56, 57, 58}
Added 1 singletons
added:  {42}
chunks ... [0, 7014, 14028, 21042, 28056]
num codes: 247
num codes with support 0: 0
chunks ... [0, 7014, 14028, 21042, 28056]
database_size: 621893.4129801241
codetable_size: 4322.4013970286915
complete: 626215.8143771528
Partition ratio: 0.833877283637577
merged table size: 277
chunks ... [0, 7014, 14028, 21042, 28056]
chunks ... [0, 7014, 14028, 21042, 28056]
merged table size without non-used codes: 268
database_size: 563396.0757290368
codetable_size: 4593.605291072795
complete: 567989.6810201096
database_size: 750710.600704819
codetable_size: 258.1889058609846
complete: 750968.78961068
merged size: 567989.6810201096
sct size: 750968.78961068
merged ratio: 0.7563425922328528
time elapsed: 21.2867693901062
-- MERGING METHOD informed
processing tkmeans_batch_results/k16/batch-5/chessBig_tkmeans__0_k16...
chunks ... [0, 282, 564, 846, 1128]
num codes: 171
num codes with support 0: 0
chunks ... [0, 282, 564, 846, 1128]
num codes with usage 0: 9
database_size: 16857.296211071065
codetable_size: 2521.794207540168
complete: 19379.09041861123
database_size: 27686.283648505883
codetable_size: 246.72909450039415
complete: 27933.01274300628
Partition 0 ratio: 0.6937701492103915
processing tkmeans_batch_results/k16/batch-5/chessBig_tkmeans__1_k16...
chunks ... [0, 504, 1008, 1512, 2017]
num codes: 253
num codes with support 0: 0
chunks ... [0, 504, 1008, 1512, 2017]
num codes with usage 0: 10
database_size: 27128.34051091168
codetable_size: 4059.35755490167
complete: 31187.69806581335
database_size: 47948.96807771
codetable_size: 250.68084716019996
complete: 48199.6489248702
Partition 1 ratio: 0.6470523906600704
processing tkmeans_batch_results/k16/batch-5/chessBig_tkmeans__2_k16...
chunks ... [0, 353, 706, 1059, 1412]
num codes: 187
num codes with support 0: 0
chunks ... [0, 353, 706, 1059, 1412]
num codes with usage 0: 15
database_size: 20651.05525048424
codetable_size: 2919.2787746445174
complete: 23570.33402512876
database_size: 34706.51905115049
codetable_size: 256.9387907631701
complete: 34963.45784191366
Partition 2 ratio: 0.6741419607780613
processing tkmeans_batch_results/k16/batch-5/chessBig_tkmeans__3_k16...
chunks ... [0, 430, 860, 1290, 1721]
num codes: 235
num codes with support 0: 0
chunks ... [0, 430, 860, 1290, 1721]
num codes with usage 0: 17
database_size: 24696.358478752358
codetable_size: 3535.6064710268865
complete: 28231.964949779245
database_size: 42287.04823275417
codetable_size: 251.07063724538182
complete: 42538.11886999955
Partition 3 ratio: 0.6636862583429878
processing tkmeans_batch_results/k16/batch-5/chessBig_tkmeans__4_k16...
chunks ... [0, 325, 650, 975, 1303]
num codes: 165
num codes with support 0: 0
chunks ... [0, 325, 650, 975, 1303]
num codes with usage 0: 10
database_size: 18678.670031130474
codetable_size: 2402.1532127820033
complete: 21080.823243912477
database_size: 30995.024225193985
codetable_size: 232.4297856778332
complete: 31227.454010871817
Partition 4 ratio: 0.6750733901192586
processing tkmeans_batch_results/k16/batch-5/chessBig_tkmeans__5_k16...
chunks ... [0, 495, 990, 1485, 1983]
num codes: 252
num codes with support 0: 0
chunks ... [0, 495, 990, 1485, 1983]
num codes with usage 0: 14
database_size: 29498.486399278132
codetable_size: 3821.8020879702553
complete: 33320.288487248385
database_size: 48937.783936181935
codetable_size: 266.3695116227358
complete: 49204.153447804674
Partition 5 ratio: 0.6771844682297857
processing tkmeans_batch_results/k16/batch-5/chessBig_tkmeans__6_k16...
chunks ... [0, 491, 982, 1473, 1967]
num codes: 250
num codes with support 0: 0
chunks ... [0, 491, 982, 1473, 1967]
num codes with usage 0: 12
database_size: 28729.73668821552
codetable_size: 3863.859627616613
complete: 32593.596315832132
database_size: 48054.289986026146
codetable_size: 243.24035070103042
complete: 48297.53033672718
Partition 6 ratio: 0.6748501649792803
processing tkmeans_batch_results/k16/batch-5/chessBig_tkmeans__7_k16...
chunks ... [0, 475, 950, 1425, 1901]
num codes: 230
num codes with support 0: 0
chunks ... [0, 475, 950, 1425, 1901]
num codes with usage 0: 13
database_size: 28550.51831000393
codetable_size: 3529.2444975017606
complete: 32079.76280750569
database_size: 46774.65191548895
codetable_size: 238.1580812650455
complete: 47012.80999675399
Partition 7 ratio: 0.6823621649018777
processing tkmeans_batch_results/k16/batch-5/chessBig_tkmeans__8_k16...
chunks ... [0, 351, 702, 1053, 1407]
num codes: 205
num codes with support 0: 0
chunks ... [0, 351, 702, 1053, 1407]
num codes with usage 0: 13
database_size: 20584.879562849943
codetable_size: 3130.436639392683
complete: 23715.316202242626
database_size: 34044.20109356812
codetable_size: 256.1536842484862
complete: 34300.3547778166
Partition 8 ratio: 0.6914014842079785
processing tkmeans_batch_results/k16/batch-5/chessBig_tkmeans__9_k16...
chunks ... [0, 542, 1084, 1626, 2171]
num codes: 295
num codes with support 0: 0
chunks ... [0, 542, 1084, 1626, 2171]
num codes with usage 0: 11
database_size: 31230.9348195977
codetable_size: 4881.535750058055
complete: 36112.47056965576
database_size: 54258.65764969453
codetable_size: 270.1737033959991
complete: 54528.83135309053
Partition 9 ratio: 0.6622637909808975
processing tkmeans_batch_results/k16/batch-5/chessBig_tkmeans__10_k16...
chunks ... [0, 567, 1134, 1701, 2269]
num codes: 247
num codes with support 0: 0
chunks ... [0, 567, 1134, 1701, 2269]
num codes with usage 0: 11
database_size: 30660.384189713262
codetable_size: 3967.506790757491
complete: 34627.89098047075
database_size: 53896.009255239886
codetable_size: 241.66416199858378
complete: 54137.67341723847
Partition 10 ratio: 0.6396265076556572
processing tkmeans_batch_results/k16/batch-5/chessBig_tkmeans__11_k16...
chunks ... [0, 306, 612, 918, 1225]
num codes: 180
num codes with support 0: 0
chunks ... [0, 306, 612, 918, 1225]
num codes with usage 0: 13
database_size: 18304.81905336667
codetable_size: 2592.7787664303237
complete: 20897.597819796996
database_size: 30113.64638888308
codetable_size: 244.66169872986964
complete: 30358.30808761295
Partition 11 ratio: 0.6883650353467428
processing tkmeans_batch_results/k16/batch-5/chessBig_tkmeans__12_k16...
chunks ... [0, 609, 1218, 1827, 2436]
num codes: 252
num codes with support 0: 0
chunks ... [0, 609, 1218, 1827, 2436]
num codes with usage 0: 27
database_size: 33751.40902706202
codetable_size: 3931.5672825261554
complete: 37682.97630958818
database_size: 58902.04083931714
codetable_size: 231.19887000494705
complete: 59133.239709322086
Partition 12 ratio: 0.6372553997518866
processing tkmeans_batch_results/k16/batch-5/chessBig_tkmeans__13_k16...
chunks ... [0, 408, 816, 1224, 1632]
num codes: 248
num codes with support 0: 0
chunks ... [0, 408, 816, 1224, 1632]
num codes with usage 0: 11
database_size: 22771.896970573926
codetable_size: 3933.115312289148
complete: 26705.012282863074
database_size: 39417.84475069252
codetable_size: 248.35680570115284
complete: 39666.20155639367
Partition 13 ratio: 0.6732434978654661
processing tkmeans_batch_results/k16/batch-5/chessBig_tkmeans__14_k16...
chunks ... [0, 499, 998, 1497, 1997]
num codes: 273
num codes with support 0: 0
chunks ... [0, 499, 998, 1497, 1997]
num codes with usage 0: 37
database_size: 27099.01974977304
codetable_size: 3900.19698545262
complete: 30999.216735225662
database_size: 48780.123399897326
codetable_size: 251.1836060290689
complete: 49031.30700592639
Partition 14 ratio: 0.6322331307929198
processing tkmeans_batch_results/k16/batch-5/chessBig_tkmeans__15_k16...
chunks ... [0, 371, 742, 1113, 1486]
num codes: 246
num codes with support 0: 0
chunks ... [0, 371, 742, 1113, 1486]
num codes with usage 0: 27
database_size: 20123.061476065548
codetable_size: 3661.602479645316
complete: 23784.663955710865
database_size: 36639.634905269086
codetable_size: 266.62367063127965
complete: 36906.25857590036
Partition 15 ratio: 0.6444615323657369
number of codetables: 16
size: 171
size: 253
size: 187
size: 235
size: 165
size: 252
size: 250
size: 230
size: 205
size: 295
size: 247
size: 180
size: 252
size: 248
size: 273
size: 246
database_size: 750710.600704819
codetable_size: 258.1889058609846
complete: 750968.78961068
database_size: 750710.600704819
codetable_size: 258.1889058609846
complete: 750968.78961068
current singletons: {2, 3, 4, 5, 6, 7, 8, 9, 10, 11, 12, 13, 14, 15, 16, 17, 18, 19, 20, 21, 22, 23, 24, 25, 26, 27, 28, 29, 30, 31, 32, 33, 34, 35, 36, 37, 38, 39, 40, 41, 43, 44, 45, 46, 47, 48, 49, 50, 51, 52, 53, 54, 55, 56, 57}
Added 3 singletons
added:  {1, 58, 42}
chunks ... [0, 7014, 14028, 21042, 28056]
num codes: 174
num codes with support 0: 0
chunks ... [0, 7014, 14028, 21042, 28056]
database_size: 695872.2026671483
codetable_size: 3057.9821110429084
complete: 698930.1847781913
Partition ratio: 0.930704703640924
current singletons: {1, 2, 3, 4, 5, 6, 8, 9, 10, 11, 12, 13, 14, 15, 16, 17, 18, 19, 20, 21, 22, 23, 24, 25, 26, 27, 28, 29, 30, 31, 32, 33, 34, 35, 36, 37, 38, 39, 40, 41, 45, 46, 47, 48, 49, 50, 51, 52, 53, 54, 55, 56, 57}
Added 5 singletons
added:  {7, 42, 43, 44, 58}
chunks ... [0, 7014, 14028, 21042, 28056]
num codes: 258
num codes with support 0: 0
chunks ... [0, 7014, 14028, 21042, 28056]
database_size: 644593.3923599795
codetable_size: 4665.2170245035795
complete: 649258.6093844831
Partition ratio: 0.8645613750753532
current singletons: {1, 2, 3, 4, 5, 6, 7, 8, 9, 10, 11, 12, 13, 14, 15, 16, 17, 18, 19, 20, 21, 22, 23, 24, 25, 26, 27, 28, 29, 30, 31, 32, 33, 34, 35, 36, 37, 38, 39, 40, 41, 44, 45, 46, 47, 48, 49, 50, 51, 52, 53, 54, 55, 56, 57, 58}
Added 2 singletons
added:  {42, 43}
chunks ... [0, 7014, 14028, 21042, 28056]
num codes: 189
num codes with support 0: 0
chunks ... [0, 7014, 14028, 21042, 28056]
database_size: 667428.3963307457
codetable_size: 3664.5519608051372
complete: 671092.9482915507
Partition ratio: 0.8936362703428211
current singletons: {1, 2, 3, 4, 5, 6, 7, 9, 10, 11, 12, 13, 14, 15, 16, 17, 18, 19, 20, 21, 22, 23, 24, 25, 26, 27, 28, 29, 30, 31, 32, 33, 34, 35, 36, 37, 38, 39, 40, 41, 42, 43, 44, 45, 46, 47, 48, 49, 50, 51, 52, 53, 54, 55, 56}
Added 3 singletons
added:  {8, 57, 58}
chunks ... [0, 7014, 14028, 21042, 28056]
num codes: 238
num codes with support 0: 0
chunks ... [0, 7014, 14028, 21042, 28056]
database_size: 618448.7601390964
codetable_size: 4045.6787475708184
complete: 622494.4388866673
Partition ratio: 0.828921850679551
current singletons: {1, 2, 3, 4, 5, 6, 7, 8, 9, 10, 11, 12, 13, 14, 15, 16, 17, 18, 19, 20, 21, 22, 23, 24, 25, 26, 27, 28, 29, 30, 31, 32, 33, 34, 35, 36, 37, 38, 39, 40, 41, 49, 50, 51, 52, 53, 54, 55, 56, 57, 58}
Added 7 singletons
added:  {42, 43, 44, 45, 46, 47, 48}
chunks ... [0, 7014, 14028, 21042, 28056]
num codes: 172
num codes with support 0: 0
chunks ... [0, 7014, 14028, 21042, 28056]
database_size: 699170.2470850786
codetable_size: 2949.00994400681
complete: 702119.2570290854
Partition ratio: 0.9349513145454164
current singletons: {1, 2, 3, 4, 5, 6, 7, 8, 9, 10, 11, 12, 13, 14, 15, 16, 17, 18, 19, 20, 21, 22, 23, 24, 25, 26, 27, 28, 29, 30, 31, 32, 33, 34, 35, 36, 37, 38, 39, 40, 41, 43, 44, 45, 46, 47, 48, 49, 50, 51, 52, 53, 54, 55, 56, 57, 58}
Added 1 singletons
added:  {42}
chunks ... [0, 7014, 14028, 21042, 28056]
num codes: 253
num codes with support 0: 0
chunks ... [0, 7014, 14028, 21042, 28056]
database_size: 623448.3811604974
codetable_size: 4325.608133439533
complete: 627773.989293937
Partition ratio: 0.8359521700221256
current singletons: {1, 2, 3, 4, 5, 6, 7, 8, 9, 10, 11, 12, 13, 14, 15, 16, 17, 18, 19, 20, 21, 22, 23, 24, 25, 26, 27, 28, 29, 30, 31, 32, 33, 34, 35, 36, 37, 38, 39, 40, 41, 47, 48, 49, 50, 51, 52, 53, 54, 55, 56, 57, 58}
Added 5 singletons
added:  {42, 43, 44, 45, 46}
chunks ... [0, 7014, 14028, 21042, 28056]
num codes: 255
num codes with support 0: 0
chunks ... [0, 7014, 14028, 21042, 28056]
database_size: 671531.4780886815
codetable_size: 4456.810710325613
complete: 675988.2887990071
Partition ratio: 0.9001549706872045
current singletons: {2, 3, 4, 5, 6, 7, 8, 9, 10, 11, 12, 13, 14, 15, 16, 17, 18, 19, 20, 21, 22, 23, 24, 25, 26, 27, 28, 29, 30, 31, 32, 33, 34, 35, 36, 37, 38, 39, 40, 41, 43, 44, 45, 47, 48, 49, 50, 51, 52, 53, 54, 55, 56}
Added 5 singletons
added:  {1, 42, 46, 57, 58}
chunks ... [0, 7014, 14028, 21042, 28056]
num codes: 235
num codes with support 0: 0
chunks ... [0, 7014, 14028, 21042, 28056]
database_size: 674571.7485967141
codetable_size: 4198.824464014876
complete: 678770.573060729
Partition ratio: 0.9038598973102727
current singletons: {1, 2, 3, 4, 5, 6, 7, 8, 9, 10, 11, 12, 13, 14, 15, 16, 17, 18, 19, 20, 21, 22, 23, 24, 25, 26, 27, 28, 29, 30, 31, 32, 33, 34, 35, 36, 37, 38, 39, 40, 41, 42, 43, 44, 46, 47, 48, 49, 50, 51, 52, 53, 54, 55, 57}
Added 3 singletons
added:  {56, 58, 45}
chunks ... [0, 7014, 14028, 21042, 28056]
num codes: 208
num codes with support 0: 0
chunks ... [0, 7014, 14028, 21042, 28056]
database_size: 675146.6363146905
codetable_size: 3820.7744456570767
complete: 678967.4107603475
Partition ratio: 0.9041220090016528
current singletons: {1, 2, 3, 4, 5, 6, 7, 8, 9, 10, 11, 12, 13, 14, 15, 16, 17, 18, 19, 20, 21, 22, 23, 24, 25, 26, 27, 28, 29, 30, 31, 32, 33, 34, 35, 36, 37, 38, 39, 40, 41, 42, 43, 44, 45, 46, 47, 48, 49, 50, 51, 52, 53, 54, 55, 56, 57, 58}
Added 0 singletons
added:  set()
chunks ... [0, 7014, 14028, 21042, 28056]
num codes: 295
num codes with support 0: 0
chunks ... [0, 7014, 14028, 21042, 28056]
database_size: 634594.8719326574
codetable_size: 5591.17175852782
complete: 640186.0436911853
Partition ratio: 0.8524802262728827
current singletons: {1, 2, 3, 4, 5, 6, 7, 8, 9, 10, 11, 12, 13, 14, 15, 16, 17, 18, 19, 20, 21, 22, 23, 24, 25, 26, 27, 28, 29, 30, 31, 32, 33, 34, 35, 36, 37, 38, 39, 40, 41, 43, 49, 50, 51, 52, 53, 54, 55, 56, 57}
Added 7 singletons
added:  {42, 44, 45, 46, 47, 48, 58}
chunks ... [0, 7014, 14028, 21042, 28056]
num codes: 254
num codes with support 0: 0
chunks ... [0, 7014, 14028, 21042, 28056]
database_size: 670456.0457792022
codetable_size: 4690.161624724222
complete: 675146.2074039265
Partition ratio: 0.8990336439333761
current singletons: {1, 2, 3, 4, 5, 6, 7, 8, 9, 10, 11, 12, 13, 14, 15, 16, 17, 18, 19, 20, 21, 22, 23, 24, 25, 26, 27, 28, 29, 30, 31, 32, 33, 34, 35, 36, 37, 38, 39, 40, 41, 46, 47, 48, 49, 50, 51, 52, 53, 54, 55, 56, 57, 58}
Added 4 singletons
added:  {42, 43, 44, 45}
chunks ... [0, 7014, 14028, 21042, 28056]
num codes: 184
num codes with support 0: 0
chunks ... [0, 7014, 14028, 21042, 28056]
database_size: 693057.7572018056
codetable_size: 3108.590933383178
complete: 696166.3481351888
Partition ratio: 0.9270243421116049
current singletons: {1, 2, 3, 4, 5, 6, 7, 9, 10, 11, 12, 13, 14, 15, 16, 17, 18, 19, 20, 21, 22, 23, 24, 25, 26, 27, 28, 29, 30, 31, 32, 33, 34, 35, 36, 37, 38, 39, 40, 41, 48, 49, 50, 51, 52, 53, 54, 55, 56, 57, 58}
Added 7 singletons
added:  {8, 42, 43, 44, 45, 46, 47}
chunks ... [0, 7014, 14028, 21042, 28056]
num codes: 259
num codes with support 0: 0
chunks ... [0, 7014, 14028, 21042, 28056]
database_size: 652967.505526299
codetable_size: 4657.467959605123
complete: 657624.9734859042
Partition ratio: 0.8757021364720531
current singletons: {1, 2, 3, 4, 5, 6, 7, 8, 9, 10, 11, 12, 13, 14, 15, 16, 17, 18, 19, 20, 21, 22, 23, 24, 25, 26, 27, 28, 29, 30, 31, 32, 33, 34, 35, 36, 37, 38, 39, 40, 41, 47, 48, 49, 50, 51, 52, 53, 54, 55, 56, 57, 58}
Added 5 singletons
added:  {42, 43, 44, 45, 46}
chunks ... [0, 7014, 14028, 21042, 28056]
num codes: 253
num codes with support 0: 0
chunks ... [0, 7014, 14028, 21042, 28056]
database_size: 651039.4610268606
codetable_size: 4620.198367769724
complete: 655659.6593946303
Partition ratio: 0.873085098163054
current singletons: {1, 2, 3, 4, 5, 6, 7, 8, 9, 10, 11, 12, 13, 14, 15, 16, 17, 18, 19, 20, 21, 22, 23, 24, 25, 26, 27, 28, 29, 30, 31, 32, 33, 34, 35, 36, 37, 38, 39, 40, 41, 42, 44, 47, 48, 49, 50, 51, 52, 53, 54, 55, 56, 57}
Added 4 singletons
added:  {58, 43, 45, 46}
chunks ... [0, 7014, 14028, 21042, 28056]
num codes: 277
num codes with support 0: 0
chunks ... [0, 7014, 14028, 21042, 28056]
database_size: 563396.0757290368
codetable_size: 4593.605291072795
complete: 567989.6810201096
Partition ratio: 0.7563425922328528
current singletons: {1, 2, 3, 4, 5, 6, 7, 8, 9, 10, 11, 12, 13, 14, 15, 16, 17, 18, 19, 20, 21, 22, 23, 24, 25, 26, 27, 28, 29, 30, 31, 32, 33, 34, 35, 36, 37, 38, 39, 40, 41, 43, 44, 45, 46, 47, 48, 49, 50, 51, 52, 53, 54, 55, 56, 57, 58}
Added 1 singletons
added:  {42}
chunks ... [0, 7014, 14028, 21042, 28056]
num codes: 247
num codes with support 0: 0
chunks ... [0, 7014, 14028, 21042, 28056]
database_size: 621893.4129801241
codetable_size: 4322.4013970286915
complete: 626215.8143771528
Partition ratio: 0.833877283637577
initial ratio: 0.7563425922328528
merged: {14}
merged: {14}
to_process: {0, 1, 2, 3, 4, 5, 6, 7, 8, 9, 10, 11, 12, 13, 15}
[(0, 0.31962787586808616), (1, 0.4297241764653402), (2, 0.3247172872867704), (3, 0.36206413175315266), (4, 0.4075846067574442), (5, 0.3755979239703011), (6, 0.3894056739835865), (7, 0.3778530825259242), (8, 0.35132200209924364), (9, 0.3820441734758454), (10, 0.39804543013844135), (11, 0.3619286824852225), (12, 0.3464212274525828), (13, 0.30796718090590924), (15, 0.29154547043758294)]
next_candidate: 15
chunks ... [0, 7014, 14028, 21042, 28056]
chunks ... [0, 7014, 14028, 21042, 28056]
database_size: 558148.8101886769
codetable_size: 7595.746529672728
complete: 565744.5567183497
current_ratio: 0.7563425922328528 --- candidate_ratio:0.7533529549365762
!!!!! ********* merge accepted ... 
merged: {14, 15}
to_process: {0, 1, 2, 3, 4, 5, 6, 7, 8, 9, 10, 11, 12, 13}
[(0, 0.23941003633563127), (1, 0.374341849713462), (2, 0.30397194317785964), (3, 0.3073754766537328), (4, 0.2783558957079358), (5, 0.3356669482704227), (6, 0.3270074125216596), (7, 0.3725920009858849), (8, 0.2923558525976117), (9, 0.3485970723433343), (10, 0.34958456997209303), (11, 0.2571693948018433), (12, 0.32679568013373933), (13, 0.2625154518125399)]
next_candidate: 0
chunks ... [0, 7014, 14028, 21042, 28056]
chunks ... [0, 7014, 14028, 21042, 28056]
database_size: 557386.3660587104
codetable_size: 10084.65841302885
complete: 567471.0244717392
current_ratio: 0.7533529549365762 --- candidate_ratio:0.7556519422943391
!!!!! ********* merge rejected ... 
merged: {14, 15}
to_process: {1, 2, 3, 4, 5, 6, 7, 8, 9, 10, 11, 12, 13}
[(1, 0.374341849713462), (2, 0.30397194317785964), (3, 0.3073754766537328), (4, 0.2783558957079358), (5, 0.3356669482704227), (6, 0.3270074125216596), (7, 0.3725920009858849), (8, 0.2923558525976117), (9, 0.3485970723433343), (10, 0.34958456997209303), (11, 0.2571693948018433), (12, 0.32679568013373933), (13, 0.2625154518125399)]
next_candidate: 11
chunks ... [0, 7014, 14028, 21042, 28056]
chunks ... [0, 7014, 14028, 21042, 28056]
database_size: 563534.8891152348
codetable_size: 10249.375566449724
complete: 573784.2646816846
current_ratio: 0.7533529549365762 --- candidate_ratio:0.7640587366875099
!!!!! ********* merge rejected ... 
merged: {14, 15}
to_process: {1, 2, 3, 4, 5, 6, 7, 8, 9, 10, 12, 13}
[(1, 0.374341849713462), (2, 0.30397194317785964), (3, 0.3073754766537328), (4, 0.2783558957079358), (5, 0.3356669482704227), (6, 0.3270074125216596), (7, 0.3725920009858849), (8, 0.2923558525976117), (9, 0.3485970723433343), (10, 0.34958456997209303), (12, 0.32679568013373933), (13, 0.2625154518125399)]
next_candidate: 13
chunks ... [0, 7014, 14028, 21042, 28056]
chunks ... [0, 7014, 14028, 21042, 28056]
database_size: 552893.7945571169
codetable_size: 11058.552491007236
complete: 563952.3470481242
current_ratio: 0.7533529549365762 --- candidate_ratio:0.7509664247704495
!!!!! ********* merge accepted ... 
merged: {13, 14, 15}
to_process: {1, 2, 3, 4, 5, 6, 7, 8, 9, 10, 12}
[(1, 0.30836077197380396), (2, 0.22638752829911543), (3, 0.2565570064907701), (4, 0.21820236444613822), (5, 0.28419668433923717), (6, 0.2936779974726574), (7, 0.27667218281052175), (8, 0.22514003408659017), (9, 0.28545414611953673), (10, 0.32403449807926654), (12, 0.30707978787770185)]
next_candidate: 4
chunks ... [0, 7014, 14028, 21042, 28056]
chunks ... [0, 7014, 14028, 21042, 28056]
database_size: 551479.2272456842
codetable_size: 13397.170293757637
complete: 564876.3975394419
current_ratio: 0.7509664247704495 --- candidate_ratio:0.7521969026599458
!!!!! ********* merge rejected ... 
merged: {13, 14, 15}
to_process: {1, 2, 3, 5, 6, 7, 8, 9, 10, 12}
[(1, 0.30836077197380396), (2, 0.22638752829911543), (3, 0.2565570064907701), (5, 0.28419668433923717), (6, 0.2936779974726574), (7, 0.27667218281052175), (8, 0.22514003408659017), (9, 0.28545414611953673), (10, 0.32403449807926654), (12, 0.30707978787770185)]
next_candidate: 8
chunks ... [0, 7014, 14028, 21042, 28056]
chunks ... [0, 7014, 14028, 21042, 28056]
database_size: 555789.5358636143
codetable_size: 14142.63027177379
complete: 569932.1661353881
current_ratio: 0.7509664247704495 --- candidate_ratio:0.7589292311746463
!!!!! ********* merge rejected ... 
merged: {13, 14, 15}
to_process: {1, 2, 3, 5, 6, 7, 9, 10, 12}
[(1, 0.30836077197380396), (2, 0.22638752829911543), (3, 0.2565570064907701), (5, 0.28419668433923717), (6, 0.2936779974726574), (7, 0.27667218281052175), (9, 0.28545414611953673), (10, 0.32403449807926654), (12, 0.30707978787770185)]
next_candidate: 2
chunks ... [0, 7014, 14028, 21042, 28056]
chunks ... [0, 7014, 14028, 21042, 28056]
database_size: 553632.8072768351
codetable_size: 13865.243216954359
complete: 567498.0504937895
current_ratio: 0.7509664247704495 --- candidate_ratio:0.755687930503735
!!!!! ********* merge rejected ... 
merged: {13, 14, 15}
to_process: {1, 3, 5, 6, 7, 9, 10, 12}
[(1, 0.30836077197380396), (3, 0.2565570064907701), (5, 0.28419668433923717), (6, 0.2936779974726574), (7, 0.27667218281052175), (9, 0.28545414611953673), (10, 0.32403449807926654), (12, 0.30707978787770185)]
next_candidate: 3
chunks ... [0, 7014, 14028, 21042, 28056]
chunks ... [0, 7014, 14028, 21042, 28056]
database_size: 552112.3843965424
codetable_size: 14342.487439902465
complete: 566454.871836445
current_ratio: 0.7509664247704495 --- candidate_ratio:0.7542988199684152
!!!!! ********* merge rejected ... 
merged: {13, 14, 15}
to_process: {1, 5, 6, 7, 9, 10, 12}
[(1, 0.30836077197380396), (5, 0.28419668433923717), (6, 0.2936779974726574), (7, 0.27667218281052175), (9, 0.28545414611953673), (10, 0.32403449807926654), (12, 0.30707978787770185)]
next_candidate: 7
chunks ... [0, 7014, 14028, 21042, 28056]
chunks ... [0, 7014, 14028, 21042, 28056]
database_size: 546669.8173638681
codetable_size: 14534.794153551997
complete: 561204.6115174202
current_ratio: 0.7509664247704495 --- candidate_ratio:0.7473075036958087
!!!!! ********* merge accepted ... 
merged: {7, 13, 14, 15}
to_process: {1, 5, 6, 9, 10, 12}
[(1, 0.23123481453717204), (5, 0.21989125633637296), (6, 0.22900726821684325), (9, 0.23783521835595947), (10, 0.25396250215178306), (12, 0.2438889082910804)]
next_candidate: 5
chunks ... [0, 7014, 14028, 21042, 28056]
chunks ... [0, 7014, 14028, 21042, 28056]
database_size: 537787.9611478364
codetable_size: 17162.98557696678
complete: 554950.9467248032
current_ratio: 0.7473075036958087 --- candidate_ratio:0.7389800407184737
!!!!! ********* merge accepted ... 
merged: {5, 7, 13, 14, 15}
to_process: {1, 6, 9, 10, 12}
[(1, 0.18853001694781385), (6, 0.1875694820462263), (9, 0.19740997175314895), (10, 0.21131126640701337), (12, 0.2006545656747382)]
next_candidate: 6
chunks ... [0, 7014, 14028, 21042, 28056]
chunks ... [0, 7014, 14028, 21042, 28056]
database_size: 529378.4230382484
codetable_size: 20697.988926736976
complete: 550076.4119649854
current_ratio: 0.7389800407184737 --- candidate_ratio:0.7324890455835829
!!!!! ********* merge accepted ... 
merged: {5, 6, 7, 13, 14, 15}
to_process: {1, 9, 10, 12}
[(1, 0.15846089366355592), (9, 0.1647681533573989), (10, 0.18206356077318556), (12, 0.17566939670586304)]
next_candidate: 1
chunks ... [0, 7014, 14028, 21042, 28056]
chunks ... [0, 7014, 14028, 21042, 28056]
database_size: 528196.6452940763
codetable_size: 24480.378354407956
complete: 552677.0236484843
current_ratio: 0.7324890455835829 --- candidate_ratio:0.7359520545920493
!!!!! ********* merge rejected ... 
merged: {5, 6, 7, 13, 14, 15}
to_process: {9, 10, 12}
[(9, 0.1647681533573989), (10, 0.18206356077318556), (12, 0.17566939670586304)]
next_candidate: 9
chunks ... [0, 7014, 14028, 21042, 28056]
chunks ... [0, 7014, 14028, 21042, 28056]
database_size: 513747.25845692144
codetable_size: 24163.510372341174
complete: 537910.7688292626
current_ratio: 0.7324890455835829 --- candidate_ratio:0.7162891138367126
!!!!! ********* merge accepted ... 
merged: {5, 6, 7, 9, 13, 14, 15}
to_process: {10, 12}
[(10, 0.15393983698524707), (12, 0.15122578365268044)]
next_candidate: 12
chunks ... [0, 7014, 14028, 21042, 28056]
chunks ... [0, 7014, 14028, 21042, 28056]
database_size: 512198.78506224486
codetable_size: 27810.511050696365
complete: 540009.2961129412
current_ratio: 0.7162891138367126 --- candidate_ratio:0.7190835405994633
!!!!! ********* merge rejected ... 
merged: {5, 6, 7, 9, 13, 14, 15}
to_process: {10}
[(10, 0.15393983698524707)]
next_candidate: 10
chunks ... [0, 7014, 14028, 21042, 28056]
chunks ... [0, 7014, 14028, 21042, 28056]
database_size: 514727.9319560337
codetable_size: 28157.92222532533
complete: 542885.854181359
current_ratio: 0.7162891138367126 --- candidate_ratio:0.722914003473838
!!!!! ********* merge rejected ... 
merged table size: 1184
chunks ... [0, 7014, 14028, 21042, 28056]
chunks ... [0, 7014, 14028, 21042, 28056]
merged table size without non-used codes: 1115
database_size: 513747.25845692144
codetable_size: 24163.510372341174
complete: 537910.7688292626
database_size: 750710.600704819
codetable_size: 258.1889058609846
complete: 750968.78961068
merged size: 537910.7688292626
sct size: 750968.78961068
merged ratio: 0.7162891138367126
time elapsed: 85.48031878471375
