
-- MERGING METHOD naive
processing tkmeans_batch_results/k16/batch-5/connect_tkmeans__0_k16...
chunks ... [0, 953, 1906, 2859, 3815]
num codes: 505
num codes with support 0: 0
chunks ... [0, 953, 1906, 2859, 3815]
num codes with usage 0: 106
database_size: 85298.45958172595
codetable_size: 16298.29854716119
complete: 101596.75812888714
database_size: 681270.640200921
codetable_size: 725.4009066477296
complete: 681996.0411075687
Partition 0 ratio: 0.14896971830495226
processing tkmeans_batch_results/k16/batch-5/connect_tkmeans__1_k16...
chunks ... [0, 1061, 2122, 3183, 4245]
num codes: 541
num codes with support 0: 0
chunks ... [0, 1061, 2122, 3183, 4245]
num codes with usage 0: 88
database_size: 89360.92289799181
codetable_size: 20102.576302316244
complete: 109463.49920030806
database_size: 752427.4267134182
codetable_size: 701.022029548185
complete: 753128.4487429664
Partition 1 ratio: 0.14534505950878854
processing tkmeans_batch_results/k16/batch-5/connect_tkmeans__2_k16...
chunks ... [0, 969, 1938, 2907, 3879]
num codes: 491
num codes with support 0: 0
chunks ... [0, 969, 1938, 2907, 3879]
num codes with usage 0: 94
database_size: 82983.24746070076
codetable_size: 15759.368693477238
complete: 98742.616154178
database_size: 688286.7053102413
codetable_size: 747.8381255309689
complete: 689034.5434357723
Partition 2 ratio: 0.14330575599564582
processing tkmeans_batch_results/k16/batch-5/connect_tkmeans__3_k16...
chunks ... [0, 1429, 2858, 4287, 5718]
num codes: 593
num codes with support 0: 0
chunks ... [0, 1429, 2858, 4287, 5718]
num codes with usage 0: 101
database_size: 116423.03276547338
codetable_size: 22250.029526437902
complete: 138673.06229191128
database_size: 1016284.8048579742
codetable_size: 726.8111389739221
complete: 1017011.6159969481
Partition 3 ratio: 0.13635346943011456
processing tkmeans_batch_results/k16/batch-5/connect_tkmeans__4_k16...
chunks ... [0, 696, 1392, 2088, 2784]
num codes: 459
num codes with support 0: 0
chunks ... [0, 696, 1392, 2088, 2784]
num codes with usage 0: 95
database_size: 62583.29931421208
codetable_size: 14168.893040439578
complete: 76752.19235465166
database_size: 496048.2966552594
codetable_size: 706.3324779371535
complete: 496754.62913319655
Partition 4 ratio: 0.15450725137394106
processing tkmeans_batch_results/k16/batch-5/connect_tkmeans__5_k16...
chunks ... [0, 1012, 2024, 3036, 4048]
num codes: 488
num codes with support 0: 0
chunks ... [0, 1012, 2024, 3036, 4048]
num codes with usage 0: 94
database_size: 84727.25822636393
codetable_size: 17382.331565415574
complete: 102109.58979177951
database_size: 717728.5575374902
codetable_size: 696.7634317032284
complete: 718425.3209691934
Partition 5 ratio: 0.1421297201134675
processing tkmeans_batch_results/k16/batch-5/connect_tkmeans__6_k16...
chunks ... [0, 1094, 2188, 3282, 4379]
num codes: 528
num codes with support 0: 0
chunks ... [0, 1094, 2188, 3282, 4379]
num codes with usage 0: 84
database_size: 93222.51622238189
codetable_size: 19090.031566648402
complete: 112312.5477890303
database_size: 778412.062438147
codetable_size: 754.1138925912454
complete: 779166.1763307382
Partition 6 ratio: 0.1441445370715838
processing tkmeans_batch_results/k16/batch-5/connect_tkmeans__7_k16...
chunks ... [0, 984, 1968, 2952, 3939]
num codes: 451
num codes with support 0: 0
chunks ... [0, 984, 1968, 2952, 3939]
num codes with usage 0: 98
database_size: 77352.904363499
codetable_size: 15526.565535598565
complete: 92879.46989909756
database_size: 695160.8919610619
codetable_size: 627.5900729155154
complete: 695788.4820339774
Partition 7 ratio: 0.1334880819348803
processing tkmeans_batch_results/k16/batch-5/connect_tkmeans__8_k16...
chunks ... [0, 1017, 2034, 3051, 4069]
num codes: 484
num codes with support 0: 0
chunks ... [0, 1017, 2034, 3051, 4069]
num codes with usage 0: 73
database_size: 87743.86030758021
codetable_size: 17340.080765751896
complete: 105083.9410733321
database_size: 721429.4674089825
codetable_size: 667.477916967324
complete: 722096.9453259498
Partition 8 ratio: 0.14552608448703228
processing tkmeans_batch_results/k16/batch-5/connect_tkmeans__9_k16...
chunks ... [0, 1206, 2412, 3618, 4824]
num codes: 571
num codes with support 0: 0
chunks ... [0, 1206, 2412, 3618, 4824]
num codes with usage 0: 92
database_size: 105088.11943497906
codetable_size: 21601.448523164912
complete: 126689.56795814398
database_size: 856571.7771245977
codetable_size: 742.5006120119352
complete: 857314.2777366096
Partition 9 ratio: 0.14777494233808441
processing tkmeans_batch_results/k16/batch-5/connect_tkmeans__10_k16...
chunks ... [0, 1448, 2896, 4344, 5794]
num codes: 577
num codes with support 0: 0
chunks ... [0, 1448, 2896, 4344, 5794]
num codes with usage 0: 101
database_size: 125992.85957292869
codetable_size: 21549.595689306647
complete: 147542.45526223534
database_size: 1031812.9839252826
codetable_size: 722.0663249701513
complete: 1032535.0502502527
Partition 10 ratio: 0.14289341095634078
processing tkmeans_batch_results/k16/batch-5/connect_tkmeans__11_k16...
chunks ... [0, 1233, 2466, 3699, 4933]
num codes: 527
num codes with support 0: 0
chunks ... [0, 1233, 2466, 3699, 4933]
num codes with usage 0: 96
database_size: 102512.61339796644
codetable_size: 18432.708881894192
complete: 120945.32227986064
database_size: 874598.98182493
codetable_size: 716.4550990368734
complete: 875315.4369239669
Partition 11 ratio: 0.13817341403790004
processing tkmeans_batch_results/k16/batch-5/connect_tkmeans__12_k16...
chunks ... [0, 1020, 2040, 3060, 4083]
num codes: 520
num codes with support 0: 0
chunks ... [0, 1020, 2040, 3060, 4083]
num codes with usage 0: 99
database_size: 82331.79266392496
codetable_size: 18332.426433297805
complete: 100664.21909722277
database_size: 724264.5568525369
codetable_size: 677.89022754952
complete: 724942.4470800863
Partition 12 ratio: 0.13885822178391788
processing tkmeans_batch_results/k16/batch-5/connect_tkmeans__13_k16...
chunks ... [0, 1134, 2268, 3402, 4537]
num codes: 506
num codes with support 0: 0
chunks ... [0, 1134, 2268, 3402, 4537]
num codes with usage 0: 105
database_size: 95571.34923888321
codetable_size: 17338.767322057894
complete: 112910.1165609411
database_size: 805712.1470739115
codetable_size: 711.2015097779004
complete: 806423.3485836894
Partition 13 ratio: 0.14001345169289012
processing tkmeans_batch_results/k16/batch-5/connect_tkmeans__14_k16...
chunks ... [0, 1179, 2358, 3537, 4718]
num codes: 538
num codes with support 0: 0
chunks ... [0, 1179, 2358, 3537, 4718]
num codes with usage 0: 90
database_size: 105955.50512604791
codetable_size: 18959.673271703872
complete: 124915.17839775178
database_size: 841265.5856018409
codetable_size: 712.0895313743773
complete: 841977.6751332153
Partition 14 ratio: 0.14835925237327469
processing tkmeans_batch_results/k16/batch-5/connect_tkmeans__15_k16...
chunks ... [0, 447, 894, 1341, 1791]
num codes: 351
num codes with support 0: 0
chunks ... [0, 447, 894, 1341, 1791]
num codes with usage 0: 86
database_size: 38339.96092186506
codetable_size: 10405.033730251293
complete: 48744.99465211635
database_size: 316001.07183034054
codetable_size: 664.3287142974544
complete: 316665.400544638
Partition 15 ratio: 0.15393217752327548
number of codetables: 16
size: 505
size: 541
size: 491
size: 593
size: 459
size: 488
size: 528
size: 451
size: 484
size: 571
size: 577
size: 527
size: 520
size: 506
size: 538
size: 351
merged table size: 6213
chunks ... [0, 16889, 33778, 50667, 67557]
chunks ... [0, 16889, 33778, 50667, 67557]
merged table size without non-used codes: 4437
database_size: 2624479.9970438653
codetable_size: 197864.38472893243
complete: 2822344.3817727976
database_size: 12320561.926931633
codetable_size: 786.6889113503379
complete: 12321348.615842983
merged size: 2822344.3817727976
sct size: 12321348.615842983
merged ratio: 0.22906132029604154
time elapsed: 87.6632091999054
-- MERGING METHOD naive_plus
processing tkmeans_batch_results/k16/batch-5/connect_tkmeans__0_k16...
chunks ... [0, 953, 1906, 2859, 3815]
num codes: 505
num codes with support 0: 0
chunks ... [0, 953, 1906, 2859, 3815]
num codes with usage 0: 106
database_size: 85298.45958172595
codetable_size: 16298.29854716119
complete: 101596.75812888714
database_size: 681270.640200921
codetable_size: 725.4009066477296
complete: 681996.0411075687
Partition 0 ratio: 0.14896971830495226
processing tkmeans_batch_results/k16/batch-5/connect_tkmeans__1_k16...
chunks ... [0, 1061, 2122, 3183, 4245]
num codes: 541
num codes with support 0: 0
chunks ... [0, 1061, 2122, 3183, 4245]
num codes with usage 0: 88
database_size: 89360.92289799181
codetable_size: 20102.576302316244
complete: 109463.49920030806
database_size: 752427.4267134182
codetable_size: 701.022029548185
complete: 753128.4487429664
Partition 1 ratio: 0.14534505950878854
processing tkmeans_batch_results/k16/batch-5/connect_tkmeans__2_k16...
chunks ... [0, 969, 1938, 2907, 3879]
num codes: 491
num codes with support 0: 0
chunks ... [0, 969, 1938, 2907, 3879]
num codes with usage 0: 94
database_size: 82983.24746070076
codetable_size: 15759.368693477238
complete: 98742.616154178
database_size: 688286.7053102413
codetable_size: 747.8381255309689
complete: 689034.5434357723
Partition 2 ratio: 0.14330575599564582
processing tkmeans_batch_results/k16/batch-5/connect_tkmeans__3_k16...
chunks ... [0, 1429, 2858, 4287, 5718]
num codes: 593
num codes with support 0: 0
chunks ... [0, 1429, 2858, 4287, 5718]
num codes with usage 0: 101
database_size: 116423.03276547338
codetable_size: 22250.029526437902
complete: 138673.06229191128
database_size: 1016284.8048579742
codetable_size: 726.8111389739221
complete: 1017011.6159969481
Partition 3 ratio: 0.13635346943011456
processing tkmeans_batch_results/k16/batch-5/connect_tkmeans__4_k16...
chunks ... [0, 696, 1392, 2088, 2784]
num codes: 459
num codes with support 0: 0
chunks ... [0, 696, 1392, 2088, 2784]
num codes with usage 0: 95
database_size: 62583.29931421208
codetable_size: 14168.893040439578
complete: 76752.19235465166
database_size: 496048.2966552594
codetable_size: 706.3324779371535
complete: 496754.62913319655
Partition 4 ratio: 0.15450725137394106
processing tkmeans_batch_results/k16/batch-5/connect_tkmeans__5_k16...
chunks ... [0, 1012, 2024, 3036, 4048]
num codes: 488
num codes with support 0: 0
chunks ... [0, 1012, 2024, 3036, 4048]
num codes with usage 0: 94
database_size: 84727.25822636393
codetable_size: 17382.331565415574
complete: 102109.58979177951
database_size: 717728.5575374902
codetable_size: 696.7634317032284
complete: 718425.3209691934
Partition 5 ratio: 0.1421297201134675
processing tkmeans_batch_results/k16/batch-5/connect_tkmeans__6_k16...
chunks ... [0, 1094, 2188, 3282, 4379]
num codes: 528
num codes with support 0: 0
chunks ... [0, 1094, 2188, 3282, 4379]
num codes with usage 0: 84
database_size: 93222.51622238189
codetable_size: 19090.031566648402
complete: 112312.5477890303
database_size: 778412.062438147
codetable_size: 754.1138925912454
complete: 779166.1763307382
Partition 6 ratio: 0.1441445370715838
processing tkmeans_batch_results/k16/batch-5/connect_tkmeans__7_k16...
chunks ... [0, 984, 1968, 2952, 3939]
num codes: 451
num codes with support 0: 0
chunks ... [0, 984, 1968, 2952, 3939]
num codes with usage 0: 98
database_size: 77352.904363499
codetable_size: 15526.565535598565
complete: 92879.46989909756
database_size: 695160.8919610619
codetable_size: 627.5900729155154
complete: 695788.4820339774
Partition 7 ratio: 0.1334880819348803
processing tkmeans_batch_results/k16/batch-5/connect_tkmeans__8_k16...
chunks ... [0, 1017, 2034, 3051, 4069]
num codes: 484
num codes with support 0: 0
chunks ... [0, 1017, 2034, 3051, 4069]
num codes with usage 0: 73
database_size: 87743.86030758021
codetable_size: 17340.080765751896
complete: 105083.9410733321
database_size: 721429.4674089825
codetable_size: 667.477916967324
complete: 722096.9453259498
Partition 8 ratio: 0.14552608448703228
processing tkmeans_batch_results/k16/batch-5/connect_tkmeans__9_k16...
chunks ... [0, 1206, 2412, 3618, 4824]
num codes: 571
num codes with support 0: 0
chunks ... [0, 1206, 2412, 3618, 4824]
num codes with usage 0: 92
database_size: 105088.11943497906
codetable_size: 21601.448523164912
complete: 126689.56795814398
database_size: 856571.7771245977
codetable_size: 742.5006120119352
complete: 857314.2777366096
Partition 9 ratio: 0.14777494233808441
processing tkmeans_batch_results/k16/batch-5/connect_tkmeans__10_k16...
chunks ... [0, 1448, 2896, 4344, 5794]
num codes: 577
num codes with support 0: 0
chunks ... [0, 1448, 2896, 4344, 5794]
num codes with usage 0: 101
database_size: 125992.85957292869
codetable_size: 21549.595689306647
complete: 147542.45526223534
database_size: 1031812.9839252826
codetable_size: 722.0663249701513
complete: 1032535.0502502527
Partition 10 ratio: 0.14289341095634078
processing tkmeans_batch_results/k16/batch-5/connect_tkmeans__11_k16...
chunks ... [0, 1233, 2466, 3699, 4933]
num codes: 527
num codes with support 0: 0
chunks ... [0, 1233, 2466, 3699, 4933]
num codes with usage 0: 96
database_size: 102512.61339796644
codetable_size: 18432.708881894192
complete: 120945.32227986064
database_size: 874598.98182493
codetable_size: 716.4550990368734
complete: 875315.4369239669
Partition 11 ratio: 0.13817341403790004
processing tkmeans_batch_results/k16/batch-5/connect_tkmeans__12_k16...
chunks ... [0, 1020, 2040, 3060, 4083]
num codes: 520
num codes with support 0: 0
chunks ... [0, 1020, 2040, 3060, 4083]
num codes with usage 0: 99
database_size: 82331.79266392496
codetable_size: 18332.426433297805
complete: 100664.21909722277
database_size: 724264.5568525369
codetable_size: 677.89022754952
complete: 724942.4470800863
Partition 12 ratio: 0.13885822178391788
processing tkmeans_batch_results/k16/batch-5/connect_tkmeans__13_k16...
chunks ... [0, 1134, 2268, 3402, 4537]
num codes: 506
num codes with support 0: 0
chunks ... [0, 1134, 2268, 3402, 4537]
num codes with usage 0: 105
database_size: 95571.34923888321
codetable_size: 17338.767322057894
complete: 112910.1165609411
database_size: 805712.1470739115
codetable_size: 711.2015097779004
complete: 806423.3485836894
Partition 13 ratio: 0.14001345169289012
processing tkmeans_batch_results/k16/batch-5/connect_tkmeans__14_k16...
chunks ... [0, 1179, 2358, 3537, 4718]
num codes: 538
num codes with support 0: 0
chunks ... [0, 1179, 2358, 3537, 4718]
num codes with usage 0: 90
database_size: 105955.50512604791
codetable_size: 18959.673271703872
complete: 124915.17839775178
database_size: 841265.5856018409
codetable_size: 712.0895313743773
complete: 841977.6751332153
Partition 14 ratio: 0.14835925237327469
processing tkmeans_batch_results/k16/batch-5/connect_tkmeans__15_k16...
chunks ... [0, 447, 894, 1341, 1791]
num codes: 351
num codes with support 0: 0
chunks ... [0, 447, 894, 1341, 1791]
num codes with usage 0: 86
database_size: 38339.96092186506
codetable_size: 10405.033730251293
complete: 48744.99465211635
database_size: 316001.07183034054
codetable_size: 664.3287142974544
complete: 316665.400544638
Partition 15 ratio: 0.15393217752327548
number of codetables: 16
size: 505
size: 541
size: 491
size: 593
size: 459
size: 488
size: 528
size: 451
size: 484
size: 571
size: 577
size: 527
size: 520
size: 506
size: 538
size: 351
database_size: 12320561.926931633
codetable_size: 786.6889113503379
complete: 12321348.615842983
current singletons: {1, 2, 3, 4, 5, 6, 7, 8, 9, 10, 11, 12, 13, 14, 15, 16, 17, 18, 19, 20, 21, 22, 23, 24, 25, 26, 27, 28, 29, 30, 31, 32, 33, 34, 35, 36, 37, 38, 39, 40, 41, 42, 43, 44, 45, 46, 47, 48, 49, 50, 51, 52, 55, 58, 59, 60, 61, 62, 63, 64, 65, 66, 67, 68, 69, 70, 71, 72, 73, 74, 75, 76, 77, 78, 79, 80, 81, 82, 83, 84, 85, 86, 87, 88, 89, 90, 91, 94, 95, 96, 97, 98, 99, 100, 101, 102, 103, 104, 105, 106, 107, 108, 109, 110, 111, 112, 113, 114, 115, 116, 117, 118, 119, 120, 121, 122, 123, 124, 127}
Added 10 singletons
added:  {128, 129, 93, 53, 54, 56, 57, 92, 125, 126}
chunks ... [0, 16889, 33778, 50667, 67557]
num codes: 515
num codes with support 0: 0
chunks ... [0, 16889, 33778, 50667, 67557]
database_size: 2884158.7527170647
codetable_size: 17540.39061286886
complete: 2901699.1433299338
Partition ratio: 0.23550174853415667
current singletons: {1, 2, 3, 4, 5, 6, 7, 8, 9, 10, 11, 12, 13, 14, 15, 16, 17, 18, 19, 22, 23, 24, 25, 26, 27, 28, 29, 30, 31, 32, 33, 34, 35, 36, 37, 38, 39, 40, 41, 42, 43, 44, 45, 46, 47, 48, 49, 50, 51, 52, 53, 54, 55, 58, 59, 60, 61, 62, 63, 64, 65, 66, 67, 68, 69, 70, 71, 72, 75, 76, 77, 78, 79, 80, 81, 82, 83, 84, 85, 86, 87, 88, 89, 90, 91, 94, 95, 96, 97, 98, 99, 100, 101, 102, 103, 104, 105, 106, 109, 112, 113, 114, 115, 116, 117, 118, 119, 120, 121, 122, 123, 124, 125, 126, 127}
Added 14 singletons
added:  {128, 129, 73, 74, 107, 108, 110, 111, 20, 21, 56, 57, 92, 93}
chunks ... [0, 16889, 33778, 50667, 67557]
num codes: 555
num codes with support 0: 0
chunks ... [0, 16889, 33778, 50667, 67557]
database_size: 2623990.0799038606
codetable_size: 21258.859294568614
complete: 2645248.939198429
Partition ratio: 0.21468826357182416
current singletons: {1, 2, 3, 4, 5, 6, 7, 8, 9, 10, 11, 12, 13, 14, 15, 16, 17, 18, 19, 20, 21, 22, 23, 24, 25, 26, 27, 28, 29, 30, 31, 32, 33, 34, 35, 36, 37, 38, 39, 40, 41, 42, 43, 44, 45, 46, 47, 48, 49, 50, 51, 52, 53, 54, 55, 56, 57, 58, 59, 60, 61, 62, 63, 64, 65, 66, 67, 68, 69, 70, 71, 72, 75, 76, 77, 78, 79, 80, 81, 82, 83, 84, 85, 86, 87, 88, 91, 94, 95, 96, 97, 98, 99, 100, 101, 102, 103, 104, 105, 106, 107, 108, 109, 112, 113, 114, 115, 116, 117, 118, 119, 120, 121, 122, 123, 124, 125, 126, 127}
Added 10 singletons
added:  {128, 129, 73, 74, 110, 111, 89, 90, 92, 93}
chunks ... [0, 16889, 33778, 50667, 67557]
num codes: 501
num codes with support 0: 0
chunks ... [0, 16889, 33778, 50667, 67557]
database_size: 3005596.4978402187
codetable_size: 17145.358578538824
complete: 3022741.8564187577
Partition ratio: 0.2453255687069895
current singletons: {1, 2, 3, 4, 5, 6, 7, 8, 9, 10, 11, 12, 13, 14, 15, 16, 19, 22, 23, 24, 25, 26, 27, 28, 29, 30, 31, 32, 33, 34, 35, 36, 37, 40, 41, 42, 43, 44, 45, 46, 47, 48, 49, 50, 51, 52, 53, 54, 55, 56, 57, 58, 59, 60, 61, 62, 63, 64, 65, 66, 67, 68, 69, 70, 71, 72, 73, 74, 75, 76, 77, 78, 79, 80, 81, 82, 83, 84, 85, 86, 87, 88, 89, 90, 91, 94, 95, 96, 97, 98, 99, 100, 101, 102, 103, 104, 105, 106, 107, 108, 109, 112, 113, 114, 115, 116, 117, 118, 119, 120, 121, 122, 123, 124, 125, 126, 127}
Added 12 singletons
added:  {128, 129, 38, 39, 110, 111, 17, 18, 20, 21, 92, 93}
chunks ... [0, 16889, 33778, 50667, 67557]
num codes: 605
num codes with support 0: 0
chunks ... [0, 16889, 33778, 50667, 67557]
database_size: 3127613.5842431434
codetable_size: 23856.64874230403
complete: 3151470.2329854476
Partition ratio: 0.25577315691995256
current singletons: {1, 2, 3, 4, 5, 6, 7, 8, 9, 10, 11, 12, 13, 14, 15, 16, 17, 18, 19, 23, 24, 25, 26, 27, 28, 29, 30, 31, 32, 33, 34, 35, 36, 37, 38, 39, 40, 41, 42, 43, 44, 45, 46, 47, 48, 49, 50, 51, 52, 53, 54, 55, 58, 59, 60, 61, 62, 63, 64, 65, 66, 67, 68, 69, 70, 71, 72, 74, 75, 76, 77, 78, 79, 80, 81, 82, 83, 84, 85, 86, 87, 88, 89, 90, 91, 92, 94, 95, 96, 97, 98, 99, 100, 101, 102, 103, 104, 105, 106, 108, 109, 112, 113, 114, 115, 116, 117, 118, 119, 120, 121, 122, 123, 124, 125, 126, 127}
Added 12 singletons
added:  {128, 129, 73, 107, 110, 111, 20, 21, 22, 56, 57, 93}
chunks ... [0, 16889, 33778, 50667, 67557]
num codes: 471
num codes with support 0: 0
chunks ... [0, 16889, 33778, 50667, 67557]
database_size: 3227451.210657359
codetable_size: 15608.545715066528
complete: 3243059.7563724257
Partition ratio: 0.2632065577791094
current singletons: {1, 2, 3, 4, 5, 6, 7, 8, 9, 10, 11, 12, 13, 14, 15, 16, 17, 18, 19, 20, 21, 22, 23, 24, 25, 26, 27, 28, 29, 30, 31, 33, 34, 37, 40, 41, 42, 43, 44, 45, 46, 47, 48, 49, 50, 51, 52, 53, 54, 55, 56, 57, 58, 59, 60, 61, 62, 63, 64, 65, 66, 67, 68, 69, 70, 71, 72, 73, 75, 76, 77, 78, 79, 80, 81, 82, 83, 84, 85, 87, 88, 91, 94, 95, 96, 97, 98, 99, 100, 101, 102, 103, 104, 105, 106, 107, 108, 109, 110, 112, 113, 114, 115, 116, 117, 118, 119, 120, 121, 122, 123, 124, 125, 127}
Added 15 singletons
added:  {32, 128, 129, 35, 36, 38, 39, 74, 111, 86, 89, 90, 92, 93, 126}
chunks ... [0, 16889, 33778, 50667, 67557]
num codes: 503
num codes with support 0: 0
chunks ... [0, 16889, 33778, 50667, 67557]
database_size: 3320093.2149728774
codetable_size: 18905.187647958548
complete: 3338998.402620836
Partition ratio: 0.27099293321897405
current singletons: {1, 2, 3, 4, 5, 6, 7, 8, 9, 10, 11, 12, 13, 14, 15, 16, 17, 18, 19, 20, 22, 23, 24, 25, 26, 27, 28, 29, 30, 31, 32, 33, 34, 35, 36, 37, 40, 41, 42, 43, 44, 45, 46, 47, 48, 49, 50, 51, 52, 53, 54, 55, 56, 58, 59, 60, 61, 62, 63, 64, 65, 66, 67, 68, 69, 70, 71, 72, 73, 74, 75, 77, 78, 79, 80, 81, 82, 83, 84, 85, 86, 87, 88, 89, 90, 91, 92, 93, 94, 95, 96, 97, 98, 99, 100, 101, 102, 103, 104, 105, 106, 107, 108, 109, 112, 113, 114, 115, 116, 117, 118, 119, 120, 121, 122, 123, 124, 125, 126, 127}
Added 9 singletons
added:  {128, 129, 38, 39, 76, 110, 111, 21, 57}
chunks ... [0, 16889, 33778, 50667, 67557]
num codes: 537
num codes with support 0: 0
chunks ... [0, 16889, 33778, 50667, 67557]
database_size: 3393553.105900794
codetable_size: 20583.09285695217
complete: 3414136.198757746
Partition ratio: 0.27709111276729853
current singletons: {1, 2, 3, 4, 5, 6, 7, 8, 9, 10, 11, 12, 13, 14, 15, 16, 17, 19, 23, 24, 26, 27, 28, 29, 30, 31, 32, 33, 34, 35, 36, 37, 38, 39, 40, 41, 42, 43, 44, 45, 46, 47, 48, 49, 50, 51, 52, 55, 58, 59, 60, 61, 62, 63, 64, 65, 66, 67, 68, 69, 70, 71, 72, 73, 75, 76, 77, 78, 79, 80, 81, 82, 83, 84, 85, 86, 87, 88, 91, 94, 95, 96, 97, 98, 99, 100, 101, 102, 103, 104, 105, 106, 109, 112, 113, 114, 115, 116, 117, 118, 119, 120, 121, 123, 124, 127}
Added 23 singletons
added:  {128, 129, 18, 20, 21, 22, 25, 53, 54, 56, 57, 74, 89, 90, 92, 93, 107, 108, 110, 111, 122, 125, 126}
chunks ... [0, 16889, 33778, 50667, 67557]
num codes: 474
num codes with support 0: 0
chunks ... [0, 16889, 33778, 50667, 67557]
database_size: 4185369.01757323
codetable_size: 17689.253680504575
complete: 4203058.271253735
Partition ratio: 0.34111998631784324
current singletons: {1, 2, 3, 4, 5, 6, 7, 8, 9, 10, 11, 12, 13, 14, 15, 16, 19, 22, 23, 24, 25, 26, 27, 28, 29, 30, 31, 32, 33, 34, 35, 37, 40, 41, 43, 44, 45, 46, 47, 48, 49, 50, 51, 52, 53, 54, 55, 56, 57, 58, 59, 60, 61, 62, 63, 64, 65, 66, 67, 68, 69, 70, 71, 72, 73, 75, 76, 77, 78, 79, 80, 81, 82, 83, 84, 85, 86, 87, 88, 89, 90, 91, 94, 95, 96, 97, 98, 99, 100, 101, 102, 103, 104, 105, 106, 109, 112, 113, 114, 115, 116, 117, 118, 119, 120, 121, 122, 123, 124, 125, 127}
Added 18 singletons
added:  {128, 129, 36, 38, 39, 42, 107, 74, 108, 110, 111, 17, 18, 20, 21, 92, 93, 126}
chunks ... [0, 16889, 33778, 50667, 67557]
num codes: 502
num codes with support 0: 0
chunks ... [0, 16889, 33778, 50667, 67557]
database_size: 3573466.429762482
codetable_size: 18787.397491403026
complete: 3592253.827253885
Partition ratio: 0.2915471300466987
current singletons: {1, 2, 3, 4, 5, 6, 7, 8, 9, 10, 11, 12, 13, 14, 15, 16, 17, 18, 19, 22, 23, 24, 25, 26, 27, 28, 29, 30, 31, 32, 33, 34, 35, 36, 37, 38, 39, 40, 41, 42, 43, 44, 45, 46, 47, 48, 49, 50, 51, 52, 53, 54, 55, 56, 58, 59, 60, 61, 62, 63, 64, 65, 66, 67, 68, 69, 70, 71, 72, 73, 74, 75, 76, 77, 78, 79, 80, 81, 82, 83, 84, 85, 86, 88, 91, 94, 95, 96, 97, 98, 99, 100, 101, 102, 103, 104, 105, 106, 107, 108, 109, 110, 111, 112, 113, 114, 115, 116, 117, 118, 119, 120, 121, 122, 123, 124, 125, 127}
Added 11 singletons
added:  {128, 129, 20, 21, 87, 89, 90, 92, 93, 126, 57}
chunks ... [0, 16889, 33778, 50667, 67557]
num codes: 582
num codes with support 0: 0
chunks ... [0, 16889, 33778, 50667, 67557]
database_size: 3132320.4762017755
codetable_size: 23170.830902125846
complete: 3155491.307103901
Partition ratio: 0.2560995070820836
current singletons: {1, 2, 3, 4, 5, 6, 7, 8, 9, 10, 11, 12, 13, 14, 15, 16, 17, 18, 19, 20, 21, 22, 23, 24, 25, 26, 27, 28, 29, 30, 31, 33, 34, 36, 37, 40, 41, 42, 43, 44, 45, 46, 47, 48, 49, 50, 51, 52, 53, 54, 55, 58, 59, 60, 61, 62, 63, 64, 65, 66, 67, 68, 69, 70, 71, 72, 73, 74, 75, 76, 77, 78, 79, 80, 81, 82, 83, 84, 85, 86, 87, 88, 89, 90, 91, 92, 94, 95, 96, 97, 98, 99, 100, 101, 102, 103, 104, 105, 106, 107, 108, 109, 112, 113, 114, 115, 116, 117, 118, 119, 120, 121, 122, 123, 124, 125, 126, 127}
Added 11 singletons
added:  {32, 128, 129, 35, 38, 39, 110, 111, 56, 57, 93}
chunks ... [0, 16889, 33778, 50667, 67557]
num codes: 588
num codes with support 0: 0
chunks ... [0, 16889, 33778, 50667, 67557]
database_size: 2689811.47950363
codetable_size: 23203.030327232216
complete: 2713014.5098308623
Partition ratio: 0.2201881136893104
current singletons: {1, 2, 3, 5, 6, 8, 9, 10, 11, 12, 13, 14, 15, 16, 17, 18, 19, 20, 21, 22, 23, 24, 25, 26, 27, 28, 29, 30, 31, 32, 33, 34, 35, 37, 40, 41, 42, 43, 44, 45, 46, 47, 48, 49, 50, 51, 52, 53, 54, 55, 56, 57, 58, 59, 60, 61, 62, 63, 64, 65, 66, 67, 68, 69, 70, 71, 72, 75, 76, 77, 78, 79, 80, 81, 82, 83, 84, 85, 86, 87, 88, 89, 90, 91, 94, 95, 96, 97, 98, 99, 100, 101, 102, 103, 104, 105, 106, 107, 108, 109, 112, 113, 114, 115, 116, 117, 118, 119, 120, 121, 122, 123, 124, 125, 127}
Added 14 singletons
added:  {128, 129, 4, 36, 38, 7, 39, 73, 74, 110, 111, 92, 93, 126}
chunks ... [0, 16889, 33778, 50667, 67557]
num codes: 541
num codes with support 0: 0
chunks ... [0, 16889, 33778, 50667, 67557]
database_size: 3306637.1839167373
codetable_size: 20289.154401516924
complete: 3326926.3383182543
Partition ratio: 0.2700131651206135
current singletons: {1, 2, 3, 4, 5, 6, 7, 8, 9, 10, 11, 12, 13, 14, 15, 16, 17, 18, 19, 20, 21, 22, 23, 24, 25, 26, 27, 28, 29, 30, 31, 32, 33, 34, 37, 40, 41, 42, 43, 44, 45, 46, 47, 48, 49, 50, 51, 52, 53, 54, 55, 58, 59, 61, 62, 63, 64, 65, 66, 67, 68, 69, 70, 71, 72, 73, 74, 75, 76, 77, 78, 79, 80, 81, 82, 83, 84, 85, 86, 87, 88, 91, 94, 95, 96, 97, 98, 99, 100, 101, 102, 103, 104, 105, 106, 109, 112, 113, 114, 115, 116, 117, 118, 119, 120, 121, 122, 123, 124, 125, 126, 127}
Added 17 singletons
added:  {128, 129, 35, 36, 38, 39, 107, 108, 110, 60, 111, 56, 89, 90, 92, 93, 57}
chunks ... [0, 16889, 33778, 50667, 67557]
num codes: 537
num codes with support 0: 0
chunks ... [0, 16889, 33778, 50667, 67557]
database_size: 3132212.3855013987
codetable_size: 20242.887780275752
complete: 3152455.2732816744
Partition ratio: 0.2558531027381368
current singletons: {1, 2, 3, 4, 5, 6, 7, 8, 9, 10, 11, 12, 13, 14, 15, 16, 17, 18, 19, 22, 23, 24, 25, 26, 27, 28, 29, 30, 31, 32, 33, 34, 35, 36, 37, 40, 41, 42, 43, 44, 45, 46, 47, 48, 49, 50, 51, 52, 53, 54, 55, 56, 57, 58, 59, 60, 61, 62, 63, 64, 65, 66, 67, 68, 69, 70, 71, 72, 73, 75, 76, 77, 78, 79, 80, 81, 82, 83, 84, 85, 86, 87, 88, 91, 94, 95, 96, 97, 98, 99, 100, 101, 102, 103, 104, 105, 106, 107, 109, 113, 114, 115, 116, 117, 118, 119, 120, 121, 122, 123, 124, 125, 126, 127, 128, 129}
Added 13 singletons
added:  {38, 39, 74, 108, 110, 111, 112, 20, 21, 89, 90, 92, 93}
chunks ... [0, 16889, 33778, 50667, 67557]
num codes: 519
num codes with support 0: 0
chunks ... [0, 16889, 33778, 50667, 67557]
database_size: 2978826.3495709994
codetable_size: 18933.059221622094
complete: 2997759.4087926215
Partition ratio: 0.24329799458300005
current singletons: {1, 2, 3, 4, 5, 6, 7, 8, 9, 10, 11, 12, 13, 14, 15, 16, 17, 18, 19, 20, 21, 22, 23, 24, 25, 26, 27, 28, 29, 30, 31, 32, 33, 34, 35, 36, 37, 38, 40, 41, 42, 43, 44, 45, 46, 47, 48, 49, 50, 51, 52, 53, 54, 55, 58, 59, 60, 61, 62, 63, 64, 65, 66, 67, 68, 69, 70, 71, 72, 75, 76, 77, 78, 79, 80, 81, 82, 83, 84, 85, 86, 87, 88, 91, 94, 95, 96, 97, 98, 99, 100, 101, 102, 103, 104, 105, 106, 107, 108, 109, 112, 113, 114, 115, 116, 117, 118, 119, 120, 121, 122, 123, 124, 125, 126, 127, 128}
Added 12 singletons
added:  {129, 39, 73, 74, 110, 111, 56, 89, 90, 92, 93, 57}
chunks ... [0, 16889, 33778, 50667, 67557]
num codes: 550
num codes with support 0: 0
chunks ... [0, 16889, 33778, 50667, 67557]
database_size: 2455841.9208414718
codetable_size: 20151.060250124774
complete: 2475992.9810915967
Partition ratio: 0.20095145899109826
current singletons: {1, 2, 3, 4, 5, 6, 7, 8, 9, 10, 11, 12, 13, 14, 15, 16, 17, 19, 22, 23, 24, 25, 26, 27, 28, 29, 30, 31, 32, 33, 34, 35, 36, 37, 38, 39, 40, 41, 42, 43, 44, 45, 46, 47, 48, 49, 50, 51, 52, 55, 58, 59, 60, 61, 62, 63, 64, 65, 66, 67, 68, 69, 70, 71, 72, 75, 76, 77, 78, 79, 80, 81, 82, 83, 84, 85, 86, 88, 91, 94, 95, 96, 97, 98, 99, 100, 101, 102, 103, 104, 105, 106, 109, 113, 114, 115, 116, 117, 118, 119, 120, 121, 122, 123, 124, 125, 126, 127, 128, 129}
Added 19 singletons
added:  {18, 20, 21, 53, 54, 56, 57, 73, 74, 87, 89, 90, 92, 93, 107, 108, 110, 111, 112}
chunks ... [0, 16889, 33778, 50667, 67557]
num codes: 370
num codes with support 0: 0
chunks ... [0, 16889, 33778, 50667, 67557]
database_size: 4103699.851461189
codetable_size: 12021.583682302327
complete: 4115721.4351434913
Partition ratio: 0.33403173333245617
merged table size: 550
chunks ... [0, 16889, 33778, 50667, 67557]
chunks ... [0, 16889, 33778, 50667, 67557]
merged table size without non-used codes: 518
database_size: 2455841.9208414718
codetable_size: 20151.060250124774
complete: 2475992.9810915967
database_size: 12320561.926931633
codetable_size: 786.6889113503379
complete: 12321348.615842983
merged size: 2475992.9810915967
sct size: 12321348.615842983
merged ratio: 0.20095145899109826
time elapsed: 145.4876344203949
-- MERGING METHOD informed
processing tkmeans_batch_results/k16/batch-5/connect_tkmeans__0_k16...
chunks ... [0, 953, 1906, 2859, 3815]
num codes: 505
num codes with support 0: 0
chunks ... [0, 953, 1906, 2859, 3815]
num codes with usage 0: 106
database_size: 85298.45958172595
codetable_size: 16298.29854716119
complete: 101596.75812888714
database_size: 681270.640200921
codetable_size: 725.4009066477296
complete: 681996.0411075687
Partition 0 ratio: 0.14896971830495226
processing tkmeans_batch_results/k16/batch-5/connect_tkmeans__1_k16...
chunks ... [0, 1061, 2122, 3183, 4245]
num codes: 541
num codes with support 0: 0
chunks ... [0, 1061, 2122, 3183, 4245]
num codes with usage 0: 88
database_size: 89360.92289799181
codetable_size: 20102.576302316244
complete: 109463.49920030806
database_size: 752427.4267134182
codetable_size: 701.022029548185
complete: 753128.4487429664
Partition 1 ratio: 0.14534505950878854
processing tkmeans_batch_results/k16/batch-5/connect_tkmeans__2_k16...
chunks ... [0, 969, 1938, 2907, 3879]
num codes: 491
num codes with support 0: 0
chunks ... [0, 969, 1938, 2907, 3879]
num codes with usage 0: 94
database_size: 82983.24746070076
codetable_size: 15759.368693477238
complete: 98742.616154178
database_size: 688286.7053102413
codetable_size: 747.8381255309689
complete: 689034.5434357723
Partition 2 ratio: 0.14330575599564582
processing tkmeans_batch_results/k16/batch-5/connect_tkmeans__3_k16...
chunks ... [0, 1429, 2858, 4287, 5718]
num codes: 593
num codes with support 0: 0
chunks ... [0, 1429, 2858, 4287, 5718]
num codes with usage 0: 101
database_size: 116423.03276547338
codetable_size: 22250.029526437902
complete: 138673.06229191128
database_size: 1016284.8048579742
codetable_size: 726.8111389739221
complete: 1017011.6159969481
Partition 3 ratio: 0.13635346943011456
processing tkmeans_batch_results/k16/batch-5/connect_tkmeans__4_k16...
chunks ... [0, 696, 1392, 2088, 2784]
num codes: 459
num codes with support 0: 0
chunks ... [0, 696, 1392, 2088, 2784]
num codes with usage 0: 95
database_size: 62583.29931421208
codetable_size: 14168.893040439578
complete: 76752.19235465166
database_size: 496048.2966552594
codetable_size: 706.3324779371535
complete: 496754.62913319655
Partition 4 ratio: 0.15450725137394106
processing tkmeans_batch_results/k16/batch-5/connect_tkmeans__5_k16...
chunks ... [0, 1012, 2024, 3036, 4048]
num codes: 488
num codes with support 0: 0
chunks ... [0, 1012, 2024, 3036, 4048]
num codes with usage 0: 94
database_size: 84727.25822636393
codetable_size: 17382.331565415574
complete: 102109.58979177951
database_size: 717728.5575374902
codetable_size: 696.7634317032284
complete: 718425.3209691934
Partition 5 ratio: 0.1421297201134675
processing tkmeans_batch_results/k16/batch-5/connect_tkmeans__6_k16...
chunks ... [0, 1094, 2188, 3282, 4379]
num codes: 528
num codes with support 0: 0
chunks ... [0, 1094, 2188, 3282, 4379]
num codes with usage 0: 84
database_size: 93222.51622238189
codetable_size: 19090.031566648402
complete: 112312.5477890303
database_size: 778412.062438147
codetable_size: 754.1138925912454
complete: 779166.1763307382
Partition 6 ratio: 0.1441445370715838
processing tkmeans_batch_results/k16/batch-5/connect_tkmeans__7_k16...
chunks ... [0, 984, 1968, 2952, 3939]
num codes: 451
num codes with support 0: 0
chunks ... [0, 984, 1968, 2952, 3939]
num codes with usage 0: 98
database_size: 77352.904363499
codetable_size: 15526.565535598565
complete: 92879.46989909756
database_size: 695160.8919610619
codetable_size: 627.5900729155154
complete: 695788.4820339774
Partition 7 ratio: 0.1334880819348803
processing tkmeans_batch_results/k16/batch-5/connect_tkmeans__8_k16...
chunks ... [0, 1017, 2034, 3051, 4069]
num codes: 484
num codes with support 0: 0
chunks ... [0, 1017, 2034, 3051, 4069]
num codes with usage 0: 73
database_size: 87743.86030758021
codetable_size: 17340.080765751896
complete: 105083.9410733321
database_size: 721429.4674089825
codetable_size: 667.477916967324
complete: 722096.9453259498
Partition 8 ratio: 0.14552608448703228
processing tkmeans_batch_results/k16/batch-5/connect_tkmeans__9_k16...
chunks ... [0, 1206, 2412, 3618, 4824]
num codes: 571
num codes with support 0: 0
chunks ... [0, 1206, 2412, 3618, 4824]
num codes with usage 0: 92
database_size: 105088.11943497906
codetable_size: 21601.448523164912
complete: 126689.56795814398
database_size: 856571.7771245977
codetable_size: 742.5006120119352
complete: 857314.2777366096
Partition 9 ratio: 0.14777494233808441
processing tkmeans_batch_results/k16/batch-5/connect_tkmeans__10_k16...
chunks ... [0, 1448, 2896, 4344, 5794]
num codes: 577
num codes with support 0: 0
chunks ... [0, 1448, 2896, 4344, 5794]
num codes with usage 0: 101
database_size: 125992.85957292869
codetable_size: 21549.595689306647
complete: 147542.45526223534
database_size: 1031812.9839252826
codetable_size: 722.0663249701513
complete: 1032535.0502502527
Partition 10 ratio: 0.14289341095634078
processing tkmeans_batch_results/k16/batch-5/connect_tkmeans__11_k16...
chunks ... [0, 1233, 2466, 3699, 4933]
num codes: 527
num codes with support 0: 0
chunks ... [0, 1233, 2466, 3699, 4933]
num codes with usage 0: 96
database_size: 102512.61339796644
codetable_size: 18432.708881894192
complete: 120945.32227986064
database_size: 874598.98182493
codetable_size: 716.4550990368734
complete: 875315.4369239669
Partition 11 ratio: 0.13817341403790004
processing tkmeans_batch_results/k16/batch-5/connect_tkmeans__12_k16...
chunks ... [0, 1020, 2040, 3060, 4083]
num codes: 520
num codes with support 0: 0
chunks ... [0, 1020, 2040, 3060, 4083]
num codes with usage 0: 99
database_size: 82331.79266392496
codetable_size: 18332.426433297805
complete: 100664.21909722277
database_size: 724264.5568525369
codetable_size: 677.89022754952
complete: 724942.4470800863
Partition 12 ratio: 0.13885822178391788
processing tkmeans_batch_results/k16/batch-5/connect_tkmeans__13_k16...
chunks ... [0, 1134, 2268, 3402, 4537]
num codes: 506
num codes with support 0: 0
chunks ... [0, 1134, 2268, 3402, 4537]
num codes with usage 0: 105
database_size: 95571.34923888321
codetable_size: 17338.767322057894
complete: 112910.1165609411
database_size: 805712.1470739115
codetable_size: 711.2015097779004
complete: 806423.3485836894
Partition 13 ratio: 0.14001345169289012
processing tkmeans_batch_results/k16/batch-5/connect_tkmeans__14_k16...
chunks ... [0, 1179, 2358, 3537, 4718]
num codes: 538
num codes with support 0: 0
chunks ... [0, 1179, 2358, 3537, 4718]
num codes with usage 0: 90
database_size: 105955.50512604791
codetable_size: 18959.673271703872
complete: 124915.17839775178
database_size: 841265.5856018409
codetable_size: 712.0895313743773
complete: 841977.6751332153
Partition 14 ratio: 0.14835925237327469
processing tkmeans_batch_results/k16/batch-5/connect_tkmeans__15_k16...
chunks ... [0, 447, 894, 1341, 1791]
num codes: 351
num codes with support 0: 0
chunks ... [0, 447, 894, 1341, 1791]
num codes with usage 0: 86
database_size: 38339.96092186506
codetable_size: 10405.033730251293
complete: 48744.99465211635
database_size: 316001.07183034054
codetable_size: 664.3287142974544
complete: 316665.400544638
Partition 15 ratio: 0.15393217752327548
number of codetables: 16
size: 505
size: 541
size: 491
size: 593
size: 459
size: 488
size: 528
size: 451
size: 484
size: 571
size: 577
size: 527
size: 520
size: 506
size: 538
size: 351
database_size: 12320561.926931633
codetable_size: 786.6889113503379
complete: 12321348.615842983
database_size: 12320561.926931633
codetable_size: 786.6889113503379
complete: 12321348.615842983
current singletons: {1, 2, 3, 4, 5, 6, 7, 8, 9, 10, 11, 12, 13, 14, 15, 16, 17, 18, 19, 20, 21, 22, 23, 24, 25, 26, 27, 28, 29, 30, 31, 32, 33, 34, 35, 36, 37, 38, 39, 40, 41, 42, 43, 44, 45, 46, 47, 48, 49, 50, 51, 52, 55, 58, 59, 60, 61, 62, 63, 64, 65, 66, 67, 68, 69, 70, 71, 72, 73, 74, 75, 76, 77, 78, 79, 80, 81, 82, 83, 84, 85, 86, 87, 88, 89, 90, 91, 94, 95, 96, 97, 98, 99, 100, 101, 102, 103, 104, 105, 106, 107, 108, 109, 110, 111, 112, 113, 114, 115, 116, 117, 118, 119, 120, 121, 122, 123, 124, 127}
Added 10 singletons
added:  {128, 129, 93, 53, 54, 56, 57, 92, 125, 126}
chunks ... [0, 16889, 33778, 50667, 67557]
num codes: 515
num codes with support 0: 0
chunks ... [0, 16889, 33778, 50667, 67557]
database_size: 2884158.7527170647
codetable_size: 17540.39061286886
complete: 2901699.1433299338
Partition ratio: 0.23550174853415667
current singletons: {1, 2, 3, 4, 5, 6, 7, 8, 9, 10, 11, 12, 13, 14, 15, 16, 17, 18, 19, 22, 23, 24, 25, 26, 27, 28, 29, 30, 31, 32, 33, 34, 35, 36, 37, 38, 39, 40, 41, 42, 43, 44, 45, 46, 47, 48, 49, 50, 51, 52, 53, 54, 55, 58, 59, 60, 61, 62, 63, 64, 65, 66, 67, 68, 69, 70, 71, 72, 75, 76, 77, 78, 79, 80, 81, 82, 83, 84, 85, 86, 87, 88, 89, 90, 91, 94, 95, 96, 97, 98, 99, 100, 101, 102, 103, 104, 105, 106, 109, 112, 113, 114, 115, 116, 117, 118, 119, 120, 121, 122, 123, 124, 125, 126, 127}
Added 14 singletons
added:  {128, 129, 73, 74, 107, 108, 110, 111, 20, 21, 56, 57, 92, 93}
chunks ... [0, 16889, 33778, 50667, 67557]
num codes: 555
num codes with support 0: 0
chunks ... [0, 16889, 33778, 50667, 67557]
database_size: 2623990.0799038606
codetable_size: 21258.859294568614
complete: 2645248.939198429
Partition ratio: 0.21468826357182416
current singletons: {1, 2, 3, 4, 5, 6, 7, 8, 9, 10, 11, 12, 13, 14, 15, 16, 17, 18, 19, 20, 21, 22, 23, 24, 25, 26, 27, 28, 29, 30, 31, 32, 33, 34, 35, 36, 37, 38, 39, 40, 41, 42, 43, 44, 45, 46, 47, 48, 49, 50, 51, 52, 53, 54, 55, 56, 57, 58, 59, 60, 61, 62, 63, 64, 65, 66, 67, 68, 69, 70, 71, 72, 75, 76, 77, 78, 79, 80, 81, 82, 83, 84, 85, 86, 87, 88, 91, 94, 95, 96, 97, 98, 99, 100, 101, 102, 103, 104, 105, 106, 107, 108, 109, 112, 113, 114, 115, 116, 117, 118, 119, 120, 121, 122, 123, 124, 125, 126, 127}
Added 10 singletons
added:  {128, 129, 73, 74, 110, 111, 89, 90, 92, 93}
chunks ... [0, 16889, 33778, 50667, 67557]
num codes: 501
num codes with support 0: 0
chunks ... [0, 16889, 33778, 50667, 67557]
database_size: 3005596.4978402187
codetable_size: 17145.358578538824
complete: 3022741.8564187577
Partition ratio: 0.2453255687069895
current singletons: {1, 2, 3, 4, 5, 6, 7, 8, 9, 10, 11, 12, 13, 14, 15, 16, 19, 22, 23, 24, 25, 26, 27, 28, 29, 30, 31, 32, 33, 34, 35, 36, 37, 40, 41, 42, 43, 44, 45, 46, 47, 48, 49, 50, 51, 52, 53, 54, 55, 56, 57, 58, 59, 60, 61, 62, 63, 64, 65, 66, 67, 68, 69, 70, 71, 72, 73, 74, 75, 76, 77, 78, 79, 80, 81, 82, 83, 84, 85, 86, 87, 88, 89, 90, 91, 94, 95, 96, 97, 98, 99, 100, 101, 102, 103, 104, 105, 106, 107, 108, 109, 112, 113, 114, 115, 116, 117, 118, 119, 120, 121, 122, 123, 124, 125, 126, 127}
Added 12 singletons
added:  {128, 129, 38, 39, 110, 111, 17, 18, 20, 21, 92, 93}
chunks ... [0, 16889, 33778, 50667, 67557]
num codes: 605
num codes with support 0: 0
chunks ... [0, 16889, 33778, 50667, 67557]
database_size: 3127613.5842431434
codetable_size: 23856.64874230403
complete: 3151470.2329854476
Partition ratio: 0.25577315691995256
current singletons: {1, 2, 3, 4, 5, 6, 7, 8, 9, 10, 11, 12, 13, 14, 15, 16, 17, 18, 19, 23, 24, 25, 26, 27, 28, 29, 30, 31, 32, 33, 34, 35, 36, 37, 38, 39, 40, 41, 42, 43, 44, 45, 46, 47, 48, 49, 50, 51, 52, 53, 54, 55, 58, 59, 60, 61, 62, 63, 64, 65, 66, 67, 68, 69, 70, 71, 72, 74, 75, 76, 77, 78, 79, 80, 81, 82, 83, 84, 85, 86, 87, 88, 89, 90, 91, 92, 94, 95, 96, 97, 98, 99, 100, 101, 102, 103, 104, 105, 106, 108, 109, 112, 113, 114, 115, 116, 117, 118, 119, 120, 121, 122, 123, 124, 125, 126, 127}
Added 12 singletons
added:  {128, 129, 73, 107, 110, 111, 20, 21, 22, 56, 57, 93}
chunks ... [0, 16889, 33778, 50667, 67557]
num codes: 471
num codes with support 0: 0
chunks ... [0, 16889, 33778, 50667, 67557]
database_size: 3227451.210657359
codetable_size: 15608.545715066528
complete: 3243059.7563724257
Partition ratio: 0.2632065577791094
current singletons: {1, 2, 3, 4, 5, 6, 7, 8, 9, 10, 11, 12, 13, 14, 15, 16, 17, 18, 19, 20, 21, 22, 23, 24, 25, 26, 27, 28, 29, 30, 31, 33, 34, 37, 40, 41, 42, 43, 44, 45, 46, 47, 48, 49, 50, 51, 52, 53, 54, 55, 56, 57, 58, 59, 60, 61, 62, 63, 64, 65, 66, 67, 68, 69, 70, 71, 72, 73, 75, 76, 77, 78, 79, 80, 81, 82, 83, 84, 85, 87, 88, 91, 94, 95, 96, 97, 98, 99, 100, 101, 102, 103, 104, 105, 106, 107, 108, 109, 110, 112, 113, 114, 115, 116, 117, 118, 119, 120, 121, 122, 123, 124, 125, 127}
Added 15 singletons
added:  {32, 128, 129, 35, 36, 38, 39, 74, 111, 86, 89, 90, 92, 93, 126}
chunks ... [0, 16889, 33778, 50667, 67557]
num codes: 503
num codes with support 0: 0
chunks ... [0, 16889, 33778, 50667, 67557]
database_size: 3320093.2149728774
codetable_size: 18905.187647958548
complete: 3338998.402620836
Partition ratio: 0.27099293321897405
current singletons: {1, 2, 3, 4, 5, 6, 7, 8, 9, 10, 11, 12, 13, 14, 15, 16, 17, 18, 19, 20, 22, 23, 24, 25, 26, 27, 28, 29, 30, 31, 32, 33, 34, 35, 36, 37, 40, 41, 42, 43, 44, 45, 46, 47, 48, 49, 50, 51, 52, 53, 54, 55, 56, 58, 59, 60, 61, 62, 63, 64, 65, 66, 67, 68, 69, 70, 71, 72, 73, 74, 75, 77, 78, 79, 80, 81, 82, 83, 84, 85, 86, 87, 88, 89, 90, 91, 92, 93, 94, 95, 96, 97, 98, 99, 100, 101, 102, 103, 104, 105, 106, 107, 108, 109, 112, 113, 114, 115, 116, 117, 118, 119, 120, 121, 122, 123, 124, 125, 126, 127}
Added 9 singletons
added:  {128, 129, 38, 39, 76, 110, 111, 21, 57}
chunks ... [0, 16889, 33778, 50667, 67557]
num codes: 537
num codes with support 0: 0
chunks ... [0, 16889, 33778, 50667, 67557]
database_size: 3393553.105900794
codetable_size: 20583.09285695217
complete: 3414136.198757746
Partition ratio: 0.27709111276729853
current singletons: {1, 2, 3, 4, 5, 6, 7, 8, 9, 10, 11, 12, 13, 14, 15, 16, 17, 19, 23, 24, 26, 27, 28, 29, 30, 31, 32, 33, 34, 35, 36, 37, 38, 39, 40, 41, 42, 43, 44, 45, 46, 47, 48, 49, 50, 51, 52, 55, 58, 59, 60, 61, 62, 63, 64, 65, 66, 67, 68, 69, 70, 71, 72, 73, 75, 76, 77, 78, 79, 80, 81, 82, 83, 84, 85, 86, 87, 88, 91, 94, 95, 96, 97, 98, 99, 100, 101, 102, 103, 104, 105, 106, 109, 112, 113, 114, 115, 116, 117, 118, 119, 120, 121, 123, 124, 127}
Added 23 singletons
added:  {128, 129, 18, 20, 21, 22, 25, 53, 54, 56, 57, 74, 89, 90, 92, 93, 107, 108, 110, 111, 122, 125, 126}
chunks ... [0, 16889, 33778, 50667, 67557]
num codes: 474
num codes with support 0: 0
chunks ... [0, 16889, 33778, 50667, 67557]
database_size: 4185369.01757323
codetable_size: 17689.253680504575
complete: 4203058.271253735
Partition ratio: 0.34111998631784324
current singletons: {1, 2, 3, 4, 5, 6, 7, 8, 9, 10, 11, 12, 13, 14, 15, 16, 19, 22, 23, 24, 25, 26, 27, 28, 29, 30, 31, 32, 33, 34, 35, 37, 40, 41, 43, 44, 45, 46, 47, 48, 49, 50, 51, 52, 53, 54, 55, 56, 57, 58, 59, 60, 61, 62, 63, 64, 65, 66, 67, 68, 69, 70, 71, 72, 73, 75, 76, 77, 78, 79, 80, 81, 82, 83, 84, 85, 86, 87, 88, 89, 90, 91, 94, 95, 96, 97, 98, 99, 100, 101, 102, 103, 104, 105, 106, 109, 112, 113, 114, 115, 116, 117, 118, 119, 120, 121, 122, 123, 124, 125, 127}
Added 18 singletons
added:  {128, 129, 36, 38, 39, 42, 107, 74, 108, 110, 111, 17, 18, 20, 21, 92, 93, 126}
chunks ... [0, 16889, 33778, 50667, 67557]
num codes: 502
num codes with support 0: 0
chunks ... [0, 16889, 33778, 50667, 67557]
database_size: 3573466.429762482
codetable_size: 18787.397491403026
complete: 3592253.827253885
Partition ratio: 0.2915471300466987
current singletons: {1, 2, 3, 4, 5, 6, 7, 8, 9, 10, 11, 12, 13, 14, 15, 16, 17, 18, 19, 22, 23, 24, 25, 26, 27, 28, 29, 30, 31, 32, 33, 34, 35, 36, 37, 38, 39, 40, 41, 42, 43, 44, 45, 46, 47, 48, 49, 50, 51, 52, 53, 54, 55, 56, 58, 59, 60, 61, 62, 63, 64, 65, 66, 67, 68, 69, 70, 71, 72, 73, 74, 75, 76, 77, 78, 79, 80, 81, 82, 83, 84, 85, 86, 88, 91, 94, 95, 96, 97, 98, 99, 100, 101, 102, 103, 104, 105, 106, 107, 108, 109, 110, 111, 112, 113, 114, 115, 116, 117, 118, 119, 120, 121, 122, 123, 124, 125, 127}
Added 11 singletons
added:  {128, 129, 20, 21, 87, 89, 90, 92, 93, 126, 57}
chunks ... [0, 16889, 33778, 50667, 67557]
num codes: 582
num codes with support 0: 0
chunks ... [0, 16889, 33778, 50667, 67557]
database_size: 3132320.4762017755
codetable_size: 23170.830902125846
complete: 3155491.307103901
Partition ratio: 0.2560995070820836
current singletons: {1, 2, 3, 4, 5, 6, 7, 8, 9, 10, 11, 12, 13, 14, 15, 16, 17, 18, 19, 20, 21, 22, 23, 24, 25, 26, 27, 28, 29, 30, 31, 33, 34, 36, 37, 40, 41, 42, 43, 44, 45, 46, 47, 48, 49, 50, 51, 52, 53, 54, 55, 58, 59, 60, 61, 62, 63, 64, 65, 66, 67, 68, 69, 70, 71, 72, 73, 74, 75, 76, 77, 78, 79, 80, 81, 82, 83, 84, 85, 86, 87, 88, 89, 90, 91, 92, 94, 95, 96, 97, 98, 99, 100, 101, 102, 103, 104, 105, 106, 107, 108, 109, 112, 113, 114, 115, 116, 117, 118, 119, 120, 121, 122, 123, 124, 125, 126, 127}
Added 11 singletons
added:  {32, 128, 129, 35, 38, 39, 110, 111, 56, 57, 93}
chunks ... [0, 16889, 33778, 50667, 67557]
num codes: 588
num codes with support 0: 0
chunks ... [0, 16889, 33778, 50667, 67557]
database_size: 2689811.47950363
codetable_size: 23203.030327232216
complete: 2713014.5098308623
Partition ratio: 0.2201881136893104
current singletons: {1, 2, 3, 5, 6, 8, 9, 10, 11, 12, 13, 14, 15, 16, 17, 18, 19, 20, 21, 22, 23, 24, 25, 26, 27, 28, 29, 30, 31, 32, 33, 34, 35, 37, 40, 41, 42, 43, 44, 45, 46, 47, 48, 49, 50, 51, 52, 53, 54, 55, 56, 57, 58, 59, 60, 61, 62, 63, 64, 65, 66, 67, 68, 69, 70, 71, 72, 75, 76, 77, 78, 79, 80, 81, 82, 83, 84, 85, 86, 87, 88, 89, 90, 91, 94, 95, 96, 97, 98, 99, 100, 101, 102, 103, 104, 105, 106, 107, 108, 109, 112, 113, 114, 115, 116, 117, 118, 119, 120, 121, 122, 123, 124, 125, 127}
Added 14 singletons
added:  {128, 129, 4, 36, 38, 7, 39, 73, 74, 110, 111, 92, 93, 126}
chunks ... [0, 16889, 33778, 50667, 67557]
num codes: 541
num codes with support 0: 0
chunks ... [0, 16889, 33778, 50667, 67557]
database_size: 3306637.1839167373
codetable_size: 20289.154401516924
complete: 3326926.3383182543
Partition ratio: 0.2700131651206135
current singletons: {1, 2, 3, 4, 5, 6, 7, 8, 9, 10, 11, 12, 13, 14, 15, 16, 17, 18, 19, 20, 21, 22, 23, 24, 25, 26, 27, 28, 29, 30, 31, 32, 33, 34, 37, 40, 41, 42, 43, 44, 45, 46, 47, 48, 49, 50, 51, 52, 53, 54, 55, 58, 59, 61, 62, 63, 64, 65, 66, 67, 68, 69, 70, 71, 72, 73, 74, 75, 76, 77, 78, 79, 80, 81, 82, 83, 84, 85, 86, 87, 88, 91, 94, 95, 96, 97, 98, 99, 100, 101, 102, 103, 104, 105, 106, 109, 112, 113, 114, 115, 116, 117, 118, 119, 120, 121, 122, 123, 124, 125, 126, 127}
Added 17 singletons
added:  {128, 129, 35, 36, 38, 39, 107, 108, 110, 60, 111, 56, 89, 90, 92, 93, 57}
chunks ... [0, 16889, 33778, 50667, 67557]
num codes: 537
num codes with support 0: 0
chunks ... [0, 16889, 33778, 50667, 67557]
database_size: 3132212.3855013987
codetable_size: 20242.887780275752
complete: 3152455.2732816744
Partition ratio: 0.2558531027381368
current singletons: {1, 2, 3, 4, 5, 6, 7, 8, 9, 10, 11, 12, 13, 14, 15, 16, 17, 18, 19, 22, 23, 24, 25, 26, 27, 28, 29, 30, 31, 32, 33, 34, 35, 36, 37, 40, 41, 42, 43, 44, 45, 46, 47, 48, 49, 50, 51, 52, 53, 54, 55, 56, 57, 58, 59, 60, 61, 62, 63, 64, 65, 66, 67, 68, 69, 70, 71, 72, 73, 75, 76, 77, 78, 79, 80, 81, 82, 83, 84, 85, 86, 87, 88, 91, 94, 95, 96, 97, 98, 99, 100, 101, 102, 103, 104, 105, 106, 107, 109, 113, 114, 115, 116, 117, 118, 119, 120, 121, 122, 123, 124, 125, 126, 127, 128, 129}
Added 13 singletons
added:  {38, 39, 74, 108, 110, 111, 112, 20, 21, 89, 90, 92, 93}
chunks ... [0, 16889, 33778, 50667, 67557]
num codes: 519
num codes with support 0: 0
chunks ... [0, 16889, 33778, 50667, 67557]
database_size: 2978826.3495709994
codetable_size: 18933.059221622094
complete: 2997759.4087926215
Partition ratio: 0.24329799458300005
current singletons: {1, 2, 3, 4, 5, 6, 7, 8, 9, 10, 11, 12, 13, 14, 15, 16, 17, 18, 19, 20, 21, 22, 23, 24, 25, 26, 27, 28, 29, 30, 31, 32, 33, 34, 35, 36, 37, 38, 40, 41, 42, 43, 44, 45, 46, 47, 48, 49, 50, 51, 52, 53, 54, 55, 58, 59, 60, 61, 62, 63, 64, 65, 66, 67, 68, 69, 70, 71, 72, 75, 76, 77, 78, 79, 80, 81, 82, 83, 84, 85, 86, 87, 88, 91, 94, 95, 96, 97, 98, 99, 100, 101, 102, 103, 104, 105, 106, 107, 108, 109, 112, 113, 114, 115, 116, 117, 118, 119, 120, 121, 122, 123, 124, 125, 126, 127, 128}
Added 12 singletons
added:  {129, 39, 73, 74, 110, 111, 56, 89, 90, 92, 93, 57}
chunks ... [0, 16889, 33778, 50667, 67557]
num codes: 550
num codes with support 0: 0
chunks ... [0, 16889, 33778, 50667, 67557]
database_size: 2455841.9208414718
codetable_size: 20151.060250124774
complete: 2475992.9810915967
Partition ratio: 0.20095145899109826
current singletons: {1, 2, 3, 4, 5, 6, 7, 8, 9, 10, 11, 12, 13, 14, 15, 16, 17, 19, 22, 23, 24, 25, 26, 27, 28, 29, 30, 31, 32, 33, 34, 35, 36, 37, 38, 39, 40, 41, 42, 43, 44, 45, 46, 47, 48, 49, 50, 51, 52, 55, 58, 59, 60, 61, 62, 63, 64, 65, 66, 67, 68, 69, 70, 71, 72, 75, 76, 77, 78, 79, 80, 81, 82, 83, 84, 85, 86, 88, 91, 94, 95, 96, 97, 98, 99, 100, 101, 102, 103, 104, 105, 106, 109, 113, 114, 115, 116, 117, 118, 119, 120, 121, 122, 123, 124, 125, 126, 127, 128, 129}
Added 19 singletons
added:  {18, 20, 21, 53, 54, 56, 57, 73, 74, 87, 89, 90, 92, 93, 107, 108, 110, 111, 112}
chunks ... [0, 16889, 33778, 50667, 67557]
num codes: 370
num codes with support 0: 0
chunks ... [0, 16889, 33778, 50667, 67557]
database_size: 4103699.851461189
codetable_size: 12021.583682302327
complete: 4115721.4351434913
Partition ratio: 0.33403173333245617
initial ratio: 0.20095145899109826
merged: {14}
merged: {14}
to_process: {0, 1, 2, 3, 4, 5, 6, 7, 8, 9, 10, 11, 12, 13, 15}
[(0, 0.15811218154557835), (1, 0.15570122305249512), (2, 0.16347039024418164), (3, 0.1614895065239873), (4, 0.1324907538729087), (5, 0.176384858357479), (6, 0.18880990281988944), (7, 0.21761602034745997), (8, 0.18077377123434255), (9, 0.1902538333853482), (10, 0.14927770808022886), (11, 0.1997264780181733), (12, 0.17200418550921498), (13, 0.18389284963359367), (15, 0.12102370471680719)]
next_candidate: 15
chunks ... [0, 16889, 33778, 50667, 67557]
chunks ... [0, 16889, 33778, 50667, 67557]
database_size: 3089169.141887084
codetable_size: 30235.751087641136
complete: 3119404.8929747255
current_ratio: 0.20095145899109826 --- candidate_ratio:0.2531707356257858
!!!!! ********* merge rejected ... 
merged: {14}
to_process: {0, 1, 2, 3, 4, 5, 6, 7, 8, 9, 10, 11, 12, 13}
[(0, 0.15811218154557835), (1, 0.15570122305249512), (2, 0.16347039024418164), (3, 0.1614895065239873), (4, 0.1324907538729087), (5, 0.176384858357479), (6, 0.18880990281988944), (7, 0.21761602034745997), (8, 0.18077377123434255), (9, 0.1902538333853482), (10, 0.14927770808022886), (11, 0.1997264780181733), (12, 0.17200418550921498), (13, 0.18389284963359367)]
next_candidate: 4
chunks ... [0, 16889, 33778, 50667, 67557]
chunks ... [0, 16889, 33778, 50667, 67557]
database_size: 2982709.419948276
codetable_size: 33993.166732233185
complete: 3016702.586680509
current_ratio: 0.20095145899109826 --- candidate_ratio:0.2448354218954235
!!!!! ********* merge rejected ... 
merged: {14}
to_process: {0, 1, 2, 3, 5, 6, 7, 8, 9, 10, 11, 12, 13}
[(0, 0.15811218154557835), (1, 0.15570122305249512), (2, 0.16347039024418164), (3, 0.1614895065239873), (5, 0.176384858357479), (6, 0.18880990281988944), (7, 0.21761602034745997), (8, 0.18077377123434255), (9, 0.1902538333853482), (10, 0.14927770808022886), (11, 0.1997264780181733), (12, 0.17200418550921498), (13, 0.18389284963359367)]
next_candidate: 10
chunks ... [0, 16889, 33778, 50667, 67557]
chunks ... [0, 16889, 33778, 50667, 67557]
database_size: 2658343.4037152813
codetable_size: 41361.08572948241
complete: 2699704.489444764
current_ratio: 0.20095145899109826 --- candidate_ratio:0.21910787314088667
!!!!! ********* merge rejected ... 
merged: {14}
to_process: {0, 1, 2, 3, 5, 6, 7, 8, 9, 11, 12, 13}
[(0, 0.15811218154557835), (1, 0.15570122305249512), (2, 0.16347039024418164), (3, 0.1614895065239873), (5, 0.176384858357479), (6, 0.18880990281988944), (7, 0.21761602034745997), (8, 0.18077377123434255), (9, 0.1902538333853482), (11, 0.1997264780181733), (12, 0.17200418550921498), (13, 0.18389284963359367)]
next_candidate: 1
chunks ... [0, 16889, 33778, 50667, 67557]
chunks ... [0, 16889, 33778, 50667, 67557]
database_size: 2609358.5440304303
codetable_size: 39763.19204325203
complete: 2649121.736073682
current_ratio: 0.20095145899109826 --- candidate_ratio:0.21500257956076332
!!!!! ********* merge rejected ... 
merged: {14}
to_process: {0, 2, 3, 5, 6, 7, 8, 9, 11, 12, 13}
[(0, 0.15811218154557835), (2, 0.16347039024418164), (3, 0.1614895065239873), (5, 0.176384858357479), (6, 0.18880990281988944), (7, 0.21761602034745997), (8, 0.18077377123434255), (9, 0.1902538333853482), (11, 0.1997264780181733), (12, 0.17200418550921498), (13, 0.18389284963359367)]
next_candidate: 0
chunks ... [0, 16889, 33778, 50667, 67557]
chunks ... [0, 16889, 33778, 50667, 67557]
database_size: 2514138.232092596
codetable_size: 36768.74313788216
complete: 2550906.975230478
current_ratio: 0.20095145899109826 --- candidate_ratio:0.20703147478113573
!!!!! ********* merge rejected ... 
merged: {14}
to_process: {2, 3, 5, 6, 7, 8, 9, 11, 12, 13}
[(2, 0.16347039024418164), (3, 0.1614895065239873), (5, 0.176384858357479), (6, 0.18880990281988944), (7, 0.21761602034745997), (8, 0.18077377123434255), (9, 0.1902538333853482), (11, 0.1997264780181733), (12, 0.17200418550921498), (13, 0.18389284963359367)]
next_candidate: 3
chunks ... [0, 16889, 33778, 50667, 67557]
chunks ... [0, 16889, 33778, 50667, 67557]
database_size: 2499937.1839489457
codetable_size: 42997.408786118816
complete: 2542934.5927350647
current_ratio: 0.20095145899109826 --- candidate_ratio:0.2063844366407521
!!!!! ********* merge rejected ... 
merged: {14}
to_process: {2, 5, 6, 7, 8, 9, 11, 12, 13}
[(2, 0.16347039024418164), (5, 0.176384858357479), (6, 0.18880990281988944), (7, 0.21761602034745997), (8, 0.18077377123434255), (9, 0.1902538333853482), (11, 0.1997264780181733), (12, 0.17200418550921498), (13, 0.18389284963359367)]
next_candidate: 2
chunks ... [0, 16889, 33778, 50667, 67557]
chunks ... [0, 16889, 33778, 50667, 67557]
database_size: 2806546.7405333007
codetable_size: 36039.48115057799
complete: 2842586.2216838785
current_ratio: 0.20095145899109826 --- candidate_ratio:0.2307041469493718
!!!!! ********* merge rejected ... 
merged: {14}
to_process: {5, 6, 7, 8, 9, 11, 12, 13}
[(5, 0.176384858357479), (6, 0.18880990281988944), (7, 0.21761602034745997), (8, 0.18077377123434255), (9, 0.1902538333853482), (11, 0.1997264780181733), (12, 0.17200418550921498), (13, 0.18389284963359367)]
next_candidate: 12
chunks ... [0, 16889, 33778, 50667, 67557]
chunks ... [0, 16889, 33778, 50667, 67557]
database_size: 2785411.671044999
codetable_size: 37116.54811355236
complete: 2822528.219158551
current_ratio: 0.20095145899109826 --- candidate_ratio:0.22907624052851652
!!!!! ********* merge rejected ... 
merged: {14}
to_process: {5, 6, 7, 8, 9, 11, 13}
[(5, 0.176384858357479), (6, 0.18880990281988944), (7, 0.21761602034745997), (8, 0.18077377123434255), (9, 0.1902538333853482), (11, 0.1997264780181733), (13, 0.18389284963359367)]
next_candidate: 5
chunks ... [0, 16889, 33778, 50667, 67557]
chunks ... [0, 16889, 33778, 50667, 67557]
database_size: 2945108.600357376
codetable_size: 37186.15928323734
complete: 2982294.7596406136
current_ratio: 0.20095145899109826 --- candidate_ratio:0.24204288447824066
!!!!! ********* merge rejected ... 
merged: {14}
to_process: {6, 7, 8, 9, 11, 13}
[(6, 0.18880990281988944), (7, 0.21761602034745997), (8, 0.18077377123434255), (9, 0.1902538333853482), (11, 0.1997264780181733), (13, 0.18389284963359367)]
next_candidate: 8
chunks ... [0, 16889, 33778, 50667, 67557]
chunks ... [0, 16889, 33778, 50667, 67557]
database_size: 2661525.2870516037
codetable_size: 37877.7495589968
complete: 2699403.0366106005
current_ratio: 0.20095145899109826 --- candidate_ratio:0.2190834072448584
!!!!! ********* merge rejected ... 
merged: {14}
to_process: {6, 7, 9, 11, 13}
[(6, 0.18880990281988944), (7, 0.21761602034745997), (9, 0.1902538333853482), (11, 0.1997264780181733), (13, 0.18389284963359367)]
next_candidate: 13
chunks ... [0, 16889, 33778, 50667, 67557]
chunks ... [0, 16889, 33778, 50667, 67557]
database_size: 2495408.965594041
codetable_size: 38065.53332878176
complete: 2533474.498922823
current_ratio: 0.20095145899109826 --- candidate_ratio:0.2056166559288195
!!!!! ********* merge rejected ... 
merged: {14}
to_process: {6, 7, 9, 11}
[(6, 0.18880990281988944), (7, 0.21761602034745997), (9, 0.1902538333853482), (11, 0.1997264780181733)]
next_candidate: 6
chunks ... [0, 16889, 33778, 50667, 67557]
chunks ... [0, 16889, 33778, 50667, 67557]
database_size: 2370148.078944427
codetable_size: 39710.830427334986
complete: 2409858.909371762
current_ratio: 0.20095145899109826 --- candidate_ratio:0.1955840212388056
!!!!! ********* merge accepted ... 
merged: {14, 6}
to_process: {7, 9, 11}
[(7, 0.13625416570783716), (9, 0.12802248140155945), (11, 0.13558981879586102)]
next_candidate: 9
chunks ... [0, 16889, 33778, 50667, 67557]
chunks ... [0, 16889, 33778, 50667, 67557]
database_size: 2569393.7874754425
codetable_size: 61675.91540456945
complete: 2631069.702880012
current_ratio: 0.1955840212388056 --- candidate_ratio:0.21353747750444632
!!!!! ********* merge rejected ... 
merged: {14, 6}
to_process: {7, 11}
[(7, 0.13625416570783716), (11, 0.13558981879586102)]
next_candidate: 11
chunks ... [0, 16889, 33778, 50667, 67557]
chunks ... [0, 16889, 33778, 50667, 67557]
database_size: 2859906.9732242837
codetable_size: 56989.67924809997
complete: 2916896.652472384
current_ratio: 0.1955840212388056 --- candidate_ratio:0.23673517756991247
!!!!! ********* merge rejected ... 
merged: {14, 6}
to_process: {7}
[(7, 0.13625416570783716)]
next_candidate: 7
chunks ... [0, 16889, 33778, 50667, 67557]
chunks ... [0, 16889, 33778, 50667, 67557]
database_size: 2991285.920720546
codetable_size: 56041.23464363088
complete: 3047327.1553641767
current_ratio: 0.1955840212388056 --- candidate_ratio:0.24732091026512112
!!!!! ********* merge rejected ... 
merged table size: 956
chunks ... [0, 16889, 33778, 50667, 67557]
chunks ... [0, 16889, 33778, 50667, 67557]
merged table size without non-used codes: 929
database_size: 2370148.078944427
codetable_size: 39710.830427334986
complete: 2409858.909371762
database_size: 12320561.926931633
codetable_size: 786.6889113503379
complete: 12321348.615842983
merged size: 2409858.909371762
sct size: 12321348.615842983
merged ratio: 0.1955840212388056
time elapsed: 371.7157790660858
