
-- MERGING METHOD naive
processing tkmeans_batch_results/k16/batch-5/letrecog_tkmeans__0_k16...
chunks ... [0, 109, 218, 327, 436]
num codes: 183
num codes with support 0: 0
chunks ... [0, 109, 218, 327, 436]
num codes with usage 0: 57
database_size: 7069.6447309956875
codetable_size: 2806.767016766195
complete: 9876.411747761882
database_size: 27183.218973593535
codetable_size: 425.08123439781
complete: 27608.300207991346
Partition 0 ratio: 0.357733423403702
processing tkmeans_batch_results/k16/batch-5/letrecog_tkmeans__1_k16...
chunks ... [0, 113, 226, 339, 453]
num codes: 205
num codes with support 0: 0
chunks ... [0, 113, 226, 339, 453]
num codes with usage 0: 43
database_size: 8369.525532671265
codetable_size: 3297.933230527758
complete: 11667.458763199023
database_size: 28228.623144575446
codetable_size: 416.31286823444066
complete: 28644.936012809885
Partition 1 ratio: 0.40731313758150445
processing tkmeans_batch_results/k16/batch-5/letrecog_tkmeans__2_k16...
chunks ... [0, 124, 248, 372, 499]
num codes: 216
num codes with support 0: 0
chunks ... [0, 124, 248, 372, 499]
num codes with usage 0: 43
database_size: 9246.781034720876
codetable_size: 3662.3499825170566
complete: 12909.131017237933
database_size: 32231.85404826616
codetable_size: 418.57568797776474
complete: 32650.429736243925
Partition 2 ratio: 0.39537400032772085
processing tkmeans_batch_results/k16/batch-5/letrecog_tkmeans__3_k16...
chunks ... [0, 166, 332, 498, 664]
num codes: 229
num codes with support 0: 0
chunks ... [0, 166, 332, 498, 664]
num codes with usage 0: 59
database_size: 8571.747068717152
codetable_size: 4530.41871118271
complete: 13102.16577989986
database_size: 41344.40195065018
codetable_size: 500.4564667177255
complete: 41844.858417367905
Partition 3 ratio: 0.31311291937510166
processing tkmeans_batch_results/k16/batch-5/letrecog_tkmeans__4_k16...
chunks ... [0, 682, 1364, 2046, 2730]
num codes: 431
num codes with support 0: 0
chunks ... [0, 682, 1364, 2046, 2730]
num codes with usage 0: 46
database_size: 47925.0314688504
codetable_size: 10042.344162466748
complete: 57967.37563131715
database_size: 168183.5782279073
codetable_size: 521.0693642093322
complete: 168704.64759211664
Partition 4 ratio: 0.34360271906359674
processing tkmeans_batch_results/k16/batch-5/letrecog_tkmeans__5_k16...
chunks ... [0, 195, 390, 585, 781]
num codes: 261
num codes with support 0: 0
chunks ... [0, 195, 390, 585, 781]
num codes with usage 0: 53
database_size: 15185.91066953877
codetable_size: 4586.394383662532
complete: 19772.305053201304
database_size: 49774.19425829813
codetable_size: 492.16458100250367
complete: 50266.35883930063
Partition 5 ratio: 0.3933506525987392
processing tkmeans_batch_results/k16/batch-5/letrecog_tkmeans__6_k16...
chunks ... [0, 67, 134, 201, 269]
num codes: 133
num codes with support 0: 0
chunks ... [0, 67, 134, 201, 269]
num codes with usage 0: 35
database_size: 4224.561009625078
codetable_size: 1845.7615190240906
complete: 6070.322528649169
database_size: 16417.1087038228
codetable_size: 301.90621971184675
complete: 16719.014923534647
Partition 6 ratio: 0.36307895868339907
processing tkmeans_batch_results/k16/batch-5/letrecog_tkmeans__7_k16...
chunks ... [0, 526, 1052, 1578, 2104]
num codes: 433
num codes with support 0: 0
chunks ... [0, 526, 1052, 1578, 2104]
num codes with usage 0: 39
database_size: 40919.11638901413
codetable_size: 9112.981102503734
complete: 50032.09749151787
database_size: 131499.24021310624
codetable_size: 546.7573229018649
complete: 132045.9975360081
Partition 7 ratio: 0.37889900811173344
processing tkmeans_batch_results/k16/batch-5/letrecog_tkmeans__8_k16...
chunks ... [0, 283, 566, 849, 1132]
num codes: 320
num codes with support 0: 0
chunks ... [0, 283, 566, 849, 1132]
num codes with usage 0: 51
database_size: 21042.787457267248
codetable_size: 6435.883561441087
complete: 27478.671018708337
database_size: 73021.06387219718
codetable_size: 524.4825572494549
complete: 73545.54642944664
Partition 8 ratio: 0.37362794013732764
processing tkmeans_batch_results/k16/batch-5/letrecog_tkmeans__9_k16...
chunks ... [0, 660, 1320, 1980, 2642]
num codes: 488
num codes with support 0: 0
chunks ... [0, 660, 1320, 1980, 2642]
num codes with usage 0: 28
database_size: 47839.2323046587
codetable_size: 12151.977573040167
complete: 59991.209877698864
database_size: 168751.48817599931
codetable_size: 583.7219950223231
complete: 169335.21017102164
Partition 9 ratio: 0.35427487181850836
processing tkmeans_batch_results/k16/batch-5/letrecog_tkmeans__10_k16...
chunks ... [0, 453, 906, 1359, 1814]
num codes: 411
num codes with support 0: 0
chunks ... [0, 453, 906, 1359, 1814]
num codes with usage 0: 34
database_size: 35426.59044237135
codetable_size: 8941.707286511339
complete: 44368.29772888269
database_size: 115358.16587371418
codetable_size: 542.7641270383216
complete: 115900.9300007525
Partition 10 ratio: 0.38281226672292124
processing tkmeans_batch_results/k16/batch-5/letrecog_tkmeans__11_k16...
chunks ... [0, 242, 484, 726, 969]
num codes: 337
num codes with support 0: 0
chunks ... [0, 242, 484, 726, 969]
num codes with usage 0: 40
database_size: 24532.59266142308
codetable_size: 6110.386830577375
complete: 30642.979492000457
database_size: 63282.91808401103
codetable_size: 535.5627548192974
complete: 63818.48083883033
Partition 11 ratio: 0.48015839752418155
processing tkmeans_batch_results/k16/batch-5/letrecog_tkmeans__12_k16...
chunks ... [0, 246, 492, 738, 985]
num codes: 246
num codes with support 0: 0
chunks ... [0, 246, 492, 738, 985]
num codes with usage 0: 41
database_size: 14749.863261695913
codetable_size: 5036.231880724792
complete: 19786.095142420705
database_size: 60182.59201908771
codetable_size: 465.0136900949944
complete: 60647.6057091827
Partition 12 ratio: 0.32624692947152695
processing tkmeans_batch_results/k16/batch-5/letrecog_tkmeans__13_k16...
chunks ... [0, 728, 1456, 2184, 2913]
num codes: 454
num codes with support 0: 0
chunks ... [0, 728, 1456, 2184, 2913]
num codes with usage 0: 39
database_size: 55558.14556112622
codetable_size: 10412.231644325413
complete: 65970.37720545163
database_size: 181297.43571753925
codetable_size: 540.2312000209228
complete: 181837.6669175602
Partition 13 ratio: 0.3627981942562024
processing tkmeans_batch_results/k16/batch-5/letrecog_tkmeans__14_k16...
chunks ... [0, 236, 472, 708, 944]
num codes: 310
num codes with support 0: 0
chunks ... [0, 236, 472, 708, 944]
num codes with usage 0: 24
database_size: 21507.698770877843
codetable_size: 5944.023762884916
complete: 27451.72253376276
database_size: 60469.46778984704
codetable_size: 492.16638931309825
complete: 60961.63417916014
Partition 14 ratio: 0.4503114606981318
processing tkmeans_batch_results/k16/batch-5/letrecog_tkmeans__15_k16...
chunks ... [0, 166, 332, 498, 664]
num codes: 258
num codes with support 0: 0
chunks ... [0, 166, 332, 498, 664]
num codes with usage 0: 47
database_size: 12445.2170574711
codetable_size: 4452.839760757924
complete: 16898.056818229023
database_size: 42124.300740850216
codetable_size: 488.0729428086879
complete: 42612.3736836589
Partition 15 ratio: 0.3965528168807252
number of codetables: 16
size: 183
size: 205
size: 216
size: 229
size: 431
size: 261
size: 133
size: 433
size: 320
size: 488
size: 411
size: 337
size: 246
size: 454
size: 310
size: 258
merged table size: 3333
chunks ... [0, 5000, 10000, 15000, 20000]
chunks ... [0, 5000, 10000, 15000, 20000]
merged table size without non-used codes: 3043
database_size: 550628.1242891154
codetable_size: 92347.85626547848
complete: 642975.980554594
database_size: 1372600.4814621517
codetable_size: 535.3174551653476
complete: 1373135.798917317
merged size: 642975.980554594
sct size: 1373135.798917317
merged ratio: 0.4682537452315818
time elapsed: 16.502870798110962
-- MERGING METHOD naive_plus
processing tkmeans_batch_results/k16/batch-5/letrecog_tkmeans__0_k16...
chunks ... [0, 109, 218, 327, 436]
num codes: 183
num codes with support 0: 0
chunks ... [0, 109, 218, 327, 436]
num codes with usage 0: 57
database_size: 7069.6447309956875
codetable_size: 2806.767016766195
complete: 9876.411747761882
database_size: 27183.218973593535
codetable_size: 425.08123439781
complete: 27608.300207991346
Partition 0 ratio: 0.357733423403702
processing tkmeans_batch_results/k16/batch-5/letrecog_tkmeans__1_k16...
chunks ... [0, 113, 226, 339, 453]
num codes: 205
num codes with support 0: 0
chunks ... [0, 113, 226, 339, 453]
num codes with usage 0: 43
database_size: 8369.525532671265
codetable_size: 3297.933230527758
complete: 11667.458763199023
database_size: 28228.623144575446
codetable_size: 416.31286823444066
complete: 28644.936012809885
Partition 1 ratio: 0.40731313758150445
processing tkmeans_batch_results/k16/batch-5/letrecog_tkmeans__2_k16...
chunks ... [0, 124, 248, 372, 499]
num codes: 216
num codes with support 0: 0
chunks ... [0, 124, 248, 372, 499]
num codes with usage 0: 43
database_size: 9246.781034720876
codetable_size: 3662.3499825170566
complete: 12909.131017237933
database_size: 32231.85404826616
codetable_size: 418.57568797776474
complete: 32650.429736243925
Partition 2 ratio: 0.39537400032772085
processing tkmeans_batch_results/k16/batch-5/letrecog_tkmeans__3_k16...
chunks ... [0, 166, 332, 498, 664]
num codes: 229
num codes with support 0: 0
chunks ... [0, 166, 332, 498, 664]
num codes with usage 0: 59
database_size: 8571.747068717152
codetable_size: 4530.41871118271
complete: 13102.16577989986
database_size: 41344.40195065018
codetable_size: 500.4564667177255
complete: 41844.858417367905
Partition 3 ratio: 0.31311291937510166
processing tkmeans_batch_results/k16/batch-5/letrecog_tkmeans__4_k16...
chunks ... [0, 682, 1364, 2046, 2730]
num codes: 431
num codes with support 0: 0
chunks ... [0, 682, 1364, 2046, 2730]
num codes with usage 0: 46
database_size: 47925.0314688504
codetable_size: 10042.344162466748
complete: 57967.37563131715
database_size: 168183.5782279073
codetable_size: 521.0693642093322
complete: 168704.64759211664
Partition 4 ratio: 0.34360271906359674
processing tkmeans_batch_results/k16/batch-5/letrecog_tkmeans__5_k16...
chunks ... [0, 195, 390, 585, 781]
num codes: 261
num codes with support 0: 0
chunks ... [0, 195, 390, 585, 781]
num codes with usage 0: 53
database_size: 15185.91066953877
codetable_size: 4586.394383662532
complete: 19772.305053201304
database_size: 49774.19425829813
codetable_size: 492.16458100250367
complete: 50266.35883930063
Partition 5 ratio: 0.3933506525987392
processing tkmeans_batch_results/k16/batch-5/letrecog_tkmeans__6_k16...
chunks ... [0, 67, 134, 201, 269]
num codes: 133
num codes with support 0: 0
chunks ... [0, 67, 134, 201, 269]
num codes with usage 0: 35
database_size: 4224.561009625078
codetable_size: 1845.7615190240906
complete: 6070.322528649169
database_size: 16417.1087038228
codetable_size: 301.90621971184675
complete: 16719.014923534647
Partition 6 ratio: 0.36307895868339907
processing tkmeans_batch_results/k16/batch-5/letrecog_tkmeans__7_k16...
chunks ... [0, 526, 1052, 1578, 2104]
num codes: 433
num codes with support 0: 0
chunks ... [0, 526, 1052, 1578, 2104]
num codes with usage 0: 39
database_size: 40919.11638901413
codetable_size: 9112.981102503734
complete: 50032.09749151787
database_size: 131499.24021310624
codetable_size: 546.7573229018649
complete: 132045.9975360081
Partition 7 ratio: 0.37889900811173344
processing tkmeans_batch_results/k16/batch-5/letrecog_tkmeans__8_k16...
chunks ... [0, 283, 566, 849, 1132]
num codes: 320
num codes with support 0: 0
chunks ... [0, 283, 566, 849, 1132]
num codes with usage 0: 51
database_size: 21042.787457267248
codetable_size: 6435.883561441087
complete: 27478.671018708337
database_size: 73021.06387219718
codetable_size: 524.4825572494549
complete: 73545.54642944664
Partition 8 ratio: 0.37362794013732764
processing tkmeans_batch_results/k16/batch-5/letrecog_tkmeans__9_k16...
chunks ... [0, 660, 1320, 1980, 2642]
num codes: 488
num codes with support 0: 0
chunks ... [0, 660, 1320, 1980, 2642]
num codes with usage 0: 28
database_size: 47839.2323046587
codetable_size: 12151.977573040167
complete: 59991.209877698864
database_size: 168751.48817599931
codetable_size: 583.7219950223231
complete: 169335.21017102164
Partition 9 ratio: 0.35427487181850836
processing tkmeans_batch_results/k16/batch-5/letrecog_tkmeans__10_k16...
chunks ... [0, 453, 906, 1359, 1814]
num codes: 411
num codes with support 0: 0
chunks ... [0, 453, 906, 1359, 1814]
num codes with usage 0: 34
database_size: 35426.59044237135
codetable_size: 8941.707286511339
complete: 44368.29772888269
database_size: 115358.16587371418
codetable_size: 542.7641270383216
complete: 115900.9300007525
Partition 10 ratio: 0.38281226672292124
processing tkmeans_batch_results/k16/batch-5/letrecog_tkmeans__11_k16...
chunks ... [0, 242, 484, 726, 969]
num codes: 337
num codes with support 0: 0
chunks ... [0, 242, 484, 726, 969]
num codes with usage 0: 40
database_size: 24532.59266142308
codetable_size: 6110.386830577375
complete: 30642.979492000457
database_size: 63282.91808401103
codetable_size: 535.5627548192974
complete: 63818.48083883033
Partition 11 ratio: 0.48015839752418155
processing tkmeans_batch_results/k16/batch-5/letrecog_tkmeans__12_k16...
chunks ... [0, 246, 492, 738, 985]
num codes: 246
num codes with support 0: 0
chunks ... [0, 246, 492, 738, 985]
num codes with usage 0: 41
database_size: 14749.863261695913
codetable_size: 5036.231880724792
complete: 19786.095142420705
database_size: 60182.59201908771
codetable_size: 465.0136900949944
complete: 60647.6057091827
Partition 12 ratio: 0.32624692947152695
processing tkmeans_batch_results/k16/batch-5/letrecog_tkmeans__13_k16...
chunks ... [0, 728, 1456, 2184, 2913]
num codes: 454
num codes with support 0: 0
chunks ... [0, 728, 1456, 2184, 2913]
num codes with usage 0: 39
database_size: 55558.14556112622
codetable_size: 10412.231644325413
complete: 65970.37720545163
database_size: 181297.43571753925
codetable_size: 540.2312000209228
complete: 181837.6669175602
Partition 13 ratio: 0.3627981942562024
processing tkmeans_batch_results/k16/batch-5/letrecog_tkmeans__14_k16...
chunks ... [0, 236, 472, 708, 944]
num codes: 310
num codes with support 0: 0
chunks ... [0, 236, 472, 708, 944]
num codes with usage 0: 24
database_size: 21507.698770877843
codetable_size: 5944.023762884916
complete: 27451.72253376276
database_size: 60469.46778984704
codetable_size: 492.16638931309825
complete: 60961.63417916014
Partition 14 ratio: 0.4503114606981318
processing tkmeans_batch_results/k16/batch-5/letrecog_tkmeans__15_k16...
chunks ... [0, 166, 332, 498, 664]
num codes: 258
num codes with support 0: 0
chunks ... [0, 166, 332, 498, 664]
num codes with usage 0: 47
database_size: 12445.2170574711
codetable_size: 4452.839760757924
complete: 16898.056818229023
database_size: 42124.300740850216
codetable_size: 488.0729428086879
complete: 42612.3736836589
Partition 15 ratio: 0.3965528168807252
number of codetables: 16
size: 183
size: 205
size: 216
size: 229
size: 431
size: 261
size: 133
size: 433
size: 320
size: 488
size: 411
size: 337
size: 246
size: 454
size: 310
size: 258
database_size: 1372600.4814621517
codetable_size: 535.3174551653476
complete: 1373135.798917317
current singletons: {2, 3, 4, 5, 6, 7, 8, 9, 10, 11, 12, 13, 14, 15, 16, 17, 18, 19, 20, 22, 23, 24, 25, 27, 28, 29, 30, 31, 32, 33, 34, 35, 37, 38, 39, 40, 41, 42, 43, 44, 45, 46, 47, 48, 49, 50, 52, 53, 54, 55, 57, 58, 59, 60, 62, 63, 64, 65, 67, 68, 70, 72, 73, 74, 75, 78, 79, 80, 81, 88, 91, 93, 94, 100, 102, 103, 105}
Added 25 singletons
added:  {1, 26, 51, 56, 66, 69, 76, 77, 82, 83, 84, 85, 86, 87, 89, 90, 92, 95, 96, 97, 98, 99, 101, 104, 106}
chunks ... [0, 5000, 10000, 15000, 20000]
num codes: 208
num codes with support 0: 0
chunks ... [0, 5000, 10000, 15000, 20000]
database_size: 1115442.4389633418
codetable_size: 4193.580521212187
complete: 1119636.019484554
Partition ratio: 0.8153862279079452
current singletons: {2, 3, 4, 5, 6, 7, 8, 9, 10, 12, 13, 14, 15, 16, 17, 18, 19, 20, 22, 23, 24, 25, 28, 29, 30, 31, 32, 33, 34, 37, 38, 39, 40, 41, 42, 43, 44, 45, 46, 47, 48, 49, 50, 51, 52, 53, 54, 55, 57, 58, 59, 60, 62, 63, 64, 65, 66, 67, 68, 69, 70, 72, 73, 74, 75, 76, 77, 78, 79, 80, 81, 82, 84, 88, 90, 92, 93}
Added 25 singletons
added:  {1, 11, 26, 27, 35, 56, 83, 85, 86, 87, 89, 91, 94, 95, 96, 97, 98, 99, 100, 101, 102, 103, 104, 105, 106}
chunks ... [0, 5000, 10000, 15000, 20000]
num codes: 230
num codes with support 0: 0
chunks ... [0, 5000, 10000, 15000, 20000]
database_size: 1042815.0712639351
codetable_size: 4661.060939177559
complete: 1047476.1322031126
Partition ratio: 0.7628350619283403
current singletons: {1, 2, 3, 4, 5, 6, 7, 8, 9, 10, 11, 12, 13, 14, 15, 16, 17, 18, 19, 20, 22, 23, 24, 26, 27, 28, 29, 30, 31, 32, 33, 34, 35, 37, 38, 39, 40, 41, 43, 44, 45, 46, 47, 48, 49, 50, 51, 52, 53, 54, 55, 56, 57, 58, 59, 60, 62, 63, 64, 65, 67, 68, 69, 70, 72, 73, 74, 75, 78, 79, 80, 81, 86, 90, 92, 93, 96, 99, 100, 101}
Added 22 singletons
added:  {25, 42, 66, 76, 77, 82, 83, 84, 85, 87, 88, 89, 91, 94, 95, 97, 98, 102, 103, 104, 105, 106}
chunks ... [0, 5000, 10000, 15000, 20000]
num codes: 238
num codes with support 0: 0
chunks ... [0, 5000, 10000, 15000, 20000]
database_size: 1174098.3638153987
codetable_size: 5147.464386232272
complete: 1179245.8282016309
Partition ratio: 0.8587976725473448
current singletons: {1, 2, 3, 6, 7, 8, 9, 10, 11, 12, 13, 16, 17, 18, 19, 20, 22, 23, 26, 27, 28, 29, 30, 31, 32, 33, 34, 35, 37, 38, 39, 40, 41, 42, 43, 44, 45, 46, 47, 48, 49, 50, 51, 52, 53, 54, 55, 56, 57, 58, 59, 60, 62, 63, 64, 65, 68, 69, 70, 72, 73, 74, 75, 80, 81, 82, 83, 84, 85, 86, 87, 88, 89, 90, 91, 92, 93, 94, 95, 96, 97, 98, 99, 100, 101, 102, 103, 104, 105, 106}
Added 12 singletons
added:  {66, 67, 4, 5, 76, 77, 14, 15, 78, 79, 24, 25}
chunks ... [0, 5000, 10000, 15000, 20000]
num codes: 241
num codes with support 0: 0
chunks ... [0, 5000, 10000, 15000, 20000]
database_size: 1232698.0047147884
codetable_size: 6341.084965289489
complete: 1239039.089680078
Partition ratio: 0.9023427185111838
current singletons: {3, 4, 5, 6, 7, 8, 9, 10, 13, 14, 15, 18, 19, 20, 23, 24, 25, 26, 27, 28, 29, 30, 31, 32, 33, 34, 35, 37, 38, 39, 40, 41, 42, 43, 44, 45, 46, 47, 48, 50, 51, 52, 53, 55, 56, 57, 58, 60, 62, 63, 64, 65, 66, 67, 68, 69, 70, 72, 73, 74, 75, 76, 77, 78, 79, 80, 81, 82, 83, 84, 85, 86, 87, 88, 89, 90, 91, 92, 93, 94, 95, 96, 97, 98, 99, 100, 101, 102, 103, 104, 105, 106}
Added 10 singletons
added:  {1, 2, 11, 12, 16, 49, 17, 54, 22, 59}
chunks ... [0, 5000, 10000, 15000, 20000]
num codes: 441
num codes with support 0: 0
chunks ... [0, 5000, 10000, 15000, 20000]
database_size: 800071.5563696246
codetable_size: 11058.295369798478
complete: 811129.851739423
Partition ratio: 0.59071349853305
current singletons: {1, 2, 3, 4, 5, 6, 7, 8, 9, 10, 11, 12, 13, 14, 15, 16, 17, 18, 19, 20, 22, 23, 24, 25, 26, 27, 28, 29, 30, 32, 33, 34, 35, 37, 38, 39, 40, 41, 42, 43, 44, 45, 47, 48, 50, 52, 53, 54, 55, 56, 57, 58, 59, 60, 62, 63, 64, 65, 68, 69, 70, 72, 73, 74, 75, 76, 77, 78, 79, 80, 83, 84, 86, 89, 90, 91, 94, 96, 99, 100, 101, 102, 103, 105, 106}
Added 17 singletons
added:  {97, 98, 67, 66, 104, 46, 81, 49, 51, 82, 85, 87, 88, 92, 93, 95, 31}
chunks ... [0, 5000, 10000, 15000, 20000]
num codes: 278
num codes with support 0: 0
chunks ... [0, 5000, 10000, 15000, 20000]
database_size: 1029197.4678486343
codetable_size: 6028.628873744849
complete: 1035226.0967223792
Partition ratio: 0.7539138499911144
current singletons: {1, 2, 3, 4, 5, 6, 7, 8, 9, 10, 11, 12, 13, 14, 15, 16, 17, 19, 20, 22, 23, 24, 25, 26, 27, 28, 29, 30, 31, 32, 37, 38, 39, 40, 44, 45, 46, 47, 48, 49, 50, 51, 52, 56, 57, 58, 59, 60, 62, 63, 65, 68, 69, 70, 72, 73, 74, 75, 78, 79, 80, 92}
Added 40 singletons
added:  {18, 33, 34, 35, 41, 42, 43, 53, 54, 55, 64, 66, 67, 76, 77, 81, 82, 83, 84, 85, 86, 87, 88, 89, 90, 91, 93, 94, 95, 96, 97, 98, 99, 100, 101, 102, 103, 104, 105, 106}
chunks ... [0, 5000, 10000, 15000, 20000]
num codes: 173
num codes with support 0: 0
chunks ... [0, 5000, 10000, 15000, 20000]
database_size: 1215152.295086924
codetable_size: 3189.9205008974664
complete: 1218342.2155878216
Partition ratio: 0.887270011129601
current singletons: {3, 4, 5, 6, 7, 8, 9, 10, 13, 14, 15, 17, 18, 19, 20, 23, 24, 25, 27, 28, 29, 30, 31, 32, 33, 34, 35, 37, 38, 39, 40, 41, 42, 43, 44, 45, 46, 47, 48, 49, 50, 51, 52, 53, 54, 55, 56, 57, 58, 59, 60, 62, 63, 64, 65, 66, 67, 68, 69, 70, 72, 73, 74, 75, 76, 77, 78, 79, 80, 81, 82, 83, 84, 85, 86, 87, 88, 89, 90, 91, 92, 93, 94, 95, 96, 97, 98, 99, 100, 101, 102, 103, 104, 105, 106}
Added 7 singletons
added:  {1, 2, 11, 12, 16, 22, 26}
chunks ... [0, 5000, 10000, 15000, 20000]
num codes: 440
num codes with support 0: 0
chunks ... [0, 5000, 10000, 15000, 20000]
database_size: 822954.8837830961
codetable_size: 10127.012842277562
complete: 833081.8966253736
Partition ratio: 0.6067002967093551
current singletons: {2, 3, 4, 6, 7, 8, 11, 12, 13, 14, 15, 16, 17, 18, 19, 20, 22, 23, 24, 26, 27, 28, 29, 30, 31, 32, 33, 34, 35, 37, 38, 39, 40, 41, 42, 43, 44, 45, 46, 47, 48, 49, 50, 51, 52, 53, 54, 55, 56, 57, 58, 59, 60, 62, 63, 64, 65, 68, 69, 70, 72, 73, 74, 75, 77, 78, 79, 80, 81, 82, 83, 84, 85, 86, 87, 88, 89, 90, 91, 92, 93, 94, 95, 96, 97, 98, 99, 100, 101, 102, 103, 104, 105, 106}
Added 8 singletons
added:  {1, 66, 67, 5, 9, 10, 76, 25}
chunks ... [0, 5000, 10000, 15000, 20000]
num codes: 328
num codes with support 0: 0
chunks ... [0, 5000, 10000, 15000, 20000]
database_size: 962570.845635673
codetable_size: 7796.658155660211
complete: 970367.5037913333
Partition ratio: 0.706679925289577
current singletons: {1, 2, 3, 4, 5, 6, 7, 8, 9, 10, 11, 12, 13, 14, 15, 16, 17, 18, 19, 20, 22, 23, 24, 25, 26, 27, 28, 29, 30, 31, 32, 33, 34, 35, 37, 38, 39, 40, 41, 42, 43, 44, 45, 46, 47, 48, 49, 50, 51, 52, 53, 54, 55, 56, 57, 58, 59, 60, 62, 63, 64, 65, 67, 68, 69, 70, 72, 73, 74, 75, 76, 77, 78, 79, 80, 81, 82, 83, 84, 85, 87, 88, 89, 90, 91, 92, 93, 94, 95, 96, 97, 98, 99, 100, 101, 102, 103, 104, 105, 106}
Added 2 singletons
added:  {66, 86}
chunks ... [0, 5000, 10000, 15000, 20000]
num codes: 490
num codes with support 0: 0
chunks ... [0, 5000, 10000, 15000, 20000]
database_size: 798509.1360204297
codetable_size: 13195.9155074663
complete: 811705.051527896
Partition ratio: 0.5911323935825611
current singletons: {3, 4, 5, 6, 7, 8, 9, 10, 13, 14, 15, 18, 19, 20, 23, 24, 25, 26, 27, 28, 29, 30, 31, 32, 33, 34, 35, 37, 38, 39, 40, 41, 42, 43, 44, 45, 46, 47, 48, 49, 50, 51, 52, 53, 54, 55, 56, 57, 58, 59, 60, 62, 63, 64, 65, 66, 67, 68, 69, 70, 72, 73, 74, 75, 76, 77, 78, 79, 80, 81, 82, 83, 84, 85, 86, 87, 88, 89, 90, 91, 92, 93, 94, 95, 96, 97, 98, 99, 100, 101, 102, 103, 104, 105, 106}
Added 7 singletons
added:  {1, 2, 11, 12, 16, 17, 22}
chunks ... [0, 5000, 10000, 15000, 20000]
num codes: 418
num codes with support 0: 0
chunks ... [0, 5000, 10000, 15000, 20000]
database_size: 778605.223728612
codetable_size: 9839.071474877113
complete: 788444.295203489
Partition ratio: 0.57419251309678
current singletons: {2, 3, 4, 5, 6, 7, 8, 9, 10, 12, 13, 14, 15, 17, 18, 19, 20, 23, 24, 25, 26, 27, 28, 29, 30, 31, 32, 33, 34, 35, 37, 38, 39, 40, 41, 42, 43, 44, 45, 46, 47, 48, 49, 50, 51, 52, 53, 54, 55, 56, 57, 58, 59, 60, 62, 63, 64, 65, 66, 67, 68, 69, 70, 72, 73, 74, 75, 76, 77, 78, 79, 80, 82, 83, 84, 85, 86, 87, 88, 89, 90, 91, 93, 94, 95, 96, 97, 98, 99, 100, 101, 102, 103, 104, 105, 106}
Added 6 singletons
added:  {1, 11, 16, 81, 22, 92}
chunks ... [0, 5000, 10000, 15000, 20000]
num codes: 343
num codes with support 0: 0
chunks ... [0, 5000, 10000, 15000, 20000]
database_size: 888108.915019316
codetable_size: 7011.366055197059
complete: 895120.2810745131
Partition ratio: 0.651880376129071
current singletons: {3, 4, 5, 6, 7, 8, 9, 10, 11, 12, 13, 14, 15, 18, 19, 20, 23, 24, 25, 26, 27, 28, 29, 30, 31, 32, 33, 34, 35, 37, 38, 39, 40, 41, 42, 43, 44, 45, 46, 47, 48, 49, 50, 51, 52, 53, 54, 55, 57, 58, 59, 60, 62, 63, 64, 65, 66, 67, 68, 69, 70, 72, 73, 74, 75, 78, 79, 80, 88, 89, 90, 91, 93, 94, 95, 98, 99, 100, 101, 102, 103, 104, 105}
Added 19 singletons
added:  {1, 2, 16, 17, 22, 56, 76, 77, 81, 82, 83, 84, 85, 86, 87, 92, 96, 97, 106}
chunks ... [0, 5000, 10000, 15000, 20000]
num codes: 265
num codes with support 0: 0
chunks ... [0, 5000, 10000, 15000, 20000]
database_size: 997749.0117940372
codetable_size: 6228.222501549619
complete: 1003977.2342955868
Partition ratio: 0.7311565506391994
current singletons: {2, 3, 4, 5, 6, 7, 8, 9, 10, 13, 14, 15, 18, 19, 20, 23, 24, 25, 26, 27, 28, 29, 30, 31, 32, 33, 34, 35, 37, 38, 39, 40, 41, 42, 43, 44, 45, 46, 47, 48, 49, 51, 52, 53, 54, 55, 56, 57, 58, 59, 60, 62, 63, 64, 65, 66, 67, 68, 69, 70, 72, 73, 74, 75, 76, 77, 78, 79, 80, 81, 82, 83, 84, 85, 86, 87, 88, 89, 90, 91, 92, 93, 94, 95, 96, 97, 98, 99, 100, 101, 102, 103, 104, 105, 106}
Added 7 singletons
added:  {1, 11, 12, 16, 17, 50, 22}
chunks ... [0, 5000, 10000, 15000, 20000]
num codes: 461
num codes with support 0: 0
chunks ... [0, 5000, 10000, 15000, 20000]
database_size: 848635.2672947082
codetable_size: 11369.388031064871
complete: 860004.655325773
Partition ratio: 0.6263070673737187
current singletons: {3, 4, 5, 6, 7, 8, 9, 10, 13, 14, 15, 17, 18, 19, 20, 24, 25, 26, 27, 28, 29, 30, 31, 32, 33, 34, 35, 37, 38, 39, 40, 41, 42, 43, 44, 45, 46, 47, 48, 49, 50, 51, 52, 53, 54, 55, 56, 57, 58, 59, 60, 62, 63, 64, 65, 66, 67, 68, 69, 70, 72, 73, 74, 75, 76, 77, 78, 79, 80, 81, 82, 84, 85, 86, 87, 88, 89, 90, 91, 92, 93, 94, 95, 97, 98, 99, 100, 101, 104, 106}
Added 12 singletons
added:  {96, 1, 2, 102, 103, 105, 11, 12, 16, 83, 22, 23}
chunks ... [0, 5000, 10000, 15000, 20000]
num codes: 322
num codes with support 0: 0
chunks ... [0, 5000, 10000, 15000, 20000]
database_size: 865905.1279299505
codetable_size: 6938.7537981811465
complete: 872843.8817281317
Partition ratio: 0.6356573635443392
current singletons: {2, 3, 4, 5, 6, 7, 8, 9, 10, 11, 12, 13, 14, 15, 17, 18, 19, 20, 22, 23, 24, 25, 26, 27, 28, 29, 30, 31, 32, 33, 34, 35, 37, 38, 39, 40, 41, 42, 43, 44, 45, 46, 47, 48, 49, 50, 51, 52, 53, 54, 55, 56, 57, 58, 59, 60, 62, 63, 64, 65, 67, 68, 69, 70, 72, 73, 74, 75, 78, 79, 80, 85, 86, 88, 89, 90, 91, 92, 93, 94, 96, 99, 100, 101, 102, 104, 105, 106}
Added 14 singletons
added:  {97, 98, 1, 66, 103, 76, 77, 16, 81, 82, 83, 84, 87, 95}
chunks ... [0, 5000, 10000, 15000, 20000]
num codes: 272
num codes with support 0: 0
chunks ... [0, 5000, 10000, 15000, 20000]
database_size: 930917.450832497
codetable_size: 5485.030292016894
complete: 936402.4811245139
Partition ratio: 0.681944554837798
merged table size: 418
chunks ... [0, 5000, 10000, 15000, 20000]
chunks ... [0, 5000, 10000, 15000, 20000]
merged table size without non-used codes: 407
database_size: 778605.223728612
codetable_size: 9839.071474877113
complete: 788444.295203489
database_size: 1372600.4814621517
codetable_size: 535.3174551653476
complete: 1373135.798917317
merged size: 788444.295203489
sct size: 1373135.798917317
merged ratio: 0.57419251309678
time elapsed: 24.04979968070984
-- MERGING METHOD informed
processing tkmeans_batch_results/k16/batch-5/letrecog_tkmeans__0_k16...
chunks ... [0, 109, 218, 327, 436]
num codes: 183
num codes with support 0: 0
chunks ... [0, 109, 218, 327, 436]
num codes with usage 0: 57
database_size: 7069.6447309956875
codetable_size: 2806.767016766195
complete: 9876.411747761882
database_size: 27183.218973593535
codetable_size: 425.08123439781
complete: 27608.300207991346
Partition 0 ratio: 0.357733423403702
processing tkmeans_batch_results/k16/batch-5/letrecog_tkmeans__1_k16...
chunks ... [0, 113, 226, 339, 453]
num codes: 205
num codes with support 0: 0
chunks ... [0, 113, 226, 339, 453]
num codes with usage 0: 43
database_size: 8369.525532671265
codetable_size: 3297.933230527758
complete: 11667.458763199023
database_size: 28228.623144575446
codetable_size: 416.31286823444066
complete: 28644.936012809885
Partition 1 ratio: 0.40731313758150445
processing tkmeans_batch_results/k16/batch-5/letrecog_tkmeans__2_k16...
chunks ... [0, 124, 248, 372, 499]
num codes: 216
num codes with support 0: 0
chunks ... [0, 124, 248, 372, 499]
num codes with usage 0: 43
database_size: 9246.781034720876
codetable_size: 3662.3499825170566
complete: 12909.131017237933
database_size: 32231.85404826616
codetable_size: 418.57568797776474
complete: 32650.429736243925
Partition 2 ratio: 0.39537400032772085
processing tkmeans_batch_results/k16/batch-5/letrecog_tkmeans__3_k16...
chunks ... [0, 166, 332, 498, 664]
num codes: 229
num codes with support 0: 0
chunks ... [0, 166, 332, 498, 664]
num codes with usage 0: 59
database_size: 8571.747068717152
codetable_size: 4530.41871118271
complete: 13102.16577989986
database_size: 41344.40195065018
codetable_size: 500.4564667177255
complete: 41844.858417367905
Partition 3 ratio: 0.31311291937510166
processing tkmeans_batch_results/k16/batch-5/letrecog_tkmeans__4_k16...
chunks ... [0, 682, 1364, 2046, 2730]
num codes: 431
num codes with support 0: 0
chunks ... [0, 682, 1364, 2046, 2730]
num codes with usage 0: 46
database_size: 47925.0314688504
codetable_size: 10042.344162466748
complete: 57967.37563131715
database_size: 168183.5782279073
codetable_size: 521.0693642093322
complete: 168704.64759211664
Partition 4 ratio: 0.34360271906359674
processing tkmeans_batch_results/k16/batch-5/letrecog_tkmeans__5_k16...
chunks ... [0, 195, 390, 585, 781]
num codes: 261
num codes with support 0: 0
chunks ... [0, 195, 390, 585, 781]
num codes with usage 0: 53
database_size: 15185.91066953877
codetable_size: 4586.394383662532
complete: 19772.305053201304
database_size: 49774.19425829813
codetable_size: 492.16458100250367
complete: 50266.35883930063
Partition 5 ratio: 0.3933506525987392
processing tkmeans_batch_results/k16/batch-5/letrecog_tkmeans__6_k16...
chunks ... [0, 67, 134, 201, 269]
num codes: 133
num codes with support 0: 0
chunks ... [0, 67, 134, 201, 269]
num codes with usage 0: 35
database_size: 4224.561009625078
codetable_size: 1845.7615190240906
complete: 6070.322528649169
database_size: 16417.1087038228
codetable_size: 301.90621971184675
complete: 16719.014923534647
Partition 6 ratio: 0.36307895868339907
processing tkmeans_batch_results/k16/batch-5/letrecog_tkmeans__7_k16...
chunks ... [0, 526, 1052, 1578, 2104]
num codes: 433
num codes with support 0: 0
chunks ... [0, 526, 1052, 1578, 2104]
num codes with usage 0: 39
database_size: 40919.11638901413
codetable_size: 9112.981102503734
complete: 50032.09749151787
database_size: 131499.24021310624
codetable_size: 546.7573229018649
complete: 132045.9975360081
Partition 7 ratio: 0.37889900811173344
processing tkmeans_batch_results/k16/batch-5/letrecog_tkmeans__8_k16...
chunks ... [0, 283, 566, 849, 1132]
num codes: 320
num codes with support 0: 0
chunks ... [0, 283, 566, 849, 1132]
num codes with usage 0: 51
database_size: 21042.787457267248
codetable_size: 6435.883561441087
complete: 27478.671018708337
database_size: 73021.06387219718
codetable_size: 524.4825572494549
complete: 73545.54642944664
Partition 8 ratio: 0.37362794013732764
processing tkmeans_batch_results/k16/batch-5/letrecog_tkmeans__9_k16...
chunks ... [0, 660, 1320, 1980, 2642]
num codes: 488
num codes with support 0: 0
chunks ... [0, 660, 1320, 1980, 2642]
num codes with usage 0: 28
database_size: 47839.2323046587
codetable_size: 12151.977573040167
complete: 59991.209877698864
database_size: 168751.48817599931
codetable_size: 583.7219950223231
complete: 169335.21017102164
Partition 9 ratio: 0.35427487181850836
processing tkmeans_batch_results/k16/batch-5/letrecog_tkmeans__10_k16...
chunks ... [0, 453, 906, 1359, 1814]
num codes: 411
num codes with support 0: 0
chunks ... [0, 453, 906, 1359, 1814]
num codes with usage 0: 34
database_size: 35426.59044237135
codetable_size: 8941.707286511339
complete: 44368.29772888269
database_size: 115358.16587371418
codetable_size: 542.7641270383216
complete: 115900.9300007525
Partition 10 ratio: 0.38281226672292124
processing tkmeans_batch_results/k16/batch-5/letrecog_tkmeans__11_k16...
chunks ... [0, 242, 484, 726, 969]
num codes: 337
num codes with support 0: 0
chunks ... [0, 242, 484, 726, 969]
num codes with usage 0: 40
database_size: 24532.59266142308
codetable_size: 6110.386830577375
complete: 30642.979492000457
database_size: 63282.91808401103
codetable_size: 535.5627548192974
complete: 63818.48083883033
Partition 11 ratio: 0.48015839752418155
processing tkmeans_batch_results/k16/batch-5/letrecog_tkmeans__12_k16...
chunks ... [0, 246, 492, 738, 985]
num codes: 246
num codes with support 0: 0
chunks ... [0, 246, 492, 738, 985]
num codes with usage 0: 41
database_size: 14749.863261695913
codetable_size: 5036.231880724792
complete: 19786.095142420705
database_size: 60182.59201908771
codetable_size: 465.0136900949944
complete: 60647.6057091827
Partition 12 ratio: 0.32624692947152695
processing tkmeans_batch_results/k16/batch-5/letrecog_tkmeans__13_k16...
chunks ... [0, 728, 1456, 2184, 2913]
num codes: 454
num codes with support 0: 0
chunks ... [0, 728, 1456, 2184, 2913]
num codes with usage 0: 39
database_size: 55558.14556112622
codetable_size: 10412.231644325413
complete: 65970.37720545163
database_size: 181297.43571753925
codetable_size: 540.2312000209228
complete: 181837.6669175602
Partition 13 ratio: 0.3627981942562024
processing tkmeans_batch_results/k16/batch-5/letrecog_tkmeans__14_k16...
chunks ... [0, 236, 472, 708, 944]
num codes: 310
num codes with support 0: 0
chunks ... [0, 236, 472, 708, 944]
num codes with usage 0: 24
database_size: 21507.698770877843
codetable_size: 5944.023762884916
complete: 27451.72253376276
database_size: 60469.46778984704
codetable_size: 492.16638931309825
complete: 60961.63417916014
Partition 14 ratio: 0.4503114606981318
processing tkmeans_batch_results/k16/batch-5/letrecog_tkmeans__15_k16...
chunks ... [0, 166, 332, 498, 664]
num codes: 258
num codes with support 0: 0
chunks ... [0, 166, 332, 498, 664]
num codes with usage 0: 47
database_size: 12445.2170574711
codetable_size: 4452.839760757924
complete: 16898.056818229023
database_size: 42124.300740850216
codetable_size: 488.0729428086879
complete: 42612.3736836589
Partition 15 ratio: 0.3965528168807252
number of codetables: 16
size: 183
size: 205
size: 216
size: 229
size: 431
size: 261
size: 133
size: 433
size: 320
size: 488
size: 411
size: 337
size: 246
size: 454
size: 310
size: 258
database_size: 1372600.4814621517
codetable_size: 535.3174551653476
complete: 1373135.798917317
database_size: 1372600.4814621517
codetable_size: 535.3174551653476
complete: 1373135.798917317
current singletons: {2, 3, 4, 5, 6, 7, 8, 9, 10, 11, 12, 13, 14, 15, 16, 17, 18, 19, 20, 22, 23, 24, 25, 27, 28, 29, 30, 31, 32, 33, 34, 35, 37, 38, 39, 40, 41, 42, 43, 44, 45, 46, 47, 48, 49, 50, 52, 53, 54, 55, 57, 58, 59, 60, 62, 63, 64, 65, 67, 68, 70, 72, 73, 74, 75, 78, 79, 80, 81, 88, 91, 93, 94, 100, 102, 103, 105}
Added 25 singletons
added:  {1, 26, 51, 56, 66, 69, 76, 77, 82, 83, 84, 85, 86, 87, 89, 90, 92, 95, 96, 97, 98, 99, 101, 104, 106}
chunks ... [0, 5000, 10000, 15000, 20000]
num codes: 208
num codes with support 0: 0
chunks ... [0, 5000, 10000, 15000, 20000]
database_size: 1115442.4389633418
codetable_size: 4193.580521212187
complete: 1119636.019484554
Partition ratio: 0.8153862279079452
current singletons: {2, 3, 4, 5, 6, 7, 8, 9, 10, 12, 13, 14, 15, 16, 17, 18, 19, 20, 22, 23, 24, 25, 28, 29, 30, 31, 32, 33, 34, 37, 38, 39, 40, 41, 42, 43, 44, 45, 46, 47, 48, 49, 50, 51, 52, 53, 54, 55, 57, 58, 59, 60, 62, 63, 64, 65, 66, 67, 68, 69, 70, 72, 73, 74, 75, 76, 77, 78, 79, 80, 81, 82, 84, 88, 90, 92, 93}
Added 25 singletons
added:  {1, 11, 26, 27, 35, 56, 83, 85, 86, 87, 89, 91, 94, 95, 96, 97, 98, 99, 100, 101, 102, 103, 104, 105, 106}
chunks ... [0, 5000, 10000, 15000, 20000]
num codes: 230
num codes with support 0: 0
chunks ... [0, 5000, 10000, 15000, 20000]
database_size: 1042815.0712639351
codetable_size: 4661.060939177559
complete: 1047476.1322031126
Partition ratio: 0.7628350619283403
current singletons: {1, 2, 3, 4, 5, 6, 7, 8, 9, 10, 11, 12, 13, 14, 15, 16, 17, 18, 19, 20, 22, 23, 24, 26, 27, 28, 29, 30, 31, 32, 33, 34, 35, 37, 38, 39, 40, 41, 43, 44, 45, 46, 47, 48, 49, 50, 51, 52, 53, 54, 55, 56, 57, 58, 59, 60, 62, 63, 64, 65, 67, 68, 69, 70, 72, 73, 74, 75, 78, 79, 80, 81, 86, 90, 92, 93, 96, 99, 100, 101}
Added 22 singletons
added:  {25, 42, 66, 76, 77, 82, 83, 84, 85, 87, 88, 89, 91, 94, 95, 97, 98, 102, 103, 104, 105, 106}
chunks ... [0, 5000, 10000, 15000, 20000]
num codes: 238
num codes with support 0: 0
chunks ... [0, 5000, 10000, 15000, 20000]
database_size: 1174098.3638153987
codetable_size: 5147.464386232272
complete: 1179245.8282016309
Partition ratio: 0.8587976725473448
current singletons: {1, 2, 3, 6, 7, 8, 9, 10, 11, 12, 13, 16, 17, 18, 19, 20, 22, 23, 26, 27, 28, 29, 30, 31, 32, 33, 34, 35, 37, 38, 39, 40, 41, 42, 43, 44, 45, 46, 47, 48, 49, 50, 51, 52, 53, 54, 55, 56, 57, 58, 59, 60, 62, 63, 64, 65, 68, 69, 70, 72, 73, 74, 75, 80, 81, 82, 83, 84, 85, 86, 87, 88, 89, 90, 91, 92, 93, 94, 95, 96, 97, 98, 99, 100, 101, 102, 103, 104, 105, 106}
Added 12 singletons
added:  {66, 67, 4, 5, 76, 77, 14, 15, 78, 79, 24, 25}
chunks ... [0, 5000, 10000, 15000, 20000]
num codes: 241
num codes with support 0: 0
chunks ... [0, 5000, 10000, 15000, 20000]
database_size: 1232698.0047147884
codetable_size: 6341.084965289489
complete: 1239039.089680078
Partition ratio: 0.9023427185111838
current singletons: {3, 4, 5, 6, 7, 8, 9, 10, 13, 14, 15, 18, 19, 20, 23, 24, 25, 26, 27, 28, 29, 30, 31, 32, 33, 34, 35, 37, 38, 39, 40, 41, 42, 43, 44, 45, 46, 47, 48, 50, 51, 52, 53, 55, 56, 57, 58, 60, 62, 63, 64, 65, 66, 67, 68, 69, 70, 72, 73, 74, 75, 76, 77, 78, 79, 80, 81, 82, 83, 84, 85, 86, 87, 88, 89, 90, 91, 92, 93, 94, 95, 96, 97, 98, 99, 100, 101, 102, 103, 104, 105, 106}
Added 10 singletons
added:  {1, 2, 11, 12, 16, 49, 17, 54, 22, 59}
chunks ... [0, 5000, 10000, 15000, 20000]
num codes: 441
num codes with support 0: 0
chunks ... [0, 5000, 10000, 15000, 20000]
database_size: 800071.5563696246
codetable_size: 11058.295369798478
complete: 811129.851739423
Partition ratio: 0.59071349853305
current singletons: {1, 2, 3, 4, 5, 6, 7, 8, 9, 10, 11, 12, 13, 14, 15, 16, 17, 18, 19, 20, 22, 23, 24, 25, 26, 27, 28, 29, 30, 32, 33, 34, 35, 37, 38, 39, 40, 41, 42, 43, 44, 45, 47, 48, 50, 52, 53, 54, 55, 56, 57, 58, 59, 60, 62, 63, 64, 65, 68, 69, 70, 72, 73, 74, 75, 76, 77, 78, 79, 80, 83, 84, 86, 89, 90, 91, 94, 96, 99, 100, 101, 102, 103, 105, 106}
Added 17 singletons
added:  {97, 98, 67, 66, 104, 46, 81, 49, 51, 82, 85, 87, 88, 92, 93, 95, 31}
chunks ... [0, 5000, 10000, 15000, 20000]
num codes: 278
num codes with support 0: 0
chunks ... [0, 5000, 10000, 15000, 20000]
database_size: 1029197.4678486343
codetable_size: 6028.628873744849
complete: 1035226.0967223792
Partition ratio: 0.7539138499911144
current singletons: {1, 2, 3, 4, 5, 6, 7, 8, 9, 10, 11, 12, 13, 14, 15, 16, 17, 19, 20, 22, 23, 24, 25, 26, 27, 28, 29, 30, 31, 32, 37, 38, 39, 40, 44, 45, 46, 47, 48, 49, 50, 51, 52, 56, 57, 58, 59, 60, 62, 63, 65, 68, 69, 70, 72, 73, 74, 75, 78, 79, 80, 92}
Added 40 singletons
added:  {18, 33, 34, 35, 41, 42, 43, 53, 54, 55, 64, 66, 67, 76, 77, 81, 82, 83, 84, 85, 86, 87, 88, 89, 90, 91, 93, 94, 95, 96, 97, 98, 99, 100, 101, 102, 103, 104, 105, 106}
chunks ... [0, 5000, 10000, 15000, 20000]
num codes: 173
num codes with support 0: 0
chunks ... [0, 5000, 10000, 15000, 20000]
database_size: 1215152.295086924
codetable_size: 3189.9205008974664
complete: 1218342.2155878216
Partition ratio: 0.887270011129601
current singletons: {3, 4, 5, 6, 7, 8, 9, 10, 13, 14, 15, 17, 18, 19, 20, 23, 24, 25, 27, 28, 29, 30, 31, 32, 33, 34, 35, 37, 38, 39, 40, 41, 42, 43, 44, 45, 46, 47, 48, 49, 50, 51, 52, 53, 54, 55, 56, 57, 58, 59, 60, 62, 63, 64, 65, 66, 67, 68, 69, 70, 72, 73, 74, 75, 76, 77, 78, 79, 80, 81, 82, 83, 84, 85, 86, 87, 88, 89, 90, 91, 92, 93, 94, 95, 96, 97, 98, 99, 100, 101, 102, 103, 104, 105, 106}
Added 7 singletons
added:  {1, 2, 11, 12, 16, 22, 26}
chunks ... [0, 5000, 10000, 15000, 20000]
num codes: 440
num codes with support 0: 0
chunks ... [0, 5000, 10000, 15000, 20000]
database_size: 822954.8837830961
codetable_size: 10127.012842277562
complete: 833081.8966253736
Partition ratio: 0.6067002967093551
current singletons: {2, 3, 4, 6, 7, 8, 11, 12, 13, 14, 15, 16, 17, 18, 19, 20, 22, 23, 24, 26, 27, 28, 29, 30, 31, 32, 33, 34, 35, 37, 38, 39, 40, 41, 42, 43, 44, 45, 46, 47, 48, 49, 50, 51, 52, 53, 54, 55, 56, 57, 58, 59, 60, 62, 63, 64, 65, 68, 69, 70, 72, 73, 74, 75, 77, 78, 79, 80, 81, 82, 83, 84, 85, 86, 87, 88, 89, 90, 91, 92, 93, 94, 95, 96, 97, 98, 99, 100, 101, 102, 103, 104, 105, 106}
Added 8 singletons
added:  {1, 66, 67, 5, 9, 10, 76, 25}
chunks ... [0, 5000, 10000, 15000, 20000]
num codes: 328
num codes with support 0: 0
chunks ... [0, 5000, 10000, 15000, 20000]
database_size: 962570.845635673
codetable_size: 7796.658155660211
complete: 970367.5037913333
Partition ratio: 0.706679925289577
current singletons: {1, 2, 3, 4, 5, 6, 7, 8, 9, 10, 11, 12, 13, 14, 15, 16, 17, 18, 19, 20, 22, 23, 24, 25, 26, 27, 28, 29, 30, 31, 32, 33, 34, 35, 37, 38, 39, 40, 41, 42, 43, 44, 45, 46, 47, 48, 49, 50, 51, 52, 53, 54, 55, 56, 57, 58, 59, 60, 62, 63, 64, 65, 67, 68, 69, 70, 72, 73, 74, 75, 76, 77, 78, 79, 80, 81, 82, 83, 84, 85, 87, 88, 89, 90, 91, 92, 93, 94, 95, 96, 97, 98, 99, 100, 101, 102, 103, 104, 105, 106}
Added 2 singletons
added:  {66, 86}
chunks ... [0, 5000, 10000, 15000, 20000]
num codes: 490
num codes with support 0: 0
chunks ... [0, 5000, 10000, 15000, 20000]
database_size: 798509.1360204297
codetable_size: 13195.9155074663
complete: 811705.051527896
Partition ratio: 0.5911323935825611
current singletons: {3, 4, 5, 6, 7, 8, 9, 10, 13, 14, 15, 18, 19, 20, 23, 24, 25, 26, 27, 28, 29, 30, 31, 32, 33, 34, 35, 37, 38, 39, 40, 41, 42, 43, 44, 45, 46, 47, 48, 49, 50, 51, 52, 53, 54, 55, 56, 57, 58, 59, 60, 62, 63, 64, 65, 66, 67, 68, 69, 70, 72, 73, 74, 75, 76, 77, 78, 79, 80, 81, 82, 83, 84, 85, 86, 87, 88, 89, 90, 91, 92, 93, 94, 95, 96, 97, 98, 99, 100, 101, 102, 103, 104, 105, 106}
Added 7 singletons
added:  {1, 2, 11, 12, 16, 17, 22}
chunks ... [0, 5000, 10000, 15000, 20000]
num codes: 418
num codes with support 0: 0
chunks ... [0, 5000, 10000, 15000, 20000]
database_size: 778605.223728612
codetable_size: 9839.071474877113
complete: 788444.295203489
Partition ratio: 0.57419251309678
current singletons: {2, 3, 4, 5, 6, 7, 8, 9, 10, 12, 13, 14, 15, 17, 18, 19, 20, 23, 24, 25, 26, 27, 28, 29, 30, 31, 32, 33, 34, 35, 37, 38, 39, 40, 41, 42, 43, 44, 45, 46, 47, 48, 49, 50, 51, 52, 53, 54, 55, 56, 57, 58, 59, 60, 62, 63, 64, 65, 66, 67, 68, 69, 70, 72, 73, 74, 75, 76, 77, 78, 79, 80, 82, 83, 84, 85, 86, 87, 88, 89, 90, 91, 93, 94, 95, 96, 97, 98, 99, 100, 101, 102, 103, 104, 105, 106}
Added 6 singletons
added:  {1, 11, 16, 81, 22, 92}
chunks ... [0, 5000, 10000, 15000, 20000]
num codes: 343
num codes with support 0: 0
chunks ... [0, 5000, 10000, 15000, 20000]
database_size: 888108.915019316
codetable_size: 7011.366055197059
complete: 895120.2810745131
Partition ratio: 0.651880376129071
current singletons: {3, 4, 5, 6, 7, 8, 9, 10, 11, 12, 13, 14, 15, 18, 19, 20, 23, 24, 25, 26, 27, 28, 29, 30, 31, 32, 33, 34, 35, 37, 38, 39, 40, 41, 42, 43, 44, 45, 46, 47, 48, 49, 50, 51, 52, 53, 54, 55, 57, 58, 59, 60, 62, 63, 64, 65, 66, 67, 68, 69, 70, 72, 73, 74, 75, 78, 79, 80, 88, 89, 90, 91, 93, 94, 95, 98, 99, 100, 101, 102, 103, 104, 105}
Added 19 singletons
added:  {1, 2, 16, 17, 22, 56, 76, 77, 81, 82, 83, 84, 85, 86, 87, 92, 96, 97, 106}
chunks ... [0, 5000, 10000, 15000, 20000]
num codes: 265
num codes with support 0: 0
chunks ... [0, 5000, 10000, 15000, 20000]
database_size: 997749.0117940372
codetable_size: 6228.222501549619
complete: 1003977.2342955868
Partition ratio: 0.7311565506391994
current singletons: {2, 3, 4, 5, 6, 7, 8, 9, 10, 13, 14, 15, 18, 19, 20, 23, 24, 25, 26, 27, 28, 29, 30, 31, 32, 33, 34, 35, 37, 38, 39, 40, 41, 42, 43, 44, 45, 46, 47, 48, 49, 51, 52, 53, 54, 55, 56, 57, 58, 59, 60, 62, 63, 64, 65, 66, 67, 68, 69, 70, 72, 73, 74, 75, 76, 77, 78, 79, 80, 81, 82, 83, 84, 85, 86, 87, 88, 89, 90, 91, 92, 93, 94, 95, 96, 97, 98, 99, 100, 101, 102, 103, 104, 105, 106}
Added 7 singletons
added:  {1, 11, 12, 16, 17, 50, 22}
chunks ... [0, 5000, 10000, 15000, 20000]
num codes: 461
num codes with support 0: 0
chunks ... [0, 5000, 10000, 15000, 20000]
database_size: 848635.2672947082
codetable_size: 11369.388031064871
complete: 860004.655325773
Partition ratio: 0.6263070673737187
current singletons: {3, 4, 5, 6, 7, 8, 9, 10, 13, 14, 15, 17, 18, 19, 20, 24, 25, 26, 27, 28, 29, 30, 31, 32, 33, 34, 35, 37, 38, 39, 40, 41, 42, 43, 44, 45, 46, 47, 48, 49, 50, 51, 52, 53, 54, 55, 56, 57, 58, 59, 60, 62, 63, 64, 65, 66, 67, 68, 69, 70, 72, 73, 74, 75, 76, 77, 78, 79, 80, 81, 82, 84, 85, 86, 87, 88, 89, 90, 91, 92, 93, 94, 95, 97, 98, 99, 100, 101, 104, 106}
Added 12 singletons
added:  {96, 1, 2, 102, 103, 105, 11, 12, 16, 83, 22, 23}
chunks ... [0, 5000, 10000, 15000, 20000]
num codes: 322
num codes with support 0: 0
chunks ... [0, 5000, 10000, 15000, 20000]
database_size: 865905.1279299505
codetable_size: 6938.7537981811465
complete: 872843.8817281317
Partition ratio: 0.6356573635443392
current singletons: {2, 3, 4, 5, 6, 7, 8, 9, 10, 11, 12, 13, 14, 15, 17, 18, 19, 20, 22, 23, 24, 25, 26, 27, 28, 29, 30, 31, 32, 33, 34, 35, 37, 38, 39, 40, 41, 42, 43, 44, 45, 46, 47, 48, 49, 50, 51, 52, 53, 54, 55, 56, 57, 58, 59, 60, 62, 63, 64, 65, 67, 68, 69, 70, 72, 73, 74, 75, 78, 79, 80, 85, 86, 88, 89, 90, 91, 92, 93, 94, 96, 99, 100, 101, 102, 104, 105, 106}
Added 14 singletons
added:  {97, 98, 1, 66, 103, 76, 77, 16, 81, 82, 83, 84, 87, 95}
chunks ... [0, 5000, 10000, 15000, 20000]
num codes: 272
num codes with support 0: 0
chunks ... [0, 5000, 10000, 15000, 20000]
database_size: 930917.450832497
codetable_size: 5485.030292016894
complete: 936402.4811245139
Partition ratio: 0.681944554837798
initial ratio: 0.57419251309678
merged: {10}
merged: {10}
to_process: {0, 1, 2, 3, 4, 5, 6, 7, 8, 9, 11, 12, 13, 14, 15}
[(0, 0.13164329316450202), (1, 0.10956175850123645), (2, 0.1122951923009368), (3, 0.15109064142679782), (4, 0.30650108167263723), (5, 0.23808989303265787), (6, 0.07786847766164742), (7, 0.3192610690389849), (8, 0.21505729424196443), (9, 0.20717507934037346), (11, 0.28272711122031774), (12, 0.2610469101486464), (13, 0.2720153120052243), (14, 0.2303941619588104), (15, 0.1688401492164897)]
next_candidate: 6
chunks ... [0, 5000, 10000, 15000, 20000]
chunks ... [0, 5000, 10000, 15000, 20000]
database_size: 761245.8205245028
codetable_size: 12088.363043956111
complete: 773334.1835684589
current_ratio: 0.57419251309678 --- candidate_ratio:0.5631884218430642
!!!!! ********* merge accepted ... 
merged: {10, 6}
to_process: {0, 1, 2, 3, 4, 5, 7, 8, 9, 11, 12, 13, 14, 15}
[(0, 0.1362199214312186), (1, 0.12054470088706186), (2, 0.13789900492795074), (3, 0.15426324953760565), (4, 0.31370013825280135), (5, 0.2324503551028658), (7, 0.322954409642905), (8, 0.20632100409539442), (9, 0.22283365620777437), (11, 0.2608506643253958), (12, 0.2532821269852445), (13, 0.28486838691951477), (14, 0.22299317512551645), (15, 0.16860105614372886)]
next_candidate: 1
chunks ... [0, 5000, 10000, 15000, 20000]
chunks ... [0, 5000, 10000, 15000, 20000]
database_size: 724569.792862272
codetable_size: 15556.37160137788
complete: 740126.1644636499
current_ratio: 0.5631884218430642 --- candidate_ratio:0.5390043468732085
!!!!! ********* merge accepted ... 
merged: {1, 10, 6}
to_process: {0, 2, 3, 4, 5, 7, 8, 9, 11, 12, 13, 14, 15}
[(0, 0.13235863679300777), (2, 0.14357006673735725), (3, 0.15314234582339806), (4, 0.32002194994151645), (5, 0.21234403320885264), (7, 0.31321050052329064), (8, 0.20116188070883384), (9, 0.24305626391685414), (11, 0.23993879574149649), (12, 0.23550947515067025), (13, 0.3015890153456685), (14, 0.21497236405146952), (15, 0.15553391510771097)]
next_candidate: 0
chunks ... [0, 5000, 10000, 15000, 20000]
chunks ... [0, 5000, 10000, 15000, 20000]
database_size: 713910.9172809068
codetable_size: 18353.229859420724
complete: 732264.1471403275
current_ratio: 0.5390043468732085 --- candidate_ratio:0.533278753432617
!!!!! ********* merge accepted ... 
merged: {0, 1, 10, 6}
to_process: {2, 3, 4, 5, 7, 8, 9, 11, 12, 13, 14, 15}
[(2, 0.13414980004991542), (3, 0.14986842163017774), (4, 0.32366519053473236), (5, 0.1898430425723696), (7, 0.2871292123332535), (8, 0.19726091088744313), (9, 0.2655710729069301), (11, 0.2094214078360496), (12, 0.21883997274071493), (13, 0.31516738277809314), (14, 0.18923507321733232), (15, 0.13775746802378358)]
next_candidate: 2
chunks ... [0, 5000, 10000, 15000, 20000]
chunks ... [0, 5000, 10000, 15000, 20000]
database_size: 705356.113484294
codetable_size: 22072.21752766622
complete: 727428.3310119603
current_ratio: 0.533278753432617 --- candidate_ratio:0.5297570215455158
!!!!! ********* merge accepted ... 
merged: {0, 1, 2, 6, 10}
to_process: {3, 4, 5, 7, 8, 9, 11, 12, 13, 14, 15}
[(3, 0.13674681359260468), (4, 0.31593363212313175), (5, 0.16364926848877706), (7, 0.2656223657797087), (8, 0.1931982025494279), (9, 0.27088867558971846), (11, 0.18063118487836144), (12, 0.1934631786523206), (13, 0.3061810097795737), (14, 0.1691955038548271), (15, 0.12238592859855178)]
next_candidate: 15
chunks ... [0, 5000, 10000, 15000, 20000]
chunks ... [0, 5000, 10000, 15000, 20000]
database_size: 712707.1234520883
codetable_size: 26354.56468964863
complete: 739061.6881417369
current_ratio: 0.5297570215455158 --- candidate_ratio:0.5382291312515983
!!!!! ********* merge rejected ... 
merged: {0, 1, 2, 6, 10}
to_process: {3, 4, 5, 7, 8, 9, 11, 12, 13, 14}
[(3, 0.13674681359260468), (4, 0.31593363212313175), (5, 0.16364926848877706), (7, 0.2656223657797087), (8, 0.1931982025494279), (9, 0.27088867558971846), (11, 0.18063118487836144), (12, 0.1934631786523206), (13, 0.3061810097795737), (14, 0.1691955038548271)]
next_candidate: 3
chunks ... [0, 5000, 10000, 15000, 20000]
chunks ... [0, 5000, 10000, 15000, 20000]
database_size: 694080.1818695773
codetable_size: 27316.63359521061
complete: 721396.8154647879
current_ratio: 0.5297570215455158 --- candidate_ratio:0.5253645094924996
!!!!! ********* merge accepted ... 
merged: {0, 1, 2, 3, 6, 10}
to_process: {4, 5, 7, 8, 9, 11, 12, 13, 14}
[(4, 0.29739238032427173), (5, 0.13800569066455884), (7, 0.2444809830679479), (8, 0.18084797089388072), (9, 0.26877457408437005), (11, 0.152487667727742), (12, 0.17165183862518776), (13, 0.30249467018661347), (14, 0.1431895583718066)]
next_candidate: 5
chunks ... [0, 5000, 10000, 15000, 20000]
chunks ... [0, 5000, 10000, 15000, 20000]
database_size: 690684.0014841976
codetable_size: 32047.223319510354
complete: 722731.2248037079
current_ratio: 0.5253645094924996 --- candidate_ratio:0.5263363065572708
!!!!! ********* merge rejected ... 
merged: {0, 1, 2, 3, 6, 10}
to_process: {4, 7, 8, 9, 11, 12, 13, 14}
[(4, 0.29739238032427173), (7, 0.2444809830679479), (8, 0.18084797089388072), (9, 0.26877457408437005), (11, 0.152487667727742), (12, 0.17165183862518776), (13, 0.30249467018661347), (14, 0.1431895583718066)]
next_candidate: 14
chunks ... [0, 5000, 10000, 15000, 20000]
chunks ... [0, 5000, 10000, 15000, 20000]
database_size: 692875.8391482346
codetable_size: 33090.803271893084
complete: 725966.6424201276
current_ratio: 0.5253645094924996 --- candidate_ratio:0.52869253208061
!!!!! ********* merge rejected ... 
merged: {0, 1, 2, 3, 6, 10}
to_process: {4, 7, 8, 9, 11, 12, 13}
[(4, 0.29739238032427173), (7, 0.2444809830679479), (8, 0.18084797089388072), (9, 0.26877457408437005), (11, 0.152487667727742), (12, 0.17165183862518776), (13, 0.30249467018661347)]
next_candidate: 11
chunks ... [0, 5000, 10000, 15000, 20000]
chunks ... [0, 5000, 10000, 15000, 20000]
database_size: 694703.8650225907
codetable_size: 32726.545557756097
complete: 727430.4105803468
current_ratio: 0.5253645094924996 --- candidate_ratio:0.5297585360121755
!!!!! ********* merge rejected ... 
merged: {0, 1, 2, 3, 6, 10}
to_process: {4, 7, 8, 9, 12, 13}
[(4, 0.29739238032427173), (7, 0.2444809830679479), (8, 0.18084797089388072), (9, 0.26877457408437005), (12, 0.17165183862518776), (13, 0.30249467018661347)]
next_candidate: 12
chunks ... [0, 5000, 10000, 15000, 20000]
chunks ... [0, 5000, 10000, 15000, 20000]
database_size: 688399.5146294741
codetable_size: 32159.18113080114
complete: 720558.6957602752
current_ratio: 0.5253645094924996 --- candidate_ratio:0.5247541403613667
!!!!! ********* merge accepted ... 
merged: {0, 1, 2, 3, 6, 10, 12}
to_process: {4, 7, 8, 9, 13}
[(4, 0.2812980542068038), (7, 0.21677063651657863), (8, 0.14786786781655661), (9, 0.24743953725655893), (13, 0.3037818800546986)]
next_candidate: 8
chunks ... [0, 5000, 10000, 15000, 20000]
chunks ... [0, 5000, 10000, 15000, 20000]
database_size: 656954.0865058854
codetable_size: 38346.080807655424
complete: 695300.1673135408
current_ratio: 0.5247541403613667 --- candidate_ratio:0.5063593621707099
!!!!! ********* merge accepted ... 
merged: {0, 1, 2, 3, 6, 8, 10, 12}
to_process: {4, 7, 9, 13}
[(4, 0.2465267801652647), (7, 0.18807446235035064), (9, 0.22854126719545884), (13, 0.2691685835472724)]
next_candidate: 7
chunks ... [0, 5000, 10000, 15000, 20000]
chunks ... [0, 5000, 10000, 15000, 20000]
database_size: 627216.5519084852
codetable_size: 47250.37393404913
complete: 674466.9258425344
current_ratio: 0.5063593621707099 --- candidate_ratio:0.49118734386965557
!!!!! ********* merge accepted ... 
merged: {0, 1, 2, 3, 6, 7, 8, 10, 12}
to_process: {4, 9, 13}
[(4, 0.19246903335672375), (9, 0.1791553734288001), (13, 0.2173758598907237)]
next_candidate: 9
chunks ... [0, 5000, 10000, 15000, 20000]
chunks ... [0, 5000, 10000, 15000, 20000]
database_size: 600219.3274493655
codetable_size: 58358.5950704754
complete: 658577.9225198409
current_ratio: 0.49118734386965557 --- candidate_ratio:0.47961601688566635
!!!!! ********* merge accepted ... 
merged: {0, 1, 2, 3, 6, 7, 8, 9, 10, 12}
to_process: {4, 13}
[(4, 0.14663101027416134), (13, 0.1658876602345556)]
next_candidate: 4
chunks ... [0, 5000, 10000, 15000, 20000]
chunks ... [0, 5000, 10000, 15000, 20000]
database_size: 584915.2230061373
codetable_size: 67779.98364633265
complete: 652695.2066524699
current_ratio: 0.47961601688566635 --- candidate_ratio:0.4753318697007999
!!!!! ********* merge accepted ... 
merged: {0, 1, 2, 3, 4, 6, 7, 8, 9, 10, 12}
to_process: {13}
[(13, 0.13289863689245646)]
next_candidate: 13
chunks ... [0, 5000, 10000, 15000, 20000]
chunks ... [0, 5000, 10000, 15000, 20000]
database_size: 564281.1019995703
codetable_size: 75784.13070133948
complete: 640065.2327009097
current_ratio: 0.4753318697007999 --- candidate_ratio:0.46613396373875404
!!!!! ********* merge accepted ... 
merged table size: 2629
chunks ... [0, 5000, 10000, 15000, 20000]
chunks ... [0, 5000, 10000, 15000, 20000]
merged table size without non-used codes: 2481
database_size: 564281.1019995703
codetable_size: 75784.13070133948
complete: 640065.2327009097
database_size: 1372600.4814621517
codetable_size: 535.3174551653476
complete: 1373135.798917317
merged size: 640065.2327009097
sct size: 1373135.798917317
merged ratio: 0.46613396373875404
time elapsed: 108.74490737915039
