
-- MERGING METHOD naive
processing tkmeans_batch_results/k4/batch-1/adult_tkmeans__0_k4...
chunks ... [0, 1926, 3852, 5778, 7704]
num codes: 370
num codes with support 0: 0
chunks ... [0, 1926, 3852, 5778, 7704]
num codes with usage 0: 22
database_size: 73298.01973960747
codetable_size: 8933.366861325654
complete: 82231.38660093313
database_size: 374978.9287582778
codetable_size: 589.5703626513496
complete: 375568.49912092916
Partition 0 ratio: 0.2189517672366219
processing tkmeans_batch_results/k4/batch-1/adult_tkmeans__1_k4...
chunks ... [0, 2978, 5956, 8934, 11915]
num codes: 441
num codes with support 0: 0
chunks ... [0, 2978, 5956, 8934, 11915]
num codes with usage 0: 42
database_size: 96432.76336367887
codetable_size: 13854.947236855443
complete: 110287.71060053431
database_size: 566590.4018474725
codetable_size: 654.2177013459894
complete: 567244.6195488186
Partition 1 ratio: 0.19442707220080147
processing tkmeans_batch_results/k4/batch-1/adult_tkmeans__2_k4...
chunks ... [0, 6016, 12032, 18048, 24066]
num codes: 602
num codes with support 0: 0
chunks ... [0, 6016, 12032, 18048, 24066]
num codes with usage 0: 39
database_size: 229980.26782912976
codetable_size: 20298.817148547278
complete: 250279.08497767703
database_size: 1166393.27844075
codetable_size: 672.4197021940017
complete: 1167065.698142944
Partition 2 ratio: 0.21445158175407406
processing tkmeans_batch_results/k4/batch-1/adult_tkmeans__3_k4...
chunks ... [0, 1289, 2578, 3867, 5156]
num codes: 292
num codes with support 0: 0
chunks ... [0, 1289, 2578, 3867, 5156]
num codes with usage 0: 27
database_size: 47887.63732713378
codetable_size: 7844.58013250186
complete: 55732.21745963564
database_size: 246211.7866512763
codetable_size: 549.2120926612057
complete: 246760.99874393753
Partition 3 ratio: 0.2258550489879831
number of codetables: 4
size: 370
size: 441
size: 602
size: 292
merged table size: 1386
chunks ... [0, 12210, 24420, 36630, 48842]
chunks ... [0, 12210, 24420, 36630, 48842]
merged table size without non-used codes: 1336
database_size: 546287.8064736685
codetable_size: 49645.61859202131
complete: 595933.4250656898
database_size: 2474343.928416041
codetable_size: 677.7028634765386
complete: 2475021.631279518
merged size: 595933.4250656898
sct size: 2475021.631279518
merged ratio: 0.24077907745703567
time elapsed: 15.964554071426392
-- MERGING METHOD naive_plus
processing tkmeans_batch_results/k4/batch-1/adult_tkmeans__0_k4...
chunks ... [0, 1926, 3852, 5778, 7704]
num codes: 370
num codes with support 0: 0
chunks ... [0, 1926, 3852, 5778, 7704]
num codes with usage 0: 22
database_size: 73298.01973960747
codetable_size: 8933.366861325654
complete: 82231.38660093313
database_size: 374978.9287582778
codetable_size: 589.5703626513496
complete: 375568.49912092916
Partition 0 ratio: 0.2189517672366219
processing tkmeans_batch_results/k4/batch-1/adult_tkmeans__1_k4...
chunks ... [0, 2978, 5956, 8934, 11915]
num codes: 441
num codes with support 0: 0
chunks ... [0, 2978, 5956, 8934, 11915]
num codes with usage 0: 42
database_size: 96432.76336367887
codetable_size: 13854.947236855443
complete: 110287.71060053431
database_size: 566590.4018474725
codetable_size: 654.2177013459894
complete: 567244.6195488186
Partition 1 ratio: 0.19442707220080147
processing tkmeans_batch_results/k4/batch-1/adult_tkmeans__2_k4...
chunks ... [0, 6016, 12032, 18048, 24066]
num codes: 602
num codes with support 0: 0
chunks ... [0, 6016, 12032, 18048, 24066]
num codes with usage 0: 39
database_size: 229980.26782912976
codetable_size: 20298.817148547278
complete: 250279.08497767703
database_size: 1166393.27844075
codetable_size: 672.4197021940017
complete: 1167065.698142944
Partition 2 ratio: 0.21445158175407406
processing tkmeans_batch_results/k4/batch-1/adult_tkmeans__3_k4...
chunks ... [0, 1289, 2578, 3867, 5156]
num codes: 292
num codes with support 0: 0
chunks ... [0, 1289, 2578, 3867, 5156]
num codes with usage 0: 27
database_size: 47887.63732713378
codetable_size: 7844.58013250186
complete: 55732.21745963564
database_size: 246211.7866512763
codetable_size: 549.2120926612057
complete: 246760.99874393753
Partition 3 ratio: 0.2258550489879831
number of codetables: 4
size: 370
size: 441
size: 602
size: 292
database_size: 2474343.928416041
codetable_size: 677.7028634765386
complete: 2475021.631279518
current singletons: {1, 2, 3, 4, 5, 6, 7, 9, 11, 12, 14, 18, 19, 21, 22, 24, 25, 26, 27, 28, 29, 30, 31, 32, 33, 34, 35, 36, 37, 38, 39, 40, 41, 42, 43, 44, 45, 46, 47, 48, 49, 50, 51, 52, 53, 54, 55, 56, 57, 58, 59, 60, 61, 63, 65, 66, 67, 68, 69, 70, 71, 72, 73, 74, 75, 76, 77, 78, 79, 80, 81, 82, 83, 84, 85, 86, 87, 88, 89, 90, 91, 92, 93, 94, 95, 96, 97}
Added 10 singletons
added:  {64, 8, 10, 13, 15, 16, 17, 20, 23, 62}
chunks ... [0, 12210, 24420, 36630, 48842]
num codes: 380
num codes with support 0: 0
chunks ... [0, 12210, 24420, 36630, 48842]
database_size: 1500140.9359963548
codetable_size: 10459.727217168826
complete: 1510600.6632135236
Partition ratio: 0.6103383680055292
current singletons: {1, 2, 3, 4, 5, 6, 7, 8, 9, 11, 12, 13, 15, 16, 17, 18, 19, 20, 21, 22, 23, 24, 25, 26, 28, 29, 30, 31, 32, 33, 34, 35, 36, 37, 38, 39, 40, 41, 42, 43, 44, 45, 46, 47, 48, 49, 50, 51, 52, 53, 54, 55, 56, 57, 58, 59, 60, 61, 62, 63, 65, 66, 67, 68, 69, 70, 71, 72, 73, 74, 75, 76, 77, 78, 79, 80, 81, 82, 83, 84, 85, 86, 87, 88, 89, 90, 91, 92, 93, 94, 95, 97}
Added 5 singletons
added:  {96, 64, 10, 14, 27}
chunks ... [0, 12210, 24420, 36630, 48842]
num codes: 446
num codes with support 0: 0
chunks ... [0, 12210, 24420, 36630, 48842]
database_size: 1144088.3949682643
codetable_size: 15459.919584998015
complete: 1159548.3145532622
Partition ratio: 0.468500274865803
current singletons: {1, 2, 3, 4, 5, 6, 7, 8, 9, 10, 11, 13, 14, 15, 16, 17, 18, 19, 20, 21, 22, 23, 24, 25, 26, 27, 28, 29, 30, 31, 32, 33, 34, 35, 36, 37, 38, 39, 40, 41, 42, 44, 45, 46, 47, 48, 49, 50, 51, 52, 53, 54, 55, 56, 57, 58, 59, 60, 61, 63, 64, 65, 66, 67, 68, 69, 70, 71, 72, 73, 74, 75, 76, 77, 78, 79, 80, 81, 82, 83, 84, 85, 86, 87, 88, 89, 90, 91, 92, 93, 94, 95, 96, 97}
Added 3 singletons
added:  {43, 12, 62}
chunks ... [0, 12210, 24420, 36630, 48842]
num codes: 605
num codes with support 0: 0
chunks ... [0, 12210, 24420, 36630, 48842]
database_size: 774738.926907281
codetable_size: 21229.729833890975
complete: 795968.6567411721
Partition ratio: 0.3216006869118466
current singletons: {1, 2, 3, 4, 5, 6, 7, 8, 9, 15, 16, 17, 20, 23, 25, 26, 27, 28, 29, 30, 31, 32, 33, 34, 35, 36, 37, 38, 39, 40, 41, 42, 43, 44, 45, 46, 47, 48, 49, 50, 51, 52, 53, 54, 55, 56, 57, 58, 59, 61, 62, 63, 65, 66, 67, 68, 69, 70, 71, 72, 73, 74, 75, 76, 77, 78, 79, 81, 82, 83, 84, 85, 86, 87, 88, 89, 90, 91, 92, 93, 94, 96}
Added 15 singletons
added:  {64, 97, 10, 11, 12, 13, 14, 80, 18, 19, 21, 22, 24, 60, 95}
chunks ... [0, 12210, 24420, 36630, 48842]
num codes: 307
num codes with support 0: 0
chunks ... [0, 12210, 24420, 36630, 48842]
database_size: 1696644.4472701172
codetable_size: 9402.422609067817
complete: 1706046.869879185
Partition ratio: 0.6893058421461981
merged table size: 605
chunks ... [0, 12210, 24420, 36630, 48842]
chunks ... [0, 12210, 24420, 36630, 48842]
merged table size without non-used codes: 592
database_size: 774738.926907281
codetable_size: 21229.729833890975
complete: 795968.6567411721
database_size: 2474343.928416041
codetable_size: 677.7028634765386
complete: 2475021.631279518
merged size: 795968.6567411721
sct size: 2475021.631279518
merged ratio: 0.3216006869118466
time elapsed: 27.534802675247192
-- MERGING METHOD informed
processing tkmeans_batch_results/k4/batch-1/adult_tkmeans__0_k4...
chunks ... [0, 1926, 3852, 5778, 7704]
num codes: 370
num codes with support 0: 0
chunks ... [0, 1926, 3852, 5778, 7704]
num codes with usage 0: 22
database_size: 73298.01973960747
codetable_size: 8933.366861325654
complete: 82231.38660093313
database_size: 374978.9287582778
codetable_size: 589.5703626513496
complete: 375568.49912092916
Partition 0 ratio: 0.2189517672366219
processing tkmeans_batch_results/k4/batch-1/adult_tkmeans__1_k4...
chunks ... [0, 2978, 5956, 8934, 11915]
num codes: 441
num codes with support 0: 0
chunks ... [0, 2978, 5956, 8934, 11915]
num codes with usage 0: 42
database_size: 96432.76336367887
codetable_size: 13854.947236855443
complete: 110287.71060053431
database_size: 566590.4018474725
codetable_size: 654.2177013459894
complete: 567244.6195488186
Partition 1 ratio: 0.19442707220080147
processing tkmeans_batch_results/k4/batch-1/adult_tkmeans__2_k4...
chunks ... [0, 6016, 12032, 18048, 24066]
num codes: 602
num codes with support 0: 0
chunks ... [0, 6016, 12032, 18048, 24066]
num codes with usage 0: 39
database_size: 229980.26782912976
codetable_size: 20298.817148547278
complete: 250279.08497767703
database_size: 1166393.27844075
codetable_size: 672.4197021940017
complete: 1167065.698142944
Partition 2 ratio: 0.21445158175407406
processing tkmeans_batch_results/k4/batch-1/adult_tkmeans__3_k4...
chunks ... [0, 1289, 2578, 3867, 5156]
num codes: 292
num codes with support 0: 0
chunks ... [0, 1289, 2578, 3867, 5156]
num codes with usage 0: 27
database_size: 47887.63732713378
codetable_size: 7844.58013250186
complete: 55732.21745963564
database_size: 246211.7866512763
codetable_size: 549.2120926612057
complete: 246760.99874393753
Partition 3 ratio: 0.2258550489879831
number of codetables: 4
size: 370
size: 441
size: 602
size: 292
database_size: 2474343.928416041
codetable_size: 677.7028634765386
complete: 2475021.631279518
database_size: 2474343.928416041
codetable_size: 677.7028634765386
complete: 2475021.631279518
current singletons: {1, 2, 3, 4, 5, 6, 7, 9, 11, 12, 14, 18, 19, 21, 22, 24, 25, 26, 27, 28, 29, 30, 31, 32, 33, 34, 35, 36, 37, 38, 39, 40, 41, 42, 43, 44, 45, 46, 47, 48, 49, 50, 51, 52, 53, 54, 55, 56, 57, 58, 59, 60, 61, 63, 65, 66, 67, 68, 69, 70, 71, 72, 73, 74, 75, 76, 77, 78, 79, 80, 81, 82, 83, 84, 85, 86, 87, 88, 89, 90, 91, 92, 93, 94, 95, 96, 97}
Added 10 singletons
added:  {64, 8, 10, 13, 15, 16, 17, 20, 23, 62}
chunks ... [0, 12210, 24420, 36630, 48842]
num codes: 380
num codes with support 0: 0
chunks ... [0, 12210, 24420, 36630, 48842]
database_size: 1500140.9359963548
codetable_size: 10459.727217168826
complete: 1510600.6632135236
Partition ratio: 0.6103383680055292
current singletons: {1, 2, 3, 4, 5, 6, 7, 8, 9, 11, 12, 13, 15, 16, 17, 18, 19, 20, 21, 22, 23, 24, 25, 26, 28, 29, 30, 31, 32, 33, 34, 35, 36, 37, 38, 39, 40, 41, 42, 43, 44, 45, 46, 47, 48, 49, 50, 51, 52, 53, 54, 55, 56, 57, 58, 59, 60, 61, 62, 63, 65, 66, 67, 68, 69, 70, 71, 72, 73, 74, 75, 76, 77, 78, 79, 80, 81, 82, 83, 84, 85, 86, 87, 88, 89, 90, 91, 92, 93, 94, 95, 97}
Added 5 singletons
added:  {96, 64, 10, 14, 27}
chunks ... [0, 12210, 24420, 36630, 48842]
num codes: 446
num codes with support 0: 0
chunks ... [0, 12210, 24420, 36630, 48842]
database_size: 1144088.3949682643
codetable_size: 15459.919584998015
complete: 1159548.3145532622
Partition ratio: 0.468500274865803
current singletons: {1, 2, 3, 4, 5, 6, 7, 8, 9, 10, 11, 13, 14, 15, 16, 17, 18, 19, 20, 21, 22, 23, 24, 25, 26, 27, 28, 29, 30, 31, 32, 33, 34, 35, 36, 37, 38, 39, 40, 41, 42, 44, 45, 46, 47, 48, 49, 50, 51, 52, 53, 54, 55, 56, 57, 58, 59, 60, 61, 63, 64, 65, 66, 67, 68, 69, 70, 71, 72, 73, 74, 75, 76, 77, 78, 79, 80, 81, 82, 83, 84, 85, 86, 87, 88, 89, 90, 91, 92, 93, 94, 95, 96, 97}
Added 3 singletons
added:  {43, 12, 62}
chunks ... [0, 12210, 24420, 36630, 48842]
num codes: 605
num codes with support 0: 0
chunks ... [0, 12210, 24420, 36630, 48842]
database_size: 774738.926907281
codetable_size: 21229.729833890975
complete: 795968.6567411721
Partition ratio: 0.3216006869118466
current singletons: {1, 2, 3, 4, 5, 6, 7, 8, 9, 15, 16, 17, 20, 23, 25, 26, 27, 28, 29, 30, 31, 32, 33, 34, 35, 36, 37, 38, 39, 40, 41, 42, 43, 44, 45, 46, 47, 48, 49, 50, 51, 52, 53, 54, 55, 56, 57, 58, 59, 61, 62, 63, 65, 66, 67, 68, 69, 70, 71, 72, 73, 74, 75, 76, 77, 78, 79, 81, 82, 83, 84, 85, 86, 87, 88, 89, 90, 91, 92, 93, 94, 96}
Added 15 singletons
added:  {64, 97, 10, 11, 12, 13, 14, 80, 18, 19, 21, 22, 24, 60, 95}
chunks ... [0, 12210, 24420, 36630, 48842]
num codes: 307
num codes with support 0: 0
chunks ... [0, 12210, 24420, 36630, 48842]
database_size: 1696644.4472701172
codetable_size: 9402.422609067817
complete: 1706046.869879185
Partition ratio: 0.6893058421461981
initial ratio: 0.3216006869118466
merged: {2}
merged: {2}
to_process: {0, 1, 3}
[(0, 0.14107858362619782), (1, 0.18880313621747946), (3, 0.11464869409807248)]
next_candidate: 3
chunks ... [0, 12210, 24420, 36630, 48842]
chunks ... [0, 12210, 24420, 36630, 48842]
database_size: 733023.2713192211
codetable_size: 29266.722557131812
complete: 762289.9938763529
current_ratio: 0.3216006869118466 --- candidate_ratio:0.3079932652880573
!!!!! ********* merge accepted ... 
merged: {2, 3}
to_process: {0, 1}
[(0, 0.14476437973477943), (1, 0.1735839884832631)]
next_candidate: 0
chunks ... [0, 12210, 24420, 36630, 48842]
chunks ... [0, 12210, 24420, 36630, 48842]
database_size: 650303.2405305123
codetable_size: 37796.76036360314
complete: 688100.0008941154
current_ratio: 0.3079932652880573 --- candidate_ratio:0.2780177725308957
!!!!! ********* merge accepted ... 
merged: {0, 2, 3}
to_process: {1}
[(1, 0.15130324461511444)]
next_candidate: 1
chunks ... [0, 12210, 24420, 36630, 48842]
chunks ... [0, 12210, 24420, 36630, 48842]
database_size: 546287.8064736685
codetable_size: 49645.61859202131
complete: 595933.4250656898
current_ratio: 0.2780177725308957 --- candidate_ratio:0.24077907745703567
!!!!! ********* merge accepted ... 
merged table size: 1386
chunks ... [0, 12210, 24420, 36630, 48842]
chunks ... [0, 12210, 24420, 36630, 48842]
merged table size without non-used codes: 1336
database_size: 546287.8064736685
codetable_size: 49645.61859202131
complete: 595933.4250656898
database_size: 2474343.928416041
codetable_size: 677.7028634765386
complete: 2475021.631279518
merged size: 595933.4250656898
sct size: 2475021.631279518
merged ratio: 0.24077907745703567
time elapsed: 60.62632489204407
