
DEBUG:root:--> entering support
DEBUG:root:cleaning the codetable ... 
DEBUG:root:calculating the supports ...
DEBUG:root:reducing the results ... 
DEBUG:root:<-- leaving support
DEBUG:root:--> entering usage
DEBUG:root:cleaning the codetable ... 
DEBUG:root:calculating the usages ... 
DEBUG:root:reducing the results ... 
DEBUG:root:<--leaving usage 
DEBUG:root:<-- leaving support
DEBUG:root:--> entering support
DEBUG:root:cleaning the codetable ... 
DEBUG:root:calculating the supports ...
DEBUG:root:reducing the results ... 
DEBUG:root:<-- leaving support
DEBUG:root:--> entering usage
DEBUG:root:cleaning the codetable ... 
DEBUG:root:calculating the usages ... 
DEBUG:root:reducing the results ... 
DEBUG:root:<--leaving usage 
DEBUG:root:<-- leaving support
DEBUG:root:--> entering support
DEBUG:root:cleaning the codetable ... 
DEBUG:root:calculating the supports ...
DEBUG:root:reducing the results ... 
DEBUG:root:<-- leaving support
DEBUG:root:--> entering usage
DEBUG:root:cleaning the codetable ... 
DEBUG:root:calculating the usages ... 
DEBUG:root:reducing the results ... 
DEBUG:root:<--leaving usage 
DEBUG:root:<-- leaving support
DEBUG:root:--> entering support
DEBUG:root:cleaning the codetable ... 
DEBUG:root:calculating the supports ...
DEBUG:root:reducing the results ... 
DEBUG:root:<-- leaving support
DEBUG:root:--> entering usage
DEBUG:root:cleaning the codetable ... 
DEBUG:root:calculating the usages ... 
DEBUG:root:reducing the results ... 
DEBUG:root:<--leaving usage 
DEBUG:root:<-- leaving support
DEBUG:root:deduplicating codes
DEBUG:root:processing 0 404against ... 
DEBUG:root: ... 1 - 604
DEBUG:root: ... 2 - 555
DEBUG:root: ... 3 - 365
DEBUG:root:processing 1 604against ... 
DEBUG:root: ... 2 - 555
DEBUG:root: ... 3 - 365
DEBUG:root:processing 2 555against ... 
DEBUG:root: ... 3 - 365
DEBUG:root:merging done ...
DEBUG:root:--> entering support
DEBUG:root:cleaning the codetable ... 
DEBUG:root:calculating the supports ...
DEBUG:root:reducing the results ... 
DEBUG:root:<-- leaving support
DEBUG:root:--> entering usage
DEBUG:root:cleaning the codetable ... 
DEBUG:root:calculating the usages ... 
DEBUG:root:reducing the results ... 
DEBUG:root:<--leaving usage 
DEBUG:root:<-- leaving support
DEBUG:root:--> entering support
DEBUG:root:cleaning the codetable ... 
DEBUG:root:calculating the supports ...
DEBUG:root:reducing the results ... 
DEBUG:root:<-- leaving support
DEBUG:root:--> entering usage
DEBUG:root:cleaning the codetable ... 
DEBUG:root:calculating the usages ... 
DEBUG:root:reducing the results ... 
DEBUG:root:<--leaving usage 
DEBUG:root:<-- leaving support
DEBUG:root:--> entering support
DEBUG:root:cleaning the codetable ... 
DEBUG:root:calculating the supports ...
DEBUG:root:reducing the results ... 
DEBUG:root:<-- leaving support
DEBUG:root:--> entering usage
DEBUG:root:cleaning the codetable ... 
DEBUG:root:calculating the usages ... 
DEBUG:root:reducing the results ... 
DEBUG:root:<--leaving usage 
DEBUG:root:<-- leaving support
DEBUG:root:--> entering support
DEBUG:root:cleaning the codetable ... 
DEBUG:root:calculating the supports ...
DEBUG:root:reducing the results ... 
DEBUG:root:<-- leaving support
DEBUG:root:--> entering usage
DEBUG:root:cleaning the codetable ... 
DEBUG:root:calculating the usages ... 
DEBUG:root:reducing the results ... 
DEBUG:root:<--leaving usage 
DEBUG:root:<-- leaving support
DEBUG:root:--> entering support
DEBUG:root:cleaning the codetable ... 
DEBUG:root:calculating the supports ...
DEBUG:root:reducing the results ... 
DEBUG:root:<-- leaving support
DEBUG:root:--> entering usage
DEBUG:root:cleaning the codetable ... 
DEBUG:root:calculating the usages ... 
DEBUG:root:reducing the results ... 
DEBUG:root:<--leaving usage 
DEBUG:root:<-- leaving support
DEBUG:root:<-- leaving support
DEBUG:root:--> entering support
DEBUG:root:cleaning the codetable ... 
DEBUG:root:calculating the supports ...
DEBUG:root:reducing the results ... 
DEBUG:root:<-- leaving support
DEBUG:root:--> entering usage
DEBUG:root:cleaning the codetable ... 
DEBUG:root:calculating the usages ... 
DEBUG:root:reducing the results ... 
DEBUG:root:<--leaving usage 
DEBUG:root:--> entering support
DEBUG:root:cleaning the codetable ... 
DEBUG:root:calculating the supports ...
DEBUG:root:reducing the results ... 
DEBUG:root:<-- leaving support
DEBUG:root:--> entering usage
DEBUG:root:cleaning the codetable ... 
DEBUG:root:calculating the usages ... 
DEBUG:root:reducing the results ... 
DEBUG:root:<--leaving usage 
DEBUG:root:--> entering support
DEBUG:root:cleaning the codetable ... 
DEBUG:root:calculating the supports ...
DEBUG:root:reducing the results ... 
DEBUG:root:<-- leaving support
DEBUG:root:--> entering usage
DEBUG:root:cleaning the codetable ... 
DEBUG:root:calculating the usages ... 
DEBUG:root:reducing the results ... 
DEBUG:root:<--leaving usage 
DEBUG:root:--> entering support
DEBUG:root:cleaning the codetable ... 
DEBUG:root:calculating the supports ...
DEBUG:root:reducing the results ... 
DEBUG:root:<-- leaving support
DEBUG:root:--> entering usage
DEBUG:root:cleaning the codetable ... 
DEBUG:root:calculating the usages ... 
DEBUG:root:reducing the results ... 
DEBUG:root:<--leaving usage 
DEBUG:root:--> entering support
DEBUG:root:cleaning the codetable ... 
DEBUG:root:calculating the supports ...
DEBUG:root:reducing the results ... 
DEBUG:root:<-- leaving support
DEBUG:root:--> entering usage
DEBUG:root:cleaning the codetable ... 
DEBUG:root:calculating the usages ... 
DEBUG:root:reducing the results ... 
DEBUG:root:<--leaving usage 
DEBUG:root:<-- leaving support
DEBUG:root:--> entering support
DEBUG:root:cleaning the codetable ... 
DEBUG:root:calculating the supports ...
DEBUG:root:reducing the results ... 
DEBUG:root:<-- leaving support
DEBUG:root:--> entering usage
DEBUG:root:cleaning the codetable ... 
DEBUG:root:calculating the usages ... 
DEBUG:root:reducing the results ... 
DEBUG:root:<--leaving usage 
DEBUG:root:<-- leaving support
DEBUG:root:--> entering support
DEBUG:root:cleaning the codetable ... 
DEBUG:root:calculating the supports ...
DEBUG:root:reducing the results ... 
DEBUG:root:<-- leaving support
DEBUG:root:--> entering usage
DEBUG:root:cleaning the codetable ... 
DEBUG:root:calculating the usages ... 
DEBUG:root:reducing the results ... 
DEBUG:root:<--leaving usage 
DEBUG:root:<-- leaving support
DEBUG:root:--> entering support
DEBUG:root:cleaning the codetable ... 
DEBUG:root:calculating the supports ...
DEBUG:root:reducing the results ... 
DEBUG:root:<-- leaving support
DEBUG:root:--> entering usage
DEBUG:root:cleaning the codetable ... 
DEBUG:root:calculating the usages ... 
DEBUG:root:reducing the results ... 
DEBUG:root:<--leaving usage 
DEBUG:root:<-- leaving support
DEBUG:root:--> entering support
DEBUG:root:cleaning the codetable ... 
DEBUG:root:calculating the supports ...
DEBUG:root:reducing the results ... 
DEBUG:root:<-- leaving support
DEBUG:root:--> entering usage
DEBUG:root:cleaning the codetable ... 
DEBUG:root:calculating the usages ... 
DEBUG:root:reducing the results ... 
DEBUG:root:<--leaving usage 
DEBUG:root:<-- leaving support
DEBUG:root:<-- leaving support
DEBUG:root:<-- leaving support
DEBUG:root:--> entering support
DEBUG:root:cleaning the codetable ... 
DEBUG:root:calculating the supports ...
DEBUG:root:reducing the results ... 
DEBUG:root:<-- leaving support
DEBUG:root:--> entering usage
DEBUG:root:cleaning the codetable ... 
DEBUG:root:calculating the usages ... 
DEBUG:root:reducing the results ... 
DEBUG:root:<--leaving usage 
DEBUG:root:--> entering support
DEBUG:root:cleaning the codetable ... 
DEBUG:root:calculating the supports ...
DEBUG:root:reducing the results ... 
DEBUG:root:<-- leaving support
DEBUG:root:--> entering usage
DEBUG:root:cleaning the codetable ... 
DEBUG:root:calculating the usages ... 
DEBUG:root:reducing the results ... 
DEBUG:root:<--leaving usage 
DEBUG:root:--> entering support
DEBUG:root:cleaning the codetable ... 
DEBUG:root:calculating the supports ...
DEBUG:root:reducing the results ... 
DEBUG:root:<-- leaving support
DEBUG:root:--> entering usage
DEBUG:root:cleaning the codetable ... 
DEBUG:root:calculating the usages ... 
DEBUG:root:reducing the results ... 
DEBUG:root:<--leaving usage 
DEBUG:root:--> entering support
DEBUG:root:cleaning the codetable ... 
DEBUG:root:calculating the supports ...
DEBUG:root:reducing the results ... 
DEBUG:root:<-- leaving support
DEBUG:root:--> entering usage
DEBUG:root:cleaning the codetable ... 
DEBUG:root:calculating the usages ... 
DEBUG:root:reducing the results ... 
DEBUG:root:<--leaving usage 
DEBUG:root:deduplicating codes
DEBUG:root:processing 0 555against ... 
DEBUG:root: ... 1 - 366
DEBUG:root:merging done ...
DEBUG:root:--> entering support
DEBUG:root:cleaning the codetable ... 
DEBUG:root:calculating the supports ...
DEBUG:root:reducing the results ... 
DEBUG:root:<-- leaving support
DEBUG:root:--> entering usage
DEBUG:root:cleaning the codetable ... 
DEBUG:root:calculating the usages ... 
DEBUG:root:reducing the results ... 
DEBUG:root:<--leaving usage 
DEBUG:root:deduplicating codes
DEBUG:root:processing 0 555against ... 
DEBUG:root: ... 1 - 405
DEBUG:root:merging done ...
DEBUG:root:--> entering support
DEBUG:root:cleaning the codetable ... 
DEBUG:root:calculating the supports ...
DEBUG:root:reducing the results ... 
DEBUG:root:<-- leaving support
DEBUG:root:--> entering usage
DEBUG:root:cleaning the codetable ... 
DEBUG:root:calculating the usages ... 
DEBUG:root:reducing the results ... 
DEBUG:root:<--leaving usage 
DEBUG:root:deduplicating codes
DEBUG:root:processing 0 684against ... 
DEBUG:root: ... 1 - 604
DEBUG:root:merging done ...
DEBUG:root:--> entering support
DEBUG:root:cleaning the codetable ... 
DEBUG:root:calculating the supports ...
DEBUG:root:reducing the results ... 
DEBUG:root:<-- leaving support
DEBUG:root:--> entering usage
DEBUG:root:cleaning the codetable ... 
DEBUG:root:calculating the usages ... 
DEBUG:root:reducing the results ... 
DEBUG:root:<--leaving usage 
DEBUG:root:--> entering support
DEBUG:root:cleaning the codetable ... 
DEBUG:root:calculating the supports ...
DEBUG:root:reducing the results ... 
DEBUG:root:<-- leaving support
DEBUG:root:--> entering usage
DEBUG:root:cleaning the codetable ... 
DEBUG:root:calculating the usages ... 
DEBUG:root:reducing the results ... 
DEBUG:root:<--leaving usage 
DEBUG:root:<-- leaving support
