
-- MERGING METHOD naive
processing tkmeans_batch_results/k8/batch-1/letrecog_tkmeans__0_k8...
chunks ... [0, 445, 890, 1335, 1782]
num codes: 439
num codes with support 0: 0
chunks ... [0, 445, 890, 1335, 1782]
num codes with usage 0: 27
database_size: 39805.06606153266
codetable_size: 9515.962434583127
complete: 49321.02849611579
database_size: 118731.4629152229
codetable_size: 554.8119918124858
complete: 119286.27490703539
Partition 0 ratio: 0.4134677567436292
processing tkmeans_batch_results/k8/batch-1/letrecog_tkmeans__1_k8...
chunks ... [0, 665, 1330, 1995, 2663]
num codes: 542
num codes with support 0: 0
chunks ... [0, 665, 1330, 1995, 2663]
num codes with usage 0: 30
database_size: 53077.01061188029
codetable_size: 14107.275555353543
complete: 67184.28616723383
database_size: 178663.56863542224
codetable_size: 542.9235936786454
complete: 179206.4922291009
Partition 1 ratio: 0.37489872901113536
processing tkmeans_batch_results/k8/batch-1/letrecog_tkmeans__2_k8...
chunks ... [0, 873, 1746, 2619, 3494]
num codes: 501
num codes with support 0: 0
chunks ... [0, 873, 1746, 2619, 3494]
num codes with usage 0: 43
database_size: 61168.02289829622
codetable_size: 12163.812038126942
complete: 73331.83493642317
database_size: 217463.5646647782
codetable_size: 524.2640965134117
complete: 217987.82876129163
Partition 2 ratio: 0.33640334578828923
processing tkmeans_batch_results/k8/batch-1/letrecog_tkmeans__3_k8...
chunks ... [0, 699, 1398, 2097, 2797]
num codes: 529
num codes with support 0: 0
chunks ... [0, 699, 1398, 2097, 2797]
num codes with usage 0: 32
database_size: 49425.17445230846
codetable_size: 14553.634416675464
complete: 63978.80886898393
database_size: 186006.25805161052
codetable_size: 543.5609688589633
complete: 186549.8190204695
Partition 3 ratio: 0.3429583003881861
processing tkmeans_batch_results/k8/batch-1/letrecog_tkmeans__4_k8...
chunks ... [0, 759, 1518, 2277, 3037]
num codes: 480
num codes with support 0: 0
chunks ... [0, 759, 1518, 2277, 3037]
num codes with usage 0: 16
database_size: 58873.6700042605
codetable_size: 11601.26402448814
complete: 70474.93402874864
database_size: 194144.54205582305
codetable_size: 560.9016045093647
complete: 194705.4436603324
Partition 4 ratio: 0.36195667005434934
processing tkmeans_batch_results/k8/batch-1/letrecog_tkmeans__5_k8...
chunks ... [0, 952, 1904, 2856, 3809]
num codes: 609
num codes with support 0: 0
chunks ... [0, 952, 1904, 2856, 3809]
num codes with usage 0: 42
database_size: 81901.37485719477
codetable_size: 15060.276668242024
complete: 96961.65152543678
database_size: 251479.87246896164
codetable_size: 557.6129928556306
complete: 252037.48546181727
Partition 5 ratio: 0.3847112319334979
processing tkmeans_batch_results/k8/batch-1/letrecog_tkmeans__6_k8...
chunks ... [0, 277, 554, 831, 1108]
num codes: 391
num codes with support 0: 0
chunks ... [0, 277, 554, 831, 1108]
num codes with usage 0: 35
database_size: 29757.931954424657
codetable_size: 7510.934977629023
complete: 37268.86693205368
database_size: 74792.55154577846
codetable_size: 548.4134156234139
complete: 75340.96496140187
Partition 6 ratio: 0.49466936017008795
processing tkmeans_batch_results/k8/batch-1/letrecog_tkmeans__7_k8...
chunks ... [0, 327, 654, 981, 1309]
num codes: 350
num codes with support 0: 0
chunks ... [0, 327, 654, 981, 1309]
num codes with usage 0: 29
database_size: 27159.826253505962
codetable_size: 7226.283418669391
complete: 34386.10967217536
database_size: 83944.72234055023
codetable_size: 543.5773593960007
complete: 84488.29969994623
Partition 7 ratio: 0.40699256339984363
number of codetables: 8
size: 439
size: 542
size: 501
size: 529
size: 480
size: 609
size: 391
size: 350
merged table size: 2922
chunks ... [0, 5000, 10000, 15000, 20000]
chunks ... [0, 5000, 10000, 15000, 20000]
merged table size without non-used codes: 2725
database_size: 537954.2650047964
codetable_size: 84727.0602800692
complete: 622681.3252848657
database_size: 1372600.4814621517
codetable_size: 535.3174551653476
complete: 1373135.798917317
merged size: 622681.3252848657
sct size: 1373135.798917317
merged ratio: 0.4534739577657463
time elapsed: 13.617272138595581
-- MERGING METHOD naive_plus
processing tkmeans_batch_results/k8/batch-1/letrecog_tkmeans__0_k8...
chunks ... [0, 445, 890, 1335, 1782]
num codes: 439
num codes with support 0: 0
chunks ... [0, 445, 890, 1335, 1782]
num codes with usage 0: 27
database_size: 39805.06606153266
codetable_size: 9515.962434583127
complete: 49321.02849611579
database_size: 118731.4629152229
codetable_size: 554.8119918124858
complete: 119286.27490703539
Partition 0 ratio: 0.4134677567436292
processing tkmeans_batch_results/k8/batch-1/letrecog_tkmeans__1_k8...
chunks ... [0, 665, 1330, 1995, 2663]
num codes: 542
num codes with support 0: 0
chunks ... [0, 665, 1330, 1995, 2663]
num codes with usage 0: 30
database_size: 53077.01061188029
codetable_size: 14107.275555353543
complete: 67184.28616723383
database_size: 178663.56863542224
codetable_size: 542.9235936786454
complete: 179206.4922291009
Partition 1 ratio: 0.37489872901113536
processing tkmeans_batch_results/k8/batch-1/letrecog_tkmeans__2_k8...
chunks ... [0, 873, 1746, 2619, 3494]
num codes: 501
num codes with support 0: 0
chunks ... [0, 873, 1746, 2619, 3494]
num codes with usage 0: 43
database_size: 61168.02289829622
codetable_size: 12163.812038126942
complete: 73331.83493642317
database_size: 217463.5646647782
codetable_size: 524.2640965134117
complete: 217987.82876129163
Partition 2 ratio: 0.33640334578828923
processing tkmeans_batch_results/k8/batch-1/letrecog_tkmeans__3_k8...
chunks ... [0, 699, 1398, 2097, 2797]
num codes: 529
num codes with support 0: 0
chunks ... [0, 699, 1398, 2097, 2797]
num codes with usage 0: 32
database_size: 49425.17445230846
codetable_size: 14553.634416675464
complete: 63978.80886898393
database_size: 186006.25805161052
codetable_size: 543.5609688589633
complete: 186549.8190204695
Partition 3 ratio: 0.3429583003881861
processing tkmeans_batch_results/k8/batch-1/letrecog_tkmeans__4_k8...
chunks ... [0, 759, 1518, 2277, 3037]
num codes: 480
num codes with support 0: 0
chunks ... [0, 759, 1518, 2277, 3037]
num codes with usage 0: 16
database_size: 58873.6700042605
codetable_size: 11601.26402448814
complete: 70474.93402874864
database_size: 194144.54205582305
codetable_size: 560.9016045093647
complete: 194705.4436603324
Partition 4 ratio: 0.36195667005434934
processing tkmeans_batch_results/k8/batch-1/letrecog_tkmeans__5_k8...
chunks ... [0, 952, 1904, 2856, 3809]
num codes: 609
num codes with support 0: 0
chunks ... [0, 952, 1904, 2856, 3809]
num codes with usage 0: 42
database_size: 81901.37485719477
codetable_size: 15060.276668242024
complete: 96961.65152543678
database_size: 251479.87246896164
codetable_size: 557.6129928556306
complete: 252037.48546181727
Partition 5 ratio: 0.3847112319334979
processing tkmeans_batch_results/k8/batch-1/letrecog_tkmeans__6_k8...
chunks ... [0, 277, 554, 831, 1108]
num codes: 391
num codes with support 0: 0
chunks ... [0, 277, 554, 831, 1108]
num codes with usage 0: 35
database_size: 29757.931954424657
codetable_size: 7510.934977629023
complete: 37268.86693205368
database_size: 74792.55154577846
codetable_size: 548.4134156234139
complete: 75340.96496140187
Partition 6 ratio: 0.49466936017008795
processing tkmeans_batch_results/k8/batch-1/letrecog_tkmeans__7_k8...
chunks ... [0, 327, 654, 981, 1309]
num codes: 350
num codes with support 0: 0
chunks ... [0, 327, 654, 981, 1309]
num codes with usage 0: 29
database_size: 27159.826253505962
codetable_size: 7226.283418669391
complete: 34386.10967217536
database_size: 83944.72234055023
codetable_size: 543.5773593960007
complete: 84488.29969994623
Partition 7 ratio: 0.40699256339984363
number of codetables: 8
size: 439
size: 542
size: 501
size: 529
size: 480
size: 609
size: 391
size: 350
database_size: 1372600.4814621517
codetable_size: 535.3174551653476
complete: 1373135.798917317
current singletons: {1, 2, 3, 4, 5, 6, 7, 8, 9, 10, 11, 12, 13, 14, 15, 16, 17, 18, 19, 20, 22, 23, 24, 25, 26, 27, 28, 29, 30, 31, 32, 33, 34, 35, 37, 38, 39, 40, 41, 42, 43, 44, 45, 46, 47, 48, 49, 50, 51, 52, 53, 54, 55, 56, 57, 58, 59, 60, 62, 63, 64, 65, 66, 67, 68, 69, 70, 72, 73, 74, 75, 76, 77, 78, 79, 80, 81, 82, 83, 85, 86, 87, 88, 89, 90, 91, 92, 93, 94, 96, 98, 99, 100, 101, 102, 103, 104, 105, 106}
Added 3 singletons
added:  {97, 84, 95}
chunks ... [0, 5000, 10000, 15000, 20000]
num codes: 442
num codes with support 0: 0
chunks ... [0, 5000, 10000, 15000, 20000]
database_size: 806787.0582510623
codetable_size: 10528.288182472788
complete: 817315.3464335351
Partition ratio: 0.5952181474534184
current singletons: {1, 2, 3, 4, 5, 6, 7, 8, 9, 10, 11, 12, 13, 14, 15, 16, 17, 18, 19, 20, 22, 23, 24, 25, 26, 27, 28, 29, 30, 31, 32, 33, 34, 35, 37, 38, 39, 40, 41, 42, 43, 44, 45, 46, 47, 48, 49, 50, 51, 52, 53, 54, 55, 56, 57, 58, 59, 60, 62, 63, 64, 65, 67, 68, 69, 70, 72, 73, 74, 75, 77, 78, 79, 80, 81, 82, 83, 84, 85, 86, 87, 88, 89, 90, 91, 92, 93, 94, 95, 96, 97, 98, 99, 100, 101, 102, 103, 104, 105, 106}
Added 2 singletons
added:  {66, 76}
chunks ... [0, 5000, 10000, 15000, 20000]
num codes: 544
num codes with support 0: 0
chunks ... [0, 5000, 10000, 15000, 20000]
database_size: 840459.5084557331
codetable_size: 15908.27249542266
complete: 856367.7809511557
Partition ratio: 0.62365847691567
current singletons: {2, 3, 4, 5, 6, 7, 8, 10, 12, 13, 14, 15, 18, 19, 20, 23, 24, 25, 26, 27, 28, 29, 30, 31, 32, 33, 34, 37, 38, 39, 40, 41, 42, 43, 45, 46, 47, 48, 50, 51, 52, 53, 54, 55, 56, 57, 58, 59, 60, 62, 63, 64, 65, 66, 67, 68, 69, 70, 72, 73, 74, 75, 76, 77, 78, 79, 80, 81, 82, 83, 84, 85, 86, 87, 88, 89, 90, 91, 92, 93, 94, 95, 96, 97, 98, 99, 100, 101, 102, 103, 104, 105, 106}
Added 9 singletons
added:  {1, 35, 9, 11, 44, 16, 17, 49, 22}
chunks ... [0, 5000, 10000, 15000, 20000]
num codes: 510
num codes with support 0: 0
chunks ... [0, 5000, 10000, 15000, 20000]
database_size: 803401.125438101
codetable_size: 13260.859764641142
complete: 816661.9852027422
Partition ratio: 0.5947423305449173
current singletons: {1, 2, 3, 4, 5, 6, 7, 8, 9, 10, 11, 12, 13, 14, 15, 16, 17, 18, 19, 20, 22, 23, 24, 25, 26, 27, 28, 29, 30, 31, 32, 33, 34, 35, 37, 38, 39, 40, 41, 42, 43, 44, 45, 46, 47, 48, 49, 50, 51, 52, 53, 54, 55, 56, 57, 58, 59, 60, 62, 63, 64, 65, 67, 68, 69, 70, 72, 73, 74, 75, 76, 77, 78, 79, 80, 81, 82, 83, 84, 85, 87, 88, 89, 90, 91, 92, 93, 94, 95, 96, 97, 98, 99, 100, 101, 102, 103, 104, 105, 106}
Added 2 singletons
added:  {66, 86}
chunks ... [0, 5000, 10000, 15000, 20000]
num codes: 531
num codes with support 0: 0
chunks ... [0, 5000, 10000, 15000, 20000]
database_size: 775287.6108198923
codetable_size: 15802.573839132308
complete: 791090.1846590246
Partition ratio: 0.5761194087888315
current singletons: {1, 2, 3, 4, 5, 6, 7, 8, 9, 10, 11, 12, 13, 14, 15, 16, 17, 19, 20, 22, 23, 24, 25, 26, 27, 28, 29, 30, 31, 32, 33, 34, 35, 37, 38, 39, 40, 41, 42, 43, 44, 45, 46, 47, 48, 49, 50, 51, 52, 53, 54, 55, 56, 57, 58, 59, 60, 62, 63, 64, 65, 66, 67, 68, 69, 70, 72, 73, 74, 75, 76, 77, 78, 79, 80, 81, 82, 83, 84, 85, 86, 87, 88, 89, 90, 91, 92, 93, 94, 95, 96, 97, 98, 99, 100, 101, 102, 103, 104, 105, 106}
Added 1 singletons
added:  {18}
chunks ... [0, 5000, 10000, 15000, 20000]
num codes: 481
num codes with support 0: 0
chunks ... [0, 5000, 10000, 15000, 20000]
database_size: 749563.6873832928
codetable_size: 12151.693433247694
complete: 761715.3808165406
Partition ratio: 0.5547269115095054
current singletons: {1, 2, 3, 4, 5, 6, 7, 8, 9, 10, 11, 12, 13, 14, 15, 16, 17, 18, 19, 20, 22, 23, 24, 25, 26, 27, 28, 29, 30, 31, 32, 33, 34, 35, 37, 38, 39, 40, 41, 42, 43, 44, 45, 46, 47, 48, 49, 50, 51, 52, 53, 54, 55, 56, 57, 58, 59, 60, 62, 63, 64, 65, 66, 67, 68, 69, 70, 72, 73, 74, 75, 76, 77, 78, 79, 80, 81, 82, 83, 84, 85, 86, 87, 88, 89, 90, 91, 92, 93, 94, 95, 96, 97, 98, 99, 100, 101, 102, 103, 104, 105, 106}
Added 0 singletons
added:  set()
chunks ... [0, 5000, 10000, 15000, 20000]
num codes: 609
num codes with support 0: 0
chunks ... [0, 5000, 10000, 15000, 20000]
database_size: 695244.4353234711
codetable_size: 16052.271098212877
complete: 711296.706421684
Partition ratio: 0.5180090031754496
current singletons: {1, 2, 3, 4, 5, 6, 7, 8, 9, 10, 11, 12, 13, 14, 15, 16, 17, 18, 19, 20, 22, 23, 24, 25, 26, 27, 28, 29, 30, 31, 32, 33, 34, 35, 37, 38, 39, 40, 41, 42, 43, 44, 45, 46, 47, 48, 49, 50, 51, 52, 53, 54, 55, 56, 57, 58, 59, 60, 62, 63, 64, 65, 66, 67, 68, 69, 70, 72, 73, 74, 75, 76, 77, 78, 79, 80, 81, 82, 83, 84, 85, 86, 87, 88, 89, 90, 91, 92, 93, 94, 95, 96, 97, 98, 99, 100, 101, 102, 103, 104, 106}
Added 1 singletons
added:  {105}
chunks ... [0, 5000, 10000, 15000, 20000]
num codes: 392
num codes with support 0: 0
chunks ... [0, 5000, 10000, 15000, 20000]
database_size: 795726.1140251292
codetable_size: 8296.473425837377
complete: 804022.5874509666
Partition ratio: 0.5855375616052819
current singletons: {2, 3, 4, 5, 6, 7, 8, 9, 10, 13, 14, 15, 17, 18, 19, 20, 23, 24, 25, 26, 27, 28, 29, 30, 31, 32, 33, 34, 35, 37, 38, 39, 40, 41, 42, 43, 44, 45, 46, 47, 48, 49, 50, 51, 52, 53, 54, 55, 56, 57, 58, 59, 60, 62, 63, 64, 65, 66, 67, 68, 69, 70, 72, 73, 74, 75, 76, 77, 78, 79, 80, 81, 82, 83, 84, 85, 86, 87, 88, 89, 90, 91, 92, 93, 94, 95, 96, 97, 98, 99, 100, 101, 102, 103, 104, 105, 106}
Added 5 singletons
added:  {1, 11, 12, 16, 22}
chunks ... [0, 5000, 10000, 15000, 20000]
num codes: 355
num codes with support 0: 0
chunks ... [0, 5000, 10000, 15000, 20000]
database_size: 781216.7347773243
codetable_size: 7873.708870415988
complete: 789090.4436477403
Partition ratio: 0.5746630772207076
merged table size: 609
chunks ... [0, 5000, 10000, 15000, 20000]
chunks ... [0, 5000, 10000, 15000, 20000]
merged table size without non-used codes: 587
database_size: 695244.4353234711
codetable_size: 16052.271098212877
complete: 711296.706421684
database_size: 1372600.4814621517
codetable_size: 535.3174551653476
complete: 1373135.798917317
merged size: 711296.706421684
sct size: 1373135.798917317
merged ratio: 0.5180090031754496
time elapsed: 20.042064666748047
-- MERGING METHOD informed
processing tkmeans_batch_results/k8/batch-1/letrecog_tkmeans__0_k8...
chunks ... [0, 445, 890, 1335, 1782]
num codes: 439
num codes with support 0: 0
chunks ... [0, 445, 890, 1335, 1782]
num codes with usage 0: 27
database_size: 39805.06606153266
codetable_size: 9515.962434583127
complete: 49321.02849611579
database_size: 118731.4629152229
codetable_size: 554.8119918124858
complete: 119286.27490703539
Partition 0 ratio: 0.4134677567436292
processing tkmeans_batch_results/k8/batch-1/letrecog_tkmeans__1_k8...
chunks ... [0, 665, 1330, 1995, 2663]
num codes: 542
num codes with support 0: 0
chunks ... [0, 665, 1330, 1995, 2663]
num codes with usage 0: 30
database_size: 53077.01061188029
codetable_size: 14107.275555353543
complete: 67184.28616723383
database_size: 178663.56863542224
codetable_size: 542.9235936786454
complete: 179206.4922291009
Partition 1 ratio: 0.37489872901113536
processing tkmeans_batch_results/k8/batch-1/letrecog_tkmeans__2_k8...
chunks ... [0, 873, 1746, 2619, 3494]
num codes: 501
num codes with support 0: 0
chunks ... [0, 873, 1746, 2619, 3494]
num codes with usage 0: 43
database_size: 61168.02289829622
codetable_size: 12163.812038126942
complete: 73331.83493642317
database_size: 217463.5646647782
codetable_size: 524.2640965134117
complete: 217987.82876129163
Partition 2 ratio: 0.33640334578828923
processing tkmeans_batch_results/k8/batch-1/letrecog_tkmeans__3_k8...
chunks ... [0, 699, 1398, 2097, 2797]
num codes: 529
num codes with support 0: 0
chunks ... [0, 699, 1398, 2097, 2797]
num codes with usage 0: 32
database_size: 49425.17445230846
codetable_size: 14553.634416675464
complete: 63978.80886898393
database_size: 186006.25805161052
codetable_size: 543.5609688589633
complete: 186549.8190204695
Partition 3 ratio: 0.3429583003881861
processing tkmeans_batch_results/k8/batch-1/letrecog_tkmeans__4_k8...
chunks ... [0, 759, 1518, 2277, 3037]
num codes: 480
num codes with support 0: 0
chunks ... [0, 759, 1518, 2277, 3037]
num codes with usage 0: 16
database_size: 58873.6700042605
codetable_size: 11601.26402448814
complete: 70474.93402874864
database_size: 194144.54205582305
codetable_size: 560.9016045093647
complete: 194705.4436603324
Partition 4 ratio: 0.36195667005434934
processing tkmeans_batch_results/k8/batch-1/letrecog_tkmeans__5_k8...
chunks ... [0, 952, 1904, 2856, 3809]
num codes: 609
num codes with support 0: 0
chunks ... [0, 952, 1904, 2856, 3809]
num codes with usage 0: 42
database_size: 81901.37485719477
codetable_size: 15060.276668242024
complete: 96961.65152543678
database_size: 251479.87246896164
codetable_size: 557.6129928556306
complete: 252037.48546181727
Partition 5 ratio: 0.3847112319334979
processing tkmeans_batch_results/k8/batch-1/letrecog_tkmeans__6_k8...
chunks ... [0, 277, 554, 831, 1108]
num codes: 391
num codes with support 0: 0
chunks ... [0, 277, 554, 831, 1108]
num codes with usage 0: 35
database_size: 29757.931954424657
codetable_size: 7510.934977629023
complete: 37268.86693205368
database_size: 74792.55154577846
codetable_size: 548.4134156234139
complete: 75340.96496140187
Partition 6 ratio: 0.49466936017008795
processing tkmeans_batch_results/k8/batch-1/letrecog_tkmeans__7_k8...
chunks ... [0, 327, 654, 981, 1309]
num codes: 350
num codes with support 0: 0
chunks ... [0, 327, 654, 981, 1309]
num codes with usage 0: 29
database_size: 27159.826253505962
codetable_size: 7226.283418669391
complete: 34386.10967217536
database_size: 83944.72234055023
codetable_size: 543.5773593960007
complete: 84488.29969994623
Partition 7 ratio: 0.40699256339984363
number of codetables: 8
size: 439
size: 542
size: 501
size: 529
size: 480
size: 609
size: 391
size: 350
database_size: 1372600.4814621517
codetable_size: 535.3174551653476
complete: 1373135.798917317
database_size: 1372600.4814621517
codetable_size: 535.3174551653476
complete: 1373135.798917317
current singletons: {1, 2, 3, 4, 5, 6, 7, 8, 9, 10, 11, 12, 13, 14, 15, 16, 17, 18, 19, 20, 22, 23, 24, 25, 26, 27, 28, 29, 30, 31, 32, 33, 34, 35, 37, 38, 39, 40, 41, 42, 43, 44, 45, 46, 47, 48, 49, 50, 51, 52, 53, 54, 55, 56, 57, 58, 59, 60, 62, 63, 64, 65, 66, 67, 68, 69, 70, 72, 73, 74, 75, 76, 77, 78, 79, 80, 81, 82, 83, 85, 86, 87, 88, 89, 90, 91, 92, 93, 94, 96, 98, 99, 100, 101, 102, 103, 104, 105, 106}
Added 3 singletons
added:  {97, 84, 95}
chunks ... [0, 5000, 10000, 15000, 20000]
num codes: 442
num codes with support 0: 0
chunks ... [0, 5000, 10000, 15000, 20000]
database_size: 806787.0582510623
codetable_size: 10528.288182472788
complete: 817315.3464335351
Partition ratio: 0.5952181474534184
current singletons: {1, 2, 3, 4, 5, 6, 7, 8, 9, 10, 11, 12, 13, 14, 15, 16, 17, 18, 19, 20, 22, 23, 24, 25, 26, 27, 28, 29, 30, 31, 32, 33, 34, 35, 37, 38, 39, 40, 41, 42, 43, 44, 45, 46, 47, 48, 49, 50, 51, 52, 53, 54, 55, 56, 57, 58, 59, 60, 62, 63, 64, 65, 67, 68, 69, 70, 72, 73, 74, 75, 77, 78, 79, 80, 81, 82, 83, 84, 85, 86, 87, 88, 89, 90, 91, 92, 93, 94, 95, 96, 97, 98, 99, 100, 101, 102, 103, 104, 105, 106}
Added 2 singletons
added:  {66, 76}
chunks ... [0, 5000, 10000, 15000, 20000]
num codes: 544
num codes with support 0: 0
chunks ... [0, 5000, 10000, 15000, 20000]
database_size: 840459.5084557331
codetable_size: 15908.27249542266
complete: 856367.7809511557
Partition ratio: 0.62365847691567
current singletons: {2, 3, 4, 5, 6, 7, 8, 10, 12, 13, 14, 15, 18, 19, 20, 23, 24, 25, 26, 27, 28, 29, 30, 31, 32, 33, 34, 37, 38, 39, 40, 41, 42, 43, 45, 46, 47, 48, 50, 51, 52, 53, 54, 55, 56, 57, 58, 59, 60, 62, 63, 64, 65, 66, 67, 68, 69, 70, 72, 73, 74, 75, 76, 77, 78, 79, 80, 81, 82, 83, 84, 85, 86, 87, 88, 89, 90, 91, 92, 93, 94, 95, 96, 97, 98, 99, 100, 101, 102, 103, 104, 105, 106}
Added 9 singletons
added:  {1, 35, 9, 11, 44, 16, 17, 49, 22}
chunks ... [0, 5000, 10000, 15000, 20000]
num codes: 510
num codes with support 0: 0
chunks ... [0, 5000, 10000, 15000, 20000]
database_size: 803401.125438101
codetable_size: 13260.859764641142
complete: 816661.9852027422
Partition ratio: 0.5947423305449173
current singletons: {1, 2, 3, 4, 5, 6, 7, 8, 9, 10, 11, 12, 13, 14, 15, 16, 17, 18, 19, 20, 22, 23, 24, 25, 26, 27, 28, 29, 30, 31, 32, 33, 34, 35, 37, 38, 39, 40, 41, 42, 43, 44, 45, 46, 47, 48, 49, 50, 51, 52, 53, 54, 55, 56, 57, 58, 59, 60, 62, 63, 64, 65, 67, 68, 69, 70, 72, 73, 74, 75, 76, 77, 78, 79, 80, 81, 82, 83, 84, 85, 87, 88, 89, 90, 91, 92, 93, 94, 95, 96, 97, 98, 99, 100, 101, 102, 103, 104, 105, 106}
Added 2 singletons
added:  {66, 86}
chunks ... [0, 5000, 10000, 15000, 20000]
num codes: 531
num codes with support 0: 0
chunks ... [0, 5000, 10000, 15000, 20000]
database_size: 775287.6108198923
codetable_size: 15802.573839132308
complete: 791090.1846590246
Partition ratio: 0.5761194087888315
current singletons: {1, 2, 3, 4, 5, 6, 7, 8, 9, 10, 11, 12, 13, 14, 15, 16, 17, 19, 20, 22, 23, 24, 25, 26, 27, 28, 29, 30, 31, 32, 33, 34, 35, 37, 38, 39, 40, 41, 42, 43, 44, 45, 46, 47, 48, 49, 50, 51, 52, 53, 54, 55, 56, 57, 58, 59, 60, 62, 63, 64, 65, 66, 67, 68, 69, 70, 72, 73, 74, 75, 76, 77, 78, 79, 80, 81, 82, 83, 84, 85, 86, 87, 88, 89, 90, 91, 92, 93, 94, 95, 96, 97, 98, 99, 100, 101, 102, 103, 104, 105, 106}
Added 1 singletons
added:  {18}
chunks ... [0, 5000, 10000, 15000, 20000]
num codes: 481
num codes with support 0: 0
chunks ... [0, 5000, 10000, 15000, 20000]
database_size: 749563.6873832928
codetable_size: 12151.693433247694
complete: 761715.3808165406
Partition ratio: 0.5547269115095054
current singletons: {1, 2, 3, 4, 5, 6, 7, 8, 9, 10, 11, 12, 13, 14, 15, 16, 17, 18, 19, 20, 22, 23, 24, 25, 26, 27, 28, 29, 30, 31, 32, 33, 34, 35, 37, 38, 39, 40, 41, 42, 43, 44, 45, 46, 47, 48, 49, 50, 51, 52, 53, 54, 55, 56, 57, 58, 59, 60, 62, 63, 64, 65, 66, 67, 68, 69, 70, 72, 73, 74, 75, 76, 77, 78, 79, 80, 81, 82, 83, 84, 85, 86, 87, 88, 89, 90, 91, 92, 93, 94, 95, 96, 97, 98, 99, 100, 101, 102, 103, 104, 105, 106}
Added 0 singletons
added:  set()
chunks ... [0, 5000, 10000, 15000, 20000]
num codes: 609
num codes with support 0: 0
chunks ... [0, 5000, 10000, 15000, 20000]
database_size: 695244.4353234711
codetable_size: 16052.271098212877
complete: 711296.706421684
Partition ratio: 0.5180090031754496
current singletons: {1, 2, 3, 4, 5, 6, 7, 8, 9, 10, 11, 12, 13, 14, 15, 16, 17, 18, 19, 20, 22, 23, 24, 25, 26, 27, 28, 29, 30, 31, 32, 33, 34, 35, 37, 38, 39, 40, 41, 42, 43, 44, 45, 46, 47, 48, 49, 50, 51, 52, 53, 54, 55, 56, 57, 58, 59, 60, 62, 63, 64, 65, 66, 67, 68, 69, 70, 72, 73, 74, 75, 76, 77, 78, 79, 80, 81, 82, 83, 84, 85, 86, 87, 88, 89, 90, 91, 92, 93, 94, 95, 96, 97, 98, 99, 100, 101, 102, 103, 104, 106}
Added 1 singletons
added:  {105}
chunks ... [0, 5000, 10000, 15000, 20000]
num codes: 392
num codes with support 0: 0
chunks ... [0, 5000, 10000, 15000, 20000]
database_size: 795726.1140251292
codetable_size: 8296.473425837377
complete: 804022.5874509666
Partition ratio: 0.5855375616052819
current singletons: {2, 3, 4, 5, 6, 7, 8, 9, 10, 13, 14, 15, 17, 18, 19, 20, 23, 24, 25, 26, 27, 28, 29, 30, 31, 32, 33, 34, 35, 37, 38, 39, 40, 41, 42, 43, 44, 45, 46, 47, 48, 49, 50, 51, 52, 53, 54, 55, 56, 57, 58, 59, 60, 62, 63, 64, 65, 66, 67, 68, 69, 70, 72, 73, 74, 75, 76, 77, 78, 79, 80, 81, 82, 83, 84, 85, 86, 87, 88, 89, 90, 91, 92, 93, 94, 95, 96, 97, 98, 99, 100, 101, 102, 103, 104, 105, 106}
Added 5 singletons
added:  {1, 11, 12, 16, 22}
chunks ... [0, 5000, 10000, 15000, 20000]
num codes: 355
num codes with support 0: 0
chunks ... [0, 5000, 10000, 15000, 20000]
database_size: 781216.7347773243
codetable_size: 7873.708870415988
complete: 789090.4436477403
Partition ratio: 0.5746630772207076
initial ratio: 0.5180090031754496
merged: {5}
merged: {5}
to_process: {0, 1, 2, 3, 4, 6, 7}
[(0, 0.22290016263616902), (1, 0.23792538396214014), (2, 0.4114149076133422), (3, 0.24475097419225603), (4, 0.3418557459446207), (6, 0.15514795953612107), (7, 0.18718207807138715)]
next_candidate: 6
chunks ... [0, 5000, 10000, 15000, 20000]
chunks ... [0, 5000, 10000, 15000, 20000]
database_size: 693422.1578564106
codetable_size: 23561.617527673327
complete: 716983.775384084
current_ratio: 0.5180090031754496 --- candidate_ratio:0.5221506685277651
!!!!! ********* merge rejected ... 
merged: {5}
to_process: {0, 1, 2, 3, 4, 7}
[(0, 0.22290016263616902), (1, 0.23792538396214014), (2, 0.4114149076133422), (3, 0.24475097419225603), (4, 0.3418557459446207), (7, 0.18718207807138715)]
next_candidate: 7
chunks ... [0, 5000, 10000, 15000, 20000]
chunks ... [0, 5000, 10000, 15000, 20000]
database_size: 699774.9313367272
codetable_size: 22907.407561884364
complete: 722682.3388986116
current_ratio: 0.5180090031754496 --- candidate_ratio:0.5263007049036434
!!!!! ********* merge rejected ... 
merged: {5}
to_process: {0, 1, 2, 3, 4}
[(0, 0.22290016263616902), (1, 0.23792538396214014), (2, 0.4114149076133422), (3, 0.24475097419225603), (4, 0.3418557459446207)]
next_candidate: 0
chunks ... [0, 5000, 10000, 15000, 20000]
chunks ... [0, 5000, 10000, 15000, 20000]
database_size: 644496.4623637819
codetable_size: 25506.986939156148
complete: 670003.4493029381
current_ratio: 0.5180090031754496 --- candidate_ratio:0.4879367720448472
!!!!! ********* merge accepted ... 
merged: {0, 5}
to_process: {1, 2, 3, 4}
[(1, 0.2122747917530439), (2, 0.32550070905804973), (3, 0.23046586411353878), (4, 0.2628076222515417)]
next_candidate: 1
chunks ... [0, 5000, 10000, 15000, 20000]
chunks ... [0, 5000, 10000, 15000, 20000]
database_size: 596202.4000892007
codetable_size: 39499.62811765486
complete: 635702.0282068555
current_ratio: 0.4879367720448472 --- candidate_ratio:0.46295641604282006
!!!!! ********* merge accepted ... 
merged: {0, 1, 5}
to_process: {2, 3, 4}
[(2, 0.24733742052458543), (3, 0.1847992080019068), (4, 0.19407522694191467)]
next_candidate: 3
chunks ... [0, 5000, 10000, 15000, 20000]
chunks ... [0, 5000, 10000, 15000, 20000]
database_size: 539203.8953469883
codetable_size: 52111.81402897484
complete: 591315.7093759632
current_ratio: 0.46295641604282006 --- candidate_ratio:0.43063163151248457
!!!!! ********* merge accepted ... 
merged: {0, 1, 3, 5}
to_process: {2, 4}
[(2, 0.18790665833841352), (4, 0.15103197801090695)]
next_candidate: 4
chunks ... [0, 5000, 10000, 15000, 20000]
chunks ... [0, 5000, 10000, 15000, 20000]
database_size: 535096.2561141393
codetable_size: 61256.14795224998
complete: 596352.4040663893
current_ratio: 0.43063163151248457 --- candidate_ratio:0.4342996552391964
!!!!! ********* merge rejected ... 
merged: {0, 1, 3, 5}
to_process: {2}
[(2, 0.18790665833841352)]
next_candidate: 2
chunks ... [0, 5000, 10000, 15000, 20000]
chunks ... [0, 5000, 10000, 15000, 20000]
database_size: 533506.9873481233
codetable_size: 63937.49344098327
complete: 597444.4807891066
current_ratio: 0.43063163151248457 --- candidate_ratio:0.43509497113117035
!!!!! ********* merge rejected ... 
merged table size: 1700
chunks ... [0, 5000, 10000, 15000, 20000]
chunks ... [0, 5000, 10000, 15000, 20000]
merged table size without non-used codes: 1652
database_size: 539203.8953469883
codetable_size: 52111.81402897484
complete: 591315.7093759632
database_size: 1372600.4814621517
codetable_size: 535.3174551653476
complete: 1373135.798917317
merged size: 591315.7093759632
sct size: 1373135.798917317
merged ratio: 0.43063163151248457
time elapsed: 62.47520422935486
