
-- MERGING METHOD naive
processing txmeans_batch_results/batch-5/chessBig_txmeans__0_k21...
chunks ... [0, 9, 18, 27, 36]
num codes: 37
num codes with support 0: 0
chunks ... [0, 9, 18, 27, 36]
num codes with usage 0: 12
database_size: 332.8658092253671
codetable_size: 243.49262678849087
complete: 576.358436013858
database_size: 727.0712969566754
codetable_size: 112.30298524020273
complete: 839.3742821968781
Partition 0 ratio: 0.6866524841639967
processing txmeans_batch_results/batch-5/chessBig_txmeans__1_k21...
chunks ... [0, 60, 120, 180, 241]
num codes: 56
num codes with support 0: 0
chunks ... [0, 60, 120, 180, 241]
num codes with usage 0: 13
database_size: 2591.9729044037554
codetable_size: 552.2182495046292
complete: 3144.1911539083844
database_size: 5691.956749094773
codetable_size: 169.70848825490577
complete: 5861.665237349679
Partition 1 ratio: 0.536398962853432
processing txmeans_batch_results/batch-5/chessBig_txmeans__2_k21...
chunks ... [0, 112, 224, 336, 450]
num codes: 90
num codes with support 0: 0
chunks ... [0, 112, 224, 336, 450]
num codes with usage 0: 16
database_size: 5880.32985137565
codetable_size: 1197.892470761355
complete: 7078.222322137005
database_size: 12802.519739182344
codetable_size: 226.7240880282055
complete: 13029.24382721055
Partition 2 ratio: 0.543256570834502
processing txmeans_batch_results/batch-5/chessBig_txmeans__3_k21...
chunks ... [0, 2, 4, 6, 8]
num codes: 19
num codes with support 0: 0
chunks ... [0, 2, 4, 6, 8]
num codes with usage 0: 8
database_size: 55.075080261276284
codetable_size: 84.30970098689392
complete: 139.3847812481702
database_size: 176.53438598680896
codetable_size: 49.3254885188088
complete: 225.85987450561777
Partition 3 ratio: 0.6171294549475335
processing txmeans_batch_results/batch-5/chessBig_txmeans__4_k21...
chunks ... [0, 8, 16, 24, 34]
num codes: 32
num codes with support 0: 0
chunks ... [0, 8, 16, 24, 34]
num codes with usage 0: 10
database_size: 302.3062089689752
codetable_size: 222.85356654753528
complete: 525.1597755165105
database_size: 971.9295396265702
codetable_size: 111.34725261092976
complete: 1083.2767922374999
Partition 4 ratio: 0.48478817166552335
processing txmeans_batch_results/batch-5/chessBig_txmeans__5_k21...
chunks ... [0, 11, 22, 33, 44]
num codes: 43
num codes with support 0: 0
chunks ... [0, 11, 22, 33, 44]
num codes with usage 0: 16
database_size: 442.7523883406755
codetable_size: 307.23894631417033
complete: 749.9913346548458
database_size: 1505.7716386716004
codetable_size: 133.81261190882898
complete: 1639.5842505804294
Partition 5 ratio: 0.4574277499856084
processing txmeans_batch_results/batch-5/chessBig_txmeans__6_k21...
chunks ... [0, 52, 104, 156, 211]
num codes: 60
num codes with support 0: 0
chunks ... [0, 52, 104, 156, 211]
num codes with usage 0: 12
database_size: 2832.8790241172396
codetable_size: 636.1082858129613
complete: 3468.987309930201
database_size: 8160.315637974337
codetable_size: 208.21690048702956
complete: 8368.532538461366
Partition 6 ratio: 0.41452755235005717
processing txmeans_batch_results/batch-5/chessBig_txmeans__7_k21...
chunks ... [0, 135, 270, 405, 541]
num codes: 85
num codes with support 0: 0
chunks ... [0, 135, 270, 405, 541]
num codes with usage 0: 15
database_size: 6893.063836716414
codetable_size: 1244.0425818668302
complete: 8137.106418583244
database_size: 20619.807326821046
codetable_size: 252.8415002563865
complete: 20872.64882707743
Partition 7 ratio: 0.3898454137755258
processing txmeans_batch_results/batch-5/chessBig_txmeans__8_k21...
chunks ... [0, 12, 24, 36, 49]
num codes: 48
num codes with support 0: 0
chunks ... [0, 12, 24, 36, 49]
num codes with usage 0: 20
database_size: 466.70302420585244
codetable_size: 341.06136835110823
complete: 807.7643925569607
database_size: 1939.1793640315393
codetable_size: 151.79057363071263
complete: 2090.969937662252
Partition 8 ratio: 0.3863108589021888
processing txmeans_batch_results/batch-5/chessBig_txmeans__9_k21...
chunks ... [0, 16, 32, 48, 67]
num codes: 44
num codes with support 0: 0
chunks ... [0, 16, 32, 48, 67]
num codes with usage 0: 18
database_size: 591.9070234610695
codetable_size: 355.07953247699095
complete: 946.9865559380604
database_size: 2720.531803229753
codetable_size: 143.85545242754307
complete: 2864.3872556572965
Partition 9 ratio: 0.33060702740794506
processing txmeans_batch_results/batch-5/chessBig_txmeans__10_k21...
chunks ... [0, 73, 146, 219, 293]
num codes: 67
num codes with support 0: 0
chunks ... [0, 73, 146, 219, 293]
num codes with usage 0: 21
database_size: 3186.311248805673
codetable_size: 771.333104675288
complete: 3957.6443534809614
database_size: 12588.196066860997
codetable_size: 232.66967259741836
complete: 12820.865739458415
Partition 10 ratio: 0.3086877621142722
processing txmeans_batch_results/batch-5/chessBig_txmeans__11_k21...
chunks ... [0, 61, 122, 183, 246]
num codes: 51
num codes with support 0: 0
chunks ... [0, 61, 122, 183, 246]
num codes with usage 0: 15
database_size: 2621.091039224946
codetable_size: 539.48315438928
complete: 3160.5741936142263
database_size: 11064.385116480646
codetable_size: 188.83138672608004
complete: 11253.216503206726
Partition 11 ratio: 0.2808596273530849
processing txmeans_batch_results/batch-5/chessBig_txmeans__12_k21...
chunks ... [0, 6, 12, 18, 27]
num codes: 32
num codes with support 0: 0
chunks ... [0, 6, 12, 18, 27]
num codes with usage 0: 17
database_size: 172.71924541389228
codetable_size: 190.84804400353397
complete: 363.56728941742625
database_size: 1125.3538905276014
codetable_size: 99.10709177354896
complete: 1224.4609823011504
Partition 12 ratio: 0.2969202732243604
processing txmeans_batch_results/batch-5/chessBig_txmeans__13_k21...
chunks ... [0, 8, 16, 24, 32]
num codes: 24
num codes with support 0: 0
chunks ... [0, 8, 16, 24, 32]
num codes with usage 0: 13
database_size: 206.07324469565552
codetable_size: 108.41059517182275
complete: 314.48383986747825
database_size: 1314.8838955612373
codetable_size: 75.42456578680753
complete: 1390.3084613480448
Partition 13 ratio: 0.22619717034776177
processing txmeans_batch_results/batch-5/chessBig_txmeans__14_k21...
chunks ... [0, 4, 8, 12, 18]
num codes: 26
num codes with support 0: 0
chunks ... [0, 4, 8, 12, 18]
num codes with usage 0: 14
database_size: 114.37117792959758
codetable_size: 129.64523798587715
complete: 244.01641591547474
database_size: 762.9046671440204
codetable_size: 81.88716717588233
complete: 844.7918343199028
Partition 14 ratio: 0.2888479812448938
processing txmeans_batch_results/batch-5/chessBig_txmeans__15_k21...
chunks ... [0, 12, 24, 36, 48]
num codes: 33
num codes with support 0: 0
chunks ... [0, 12, 24, 36, 48]
num codes with usage 0: 17
database_size: 338.7547403884064
codetable_size: 216.74758932858407
complete: 555.5023297169905
database_size: 2456.8221899924515
codetable_size: 107.7363829177025
complete: 2564.558572910154
Partition 15 ratio: 0.21660738638799334
processing txmeans_batch_results/batch-5/chessBig_txmeans__16_k21...
chunks ... [0, 2, 4, 6, 9]
num codes: 26
num codes with support 0: 0
chunks ... [0, 2, 4, 6, 9]
num codes with usage 0: 20
database_size: 28.19135131500785
codetable_size: 89.75697452228175
complete: 117.9483258372896
database_size: 452.8821379734483
codetable_size: 67.44235758295878
complete: 520.3244955564071
Partition 16 ratio: 0.22668224702963866
processing txmeans_batch_results/batch-5/chessBig_txmeans__17_k21...
chunks ... [0, 37, 74, 111, 148]
num codes: 55
num codes with support 0: 0
chunks ... [0, 37, 74, 111, 148]
num codes with usage 0: 19
database_size: 1483.1253699877745
codetable_size: 503.13099281422353
complete: 1986.256362801998
database_size: 8647.137295184302
codetable_size: 231.55027526391137
complete: 8878.687570448214
Partition 17 ratio: 0.22371058188972043
processing txmeans_batch_results/batch-5/chessBig_txmeans__18_k21...
chunks ... [0, 473, 946, 1419, 1895]
num codes: 104
num codes with support 0: 0
chunks ... [0, 473, 946, 1419, 1895]
num codes with usage 0: 21
database_size: 19298.613947326434
codetable_size: 2471.6916397201517
complete: 21770.305587046587
database_size: 114989.29517717073
codetable_size: 309.34775363038784
complete: 115298.64293080111
Partition 18 ratio: 0.18881666803409378
processing txmeans_batch_results/batch-5/chessBig_txmeans__19_k21...
chunks ... [0, 1415, 2830, 4245, 5663]
num codes: 200
num codes with support 0: 0
chunks ... [0, 1415, 2830, 4245, 5663]
num codes with usage 0: 27
database_size: 60674.88770290422
codetable_size: 6015.85136040135
complete: 66690.73906330558
database_size: 360917.23868780915
codetable_size: 277.3724227853111
complete: 361194.6111105945
Partition 19 ratio: 0.18463935233763906
processing txmeans_batch_results/batch-5/chessBig_txmeans__20_k21...
chunks ... [0, 4498, 8996, 13494, 17995]
num codes: 542
num codes with support 0: 0
chunks ... [0, 4498, 8996, 13494, 17995]
num codes with usage 0: 21
database_size: 220632.2217830684
codetable_size: 17750.281420643958
complete: 238382.50320371237
database_size: 1197576.7583264743
codetable_size: 286.5180666809458
complete: 1197863.2763931553
Partition 20 ratio: 0.1990064374637961
number of codetables: 21
size: 37
size: 56
size: 90
size: 19
size: 32
size: 43
size: 60
size: 85
size: 48
size: 44
size: 67
size: 51
size: 32
size: 24
size: 26
size: 33
size: 26
size: 55
size: 104
size: 200
size: 542
merged table size: 875
chunks ... [0, 7014, 14028, 21042, 28056]
chunks ... [0, 7014, 14028, 21042, 28056]
merged table size without non-used codes: 513
database_size: 670418.1409567706
codetable_size: 9278.712244165974
complete: 679696.8532009366
database_size: 750710.600704819
codetable_size: 258.1889058609846
complete: 750968.78961068
merged size: 679696.8532009366
sct size: 750968.78961068
merged ratio: 0.9050933442298016
time elapsed: 6.848570346832275
-- MERGING METHOD naive_plus
processing txmeans_batch_results/batch-5/chessBig_txmeans__0_k21...
chunks ... [0, 9, 18, 27, 36]
num codes: 37
num codes with support 0: 0
chunks ... [0, 9, 18, 27, 36]
num codes with usage 0: 12
database_size: 332.8658092253671
codetable_size: 243.49262678849087
complete: 576.358436013858
database_size: 727.0712969566754
codetable_size: 112.30298524020273
complete: 839.3742821968781
Partition 0 ratio: 0.6866524841639967
processing txmeans_batch_results/batch-5/chessBig_txmeans__1_k21...
chunks ... [0, 60, 120, 180, 241]
num codes: 56
num codes with support 0: 0
chunks ... [0, 60, 120, 180, 241]
num codes with usage 0: 13
database_size: 2591.9729044037554
codetable_size: 552.2182495046292
complete: 3144.1911539083844
database_size: 5691.956749094773
codetable_size: 169.70848825490577
complete: 5861.665237349679
Partition 1 ratio: 0.536398962853432
processing txmeans_batch_results/batch-5/chessBig_txmeans__2_k21...
chunks ... [0, 112, 224, 336, 450]
num codes: 90
num codes with support 0: 0
chunks ... [0, 112, 224, 336, 450]
num codes with usage 0: 16
database_size: 5880.32985137565
codetable_size: 1197.892470761355
complete: 7078.222322137005
database_size: 12802.519739182344
codetable_size: 226.7240880282055
complete: 13029.24382721055
Partition 2 ratio: 0.543256570834502
processing txmeans_batch_results/batch-5/chessBig_txmeans__3_k21...
chunks ... [0, 2, 4, 6, 8]
num codes: 19
num codes with support 0: 0
chunks ... [0, 2, 4, 6, 8]
num codes with usage 0: 8
database_size: 55.075080261276284
codetable_size: 84.30970098689392
complete: 139.3847812481702
database_size: 176.53438598680896
codetable_size: 49.3254885188088
complete: 225.85987450561777
Partition 3 ratio: 0.6171294549475335
processing txmeans_batch_results/batch-5/chessBig_txmeans__4_k21...
chunks ... [0, 8, 16, 24, 34]
num codes: 32
num codes with support 0: 0
chunks ... [0, 8, 16, 24, 34]
num codes with usage 0: 10
database_size: 302.3062089689752
codetable_size: 222.85356654753528
complete: 525.1597755165105
database_size: 971.9295396265702
codetable_size: 111.34725261092976
complete: 1083.2767922374999
Partition 4 ratio: 0.48478817166552335
processing txmeans_batch_results/batch-5/chessBig_txmeans__5_k21...
chunks ... [0, 11, 22, 33, 44]
num codes: 43
num codes with support 0: 0
chunks ... [0, 11, 22, 33, 44]
num codes with usage 0: 16
database_size: 442.7523883406755
codetable_size: 307.23894631417033
complete: 749.9913346548458
database_size: 1505.7716386716004
codetable_size: 133.81261190882898
complete: 1639.5842505804294
Partition 5 ratio: 0.4574277499856084
processing txmeans_batch_results/batch-5/chessBig_txmeans__6_k21...
chunks ... [0, 52, 104, 156, 211]
num codes: 60
num codes with support 0: 0
chunks ... [0, 52, 104, 156, 211]
num codes with usage 0: 12
database_size: 2832.8790241172396
codetable_size: 636.1082858129613
complete: 3468.987309930201
database_size: 8160.315637974337
codetable_size: 208.21690048702956
complete: 8368.532538461366
Partition 6 ratio: 0.41452755235005717
processing txmeans_batch_results/batch-5/chessBig_txmeans__7_k21...
chunks ... [0, 135, 270, 405, 541]
num codes: 85
num codes with support 0: 0
chunks ... [0, 135, 270, 405, 541]
num codes with usage 0: 15
database_size: 6893.063836716414
codetable_size: 1244.0425818668302
complete: 8137.106418583244
database_size: 20619.807326821046
codetable_size: 252.8415002563865
complete: 20872.64882707743
Partition 7 ratio: 0.3898454137755258
processing txmeans_batch_results/batch-5/chessBig_txmeans__8_k21...
chunks ... [0, 12, 24, 36, 49]
num codes: 48
num codes with support 0: 0
chunks ... [0, 12, 24, 36, 49]
num codes with usage 0: 20
database_size: 466.70302420585244
codetable_size: 341.06136835110823
complete: 807.7643925569607
database_size: 1939.1793640315393
codetable_size: 151.79057363071263
complete: 2090.969937662252
Partition 8 ratio: 0.3863108589021888
processing txmeans_batch_results/batch-5/chessBig_txmeans__9_k21...
chunks ... [0, 16, 32, 48, 67]
num codes: 44
num codes with support 0: 0
chunks ... [0, 16, 32, 48, 67]
num codes with usage 0: 18
database_size: 591.9070234610695
codetable_size: 355.07953247699095
complete: 946.9865559380604
database_size: 2720.531803229753
codetable_size: 143.85545242754307
complete: 2864.3872556572965
Partition 9 ratio: 0.33060702740794506
processing txmeans_batch_results/batch-5/chessBig_txmeans__10_k21...
chunks ... [0, 73, 146, 219, 293]
num codes: 67
num codes with support 0: 0
chunks ... [0, 73, 146, 219, 293]
num codes with usage 0: 21
database_size: 3186.311248805673
codetable_size: 771.333104675288
complete: 3957.6443534809614
database_size: 12588.196066860997
codetable_size: 232.66967259741836
complete: 12820.865739458415
Partition 10 ratio: 0.3086877621142722
processing txmeans_batch_results/batch-5/chessBig_txmeans__11_k21...
chunks ... [0, 61, 122, 183, 246]
num codes: 51
num codes with support 0: 0
chunks ... [0, 61, 122, 183, 246]
num codes with usage 0: 15
database_size: 2621.091039224946
codetable_size: 539.48315438928
complete: 3160.5741936142263
database_size: 11064.385116480646
codetable_size: 188.83138672608004
complete: 11253.216503206726
Partition 11 ratio: 0.2808596273530849
processing txmeans_batch_results/batch-5/chessBig_txmeans__12_k21...
chunks ... [0, 6, 12, 18, 27]
num codes: 32
num codes with support 0: 0
chunks ... [0, 6, 12, 18, 27]
num codes with usage 0: 17
database_size: 172.71924541389228
codetable_size: 190.84804400353397
complete: 363.56728941742625
database_size: 1125.3538905276014
codetable_size: 99.10709177354896
complete: 1224.4609823011504
Partition 12 ratio: 0.2969202732243604
processing txmeans_batch_results/batch-5/chessBig_txmeans__13_k21...
chunks ... [0, 8, 16, 24, 32]
num codes: 24
num codes with support 0: 0
chunks ... [0, 8, 16, 24, 32]
num codes with usage 0: 13
database_size: 206.07324469565552
codetable_size: 108.41059517182275
complete: 314.48383986747825
database_size: 1314.8838955612373
codetable_size: 75.42456578680753
complete: 1390.3084613480448
Partition 13 ratio: 0.22619717034776177
processing txmeans_batch_results/batch-5/chessBig_txmeans__14_k21...
chunks ... [0, 4, 8, 12, 18]
num codes: 26
num codes with support 0: 0
chunks ... [0, 4, 8, 12, 18]
num codes with usage 0: 14
database_size: 114.37117792959758
codetable_size: 129.64523798587715
complete: 244.01641591547474
database_size: 762.9046671440204
codetable_size: 81.88716717588233
complete: 844.7918343199028
Partition 14 ratio: 0.2888479812448938
processing txmeans_batch_results/batch-5/chessBig_txmeans__15_k21...
chunks ... [0, 12, 24, 36, 48]
num codes: 33
num codes with support 0: 0
chunks ... [0, 12, 24, 36, 48]
num codes with usage 0: 17
database_size: 338.7547403884064
codetable_size: 216.74758932858407
complete: 555.5023297169905
database_size: 2456.8221899924515
codetable_size: 107.7363829177025
complete: 2564.558572910154
Partition 15 ratio: 0.21660738638799334
processing txmeans_batch_results/batch-5/chessBig_txmeans__16_k21...
chunks ... [0, 2, 4, 6, 9]
num codes: 26
num codes with support 0: 0
chunks ... [0, 2, 4, 6, 9]
num codes with usage 0: 20
database_size: 28.19135131500785
codetable_size: 89.75697452228175
complete: 117.9483258372896
database_size: 452.8821379734483
codetable_size: 67.44235758295878
complete: 520.3244955564071
Partition 16 ratio: 0.22668224702963866
processing txmeans_batch_results/batch-5/chessBig_txmeans__17_k21...
chunks ... [0, 37, 74, 111, 148]
num codes: 55
num codes with support 0: 0
chunks ... [0, 37, 74, 111, 148]
num codes with usage 0: 19
database_size: 1483.1253699877745
codetable_size: 503.13099281422353
complete: 1986.256362801998
database_size: 8647.137295184302
codetable_size: 231.55027526391137
complete: 8878.687570448214
Partition 17 ratio: 0.22371058188972043
processing txmeans_batch_results/batch-5/chessBig_txmeans__18_k21...
chunks ... [0, 473, 946, 1419, 1895]
num codes: 104
num codes with support 0: 0
chunks ... [0, 473, 946, 1419, 1895]
num codes with usage 0: 21
database_size: 19298.613947326434
codetable_size: 2471.6916397201517
complete: 21770.305587046587
database_size: 114989.29517717073
codetable_size: 309.34775363038784
complete: 115298.64293080111
Partition 18 ratio: 0.18881666803409378
processing txmeans_batch_results/batch-5/chessBig_txmeans__19_k21...
chunks ... [0, 1415, 2830, 4245, 5663]
num codes: 200
num codes with support 0: 0
chunks ... [0, 1415, 2830, 4245, 5663]
num codes with usage 0: 27
database_size: 60674.88770290422
codetable_size: 6015.85136040135
complete: 66690.73906330558
database_size: 360917.23868780915
codetable_size: 277.3724227853111
complete: 361194.6111105945
Partition 19 ratio: 0.18463935233763906
processing txmeans_batch_results/batch-5/chessBig_txmeans__20_k21...
chunks ... [0, 4498, 8996, 13494, 17995]
num codes: 542
num codes with support 0: 0
chunks ... [0, 4498, 8996, 13494, 17995]
num codes with usage 0: 21
database_size: 220632.2217830684
codetable_size: 17750.281420643958
complete: 238382.50320371237
database_size: 1197576.7583264743
codetable_size: 286.5180666809458
complete: 1197863.2763931553
Partition 20 ratio: 0.1990064374637961
number of codetables: 21
size: 37
size: 56
size: 90
size: 19
size: 32
size: 43
size: 60
size: 85
size: 48
size: 44
size: 67
size: 51
size: 32
size: 24
size: 26
size: 33
size: 26
size: 55
size: 104
size: 200
size: 542
database_size: 750710.600704819
codetable_size: 258.1889058609846
complete: 750968.78961068
current singletons: {1, 2, 5, 9, 10, 13, 14, 15, 16, 17, 18, 19, 20, 21, 23, 24, 25, 26, 27, 29, 30, 32, 35, 41, 51, 53, 54, 55, 57}
Added 29 singletons
added:  {3, 4, 6, 7, 8, 11, 12, 22, 28, 31, 33, 34, 36, 37, 38, 39, 40, 42, 43, 44, 45, 46, 47, 48, 49, 50, 52, 56, 58}
chunks ... [0, 7014, 14028, 21042, 28056]
num codes: 66
num codes with support 0: 0
chunks ... [0, 7014, 14028, 21042, 28056]
database_size: 748599.0267685229
codetable_size: 705.4173541839726
complete: 749304.4441227069
Partition ratio: 0.9977837354747646
current singletons: {1, 2, 5, 6, 9, 10, 11, 12, 13, 14, 15, 16, 17, 18, 19, 20, 21, 22, 23, 24, 28, 33, 34, 35, 36, 37, 38, 39, 40, 41, 48, 49, 50, 52, 53, 54, 57, 58}
Added 20 singletons
added:  {3, 4, 7, 8, 25, 26, 27, 29, 30, 31, 32, 42, 43, 44, 45, 46, 47, 51, 55, 56}
chunks ... [0, 7014, 14028, 21042, 28056]
num codes: 76
num codes with support 0: 10
chunks ... [0, 7014, 14028, 21042, 28056]
database_size: 747728.5827605816
codetable_size: 704.3537767430871
complete: 748432.9365373247
Partition ratio: 0.9966232244156645
current singletons: {1, 2, 3, 4, 5, 6, 9, 10, 11, 12, 13, 14, 15, 16, 17, 18, 19, 20, 21, 22, 23, 24, 25, 26, 27, 28, 29, 30, 31, 32, 33, 34, 35, 36, 37, 38, 39, 40, 41, 48, 50, 51, 52, 53, 54, 55, 56, 57, 58}
Added 9 singletons
added:  {7, 8, 42, 43, 44, 45, 46, 47, 49}
chunks ... [0, 7014, 14028, 21042, 28056]
num codes: 99
num codes with support 0: 25
chunks ... [0, 7014, 14028, 21042, 28056]
database_size: 748101.5108750678
codetable_size: 934.4494368610352
complete: 749035.9603119289
Partition ratio: 0.9974262188715551
current singletons: {1, 33, 35, 36, 5, 37, 41, 13, 18, 19, 20, 21, 57, 58, 28, 29}
Added 42 singletons
added:  {2, 3, 4, 6, 7, 8, 9, 10, 11, 12, 14, 15, 16, 17, 22, 23, 24, 25, 26, 27, 30, 31, 32, 34, 38, 39, 40, 42, 43, 44, 45, 46, 47, 48, 49, 50, 51, 52, 53, 54, 55, 56}
chunks ... [0, 7014, 14028, 21042, 28056]
num codes: 61
num codes with support 0: 1
chunks ... [0, 7014, 14028, 21042, 28056]
database_size: 749377.723265199
codetable_size: 545.6422721373809
complete: 749923.3655373363
Partition ratio: 0.9986078994389559
current singletons: {1, 2, 5, 6, 11, 13, 17, 18, 19, 20, 21, 23, 24, 28, 29, 30, 33, 34, 35, 36, 37, 38, 39, 40, 41, 51, 55, 57}
Added 30 singletons
added:  {3, 4, 7, 8, 9, 10, 12, 14, 15, 16, 22, 25, 26, 27, 31, 32, 42, 43, 44, 45, 46, 47, 48, 49, 50, 52, 53, 54, 56, 58}
chunks ... [0, 7014, 14028, 21042, 28056]
num codes: 62
num codes with support 0: 3
chunks ... [0, 7014, 14028, 21042, 28056]
database_size: 749889.0732803099
codetable_size: 531.0555384645147
complete: 750420.1288187745
Partition ratio: 0.9992693960128624
current singletons: {1, 2, 5, 6, 13, 14, 15, 17, 18, 19, 20, 21, 23, 24, 28, 29, 30, 31, 32, 33, 34, 35, 36, 37, 38, 39, 40, 41, 49, 51, 53, 54}
Added 26 singletons
added:  {3, 4, 7, 8, 9, 10, 11, 12, 16, 22, 25, 26, 27, 42, 43, 44, 45, 46, 47, 48, 50, 52, 55, 56, 57, 58}
chunks ... [0, 7014, 14028, 21042, 28056]
num codes: 69
num codes with support 0: 3
chunks ... [0, 7014, 14028, 21042, 28056]
database_size: 747387.8487290578
codetable_size: 643.6700551861824
complete: 748031.518784244
Partition ratio: 0.9960886912118428
current singletons: {1, 2, 5, 6, 9, 10, 11, 12, 13, 14, 15, 16, 17, 18, 19, 20, 21, 22, 23, 24, 25, 26, 27, 28, 29, 30, 31, 32, 33, 34, 35, 36, 37, 38, 39, 40, 41, 48, 51, 52, 53, 54, 55, 56, 57}
Added 13 singletons
added:  {3, 4, 7, 8, 42, 43, 44, 45, 46, 47, 49, 50, 58}
chunks ... [0, 7014, 14028, 21042, 28056]
num codes: 73
num codes with support 0: 9
chunks ... [0, 7014, 14028, 21042, 28056]
database_size: 747157.1504126205
codetable_size: 612.2203802000638
complete: 747769.3707928206
Partition ratio: 0.995739611469715
current singletons: {1, 2, 3, 4, 5, 6, 7, 9, 10, 11, 12, 13, 14, 15, 16, 17, 18, 19, 20, 21, 22, 23, 24, 25, 26, 27, 28, 29, 30, 31, 32, 33, 34, 35, 36, 37, 38, 39, 40, 41, 48, 49, 50, 51, 52, 53, 54, 55, 56, 57, 58}
Added 7 singletons
added:  {8, 42, 43, 44, 45, 46, 47}
chunks ... [0, 7014, 14028, 21042, 28056]
num codes: 92
num codes with support 0: 23
chunks ... [0, 7014, 14028, 21042, 28056]
database_size: 743055.4252463898
codetable_size: 680.8508122257113
complete: 743736.2760586155
Partition ratio: 0.9903690890325629
current singletons: {1, 2, 3, 5, 6, 9, 10, 11, 12, 13, 14, 15, 16, 17, 18, 19, 20, 21, 22, 23, 24, 26, 28, 29, 35, 36, 37, 38, 39, 40, 51, 52, 53, 54, 57}
Added 23 singletons
added:  {4, 7, 8, 25, 27, 30, 31, 32, 33, 34, 41, 42, 43, 44, 45, 46, 47, 48, 49, 50, 55, 56, 58}
chunks ... [0, 7014, 14028, 21042, 28056]
num codes: 71
num codes with support 0: 3
chunks ... [0, 7014, 14028, 21042, 28056]
database_size: 745114.581640986
codetable_size: 660.3479282862295
complete: 745774.9295692722
Partition ratio: 0.9930837870850793
current singletons: {1, 2, 3, 5, 6, 7, 9, 10, 11, 13, 14, 15, 16, 20, 21, 22, 25, 26, 27, 28, 29, 30, 32, 35, 37, 39, 40, 41, 50, 53, 54, 55, 57}
Added 25 singletons
added:  {4, 8, 12, 17, 18, 19, 23, 24, 31, 33, 34, 36, 38, 42, 43, 44, 45, 46, 47, 48, 49, 51, 52, 56, 58}
chunks ... [0, 7014, 14028, 21042, 28056]
num codes: 69
num codes with support 0: 4
chunks ... [0, 7014, 14028, 21042, 28056]
database_size: 744358.6976668924
codetable_size: 613.897901556964
complete: 744972.5955684494
Partition ratio: 0.9920153884885959
current singletons: {1, 2, 3, 4, 5, 6, 7, 9, 10, 11, 12, 13, 14, 15, 16, 17, 18, 19, 20, 21, 22, 23, 24, 25, 26, 27, 28, 29, 30, 32, 35, 36, 37, 38, 39, 40, 41, 48, 49, 50, 51, 52, 53, 54, 55, 56, 57}
Added 11 singletons
added:  {33, 34, 8, 42, 43, 44, 45, 46, 47, 58, 31}
chunks ... [0, 7014, 14028, 21042, 28056]
num codes: 78
num codes with support 0: 10
chunks ... [0, 7014, 14028, 21042, 28056]
database_size: 741656.6422677722
codetable_size: 669.909192585782
complete: 742326.551460358
Partition ratio: 0.9884918810609927
current singletons: {1, 2, 3, 4, 5, 6, 7, 8, 9, 10, 11, 12, 13, 14, 15, 16, 17, 18, 19, 20, 21, 22, 23, 24, 25, 26, 27, 28, 29, 30, 32, 35, 37, 41, 50, 51, 52, 53, 54, 55, 57}
Added 17 singletons
added:  {33, 34, 36, 38, 39, 40, 42, 43, 44, 45, 46, 47, 48, 49, 56, 58, 31}
chunks ... [0, 7014, 14028, 21042, 28056]
num codes: 68
num codes with support 0: 7
chunks ... [0, 7014, 14028, 21042, 28056]
database_size: 749009.4841507277
codetable_size: 564.886164131135
complete: 749574.3703148589
Partition ratio: 0.9981431727721414
current singletons: {1, 2, 3, 4, 5, 6, 13, 14, 15, 17, 18, 19, 21, 22, 23, 24, 25, 26, 27, 28, 29, 35, 37, 39, 41, 55}
Added 32 singletons
added:  {7, 8, 9, 10, 11, 12, 16, 20, 30, 31, 32, 33, 34, 36, 38, 40, 42, 43, 44, 45, 46, 47, 48, 49, 50, 51, 52, 53, 54, 56, 57, 58}
chunks ... [0, 7014, 14028, 21042, 28056]
num codes: 64
num codes with support 0: 2
chunks ... [0, 7014, 14028, 21042, 28056]
database_size: 744175.7067392817
codetable_size: 565.8783652548037
complete: 744741.5851045365
Partition ratio: 0.9917077718910638
current singletons: {1, 2, 3, 4, 5, 13, 17, 20, 21, 23, 24, 25, 26, 27, 28, 29, 35, 36, 37, 39, 40, 55}
Added 36 singletons
added:  {6, 7, 8, 9, 10, 11, 12, 14, 15, 16, 18, 19, 22, 30, 31, 32, 33, 34, 38, 41, 42, 43, 44, 45, 46, 47, 48, 49, 50, 51, 52, 53, 54, 56, 57, 58}
chunks ... [0, 7014, 14028, 21042, 28056]
num codes: 60
num codes with support 0: 1
chunks ... [0, 7014, 14028, 21042, 28056]
database_size: 748535.9944311458
codetable_size: 528.5131970008597
complete: 749064.5076281467
Partition ratio: 0.9974642328564407
current singletons: {1, 2, 3, 4, 5, 13, 17, 18, 19, 20, 24, 25, 26, 27, 28, 29, 35, 36, 37, 38, 39, 40, 55}
Added 35 singletons
added:  {6, 7, 8, 9, 10, 11, 12, 14, 15, 16, 21, 22, 23, 30, 31, 32, 33, 34, 41, 42, 43, 44, 45, 46, 47, 48, 49, 50, 51, 52, 53, 54, 56, 57, 58}
chunks ... [0, 7014, 14028, 21042, 28056]
num codes: 61
num codes with support 0: 1
chunks ... [0, 7014, 14028, 21042, 28056]
database_size: 749542.9480510548
codetable_size: 552.2651971584837
complete: 750095.2132482133
Partition ratio: 0.998836734129897
current singletons: {1, 2, 3, 4, 5, 6, 13, 17, 18, 20, 21, 22, 23, 24, 25, 26, 27, 28, 29, 35, 36, 37, 38, 39, 40, 53, 54, 55}
Added 30 singletons
added:  {7, 8, 9, 10, 11, 12, 14, 15, 16, 19, 30, 31, 32, 33, 34, 41, 42, 43, 44, 45, 46, 47, 48, 49, 50, 51, 52, 56, 57, 58}
chunks ... [0, 7014, 14028, 21042, 28056]
num codes: 63
num codes with support 0: 2
chunks ... [0, 7014, 14028, 21042, 28056]
database_size: 748039.6619054433
codetable_size: 566.5127355699913
complete: 748606.1746410133
Partition ratio: 0.9968539105721137
current singletons: {1, 2, 3, 4, 5, 6, 13, 21, 23, 25, 26, 27, 28, 29, 35, 37, 38, 39, 41, 53, 55}
Added 37 singletons
added:  {7, 8, 9, 10, 11, 12, 14, 15, 16, 17, 18, 19, 20, 22, 24, 30, 31, 32, 33, 34, 36, 40, 42, 43, 44, 45, 46, 47, 48, 49, 50, 51, 52, 54, 56, 57, 58}
chunks ... [0, 7014, 14028, 21042, 28056]
num codes: 63
num codes with support 0: 1
chunks ... [0, 7014, 14028, 21042, 28056]
database_size: 748949.6906709062
codetable_size: 575.5608488174421
complete: 749525.2515197237
Partition ratio: 0.9980777655330993
current singletons: {1, 2, 3, 4, 5, 6, 7, 8, 9, 10, 11, 13, 14, 15, 16, 17, 18, 20, 21, 22, 23, 24, 25, 26, 27, 28, 29, 33, 34, 35, 36, 37, 38, 39, 40, 41, 45, 46, 47, 48, 49, 50, 51, 52, 53, 54, 55, 57}
Added 10 singletons
added:  {32, 42, 43, 12, 44, 19, 56, 58, 30, 31}
chunks ... [0, 7014, 14028, 21042, 28056]
num codes: 65
num codes with support 0: 3
chunks ... [0, 7014, 14028, 21042, 28056]
database_size: 748147.942849001
codetable_size: 592.9937284322506
complete: 748740.9365774333
Partition ratio: 0.9970333613539363
current singletons: {1, 2, 3, 4, 5, 6, 7, 8, 9, 10, 11, 12, 13, 14, 15, 16, 17, 18, 19, 20, 21, 22, 23, 24, 25, 26, 27, 28, 29, 30, 31, 32, 33, 34, 35, 36, 37, 38, 39, 40, 41, 42, 43, 44, 45, 46, 47, 48, 49, 50, 51, 52, 53, 54, 55, 56, 57, 58}
Added 0 singletons
added:  set()
chunks ... [0, 7014, 14028, 21042, 28056]
num codes: 104
num codes with support 0: 32
chunks ... [0, 7014, 14028, 21042, 28056]
database_size: 740458.2971371803
codetable_size: 757.2347842420478
complete: 741215.5319214223
Partition ratio: 0.9870124327080039
current singletons: {1, 2, 3, 4, 5, 6, 7, 8, 9, 10, 11, 12, 13, 14, 15, 16, 17, 18, 19, 20, 21, 22, 23, 24, 25, 26, 27, 28, 29, 30, 31, 32, 33, 34, 35, 36, 37, 38, 39, 40, 41, 45, 46, 47, 48, 49, 50, 51, 52, 53, 54, 55, 56, 57, 58}
Added 3 singletons
added:  {42, 43, 44}
chunks ... [0, 7014, 14028, 21042, 28056]
num codes: 203
num codes with support 0: 75
chunks ... [0, 7014, 14028, 21042, 28056]
database_size: 714677.9073165968
codetable_size: 1578.1154024654911
complete: 716256.0227190623
Partition ratio: 0.9537760192276251
current singletons: {1, 2, 3, 4, 5, 6, 7, 8, 9, 10, 11, 12, 13, 14, 15, 16, 17, 18, 19, 20, 21, 22, 23, 24, 25, 26, 27, 28, 29, 30, 31, 32, 33, 34, 35, 36, 37, 38, 39, 40, 41, 42, 43, 44, 45, 46, 47, 48, 49, 50, 51, 52, 53, 54, 55, 56, 57, 58}
Added 0 singletons
added:  set()
chunks ... [0, 7014, 14028, 21042, 28056]
num codes: 542
num codes with support 0: 169
chunks ... [0, 7014, 14028, 21042, 28056]
database_size: 689309.622532304
codetable_size: 6676.714968296351
complete: 695986.3375006004
Partition ratio: 0.9267846375631885
merged table size: 542
chunks ... [0, 7014, 14028, 21042, 28056]
chunks ... [0, 7014, 14028, 21042, 28056]
merged table size without non-used codes: 373
database_size: 689309.622532304
codetable_size: 6676.714968296351
complete: 695986.3375006004
database_size: 750710.600704819
codetable_size: 258.1889058609846
complete: 750968.78961068
merged size: 695986.3375006004
sct size: 750968.78961068
merged ratio: 0.9267846375631885
time elapsed: 16.7574360370636
-- MERGING METHOD informed
processing txmeans_batch_results/batch-5/chessBig_txmeans__0_k21...
chunks ... [0, 9, 18, 27, 36]
num codes: 37
num codes with support 0: 0
chunks ... [0, 9, 18, 27, 36]
num codes with usage 0: 12
database_size: 332.8658092253671
codetable_size: 243.49262678849087
complete: 576.358436013858
database_size: 727.0712969566754
codetable_size: 112.30298524020273
complete: 839.3742821968781
Partition 0 ratio: 0.6866524841639967
processing txmeans_batch_results/batch-5/chessBig_txmeans__1_k21...
chunks ... [0, 60, 120, 180, 241]
num codes: 56
num codes with support 0: 0
chunks ... [0, 60, 120, 180, 241]
num codes with usage 0: 13
database_size: 2591.9729044037554
codetable_size: 552.2182495046292
complete: 3144.1911539083844
database_size: 5691.956749094773
codetable_size: 169.70848825490577
complete: 5861.665237349679
Partition 1 ratio: 0.536398962853432
processing txmeans_batch_results/batch-5/chessBig_txmeans__2_k21...
chunks ... [0, 112, 224, 336, 450]
num codes: 90
num codes with support 0: 0
chunks ... [0, 112, 224, 336, 450]
num codes with usage 0: 16
database_size: 5880.32985137565
codetable_size: 1197.892470761355
complete: 7078.222322137005
database_size: 12802.519739182344
codetable_size: 226.7240880282055
complete: 13029.24382721055
Partition 2 ratio: 0.543256570834502
processing txmeans_batch_results/batch-5/chessBig_txmeans__3_k21...
chunks ... [0, 2, 4, 6, 8]
num codes: 19
num codes with support 0: 0
chunks ... [0, 2, 4, 6, 8]
num codes with usage 0: 8
database_size: 55.075080261276284
codetable_size: 84.30970098689392
complete: 139.3847812481702
database_size: 176.53438598680896
codetable_size: 49.3254885188088
complete: 225.85987450561777
Partition 3 ratio: 0.6171294549475335
processing txmeans_batch_results/batch-5/chessBig_txmeans__4_k21...
chunks ... [0, 8, 16, 24, 34]
num codes: 32
num codes with support 0: 0
chunks ... [0, 8, 16, 24, 34]
num codes with usage 0: 10
database_size: 302.3062089689752
codetable_size: 222.85356654753528
complete: 525.1597755165105
database_size: 971.9295396265702
codetable_size: 111.34725261092976
complete: 1083.2767922374999
Partition 4 ratio: 0.48478817166552335
processing txmeans_batch_results/batch-5/chessBig_txmeans__5_k21...
chunks ... [0, 11, 22, 33, 44]
num codes: 43
num codes with support 0: 0
chunks ... [0, 11, 22, 33, 44]
num codes with usage 0: 16
database_size: 442.7523883406755
codetable_size: 307.23894631417033
complete: 749.9913346548458
database_size: 1505.7716386716004
codetable_size: 133.81261190882898
complete: 1639.5842505804294
Partition 5 ratio: 0.4574277499856084
processing txmeans_batch_results/batch-5/chessBig_txmeans__6_k21...
chunks ... [0, 52, 104, 156, 211]
num codes: 60
num codes with support 0: 0
chunks ... [0, 52, 104, 156, 211]
num codes with usage 0: 12
database_size: 2832.8790241172396
codetable_size: 636.1082858129613
complete: 3468.987309930201
database_size: 8160.315637974337
codetable_size: 208.21690048702956
complete: 8368.532538461366
Partition 6 ratio: 0.41452755235005717
processing txmeans_batch_results/batch-5/chessBig_txmeans__7_k21...
chunks ... [0, 135, 270, 405, 541]
num codes: 85
num codes with support 0: 0
chunks ... [0, 135, 270, 405, 541]
num codes with usage 0: 15
database_size: 6893.063836716414
codetable_size: 1244.0425818668302
complete: 8137.106418583244
database_size: 20619.807326821046
codetable_size: 252.8415002563865
complete: 20872.64882707743
Partition 7 ratio: 0.3898454137755258
processing txmeans_batch_results/batch-5/chessBig_txmeans__8_k21...
chunks ... [0, 12, 24, 36, 49]
num codes: 48
num codes with support 0: 0
chunks ... [0, 12, 24, 36, 49]
num codes with usage 0: 20
database_size: 466.70302420585244
codetable_size: 341.06136835110823
complete: 807.7643925569607
database_size: 1939.1793640315393
codetable_size: 151.79057363071263
complete: 2090.969937662252
Partition 8 ratio: 0.3863108589021888
processing txmeans_batch_results/batch-5/chessBig_txmeans__9_k21...
chunks ... [0, 16, 32, 48, 67]
num codes: 44
num codes with support 0: 0
chunks ... [0, 16, 32, 48, 67]
num codes with usage 0: 18
database_size: 591.9070234610695
codetable_size: 355.07953247699095
complete: 946.9865559380604
database_size: 2720.531803229753
codetable_size: 143.85545242754307
complete: 2864.3872556572965
Partition 9 ratio: 0.33060702740794506
processing txmeans_batch_results/batch-5/chessBig_txmeans__10_k21...
chunks ... [0, 73, 146, 219, 293]
num codes: 67
num codes with support 0: 0
chunks ... [0, 73, 146, 219, 293]
num codes with usage 0: 21
database_size: 3186.311248805673
codetable_size: 771.333104675288
complete: 3957.6443534809614
database_size: 12588.196066860997
codetable_size: 232.66967259741836
complete: 12820.865739458415
Partition 10 ratio: 0.3086877621142722
processing txmeans_batch_results/batch-5/chessBig_txmeans__11_k21...
chunks ... [0, 61, 122, 183, 246]
num codes: 51
num codes with support 0: 0
chunks ... [0, 61, 122, 183, 246]
num codes with usage 0: 15
database_size: 2621.091039224946
codetable_size: 539.48315438928
complete: 3160.5741936142263
database_size: 11064.385116480646
codetable_size: 188.83138672608004
complete: 11253.216503206726
Partition 11 ratio: 0.2808596273530849
processing txmeans_batch_results/batch-5/chessBig_txmeans__12_k21...
chunks ... [0, 6, 12, 18, 27]
num codes: 32
num codes with support 0: 0
chunks ... [0, 6, 12, 18, 27]
num codes with usage 0: 17
database_size: 172.71924541389228
codetable_size: 190.84804400353397
complete: 363.56728941742625
database_size: 1125.3538905276014
codetable_size: 99.10709177354896
complete: 1224.4609823011504
Partition 12 ratio: 0.2969202732243604
processing txmeans_batch_results/batch-5/chessBig_txmeans__13_k21...
chunks ... [0, 8, 16, 24, 32]
num codes: 24
num codes with support 0: 0
chunks ... [0, 8, 16, 24, 32]
num codes with usage 0: 13
database_size: 206.07324469565552
codetable_size: 108.41059517182275
complete: 314.48383986747825
database_size: 1314.8838955612373
codetable_size: 75.42456578680753
complete: 1390.3084613480448
Partition 13 ratio: 0.22619717034776177
processing txmeans_batch_results/batch-5/chessBig_txmeans__14_k21...
chunks ... [0, 4, 8, 12, 18]
num codes: 26
num codes with support 0: 0
chunks ... [0, 4, 8, 12, 18]
num codes with usage 0: 14
database_size: 114.37117792959758
codetable_size: 129.64523798587715
complete: 244.01641591547474
database_size: 762.9046671440204
codetable_size: 81.88716717588233
complete: 844.7918343199028
Partition 14 ratio: 0.2888479812448938
processing txmeans_batch_results/batch-5/chessBig_txmeans__15_k21...
chunks ... [0, 12, 24, 36, 48]
num codes: 33
num codes with support 0: 0
chunks ... [0, 12, 24, 36, 48]
num codes with usage 0: 17
database_size: 338.7547403884064
codetable_size: 216.74758932858407
complete: 555.5023297169905
database_size: 2456.8221899924515
codetable_size: 107.7363829177025
complete: 2564.558572910154
Partition 15 ratio: 0.21660738638799334
processing txmeans_batch_results/batch-5/chessBig_txmeans__16_k21...
chunks ... [0, 2, 4, 6, 9]
num codes: 26
num codes with support 0: 0
chunks ... [0, 2, 4, 6, 9]
num codes with usage 0: 20
database_size: 28.19135131500785
codetable_size: 89.75697452228175
complete: 117.9483258372896
database_size: 452.8821379734483
codetable_size: 67.44235758295878
complete: 520.3244955564071
Partition 16 ratio: 0.22668224702963866
processing txmeans_batch_results/batch-5/chessBig_txmeans__17_k21...
chunks ... [0, 37, 74, 111, 148]
num codes: 55
num codes with support 0: 0
chunks ... [0, 37, 74, 111, 148]
num codes with usage 0: 19
database_size: 1483.1253699877745
codetable_size: 503.13099281422353
complete: 1986.256362801998
database_size: 8647.137295184302
codetable_size: 231.55027526391137
complete: 8878.687570448214
Partition 17 ratio: 0.22371058188972043
processing txmeans_batch_results/batch-5/chessBig_txmeans__18_k21...
chunks ... [0, 473, 946, 1419, 1895]
num codes: 104
num codes with support 0: 0
chunks ... [0, 473, 946, 1419, 1895]
num codes with usage 0: 21
database_size: 19298.613947326434
codetable_size: 2471.6916397201517
complete: 21770.305587046587
database_size: 114989.29517717073
codetable_size: 309.34775363038784
complete: 115298.64293080111
Partition 18 ratio: 0.18881666803409378
processing txmeans_batch_results/batch-5/chessBig_txmeans__19_k21...
chunks ... [0, 1415, 2830, 4245, 5663]
num codes: 200
num codes with support 0: 0
chunks ... [0, 1415, 2830, 4245, 5663]
num codes with usage 0: 27
database_size: 60674.88770290422
codetable_size: 6015.85136040135
complete: 66690.73906330558
database_size: 360917.23868780915
codetable_size: 277.3724227853111
complete: 361194.6111105945
Partition 19 ratio: 0.18463935233763906
processing txmeans_batch_results/batch-5/chessBig_txmeans__20_k21...
chunks ... [0, 4498, 8996, 13494, 17995]
num codes: 542
num codes with support 0: 0
chunks ... [0, 4498, 8996, 13494, 17995]
num codes with usage 0: 21
database_size: 220632.2217830684
codetable_size: 17750.281420643958
complete: 238382.50320371237
database_size: 1197576.7583264743
codetable_size: 286.5180666809458
complete: 1197863.2763931553
Partition 20 ratio: 0.1990064374637961
number of codetables: 21
size: 37
size: 56
size: 90
size: 19
size: 32
size: 43
size: 60
size: 85
size: 48
size: 44
size: 67
size: 51
size: 32
size: 24
size: 26
size: 33
size: 26
size: 55
size: 104
size: 200
size: 542
database_size: 750710.600704819
codetable_size: 258.1889058609846
complete: 750968.78961068
database_size: 750710.600704819
codetable_size: 258.1889058609846
complete: 750968.78961068
current singletons: {1, 2, 5, 9, 10, 13, 14, 15, 16, 17, 18, 19, 20, 21, 23, 24, 25, 26, 27, 29, 30, 32, 35, 41, 51, 53, 54, 55, 57}
Added 29 singletons
added:  {3, 4, 6, 7, 8, 11, 12, 22, 28, 31, 33, 34, 36, 37, 38, 39, 40, 42, 43, 44, 45, 46, 47, 48, 49, 50, 52, 56, 58}
chunks ... [0, 7014, 14028, 21042, 28056]
num codes: 66
num codes with support 0: 0
chunks ... [0, 7014, 14028, 21042, 28056]
database_size: 748599.0267685229
codetable_size: 705.4173541839726
complete: 749304.4441227069
Partition ratio: 0.9977837354747646
current singletons: {1, 2, 5, 6, 9, 10, 11, 12, 13, 14, 15, 16, 17, 18, 19, 20, 21, 22, 23, 24, 28, 33, 34, 35, 36, 37, 38, 39, 40, 41, 48, 49, 50, 52, 53, 54, 57, 58}
Added 20 singletons
added:  {3, 4, 7, 8, 25, 26, 27, 29, 30, 31, 32, 42, 43, 44, 45, 46, 47, 51, 55, 56}
chunks ... [0, 7014, 14028, 21042, 28056]
num codes: 76
num codes with support 0: 10
chunks ... [0, 7014, 14028, 21042, 28056]
database_size: 747728.5827605816
codetable_size: 704.3537767430871
complete: 748432.9365373247
Partition ratio: 0.9966232244156645
current singletons: {1, 2, 3, 4, 5, 6, 9, 10, 11, 12, 13, 14, 15, 16, 17, 18, 19, 20, 21, 22, 23, 24, 25, 26, 27, 28, 29, 30, 31, 32, 33, 34, 35, 36, 37, 38, 39, 40, 41, 48, 50, 51, 52, 53, 54, 55, 56, 57, 58}
Added 9 singletons
added:  {7, 8, 42, 43, 44, 45, 46, 47, 49}
chunks ... [0, 7014, 14028, 21042, 28056]
num codes: 99
num codes with support 0: 25
chunks ... [0, 7014, 14028, 21042, 28056]
database_size: 748101.5108750678
codetable_size: 934.4494368610352
complete: 749035.9603119289
Partition ratio: 0.9974262188715551
current singletons: {1, 33, 35, 36, 5, 37, 41, 13, 18, 19, 20, 21, 57, 58, 28, 29}
Added 42 singletons
added:  {2, 3, 4, 6, 7, 8, 9, 10, 11, 12, 14, 15, 16, 17, 22, 23, 24, 25, 26, 27, 30, 31, 32, 34, 38, 39, 40, 42, 43, 44, 45, 46, 47, 48, 49, 50, 51, 52, 53, 54, 55, 56}
chunks ... [0, 7014, 14028, 21042, 28056]
num codes: 61
num codes with support 0: 1
chunks ... [0, 7014, 14028, 21042, 28056]
database_size: 749377.723265199
codetable_size: 545.6422721373809
complete: 749923.3655373363
Partition ratio: 0.9986078994389559
current singletons: {1, 2, 5, 6, 11, 13, 17, 18, 19, 20, 21, 23, 24, 28, 29, 30, 33, 34, 35, 36, 37, 38, 39, 40, 41, 51, 55, 57}
Added 30 singletons
added:  {3, 4, 7, 8, 9, 10, 12, 14, 15, 16, 22, 25, 26, 27, 31, 32, 42, 43, 44, 45, 46, 47, 48, 49, 50, 52, 53, 54, 56, 58}
chunks ... [0, 7014, 14028, 21042, 28056]
num codes: 62
num codes with support 0: 3
chunks ... [0, 7014, 14028, 21042, 28056]
database_size: 749889.0732803099
codetable_size: 531.0555384645147
complete: 750420.1288187745
Partition ratio: 0.9992693960128624
current singletons: {1, 2, 5, 6, 13, 14, 15, 17, 18, 19, 20, 21, 23, 24, 28, 29, 30, 31, 32, 33, 34, 35, 36, 37, 38, 39, 40, 41, 49, 51, 53, 54}
Added 26 singletons
added:  {3, 4, 7, 8, 9, 10, 11, 12, 16, 22, 25, 26, 27, 42, 43, 44, 45, 46, 47, 48, 50, 52, 55, 56, 57, 58}
chunks ... [0, 7014, 14028, 21042, 28056]
num codes: 69
num codes with support 0: 3
chunks ... [0, 7014, 14028, 21042, 28056]
database_size: 747387.8487290578
codetable_size: 643.6700551861824
complete: 748031.518784244
Partition ratio: 0.9960886912118428
current singletons: {1, 2, 5, 6, 9, 10, 11, 12, 13, 14, 15, 16, 17, 18, 19, 20, 21, 22, 23, 24, 25, 26, 27, 28, 29, 30, 31, 32, 33, 34, 35, 36, 37, 38, 39, 40, 41, 48, 51, 52, 53, 54, 55, 56, 57}
Added 13 singletons
added:  {3, 4, 7, 8, 42, 43, 44, 45, 46, 47, 49, 50, 58}
chunks ... [0, 7014, 14028, 21042, 28056]
num codes: 73
num codes with support 0: 9
chunks ... [0, 7014, 14028, 21042, 28056]
database_size: 747157.1504126205
codetable_size: 612.2203802000638
complete: 747769.3707928206
Partition ratio: 0.995739611469715
current singletons: {1, 2, 3, 4, 5, 6, 7, 9, 10, 11, 12, 13, 14, 15, 16, 17, 18, 19, 20, 21, 22, 23, 24, 25, 26, 27, 28, 29, 30, 31, 32, 33, 34, 35, 36, 37, 38, 39, 40, 41, 48, 49, 50, 51, 52, 53, 54, 55, 56, 57, 58}
Added 7 singletons
added:  {8, 42, 43, 44, 45, 46, 47}
chunks ... [0, 7014, 14028, 21042, 28056]
num codes: 92
num codes with support 0: 23
chunks ... [0, 7014, 14028, 21042, 28056]
database_size: 743055.4252463898
codetable_size: 680.8508122257113
complete: 743736.2760586155
Partition ratio: 0.9903690890325629
current singletons: {1, 2, 3, 5, 6, 9, 10, 11, 12, 13, 14, 15, 16, 17, 18, 19, 20, 21, 22, 23, 24, 26, 28, 29, 35, 36, 37, 38, 39, 40, 51, 52, 53, 54, 57}
Added 23 singletons
added:  {4, 7, 8, 25, 27, 30, 31, 32, 33, 34, 41, 42, 43, 44, 45, 46, 47, 48, 49, 50, 55, 56, 58}
chunks ... [0, 7014, 14028, 21042, 28056]
num codes: 71
num codes with support 0: 3
chunks ... [0, 7014, 14028, 21042, 28056]
database_size: 745114.581640986
codetable_size: 660.3479282862295
complete: 745774.9295692722
Partition ratio: 0.9930837870850793
current singletons: {1, 2, 3, 5, 6, 7, 9, 10, 11, 13, 14, 15, 16, 20, 21, 22, 25, 26, 27, 28, 29, 30, 32, 35, 37, 39, 40, 41, 50, 53, 54, 55, 57}
Added 25 singletons
added:  {4, 8, 12, 17, 18, 19, 23, 24, 31, 33, 34, 36, 38, 42, 43, 44, 45, 46, 47, 48, 49, 51, 52, 56, 58}
chunks ... [0, 7014, 14028, 21042, 28056]
num codes: 69
num codes with support 0: 4
chunks ... [0, 7014, 14028, 21042, 28056]
database_size: 744358.6976668924
codetable_size: 613.897901556964
complete: 744972.5955684494
Partition ratio: 0.9920153884885959
current singletons: {1, 2, 3, 4, 5, 6, 7, 9, 10, 11, 12, 13, 14, 15, 16, 17, 18, 19, 20, 21, 22, 23, 24, 25, 26, 27, 28, 29, 30, 32, 35, 36, 37, 38, 39, 40, 41, 48, 49, 50, 51, 52, 53, 54, 55, 56, 57}
Added 11 singletons
added:  {33, 34, 8, 42, 43, 44, 45, 46, 47, 58, 31}
chunks ... [0, 7014, 14028, 21042, 28056]
num codes: 78
num codes with support 0: 10
chunks ... [0, 7014, 14028, 21042, 28056]
database_size: 741656.6422677722
codetable_size: 669.909192585782
complete: 742326.551460358
Partition ratio: 0.9884918810609927
current singletons: {1, 2, 3, 4, 5, 6, 7, 8, 9, 10, 11, 12, 13, 14, 15, 16, 17, 18, 19, 20, 21, 22, 23, 24, 25, 26, 27, 28, 29, 30, 32, 35, 37, 41, 50, 51, 52, 53, 54, 55, 57}
Added 17 singletons
added:  {33, 34, 36, 38, 39, 40, 42, 43, 44, 45, 46, 47, 48, 49, 56, 58, 31}
chunks ... [0, 7014, 14028, 21042, 28056]
num codes: 68
num codes with support 0: 7
chunks ... [0, 7014, 14028, 21042, 28056]
database_size: 749009.4841507277
codetable_size: 564.886164131135
complete: 749574.3703148589
Partition ratio: 0.9981431727721414
current singletons: {1, 2, 3, 4, 5, 6, 13, 14, 15, 17, 18, 19, 21, 22, 23, 24, 25, 26, 27, 28, 29, 35, 37, 39, 41, 55}
Added 32 singletons
added:  {7, 8, 9, 10, 11, 12, 16, 20, 30, 31, 32, 33, 34, 36, 38, 40, 42, 43, 44, 45, 46, 47, 48, 49, 50, 51, 52, 53, 54, 56, 57, 58}
chunks ... [0, 7014, 14028, 21042, 28056]
num codes: 64
num codes with support 0: 2
chunks ... [0, 7014, 14028, 21042, 28056]
database_size: 744175.7067392817
codetable_size: 565.8783652548037
complete: 744741.5851045365
Partition ratio: 0.9917077718910638
current singletons: {1, 2, 3, 4, 5, 13, 17, 20, 21, 23, 24, 25, 26, 27, 28, 29, 35, 36, 37, 39, 40, 55}
Added 36 singletons
added:  {6, 7, 8, 9, 10, 11, 12, 14, 15, 16, 18, 19, 22, 30, 31, 32, 33, 34, 38, 41, 42, 43, 44, 45, 46, 47, 48, 49, 50, 51, 52, 53, 54, 56, 57, 58}
chunks ... [0, 7014, 14028, 21042, 28056]
num codes: 60
num codes with support 0: 1
chunks ... [0, 7014, 14028, 21042, 28056]
database_size: 748535.9944311458
codetable_size: 528.5131970008597
complete: 749064.5076281467
Partition ratio: 0.9974642328564407
current singletons: {1, 2, 3, 4, 5, 13, 17, 18, 19, 20, 24, 25, 26, 27, 28, 29, 35, 36, 37, 38, 39, 40, 55}
Added 35 singletons
added:  {6, 7, 8, 9, 10, 11, 12, 14, 15, 16, 21, 22, 23, 30, 31, 32, 33, 34, 41, 42, 43, 44, 45, 46, 47, 48, 49, 50, 51, 52, 53, 54, 56, 57, 58}
chunks ... [0, 7014, 14028, 21042, 28056]
num codes: 61
num codes with support 0: 1
chunks ... [0, 7014, 14028, 21042, 28056]
database_size: 749542.9480510548
codetable_size: 552.2651971584837
complete: 750095.2132482133
Partition ratio: 0.998836734129897
current singletons: {1, 2, 3, 4, 5, 6, 13, 17, 18, 20, 21, 22, 23, 24, 25, 26, 27, 28, 29, 35, 36, 37, 38, 39, 40, 53, 54, 55}
Added 30 singletons
added:  {7, 8, 9, 10, 11, 12, 14, 15, 16, 19, 30, 31, 32, 33, 34, 41, 42, 43, 44, 45, 46, 47, 48, 49, 50, 51, 52, 56, 57, 58}
chunks ... [0, 7014, 14028, 21042, 28056]
num codes: 63
num codes with support 0: 2
chunks ... [0, 7014, 14028, 21042, 28056]
database_size: 748039.6619054433
codetable_size: 566.5127355699913
complete: 748606.1746410133
Partition ratio: 0.9968539105721137
current singletons: {1, 2, 3, 4, 5, 6, 13, 21, 23, 25, 26, 27, 28, 29, 35, 37, 38, 39, 41, 53, 55}
Added 37 singletons
added:  {7, 8, 9, 10, 11, 12, 14, 15, 16, 17, 18, 19, 20, 22, 24, 30, 31, 32, 33, 34, 36, 40, 42, 43, 44, 45, 46, 47, 48, 49, 50, 51, 52, 54, 56, 57, 58}
chunks ... [0, 7014, 14028, 21042, 28056]
num codes: 63
num codes with support 0: 1
chunks ... [0, 7014, 14028, 21042, 28056]
database_size: 748949.6906709062
codetable_size: 575.5608488174421
complete: 749525.2515197237
Partition ratio: 0.9980777655330993
current singletons: {1, 2, 3, 4, 5, 6, 7, 8, 9, 10, 11, 13, 14, 15, 16, 17, 18, 20, 21, 22, 23, 24, 25, 26, 27, 28, 29, 33, 34, 35, 36, 37, 38, 39, 40, 41, 45, 46, 47, 48, 49, 50, 51, 52, 53, 54, 55, 57}
Added 10 singletons
added:  {32, 42, 43, 12, 44, 19, 56, 58, 30, 31}
chunks ... [0, 7014, 14028, 21042, 28056]
num codes: 65
num codes with support 0: 3
chunks ... [0, 7014, 14028, 21042, 28056]
database_size: 748147.942849001
codetable_size: 592.9937284322506
complete: 748740.9365774333
Partition ratio: 0.9970333613539363
current singletons: {1, 2, 3, 4, 5, 6, 7, 8, 9, 10, 11, 12, 13, 14, 15, 16, 17, 18, 19, 20, 21, 22, 23, 24, 25, 26, 27, 28, 29, 30, 31, 32, 33, 34, 35, 36, 37, 38, 39, 40, 41, 42, 43, 44, 45, 46, 47, 48, 49, 50, 51, 52, 53, 54, 55, 56, 57, 58}
Added 0 singletons
added:  set()
chunks ... [0, 7014, 14028, 21042, 28056]
num codes: 104
num codes with support 0: 32
chunks ... [0, 7014, 14028, 21042, 28056]
database_size: 740458.2971371803
codetable_size: 757.2347842420478
complete: 741215.5319214223
Partition ratio: 0.9870124327080039
current singletons: {1, 2, 3, 4, 5, 6, 7, 8, 9, 10, 11, 12, 13, 14, 15, 16, 17, 18, 19, 20, 21, 22, 23, 24, 25, 26, 27, 28, 29, 30, 31, 32, 33, 34, 35, 36, 37, 38, 39, 40, 41, 45, 46, 47, 48, 49, 50, 51, 52, 53, 54, 55, 56, 57, 58}
Added 3 singletons
added:  {42, 43, 44}
chunks ... [0, 7014, 14028, 21042, 28056]
num codes: 203
num codes with support 0: 75
chunks ... [0, 7014, 14028, 21042, 28056]
database_size: 714677.9073165968
codetable_size: 1578.1154024654911
complete: 716256.0227190623
Partition ratio: 0.9537760192276251
current singletons: {1, 2, 3, 4, 5, 6, 7, 8, 9, 10, 11, 12, 13, 14, 15, 16, 17, 18, 19, 20, 21, 22, 23, 24, 25, 26, 27, 28, 29, 30, 31, 32, 33, 34, 35, 36, 37, 38, 39, 40, 41, 42, 43, 44, 45, 46, 47, 48, 49, 50, 51, 52, 53, 54, 55, 56, 57, 58}
Added 0 singletons
added:  set()
chunks ... [0, 7014, 14028, 21042, 28056]
num codes: 542
num codes with support 0: 169
chunks ... [0, 7014, 14028, 21042, 28056]
database_size: 689309.622532304
codetable_size: 6676.714968296351
complete: 695986.3375006004
Partition ratio: 0.9267846375631885
initial ratio: 0.9267846375631885
merged: {20}
merged: {20}
to_process: {0, 1, 2, 3, 4, 5, 6, 7, 8, 9, 10, 11, 12, 13, 14, 15, 16, 17, 18, 19}
[(0, 0.0007207518813840529), (1, 0.005502196669794674), (2, 0.011370647458728931), (3, 0.0002003742273712289), (4, 0.0009882128694159188), (5, 0.0014647523321437692), (6, 0.007421094392653956), (7, 0.01849525487315011), (8, 0.0018474785811449191), (9, 0.002616104332424205), (10, 0.011461473539218356), (11, 0.010234357991761592), (12, 0.0011029714369481533), (13, 0.0013123776955830599), (14, 0.0007587334017784289), (15, 0.0023174010246918082), (16, 0.0004405892790577805), (17, 0.007639368729287025), (18, 0.09872953577876083), (19, 0.2839314526469492)]
next_candidate: 3
chunks ... [0, 7014, 14028, 21042, 28056]
chunks ... [0, 7014, 14028, 21042, 28056]
database_size: 689093.2684417309
codetable_size: 6707.851963724162
complete: 695801.120405455
current_ratio: 0.9267846375631885 --- candidate_ratio:0.9265380000228436
!!!!! ********* merge accepted ... 
merged: {3, 20}
to_process: {0, 1, 2, 4, 5, 6, 7, 8, 9, 10, 11, 12, 13, 14, 15, 16, 17, 18, 19}
[(0, 0.0007206072889681044), (1, 0.0055010928559440855), (2, 0.011368366355578984), (4, 0.0009880146207675966), (5, 0.0014644584833395679), (6, 0.007419605622392053), (7, 0.018491544478970414), (8, 0.0018471079523635584), (9, 0.0026155795070917044), (10, 0.011459174215148357), (11, 0.01023230484339538), (12, 0.0011027501662044903), (13, 0.0013121144151580727), (14, 0.0007585811897642011), (15, 0.0023169361232166456), (16, 0.00044050089098700973), (17, 0.007637836170289375), (18, 0.09870972932043247), (19, 0.28387497729357963)]
next_candidate: 16
chunks ... [0, 7014, 14028, 21042, 28056]
chunks ... [0, 7014, 14028, 21042, 28056]
database_size: 689280.2283194908
codetable_size: 6772.637402066365
complete: 696052.8657215572
current_ratio: 0.9265380000228436 --- candidate_ratio:0.9268732274245478
!!!!! ********* merge rejected ... 
merged: {3, 20}
to_process: {0, 1, 2, 4, 5, 6, 7, 8, 9, 10, 11, 12, 13, 14, 15, 17, 18, 19}
[(0, 0.0007206072889681044), (1, 0.0055010928559440855), (2, 0.011368366355578984), (4, 0.0009880146207675966), (5, 0.0014644584833395679), (6, 0.007419605622392053), (7, 0.018491544478970414), (8, 0.0018471079523635584), (9, 0.0026155795070917044), (10, 0.011459174215148357), (11, 0.01023230484339538), (12, 0.0011027501662044903), (13, 0.0013121144151580727), (14, 0.0007585811897642011), (15, 0.0023169361232166456), (17, 0.007637836170289375), (18, 0.09870972932043247), (19, 0.28387497729357963)]
next_candidate: 0
chunks ... [0, 7014, 14028, 21042, 28056]
chunks ... [0, 7014, 14028, 21042, 28056]
database_size: 688459.2976800002
codetable_size: 6899.875871627176
complete: 695359.1735516273
current_ratio: 0.9265380000228436 --- candidate_ratio:0.9259494977309484
!!!!! ********* merge accepted ... 
merged: {0, 3, 20}
to_process: {1, 2, 4, 5, 6, 7, 8, 9, 10, 11, 12, 13, 14, 15, 17, 18, 19}
[(1, 0.005497122790477659), (2, 0.011360161956951317), (4, 0.0009873015837713213), (5, 0.001463401603151581), (6, 0.007414250991807307), (7, 0.01847819937753707), (8, 0.0018457749191488006), (9, 0.002613691878188189), (10, 0.011450904281697554), (11, 0.010224920325234262), (12, 0.0011019543260927906), (13, 0.0013111674796556132), (14, 0.0007580337318201474), (15, 0.0023152640212668013), (17, 0.007632324045623977), (18, 0.09863849182311375), (19, 0.2836718519105273)]
next_candidate: 14
chunks ... [0, 7014, 14028, 21042, 28056]
chunks ... [0, 7014, 14028, 21042, 28056]
database_size: 687918.2479765071
codetable_size: 6936.1553393543845
complete: 694854.4033158615
current_ratio: 0.9259494977309484 --- candidate_ratio:0.9252773389904666
!!!!! ********* merge accepted ... 
merged: {0, 3, 20, 14}
to_process: {1, 2, 4, 5, 6, 7, 8, 9, 10, 11, 12, 13, 15, 17, 18, 19}
[(1, 0.00549295409668582), (2, 0.011351547079963985), (4, 0.0009865528724654598), (5, 0.0014622918456637928), (6, 0.007408628461029167), (7, 0.018464186600678063), (8, 0.0018443751922844278), (9, 0.0026117098083815525), (10, 0.011442220591081667), (11, 0.010217166348562012), (12, 0.001101118668907539), (13, 0.0013101731675507482), (15, 0.002313508261550347), (17, 0.007626536141100287), (18, 0.09856369020703713), (19, 0.28345856117283197)]
next_candidate: 4
chunks ... [0, 7014, 14028, 21042, 28056]
chunks ... [0, 7014, 14028, 21042, 28056]
database_size: 687918.2479765071
codetable_size: 6936.1553393543845
complete: 694854.4033158615
current_ratio: 0.9252773389904666 --- candidate_ratio:0.9252773389904666
!!!!! ********* merge rejected ... 
merged: {0, 3, 20, 14}
to_process: {1, 2, 5, 6, 7, 8, 9, 10, 11, 12, 13, 15, 17, 18, 19}
[(1, 0.00549295409668582), (2, 0.011351547079963985), (5, 0.0014622918456637928), (6, 0.007408628461029167), (7, 0.018464186600678063), (8, 0.0018443751922844278), (9, 0.0026117098083815525), (10, 0.011442220591081667), (11, 0.010217166348562012), (12, 0.001101118668907539), (13, 0.0013101731675507482), (15, 0.002313508261550347), (17, 0.007626536141100287), (18, 0.09856369020703713), (19, 0.28345856117283197)]
next_candidate: 12
chunks ... [0, 7014, 14028, 21042, 28056]
chunks ... [0, 7014, 14028, 21042, 28056]
database_size: 683107.0457462631
codetable_size: 6978.5379532523775
complete: 690085.5836995154
current_ratio: 0.9252773389904666 --- candidate_ratio:0.9189271155426741
!!!!! ********* merge accepted ... 
merged: {0, 3, 12, 14, 20}
to_process: {1, 2, 5, 6, 7, 8, 9, 10, 11, 13, 15, 17, 18, 19}
[(1, 0.005486861892676747), (2, 0.011338957143945502), (5, 0.0014606700261313916), (6, 0.00740041159352626), (7, 0.018443708076799483), (8, 0.0018423296062950146), (9, 0.002608813175952973), (10, 0.011429530089589994), (11, 0.01020583454773236), (13, 0.0013087200619752348), (15, 0.0023109423627538247), (17, 0.007618077593434252), (18, 0.09845437378129263), (19, 0.28314684930504486)]
next_candidate: 13
chunks ... [0, 7014, 14028, 21042, 28056]
chunks ... [0, 7014, 14028, 21042, 28056]
database_size: 683527.5991447996
codetable_size: 6997.354953658306
complete: 690524.9540984579
current_ratio: 0.9189271155426741 --- candidate_ratio:0.9195121869930739
!!!!! ********* merge rejected ... 
merged: {0, 3, 12, 14, 20}
to_process: {1, 2, 5, 6, 7, 8, 9, 10, 11, 15, 17, 18, 19}
[(1, 0.005486861892676747), (2, 0.011338957143945502), (5, 0.0014606700261313916), (6, 0.00740041159352626), (7, 0.018443708076799483), (8, 0.0018423296062950146), (9, 0.002608813175952973), (10, 0.011429530089589994), (11, 0.01020583454773236), (15, 0.0023109423627538247), (17, 0.007618077593434252), (18, 0.09845437378129263), (19, 0.28314684930504486)]
next_candidate: 5
chunks ... [0, 7014, 14028, 21042, 28056]
chunks ... [0, 7014, 14028, 21042, 28056]
database_size: 682567.2655660133
codetable_size: 7097.140556462699
complete: 689664.406122476
current_ratio: 0.9189271155426741 --- candidate_ratio:0.9183662698952034
!!!!! ********* merge accepted ... 
merged: {0, 3, 5, 12, 14, 20}
to_process: {1, 2, 6, 7, 8, 9, 10, 11, 15, 17, 18, 19}
[(1, 0.005478827709090875), (2, 0.011322353980762484), (6, 0.007389575478727605), (7, 0.018416701722422126), (8, 0.0018396319597035417), (9, 0.002604993199360374), (10, 0.011412794304211), (11, 0.010190890568822856), (15, 0.002307558545999932), (17, 0.007606922759368033), (18, 0.09831021113800709), (19, 0.2827777604872127)]
next_candidate: 8
chunks ... [0, 7014, 14028, 21042, 28056]
chunks ... [0, 7014, 14028, 21042, 28056]
database_size: 680932.270753453
codetable_size: 7233.995400587646
complete: 688166.2661540407
current_ratio: 0.9183662698952034 --- candidate_ratio:0.9163713268440922
!!!!! ********* merge accepted ... 
merged: {0, 3, 5, 8, 12, 14, 20}
to_process: {1, 2, 6, 7, 9, 10, 11, 15, 17, 18, 19}
[(1, 0.005468697254462487), (2, 0.011301418737060928), (6, 0.007375912015832782), (7, 0.018382648897418346), (9, 0.0026001765183449096), (10, 0.011391691834664442), (11, 0.01017204742207469), (15, 0.0023032918272064555), (17, 0.007592857417297218), (18, 0.09812843372387373), (19, 0.28225930823100703)]
next_candidate: 15
chunks ... [0, 7014, 14028, 21042, 28056]
chunks ... [0, 7014, 14028, 21042, 28056]
database_size: 679610.1710962431
codetable_size: 7284.266696413293
complete: 686894.4377926564
current_ratio: 0.9163713268440922 --- candidate_ratio:0.9146777433303969
!!!!! ********* merge accepted ... 
merged: {0, 3, 5, 8, 12, 14, 15, 20}
to_process: {1, 2, 6, 7, 9, 10, 11, 17, 18, 19}
[(1, 0.005456090623932854), (2, 0.011275366314728984), (6, 0.0073589088077055075), (7, 0.01834027257779001), (9, 0.002594182501277709), (10, 0.011365431311657823), (11, 0.010148598465657261), (17, 0.00757535409910824), (18, 0.0979022246560013), (19, 0.28161410863863806)]
next_candidate: 9
chunks ... [0, 7014, 14028, 21042, 28056]
chunks ... [0, 7014, 14028, 21042, 28056]
database_size: 678860.1105272368
codetable_size: 7362.001885403238
complete: 686222.11241264
current_ratio: 0.9146777433303969 --- candidate_ratio:0.9137824659376241
!!!!! ********* merge accepted ... 
merged: {0, 3, 5, 8, 9, 12, 14, 15, 20}
to_process: {1, 2, 6, 7, 10, 11, 17, 18, 19}
[(1, 0.005441859818966937), (2, 0.011245957430235692), (6, 0.007339714992348946), (7, 0.018292436707738394), (10, 0.01133578751585277), (11, 0.010122128464442715), (17, 0.00755559574204223), (18, 0.09764687195736801), (19, 0.2808857546567832)]
next_candidate: 1
chunks ... [0, 7014, 14028, 21042, 28056]
chunks ... [0, 7014, 14028, 21042, 28056]
database_size: 677114.6975764954
codetable_size: 7481.450014802164
complete: 684596.1475912975
current_ratio: 0.9137824659376241 --- candidate_ratio:0.9116173096170993
!!!!! ********* merge accepted ... 
merged: {0, 1, 3, 5, 8, 9, 12, 14, 15, 20}
to_process: {2, 6, 7, 10, 11, 17, 18, 19}
[(2, 0.011184884626853707), (6, 0.007299855605241331), (7, 0.018193096976340736), (10, 0.011274226877158344), (11, 0.010067158777303934), (17, 0.00751456398320355), (18, 0.09711658645265105), (19, 0.27937309534538546)]
next_candidate: 6
chunks ... [0, 7014, 14028, 21042, 28056]
chunks ... [0, 7014, 14028, 21042, 28056]
database_size: 676253.172873376
codetable_size: 7565.801736624171
complete: 683818.9746100003
current_ratio: 0.9116173096170993 --- candidate_ratio:0.9105824157679153
!!!!! ********* merge accepted ... 
merged: {0, 1, 3, 5, 6, 8, 9, 12, 14, 15, 20}
to_process: {2, 7, 10, 11, 17, 18, 19}
[(2, 0.01110348399864571), (7, 0.01806069243464635), (10, 0.011192176039713245), (11, 0.0099938926618203), (17, 0.007459874976624675), (18, 0.09640979765594929), (19, 0.2775105481132211)]
next_candidate: 17
chunks ... [0, 7014, 14028, 21042, 28056]
chunks ... [0, 7014, 14028, 21042, 28056]
database_size: 676036.6887581352
codetable_size: 7611.403512334645
complete: 683648.0922704699
current_ratio: 0.9105824157679153 --- candidate_ratio:0.9103548665782626
!!!!! ********* merge accepted ... 
merged: {0, 1, 3, 5, 6, 8, 9, 12, 14, 15, 17, 20}
to_process: {2, 7, 10, 11, 18, 19}
[(2, 0.01102102390888201), (7, 0.017926564595173874), (10, 0.011109057277980578), (11, 0.009919672958699818), (18, 0.09569380972191167), (19, 0.2754663123598827)]
next_candidate: 11
chunks ... [0, 7014, 14028, 21042, 28056]
chunks ... [0, 7014, 14028, 21042, 28056]
database_size: 675639.6383337703
codetable_size: 7647.058319022018
complete: 683286.6966527924
current_ratio: 0.9103548665782626 --- candidate_ratio:0.909873627380739
!!!!! ********* merge accepted ... 
merged: {0, 1, 3, 5, 6, 8, 9, 11, 12, 14, 15, 17, 20}
to_process: {2, 7, 10, 18, 19}
[(2, 0.010912573375952328), (7, 0.01775016125007468), (10, 0.010999740467482382), (18, 0.0947521508753095), (19, 0.27277738035578036)]
next_candidate: 2
chunks ... [0, 7014, 14028, 21042, 28056]
chunks ... [0, 7014, 14028, 21042, 28056]
database_size: 675354.7389286783
codetable_size: 8060.074024283133
complete: 683414.8129529614
current_ratio: 0.909873627380739 --- candidate_ratio:0.9100442287451918
!!!!! ********* merge rejected ... 
merged: {0, 1, 3, 5, 6, 8, 9, 11, 12, 14, 15, 17, 20}
to_process: {7, 10, 18, 19}
[(7, 0.01775016125007468), (10, 0.010999740467482382), (18, 0.0947521508753095), (19, 0.27277738035578036)]
next_candidate: 10
chunks ... [0, 7014, 14028, 21042, 28056]
chunks ... [0, 7014, 14028, 21042, 28056]
database_size: 675448.8051741411
codetable_size: 7765.071295608042
complete: 683213.8764697491
current_ratio: 0.909873627380739 --- candidate_ratio:0.9097766590592179
!!!!! ********* merge accepted ... 
merged: {0, 1, 3, 5, 6, 8, 9, 10, 11, 12, 14, 15, 17, 20}
to_process: {7, 18, 19}
[(7, 0.017554814773124528), (18, 0.09370937168045214), (19, 0.27026503933004814)]
next_candidate: 7
chunks ... [0, 7014, 14028, 21042, 28056]
chunks ... [0, 7014, 14028, 21042, 28056]
database_size: 674295.3210786743
codetable_size: 7877.229926817326
complete: 682172.5510054916
current_ratio: 0.9097766590592179 --- candidate_ratio:0.9083900162603908
!!!!! ********* merge accepted ... 
merged: {0, 1, 3, 5, 6, 7, 8, 9, 10, 11, 12, 14, 15, 17, 20}
to_process: {18, 19}
[(18, 0.09207725376346963), (19, 0.26633100407075433)]
next_candidate: 18
chunks ... [0, 7014, 14028, 21042, 28056]
chunks ... [0, 7014, 14028, 21042, 28056]
database_size: 674292.3942388904
codetable_size: 7895.991817940678
complete: 682188.3860568311
current_ratio: 0.9083900162603908 --- candidate_ratio:0.9084111024247675
!!!!! ********* merge rejected ... 
merged: {0, 1, 3, 5, 6, 7, 8, 9, 10, 11, 12, 14, 15, 17, 20}
to_process: {19}
[(19, 0.26633100407075433)]
next_candidate: 19
chunks ... [0, 7014, 14028, 21042, 28056]
chunks ... [0, 7014, 14028, 21042, 28056]
database_size: 670544.4114281805
codetable_size: 8793.368609545823
complete: 679337.7800377264
current_ratio: 0.9083900162603908 --- candidate_ratio:0.9046151976434483
!!!!! ********* merge accepted ... 
merged table size: 811
chunks ... [0, 7014, 14028, 21042, 28056]
chunks ... [0, 7014, 14028, 21042, 28056]
merged table size without non-used codes: 494
database_size: 670544.4114281805
codetable_size: 8793.368609545823
complete: 679337.7800377264
database_size: 750710.600704819
codetable_size: 258.1889058609846
complete: 750968.78961068
merged size: 679337.7800377264
sct size: 750968.78961068
merged ratio: 0.9046151976434483
time elapsed: 76.86868643760681
