
-- MERGING METHOD naive
processing batch_results/200d-5-10-neg15/batch-3/adult_transaction_k_means_200d_k4_FalseNorm_trans_clust_0_k4...
chunks ... [0, 3563, 7126, 10689, 14252]
num codes: 509
num codes with support 0: 0
chunks ... [0, 3563, 7126, 10689, 14252]
num codes with usage 0: 26
database_size: 121658.16474504468
codetable_size: 16780.985505432775
complete: 138439.15025047745
database_size: 676130.2014478443
codetable_size: 637.0703357610623
complete: 676767.2717836053
Partition 0 ratio: 0.20455946382517007
processing batch_results/200d-5-10-neg15/batch-3/adult_transaction_k_means_200d_k4_FalseNorm_trans_clust_1_k4...
chunks ... [0, 1638, 3276, 4914, 6553]
num codes: 408
num codes with support 0: 0
chunks ... [0, 1638, 3276, 4914, 6553]
num codes with usage 0: 32
database_size: 67245.80768277548
codetable_size: 10732.275656404128
complete: 77978.08333917962
database_size: 318297.2419649916
codetable_size: 623.4303733042232
complete: 318920.67233829584
Partition 1 ratio: 0.24450620515582064
processing batch_results/200d-5-10-neg15/batch-3/adult_transaction_k_means_200d_k4_FalseNorm_trans_clust_2_k4...
chunks ... [0, 1817, 3634, 5451, 7268]
num codes: 358
num codes with support 0: 0
chunks ... [0, 1817, 3634, 5451, 7268]
num codes with usage 0: 37
database_size: 67403.59903741561
codetable_size: 9018.069433701901
complete: 76421.6684711175
database_size: 349329.53101898055
codetable_size: 641.2419919443155
complete: 349970.77301092487
Partition 2 ratio: 0.21836585899340769
processing batch_results/200d-5-10-neg15/batch-3/adult_transaction_k_means_200d_k4_FalseNorm_trans_clust_3_k4...
chunks ... [0, 5192, 10384, 15576, 20769]
num codes: 560
num codes with support 0: 0
chunks ... [0, 5192, 10384, 15576, 20769]
num codes with usage 0: 35
database_size: 186175.6832982696
codetable_size: 16759.541446412237
complete: 202935.22474468185
database_size: 986610.5278838999
codetable_size: 679.6501453550239
complete: 987290.1780292549
Partition 3 ratio: 0.20554769941068793
number of codetables: 4
size: 509
size: 408
size: 358
size: 560
merged table size: 1523
chunks ... [0, 12210, 24420, 36630, 48842]
chunks ... [0, 12210, 24420, 36630, 48842]
merged table size without non-used codes: 1474
database_size: 552461.0853964929
codetable_size: 52650.609302139484
complete: 605111.6946986323
database_size: 2474343.928416041
codetable_size: 677.7028634765386
complete: 2475021.631279518
merged size: 605111.6946986323
sct size: 2475021.631279518
merged ratio: 0.2444874368171911
time elapsed: 15.7142333984375
-- MERGING METHOD naive_plus
processing batch_results/200d-5-10-neg15/batch-3/adult_transaction_k_means_200d_k4_FalseNorm_trans_clust_0_k4...
chunks ... [0, 3563, 7126, 10689, 14252]
num codes: 509
num codes with support 0: 0
chunks ... [0, 3563, 7126, 10689, 14252]
num codes with usage 0: 26
database_size: 121658.16474504468
codetable_size: 16780.985505432775
complete: 138439.15025047745
database_size: 676130.2014478443
codetable_size: 637.0703357610623
complete: 676767.2717836053
Partition 0 ratio: 0.20455946382517007
processing batch_results/200d-5-10-neg15/batch-3/adult_transaction_k_means_200d_k4_FalseNorm_trans_clust_1_k4...
chunks ... [0, 1638, 3276, 4914, 6553]
num codes: 408
num codes with support 0: 0
chunks ... [0, 1638, 3276, 4914, 6553]
num codes with usage 0: 32
database_size: 67245.80768277548
codetable_size: 10732.275656404128
complete: 77978.08333917962
database_size: 318297.2419649916
codetable_size: 623.4303733042232
complete: 318920.67233829584
Partition 1 ratio: 0.24450620515582064
processing batch_results/200d-5-10-neg15/batch-3/adult_transaction_k_means_200d_k4_FalseNorm_trans_clust_2_k4...
chunks ... [0, 1817, 3634, 5451, 7268]
num codes: 358
num codes with support 0: 0
chunks ... [0, 1817, 3634, 5451, 7268]
num codes with usage 0: 37
database_size: 67403.59903741561
codetable_size: 9018.069433701901
complete: 76421.6684711175
database_size: 349329.53101898055
codetable_size: 641.2419919443155
complete: 349970.77301092487
Partition 2 ratio: 0.21836585899340769
processing batch_results/200d-5-10-neg15/batch-3/adult_transaction_k_means_200d_k4_FalseNorm_trans_clust_3_k4...
chunks ... [0, 5192, 10384, 15576, 20769]
num codes: 560
num codes with support 0: 0
chunks ... [0, 5192, 10384, 15576, 20769]
num codes with usage 0: 35
database_size: 186175.6832982696
codetable_size: 16759.541446412237
complete: 202935.22474468185
database_size: 986610.5278838999
codetable_size: 679.6501453550239
complete: 987290.1780292549
Partition 3 ratio: 0.20554769941068793
number of codetables: 4
size: 509
size: 408
size: 358
size: 560
database_size: 2474343.928416041
codetable_size: 677.7028634765386
complete: 2475021.631279518
current singletons: {1, 2, 3, 4, 5, 6, 7, 8, 9, 11, 13, 14, 15, 16, 17, 19, 20, 21, 23, 24, 25, 26, 27, 28, 29, 30, 31, 32, 33, 34, 35, 36, 37, 38, 39, 40, 41, 42, 43, 44, 45, 46, 47, 48, 49, 50, 51, 52, 53, 54, 55, 56, 57, 58, 59, 61, 62, 63, 65, 66, 67, 68, 69, 70, 71, 72, 73, 74, 75, 76, 77, 78, 79, 81, 82, 83, 84, 85, 86, 87, 88, 89, 90, 91, 92, 93, 94, 95, 96, 97}
Added 7 singletons
added:  {64, 10, 12, 80, 18, 22, 60}
chunks ... [0, 12210, 24420, 36630, 48842]
num codes: 516
num codes with support 0: 0
chunks ... [0, 12210, 24420, 36630, 48842]
database_size: 1241362.674830004
codetable_size: 18471.27232325558
complete: 1259833.9471532598
Partition ratio: 0.5090193682476869
current singletons: {1, 2, 3, 4, 5, 6, 7, 9, 13, 14, 15, 16, 17, 18, 19, 20, 21, 22, 23, 24, 25, 26, 27, 28, 29, 30, 31, 32, 33, 34, 35, 36, 37, 38, 39, 40, 41, 42, 43, 44, 45, 46, 47, 48, 49, 50, 51, 52, 53, 54, 55, 56, 57, 58, 59, 60, 61, 63, 65, 66, 67, 68, 69, 70, 71, 72, 73, 74, 75, 76, 77, 78, 79, 80, 81, 82, 83, 84, 85, 86, 87, 88, 89, 90, 91, 92, 93, 95, 96, 97}
Added 7 singletons
added:  {64, 8, 10, 11, 12, 94, 62}
chunks ... [0, 12210, 24420, 36630, 48842]
num codes: 415
num codes with support 0: 0
chunks ... [0, 12210, 24420, 36630, 48842]
database_size: 1078835.0252944394
codetable_size: 12177.641470552839
complete: 1091012.6667649923
Partition ratio: 0.4408093460585105
current singletons: {1, 2, 3, 4, 5, 6, 7, 8, 9, 11, 12, 14, 15, 16, 17, 18, 19, 20, 21, 22, 23, 24, 25, 26, 27, 28, 29, 30, 31, 32, 33, 34, 35, 36, 37, 38, 39, 40, 41, 42, 43, 44, 45, 46, 47, 48, 49, 50, 51, 52, 53, 54, 55, 56, 57, 58, 59, 61, 63, 65, 66, 67, 68, 69, 70, 71, 72, 73, 74, 75, 76, 77, 78, 79, 80, 81, 82, 83, 84, 85, 86, 87, 88, 89, 90, 91, 92, 93, 94, 95, 96, 97}
Added 5 singletons
added:  {64, 10, 13, 60, 62}
chunks ... [0, 12210, 24420, 36630, 48842]
num codes: 363
num codes with support 0: 0
chunks ... [0, 12210, 24420, 36630, 48842]
database_size: 1366195.1803781933
codetable_size: 10501.97135432071
complete: 1376697.151732514
Partition ratio: 0.5562364119705893
current singletons: {1, 2, 3, 4, 5, 6, 7, 8, 9, 10, 11, 12, 13, 14, 15, 16, 17, 19, 20, 23, 24, 25, 26, 27, 28, 29, 30, 31, 32, 33, 34, 35, 36, 37, 38, 39, 40, 41, 42, 44, 45, 46, 47, 48, 49, 50, 51, 52, 53, 54, 55, 56, 57, 58, 59, 60, 61, 63, 64, 65, 66, 67, 68, 69, 70, 71, 72, 73, 74, 75, 76, 77, 78, 79, 80, 81, 82, 83, 84, 85, 86, 87, 88, 89, 90, 91, 92, 93, 94, 95, 96, 97}
Added 5 singletons
added:  {43, 18, 21, 22, 62}
chunks ... [0, 12210, 24420, 36630, 48842]
num codes: 565
num codes with support 0: 0
chunks ... [0, 12210, 24420, 36630, 48842]
database_size: 1079752.364751216
codetable_size: 17988.977501371748
complete: 1097741.3422525877
Partition ratio: 0.44352797906056507
merged table size: 415
chunks ... [0, 12210, 24420, 36630, 48842]
chunks ... [0, 12210, 24420, 36630, 48842]
merged table size without non-used codes: 409
database_size: 1078835.0252944394
codetable_size: 12177.641470552839
complete: 1091012.6667649923
database_size: 2474343.928416041
codetable_size: 677.7028634765386
complete: 2475021.631279518
merged size: 1091012.6667649923
sct size: 2475021.631279518
merged ratio: 0.4408093460585105
time elapsed: 27.614009618759155
-- MERGING METHOD informed
processing batch_results/200d-5-10-neg15/batch-3/adult_transaction_k_means_200d_k4_FalseNorm_trans_clust_0_k4...
chunks ... [0, 3563, 7126, 10689, 14252]
num codes: 509
num codes with support 0: 0
chunks ... [0, 3563, 7126, 10689, 14252]
num codes with usage 0: 26
database_size: 121658.16474504468
codetable_size: 16780.985505432775
complete: 138439.15025047745
database_size: 676130.2014478443
codetable_size: 637.0703357610623
complete: 676767.2717836053
Partition 0 ratio: 0.20455946382517007
processing batch_results/200d-5-10-neg15/batch-3/adult_transaction_k_means_200d_k4_FalseNorm_trans_clust_1_k4...
chunks ... [0, 1638, 3276, 4914, 6553]
num codes: 408
num codes with support 0: 0
chunks ... [0, 1638, 3276, 4914, 6553]
num codes with usage 0: 32
database_size: 67245.80768277548
codetable_size: 10732.275656404128
complete: 77978.08333917962
database_size: 318297.2419649916
codetable_size: 623.4303733042232
complete: 318920.67233829584
Partition 1 ratio: 0.24450620515582064
processing batch_results/200d-5-10-neg15/batch-3/adult_transaction_k_means_200d_k4_FalseNorm_trans_clust_2_k4...
chunks ... [0, 1817, 3634, 5451, 7268]
num codes: 358
num codes with support 0: 0
chunks ... [0, 1817, 3634, 5451, 7268]
num codes with usage 0: 37
database_size: 67403.59903741561
codetable_size: 9018.069433701901
complete: 76421.6684711175
database_size: 349329.53101898055
codetable_size: 641.2419919443155
complete: 349970.77301092487
Partition 2 ratio: 0.21836585899340769
processing batch_results/200d-5-10-neg15/batch-3/adult_transaction_k_means_200d_k4_FalseNorm_trans_clust_3_k4...
chunks ... [0, 5192, 10384, 15576, 20769]
num codes: 560
num codes with support 0: 0
chunks ... [0, 5192, 10384, 15576, 20769]
num codes with usage 0: 35
database_size: 186175.6832982696
codetable_size: 16759.541446412237
complete: 202935.22474468185
database_size: 986610.5278838999
codetable_size: 679.6501453550239
complete: 987290.1780292549
Partition 3 ratio: 0.20554769941068793
number of codetables: 4
size: 509
size: 408
size: 358
size: 560
database_size: 2474343.928416041
codetable_size: 677.7028634765386
complete: 2475021.631279518
database_size: 2474343.928416041
codetable_size: 677.7028634765386
complete: 2475021.631279518
current singletons: {1, 2, 3, 4, 5, 6, 7, 8, 9, 11, 13, 14, 15, 16, 17, 19, 20, 21, 23, 24, 25, 26, 27, 28, 29, 30, 31, 32, 33, 34, 35, 36, 37, 38, 39, 40, 41, 42, 43, 44, 45, 46, 47, 48, 49, 50, 51, 52, 53, 54, 55, 56, 57, 58, 59, 61, 62, 63, 65, 66, 67, 68, 69, 70, 71, 72, 73, 74, 75, 76, 77, 78, 79, 81, 82, 83, 84, 85, 86, 87, 88, 89, 90, 91, 92, 93, 94, 95, 96, 97}
Added 7 singletons
added:  {64, 10, 12, 80, 18, 22, 60}
chunks ... [0, 12210, 24420, 36630, 48842]
num codes: 516
num codes with support 0: 0
chunks ... [0, 12210, 24420, 36630, 48842]
database_size: 1241362.674830004
codetable_size: 18471.27232325558
complete: 1259833.9471532598
Partition ratio: 0.5090193682476869
current singletons: {1, 2, 3, 4, 5, 6, 7, 9, 13, 14, 15, 16, 17, 18, 19, 20, 21, 22, 23, 24, 25, 26, 27, 28, 29, 30, 31, 32, 33, 34, 35, 36, 37, 38, 39, 40, 41, 42, 43, 44, 45, 46, 47, 48, 49, 50, 51, 52, 53, 54, 55, 56, 57, 58, 59, 60, 61, 63, 65, 66, 67, 68, 69, 70, 71, 72, 73, 74, 75, 76, 77, 78, 79, 80, 81, 82, 83, 84, 85, 86, 87, 88, 89, 90, 91, 92, 93, 95, 96, 97}
Added 7 singletons
added:  {64, 8, 10, 11, 12, 94, 62}
chunks ... [0, 12210, 24420, 36630, 48842]
num codes: 415
num codes with support 0: 0
chunks ... [0, 12210, 24420, 36630, 48842]
database_size: 1078835.0252944394
codetable_size: 12177.641470552839
complete: 1091012.6667649923
Partition ratio: 0.4408093460585105
current singletons: {1, 2, 3, 4, 5, 6, 7, 8, 9, 11, 12, 14, 15, 16, 17, 18, 19, 20, 21, 22, 23, 24, 25, 26, 27, 28, 29, 30, 31, 32, 33, 34, 35, 36, 37, 38, 39, 40, 41, 42, 43, 44, 45, 46, 47, 48, 49, 50, 51, 52, 53, 54, 55, 56, 57, 58, 59, 61, 63, 65, 66, 67, 68, 69, 70, 71, 72, 73, 74, 75, 76, 77, 78, 79, 80, 81, 82, 83, 84, 85, 86, 87, 88, 89, 90, 91, 92, 93, 94, 95, 96, 97}
Added 5 singletons
added:  {64, 10, 13, 60, 62}
chunks ... [0, 12210, 24420, 36630, 48842]
num codes: 363
num codes with support 0: 0
chunks ... [0, 12210, 24420, 36630, 48842]
database_size: 1366195.1803781933
codetable_size: 10501.97135432071
complete: 1376697.151732514
Partition ratio: 0.5562364119705893
current singletons: {1, 2, 3, 4, 5, 6, 7, 8, 9, 10, 11, 12, 13, 14, 15, 16, 17, 19, 20, 23, 24, 25, 26, 27, 28, 29, 30, 31, 32, 33, 34, 35, 36, 37, 38, 39, 40, 41, 42, 44, 45, 46, 47, 48, 49, 50, 51, 52, 53, 54, 55, 56, 57, 58, 59, 60, 61, 63, 64, 65, 66, 67, 68, 69, 70, 71, 72, 73, 74, 75, 76, 77, 78, 79, 80, 81, 82, 83, 84, 85, 86, 87, 88, 89, 90, 91, 92, 93, 94, 95, 96, 97}
Added 5 singletons
added:  {43, 18, 21, 22, 62}
chunks ... [0, 12210, 24420, 36630, 48842]
num codes: 565
num codes with support 0: 0
chunks ... [0, 12210, 24420, 36630, 48842]
database_size: 1079752.364751216
codetable_size: 17988.977501371748
complete: 1097741.3422525877
Partition ratio: 0.44352797906056507
initial ratio: 0.4408093460585105
merged: {1}
merged: {1}
to_process: {0, 2, 3}
[(0, 0.14264497526567443), (2, 0.32777903059623453), (3, 0.11275848990274118)]
next_candidate: 3
chunks ... [0, 12210, 24420, 36630, 48842]
chunks ... [0, 12210, 24420, 36630, 48842]
database_size: 707379.6729092246
codetable_size: 28404.750165623154
complete: 735784.4230748478
current_ratio: 0.4408093460585105 --- candidate_ratio:0.2972840373497938
!!!!! ********* merge accepted ... 
merged: {1, 3}
to_process: {0, 2}
[(0, 0.2063270935091117), (2, 0.11612266234654219)]
next_candidate: 2
chunks ... [0, 12210, 24420, 36630, 48842]
chunks ... [0, 12210, 24420, 36630, 48842]
database_size: 682469.555823555
codetable_size: 37321.2826711159
complete: 719790.8384946709
current_ratio: 0.2972840373497938 --- candidate_ratio:0.29082203945125074
!!!!! ********* merge accepted ... 
merged: {1, 2, 3}
to_process: {0}
[(0, 0.1914101183827389)]
next_candidate: 0
chunks ... [0, 12210, 24420, 36630, 48842]
chunks ... [0, 12210, 24420, 36630, 48842]
database_size: 552461.0853964929
codetable_size: 52650.609302139484
complete: 605111.6946986323
current_ratio: 0.29082203945125074 --- candidate_ratio:0.2444874368171911
!!!!! ********* merge accepted ... 
merged table size: 1523
chunks ... [0, 12210, 24420, 36630, 48842]
chunks ... [0, 12210, 24420, 36630, 48842]
merged table size without non-used codes: 1474
database_size: 552461.0853964929
codetable_size: 52650.609302139484
complete: 605111.6946986323
database_size: 2474343.928416041
codetable_size: 677.7028634765386
complete: 2475021.631279518
merged size: 605111.6946986323
sct size: 2475021.631279518
merged ratio: 0.2444874368171911
time elapsed: 65.26223039627075
