
-- MERGING METHOD naive
processing batch_results/200d-5-10-neg15/batch-3/adult_transaction_k_means_200d_k16_FalseNorm_trans_clust_0_k16...
chunks ... [0, 742, 1484, 2226, 2970]
num codes: 247
num codes with support 0: 0
chunks ... [0, 742, 1484, 2226, 2970]
num codes with usage 0: 36
database_size: 31260.014684161008
codetable_size: 4796.462178237784
complete: 36056.47686239879
database_size: 141559.4951141475
codetable_size: 569.9691453824843
complete: 142129.46425952998
Partition 0 ratio: 0.2536875590873914
processing batch_results/200d-5-10-neg15/batch-3/adult_transaction_k_means_200d_k16_FalseNorm_trans_clust_1_k16...
chunks ... [0, 560, 1120, 1680, 2240]
num codes: 176
num codes with support 0: 0
chunks ... [0, 560, 1120, 1680, 2240]
num codes with usage 0: 32
database_size: 15240.064879659774
codetable_size: 3582.3271019518193
complete: 18822.391981611592
database_size: 102156.81308087609
codetable_size: 551.1322966494977
complete: 102707.94537752558
Partition 1 ratio: 0.18326130381077882
processing batch_results/200d-5-10-neg15/batch-3/adult_transaction_k_means_200d_k16_FalseNorm_trans_clust_2_k16...
chunks ... [0, 829, 1658, 2487, 3318]
num codes: 258
num codes with support 0: 0
chunks ... [0, 829, 1658, 2487, 3318]
num codes with usage 0: 29
database_size: 29768.426461242838
codetable_size: 6135.194973652902
complete: 35903.621434895744
database_size: 157302.30289667225
codetable_size: 512.6172148875722
complete: 157814.92011155983
Partition 2 ratio: 0.22750460735597983
processing batch_results/200d-5-10-neg15/batch-3/adult_transaction_k_means_200d_k16_FalseNorm_trans_clust_3_k16...
chunks ... [0, 1182, 2364, 3546, 4728]
num codes: 275
num codes with support 0: 0
chunks ... [0, 1182, 2364, 3546, 4728]
num codes with usage 0: 24
database_size: 38410.22203552062
codetable_size: 7179.488392573028
complete: 45589.71042809365
database_size: 221662.0900375235
codetable_size: 576.4895743173132
complete: 222238.57961184083
Partition 3 ratio: 0.20513859703261275
processing batch_results/200d-5-10-neg15/batch-3/adult_transaction_k_means_200d_k16_FalseNorm_trans_clust_4_k16...
chunks ... [0, 663, 1326, 1989, 2655]
num codes: 198
num codes with support 0: 0
chunks ... [0, 663, 1326, 1989, 2655]
num codes with usage 0: 28
database_size: 24971.471276584292
codetable_size: 4037.1895144849136
complete: 29008.660791069207
database_size: 125742.99854489419
codetable_size: 549.4086291732757
complete: 126292.40717406747
Partition 4 ratio: 0.22969441663335216
processing batch_results/200d-5-10-neg15/batch-3/adult_transaction_k_means_200d_k16_FalseNorm_trans_clust_5_k16...
chunks ... [0, 344, 688, 1032, 1376]
num codes: 152
num codes with support 0: 0
chunks ... [0, 344, 688, 1032, 1376]
num codes with usage 0: 37
database_size: 10835.987793568835
codetable_size: 2666.383195353604
complete: 13502.37098892244
database_size: 63526.29184650842
codetable_size: 402.79978684736744
complete: 63929.09163335579
Partition 5 ratio: 0.21120855378895156
processing batch_results/200d-5-10-neg15/batch-3/adult_transaction_k_means_200d_k16_FalseNorm_trans_clust_6_k16...
chunks ... [0, 937, 1874, 2811, 3751]
num codes: 196
num codes with support 0: 0
chunks ... [0, 937, 1874, 2811, 3751]
num codes with usage 0: 27
database_size: 21612.99684765015
codetable_size: 5035.273992812914
complete: 26648.27084046306
database_size: 170345.71269313738
codetable_size: 547.54122825816
complete: 170893.25392139555
Partition 6 ratio: 0.1559351830981009
processing batch_results/200d-5-10-neg15/batch-3/adult_transaction_k_means_200d_k16_FalseNorm_trans_clust_7_k16...
chunks ... [0, 536, 1072, 1608, 2144]
num codes: 212
num codes with support 0: 0
chunks ... [0, 536, 1072, 1608, 2144]
num codes with usage 0: 46
database_size: 18836.734946621636
codetable_size: 4243.451697725997
complete: 23080.186644347632
database_size: 101448.08052853578
codetable_size: 523.4113007814325
complete: 101971.49182931721
Partition 7 ratio: 0.22633959972832315
processing batch_results/200d-5-10-neg15/batch-3/adult_transaction_k_means_200d_k16_FalseNorm_trans_clust_8_k16...
chunks ... [0, 973, 1946, 2919, 3894]
num codes: 235
num codes with support 0: 0
chunks ... [0, 973, 1946, 2919, 3894]
num codes with usage 0: 33
database_size: 30178.244805488466
codetable_size: 5766.064413119636
complete: 35944.309218608105
database_size: 179921.4908728406
codetable_size: 609.024655354459
complete: 180530.51552819507
Partition 8 ratio: 0.19910378648973812
processing batch_results/200d-5-10-neg15/batch-3/adult_transaction_k_means_200d_k16_FalseNorm_trans_clust_9_k16...
chunks ... [0, 411, 822, 1233, 1647]
num codes: 112
num codes with support 0: 0
chunks ... [0, 411, 822, 1233, 1647]
num codes with usage 0: 26
database_size: 9471.707147667707
codetable_size: 1980.4835526669335
complete: 11452.19070033464
database_size: 61712.919980021754
codetable_size: 358.02178733333903
complete: 62070.94176735509
Partition 9 ratio: 0.18450164238296896
processing batch_results/200d-5-10-neg15/batch-3/adult_transaction_k_means_200d_k16_FalseNorm_trans_clust_10_k16...
chunks ... [0, 223, 446, 669, 895]
num codes: 172
num codes with support 0: 0
chunks ... [0, 223, 446, 669, 895]
num codes with usage 0: 29
database_size: 10146.783222381067
codetable_size: 2828.1945961276506
complete: 12974.977818508718
database_size: 42643.820564806076
codetable_size: 503.05259467969313
complete: 43146.87315948577
Partition 10 ratio: 0.30071652632969975
processing batch_results/200d-5-10-neg15/batch-3/adult_transaction_k_means_200d_k16_FalseNorm_trans_clust_11_k16...
chunks ... [0, 828, 1656, 2484, 3312]
num codes: 261
num codes with support 0: 0
chunks ... [0, 828, 1656, 2484, 3312]
num codes with usage 0: 24
database_size: 30700.9961739338
codetable_size: 6218.675628115391
complete: 36919.67180204919
database_size: 156579.14725774628
codetable_size: 566.8074701511964
complete: 157145.95472789748
Partition 11 ratio: 0.23493873492306316
processing batch_results/200d-5-10-neg15/batch-3/adult_transaction_k_means_200d_k16_FalseNorm_trans_clust_12_k16...
chunks ... [0, 382, 764, 1146, 1529]
num codes: 180
num codes with support 0: 0
chunks ... [0, 382, 764, 1146, 1529]
num codes with usage 0: 23
database_size: 14403.856720868382
codetable_size: 3170.8972264268923
complete: 17574.753947295274
database_size: 70994.56792073773
codetable_size: 543.9540245466843
complete: 71538.5219452844
Partition 12 ratio: 0.24566839612282132
processing batch_results/200d-5-10-neg15/batch-3/adult_transaction_k_means_200d_k16_FalseNorm_trans_clust_13_k16...
chunks ... [0, 479, 958, 1437, 1918]
num codes: 178
num codes with support 0: 0
chunks ... [0, 479, 958, 1437, 1918]
num codes with usage 0: 39
database_size: 13974.01993607103
codetable_size: 3611.7188627228816
complete: 17585.73879879391
database_size: 87785.579189369
codetable_size: 530.8831494165839
complete: 88316.46233878558
Partition 13 ratio: 0.19912186621939512
processing batch_results/200d-5-10-neg15/batch-3/adult_transaction_k_means_200d_k16_FalseNorm_trans_clust_14_k16...
chunks ... [0, 2140, 4280, 6420, 8562]
num codes: 287
num codes with support 0: 0
chunks ... [0, 2140, 4280, 6420, 8562]
num codes with usage 0: 27
database_size: 57979.98321580601
codetable_size: 8639.828668522314
complete: 66619.81188432832
database_size: 391007.28354165086
codetable_size: 639.2785001732447
complete: 391646.5620418241
Partition 14 ratio: 0.17010186821763537
processing batch_results/200d-5-10-neg15/batch-3/adult_transaction_k_means_200d_k16_FalseNorm_trans_clust_15_k16...
chunks ... [0, 975, 1950, 2925, 3903]
num codes: 206
num codes with support 0: 0
chunks ... [0, 975, 1950, 2925, 3903]
num codes with usage 0: 35
database_size: 26346.720823428903
codetable_size: 4922.654775315091
complete: 31269.375598743994
database_size: 179081.43330208433
codetable_size: 597.9218586766361
complete: 179679.35516076096
Partition 15 ratio: 0.17402876123841254
number of codetables: 16
size: 247
size: 176
size: 258
size: 275
size: 198
size: 152
size: 196
size: 212
size: 235
size: 112
size: 172
size: 261
size: 180
size: 178
size: 287
size: 206
merged table size: 2048
chunks ... [0, 12210, 24420, 36630, 48842]
chunks ... [0, 12210, 24420, 36630, 48842]
merged table size without non-used codes: 1859
database_size: 582181.7468004768
codetable_size: 66240.7728063391
complete: 648422.5196068159
database_size: 2474343.928416041
codetable_size: 677.7028634765386
complete: 2475021.631279518
merged size: 648422.5196068159
sct size: 2475021.631279518
merged ratio: 0.2619866070712276
time elapsed: 22.785481214523315
-- MERGING METHOD naive_plus
processing batch_results/200d-5-10-neg15/batch-3/adult_transaction_k_means_200d_k16_FalseNorm_trans_clust_0_k16...
chunks ... [0, 742, 1484, 2226, 2970]
num codes: 247
num codes with support 0: 0
chunks ... [0, 742, 1484, 2226, 2970]
num codes with usage 0: 36
database_size: 31260.014684161008
codetable_size: 4796.462178237784
complete: 36056.47686239879
database_size: 141559.4951141475
codetable_size: 569.9691453824843
complete: 142129.46425952998
Partition 0 ratio: 0.2536875590873914
processing batch_results/200d-5-10-neg15/batch-3/adult_transaction_k_means_200d_k16_FalseNorm_trans_clust_1_k16...
chunks ... [0, 560, 1120, 1680, 2240]
num codes: 176
num codes with support 0: 0
chunks ... [0, 560, 1120, 1680, 2240]
num codes with usage 0: 32
database_size: 15240.064879659774
codetable_size: 3582.3271019518193
complete: 18822.391981611592
database_size: 102156.81308087609
codetable_size: 551.1322966494977
complete: 102707.94537752558
Partition 1 ratio: 0.18326130381077882
processing batch_results/200d-5-10-neg15/batch-3/adult_transaction_k_means_200d_k16_FalseNorm_trans_clust_2_k16...
chunks ... [0, 829, 1658, 2487, 3318]
num codes: 258
num codes with support 0: 0
chunks ... [0, 829, 1658, 2487, 3318]
num codes with usage 0: 29
database_size: 29768.426461242838
codetable_size: 6135.194973652902
complete: 35903.621434895744
database_size: 157302.30289667225
codetable_size: 512.6172148875722
complete: 157814.92011155983
Partition 2 ratio: 0.22750460735597983
processing batch_results/200d-5-10-neg15/batch-3/adult_transaction_k_means_200d_k16_FalseNorm_trans_clust_3_k16...
chunks ... [0, 1182, 2364, 3546, 4728]
num codes: 275
num codes with support 0: 0
chunks ... [0, 1182, 2364, 3546, 4728]
num codes with usage 0: 24
database_size: 38410.22203552062
codetable_size: 7179.488392573028
complete: 45589.71042809365
database_size: 221662.0900375235
codetable_size: 576.4895743173132
complete: 222238.57961184083
Partition 3 ratio: 0.20513859703261275
processing batch_results/200d-5-10-neg15/batch-3/adult_transaction_k_means_200d_k16_FalseNorm_trans_clust_4_k16...
chunks ... [0, 663, 1326, 1989, 2655]
num codes: 198
num codes with support 0: 0
chunks ... [0, 663, 1326, 1989, 2655]
num codes with usage 0: 28
database_size: 24971.471276584292
codetable_size: 4037.1895144849136
complete: 29008.660791069207
database_size: 125742.99854489419
codetable_size: 549.4086291732757
complete: 126292.40717406747
Partition 4 ratio: 0.22969441663335216
processing batch_results/200d-5-10-neg15/batch-3/adult_transaction_k_means_200d_k16_FalseNorm_trans_clust_5_k16...
chunks ... [0, 344, 688, 1032, 1376]
num codes: 152
num codes with support 0: 0
chunks ... [0, 344, 688, 1032, 1376]
num codes with usage 0: 37
database_size: 10835.987793568835
codetable_size: 2666.383195353604
complete: 13502.37098892244
database_size: 63526.29184650842
codetable_size: 402.79978684736744
complete: 63929.09163335579
Partition 5 ratio: 0.21120855378895156
processing batch_results/200d-5-10-neg15/batch-3/adult_transaction_k_means_200d_k16_FalseNorm_trans_clust_6_k16...
chunks ... [0, 937, 1874, 2811, 3751]
num codes: 196
num codes with support 0: 0
chunks ... [0, 937, 1874, 2811, 3751]
num codes with usage 0: 27
database_size: 21612.99684765015
codetable_size: 5035.273992812914
complete: 26648.27084046306
database_size: 170345.71269313738
codetable_size: 547.54122825816
complete: 170893.25392139555
Partition 6 ratio: 0.1559351830981009
processing batch_results/200d-5-10-neg15/batch-3/adult_transaction_k_means_200d_k16_FalseNorm_trans_clust_7_k16...
chunks ... [0, 536, 1072, 1608, 2144]
num codes: 212
num codes with support 0: 0
chunks ... [0, 536, 1072, 1608, 2144]
num codes with usage 0: 46
database_size: 18836.734946621636
codetable_size: 4243.451697725997
complete: 23080.186644347632
database_size: 101448.08052853578
codetable_size: 523.4113007814325
complete: 101971.49182931721
Partition 7 ratio: 0.22633959972832315
processing batch_results/200d-5-10-neg15/batch-3/adult_transaction_k_means_200d_k16_FalseNorm_trans_clust_8_k16...
chunks ... [0, 973, 1946, 2919, 3894]
num codes: 235
num codes with support 0: 0
chunks ... [0, 973, 1946, 2919, 3894]
num codes with usage 0: 33
database_size: 30178.244805488466
codetable_size: 5766.064413119636
complete: 35944.309218608105
database_size: 179921.4908728406
codetable_size: 609.024655354459
complete: 180530.51552819507
Partition 8 ratio: 0.19910378648973812
processing batch_results/200d-5-10-neg15/batch-3/adult_transaction_k_means_200d_k16_FalseNorm_trans_clust_9_k16...
chunks ... [0, 411, 822, 1233, 1647]
num codes: 112
num codes with support 0: 0
chunks ... [0, 411, 822, 1233, 1647]
num codes with usage 0: 26
database_size: 9471.707147667707
codetable_size: 1980.4835526669335
complete: 11452.19070033464
database_size: 61712.919980021754
codetable_size: 358.02178733333903
complete: 62070.94176735509
Partition 9 ratio: 0.18450164238296896
processing batch_results/200d-5-10-neg15/batch-3/adult_transaction_k_means_200d_k16_FalseNorm_trans_clust_10_k16...
chunks ... [0, 223, 446, 669, 895]
num codes: 172
num codes with support 0: 0
chunks ... [0, 223, 446, 669, 895]
num codes with usage 0: 29
database_size: 10146.783222381067
codetable_size: 2828.1945961276506
complete: 12974.977818508718
database_size: 42643.820564806076
codetable_size: 503.05259467969313
complete: 43146.87315948577
Partition 10 ratio: 0.30071652632969975
processing batch_results/200d-5-10-neg15/batch-3/adult_transaction_k_means_200d_k16_FalseNorm_trans_clust_11_k16...
chunks ... [0, 828, 1656, 2484, 3312]
num codes: 261
num codes with support 0: 0
chunks ... [0, 828, 1656, 2484, 3312]
num codes with usage 0: 24
database_size: 30700.9961739338
codetable_size: 6218.675628115391
complete: 36919.67180204919
database_size: 156579.14725774628
codetable_size: 566.8074701511964
complete: 157145.95472789748
Partition 11 ratio: 0.23493873492306316
processing batch_results/200d-5-10-neg15/batch-3/adult_transaction_k_means_200d_k16_FalseNorm_trans_clust_12_k16...
chunks ... [0, 382, 764, 1146, 1529]
num codes: 180
num codes with support 0: 0
chunks ... [0, 382, 764, 1146, 1529]
num codes with usage 0: 23
database_size: 14403.856720868382
codetable_size: 3170.8972264268923
complete: 17574.753947295274
database_size: 70994.56792073773
codetable_size: 543.9540245466843
complete: 71538.5219452844
Partition 12 ratio: 0.24566839612282132
processing batch_results/200d-5-10-neg15/batch-3/adult_transaction_k_means_200d_k16_FalseNorm_trans_clust_13_k16...
chunks ... [0, 479, 958, 1437, 1918]
num codes: 178
num codes with support 0: 0
chunks ... [0, 479, 958, 1437, 1918]
num codes with usage 0: 39
database_size: 13974.01993607103
codetable_size: 3611.7188627228816
complete: 17585.73879879391
database_size: 87785.579189369
codetable_size: 530.8831494165839
complete: 88316.46233878558
Partition 13 ratio: 0.19912186621939512
processing batch_results/200d-5-10-neg15/batch-3/adult_transaction_k_means_200d_k16_FalseNorm_trans_clust_14_k16...
chunks ... [0, 2140, 4280, 6420, 8562]
num codes: 287
num codes with support 0: 0
chunks ... [0, 2140, 4280, 6420, 8562]
num codes with usage 0: 27
database_size: 57979.98321580601
codetable_size: 8639.828668522314
complete: 66619.81188432832
database_size: 391007.28354165086
codetable_size: 639.2785001732447
complete: 391646.5620418241
Partition 14 ratio: 0.17010186821763537
processing batch_results/200d-5-10-neg15/batch-3/adult_transaction_k_means_200d_k16_FalseNorm_trans_clust_15_k16...
chunks ... [0, 975, 1950, 2925, 3903]
num codes: 206
num codes with support 0: 0
chunks ... [0, 975, 1950, 2925, 3903]
num codes with usage 0: 35
database_size: 26346.720823428903
codetable_size: 4922.654775315091
complete: 31269.375598743994
database_size: 179081.43330208433
codetable_size: 597.9218586766361
complete: 179679.35516076096
Partition 15 ratio: 0.17402876123841254
number of codetables: 16
size: 247
size: 176
size: 258
size: 275
size: 198
size: 152
size: 196
size: 212
size: 235
size: 112
size: 172
size: 261
size: 180
size: 178
size: 287
size: 206
database_size: 2474343.928416041
codetable_size: 677.7028634765386
complete: 2475021.631279518
current singletons: {1, 2, 3, 4, 5, 6, 7, 9, 13, 14, 15, 17, 18, 19, 20, 21, 22, 23, 24, 25, 26, 27, 29, 30, 31, 32, 33, 34, 35, 36, 37, 38, 39, 40, 42, 43, 44, 45, 46, 47, 48, 49, 50, 51, 52, 53, 54, 55, 56, 57, 58, 59, 60, 61, 63, 65, 66, 67, 68, 69, 70, 71, 72, 73, 74, 75, 76, 77, 78, 79, 81, 82, 83, 84, 85, 86, 87, 88, 89, 91, 92, 95, 96, 97}
Added 13 singletons
added:  {64, 8, 41, 10, 11, 12, 16, 80, 62, 90, 28, 93, 94}
chunks ... [0, 12210, 24420, 36630, 48842]
num codes: 260
num codes with support 0: 0
chunks ... [0, 12210, 24420, 36630, 48842]
database_size: 1656691.6002387195
codetable_size: 5951.201446723991
complete: 1662642.8016854434
Partition ratio: 0.6717689981666556
current singletons: {1, 2, 3, 4, 5, 6, 7, 8, 9, 11, 15, 16, 17, 20, 23, 25, 26, 27, 29, 30, 31, 32, 33, 34, 35, 36, 37, 38, 39, 42, 44, 45, 46, 47, 48, 49, 50, 52, 53, 54, 55, 56, 57, 58, 60, 61, 63, 65, 66, 67, 68, 69, 70, 71, 72, 73, 74, 75, 76, 77, 78, 79, 80, 81, 82, 83, 84, 85, 86, 88, 89, 90, 91, 92, 93, 94, 96, 97}
Added 19 singletons
added:  {10, 12, 13, 14, 18, 19, 21, 22, 24, 28, 40, 41, 43, 51, 59, 62, 64, 87, 95}
chunks ... [0, 12210, 24420, 36630, 48842]
num codes: 195
num codes with support 0: 0
chunks ... [0, 12210, 24420, 36630, 48842]
database_size: 1912777.0318774134
codetable_size: 4728.329077721996
complete: 1917505.3609551354
Partition ratio: 0.7747428696062902
current singletons: {1, 2, 3, 4, 5, 6, 7, 9, 15, 16, 17, 20, 23, 25, 26, 27, 29, 30, 31, 32, 33, 34, 35, 36, 37, 38, 39, 40, 42, 44, 45, 46, 47, 48, 49, 50, 51, 52, 53, 54, 55, 56, 57, 58, 59, 61, 63, 64, 65, 66, 67, 68, 69, 70, 71, 72, 73, 74, 75, 76, 77, 78, 79, 80, 81, 82, 83, 85, 86, 87, 92, 93, 94, 95, 96, 97}
Added 21 singletons
added:  {8, 10, 11, 12, 13, 14, 18, 19, 21, 22, 24, 28, 41, 43, 60, 62, 84, 88, 89, 90, 91}
chunks ... [0, 12210, 24420, 36630, 48842]
num codes: 279
num codes with support 0: 0
chunks ... [0, 12210, 24420, 36630, 48842]
database_size: 1635018.7252153694
codetable_size: 7503.861669657604
complete: 1642522.586885027
Partition ratio: 0.6636396894987492
current singletons: {1, 2, 3, 4, 5, 6, 7, 9, 15, 16, 17, 20, 23, 25, 26, 27, 28, 29, 30, 31, 32, 33, 34, 35, 36, 37, 38, 39, 40, 42, 43, 44, 45, 46, 47, 48, 49, 50, 51, 52, 53, 54, 55, 56, 57, 58, 59, 61, 62, 63, 65, 66, 67, 68, 69, 70, 71, 72, 73, 74, 75, 76, 77, 78, 79, 81, 82, 83, 84, 85, 86, 87, 88, 89, 90, 91, 92, 93, 94, 95, 96, 97}
Added 15 singletons
added:  {64, 8, 41, 10, 11, 12, 13, 14, 80, 18, 19, 21, 22, 24, 60}
chunks ... [0, 12210, 24420, 36630, 48842]
num codes: 290
num codes with support 0: 0
chunks ... [0, 12210, 24420, 36630, 48842]
database_size: 1643223.9231925723
codetable_size: 8557.23770140497
complete: 1651781.1608939774
Partition ratio: 0.6673804947878585
current singletons: {1, 2, 3, 4, 5, 6, 7, 9, 11, 14, 15, 16, 18, 19, 21, 22, 23, 24, 25, 26, 27, 28, 29, 30, 31, 32, 33, 34, 35, 36, 37, 38, 39, 40, 42, 43, 44, 45, 46, 47, 48, 49, 51, 52, 53, 54, 55, 56, 57, 58, 59, 61, 63, 65, 66, 68, 69, 70, 71, 72, 73, 74, 75, 76, 77, 78, 79, 81, 82, 83, 84, 85, 87, 89, 90, 91, 92, 93, 95, 96, 97}
Added 16 singletons
added:  {64, 67, 8, 41, 10, 12, 13, 80, 17, 50, 20, 86, 62, 88, 60, 94}
chunks ... [0, 12210, 24420, 36630, 48842]
num codes: 214
num codes with support 0: 0
chunks ... [0, 12210, 24420, 36630, 48842]
database_size: 1891852.2859687777
codetable_size: 5342.5572928920155
complete: 1897194.8432616699
Partition ratio: 0.7665366715525926
current singletons: {1, 2, 3, 4, 5, 6, 7, 9, 14, 15, 16, 17, 20, 23, 24, 25, 26, 27, 29, 30, 31, 32, 33, 34, 35, 36, 37, 38, 39, 42, 44, 45, 46, 47, 48, 49, 50, 51, 52, 53, 54, 55, 56, 58, 59, 60, 61, 65, 66, 68, 69, 71, 72, 73, 74, 77, 80, 81, 84, 90, 93, 96, 97}
Added 34 singletons
added:  {8, 10, 11, 12, 13, 18, 19, 21, 22, 28, 40, 41, 43, 57, 62, 63, 64, 67, 70, 75, 76, 78, 79, 82, 83, 85, 86, 87, 88, 89, 91, 92, 94, 95}
chunks ... [0, 12210, 24420, 36630, 48842]
num codes: 186
num codes with support 0: 0
chunks ... [0, 12210, 24420, 36630, 48842]
database_size: 1929652.103784674
codetable_size: 4039.09585413123
complete: 1933691.1996388054
Partition ratio: 0.7812825452515906
current singletons: {1, 2, 3, 4, 5, 6, 7, 9, 10, 13, 15, 16, 17, 20, 23, 25, 26, 27, 28, 29, 30, 31, 32, 33, 34, 35, 36, 37, 38, 39, 42, 44, 45, 46, 47, 48, 49, 50, 52, 53, 54, 55, 56, 57, 58, 59, 60, 61, 63, 65, 66, 68, 69, 70, 71, 72, 73, 74, 75, 76, 78, 79, 80, 81, 82, 83, 85, 86, 87, 88, 91, 92, 94, 96, 97}
Added 22 singletons
added:  {8, 11, 12, 14, 18, 19, 21, 22, 24, 40, 41, 43, 51, 62, 64, 67, 77, 84, 89, 90, 93, 95}
chunks ... [0, 12210, 24420, 36630, 48842]
num codes: 218
num codes with support 0: 0
chunks ... [0, 12210, 24420, 36630, 48842]
database_size: 1967734.3716505966
codetable_size: 6289.886467802456
complete: 1974024.2581183992
Partition ratio: 0.7975785880699083
current singletons: {1, 2, 3, 4, 5, 6, 7, 9, 13, 15, 16, 17, 19, 20, 23, 24, 25, 26, 27, 28, 29, 30, 31, 32, 33, 34, 35, 36, 37, 38, 39, 42, 44, 45, 46, 47, 48, 49, 50, 51, 52, 53, 54, 55, 56, 57, 58, 59, 60, 61, 63, 65, 66, 68, 69, 70, 71, 72, 74, 76, 78, 79, 81, 82, 83, 84, 86, 87, 88, 89, 91, 93, 94, 95, 96, 97}
Added 21 singletons
added:  {8, 10, 11, 12, 14, 18, 21, 22, 40, 41, 43, 62, 64, 67, 73, 75, 77, 80, 85, 90, 92}
chunks ... [0, 12210, 24420, 36630, 48842]
num codes: 233
num codes with support 0: 0
chunks ... [0, 12210, 24420, 36630, 48842]
database_size: 1592679.1798980534
codetable_size: 5556.088840797299
complete: 1598235.2687388507
Partition ratio: 0.6457459799705295
current singletons: {1, 2, 3, 4, 5, 6, 7, 8, 9, 12, 14, 18, 19, 21, 22, 24, 25, 27, 28, 29, 30, 31, 32, 33, 34, 35, 36, 37, 38, 39, 40, 41, 42, 43, 44, 45, 46, 47, 48, 49, 50, 51, 52, 53, 54, 55, 56, 57, 58, 59, 61, 63, 65, 66, 67, 68, 69, 70, 71, 72, 73, 74, 75, 76, 77, 78, 79, 80, 81, 82, 83, 84, 85, 86, 87, 88, 89, 90, 91, 92, 93, 94, 95, 96, 97}
Added 12 singletons
added:  {64, 10, 11, 13, 15, 16, 17, 20, 23, 26, 60, 62}
chunks ... [0, 12210, 24420, 36630, 48842]
num codes: 247
num codes with support 0: 0
chunks ... [0, 12210, 24420, 36630, 48842]
database_size: 1841852.718111769
codetable_size: 7129.137360750228
complete: 1848981.8554725193
Partition ratio: 0.7470568467382027
current singletons: {1, 8, 9, 15, 16, 17, 20, 23, 25, 26, 27, 42, 44, 45, 46, 47, 48, 49, 50, 51, 52, 53, 55, 56, 57, 58, 59, 60, 61, 63, 65, 66, 67, 68, 69, 70, 71, 72, 73, 74, 76, 77, 78, 79, 81, 82, 83, 84, 85, 87, 89, 93, 96, 97}
Added 43 singletons
added:  {2, 3, 4, 5, 6, 7, 10, 11, 12, 13, 14, 18, 19, 21, 22, 24, 28, 29, 30, 31, 32, 33, 34, 35, 36, 37, 38, 39, 40, 41, 43, 54, 62, 64, 75, 80, 86, 88, 90, 91, 92, 94, 95}
chunks ... [0, 12210, 24420, 36630, 48842]
num codes: 155
num codes with support 0: 0
chunks ... [0, 12210, 24420, 36630, 48842]
database_size: 1429666.4178098931
codetable_size: 3047.178726599942
complete: 1432713.5965364932
Partition ratio: 0.5788691211542341
current singletons: {1, 2, 3, 4, 5, 6, 7, 9, 14, 15, 17, 18, 19, 20, 21, 22, 23, 24, 25, 26, 27, 28, 29, 30, 31, 32, 33, 34, 35, 36, 37, 38, 39, 41, 42, 44, 45, 46, 47, 48, 49, 50, 51, 52, 53, 54, 55, 56, 57, 58, 59, 61, 63, 65, 66, 68, 69, 70, 71, 72, 73, 74, 75, 76, 77, 78, 79, 80, 81, 82, 83, 84, 87, 89, 90, 93, 95, 96, 97}
Added 18 singletons
added:  {64, 67, 40, 8, 88, 43, 11, 12, 60, 10, 16, 13, 85, 86, 62, 91, 92, 94}
chunks ... [0, 12210, 24420, 36630, 48842]
num codes: 190
num codes with support 0: 0
chunks ... [0, 12210, 24420, 36630, 48842]
database_size: 1886325.0016165138
codetable_size: 4052.8955951420367
complete: 1890377.897211656
Partition ratio: 0.7637823739885388
current singletons: {1, 2, 3, 4, 5, 6, 7, 9, 14, 15, 18, 19, 21, 22, 23, 24, 25, 26, 27, 28, 29, 30, 31, 32, 33, 34, 35, 36, 37, 38, 39, 41, 42, 44, 45, 46, 47, 48, 49, 50, 51, 52, 53, 54, 55, 56, 57, 58, 59, 60, 61, 63, 65, 66, 68, 69, 70, 71, 72, 73, 74, 75, 76, 77, 78, 79, 80, 81, 82, 83, 84, 85, 86, 87, 88, 89, 90, 91, 93, 95, 96, 97}
Added 15 singletons
added:  {64, 67, 40, 8, 10, 43, 11, 12, 13, 16, 17, 20, 62, 92, 94}
chunks ... [0, 12210, 24420, 36630, 48842]
num codes: 276
num codes with support 0: 0
chunks ... [0, 12210, 24420, 36630, 48842]
database_size: 1981121.5317040551
codetable_size: 7665.277712795716
complete: 1988786.8094168508
Partition ratio: 0.8035432031309977
current singletons: {1, 2, 3, 4, 5, 6, 7, 8, 9, 12, 14, 15, 16, 17, 19, 20, 23, 24, 25, 28, 29, 30, 31, 32, 33, 34, 35, 36, 37, 38, 39, 41, 42, 45, 46, 47, 48, 49, 50, 51, 52, 53, 54, 55, 56, 57, 58, 59, 61, 63, 65, 66, 67, 68, 69, 70, 71, 72, 73, 74, 75, 76, 77, 78, 79, 80, 81, 82, 83, 84, 85, 87, 88, 89, 90, 91, 92, 94, 95, 96, 97}
Added 16 singletons
added:  {64, 40, 10, 43, 44, 11, 13, 18, 21, 22, 86, 26, 27, 60, 93, 62}
chunks ... [0, 12210, 24420, 36630, 48842]
num codes: 196
num codes with support 0: 0
chunks ... [0, 12210, 24420, 36630, 48842]
database_size: 1711732.3986500092
codetable_size: 4134.572984474742
complete: 1715866.971634484
Partition ratio: 0.6932735253499291
current singletons: {1, 2, 3, 4, 5, 6, 7, 8, 9, 15, 16, 17, 19, 20, 23, 24, 25, 26, 27, 29, 30, 31, 32, 33, 34, 35, 36, 37, 38, 39, 42, 44, 45, 46, 47, 48, 49, 50, 51, 52, 53, 55, 56, 58, 59, 61, 63, 65, 66, 67, 68, 69, 70, 71, 72, 73, 75, 76, 77, 78, 80, 81, 82, 83, 84, 85, 86, 87, 88, 90, 92, 93, 94, 95, 96, 97}
Added 21 singletons
added:  {10, 11, 12, 13, 14, 18, 21, 22, 28, 40, 41, 43, 54, 57, 60, 62, 64, 74, 79, 89, 91}
chunks ... [0, 12210, 24420, 36630, 48842]
num codes: 199
num codes with support 0: 0
chunks ... [0, 12210, 24420, 36630, 48842]
database_size: 1842371.1799694481
codetable_size: 4926.069398747265
complete: 1847297.2493681954
Partition ratio: 0.7463762037559218
current singletons: {1, 2, 3, 4, 5, 6, 7, 8, 9, 11, 13, 14, 15, 16, 17, 19, 20, 23, 24, 25, 28, 29, 30, 31, 32, 33, 34, 35, 36, 37, 38, 39, 40, 42, 43, 44, 45, 46, 47, 48, 49, 50, 51, 52, 53, 54, 55, 56, 57, 58, 59, 61, 62, 63, 65, 66, 67, 68, 69, 70, 71, 72, 73, 74, 75, 76, 77, 78, 79, 81, 82, 83, 84, 85, 86, 87, 88, 89, 90, 91, 92, 93, 94, 95, 96, 97}
Added 11 singletons
added:  {64, 41, 10, 12, 80, 18, 21, 22, 26, 27, 60}
chunks ... [0, 12210, 24420, 36630, 48842]
num codes: 298
num codes with support 0: 0
chunks ... [0, 12210, 24420, 36630, 48842]
database_size: 1570451.1262518386
codetable_size: 9918.10719408592
complete: 1580369.2334459245
Partition ratio: 0.638527442941546
current singletons: {1, 2, 3, 4, 5, 6, 7, 8, 9, 11, 13, 15, 16, 17, 19, 20, 23, 24, 25, 26, 27, 29, 30, 31, 32, 33, 34, 35, 36, 37, 38, 39, 40, 42, 44, 45, 46, 47, 48, 49, 51, 52, 53, 54, 55, 56, 57, 58, 59, 60, 61, 63, 66, 67, 68, 69, 70, 71, 72, 73, 74, 75, 76, 77, 78, 79, 80, 81, 82, 83, 84, 85, 86, 88, 89, 90, 93, 94, 95, 96, 97}
Added 16 singletons
added:  {64, 65, 41, 10, 43, 12, 28, 14, 50, 18, 21, 22, 87, 91, 92, 62}
chunks ... [0, 12210, 24420, 36630, 48842]
num codes: 222
num codes with support 0: 0
chunks ... [0, 12210, 24420, 36630, 48842]
database_size: 1822311.50578442
codetable_size: 6102.323012625545
complete: 1828413.8287970456
Partition ratio: 0.7387466055606982
merged table size: 155
chunks ... [0, 12210, 24420, 36630, 48842]
chunks ... [0, 12210, 24420, 36630, 48842]
merged table size without non-used codes: 151
database_size: 1429666.4178098931
codetable_size: 3047.178726599942
complete: 1432713.5965364932
database_size: 2474343.928416041
codetable_size: 677.7028634765386
complete: 2475021.631279518
merged size: 1432713.5965364932
sct size: 2475021.631279518
merged ratio: 0.5788691211542341
time elapsed: 36.84896183013916
-- MERGING METHOD informed
processing batch_results/200d-5-10-neg15/batch-3/adult_transaction_k_means_200d_k16_FalseNorm_trans_clust_0_k16...
chunks ... [0, 742, 1484, 2226, 2970]
num codes: 247
num codes with support 0: 0
chunks ... [0, 742, 1484, 2226, 2970]
num codes with usage 0: 36
database_size: 31260.014684161008
codetable_size: 4796.462178237784
complete: 36056.47686239879
database_size: 141559.4951141475
codetable_size: 569.9691453824843
complete: 142129.46425952998
Partition 0 ratio: 0.2536875590873914
processing batch_results/200d-5-10-neg15/batch-3/adult_transaction_k_means_200d_k16_FalseNorm_trans_clust_1_k16...
chunks ... [0, 560, 1120, 1680, 2240]
num codes: 176
num codes with support 0: 0
chunks ... [0, 560, 1120, 1680, 2240]
num codes with usage 0: 32
database_size: 15240.064879659774
codetable_size: 3582.3271019518193
complete: 18822.391981611592
database_size: 102156.81308087609
codetable_size: 551.1322966494977
complete: 102707.94537752558
Partition 1 ratio: 0.18326130381077882
processing batch_results/200d-5-10-neg15/batch-3/adult_transaction_k_means_200d_k16_FalseNorm_trans_clust_2_k16...
chunks ... [0, 829, 1658, 2487, 3318]
num codes: 258
num codes with support 0: 0
chunks ... [0, 829, 1658, 2487, 3318]
num codes with usage 0: 29
database_size: 29768.426461242838
codetable_size: 6135.194973652902
complete: 35903.621434895744
database_size: 157302.30289667225
codetable_size: 512.6172148875722
complete: 157814.92011155983
Partition 2 ratio: 0.22750460735597983
processing batch_results/200d-5-10-neg15/batch-3/adult_transaction_k_means_200d_k16_FalseNorm_trans_clust_3_k16...
chunks ... [0, 1182, 2364, 3546, 4728]
num codes: 275
num codes with support 0: 0
chunks ... [0, 1182, 2364, 3546, 4728]
num codes with usage 0: 24
database_size: 38410.22203552062
codetable_size: 7179.488392573028
complete: 45589.71042809365
database_size: 221662.0900375235
codetable_size: 576.4895743173132
complete: 222238.57961184083
Partition 3 ratio: 0.20513859703261275
processing batch_results/200d-5-10-neg15/batch-3/adult_transaction_k_means_200d_k16_FalseNorm_trans_clust_4_k16...
chunks ... [0, 663, 1326, 1989, 2655]
num codes: 198
num codes with support 0: 0
chunks ... [0, 663, 1326, 1989, 2655]
num codes with usage 0: 28
database_size: 24971.471276584292
codetable_size: 4037.1895144849136
complete: 29008.660791069207
database_size: 125742.99854489419
codetable_size: 549.4086291732757
complete: 126292.40717406747
Partition 4 ratio: 0.22969441663335216
processing batch_results/200d-5-10-neg15/batch-3/adult_transaction_k_means_200d_k16_FalseNorm_trans_clust_5_k16...
chunks ... [0, 344, 688, 1032, 1376]
num codes: 152
num codes with support 0: 0
chunks ... [0, 344, 688, 1032, 1376]
num codes with usage 0: 37
database_size: 10835.987793568835
codetable_size: 2666.383195353604
complete: 13502.37098892244
database_size: 63526.29184650842
codetable_size: 402.79978684736744
complete: 63929.09163335579
Partition 5 ratio: 0.21120855378895156
processing batch_results/200d-5-10-neg15/batch-3/adult_transaction_k_means_200d_k16_FalseNorm_trans_clust_6_k16...
chunks ... [0, 937, 1874, 2811, 3751]
num codes: 196
num codes with support 0: 0
chunks ... [0, 937, 1874, 2811, 3751]
num codes with usage 0: 27
database_size: 21612.99684765015
codetable_size: 5035.273992812914
complete: 26648.27084046306
database_size: 170345.71269313738
codetable_size: 547.54122825816
complete: 170893.25392139555
Partition 6 ratio: 0.1559351830981009
processing batch_results/200d-5-10-neg15/batch-3/adult_transaction_k_means_200d_k16_FalseNorm_trans_clust_7_k16...
chunks ... [0, 536, 1072, 1608, 2144]
num codes: 212
num codes with support 0: 0
chunks ... [0, 536, 1072, 1608, 2144]
num codes with usage 0: 46
database_size: 18836.734946621636
codetable_size: 4243.451697725997
complete: 23080.186644347632
database_size: 101448.08052853578
codetable_size: 523.4113007814325
complete: 101971.49182931721
Partition 7 ratio: 0.22633959972832315
processing batch_results/200d-5-10-neg15/batch-3/adult_transaction_k_means_200d_k16_FalseNorm_trans_clust_8_k16...
chunks ... [0, 973, 1946, 2919, 3894]
num codes: 235
num codes with support 0: 0
chunks ... [0, 973, 1946, 2919, 3894]
num codes with usage 0: 33
database_size: 30178.244805488466
codetable_size: 5766.064413119636
complete: 35944.309218608105
database_size: 179921.4908728406
codetable_size: 609.024655354459
complete: 180530.51552819507
Partition 8 ratio: 0.19910378648973812
processing batch_results/200d-5-10-neg15/batch-3/adult_transaction_k_means_200d_k16_FalseNorm_trans_clust_9_k16...
chunks ... [0, 411, 822, 1233, 1647]
num codes: 112
num codes with support 0: 0
chunks ... [0, 411, 822, 1233, 1647]
num codes with usage 0: 26
database_size: 9471.707147667707
codetable_size: 1980.4835526669335
complete: 11452.19070033464
database_size: 61712.919980021754
codetable_size: 358.02178733333903
complete: 62070.94176735509
Partition 9 ratio: 0.18450164238296896
processing batch_results/200d-5-10-neg15/batch-3/adult_transaction_k_means_200d_k16_FalseNorm_trans_clust_10_k16...
chunks ... [0, 223, 446, 669, 895]
num codes: 172
num codes with support 0: 0
chunks ... [0, 223, 446, 669, 895]
num codes with usage 0: 29
database_size: 10146.783222381067
codetable_size: 2828.1945961276506
complete: 12974.977818508718
database_size: 42643.820564806076
codetable_size: 503.05259467969313
complete: 43146.87315948577
Partition 10 ratio: 0.30071652632969975
processing batch_results/200d-5-10-neg15/batch-3/adult_transaction_k_means_200d_k16_FalseNorm_trans_clust_11_k16...
chunks ... [0, 828, 1656, 2484, 3312]
num codes: 261
num codes with support 0: 0
chunks ... [0, 828, 1656, 2484, 3312]
num codes with usage 0: 24
database_size: 30700.9961739338
codetable_size: 6218.675628115391
complete: 36919.67180204919
database_size: 156579.14725774628
codetable_size: 566.8074701511964
complete: 157145.95472789748
Partition 11 ratio: 0.23493873492306316
processing batch_results/200d-5-10-neg15/batch-3/adult_transaction_k_means_200d_k16_FalseNorm_trans_clust_12_k16...
chunks ... [0, 382, 764, 1146, 1529]
num codes: 180
num codes with support 0: 0
chunks ... [0, 382, 764, 1146, 1529]
num codes with usage 0: 23
database_size: 14403.856720868382
codetable_size: 3170.8972264268923
complete: 17574.753947295274
database_size: 70994.56792073773
codetable_size: 543.9540245466843
complete: 71538.5219452844
Partition 12 ratio: 0.24566839612282132
processing batch_results/200d-5-10-neg15/batch-3/adult_transaction_k_means_200d_k16_FalseNorm_trans_clust_13_k16...
chunks ... [0, 479, 958, 1437, 1918]
num codes: 178
num codes with support 0: 0
chunks ... [0, 479, 958, 1437, 1918]
num codes with usage 0: 39
database_size: 13974.01993607103
codetable_size: 3611.7188627228816
complete: 17585.73879879391
database_size: 87785.579189369
codetable_size: 530.8831494165839
complete: 88316.46233878558
Partition 13 ratio: 0.19912186621939512
processing batch_results/200d-5-10-neg15/batch-3/adult_transaction_k_means_200d_k16_FalseNorm_trans_clust_14_k16...
chunks ... [0, 2140, 4280, 6420, 8562]
num codes: 287
num codes with support 0: 0
chunks ... [0, 2140, 4280, 6420, 8562]
num codes with usage 0: 27
database_size: 57979.98321580601
codetable_size: 8639.828668522314
complete: 66619.81188432832
database_size: 391007.28354165086
codetable_size: 639.2785001732447
complete: 391646.5620418241
Partition 14 ratio: 0.17010186821763537
processing batch_results/200d-5-10-neg15/batch-3/adult_transaction_k_means_200d_k16_FalseNorm_trans_clust_15_k16...
chunks ... [0, 975, 1950, 2925, 3903]
num codes: 206
num codes with support 0: 0
chunks ... [0, 975, 1950, 2925, 3903]
num codes with usage 0: 35
database_size: 26346.720823428903
codetable_size: 4922.654775315091
complete: 31269.375598743994
database_size: 179081.43330208433
codetable_size: 597.9218586766361
complete: 179679.35516076096
Partition 15 ratio: 0.17402876123841254
number of codetables: 16
size: 247
size: 176
size: 258
size: 275
size: 198
size: 152
size: 196
size: 212
size: 235
size: 112
size: 172
size: 261
size: 180
size: 178
size: 287
size: 206
database_size: 2474343.928416041
codetable_size: 677.7028634765386
complete: 2475021.631279518
database_size: 2474343.928416041
codetable_size: 677.7028634765386
complete: 2475021.631279518
current singletons: {1, 2, 3, 4, 5, 6, 7, 9, 13, 14, 15, 17, 18, 19, 20, 21, 22, 23, 24, 25, 26, 27, 29, 30, 31, 32, 33, 34, 35, 36, 37, 38, 39, 40, 42, 43, 44, 45, 46, 47, 48, 49, 50, 51, 52, 53, 54, 55, 56, 57, 58, 59, 60, 61, 63, 65, 66, 67, 68, 69, 70, 71, 72, 73, 74, 75, 76, 77, 78, 79, 81, 82, 83, 84, 85, 86, 87, 88, 89, 91, 92, 95, 96, 97}
Added 13 singletons
added:  {64, 8, 41, 10, 11, 12, 16, 80, 62, 90, 28, 93, 94}
chunks ... [0, 12210, 24420, 36630, 48842]
num codes: 260
num codes with support 0: 0
chunks ... [0, 12210, 24420, 36630, 48842]
database_size: 1656691.6002387195
codetable_size: 5951.201446723991
complete: 1662642.8016854434
Partition ratio: 0.6717689981666556
current singletons: {1, 2, 3, 4, 5, 6, 7, 8, 9, 11, 15, 16, 17, 20, 23, 25, 26, 27, 29, 30, 31, 32, 33, 34, 35, 36, 37, 38, 39, 42, 44, 45, 46, 47, 48, 49, 50, 52, 53, 54, 55, 56, 57, 58, 60, 61, 63, 65, 66, 67, 68, 69, 70, 71, 72, 73, 74, 75, 76, 77, 78, 79, 80, 81, 82, 83, 84, 85, 86, 88, 89, 90, 91, 92, 93, 94, 96, 97}
Added 19 singletons
added:  {10, 12, 13, 14, 18, 19, 21, 22, 24, 28, 40, 41, 43, 51, 59, 62, 64, 87, 95}
chunks ... [0, 12210, 24420, 36630, 48842]
num codes: 195
num codes with support 0: 0
chunks ... [0, 12210, 24420, 36630, 48842]
database_size: 1912777.0318774134
codetable_size: 4728.329077721996
complete: 1917505.3609551354
Partition ratio: 0.7747428696062902
current singletons: {1, 2, 3, 4, 5, 6, 7, 9, 15, 16, 17, 20, 23, 25, 26, 27, 29, 30, 31, 32, 33, 34, 35, 36, 37, 38, 39, 40, 42, 44, 45, 46, 47, 48, 49, 50, 51, 52, 53, 54, 55, 56, 57, 58, 59, 61, 63, 64, 65, 66, 67, 68, 69, 70, 71, 72, 73, 74, 75, 76, 77, 78, 79, 80, 81, 82, 83, 85, 86, 87, 92, 93, 94, 95, 96, 97}
Added 21 singletons
added:  {8, 10, 11, 12, 13, 14, 18, 19, 21, 22, 24, 28, 41, 43, 60, 62, 84, 88, 89, 90, 91}
chunks ... [0, 12210, 24420, 36630, 48842]
num codes: 279
num codes with support 0: 0
chunks ... [0, 12210, 24420, 36630, 48842]
database_size: 1635018.7252153694
codetable_size: 7503.861669657604
complete: 1642522.586885027
Partition ratio: 0.6636396894987492
current singletons: {1, 2, 3, 4, 5, 6, 7, 9, 15, 16, 17, 20, 23, 25, 26, 27, 28, 29, 30, 31, 32, 33, 34, 35, 36, 37, 38, 39, 40, 42, 43, 44, 45, 46, 47, 48, 49, 50, 51, 52, 53, 54, 55, 56, 57, 58, 59, 61, 62, 63, 65, 66, 67, 68, 69, 70, 71, 72, 73, 74, 75, 76, 77, 78, 79, 81, 82, 83, 84, 85, 86, 87, 88, 89, 90, 91, 92, 93, 94, 95, 96, 97}
Added 15 singletons
added:  {64, 8, 41, 10, 11, 12, 13, 14, 80, 18, 19, 21, 22, 24, 60}
chunks ... [0, 12210, 24420, 36630, 48842]
num codes: 290
num codes with support 0: 0
chunks ... [0, 12210, 24420, 36630, 48842]
database_size: 1643223.9231925723
codetable_size: 8557.23770140497
complete: 1651781.1608939774
Partition ratio: 0.6673804947878585
current singletons: {1, 2, 3, 4, 5, 6, 7, 9, 11, 14, 15, 16, 18, 19, 21, 22, 23, 24, 25, 26, 27, 28, 29, 30, 31, 32, 33, 34, 35, 36, 37, 38, 39, 40, 42, 43, 44, 45, 46, 47, 48, 49, 51, 52, 53, 54, 55, 56, 57, 58, 59, 61, 63, 65, 66, 68, 69, 70, 71, 72, 73, 74, 75, 76, 77, 78, 79, 81, 82, 83, 84, 85, 87, 89, 90, 91, 92, 93, 95, 96, 97}
Added 16 singletons
added:  {64, 67, 8, 41, 10, 12, 13, 80, 17, 50, 20, 86, 62, 88, 60, 94}
chunks ... [0, 12210, 24420, 36630, 48842]
num codes: 214
num codes with support 0: 0
chunks ... [0, 12210, 24420, 36630, 48842]
database_size: 1891852.2859687777
codetable_size: 5342.5572928920155
complete: 1897194.8432616699
Partition ratio: 0.7665366715525926
current singletons: {1, 2, 3, 4, 5, 6, 7, 9, 14, 15, 16, 17, 20, 23, 24, 25, 26, 27, 29, 30, 31, 32, 33, 34, 35, 36, 37, 38, 39, 42, 44, 45, 46, 47, 48, 49, 50, 51, 52, 53, 54, 55, 56, 58, 59, 60, 61, 65, 66, 68, 69, 71, 72, 73, 74, 77, 80, 81, 84, 90, 93, 96, 97}
Added 34 singletons
added:  {8, 10, 11, 12, 13, 18, 19, 21, 22, 28, 40, 41, 43, 57, 62, 63, 64, 67, 70, 75, 76, 78, 79, 82, 83, 85, 86, 87, 88, 89, 91, 92, 94, 95}
chunks ... [0, 12210, 24420, 36630, 48842]
num codes: 186
num codes with support 0: 0
chunks ... [0, 12210, 24420, 36630, 48842]
database_size: 1929652.103784674
codetable_size: 4039.09585413123
complete: 1933691.1996388054
Partition ratio: 0.7812825452515906
current singletons: {1, 2, 3, 4, 5, 6, 7, 9, 10, 13, 15, 16, 17, 20, 23, 25, 26, 27, 28, 29, 30, 31, 32, 33, 34, 35, 36, 37, 38, 39, 42, 44, 45, 46, 47, 48, 49, 50, 52, 53, 54, 55, 56, 57, 58, 59, 60, 61, 63, 65, 66, 68, 69, 70, 71, 72, 73, 74, 75, 76, 78, 79, 80, 81, 82, 83, 85, 86, 87, 88, 91, 92, 94, 96, 97}
Added 22 singletons
added:  {8, 11, 12, 14, 18, 19, 21, 22, 24, 40, 41, 43, 51, 62, 64, 67, 77, 84, 89, 90, 93, 95}
chunks ... [0, 12210, 24420, 36630, 48842]
num codes: 218
num codes with support 0: 0
chunks ... [0, 12210, 24420, 36630, 48842]
database_size: 1967734.3716505966
codetable_size: 6289.886467802456
complete: 1974024.2581183992
Partition ratio: 0.7975785880699083
current singletons: {1, 2, 3, 4, 5, 6, 7, 9, 13, 15, 16, 17, 19, 20, 23, 24, 25, 26, 27, 28, 29, 30, 31, 32, 33, 34, 35, 36, 37, 38, 39, 42, 44, 45, 46, 47, 48, 49, 50, 51, 52, 53, 54, 55, 56, 57, 58, 59, 60, 61, 63, 65, 66, 68, 69, 70, 71, 72, 74, 76, 78, 79, 81, 82, 83, 84, 86, 87, 88, 89, 91, 93, 94, 95, 96, 97}
Added 21 singletons
added:  {8, 10, 11, 12, 14, 18, 21, 22, 40, 41, 43, 62, 64, 67, 73, 75, 77, 80, 85, 90, 92}
chunks ... [0, 12210, 24420, 36630, 48842]
num codes: 233
num codes with support 0: 0
chunks ... [0, 12210, 24420, 36630, 48842]
database_size: 1592679.1798980534
codetable_size: 5556.088840797299
complete: 1598235.2687388507
Partition ratio: 0.6457459799705295
current singletons: {1, 2, 3, 4, 5, 6, 7, 8, 9, 12, 14, 18, 19, 21, 22, 24, 25, 27, 28, 29, 30, 31, 32, 33, 34, 35, 36, 37, 38, 39, 40, 41, 42, 43, 44, 45, 46, 47, 48, 49, 50, 51, 52, 53, 54, 55, 56, 57, 58, 59, 61, 63, 65, 66, 67, 68, 69, 70, 71, 72, 73, 74, 75, 76, 77, 78, 79, 80, 81, 82, 83, 84, 85, 86, 87, 88, 89, 90, 91, 92, 93, 94, 95, 96, 97}
Added 12 singletons
added:  {64, 10, 11, 13, 15, 16, 17, 20, 23, 26, 60, 62}
chunks ... [0, 12210, 24420, 36630, 48842]
num codes: 247
num codes with support 0: 0
chunks ... [0, 12210, 24420, 36630, 48842]
database_size: 1841852.718111769
codetable_size: 7129.137360750228
complete: 1848981.8554725193
Partition ratio: 0.7470568467382027
current singletons: {1, 8, 9, 15, 16, 17, 20, 23, 25, 26, 27, 42, 44, 45, 46, 47, 48, 49, 50, 51, 52, 53, 55, 56, 57, 58, 59, 60, 61, 63, 65, 66, 67, 68, 69, 70, 71, 72, 73, 74, 76, 77, 78, 79, 81, 82, 83, 84, 85, 87, 89, 93, 96, 97}
Added 43 singletons
added:  {2, 3, 4, 5, 6, 7, 10, 11, 12, 13, 14, 18, 19, 21, 22, 24, 28, 29, 30, 31, 32, 33, 34, 35, 36, 37, 38, 39, 40, 41, 43, 54, 62, 64, 75, 80, 86, 88, 90, 91, 92, 94, 95}
chunks ... [0, 12210, 24420, 36630, 48842]
num codes: 155
num codes with support 0: 0
chunks ... [0, 12210, 24420, 36630, 48842]
database_size: 1429666.4178098931
codetable_size: 3047.178726599942
complete: 1432713.5965364932
Partition ratio: 0.5788691211542341
current singletons: {1, 2, 3, 4, 5, 6, 7, 9, 14, 15, 17, 18, 19, 20, 21, 22, 23, 24, 25, 26, 27, 28, 29, 30, 31, 32, 33, 34, 35, 36, 37, 38, 39, 41, 42, 44, 45, 46, 47, 48, 49, 50, 51, 52, 53, 54, 55, 56, 57, 58, 59, 61, 63, 65, 66, 68, 69, 70, 71, 72, 73, 74, 75, 76, 77, 78, 79, 80, 81, 82, 83, 84, 87, 89, 90, 93, 95, 96, 97}
Added 18 singletons
added:  {64, 67, 40, 8, 88, 43, 11, 12, 60, 10, 16, 13, 85, 86, 62, 91, 92, 94}
chunks ... [0, 12210, 24420, 36630, 48842]
num codes: 190
num codes with support 0: 0
chunks ... [0, 12210, 24420, 36630, 48842]
database_size: 1886325.0016165138
codetable_size: 4052.8955951420367
complete: 1890377.897211656
Partition ratio: 0.7637823739885388
current singletons: {1, 2, 3, 4, 5, 6, 7, 9, 14, 15, 18, 19, 21, 22, 23, 24, 25, 26, 27, 28, 29, 30, 31, 32, 33, 34, 35, 36, 37, 38, 39, 41, 42, 44, 45, 46, 47, 48, 49, 50, 51, 52, 53, 54, 55, 56, 57, 58, 59, 60, 61, 63, 65, 66, 68, 69, 70, 71, 72, 73, 74, 75, 76, 77, 78, 79, 80, 81, 82, 83, 84, 85, 86, 87, 88, 89, 90, 91, 93, 95, 96, 97}
Added 15 singletons
added:  {64, 67, 40, 8, 10, 43, 11, 12, 13, 16, 17, 20, 62, 92, 94}
chunks ... [0, 12210, 24420, 36630, 48842]
num codes: 276
num codes with support 0: 0
chunks ... [0, 12210, 24420, 36630, 48842]
database_size: 1981121.5317040551
codetable_size: 7665.277712795716
complete: 1988786.8094168508
Partition ratio: 0.8035432031309977
current singletons: {1, 2, 3, 4, 5, 6, 7, 8, 9, 12, 14, 15, 16, 17, 19, 20, 23, 24, 25, 28, 29, 30, 31, 32, 33, 34, 35, 36, 37, 38, 39, 41, 42, 45, 46, 47, 48, 49, 50, 51, 52, 53, 54, 55, 56, 57, 58, 59, 61, 63, 65, 66, 67, 68, 69, 70, 71, 72, 73, 74, 75, 76, 77, 78, 79, 80, 81, 82, 83, 84, 85, 87, 88, 89, 90, 91, 92, 94, 95, 96, 97}
Added 16 singletons
added:  {64, 40, 10, 43, 44, 11, 13, 18, 21, 22, 86, 26, 27, 60, 93, 62}
chunks ... [0, 12210, 24420, 36630, 48842]
num codes: 196
num codes with support 0: 0
chunks ... [0, 12210, 24420, 36630, 48842]
database_size: 1711732.3986500092
codetable_size: 4134.572984474742
complete: 1715866.971634484
Partition ratio: 0.6932735253499291
current singletons: {1, 2, 3, 4, 5, 6, 7, 8, 9, 15, 16, 17, 19, 20, 23, 24, 25, 26, 27, 29, 30, 31, 32, 33, 34, 35, 36, 37, 38, 39, 42, 44, 45, 46, 47, 48, 49, 50, 51, 52, 53, 55, 56, 58, 59, 61, 63, 65, 66, 67, 68, 69, 70, 71, 72, 73, 75, 76, 77, 78, 80, 81, 82, 83, 84, 85, 86, 87, 88, 90, 92, 93, 94, 95, 96, 97}
Added 21 singletons
added:  {10, 11, 12, 13, 14, 18, 21, 22, 28, 40, 41, 43, 54, 57, 60, 62, 64, 74, 79, 89, 91}
chunks ... [0, 12210, 24420, 36630, 48842]
num codes: 199
num codes with support 0: 0
chunks ... [0, 12210, 24420, 36630, 48842]
database_size: 1842371.1799694481
codetable_size: 4926.069398747265
complete: 1847297.2493681954
Partition ratio: 0.7463762037559218
current singletons: {1, 2, 3, 4, 5, 6, 7, 8, 9, 11, 13, 14, 15, 16, 17, 19, 20, 23, 24, 25, 28, 29, 30, 31, 32, 33, 34, 35, 36, 37, 38, 39, 40, 42, 43, 44, 45, 46, 47, 48, 49, 50, 51, 52, 53, 54, 55, 56, 57, 58, 59, 61, 62, 63, 65, 66, 67, 68, 69, 70, 71, 72, 73, 74, 75, 76, 77, 78, 79, 81, 82, 83, 84, 85, 86, 87, 88, 89, 90, 91, 92, 93, 94, 95, 96, 97}
Added 11 singletons
added:  {64, 41, 10, 12, 80, 18, 21, 22, 26, 27, 60}
chunks ... [0, 12210, 24420, 36630, 48842]
num codes: 298
num codes with support 0: 0
chunks ... [0, 12210, 24420, 36630, 48842]
database_size: 1570451.1262518386
codetable_size: 9918.10719408592
complete: 1580369.2334459245
Partition ratio: 0.638527442941546
current singletons: {1, 2, 3, 4, 5, 6, 7, 8, 9, 11, 13, 15, 16, 17, 19, 20, 23, 24, 25, 26, 27, 29, 30, 31, 32, 33, 34, 35, 36, 37, 38, 39, 40, 42, 44, 45, 46, 47, 48, 49, 51, 52, 53, 54, 55, 56, 57, 58, 59, 60, 61, 63, 66, 67, 68, 69, 70, 71, 72, 73, 74, 75, 76, 77, 78, 79, 80, 81, 82, 83, 84, 85, 86, 88, 89, 90, 93, 94, 95, 96, 97}
Added 16 singletons
added:  {64, 65, 41, 10, 43, 12, 28, 14, 50, 18, 21, 22, 87, 91, 92, 62}
chunks ... [0, 12210, 24420, 36630, 48842]
num codes: 222
num codes with support 0: 0
chunks ... [0, 12210, 24420, 36630, 48842]
database_size: 1822311.50578442
codetable_size: 6102.323012625545
complete: 1828413.8287970456
Partition ratio: 0.7387466055606982
initial ratio: 0.5788691211542341
merged: {9}
merged: {9}
to_process: {0, 1, 2, 3, 4, 5, 6, 7, 8, 10, 11, 12, 13, 14, 15}
[(0, 0.2310512393178427), (1, 0.4485974843477809), (2, 0.25219003826536895), (3, 0.13844274104592907), (4, 0.19032520203934777), (5, 0.48660705575684526), (6, 0.2788862394993368), (7, 0.35837054327466633), (8, 0.15689661700242707), (10, 0.20326264032331062), (11, 0.26174261399161525), (12, 0.36578005433437205), (13, 0.4587196520745706), (14, 0.083496906353743), (15, 0.24818456065123085)]
next_candidate: 14
chunks ... [0, 12210, 24420, 36630, 48842]
chunks ... [0, 12210, 24420, 36630, 48842]
database_size: 1162433.1226892977
codetable_size: 11630.495689543268
complete: 1174063.6183788409
current_ratio: 0.5788691211542341 --- candidate_ratio:0.4743649928311464
!!!!! ********* merge accepted ... 
merged: {9, 14}
to_process: {0, 1, 2, 3, 4, 5, 6, 7, 8, 10, 11, 12, 13, 15}
[(0, 0.14171131174284454), (1, 0.15723612806947018), (2, 0.19649678885765615), (3, 0.27610334642513185), (4, 0.13576679993274748), (5, 0.10243592368731426), (6, 0.24499580558988204), (7, 0.11829071696116027), (8, 0.21863416220444595), (10, 0.04879770843604754), (11, 0.17331845779436017), (12, 0.09169141340604156), (13, 0.14053543277286143), (15, 0.25675032661460606)]
next_candidate: 10
chunks ... [0, 12210, 24420, 36630, 48842]
chunks ... [0, 12210, 24420, 36630, 48842]
database_size: 951938.5177615247
codetable_size: 14196.228491460306
complete: 966134.746252985
current_ratio: 0.4743649928311464 --- candidate_ratio:0.3903540615738053
!!!!! ********* merge accepted ... 
merged: {9, 10, 14}
to_process: {0, 1, 2, 3, 4, 5, 6, 7, 8, 11, 12, 13, 15}
[(0, 0.14590427402707878), (1, 0.15019560238623794), (2, 0.18446713877003165), (3, 0.26167308079586615), (4, 0.1428681645355349), (5, 0.09738262476418476), (6, 0.23303161599417452), (7, 0.116700844290078), (8, 0.21959889607921754), (11, 0.1824372118140477), (12, 0.09340307584638963), (13, 0.12963149028743942), (15, 0.2379230592652324)]
next_candidate: 12
chunks ... [0, 12210, 24420, 36630, 48842]
chunks ... [0, 12210, 24420, 36630, 48842]
database_size: 924308.0920824273
codetable_size: 16799.35314255515
complete: 941107.4452249825
current_ratio: 0.3903540615738053 --- candidate_ratio:0.38024210913197387
!!!!! ********* merge accepted ... 
merged: {9, 10, 12, 14}
to_process: {0, 1, 2, 3, 4, 5, 6, 7, 8, 11, 13, 15}
[(0, 0.12942222948018672), (1, 0.13497327885028007), (2, 0.16233757274124), (3, 0.2350190078841709), (4, 0.13062208682380885), (5, 0.08637209540927167), (6, 0.21614355337936034), (7, 0.10456391157689339), (8, 0.19798285065642696), (11, 0.16974391356678387), (13, 0.11392231813519979), (15, 0.2113103939558187)]
next_candidate: 5
chunks ... [0, 12210, 24420, 36630, 48842]
chunks ... [0, 12210, 24420, 36630, 48842]
database_size: 912102.4058583368
codetable_size: 19249.719096054632
complete: 931352.1249543915
current_ratio: 0.38024210913197387 --- candidate_ratio:0.37630060003673915
!!!!! ********* merge accepted ... 
merged: {5, 9, 10, 12, 14}
to_process: {0, 1, 2, 3, 4, 6, 7, 8, 11, 13, 15}
[(0, 0.1220689841670923), (1, 0.126497332250777), (2, 0.15008022629810427), (3, 0.21212992752380969), (4, 0.11824151370948359), (6, 0.21188828774787088), (7, 0.09597213257737912), (8, 0.17903627988329612), (11, 0.160681388529775), (13, 0.10423773513406842), (15, 0.20258723241659415)]
next_candidate: 7
chunks ... [0, 12210, 24420, 36630, 48842]
chunks ... [0, 12210, 24420, 36630, 48842]
database_size: 888666.1705688116
codetable_size: 22994.03020275032
complete: 911660.2007715619
current_ratio: 0.37630060003673915 --- candidate_ratio:0.3683443365706096
!!!!! ********* merge accepted ... 
merged: {5, 7, 9, 10, 12, 14}
to_process: {0, 1, 2, 3, 4, 6, 8, 11, 13, 15}
[(0, 0.111487989635814), (1, 0.10937596285844522), (2, 0.13776739162398455), (3, 0.18626543210760688), (4, 0.10570922743199178), (6, 0.18884548749220056), (8, 0.157573479700585), (11, 0.1470997666663686), (13, 0.090129194375973), (15, 0.18152230010753334)]
next_candidate: 13
chunks ... [0, 12210, 24420, 36630, 48842]
chunks ... [0, 12210, 24420, 36630, 48842]
database_size: 877506.0095813264
codetable_size: 26474.29171176368
complete: 903980.3012930901
current_ratio: 0.3683443365706096 --- candidate_ratio:0.36524137400195456
!!!!! ********* merge accepted ... 
merged: {5, 7, 9, 10, 12, 13, 14}
to_process: {0, 1, 2, 3, 4, 6, 8, 11, 15}
[(0, 0.09968037634268836), (1, 0.09759126016729333), (2, 0.12390856229346213), (3, 0.16653195410378321), (4, 0.09474409481957911), (6, 0.1684984248878004), (8, 0.14104058553319815), (11, 0.13161539701524622), (15, 0.16233075188085958)]
next_candidate: 4
chunks ... [0, 12210, 24420, 36630, 48842]
chunks ... [0, 12210, 24420, 36630, 48842]
database_size: 770845.6068920048
codetable_size: 30124.164798987065
complete: 800969.7716909919
current_ratio: 0.36524137400195456 --- candidate_ratio:0.3236213217566558
!!!!! ********* merge accepted ... 
merged: {4, 5, 7, 9, 10, 12, 13, 14}
to_process: {0, 1, 2, 3, 6, 8, 11, 15}
[(0, 0.09553397267882825), (1, 0.08493834296308786), (2, 0.10784896301479358), (3, 0.15383051588355928), (6, 0.146652312395358), (8, 0.13619261704975835), (11, 0.12695865256474223), (15, 0.14128716642550088)]
next_candidate: 1
chunks ... [0, 12210, 24420, 36630, 48842]
chunks ... [0, 12210, 24420, 36630, 48842]
database_size: 759675.5152888976
codetable_size: 32845.12307670321
complete: 792520.6383656007
current_ratio: 0.3236213217566558 --- candidate_ratio:0.32020756035004405
!!!!! ********* merge accepted ... 
merged: {1, 4, 5, 7, 9, 10, 12, 13, 14}
to_process: {0, 2, 3, 6, 8, 11, 15}
[(0, 0.08611369384900121), (2, 0.09719341173908927), (3, 0.1386453456640055), (6, 0.1321627928869245), (8, 0.12281310044825072), (11, 0.11444914829084463), (15, 0.12732769211959521)]
next_candidate: 0
chunks ... [0, 12210, 24420, 36630, 48842]
chunks ... [0, 12210, 24420, 36630, 48842]
database_size: 726679.0730920065
codetable_size: 36903.77926509873
complete: 763582.8523571052
current_ratio: 0.32020756035004405 --- candidate_ratio:0.30851562778558583
!!!!! ********* merge accepted ... 
merged: {0, 1, 4, 5, 7, 9, 10, 12, 13, 14}
to_process: {2, 3, 6, 8, 11, 15}
[(2, 0.08598149170394358), (3, 0.12291200568966007), (6, 0.11691410115541061), (8, 0.11304897869223235), (11, 0.1034696769818305), (15, 0.11263682682485933)]
next_candidate: 2
chunks ... [0, 12210, 24420, 36630, 48842]
chunks ... [0, 12210, 24420, 36630, 48842]
database_size: 701215.21629189
codetable_size: 42286.20190694542
complete: 743501.4181988355
current_ratio: 0.30851562778558583 --- candidate_ratio:0.3004019879270573
!!!!! ********* merge accepted ... 
merged: {0, 1, 2, 4, 5, 7, 9, 10, 12, 13, 14}
to_process: {3, 6, 8, 11, 15}
[(3, 0.10881700902468733), (6, 0.10350301447865716), (8, 0.10008122599360154), (11, 0.09160075787765656), (15, 0.09971635171822626)]
next_candidate: 11
chunks ... [0, 12210, 24420, 36630, 48842]
chunks ... [0, 12210, 24420, 36630, 48842]
database_size: 654964.1732774228
codetable_size: 47544.89976516928
complete: 702509.073042592
current_ratio: 0.3004019879270573 --- candidate_ratio:0.28383956898163115
!!!!! ********* merge accepted ... 
merged: {0, 1, 2, 4, 5, 7, 9, 10, 11, 12, 13, 14}
to_process: {3, 6, 8, 15}
[(3, 0.09769470731572204), (6, 0.09291149474423094), (8, 0.08983983851888865), (15, 0.08951230210380208)]
next_candidate: 15
chunks ... [0, 12210, 24420, 36630, 48842]
chunks ... [0, 12210, 24420, 36630, 48842]
database_size: 633674.3135677511
codetable_size: 51581.13867655982
complete: 685255.4522443109
current_ratio: 0.28383956898163115 --- candidate_ratio:0.27686846998991793
!!!!! ********* merge accepted ... 
merged: {0, 1, 2, 4, 5, 7, 9, 10, 11, 12, 13, 14, 15}
to_process: {3, 6, 8}
[(3, 0.08714227475678364), (6, 0.08287030310403569), (8, 0.08013059097317192)]
next_candidate: 8
chunks ... [0, 12210, 24420, 36630, 48842]
chunks ... [0, 12210, 24420, 36630, 48842]
database_size: 615760.464805904
codetable_size: 56593.81648441353
complete: 672354.2812903175
current_ratio: 0.27686846998991793 --- candidate_ratio:0.271655921222284
!!!!! ********* merge accepted ... 
merged: {0, 1, 2, 4, 5, 7, 8, 9, 10, 11, 12, 13, 14, 15}
to_process: {3, 6}
[(3, 0.07870323542940048), (6, 0.07484257567726776)]
next_candidate: 6
chunks ... [0, 12210, 24420, 36630, 48842]
chunks ... [0, 12210, 24420, 36630, 48842]
database_size: 609176.6233235138
codetable_size: 60408.793817327714
complete: 669585.4171408415
current_ratio: 0.271655921222284 --- candidate_ratio:0.2705371980101379
!!!!! ********* merge accepted ... 
merged: {0, 1, 2, 4, 5, 6, 7, 8, 9, 10, 11, 12, 13, 14, 15}
to_process: {3}
[(3, 0.07195139484917194)]
next_candidate: 3
chunks ... [0, 12210, 24420, 36630, 48842]
chunks ... [0, 12210, 24420, 36630, 48842]
database_size: 582181.7468004768
codetable_size: 66240.7728063391
complete: 648422.5196068159
current_ratio: 0.2705371980101379 --- candidate_ratio:0.2619866070712276
!!!!! ********* merge accepted ... 
merged table size: 2048
chunks ... [0, 12210, 24420, 36630, 48842]
chunks ... [0, 12210, 24420, 36630, 48842]
merged table size without non-used codes: 1859
database_size: 582181.7468004768
codetable_size: 66240.7728063391
complete: 648422.5196068159
database_size: 2474343.928416041
codetable_size: 677.7028634765386
complete: 2475021.631279518
merged size: 648422.5196068159
sct size: 2475021.631279518
merged ratio: 0.2619866070712276
time elapsed: 194.93965244293213
