
-- MERGING METHOD naive
processing batch_results/200d-5-10-neg15/batch-3/chessBig_transaction_k_means_200d_k4_FalseNorm_trans_clust_0_k4...
chunks ... [0, 1259, 2518, 3777, 5038]
num codes: 420
num codes with support 0: 0
chunks ... [0, 1259, 2518, 3777, 5038]
num codes with usage 0: 18
database_size: 66011.28845089173
codetable_size: 7652.734264839851
complete: 73664.02271573158
database_size: 127166.6394973992
codetable_size: 243.69797707344748
complete: 127410.33747447265
Partition 0 ratio: 0.5781636260910977
processing batch_results/200d-5-10-neg15/batch-3/chessBig_transaction_k_means_200d_k4_FalseNorm_trans_clust_1_k4...
chunks ... [0, 1942, 3884, 5826, 7768]
num codes: 667
num codes with support 0: 0
chunks ... [0, 1942, 3884, 5826, 7768]
num codes with usage 0: 18
database_size: 108709.11899613068
codetable_size: 13488.227729953036
complete: 122197.34672608372
database_size: 197775.77535485473
codetable_size: 250.80246788576213
complete: 198026.5778227405
Partition 1 ratio: 0.6170754858747608
processing batch_results/200d-5-10-neg15/batch-3/chessBig_transaction_k_means_200d_k4_FalseNorm_trans_clust_2_k4...
chunks ... [0, 2549, 5098, 7647, 10198]
num codes: 559
num codes with support 0: 0
chunks ... [0, 2549, 5098, 7647, 10198]
num codes with usage 0: 50
database_size: 140769.90033376942
codetable_size: 10755.443009416089
complete: 151525.3433431855
database_size: 259292.50122576638
codetable_size: 217.3657716917591
complete: 259509.86699745813
Partition 2 ratio: 0.5838904897772911
processing batch_results/200d-5-10-neg15/batch-3/chessBig_transaction_k_means_200d_k4_FalseNorm_trans_clust_3_k4...
chunks ... [0, 1263, 2526, 3789, 5052]
num codes: 311
num codes with support 0: 0
chunks ... [0, 1263, 2526, 3789, 5052]
num codes with usage 0: 27
database_size: 70450.10398177372
codetable_size: 5468.276979143284
complete: 75918.380960917
database_size: 123938.81129395893
codetable_size: 216.64931191376354
complete: 124155.4606058727
Partition 3 ratio: 0.6114783883885488
number of codetables: 4
size: 420
size: 667
size: 559
size: 311
merged table size: 1630
chunks ... [0, 7014, 14028, 21042, 28056]
chunks ... [0, 7014, 14028, 21042, 28056]
merged table size without non-used codes: 1572
database_size: 456382.95415605244
codetable_size: 36936.51835506784
complete: 493319.47251112026
database_size: 750710.600704819
codetable_size: 258.1889058609846
complete: 750968.78961068
merged size: 493319.47251112026
sct size: 750968.78961068
merged ratio: 0.6569107522655752
time elapsed: 8.456591367721558
-- MERGING METHOD naive_plus
processing batch_results/200d-5-10-neg15/batch-3/chessBig_transaction_k_means_200d_k4_FalseNorm_trans_clust_0_k4...
chunks ... [0, 1259, 2518, 3777, 5038]
num codes: 420
num codes with support 0: 0
chunks ... [0, 1259, 2518, 3777, 5038]
num codes with usage 0: 18
database_size: 66011.28845089173
codetable_size: 7652.734264839851
complete: 73664.02271573158
database_size: 127166.6394973992
codetable_size: 243.69797707344748
complete: 127410.33747447265
Partition 0 ratio: 0.5781636260910977
processing batch_results/200d-5-10-neg15/batch-3/chessBig_transaction_k_means_200d_k4_FalseNorm_trans_clust_1_k4...
chunks ... [0, 1942, 3884, 5826, 7768]
num codes: 667
num codes with support 0: 0
chunks ... [0, 1942, 3884, 5826, 7768]
num codes with usage 0: 18
database_size: 108709.11899613068
codetable_size: 13488.227729953036
complete: 122197.34672608372
database_size: 197775.77535485473
codetable_size: 250.80246788576213
complete: 198026.5778227405
Partition 1 ratio: 0.6170754858747608
processing batch_results/200d-5-10-neg15/batch-3/chessBig_transaction_k_means_200d_k4_FalseNorm_trans_clust_2_k4...
chunks ... [0, 2549, 5098, 7647, 10198]
num codes: 559
num codes with support 0: 0
chunks ... [0, 2549, 5098, 7647, 10198]
num codes with usage 0: 50
database_size: 140769.90033376942
codetable_size: 10755.443009416089
complete: 151525.3433431855
database_size: 259292.50122576638
codetable_size: 217.3657716917591
complete: 259509.86699745813
Partition 2 ratio: 0.5838904897772911
processing batch_results/200d-5-10-neg15/batch-3/chessBig_transaction_k_means_200d_k4_FalseNorm_trans_clust_3_k4...
chunks ... [0, 1263, 2526, 3789, 5052]
num codes: 311
num codes with support 0: 0
chunks ... [0, 1263, 2526, 3789, 5052]
num codes with usage 0: 27
database_size: 70450.10398177372
codetable_size: 5468.276979143284
complete: 75918.380960917
database_size: 123938.81129395893
codetable_size: 216.64931191376354
complete: 124155.4606058727
Partition 3 ratio: 0.6114783883885488
number of codetables: 4
size: 420
size: 667
size: 559
size: 311
database_size: 750710.600704819
codetable_size: 258.1889058609846
complete: 750968.78961068
current singletons: {1, 2, 3, 4, 5, 6, 7, 8, 9, 10, 11, 12, 13, 14, 15, 16, 17, 18, 19, 20, 21, 22, 23, 24, 25, 26, 27, 28, 29, 30, 31, 32, 33, 34, 35, 36, 37, 38, 39, 40, 41, 42, 43, 44, 45, 46, 47, 48, 49, 50, 51, 52, 53, 54}
Added 4 singletons
added:  {56, 57, 58, 55}
chunks ... [0, 7014, 14028, 21042, 28056]
num codes: 424
num codes with support 0: 0
chunks ... [0, 7014, 14028, 21042, 28056]
database_size: 556090.6989065423
codetable_size: 8879.993696256892
complete: 564970.6926027992
Partition ratio: 0.7523224672169044
current singletons: {2, 3, 4, 5, 6, 7, 8, 9, 10, 11, 12, 13, 14, 15, 16, 17, 18, 19, 20, 21, 22, 23, 24, 25, 26, 27, 28, 29, 30, 31, 32, 33, 34, 35, 36, 37, 38, 39, 40, 41, 42, 43, 44, 46, 47, 48, 49, 50, 51, 52, 53, 54, 55, 56}
Added 4 singletons
added:  {1, 58, 45, 57}
chunks ... [0, 7014, 14028, 21042, 28056]
num codes: 671
num codes with support 0: 0
chunks ... [0, 7014, 14028, 21042, 28056]
database_size: 550078.320271279
codetable_size: 14806.863461063052
complete: 564885.183732342
Partition ratio: 0.7522086024709387
current singletons: {1, 2, 3, 4, 5, 6, 7, 9, 10, 11, 12, 13, 14, 15, 16, 17, 18, 19, 20, 21, 22, 23, 24, 25, 26, 27, 28, 29, 30, 31, 32, 33, 34, 35, 36, 37, 38, 39, 40, 41, 48, 49, 50, 51, 52, 53, 54, 55, 56, 57}
Added 8 singletons
added:  {8, 42, 43, 44, 45, 46, 47, 58}
chunks ... [0, 7014, 14028, 21042, 28056]
num codes: 567
num codes with support 0: 0
chunks ... [0, 7014, 14028, 21042, 28056]
database_size: 527007.3270091946
codetable_size: 11746.33881429263
complete: 538753.6658234873
Partition ratio: 0.7174115266531782
current singletons: {1, 2, 3, 4, 5, 6, 9, 10, 11, 12, 13, 14, 15, 16, 17, 18, 19, 20, 21, 22, 23, 24, 25, 26, 27, 28, 29, 30, 31, 32, 33, 34, 35, 36, 37, 38, 39, 40, 41, 49, 50, 51, 52, 53, 54, 55, 56, 57, 58}
Added 9 singletons
added:  {7, 8, 42, 43, 44, 45, 46, 47, 48}
chunks ... [0, 7014, 14028, 21042, 28056]
num codes: 320
num codes with support 0: 0
chunks ... [0, 7014, 14028, 21042, 28056]
database_size: 645184.6699092891
codetable_size: 6561.33904583495
complete: 651746.0089551241
Partition ratio: 0.8678736293328577
merged table size: 567
chunks ... [0, 7014, 14028, 21042, 28056]
chunks ... [0, 7014, 14028, 21042, 28056]
merged table size without non-used codes: 540
database_size: 527007.3270091946
codetable_size: 11746.33881429263
complete: 538753.6658234873
database_size: 750710.600704819
codetable_size: 258.1889058609846
complete: 750968.78961068
merged size: 538753.6658234873
sct size: 750968.78961068
merged ratio: 0.7174115266531782
time elapsed: 15.942301511764526
-- MERGING METHOD informed
processing batch_results/200d-5-10-neg15/batch-3/chessBig_transaction_k_means_200d_k4_FalseNorm_trans_clust_0_k4...
chunks ... [0, 1259, 2518, 3777, 5038]
num codes: 420
num codes with support 0: 0
chunks ... [0, 1259, 2518, 3777, 5038]
num codes with usage 0: 18
database_size: 66011.28845089173
codetable_size: 7652.734264839851
complete: 73664.02271573158
database_size: 127166.6394973992
codetable_size: 243.69797707344748
complete: 127410.33747447265
Partition 0 ratio: 0.5781636260910977
processing batch_results/200d-5-10-neg15/batch-3/chessBig_transaction_k_means_200d_k4_FalseNorm_trans_clust_1_k4...
chunks ... [0, 1942, 3884, 5826, 7768]
num codes: 667
num codes with support 0: 0
chunks ... [0, 1942, 3884, 5826, 7768]
num codes with usage 0: 18
database_size: 108709.11899613068
codetable_size: 13488.227729953036
complete: 122197.34672608372
database_size: 197775.77535485473
codetable_size: 250.80246788576213
complete: 198026.5778227405
Partition 1 ratio: 0.6170754858747608
processing batch_results/200d-5-10-neg15/batch-3/chessBig_transaction_k_means_200d_k4_FalseNorm_trans_clust_2_k4...
chunks ... [0, 2549, 5098, 7647, 10198]
num codes: 559
num codes with support 0: 0
chunks ... [0, 2549, 5098, 7647, 10198]
num codes with usage 0: 50
database_size: 140769.90033376942
codetable_size: 10755.443009416089
complete: 151525.3433431855
database_size: 259292.50122576638
codetable_size: 217.3657716917591
complete: 259509.86699745813
Partition 2 ratio: 0.5838904897772911
processing batch_results/200d-5-10-neg15/batch-3/chessBig_transaction_k_means_200d_k4_FalseNorm_trans_clust_3_k4...
chunks ... [0, 1263, 2526, 3789, 5052]
num codes: 311
num codes with support 0: 0
chunks ... [0, 1263, 2526, 3789, 5052]
num codes with usage 0: 27
database_size: 70450.10398177372
codetable_size: 5468.276979143284
complete: 75918.380960917
database_size: 123938.81129395893
codetable_size: 216.64931191376354
complete: 124155.4606058727
Partition 3 ratio: 0.6114783883885488
number of codetables: 4
size: 420
size: 667
size: 559
size: 311
database_size: 750710.600704819
codetable_size: 258.1889058609846
complete: 750968.78961068
database_size: 750710.600704819
codetable_size: 258.1889058609846
complete: 750968.78961068
current singletons: {1, 2, 3, 4, 5, 6, 7, 8, 9, 10, 11, 12, 13, 14, 15, 16, 17, 18, 19, 20, 21, 22, 23, 24, 25, 26, 27, 28, 29, 30, 31, 32, 33, 34, 35, 36, 37, 38, 39, 40, 41, 42, 43, 44, 45, 46, 47, 48, 49, 50, 51, 52, 53, 54}
Added 4 singletons
added:  {56, 57, 58, 55}
chunks ... [0, 7014, 14028, 21042, 28056]
num codes: 424
num codes with support 0: 0
chunks ... [0, 7014, 14028, 21042, 28056]
database_size: 556090.6989065423
codetable_size: 8879.993696256892
complete: 564970.6926027992
Partition ratio: 0.7523224672169044
current singletons: {2, 3, 4, 5, 6, 7, 8, 9, 10, 11, 12, 13, 14, 15, 16, 17, 18, 19, 20, 21, 22, 23, 24, 25, 26, 27, 28, 29, 30, 31, 32, 33, 34, 35, 36, 37, 38, 39, 40, 41, 42, 43, 44, 46, 47, 48, 49, 50, 51, 52, 53, 54, 55, 56}
Added 4 singletons
added:  {1, 58, 45, 57}
chunks ... [0, 7014, 14028, 21042, 28056]
num codes: 671
num codes with support 0: 0
chunks ... [0, 7014, 14028, 21042, 28056]
database_size: 550078.320271279
codetable_size: 14806.863461063052
complete: 564885.183732342
Partition ratio: 0.7522086024709387
current singletons: {1, 2, 3, 4, 5, 6, 7, 9, 10, 11, 12, 13, 14, 15, 16, 17, 18, 19, 20, 21, 22, 23, 24, 25, 26, 27, 28, 29, 30, 31, 32, 33, 34, 35, 36, 37, 38, 39, 40, 41, 48, 49, 50, 51, 52, 53, 54, 55, 56, 57}
Added 8 singletons
added:  {8, 42, 43, 44, 45, 46, 47, 58}
chunks ... [0, 7014, 14028, 21042, 28056]
num codes: 567
num codes with support 0: 0
chunks ... [0, 7014, 14028, 21042, 28056]
database_size: 527007.3270091946
codetable_size: 11746.33881429263
complete: 538753.6658234873
Partition ratio: 0.7174115266531782
current singletons: {1, 2, 3, 4, 5, 6, 9, 10, 11, 12, 13, 14, 15, 16, 17, 18, 19, 20, 21, 22, 23, 24, 25, 26, 27, 28, 29, 30, 31, 32, 33, 34, 35, 36, 37, 38, 39, 40, 41, 49, 50, 51, 52, 53, 54, 55, 56, 57, 58}
Added 9 singletons
added:  {7, 8, 42, 43, 44, 45, 46, 47, 48}
chunks ... [0, 7014, 14028, 21042, 28056]
num codes: 320
num codes with support 0: 0
chunks ... [0, 7014, 14028, 21042, 28056]
database_size: 645184.6699092891
codetable_size: 6561.33904583495
complete: 651746.0089551241
Partition ratio: 0.8678736293328577
initial ratio: 0.7174115266531782
merged: {2}
merged: {2}
to_process: {0, 1, 3}
[(0, 0.23280541528011567), (1, 0.4188351729239536), (3, 0.3594630591652884)]
next_candidate: 0
chunks ... [0, 7014, 14028, 21042, 28056]
chunks ... [0, 7014, 14028, 21042, 28056]
database_size: 484842.36991801613
codetable_size: 19238.516999854994
complete: 504080.88691787113
current_ratio: 0.7174115266531782 --- candidate_ratio:0.6712407944133053
!!!!! ********* merge accepted ... 
merged: {0, 2}
to_process: {1, 3}
[(1, 0.34427768168999767), (3, 0.24507101185163194)]
next_candidate: 3
chunks ... [0, 7014, 14028, 21042, 28056]
chunks ... [0, 7014, 14028, 21042, 28056]
database_size: 471541.9404702081
codetable_size: 23960.091372832263
complete: 495502.0318430404
current_ratio: 0.6712407944133053 --- candidate_ratio:0.6598170772182428
!!!!! ********* merge accepted ... 
merged: {0, 2, 3}
to_process: {1}
[(1, 0.26404532286509536)]
next_candidate: 1
chunks ... [0, 7014, 14028, 21042, 28056]
chunks ... [0, 7014, 14028, 21042, 28056]
database_size: 456333.90679109335
codetable_size: 36936.88818551038
complete: 493270.7949766037
current_ratio: 0.6598170772182428 --- candidate_ratio:0.6568459326150252
!!!!! ********* merge accepted ... 
merged table size: 1630
chunks ... [0, 7014, 14028, 21042, 28056]
chunks ... [0, 7014, 14028, 21042, 28056]
merged table size without non-used codes: 1572
database_size: 456333.90679109335
codetable_size: 36936.88818551038
complete: 493270.7949766037
database_size: 750710.600704819
codetable_size: 258.1889058609846
complete: 750968.78961068
merged size: 493270.7949766037
sct size: 750968.78961068
merged ratio: 0.6568459326150252
time elapsed: 36.34974002838135
