
-- MERGING METHOD naive
processing batch_results/200d-5-10-neg15/batch-3/letrecog_transaction_k_means_200d_k8_FalseNorm_trans_clust_0_k8...
chunks ... [0, 405, 810, 1215, 1621]
num codes: 358
num codes with support 0: 0
chunks ... [0, 405, 810, 1215, 1621]
num codes with usage 0: 41
database_size: 31433.411665789925
codetable_size: 7948.839812519027
complete: 39382.25147830895
database_size: 106883.98961589046
codetable_size: 433.15063433429236
complete: 107317.14025022475
Partition 0 ratio: 0.3669707503059044
processing batch_results/200d-5-10-neg15/batch-3/letrecog_transaction_k_means_200d_k8_FalseNorm_trans_clust_1_k8...
chunks ... [0, 410, 820, 1230, 1642]
num codes: 309
num codes with support 0: 0
chunks ... [0, 410, 820, 1230, 1642]
num codes with usage 0: 33
database_size: 27509.08534297104
codetable_size: 6901.365058749497
complete: 34410.45040172054
database_size: 102019.68385733779
codetable_size: 481.9084360928057
complete: 102501.5922934306
Partition 1 ratio: 0.33570649618021525
processing batch_results/200d-5-10-neg15/batch-3/letrecog_transaction_k_means_200d_k8_FalseNorm_trans_clust_2_k8...
chunks ... [0, 361, 722, 1083, 1445]
num codes: 344
num codes with support 0: 0
chunks ... [0, 361, 722, 1083, 1445]
num codes with usage 0: 53
database_size: 20368.731130466018
codetable_size: 8187.091408753713
complete: 28555.82253921973
database_size: 93357.93430761271
codetable_size: 532.0729965628301
complete: 93890.00730417554
Partition 2 ratio: 0.30414123248182745
processing batch_results/200d-5-10-neg15/batch-3/letrecog_transaction_k_means_200d_k8_FalseNorm_trans_clust_3_k8...
chunks ... [0, 798, 1596, 2394, 3195]
num codes: 537
num codes with support 0: 0
chunks ... [0, 798, 1596, 2394, 3195]
num codes with usage 0: 26
database_size: 58429.171460893915
codetable_size: 13623.915006076557
complete: 72053.08646697048
database_size: 204300.6425125197
codetable_size: 553.8016770498732
complete: 204854.44418956956
Partition 3 ratio: 0.35172820756719103
processing batch_results/200d-5-10-neg15/batch-3/letrecog_transaction_k_means_200d_k8_FalseNorm_trans_clust_4_k8...
chunks ... [0, 204, 408, 612, 816]
num codes: 258
num codes with support 0: 0
chunks ... [0, 204, 408, 612, 816]
num codes with usage 0: 36
database_size: 15362.995087941814
codetable_size: 5082.9963851958555
complete: 20445.99147313767
database_size: 53745.40226834911
codetable_size: 391.30052579083235
complete: 54136.70279413994
Partition 4 ratio: 0.3776733790176608
processing batch_results/200d-5-10-neg15/batch-3/letrecog_transaction_k_means_200d_k8_FalseNorm_trans_clust_5_k8...
chunks ... [0, 268, 536, 804, 1072]
num codes: 324
num codes with support 0: 0
chunks ... [0, 268, 536, 804, 1072]
num codes with usage 0: 30
database_size: 22806.170065815924
codetable_size: 6304.602541698296
complete: 29110.77260751422
database_size: 69081.01871240116
codetable_size: 462.246781466396
complete: 69543.26549386756
Partition 5 ratio: 0.41859944885793804
processing batch_results/200d-5-10-neg15/batch-3/letrecog_transaction_k_means_200d_k8_FalseNorm_trans_clust_6_k8...
chunks ... [0, 1833, 3666, 5499, 7332]
num codes: 692
num codes with support 0: 0
chunks ... [0, 1833, 3666, 5499, 7332]
num codes with usage 0: 47
database_size: 138248.5183573007
codetable_size: 18654.91583828996
complete: 156903.43419559064
database_size: 461261.59525419294
codetable_size: 531.1809239611068
complete: 461792.77617815405
Partition 6 ratio: 0.33977022225020515
processing batch_results/200d-5-10-neg15/batch-3/letrecog_transaction_k_means_200d_k8_FalseNorm_trans_clust_7_k8...
chunks ... [0, 719, 1438, 2157, 2877]
num codes: 468
num codes with support 0: 0
chunks ... [0, 719, 1438, 2157, 2877]
num codes with usage 0: 57
database_size: 54494.467423494636
codetable_size: 10723.572738269464
complete: 65218.040161764104
database_size: 183271.10476775264
codetable_size: 490.76519467258765
complete: 183761.86996242523
Partition 7 ratio: 0.3549051834044766
number of codetables: 8
size: 358
size: 309
size: 344
size: 537
size: 258
size: 324
size: 692
size: 468
merged table size: 2599
chunks ... [0, 5000, 10000, 15000, 20000]
chunks ... [0, 5000, 10000, 15000, 20000]
merged table size without non-used codes: 2497
database_size: 494870.0453983437
codetable_size: 78529.65191199875
complete: 573399.6973103425
database_size: 1372600.4814621517
codetable_size: 535.3174551653476
complete: 1373135.798917317
merged size: 573399.6973103425
sct size: 1373135.798917317
merged ratio: 0.41758411495968106
time elapsed: 12.000382900238037
-- MERGING METHOD naive_plus
processing batch_results/200d-5-10-neg15/batch-3/letrecog_transaction_k_means_200d_k8_FalseNorm_trans_clust_0_k8...
chunks ... [0, 405, 810, 1215, 1621]
num codes: 358
num codes with support 0: 0
chunks ... [0, 405, 810, 1215, 1621]
num codes with usage 0: 41
database_size: 31433.411665789925
codetable_size: 7948.839812519027
complete: 39382.25147830895
database_size: 106883.98961589046
codetable_size: 433.15063433429236
complete: 107317.14025022475
Partition 0 ratio: 0.3669707503059044
processing batch_results/200d-5-10-neg15/batch-3/letrecog_transaction_k_means_200d_k8_FalseNorm_trans_clust_1_k8...
chunks ... [0, 410, 820, 1230, 1642]
num codes: 309
num codes with support 0: 0
chunks ... [0, 410, 820, 1230, 1642]
num codes with usage 0: 33
database_size: 27509.08534297104
codetable_size: 6901.365058749497
complete: 34410.45040172054
database_size: 102019.68385733779
codetable_size: 481.9084360928057
complete: 102501.5922934306
Partition 1 ratio: 0.33570649618021525
processing batch_results/200d-5-10-neg15/batch-3/letrecog_transaction_k_means_200d_k8_FalseNorm_trans_clust_2_k8...
chunks ... [0, 361, 722, 1083, 1445]
num codes: 344
num codes with support 0: 0
chunks ... [0, 361, 722, 1083, 1445]
num codes with usage 0: 53
database_size: 20368.731130466018
codetable_size: 8187.091408753713
complete: 28555.82253921973
database_size: 93357.93430761271
codetable_size: 532.0729965628301
complete: 93890.00730417554
Partition 2 ratio: 0.30414123248182745
processing batch_results/200d-5-10-neg15/batch-3/letrecog_transaction_k_means_200d_k8_FalseNorm_trans_clust_3_k8...
chunks ... [0, 798, 1596, 2394, 3195]
num codes: 537
num codes with support 0: 0
chunks ... [0, 798, 1596, 2394, 3195]
num codes with usage 0: 26
database_size: 58429.171460893915
codetable_size: 13623.915006076557
complete: 72053.08646697048
database_size: 204300.6425125197
codetable_size: 553.8016770498732
complete: 204854.44418956956
Partition 3 ratio: 0.35172820756719103
processing batch_results/200d-5-10-neg15/batch-3/letrecog_transaction_k_means_200d_k8_FalseNorm_trans_clust_4_k8...
chunks ... [0, 204, 408, 612, 816]
num codes: 258
num codes with support 0: 0
chunks ... [0, 204, 408, 612, 816]
num codes with usage 0: 36
database_size: 15362.995087941814
codetable_size: 5082.9963851958555
complete: 20445.99147313767
database_size: 53745.40226834911
codetable_size: 391.30052579083235
complete: 54136.70279413994
Partition 4 ratio: 0.3776733790176608
processing batch_results/200d-5-10-neg15/batch-3/letrecog_transaction_k_means_200d_k8_FalseNorm_trans_clust_5_k8...
chunks ... [0, 268, 536, 804, 1072]
num codes: 324
num codes with support 0: 0
chunks ... [0, 268, 536, 804, 1072]
num codes with usage 0: 30
database_size: 22806.170065815924
codetable_size: 6304.602541698296
complete: 29110.77260751422
database_size: 69081.01871240116
codetable_size: 462.246781466396
complete: 69543.26549386756
Partition 5 ratio: 0.41859944885793804
processing batch_results/200d-5-10-neg15/batch-3/letrecog_transaction_k_means_200d_k8_FalseNorm_trans_clust_6_k8...
chunks ... [0, 1833, 3666, 5499, 7332]
num codes: 692
num codes with support 0: 0
chunks ... [0, 1833, 3666, 5499, 7332]
num codes with usage 0: 47
database_size: 138248.5183573007
codetable_size: 18654.91583828996
complete: 156903.43419559064
database_size: 461261.59525419294
codetable_size: 531.1809239611068
complete: 461792.77617815405
Partition 6 ratio: 0.33977022225020515
processing batch_results/200d-5-10-neg15/batch-3/letrecog_transaction_k_means_200d_k8_FalseNorm_trans_clust_7_k8...
chunks ... [0, 719, 1438, 2157, 2877]
num codes: 468
num codes with support 0: 0
chunks ... [0, 719, 1438, 2157, 2877]
num codes with usage 0: 57
database_size: 54494.467423494636
codetable_size: 10723.572738269464
complete: 65218.040161764104
database_size: 183271.10476775264
codetable_size: 490.76519467258765
complete: 183761.86996242523
Partition 7 ratio: 0.3549051834044766
number of codetables: 8
size: 358
size: 309
size: 344
size: 537
size: 258
size: 324
size: 692
size: 468
database_size: 1372600.4814621517
codetable_size: 535.3174551653476
complete: 1373135.798917317
current singletons: {2, 3, 4, 5, 6, 7, 8, 9, 10, 12, 13, 14, 15, 17, 18, 19, 20, 22, 23, 24, 25, 26, 27, 28, 29, 30, 33, 34, 35, 37, 38, 39, 40, 41, 42, 43, 44, 45, 46, 47, 48, 49, 50, 53, 54, 55, 56, 57, 58, 59, 60, 62, 63, 64, 65, 68, 69, 70, 72, 73, 74, 75, 76, 77, 78, 79, 80, 83, 85, 86, 89, 90, 91, 94, 96, 99, 100, 101, 102, 103, 104, 105}
Added 20 singletons
added:  {1, 11, 16, 31, 32, 51, 52, 66, 67, 81, 82, 84, 87, 88, 92, 93, 95, 97, 98, 106}
chunks ... [0, 5000, 10000, 15000, 20000]
num codes: 378
num codes with support 0: 0
chunks ... [0, 5000, 10000, 15000, 20000]
database_size: 932813.0801834028
codetable_size: 9564.714078735977
complete: 942377.7942621388
Partition ratio: 0.6862961369189995
current singletons: {3, 4, 5, 6, 7, 8, 9, 10, 12, 13, 14, 15, 17, 18, 19, 20, 23, 24, 25, 26, 27, 28, 29, 30, 31, 32, 33, 34, 35, 37, 38, 39, 40, 41, 42, 43, 44, 45, 46, 47, 48, 49, 50, 51, 52, 53, 54, 55, 57, 58, 59, 60, 62, 63, 64, 65, 66, 67, 68, 69, 70, 72, 73, 74, 75, 77, 78, 79, 80, 83, 85, 87, 88, 91, 93, 94, 95, 96, 97, 101, 102, 103, 104, 105}
Added 18 singletons
added:  {1, 98, 2, 100, 99, 106, 11, 76, 16, 81, 82, 84, 86, 22, 56, 89, 90, 92}
chunks ... [0, 5000, 10000, 15000, 20000]
num codes: 327
num codes with support 0: 0
chunks ... [0, 5000, 10000, 15000, 20000]
database_size: 923122.1154098444
codetable_size: 8063.6881170602655
complete: 931185.8035269047
Partition ratio: 0.6781454567429683
current singletons: {1, 2, 3, 4, 6, 7, 8, 9, 10, 11, 12, 13, 16, 17, 18, 19, 20, 22, 23, 24, 25, 26, 27, 28, 29, 30, 31, 32, 33, 34, 35, 37, 38, 39, 40, 41, 42, 43, 44, 45, 46, 47, 48, 49, 50, 51, 52, 53, 54, 55, 56, 57, 58, 59, 60, 62, 63, 64, 65, 68, 69, 70, 72, 73, 74, 75, 78, 79, 80, 81, 82, 83, 84, 85, 86, 87, 88, 89, 90, 91, 92, 93, 94, 95, 96, 97, 98, 99, 100, 101, 102, 103, 104, 105, 106}
Added 7 singletons
added:  {66, 67, 5, 76, 77, 14, 15}
chunks ... [0, 5000, 10000, 15000, 20000]
num codes: 351
num codes with support 0: 0
chunks ... [0, 5000, 10000, 15000, 20000]
database_size: 963974.514871534
codetable_size: 10052.305757289281
complete: 974026.8206288232
Partition ratio: 0.7093448596976488
current singletons: {2, 3, 4, 5, 6, 7, 8, 9, 10, 12, 13, 14, 15, 17, 18, 19, 20, 23, 24, 25, 26, 27, 28, 29, 30, 31, 32, 33, 34, 35, 37, 38, 39, 40, 41, 42, 43, 44, 45, 46, 47, 48, 49, 50, 51, 52, 53, 54, 55, 56, 57, 58, 59, 60, 62, 63, 64, 65, 67, 68, 69, 70, 72, 73, 74, 75, 76, 77, 78, 79, 80, 81, 82, 83, 84, 85, 87, 88, 89, 90, 91, 92, 93, 94, 95, 96, 97, 98, 99, 100, 101, 102, 104, 105, 106}
Added 7 singletons
added:  {1, 66, 103, 11, 16, 86, 22}
chunks ... [0, 5000, 10000, 15000, 20000]
num codes: 544
num codes with support 0: 0
chunks ... [0, 5000, 10000, 15000, 20000]
database_size: 802879.4109834193
codetable_size: 14858.360655428567
complete: 817737.7716388479
Partition ratio: 0.5955257828713034
current singletons: {1, 2, 3, 4, 5, 6, 7, 8, 9, 10, 11, 12, 13, 14, 15, 16, 17, 18, 19, 20, 22, 23, 24, 25, 26, 27, 28, 29, 30, 31, 32, 33, 34, 35, 37, 38, 39, 40, 41, 42, 43, 44, 45, 46, 47, 48, 49, 50, 51, 52, 53, 54, 55, 56, 57, 58, 59, 60, 62, 63, 64, 65, 67, 68, 69, 70, 72, 73, 74, 75, 78, 79, 80, 81, 89, 90, 92}
Added 25 singletons
added:  {66, 76, 77, 82, 83, 84, 85, 86, 87, 88, 91, 93, 94, 95, 96, 97, 98, 99, 100, 101, 102, 103, 104, 105, 106}
chunks ... [0, 5000, 10000, 15000, 20000]
num codes: 283
num codes with support 0: 0
chunks ... [0, 5000, 10000, 15000, 20000]
database_size: 1054546.9965051725
codetable_size: 6860.224271664487
complete: 1061407.2207768369
Partition ratio: 0.7729805177417483
current singletons: {3, 4, 5, 6, 7, 8, 9, 10, 13, 14, 15, 17, 18, 19, 20, 23, 24, 25, 27, 28, 29, 30, 31, 32, 33, 34, 35, 37, 38, 39, 40, 41, 42, 43, 44, 45, 46, 47, 48, 49, 50, 51, 52, 53, 54, 55, 56, 57, 58, 59, 60, 62, 63, 64, 65, 66, 67, 68, 69, 70, 72, 73, 74, 75, 76, 77, 78, 79, 80, 81, 84, 87, 88, 89, 90, 91, 92, 93, 94, 97, 98, 99, 104, 106}
Added 18 singletons
added:  {96, 1, 2, 100, 101, 102, 103, 105, 11, 12, 16, 82, 83, 85, 86, 22, 26, 95}
chunks ... [0, 5000, 10000, 15000, 20000]
num codes: 342
num codes with support 0: 0
chunks ... [0, 5000, 10000, 15000, 20000]
database_size: 936794.7816181572
codetable_size: 7637.5645449427675
complete: 944432.3461631
Partition ratio: 0.6877923850705524
current singletons: {3, 4, 5, 6, 7, 8, 9, 10, 13, 14, 15, 19, 20, 23, 24, 25, 26, 27, 28, 29, 30, 31, 32, 33, 34, 35, 37, 38, 39, 40, 41, 42, 43, 44, 45, 46, 47, 48, 49, 50, 51, 52, 53, 54, 55, 56, 57, 58, 59, 60, 62, 63, 64, 65, 66, 67, 68, 69, 70, 72, 73, 74, 75, 76, 77, 78, 79, 80, 81, 82, 83, 84, 85, 86, 87, 88, 89, 90, 91, 92, 93, 94, 95, 96, 97, 98, 99, 100, 101, 102, 103, 104, 105, 106}
Added 8 singletons
added:  {1, 2, 11, 12, 16, 17, 18, 22}
chunks ... [0, 5000, 10000, 15000, 20000]
num codes: 700
num codes with support 0: 0
chunks ... [0, 5000, 10000, 15000, 20000]
database_size: 702319.3124422582
codetable_size: 19813.330930737033
complete: 722132.6433729953
Partition ratio: 0.5259003835908864
current singletons: {4, 5, 6, 7, 8, 9, 10, 13, 14, 15, 18, 19, 20, 23, 24, 25, 26, 27, 28, 29, 30, 31, 32, 33, 34, 35, 37, 38, 39, 40, 41, 42, 43, 44, 45, 46, 47, 48, 49, 50, 51, 52, 53, 54, 55, 56, 57, 58, 59, 60, 62, 63, 64, 65, 68, 69, 70, 72, 73, 74, 75, 76, 77, 78, 79, 80, 83, 84, 85, 86, 87, 88, 89, 90, 91, 93, 94, 95, 96, 99, 100, 101, 102, 103, 104, 105, 106}
Added 15 singletons
added:  {97, 98, 3, 1, 2, 67, 66, 11, 12, 16, 81, 17, 82, 22, 92}
chunks ... [0, 5000, 10000, 15000, 20000]
num codes: 483
num codes with support 0: 0
chunks ... [0, 5000, 10000, 15000, 20000]
database_size: 802455.9878504846
codetable_size: 12145.1250855544
complete: 814601.112936039
Partition ratio: 0.5932414795232427
merged table size: 700
chunks ... [0, 5000, 10000, 15000, 20000]
chunks ... [0, 5000, 10000, 15000, 20000]
merged table size without non-used codes: 681
database_size: 702319.3124422582
codetable_size: 19813.330930737033
complete: 722132.6433729953
database_size: 1372600.4814621517
codetable_size: 535.3174551653476
complete: 1373135.798917317
merged size: 722132.6433729953
sct size: 1373135.798917317
merged ratio: 0.5259003835908864
time elapsed: 19.66873049736023
-- MERGING METHOD informed
processing batch_results/200d-5-10-neg15/batch-3/letrecog_transaction_k_means_200d_k8_FalseNorm_trans_clust_0_k8...
chunks ... [0, 405, 810, 1215, 1621]
num codes: 358
num codes with support 0: 0
chunks ... [0, 405, 810, 1215, 1621]
num codes with usage 0: 41
database_size: 31433.411665789925
codetable_size: 7948.839812519027
complete: 39382.25147830895
database_size: 106883.98961589046
codetable_size: 433.15063433429236
complete: 107317.14025022475
Partition 0 ratio: 0.3669707503059044
processing batch_results/200d-5-10-neg15/batch-3/letrecog_transaction_k_means_200d_k8_FalseNorm_trans_clust_1_k8...
chunks ... [0, 410, 820, 1230, 1642]
num codes: 309
num codes with support 0: 0
chunks ... [0, 410, 820, 1230, 1642]
num codes with usage 0: 33
database_size: 27509.08534297104
codetable_size: 6901.365058749497
complete: 34410.45040172054
database_size: 102019.68385733779
codetable_size: 481.9084360928057
complete: 102501.5922934306
Partition 1 ratio: 0.33570649618021525
processing batch_results/200d-5-10-neg15/batch-3/letrecog_transaction_k_means_200d_k8_FalseNorm_trans_clust_2_k8...
chunks ... [0, 361, 722, 1083, 1445]
num codes: 344
num codes with support 0: 0
chunks ... [0, 361, 722, 1083, 1445]
num codes with usage 0: 53
database_size: 20368.731130466018
codetable_size: 8187.091408753713
complete: 28555.82253921973
database_size: 93357.93430761271
codetable_size: 532.0729965628301
complete: 93890.00730417554
Partition 2 ratio: 0.30414123248182745
processing batch_results/200d-5-10-neg15/batch-3/letrecog_transaction_k_means_200d_k8_FalseNorm_trans_clust_3_k8...
chunks ... [0, 798, 1596, 2394, 3195]
num codes: 537
num codes with support 0: 0
chunks ... [0, 798, 1596, 2394, 3195]
num codes with usage 0: 26
database_size: 58429.171460893915
codetable_size: 13623.915006076557
complete: 72053.08646697048
database_size: 204300.6425125197
codetable_size: 553.8016770498732
complete: 204854.44418956956
Partition 3 ratio: 0.35172820756719103
processing batch_results/200d-5-10-neg15/batch-3/letrecog_transaction_k_means_200d_k8_FalseNorm_trans_clust_4_k8...
chunks ... [0, 204, 408, 612, 816]
num codes: 258
num codes with support 0: 0
chunks ... [0, 204, 408, 612, 816]
num codes with usage 0: 36
database_size: 15362.995087941814
codetable_size: 5082.9963851958555
complete: 20445.99147313767
database_size: 53745.40226834911
codetable_size: 391.30052579083235
complete: 54136.70279413994
Partition 4 ratio: 0.3776733790176608
processing batch_results/200d-5-10-neg15/batch-3/letrecog_transaction_k_means_200d_k8_FalseNorm_trans_clust_5_k8...
chunks ... [0, 268, 536, 804, 1072]
num codes: 324
num codes with support 0: 0
chunks ... [0, 268, 536, 804, 1072]
num codes with usage 0: 30
database_size: 22806.170065815924
codetable_size: 6304.602541698296
complete: 29110.77260751422
database_size: 69081.01871240116
codetable_size: 462.246781466396
complete: 69543.26549386756
Partition 5 ratio: 0.41859944885793804
processing batch_results/200d-5-10-neg15/batch-3/letrecog_transaction_k_means_200d_k8_FalseNorm_trans_clust_6_k8...
chunks ... [0, 1833, 3666, 5499, 7332]
num codes: 692
num codes with support 0: 0
chunks ... [0, 1833, 3666, 5499, 7332]
num codes with usage 0: 47
database_size: 138248.5183573007
codetable_size: 18654.91583828996
complete: 156903.43419559064
database_size: 461261.59525419294
codetable_size: 531.1809239611068
complete: 461792.77617815405
Partition 6 ratio: 0.33977022225020515
processing batch_results/200d-5-10-neg15/batch-3/letrecog_transaction_k_means_200d_k8_FalseNorm_trans_clust_7_k8...
chunks ... [0, 719, 1438, 2157, 2877]
num codes: 468
num codes with support 0: 0
chunks ... [0, 719, 1438, 2157, 2877]
num codes with usage 0: 57
database_size: 54494.467423494636
codetable_size: 10723.572738269464
complete: 65218.040161764104
database_size: 183271.10476775264
codetable_size: 490.76519467258765
complete: 183761.86996242523
Partition 7 ratio: 0.3549051834044766
number of codetables: 8
size: 358
size: 309
size: 344
size: 537
size: 258
size: 324
size: 692
size: 468
database_size: 1372600.4814621517
codetable_size: 535.3174551653476
complete: 1373135.798917317
database_size: 1372600.4814621517
codetable_size: 535.3174551653476
complete: 1373135.798917317
current singletons: {2, 3, 4, 5, 6, 7, 8, 9, 10, 12, 13, 14, 15, 17, 18, 19, 20, 22, 23, 24, 25, 26, 27, 28, 29, 30, 33, 34, 35, 37, 38, 39, 40, 41, 42, 43, 44, 45, 46, 47, 48, 49, 50, 53, 54, 55, 56, 57, 58, 59, 60, 62, 63, 64, 65, 68, 69, 70, 72, 73, 74, 75, 76, 77, 78, 79, 80, 83, 85, 86, 89, 90, 91, 94, 96, 99, 100, 101, 102, 103, 104, 105}
Added 20 singletons
added:  {1, 11, 16, 31, 32, 51, 52, 66, 67, 81, 82, 84, 87, 88, 92, 93, 95, 97, 98, 106}
chunks ... [0, 5000, 10000, 15000, 20000]
num codes: 378
num codes with support 0: 0
chunks ... [0, 5000, 10000, 15000, 20000]
database_size: 932813.0801834028
codetable_size: 9564.714078735977
complete: 942377.7942621388
Partition ratio: 0.6862961369189995
current singletons: {3, 4, 5, 6, 7, 8, 9, 10, 12, 13, 14, 15, 17, 18, 19, 20, 23, 24, 25, 26, 27, 28, 29, 30, 31, 32, 33, 34, 35, 37, 38, 39, 40, 41, 42, 43, 44, 45, 46, 47, 48, 49, 50, 51, 52, 53, 54, 55, 57, 58, 59, 60, 62, 63, 64, 65, 66, 67, 68, 69, 70, 72, 73, 74, 75, 77, 78, 79, 80, 83, 85, 87, 88, 91, 93, 94, 95, 96, 97, 101, 102, 103, 104, 105}
Added 18 singletons
added:  {1, 98, 2, 100, 99, 106, 11, 76, 16, 81, 82, 84, 86, 22, 56, 89, 90, 92}
chunks ... [0, 5000, 10000, 15000, 20000]
num codes: 327
num codes with support 0: 0
chunks ... [0, 5000, 10000, 15000, 20000]
database_size: 923122.1154098444
codetable_size: 8063.6881170602655
complete: 931185.8035269047
Partition ratio: 0.6781454567429683
current singletons: {1, 2, 3, 4, 6, 7, 8, 9, 10, 11, 12, 13, 16, 17, 18, 19, 20, 22, 23, 24, 25, 26, 27, 28, 29, 30, 31, 32, 33, 34, 35, 37, 38, 39, 40, 41, 42, 43, 44, 45, 46, 47, 48, 49, 50, 51, 52, 53, 54, 55, 56, 57, 58, 59, 60, 62, 63, 64, 65, 68, 69, 70, 72, 73, 74, 75, 78, 79, 80, 81, 82, 83, 84, 85, 86, 87, 88, 89, 90, 91, 92, 93, 94, 95, 96, 97, 98, 99, 100, 101, 102, 103, 104, 105, 106}
Added 7 singletons
added:  {66, 67, 5, 76, 77, 14, 15}
chunks ... [0, 5000, 10000, 15000, 20000]
num codes: 351
num codes with support 0: 0
chunks ... [0, 5000, 10000, 15000, 20000]
database_size: 963974.514871534
codetable_size: 10052.305757289281
complete: 974026.8206288232
Partition ratio: 0.7093448596976488
current singletons: {2, 3, 4, 5, 6, 7, 8, 9, 10, 12, 13, 14, 15, 17, 18, 19, 20, 23, 24, 25, 26, 27, 28, 29, 30, 31, 32, 33, 34, 35, 37, 38, 39, 40, 41, 42, 43, 44, 45, 46, 47, 48, 49, 50, 51, 52, 53, 54, 55, 56, 57, 58, 59, 60, 62, 63, 64, 65, 67, 68, 69, 70, 72, 73, 74, 75, 76, 77, 78, 79, 80, 81, 82, 83, 84, 85, 87, 88, 89, 90, 91, 92, 93, 94, 95, 96, 97, 98, 99, 100, 101, 102, 104, 105, 106}
Added 7 singletons
added:  {1, 66, 103, 11, 16, 86, 22}
chunks ... [0, 5000, 10000, 15000, 20000]
num codes: 544
num codes with support 0: 0
chunks ... [0, 5000, 10000, 15000, 20000]
database_size: 802879.4109834193
codetable_size: 14858.360655428567
complete: 817737.7716388479
Partition ratio: 0.5955257828713034
current singletons: {1, 2, 3, 4, 5, 6, 7, 8, 9, 10, 11, 12, 13, 14, 15, 16, 17, 18, 19, 20, 22, 23, 24, 25, 26, 27, 28, 29, 30, 31, 32, 33, 34, 35, 37, 38, 39, 40, 41, 42, 43, 44, 45, 46, 47, 48, 49, 50, 51, 52, 53, 54, 55, 56, 57, 58, 59, 60, 62, 63, 64, 65, 67, 68, 69, 70, 72, 73, 74, 75, 78, 79, 80, 81, 89, 90, 92}
Added 25 singletons
added:  {66, 76, 77, 82, 83, 84, 85, 86, 87, 88, 91, 93, 94, 95, 96, 97, 98, 99, 100, 101, 102, 103, 104, 105, 106}
chunks ... [0, 5000, 10000, 15000, 20000]
num codes: 283
num codes with support 0: 0
chunks ... [0, 5000, 10000, 15000, 20000]
database_size: 1054546.9965051725
codetable_size: 6860.224271664487
complete: 1061407.2207768369
Partition ratio: 0.7729805177417483
current singletons: {3, 4, 5, 6, 7, 8, 9, 10, 13, 14, 15, 17, 18, 19, 20, 23, 24, 25, 27, 28, 29, 30, 31, 32, 33, 34, 35, 37, 38, 39, 40, 41, 42, 43, 44, 45, 46, 47, 48, 49, 50, 51, 52, 53, 54, 55, 56, 57, 58, 59, 60, 62, 63, 64, 65, 66, 67, 68, 69, 70, 72, 73, 74, 75, 76, 77, 78, 79, 80, 81, 84, 87, 88, 89, 90, 91, 92, 93, 94, 97, 98, 99, 104, 106}
Added 18 singletons
added:  {96, 1, 2, 100, 101, 102, 103, 105, 11, 12, 16, 82, 83, 85, 86, 22, 26, 95}
chunks ... [0, 5000, 10000, 15000, 20000]
num codes: 342
num codes with support 0: 0
chunks ... [0, 5000, 10000, 15000, 20000]
database_size: 936794.7816181572
codetable_size: 7637.5645449427675
complete: 944432.3461631
Partition ratio: 0.6877923850705524
current singletons: {3, 4, 5, 6, 7, 8, 9, 10, 13, 14, 15, 19, 20, 23, 24, 25, 26, 27, 28, 29, 30, 31, 32, 33, 34, 35, 37, 38, 39, 40, 41, 42, 43, 44, 45, 46, 47, 48, 49, 50, 51, 52, 53, 54, 55, 56, 57, 58, 59, 60, 62, 63, 64, 65, 66, 67, 68, 69, 70, 72, 73, 74, 75, 76, 77, 78, 79, 80, 81, 82, 83, 84, 85, 86, 87, 88, 89, 90, 91, 92, 93, 94, 95, 96, 97, 98, 99, 100, 101, 102, 103, 104, 105, 106}
Added 8 singletons
added:  {1, 2, 11, 12, 16, 17, 18, 22}
chunks ... [0, 5000, 10000, 15000, 20000]
num codes: 700
num codes with support 0: 0
chunks ... [0, 5000, 10000, 15000, 20000]
database_size: 702319.3124422582
codetable_size: 19813.330930737033
complete: 722132.6433729953
Partition ratio: 0.5259003835908864
current singletons: {4, 5, 6, 7, 8, 9, 10, 13, 14, 15, 18, 19, 20, 23, 24, 25, 26, 27, 28, 29, 30, 31, 32, 33, 34, 35, 37, 38, 39, 40, 41, 42, 43, 44, 45, 46, 47, 48, 49, 50, 51, 52, 53, 54, 55, 56, 57, 58, 59, 60, 62, 63, 64, 65, 68, 69, 70, 72, 73, 74, 75, 76, 77, 78, 79, 80, 83, 84, 85, 86, 87, 88, 89, 90, 91, 93, 94, 95, 96, 99, 100, 101, 102, 103, 104, 105, 106}
Added 15 singletons
added:  {97, 98, 3, 1, 2, 67, 66, 11, 12, 16, 81, 17, 82, 22, 92}
chunks ... [0, 5000, 10000, 15000, 20000]
num codes: 483
num codes with support 0: 0
chunks ... [0, 5000, 10000, 15000, 20000]
database_size: 802455.9878504846
codetable_size: 12145.1250855544
complete: 814601.112936039
Partition ratio: 0.5932414795232427
initial ratio: 0.5259003835908864
merged: {6}
merged: {6}
to_process: {0, 1, 2, 3, 4, 5, 7}
[(0, 0.10182903914794567), (1, 0.13353283126733892), (2, 0.08892223212534033), (3, 0.19290606799288978), (4, 0.057098012009205334), (5, 0.08498082026033525), (7, 0.190162275437361)]
next_candidate: 4
chunks ... [0, 5000, 10000, 15000, 20000]
chunks ... [0, 5000, 10000, 15000, 20000]
database_size: 656260.948126137
codetable_size: 25704.729239842254
complete: 681965.6773659793
current_ratio: 0.5259003835908864 --- candidate_ratio:0.4966483853262671
!!!!! ********* merge accepted ... 
merged: {4, 6}
to_process: {0, 1, 2, 3, 5, 7}
[(0, 0.11360882459686174), (1, 0.1260424257304523), (2, 0.09604014012378807), (3, 0.19147380755645166), (5, 0.08594319546456841), (7, 0.17819758840554265)]
next_candidate: 5
chunks ... [0, 5000, 10000, 15000, 20000]
chunks ... [0, 5000, 10000, 15000, 20000]
database_size: 640554.939746079
codetable_size: 32160.23693546707
complete: 672715.1766815461
current_ratio: 0.4966483853262671 --- candidate_ratio:0.4899116148686569
!!!!! ********* merge accepted ... 
merged: {4, 5, 6}
to_process: {0, 1, 2, 3, 7}
[(0, 0.10505422155814731), (1, 0.11435542086157365), (2, 0.08747159726993659), (3, 0.18000482220744715), (7, 0.1610945291731441)]
next_candidate: 2
chunks ... [0, 5000, 10000, 15000, 20000]
chunks ... [0, 5000, 10000, 15000, 20000]
database_size: 587819.1654927807
codetable_size: 40856.638348640845
complete: 628675.8038414216
current_ratio: 0.4899116148686569 --- candidate_ratio:0.45783949725665635
!!!!! ********* merge accepted ... 
merged: {2, 4, 5, 6}
to_process: {0, 1, 3, 7}
[(0, 0.09746441592549128), (1, 0.10314571559542246), (3, 0.16475285107701998), (7, 0.1427246245510574)]
next_candidate: 0
chunks ... [0, 5000, 10000, 15000, 20000]
chunks ... [0, 5000, 10000, 15000, 20000]
database_size: 554160.1502028365
codetable_size: 48911.21247201544
complete: 603071.3626748519
current_ratio: 0.45783949725665635 --- candidate_ratio:0.43919280463764654
!!!!! ********* merge accepted ... 
merged: {0, 2, 4, 5, 6}
to_process: {1, 3, 7}
[(1, 0.09016196785042403), (3, 0.1538559300093961), (7, 0.13500662232349703)]
next_candidate: 1
chunks ... [0, 5000, 10000, 15000, 20000]
chunks ... [0, 5000, 10000, 15000, 20000]
database_size: 545722.4137364451
codetable_size: 55450.025427720626
complete: 601172.4391641658
current_ratio: 0.43919280463764654 --- candidate_ratio:0.437809894431545
!!!!! ********* merge accepted ... 
merged: {0, 1, 2, 4, 5, 6}
to_process: {3, 7}
[(3, 0.13611565473965728), (7, 0.12112031252301116)]
next_candidate: 7
chunks ... [0, 5000, 10000, 15000, 20000]
chunks ... [0, 5000, 10000, 15000, 20000]
database_size: 519614.4387193296
codetable_size: 66196.11876812893
complete: 585810.5574874586
current_ratio: 0.437809894431545 --- candidate_ratio:0.42662244910471014
!!!!! ********* merge accepted ... 
merged: {0, 1, 2, 4, 5, 6, 7}
to_process: {3}
[(3, 0.11294727545086751)]
next_candidate: 3
chunks ... [0, 5000, 10000, 15000, 20000]
chunks ... [0, 5000, 10000, 15000, 20000]
database_size: 494857.2608505266
codetable_size: 78529.93739646218
complete: 573387.1982469888
current_ratio: 0.42662244910471014 --- candidate_ratio:0.4175750123906828
!!!!! ********* merge accepted ... 
merged table size: 2599
chunks ... [0, 5000, 10000, 15000, 20000]
chunks ... [0, 5000, 10000, 15000, 20000]
merged table size without non-used codes: 2497
database_size: 494857.2608505266
codetable_size: 78529.93739646218
complete: 573387.1982469888
database_size: 1372600.4814621517
codetable_size: 535.3174551653476
complete: 1373135.798917317
merged size: 573387.1982469888
sct size: 1373135.798917317
merged ratio: 0.4175750123906828
time elapsed: 69.43959641456604
