
-- MERGING METHOD naive
processing batch_results/200d-5-10-neg15/batch-3/pendigits_transaction_k_means_200d_k16_FalseNorm_trans_clust_0_k16...
chunks ... [0, 241, 482, 723, 966]
num codes: 239
num codes with support 0: 0
chunks ... [0, 241, 482, 723, 966]
num codes with usage 0: 37
database_size: 17553.926893910397
codetable_size: 4188.925073230307
complete: 21742.851967140705
database_size: 58518.78630633966
codetable_size: 358.3629113222404
complete: 58877.1492176619
Partition 0 ratio: 0.3692918603575716
processing batch_results/200d-5-10-neg15/batch-3/pendigits_transaction_k_means_200d_k16_FalseNorm_trans_clust_1_k16...
chunks ... [0, 136, 272, 408, 546]
num codes: 173
num codes with support 0: 0
chunks ... [0, 136, 272, 408, 546]
num codes with usage 0: 43
database_size: 7086.418272445215
codetable_size: 2821.729181995792
complete: 9908.147454441007
database_size: 31667.45404269809
codetable_size: 370.2418617628464
complete: 32037.695904460936
Partition 1 ratio: 0.30926529435786904
processing batch_results/200d-5-10-neg15/batch-3/pendigits_transaction_k_means_200d_k16_FalseNorm_trans_clust_2_k16...
chunks ... [0, 133, 266, 399, 534]
num codes: 149
num codes with support 0: 0
chunks ... [0, 133, 266, 399, 534]
num codes with usage 0: 35
database_size: 7037.081249512213
codetable_size: 2331.1230371864126
complete: 9368.204286698625
database_size: 30645.636492566544
codetable_size: 340.4137759890384
complete: 30986.050268555584
Partition 2 ratio: 0.3023361869455627
processing batch_results/200d-5-10-neg15/batch-3/pendigits_transaction_k_means_200d_k16_FalseNorm_trans_clust_3_k16...
chunks ... [0, 211, 422, 633, 844]
num codes: 209
num codes with support 0: 0
chunks ... [0, 211, 422, 633, 844]
num codes with usage 0: 44
database_size: 12310.216899359697
codetable_size: 3489.862953253158
complete: 15800.079852612855
database_size: 50545.30159723431
codetable_size: 427.6400347911475
complete: 50972.94163202546
Partition 3 ratio: 0.3099699437924125
processing batch_results/200d-5-10-neg15/batch-3/pendigits_transaction_k_means_200d_k16_FalseNorm_trans_clust_4_k16...
chunks ... [0, 178, 356, 534, 712]
num codes: 256
num codes with support 0: 0
chunks ... [0, 178, 356, 534, 712]
num codes with usage 0: 31
database_size: 17190.319751991326
codetable_size: 4415.738837565137
complete: 21606.058589556465
database_size: 46572.286364973574
codetable_size: 405.0109836510878
complete: 46977.29734862466
Partition 4 ratio: 0.4599255344387967
processing batch_results/200d-5-10-neg15/batch-3/pendigits_transaction_k_means_200d_k16_FalseNorm_trans_clust_5_k16...
chunks ... [0, 152, 304, 456, 609]
num codes: 263
num codes with support 0: 0
chunks ... [0, 152, 304, 456, 609]
num codes with usage 0: 41
database_size: 14730.46731669167
codetable_size: 4382.820799782647
complete: 19113.288116474316
database_size: 39486.526353503126
codetable_size: 435.46899743429816
complete: 39921.995350937425
Partition 5 ratio: 0.47876585196850663
processing batch_results/200d-5-10-neg15/batch-3/pendigits_transaction_k_means_200d_k16_FalseNorm_trans_clust_6_k16...
chunks ... [0, 223, 446, 669, 892]
num codes: 253
num codes with support 0: 0
chunks ... [0, 223, 446, 669, 892]
num codes with usage 0: 35
database_size: 17471.201899276082
codetable_size: 4292.1971205746795
complete: 21763.39901985076
database_size: 55488.71158446908
codetable_size: 394.6514659844468
complete: 55883.363050453525
Partition 6 ratio: 0.38944325881393316
processing batch_results/200d-5-10-neg15/batch-3/pendigits_transaction_k_means_200d_k16_FalseNorm_trans_clust_7_k16...
chunks ... [0, 237, 474, 711, 949]
num codes: 289
num codes with support 0: 0
chunks ... [0, 237, 474, 711, 949]
num codes with usage 0: 29
database_size: 25333.051279616015
codetable_size: 4979.814195104557
complete: 30312.865474720573
database_size: 61748.091072699914
codetable_size: 384.30401875615405
complete: 62132.39509145607
Partition 7 ratio: 0.48787537370966316
processing batch_results/200d-5-10-neg15/batch-3/pendigits_transaction_k_means_200d_k16_FalseNorm_trans_clust_8_k16...
chunks ... [0, 186, 372, 558, 746]
num codes: 194
num codes with support 0: 0
chunks ... [0, 186, 372, 558, 746]
num codes with usage 0: 41
database_size: 11514.631767366553
codetable_size: 3261.162539509024
complete: 14775.794306875578
database_size: 43975.48264939164
codetable_size: 360.5998234456147
complete: 44336.08247283725
Partition 8 ratio: 0.33326792722221343
processing batch_results/200d-5-10-neg15/batch-3/pendigits_transaction_k_means_200d_k16_FalseNorm_trans_clust_9_k16...
chunks ... [0, 152, 304, 456, 611]
num codes: 234
num codes with support 0: 0
chunks ... [0, 152, 304, 456, 611]
num codes with usage 0: 31
database_size: 14656.507604987275
codetable_size: 3837.0655789760604
complete: 18493.573183963337
database_size: 39022.14626591515
codetable_size: 405.0965978074651
complete: 39427.24286372262
Partition 9 ratio: 0.46905570465287216
processing batch_results/200d-5-10-neg15/batch-3/pendigits_transaction_k_means_200d_k16_FalseNorm_trans_clust_10_k16...
chunks ... [0, 117, 234, 351, 471]
num codes: 174
num codes with support 0: 0
chunks ... [0, 117, 234, 351, 471]
num codes with usage 0: 39
database_size: 8624.464932788029
codetable_size: 2663.084171303322
complete: 11287.549104091351
database_size: 28379.75807203062
codetable_size: 378.5448092147687
complete: 28758.30288124539
Partition 10 ratio: 0.39249705209317065
processing batch_results/200d-5-10-neg15/batch-3/pendigits_transaction_k_means_200d_k16_FalseNorm_trans_clust_11_k16...
chunks ... [0, 264, 528, 792, 1058]
num codes: 236
num codes with support 0: 0
chunks ... [0, 264, 528, 792, 1058]
num codes with usage 0: 49
database_size: 18080.46848767348
codetable_size: 4063.695270291216
complete: 22144.163757964696
database_size: 64051.9880082537
codetable_size: 351.2928890644318
complete: 64403.28089731813
Partition 11 ratio: 0.34383595756977686
processing batch_results/200d-5-10-neg15/batch-3/pendigits_transaction_k_means_200d_k16_FalseNorm_trans_clust_12_k16...
chunks ... [0, 142, 284, 426, 570]
num codes: 153
num codes with support 0: 0
chunks ... [0, 142, 284, 426, 570]
num codes with usage 0: 41
database_size: 8144.078072472235
codetable_size: 2230.1216747909702
complete: 10374.199747263207
database_size: 32905.59749977583
codetable_size: 267.08259184730207
complete: 33172.68009162314
Partition 12 ratio: 0.31273324068509406
processing batch_results/200d-5-10-neg15/batch-3/pendigits_transaction_k_means_200d_k16_FalseNorm_trans_clust_13_k16...
chunks ... [0, 102, 204, 306, 408]
num codes: 174
num codes with support 0: 0
chunks ... [0, 102, 204, 306, 408]
num codes with usage 0: 28
database_size: 9070.76098410094
codetable_size: 2562.9570490625097
complete: 11633.71803316345
database_size: 25139.986901181048
codetable_size: 368.4293460470684
complete: 25508.416247228117
Partition 13 ratio: 0.4560737099633786
processing batch_results/200d-5-10-neg15/batch-3/pendigits_transaction_k_means_200d_k16_FalseNorm_trans_clust_14_k16...
chunks ... [0, 107, 214, 321, 429]
num codes: 158
num codes with support 0: 0
chunks ... [0, 107, 214, 321, 429]
num codes with usage 0: 38
database_size: 7117.2359491731
codetable_size: 2266.5156206151846
complete: 9383.751569788285
database_size: 25322.848657559574
codetable_size: 300.24916568102446
complete: 25623.097823240598
Partition 14 ratio: 0.3662223683694115
processing batch_results/200d-5-10-neg15/batch-3/pendigits_transaction_k_means_200d_k16_FalseNorm_trans_clust_15_k16...
chunks ... [0, 161, 322, 483, 647]
num codes: 176
num codes with support 0: 0
chunks ... [0, 161, 322, 483, 647]
num codes with usage 0: 38
database_size: 9690.907255602871
codetable_size: 2827.6386575507795
complete: 12518.545913153652
database_size: 38033.827504728855
codetable_size: 331.8587451316288
complete: 38365.68624986048
Partition 15 ratio: 0.326295373204726
number of codetables: 16
size: 239
size: 173
size: 149
size: 209
size: 256
size: 263
size: 253
size: 289
size: 194
size: 234
size: 174
size: 236
size: 153
size: 174
size: 158
size: 176
merged table size: 2154
chunks ... [0, 2748, 5496, 8244, 10992]
chunks ... [0, 2748, 5496, 8244, 10992]
merged table size without non-used codes: 2095
database_size: 313412.64074952883
codetable_size: 56090.126300406206
complete: 369502.76704993506
database_size: 790738.936801035
codetable_size: 411.51868678919095
complete: 791150.4554878242
merged size: 369502.76704993506
sct size: 791150.4554878242
merged ratio: 0.4670448768459588
time elapsed: 6.168159484863281
-- MERGING METHOD naive_plus
processing batch_results/200d-5-10-neg15/batch-3/pendigits_transaction_k_means_200d_k16_FalseNorm_trans_clust_0_k16...
chunks ... [0, 241, 482, 723, 966]
num codes: 239
num codes with support 0: 0
chunks ... [0, 241, 482, 723, 966]
num codes with usage 0: 37
database_size: 17553.926893910397
codetable_size: 4188.925073230307
complete: 21742.851967140705
database_size: 58518.78630633966
codetable_size: 358.3629113222404
complete: 58877.1492176619
Partition 0 ratio: 0.3692918603575716
processing batch_results/200d-5-10-neg15/batch-3/pendigits_transaction_k_means_200d_k16_FalseNorm_trans_clust_1_k16...
chunks ... [0, 136, 272, 408, 546]
num codes: 173
num codes with support 0: 0
chunks ... [0, 136, 272, 408, 546]
num codes with usage 0: 43
database_size: 7086.418272445215
codetable_size: 2821.729181995792
complete: 9908.147454441007
database_size: 31667.45404269809
codetable_size: 370.2418617628464
complete: 32037.695904460936
Partition 1 ratio: 0.30926529435786904
processing batch_results/200d-5-10-neg15/batch-3/pendigits_transaction_k_means_200d_k16_FalseNorm_trans_clust_2_k16...
chunks ... [0, 133, 266, 399, 534]
num codes: 149
num codes with support 0: 0
chunks ... [0, 133, 266, 399, 534]
num codes with usage 0: 35
database_size: 7037.081249512213
codetable_size: 2331.1230371864126
complete: 9368.204286698625
database_size: 30645.636492566544
codetable_size: 340.4137759890384
complete: 30986.050268555584
Partition 2 ratio: 0.3023361869455627
processing batch_results/200d-5-10-neg15/batch-3/pendigits_transaction_k_means_200d_k16_FalseNorm_trans_clust_3_k16...
chunks ... [0, 211, 422, 633, 844]
num codes: 209
num codes with support 0: 0
chunks ... [0, 211, 422, 633, 844]
num codes with usage 0: 44
database_size: 12310.216899359697
codetable_size: 3489.862953253158
complete: 15800.079852612855
database_size: 50545.30159723431
codetable_size: 427.6400347911475
complete: 50972.94163202546
Partition 3 ratio: 0.3099699437924125
processing batch_results/200d-5-10-neg15/batch-3/pendigits_transaction_k_means_200d_k16_FalseNorm_trans_clust_4_k16...
chunks ... [0, 178, 356, 534, 712]
num codes: 256
num codes with support 0: 0
chunks ... [0, 178, 356, 534, 712]
num codes with usage 0: 31
database_size: 17190.319751991326
codetable_size: 4415.738837565137
complete: 21606.058589556465
database_size: 46572.286364973574
codetable_size: 405.0109836510878
complete: 46977.29734862466
Partition 4 ratio: 0.4599255344387967
processing batch_results/200d-5-10-neg15/batch-3/pendigits_transaction_k_means_200d_k16_FalseNorm_trans_clust_5_k16...
chunks ... [0, 152, 304, 456, 609]
num codes: 263
num codes with support 0: 0
chunks ... [0, 152, 304, 456, 609]
num codes with usage 0: 41
database_size: 14730.46731669167
codetable_size: 4382.820799782647
complete: 19113.288116474316
database_size: 39486.526353503126
codetable_size: 435.46899743429816
complete: 39921.995350937425
Partition 5 ratio: 0.47876585196850663
processing batch_results/200d-5-10-neg15/batch-3/pendigits_transaction_k_means_200d_k16_FalseNorm_trans_clust_6_k16...
chunks ... [0, 223, 446, 669, 892]
num codes: 253
num codes with support 0: 0
chunks ... [0, 223, 446, 669, 892]
num codes with usage 0: 35
database_size: 17471.201899276082
codetable_size: 4292.1971205746795
complete: 21763.39901985076
database_size: 55488.71158446908
codetable_size: 394.6514659844468
complete: 55883.363050453525
Partition 6 ratio: 0.38944325881393316
processing batch_results/200d-5-10-neg15/batch-3/pendigits_transaction_k_means_200d_k16_FalseNorm_trans_clust_7_k16...
chunks ... [0, 237, 474, 711, 949]
num codes: 289
num codes with support 0: 0
chunks ... [0, 237, 474, 711, 949]
num codes with usage 0: 29
database_size: 25333.051279616015
codetable_size: 4979.814195104557
complete: 30312.865474720573
database_size: 61748.091072699914
codetable_size: 384.30401875615405
complete: 62132.39509145607
Partition 7 ratio: 0.48787537370966316
processing batch_results/200d-5-10-neg15/batch-3/pendigits_transaction_k_means_200d_k16_FalseNorm_trans_clust_8_k16...
chunks ... [0, 186, 372, 558, 746]
num codes: 194
num codes with support 0: 0
chunks ... [0, 186, 372, 558, 746]
num codes with usage 0: 41
database_size: 11514.631767366553
codetable_size: 3261.162539509024
complete: 14775.794306875578
database_size: 43975.48264939164
codetable_size: 360.5998234456147
complete: 44336.08247283725
Partition 8 ratio: 0.33326792722221343
processing batch_results/200d-5-10-neg15/batch-3/pendigits_transaction_k_means_200d_k16_FalseNorm_trans_clust_9_k16...
chunks ... [0, 152, 304, 456, 611]
num codes: 234
num codes with support 0: 0
chunks ... [0, 152, 304, 456, 611]
num codes with usage 0: 31
database_size: 14656.507604987275
codetable_size: 3837.0655789760604
complete: 18493.573183963337
database_size: 39022.14626591515
codetable_size: 405.0965978074651
complete: 39427.24286372262
Partition 9 ratio: 0.46905570465287216
processing batch_results/200d-5-10-neg15/batch-3/pendigits_transaction_k_means_200d_k16_FalseNorm_trans_clust_10_k16...
chunks ... [0, 117, 234, 351, 471]
num codes: 174
num codes with support 0: 0
chunks ... [0, 117, 234, 351, 471]
num codes with usage 0: 39
database_size: 8624.464932788029
codetable_size: 2663.084171303322
complete: 11287.549104091351
database_size: 28379.75807203062
codetable_size: 378.5448092147687
complete: 28758.30288124539
Partition 10 ratio: 0.39249705209317065
processing batch_results/200d-5-10-neg15/batch-3/pendigits_transaction_k_means_200d_k16_FalseNorm_trans_clust_11_k16...
chunks ... [0, 264, 528, 792, 1058]
num codes: 236
num codes with support 0: 0
chunks ... [0, 264, 528, 792, 1058]
num codes with usage 0: 49
database_size: 18080.46848767348
codetable_size: 4063.695270291216
complete: 22144.163757964696
database_size: 64051.9880082537
codetable_size: 351.2928890644318
complete: 64403.28089731813
Partition 11 ratio: 0.34383595756977686
processing batch_results/200d-5-10-neg15/batch-3/pendigits_transaction_k_means_200d_k16_FalseNorm_trans_clust_12_k16...
chunks ... [0, 142, 284, 426, 570]
num codes: 153
num codes with support 0: 0
chunks ... [0, 142, 284, 426, 570]
num codes with usage 0: 41
database_size: 8144.078072472235
codetable_size: 2230.1216747909702
complete: 10374.199747263207
database_size: 32905.59749977583
codetable_size: 267.08259184730207
complete: 33172.68009162314
Partition 12 ratio: 0.31273324068509406
processing batch_results/200d-5-10-neg15/batch-3/pendigits_transaction_k_means_200d_k16_FalseNorm_trans_clust_13_k16...
chunks ... [0, 102, 204, 306, 408]
num codes: 174
num codes with support 0: 0
chunks ... [0, 102, 204, 306, 408]
num codes with usage 0: 28
database_size: 9070.76098410094
codetable_size: 2562.9570490625097
complete: 11633.71803316345
database_size: 25139.986901181048
codetable_size: 368.4293460470684
complete: 25508.416247228117
Partition 13 ratio: 0.4560737099633786
processing batch_results/200d-5-10-neg15/batch-3/pendigits_transaction_k_means_200d_k16_FalseNorm_trans_clust_14_k16...
chunks ... [0, 107, 214, 321, 429]
num codes: 158
num codes with support 0: 0
chunks ... [0, 107, 214, 321, 429]
num codes with usage 0: 38
database_size: 7117.2359491731
codetable_size: 2266.5156206151846
complete: 9383.751569788285
database_size: 25322.848657559574
codetable_size: 300.24916568102446
complete: 25623.097823240598
Partition 14 ratio: 0.3662223683694115
processing batch_results/200d-5-10-neg15/batch-3/pendigits_transaction_k_means_200d_k16_FalseNorm_trans_clust_15_k16...
chunks ... [0, 161, 322, 483, 647]
num codes: 176
num codes with support 0: 0
chunks ... [0, 161, 322, 483, 647]
num codes with usage 0: 38
database_size: 9690.907255602871
codetable_size: 2827.6386575507795
complete: 12518.545913153652
database_size: 38033.827504728855
codetable_size: 331.8587451316288
complete: 38365.68624986048
Partition 15 ratio: 0.326295373204726
number of codetables: 16
size: 239
size: 173
size: 149
size: 209
size: 256
size: 263
size: 253
size: 289
size: 194
size: 234
size: 174
size: 236
size: 153
size: 174
size: 158
size: 176
database_size: 790738.936801035
codetable_size: 411.51868678919095
complete: 791150.4554878242
current singletons: {1, 2, 3, 4, 5, 6, 7, 8, 9, 10, 11, 12, 13, 14, 15, 18, 19, 20, 22, 23, 24, 25, 27, 28, 29, 30, 31, 32, 33, 34, 35, 38, 39, 40, 41, 42, 43, 44, 45, 47, 48, 49, 50, 51, 52, 53, 54, 55, 56, 57, 58, 60, 61, 62, 63, 64, 66, 67, 71, 72, 73, 74, 76, 77, 78, 83, 85, 89}
Added 18 singletons
added:  {68, 36, 69, 37, 88, 46, 79, 16, 81, 82, 80, 84, 21, 17, 87, 86, 26, 59}
chunks ... [0, 2748, 5496, 8244, 10992]
num codes: 257
num codes with support 0: 0
chunks ... [0, 2748, 5496, 8244, 10992]
database_size: 651688.7679874372
codetable_size: 5432.107711606771
complete: 657120.875699044
Partition ratio: 0.830589012672517
current singletons: {1, 2, 3, 4, 5, 6, 7, 8, 9, 10, 11, 12, 13, 14, 15, 16, 17, 18, 20, 21, 22, 23, 24, 25, 26, 27, 31, 33, 34, 35, 36, 37, 38, 39, 40, 41, 42, 44, 45, 47, 48, 49, 50, 51, 52, 53, 54, 58, 59, 60, 61, 62, 63, 64, 69, 71, 72, 73, 74, 76, 77, 78, 79, 80, 88, 89}
Added 20 singletons
added:  {19, 28, 29, 30, 32, 43, 46, 55, 56, 57, 66, 67, 68, 81, 82, 83, 84, 85, 86, 87}
chunks ... [0, 2748, 5496, 8244, 10992]
num codes: 193
num codes with support 0: 0
chunks ... [0, 2748, 5496, 8244, 10992]
database_size: 667580.4888002725
codetable_size: 3905.3577427702826
complete: 671485.8465430427
Partition ratio: 0.8487460784295496
current singletons: {1, 2, 3, 4, 5, 6, 7, 8, 9, 10, 11, 12, 13, 14, 16, 17, 18, 19, 20, 21, 22, 26, 27, 31, 32, 33, 34, 36, 37, 39, 41, 42, 43, 44, 45, 46, 47, 48, 49, 50, 53, 54, 56, 57, 58, 59, 60, 61, 62, 63, 64, 69, 71, 72, 73, 76, 77, 78, 79, 80, 86, 88}
Added 24 singletons
added:  {15, 23, 24, 25, 28, 29, 30, 35, 38, 40, 51, 52, 55, 66, 67, 68, 74, 81, 82, 83, 84, 85, 87, 89}
chunks ... [0, 2748, 5496, 8244, 10992]
num codes: 173
num codes with support 0: 0
chunks ... [0, 2748, 5496, 8244, 10992]
database_size: 689989.4730858417
codetable_size: 3352.138949503287
complete: 693341.612035345
Partition ratio: 0.8763713744029002
current singletons: {1, 2, 3, 4, 5, 6, 7, 8, 9, 10, 11, 12, 13, 14, 15, 16, 17, 18, 19, 20, 21, 22, 23, 24, 25, 26, 27, 28, 29, 30, 32, 34, 35, 39, 40, 41, 42, 43, 44, 45, 48, 49, 50, 51, 52, 53, 54, 55, 56, 57, 58, 59, 60, 61, 62, 63, 64, 66, 67, 68, 69, 71, 72, 73, 74, 76, 77, 78, 79, 81, 82, 83, 84, 87, 89}
Added 11 singletons
added:  {33, 36, 37, 38, 46, 47, 80, 85, 86, 88, 31}
chunks ... [0, 2748, 5496, 8244, 10992]
num codes: 220
num codes with support 0: 0
chunks ... [0, 2748, 5496, 8244, 10992]
database_size: 646959.2445789818
codetable_size: 4553.62187063944
complete: 651512.8664496212
Partition ratio: 0.8235005894648669
current singletons: {1, 2, 3, 4, 5, 6, 7, 8, 9, 10, 11, 12, 13, 14, 15, 16, 17, 18, 19, 20, 21, 22, 23, 24, 25, 26, 27, 28, 29, 30, 31, 32, 33, 34, 35, 36, 37, 38, 39, 40, 41, 42, 43, 44, 45, 46, 47, 48, 49, 50, 51, 52, 53, 54, 55, 56, 57, 58, 59, 60, 61, 62, 63, 64, 66, 67, 68, 69, 71, 72, 73, 74, 78, 79, 80, 85, 87, 88, 89}
Added 7 singletons
added:  {76, 77, 81, 82, 83, 84, 86}
chunks ... [0, 2748, 5496, 8244, 10992]
num codes: 263
num codes with support 0: 0
chunks ... [0, 2748, 5496, 8244, 10992]
database_size: 609026.1096654809
codetable_size: 5179.783105757766
complete: 614205.8927712387
Partition ratio: 0.7763452431971599
current singletons: {1, 2, 3, 4, 5, 6, 7, 8, 9, 10, 11, 12, 13, 14, 15, 16, 17, 18, 19, 20, 21, 22, 23, 24, 25, 27, 28, 29, 30, 31, 32, 33, 34, 35, 37, 38, 39, 40, 41, 42, 43, 44, 45, 46, 47, 48, 49, 50, 51, 52, 53, 54, 55, 56, 57, 58, 59, 60, 61, 62, 63, 64, 66, 67, 68, 71, 72, 73, 74, 76, 77, 78, 79, 80, 81, 82, 84, 85, 86, 87, 88}
Added 5 singletons
added:  {36, 69, 83, 89, 26}
chunks ... [0, 2748, 5496, 8244, 10992]
num codes: 268
num codes with support 0: 0
chunks ... [0, 2748, 5496, 8244, 10992]
database_size: 614306.6532381722
codetable_size: 5297.438956547997
complete: 619604.0921947202
Partition ratio: 0.7831684705441668
current singletons: {1, 2, 3, 4, 5, 6, 7, 8, 9, 10, 11, 12, 13, 14, 15, 18, 19, 20, 22, 23, 24, 25, 27, 28, 29, 30, 31, 32, 33, 34, 35, 36, 37, 38, 39, 40, 41, 42, 43, 44, 45, 46, 47, 48, 50, 51, 53, 54, 55, 56, 57, 58, 60, 61, 62, 63, 64, 66, 67, 68, 69, 71, 72, 73, 74, 76, 77, 78, 79, 81, 82, 87, 88}
Added 13 singletons
added:  {16, 49, 80, 17, 84, 21, 86, 85, 83, 89, 26, 59, 52}
chunks ... [0, 2748, 5496, 8244, 10992]
num codes: 266
num codes with support 0: 0
chunks ... [0, 2748, 5496, 8244, 10992]
database_size: 639376.3282490385
codetable_size: 5250.5402210270595
complete: 644626.8684700656
Partition ratio: 0.8147968114011741
current singletons: {1, 2, 3, 4, 5, 6, 7, 8, 9, 10, 11, 12, 13, 14, 15, 16, 17, 18, 19, 20, 21, 22, 23, 24, 25, 27, 28, 29, 30, 31, 32, 33, 34, 35, 38, 39, 40, 41, 42, 43, 44, 45, 46, 47, 48, 49, 50, 51, 52, 53, 54, 55, 56, 57, 58, 59, 60, 61, 62, 63, 64, 66, 67, 71, 72, 73, 74, 76, 77, 78, 81, 83, 85, 88, 89}
Added 11 singletons
added:  {68, 69, 36, 37, 79, 80, 82, 84, 86, 87, 26}
chunks ... [0, 2748, 5496, 8244, 10992]
num codes: 300
num codes with support 0: 0
chunks ... [0, 2748, 5496, 8244, 10992]
database_size: 608458.2329758962
codetable_size: 5912.358167143493
complete: 614370.5911430398
Partition ratio: 0.7765534189880713
current singletons: {1, 2, 3, 4, 5, 6, 7, 8, 9, 10, 11, 12, 13, 16, 17, 18, 19, 20, 21, 22, 23, 26, 27, 29, 31, 32, 33, 34, 35, 36, 37, 38, 39, 40, 42, 43, 44, 45, 47, 48, 49, 50, 51, 52, 53, 54, 56, 58, 59, 60, 61, 62, 63, 64, 67, 68, 69, 71, 72, 73, 74, 76, 80, 84, 89}
Added 21 singletons
added:  {14, 15, 24, 25, 28, 30, 41, 46, 55, 57, 66, 77, 78, 79, 81, 82, 83, 85, 86, 87, 88}
chunks ... [0, 2748, 5496, 8244, 10992]
num codes: 215
num codes with support 0: 0
chunks ... [0, 2748, 5496, 8244, 10992]
database_size: 686761.9230837452
codetable_size: 4451.661542047201
complete: 691213.5846257923
Partition ratio: 0.8736815858869592
current singletons: {1, 2, 3, 4, 5, 6, 7, 8, 9, 10, 11, 12, 13, 14, 15, 16, 17, 18, 19, 20, 21, 22, 23, 24, 25, 26, 27, 28, 29, 30, 31, 32, 33, 34, 35, 38, 39, 40, 41, 42, 43, 44, 45, 48, 49, 50, 51, 52, 53, 54, 56, 57, 58, 59, 60, 61, 62, 63, 64, 66, 67, 68, 69, 71, 72, 73, 74, 76, 77, 78, 80, 83, 84, 85, 87, 89}
Added 10 singletons
added:  {36, 37, 46, 47, 79, 81, 82, 86, 55, 88}
chunks ... [0, 2748, 5496, 8244, 10992]
num codes: 244
num codes with support 0: 0
chunks ... [0, 2748, 5496, 8244, 10992]
database_size: 643486.0521438359
codetable_size: 4732.566123186428
complete: 648218.6182670223
Partition ratio: 0.819336718787996
current singletons: {1, 2, 3, 4, 5, 6, 7, 8, 9, 10, 11, 12, 13, 14, 15, 16, 17, 18, 19, 20, 21, 22, 23, 24, 25, 26, 27, 30, 31, 32, 33, 34, 35, 36, 37, 38, 39, 41, 42, 43, 45, 46, 47, 48, 49, 50, 51, 52, 53, 54, 56, 57, 58, 59, 60, 61, 62, 63, 64, 69, 71, 72, 73, 74, 78, 79, 80, 85, 88}
Added 17 singletons
added:  {66, 67, 68, 40, 76, 77, 44, 81, 82, 83, 84, 87, 55, 86, 89, 28, 29}
chunks ... [0, 2748, 5496, 8244, 10992]
num codes: 191
num codes with support 0: 0
chunks ... [0, 2748, 5496, 8244, 10992]
database_size: 687032.2013868591
codetable_size: 3679.0991847373134
complete: 690711.3005715964
Partition ratio: 0.8730467078423194
current singletons: {1, 2, 3, 4, 5, 6, 7, 8, 9, 10, 11, 12, 13, 14, 15, 16, 17, 18, 19, 20, 22, 23, 24, 25, 26, 27, 28, 29, 30, 31, 32, 33, 34, 35, 36, 37, 38, 39, 40, 41, 42, 46, 47, 48, 50, 55, 56, 57, 58, 60, 61, 62, 63, 64, 66, 67, 68, 71, 73, 74, 76, 77, 78, 81, 82, 86}
Added 20 singletons
added:  {21, 43, 44, 45, 49, 51, 52, 53, 54, 59, 69, 72, 79, 80, 83, 84, 85, 87, 88, 89}
chunks ... [0, 2748, 5496, 8244, 10992]
num codes: 256
num codes with support 0: 0
chunks ... [0, 2748, 5496, 8244, 10992]
database_size: 604273.5555334057
codetable_size: 5374.3331342678475
complete: 609647.8886676736
Partition ratio: 0.7705840076800109
current singletons: {1, 2, 3, 4, 5, 6, 7, 8, 9, 10, 11, 12, 13, 16, 17, 18, 19, 22, 23, 24, 25, 26, 27, 28, 29, 31, 32, 33, 34, 35, 36, 37, 41, 42, 46, 47, 48, 49, 50, 58, 59, 60, 61, 62, 63, 64, 69, 73, 74, 79, 85, 86, 87}
Added 33 singletons
added:  {14, 15, 20, 21, 30, 38, 39, 40, 43, 44, 45, 51, 52, 53, 54, 55, 56, 57, 66, 67, 68, 71, 72, 76, 77, 78, 80, 81, 82, 83, 84, 88, 89}
chunks ... [0, 2748, 5496, 8244, 10992]
num codes: 186
num codes with support 0: 0
chunks ... [0, 2748, 5496, 8244, 10992]
database_size: 685776.1289548224
codetable_size: 3402.1692075430933
complete: 689178.2981623656
Partition ratio: 0.8711090202652004
current singletons: {1, 2, 3, 4, 5, 6, 7, 8, 9, 10, 11, 12, 13, 14, 15, 17, 18, 19, 20, 21, 22, 23, 26, 27, 28, 29, 31, 32, 33, 34, 35, 36, 37, 38, 39, 40, 41, 42, 43, 44, 45, 46, 47, 48, 49, 50, 51, 52, 53, 54, 56, 57, 58, 59, 60, 61, 62, 63, 64, 67, 68, 69, 71, 72, 73, 74, 76, 81, 84, 86}
Added 16 singletons
added:  {89, 66, 77, 78, 79, 16, 80, 82, 83, 24, 85, 87, 55, 88, 25, 30}
chunks ... [0, 2748, 5496, 8244, 10992]
num codes: 190
num codes with support 0: 0
chunks ... [0, 2748, 5496, 8244, 10992]
database_size: 675529.2539003723
codetable_size: 3371.9391549565894
complete: 678901.1930553289
Partition ratio: 0.8581189435538121
current singletons: {1, 4, 5, 6, 7, 8, 9, 10, 11, 12, 13, 14, 15, 17, 18, 19, 20, 21, 22, 23, 24, 27, 28, 29, 30, 31, 32, 37, 38, 39, 40, 41, 42, 46, 47, 48, 50, 51, 52, 53, 54, 55, 56, 60, 61, 62, 63, 64, 66, 67, 68, 69, 71, 72, 73, 76, 77, 78, 86}
Added 27 singletons
added:  {2, 3, 16, 25, 26, 33, 34, 35, 36, 43, 44, 45, 49, 57, 58, 59, 74, 79, 80, 81, 82, 83, 84, 85, 87, 88, 89}
chunks ... [0, 2748, 5496, 8244, 10992]
num codes: 185
num codes with support 0: 0
chunks ... [0, 2748, 5496, 8244, 10992]
database_size: 675504.7367815635
codetable_size: 3391.5435164162436
complete: 678896.2802979797
Partition ratio: 0.8581127339165489
current singletons: {1, 2, 3, 4, 5, 6, 7, 8, 9, 10, 11, 12, 13, 14, 15, 17, 18, 19, 20, 21, 22, 23, 26, 27, 31, 32, 34, 36, 37, 41, 42, 43, 44, 45, 46, 47, 50, 51, 52, 53, 54, 55, 56, 57, 58, 60, 61, 62, 63, 64, 67, 68, 69, 71, 72, 73, 76, 77, 78, 79, 80, 86}
Added 24 singletons
added:  {16, 24, 25, 28, 29, 30, 33, 35, 38, 39, 40, 48, 49, 59, 66, 74, 81, 82, 83, 84, 85, 87, 88, 89}
chunks ... [0, 2748, 5496, 8244, 10992]
num codes: 200
num codes with support 0: 0
chunks ... [0, 2748, 5496, 8244, 10992]
database_size: 666738.4643551519
codetable_size: 3968.2167177373244
complete: 670706.6810728892
Partition ratio: 0.8477612272362668
merged table size: 256
chunks ... [0, 2748, 5496, 8244, 10992]
chunks ... [0, 2748, 5496, 8244, 10992]
merged table size without non-used codes: 251
database_size: 604273.5555334057
codetable_size: 5374.3331342678475
complete: 609647.8886676736
database_size: 790738.936801035
codetable_size: 411.51868678919095
complete: 791150.4554878242
merged size: 609647.8886676736
sct size: 791150.4554878242
merged ratio: 0.7705840076800109
time elapsed: 9.218285322189331
-- MERGING METHOD informed
processing batch_results/200d-5-10-neg15/batch-3/pendigits_transaction_k_means_200d_k16_FalseNorm_trans_clust_0_k16...
chunks ... [0, 241, 482, 723, 966]
num codes: 239
num codes with support 0: 0
chunks ... [0, 241, 482, 723, 966]
num codes with usage 0: 37
database_size: 17553.926893910397
codetable_size: 4188.925073230307
complete: 21742.851967140705
database_size: 58518.78630633966
codetable_size: 358.3629113222404
complete: 58877.1492176619
Partition 0 ratio: 0.3692918603575716
processing batch_results/200d-5-10-neg15/batch-3/pendigits_transaction_k_means_200d_k16_FalseNorm_trans_clust_1_k16...
chunks ... [0, 136, 272, 408, 546]
num codes: 173
num codes with support 0: 0
chunks ... [0, 136, 272, 408, 546]
num codes with usage 0: 43
database_size: 7086.418272445215
codetable_size: 2821.729181995792
complete: 9908.147454441007
database_size: 31667.45404269809
codetable_size: 370.2418617628464
complete: 32037.695904460936
Partition 1 ratio: 0.30926529435786904
processing batch_results/200d-5-10-neg15/batch-3/pendigits_transaction_k_means_200d_k16_FalseNorm_trans_clust_2_k16...
chunks ... [0, 133, 266, 399, 534]
num codes: 149
num codes with support 0: 0
chunks ... [0, 133, 266, 399, 534]
num codes with usage 0: 35
database_size: 7037.081249512213
codetable_size: 2331.1230371864126
complete: 9368.204286698625
database_size: 30645.636492566544
codetable_size: 340.4137759890384
complete: 30986.050268555584
Partition 2 ratio: 0.3023361869455627
processing batch_results/200d-5-10-neg15/batch-3/pendigits_transaction_k_means_200d_k16_FalseNorm_trans_clust_3_k16...
chunks ... [0, 211, 422, 633, 844]
num codes: 209
num codes with support 0: 0
chunks ... [0, 211, 422, 633, 844]
num codes with usage 0: 44
database_size: 12310.216899359697
codetable_size: 3489.862953253158
complete: 15800.079852612855
database_size: 50545.30159723431
codetable_size: 427.6400347911475
complete: 50972.94163202546
Partition 3 ratio: 0.3099699437924125
processing batch_results/200d-5-10-neg15/batch-3/pendigits_transaction_k_means_200d_k16_FalseNorm_trans_clust_4_k16...
chunks ... [0, 178, 356, 534, 712]
num codes: 256
num codes with support 0: 0
chunks ... [0, 178, 356, 534, 712]
num codes with usage 0: 31
database_size: 17190.319751991326
codetable_size: 4415.738837565137
complete: 21606.058589556465
database_size: 46572.286364973574
codetable_size: 405.0109836510878
complete: 46977.29734862466
Partition 4 ratio: 0.4599255344387967
processing batch_results/200d-5-10-neg15/batch-3/pendigits_transaction_k_means_200d_k16_FalseNorm_trans_clust_5_k16...
chunks ... [0, 152, 304, 456, 609]
num codes: 263
num codes with support 0: 0
chunks ... [0, 152, 304, 456, 609]
num codes with usage 0: 41
database_size: 14730.46731669167
codetable_size: 4382.820799782647
complete: 19113.288116474316
database_size: 39486.526353503126
codetable_size: 435.46899743429816
complete: 39921.995350937425
Partition 5 ratio: 0.47876585196850663
processing batch_results/200d-5-10-neg15/batch-3/pendigits_transaction_k_means_200d_k16_FalseNorm_trans_clust_6_k16...
chunks ... [0, 223, 446, 669, 892]
num codes: 253
num codes with support 0: 0
chunks ... [0, 223, 446, 669, 892]
num codes with usage 0: 35
database_size: 17471.201899276082
codetable_size: 4292.1971205746795
complete: 21763.39901985076
database_size: 55488.71158446908
codetable_size: 394.6514659844468
complete: 55883.363050453525
Partition 6 ratio: 0.38944325881393316
processing batch_results/200d-5-10-neg15/batch-3/pendigits_transaction_k_means_200d_k16_FalseNorm_trans_clust_7_k16...
chunks ... [0, 237, 474, 711, 949]
num codes: 289
num codes with support 0: 0
chunks ... [0, 237, 474, 711, 949]
num codes with usage 0: 29
database_size: 25333.051279616015
codetable_size: 4979.814195104557
complete: 30312.865474720573
database_size: 61748.091072699914
codetable_size: 384.30401875615405
complete: 62132.39509145607
Partition 7 ratio: 0.48787537370966316
processing batch_results/200d-5-10-neg15/batch-3/pendigits_transaction_k_means_200d_k16_FalseNorm_trans_clust_8_k16...
chunks ... [0, 186, 372, 558, 746]
num codes: 194
num codes with support 0: 0
chunks ... [0, 186, 372, 558, 746]
num codes with usage 0: 41
database_size: 11514.631767366553
codetable_size: 3261.162539509024
complete: 14775.794306875578
database_size: 43975.48264939164
codetable_size: 360.5998234456147
complete: 44336.08247283725
Partition 8 ratio: 0.33326792722221343
processing batch_results/200d-5-10-neg15/batch-3/pendigits_transaction_k_means_200d_k16_FalseNorm_trans_clust_9_k16...
chunks ... [0, 152, 304, 456, 611]
num codes: 234
num codes with support 0: 0
chunks ... [0, 152, 304, 456, 611]
num codes with usage 0: 31
database_size: 14656.507604987275
codetable_size: 3837.0655789760604
complete: 18493.573183963337
database_size: 39022.14626591515
codetable_size: 405.0965978074651
complete: 39427.24286372262
Partition 9 ratio: 0.46905570465287216
processing batch_results/200d-5-10-neg15/batch-3/pendigits_transaction_k_means_200d_k16_FalseNorm_trans_clust_10_k16...
chunks ... [0, 117, 234, 351, 471]
num codes: 174
num codes with support 0: 0
chunks ... [0, 117, 234, 351, 471]
num codes with usage 0: 39
database_size: 8624.464932788029
codetable_size: 2663.084171303322
complete: 11287.549104091351
database_size: 28379.75807203062
codetable_size: 378.5448092147687
complete: 28758.30288124539
Partition 10 ratio: 0.39249705209317065
processing batch_results/200d-5-10-neg15/batch-3/pendigits_transaction_k_means_200d_k16_FalseNorm_trans_clust_11_k16...
chunks ... [0, 264, 528, 792, 1058]
num codes: 236
num codes with support 0: 0
chunks ... [0, 264, 528, 792, 1058]
num codes with usage 0: 49
database_size: 18080.46848767348
codetable_size: 4063.695270291216
complete: 22144.163757964696
database_size: 64051.9880082537
codetable_size: 351.2928890644318
complete: 64403.28089731813
Partition 11 ratio: 0.34383595756977686
processing batch_results/200d-5-10-neg15/batch-3/pendigits_transaction_k_means_200d_k16_FalseNorm_trans_clust_12_k16...
chunks ... [0, 142, 284, 426, 570]
num codes: 153
num codes with support 0: 0
chunks ... [0, 142, 284, 426, 570]
num codes with usage 0: 41
database_size: 8144.078072472235
codetable_size: 2230.1216747909702
complete: 10374.199747263207
database_size: 32905.59749977583
codetable_size: 267.08259184730207
complete: 33172.68009162314
Partition 12 ratio: 0.31273324068509406
processing batch_results/200d-5-10-neg15/batch-3/pendigits_transaction_k_means_200d_k16_FalseNorm_trans_clust_13_k16...
chunks ... [0, 102, 204, 306, 408]
num codes: 174
num codes with support 0: 0
chunks ... [0, 102, 204, 306, 408]
num codes with usage 0: 28
database_size: 9070.76098410094
codetable_size: 2562.9570490625097
complete: 11633.71803316345
database_size: 25139.986901181048
codetable_size: 368.4293460470684
complete: 25508.416247228117
Partition 13 ratio: 0.4560737099633786
processing batch_results/200d-5-10-neg15/batch-3/pendigits_transaction_k_means_200d_k16_FalseNorm_trans_clust_14_k16...
chunks ... [0, 107, 214, 321, 429]
num codes: 158
num codes with support 0: 0
chunks ... [0, 107, 214, 321, 429]
num codes with usage 0: 38
database_size: 7117.2359491731
codetable_size: 2266.5156206151846
complete: 9383.751569788285
database_size: 25322.848657559574
codetable_size: 300.24916568102446
complete: 25623.097823240598
Partition 14 ratio: 0.3662223683694115
processing batch_results/200d-5-10-neg15/batch-3/pendigits_transaction_k_means_200d_k16_FalseNorm_trans_clust_15_k16...
chunks ... [0, 161, 322, 483, 647]
num codes: 176
num codes with support 0: 0
chunks ... [0, 161, 322, 483, 647]
num codes with usage 0: 38
database_size: 9690.907255602871
codetable_size: 2827.6386575507795
complete: 12518.545913153652
database_size: 38033.827504728855
codetable_size: 331.8587451316288
complete: 38365.68624986048
Partition 15 ratio: 0.326295373204726
number of codetables: 16
size: 239
size: 173
size: 149
size: 209
size: 256
size: 263
size: 253
size: 289
size: 194
size: 234
size: 174
size: 236
size: 153
size: 174
size: 158
size: 176
database_size: 790738.936801035
codetable_size: 411.51868678919095
complete: 791150.4554878242
database_size: 790738.936801035
codetable_size: 411.51868678919095
complete: 791150.4554878242
current singletons: {1, 2, 3, 4, 5, 6, 7, 8, 9, 10, 11, 12, 13, 14, 15, 18, 19, 20, 22, 23, 24, 25, 27, 28, 29, 30, 31, 32, 33, 34, 35, 38, 39, 40, 41, 42, 43, 44, 45, 47, 48, 49, 50, 51, 52, 53, 54, 55, 56, 57, 58, 60, 61, 62, 63, 64, 66, 67, 71, 72, 73, 74, 76, 77, 78, 83, 85, 89}
Added 18 singletons
added:  {68, 36, 69, 37, 88, 46, 79, 16, 81, 82, 80, 84, 21, 17, 87, 86, 26, 59}
chunks ... [0, 2748, 5496, 8244, 10992]
num codes: 257
num codes with support 0: 0
chunks ... [0, 2748, 5496, 8244, 10992]
database_size: 651688.7679874372
codetable_size: 5432.107711606771
complete: 657120.875699044
Partition ratio: 0.830589012672517
current singletons: {1, 2, 3, 4, 5, 6, 7, 8, 9, 10, 11, 12, 13, 14, 15, 16, 17, 18, 20, 21, 22, 23, 24, 25, 26, 27, 31, 33, 34, 35, 36, 37, 38, 39, 40, 41, 42, 44, 45, 47, 48, 49, 50, 51, 52, 53, 54, 58, 59, 60, 61, 62, 63, 64, 69, 71, 72, 73, 74, 76, 77, 78, 79, 80, 88, 89}
Added 20 singletons
added:  {19, 28, 29, 30, 32, 43, 46, 55, 56, 57, 66, 67, 68, 81, 82, 83, 84, 85, 86, 87}
chunks ... [0, 2748, 5496, 8244, 10992]
num codes: 193
num codes with support 0: 0
chunks ... [0, 2748, 5496, 8244, 10992]
database_size: 667580.4888002725
codetable_size: 3905.3577427702826
complete: 671485.8465430427
Partition ratio: 0.8487460784295496
current singletons: {1, 2, 3, 4, 5, 6, 7, 8, 9, 10, 11, 12, 13, 14, 16, 17, 18, 19, 20, 21, 22, 26, 27, 31, 32, 33, 34, 36, 37, 39, 41, 42, 43, 44, 45, 46, 47, 48, 49, 50, 53, 54, 56, 57, 58, 59, 60, 61, 62, 63, 64, 69, 71, 72, 73, 76, 77, 78, 79, 80, 86, 88}
Added 24 singletons
added:  {15, 23, 24, 25, 28, 29, 30, 35, 38, 40, 51, 52, 55, 66, 67, 68, 74, 81, 82, 83, 84, 85, 87, 89}
chunks ... [0, 2748, 5496, 8244, 10992]
num codes: 173
num codes with support 0: 0
chunks ... [0, 2748, 5496, 8244, 10992]
database_size: 689989.4730858417
codetable_size: 3352.138949503287
complete: 693341.612035345
Partition ratio: 0.8763713744029002
current singletons: {1, 2, 3, 4, 5, 6, 7, 8, 9, 10, 11, 12, 13, 14, 15, 16, 17, 18, 19, 20, 21, 22, 23, 24, 25, 26, 27, 28, 29, 30, 32, 34, 35, 39, 40, 41, 42, 43, 44, 45, 48, 49, 50, 51, 52, 53, 54, 55, 56, 57, 58, 59, 60, 61, 62, 63, 64, 66, 67, 68, 69, 71, 72, 73, 74, 76, 77, 78, 79, 81, 82, 83, 84, 87, 89}
Added 11 singletons
added:  {33, 36, 37, 38, 46, 47, 80, 85, 86, 88, 31}
chunks ... [0, 2748, 5496, 8244, 10992]
num codes: 220
num codes with support 0: 0
chunks ... [0, 2748, 5496, 8244, 10992]
database_size: 646959.2445789818
codetable_size: 4553.62187063944
complete: 651512.8664496212
Partition ratio: 0.8235005894648669
current singletons: {1, 2, 3, 4, 5, 6, 7, 8, 9, 10, 11, 12, 13, 14, 15, 16, 17, 18, 19, 20, 21, 22, 23, 24, 25, 26, 27, 28, 29, 30, 31, 32, 33, 34, 35, 36, 37, 38, 39, 40, 41, 42, 43, 44, 45, 46, 47, 48, 49, 50, 51, 52, 53, 54, 55, 56, 57, 58, 59, 60, 61, 62, 63, 64, 66, 67, 68, 69, 71, 72, 73, 74, 78, 79, 80, 85, 87, 88, 89}
Added 7 singletons
added:  {76, 77, 81, 82, 83, 84, 86}
chunks ... [0, 2748, 5496, 8244, 10992]
num codes: 263
num codes with support 0: 0
chunks ... [0, 2748, 5496, 8244, 10992]
database_size: 609026.1096654809
codetable_size: 5179.783105757766
complete: 614205.8927712387
Partition ratio: 0.7763452431971599
current singletons: {1, 2, 3, 4, 5, 6, 7, 8, 9, 10, 11, 12, 13, 14, 15, 16, 17, 18, 19, 20, 21, 22, 23, 24, 25, 27, 28, 29, 30, 31, 32, 33, 34, 35, 37, 38, 39, 40, 41, 42, 43, 44, 45, 46, 47, 48, 49, 50, 51, 52, 53, 54, 55, 56, 57, 58, 59, 60, 61, 62, 63, 64, 66, 67, 68, 71, 72, 73, 74, 76, 77, 78, 79, 80, 81, 82, 84, 85, 86, 87, 88}
Added 5 singletons
added:  {36, 69, 83, 89, 26}
chunks ... [0, 2748, 5496, 8244, 10992]
num codes: 268
num codes with support 0: 0
chunks ... [0, 2748, 5496, 8244, 10992]
database_size: 614306.6532381722
codetable_size: 5297.438956547997
complete: 619604.0921947202
Partition ratio: 0.7831684705441668
current singletons: {1, 2, 3, 4, 5, 6, 7, 8, 9, 10, 11, 12, 13, 14, 15, 18, 19, 20, 22, 23, 24, 25, 27, 28, 29, 30, 31, 32, 33, 34, 35, 36, 37, 38, 39, 40, 41, 42, 43, 44, 45, 46, 47, 48, 50, 51, 53, 54, 55, 56, 57, 58, 60, 61, 62, 63, 64, 66, 67, 68, 69, 71, 72, 73, 74, 76, 77, 78, 79, 81, 82, 87, 88}
Added 13 singletons
added:  {16, 49, 80, 17, 84, 21, 86, 85, 83, 89, 26, 59, 52}
chunks ... [0, 2748, 5496, 8244, 10992]
num codes: 266
num codes with support 0: 0
chunks ... [0, 2748, 5496, 8244, 10992]
database_size: 639376.3282490385
codetable_size: 5250.5402210270595
complete: 644626.8684700656
Partition ratio: 0.8147968114011741
current singletons: {1, 2, 3, 4, 5, 6, 7, 8, 9, 10, 11, 12, 13, 14, 15, 16, 17, 18, 19, 20, 21, 22, 23, 24, 25, 27, 28, 29, 30, 31, 32, 33, 34, 35, 38, 39, 40, 41, 42, 43, 44, 45, 46, 47, 48, 49, 50, 51, 52, 53, 54, 55, 56, 57, 58, 59, 60, 61, 62, 63, 64, 66, 67, 71, 72, 73, 74, 76, 77, 78, 81, 83, 85, 88, 89}
Added 11 singletons
added:  {68, 69, 36, 37, 79, 80, 82, 84, 86, 87, 26}
chunks ... [0, 2748, 5496, 8244, 10992]
num codes: 300
num codes with support 0: 0
chunks ... [0, 2748, 5496, 8244, 10992]
database_size: 608458.2329758962
codetable_size: 5912.358167143493
complete: 614370.5911430398
Partition ratio: 0.7765534189880713
current singletons: {1, 2, 3, 4, 5, 6, 7, 8, 9, 10, 11, 12, 13, 16, 17, 18, 19, 20, 21, 22, 23, 26, 27, 29, 31, 32, 33, 34, 35, 36, 37, 38, 39, 40, 42, 43, 44, 45, 47, 48, 49, 50, 51, 52, 53, 54, 56, 58, 59, 60, 61, 62, 63, 64, 67, 68, 69, 71, 72, 73, 74, 76, 80, 84, 89}
Added 21 singletons
added:  {14, 15, 24, 25, 28, 30, 41, 46, 55, 57, 66, 77, 78, 79, 81, 82, 83, 85, 86, 87, 88}
chunks ... [0, 2748, 5496, 8244, 10992]
num codes: 215
num codes with support 0: 0
chunks ... [0, 2748, 5496, 8244, 10992]
database_size: 686761.9230837452
codetable_size: 4451.661542047201
complete: 691213.5846257923
Partition ratio: 0.8736815858869592
current singletons: {1, 2, 3, 4, 5, 6, 7, 8, 9, 10, 11, 12, 13, 14, 15, 16, 17, 18, 19, 20, 21, 22, 23, 24, 25, 26, 27, 28, 29, 30, 31, 32, 33, 34, 35, 38, 39, 40, 41, 42, 43, 44, 45, 48, 49, 50, 51, 52, 53, 54, 56, 57, 58, 59, 60, 61, 62, 63, 64, 66, 67, 68, 69, 71, 72, 73, 74, 76, 77, 78, 80, 83, 84, 85, 87, 89}
Added 10 singletons
added:  {36, 37, 46, 47, 79, 81, 82, 86, 55, 88}
chunks ... [0, 2748, 5496, 8244, 10992]
num codes: 244
num codes with support 0: 0
chunks ... [0, 2748, 5496, 8244, 10992]
database_size: 643486.0521438359
codetable_size: 4732.566123186428
complete: 648218.6182670223
Partition ratio: 0.819336718787996
current singletons: {1, 2, 3, 4, 5, 6, 7, 8, 9, 10, 11, 12, 13, 14, 15, 16, 17, 18, 19, 20, 21, 22, 23, 24, 25, 26, 27, 30, 31, 32, 33, 34, 35, 36, 37, 38, 39, 41, 42, 43, 45, 46, 47, 48, 49, 50, 51, 52, 53, 54, 56, 57, 58, 59, 60, 61, 62, 63, 64, 69, 71, 72, 73, 74, 78, 79, 80, 85, 88}
Added 17 singletons
added:  {66, 67, 68, 40, 76, 77, 44, 81, 82, 83, 84, 87, 55, 86, 89, 28, 29}
chunks ... [0, 2748, 5496, 8244, 10992]
num codes: 191
num codes with support 0: 0
chunks ... [0, 2748, 5496, 8244, 10992]
database_size: 687032.2013868591
codetable_size: 3679.0991847373134
complete: 690711.3005715964
Partition ratio: 0.8730467078423194
current singletons: {1, 2, 3, 4, 5, 6, 7, 8, 9, 10, 11, 12, 13, 14, 15, 16, 17, 18, 19, 20, 22, 23, 24, 25, 26, 27, 28, 29, 30, 31, 32, 33, 34, 35, 36, 37, 38, 39, 40, 41, 42, 46, 47, 48, 50, 55, 56, 57, 58, 60, 61, 62, 63, 64, 66, 67, 68, 71, 73, 74, 76, 77, 78, 81, 82, 86}
Added 20 singletons
added:  {21, 43, 44, 45, 49, 51, 52, 53, 54, 59, 69, 72, 79, 80, 83, 84, 85, 87, 88, 89}
chunks ... [0, 2748, 5496, 8244, 10992]
num codes: 256
num codes with support 0: 0
chunks ... [0, 2748, 5496, 8244, 10992]
database_size: 604273.5555334057
codetable_size: 5374.3331342678475
complete: 609647.8886676736
Partition ratio: 0.7705840076800109
current singletons: {1, 2, 3, 4, 5, 6, 7, 8, 9, 10, 11, 12, 13, 16, 17, 18, 19, 22, 23, 24, 25, 26, 27, 28, 29, 31, 32, 33, 34, 35, 36, 37, 41, 42, 46, 47, 48, 49, 50, 58, 59, 60, 61, 62, 63, 64, 69, 73, 74, 79, 85, 86, 87}
Added 33 singletons
added:  {14, 15, 20, 21, 30, 38, 39, 40, 43, 44, 45, 51, 52, 53, 54, 55, 56, 57, 66, 67, 68, 71, 72, 76, 77, 78, 80, 81, 82, 83, 84, 88, 89}
chunks ... [0, 2748, 5496, 8244, 10992]
num codes: 186
num codes with support 0: 0
chunks ... [0, 2748, 5496, 8244, 10992]
database_size: 685776.1289548224
codetable_size: 3402.1692075430933
complete: 689178.2981623656
Partition ratio: 0.8711090202652004
current singletons: {1, 2, 3, 4, 5, 6, 7, 8, 9, 10, 11, 12, 13, 14, 15, 17, 18, 19, 20, 21, 22, 23, 26, 27, 28, 29, 31, 32, 33, 34, 35, 36, 37, 38, 39, 40, 41, 42, 43, 44, 45, 46, 47, 48, 49, 50, 51, 52, 53, 54, 56, 57, 58, 59, 60, 61, 62, 63, 64, 67, 68, 69, 71, 72, 73, 74, 76, 81, 84, 86}
Added 16 singletons
added:  {89, 66, 77, 78, 79, 16, 80, 82, 83, 24, 85, 87, 55, 88, 25, 30}
chunks ... [0, 2748, 5496, 8244, 10992]
num codes: 190
num codes with support 0: 0
chunks ... [0, 2748, 5496, 8244, 10992]
database_size: 675529.2539003723
codetable_size: 3371.9391549565894
complete: 678901.1930553289
Partition ratio: 0.8581189435538121
current singletons: {1, 4, 5, 6, 7, 8, 9, 10, 11, 12, 13, 14, 15, 17, 18, 19, 20, 21, 22, 23, 24, 27, 28, 29, 30, 31, 32, 37, 38, 39, 40, 41, 42, 46, 47, 48, 50, 51, 52, 53, 54, 55, 56, 60, 61, 62, 63, 64, 66, 67, 68, 69, 71, 72, 73, 76, 77, 78, 86}
Added 27 singletons
added:  {2, 3, 16, 25, 26, 33, 34, 35, 36, 43, 44, 45, 49, 57, 58, 59, 74, 79, 80, 81, 82, 83, 84, 85, 87, 88, 89}
chunks ... [0, 2748, 5496, 8244, 10992]
num codes: 185
num codes with support 0: 0
chunks ... [0, 2748, 5496, 8244, 10992]
database_size: 675504.7367815635
codetable_size: 3391.5435164162436
complete: 678896.2802979797
Partition ratio: 0.8581127339165489
current singletons: {1, 2, 3, 4, 5, 6, 7, 8, 9, 10, 11, 12, 13, 14, 15, 17, 18, 19, 20, 21, 22, 23, 26, 27, 31, 32, 34, 36, 37, 41, 42, 43, 44, 45, 46, 47, 50, 51, 52, 53, 54, 55, 56, 57, 58, 60, 61, 62, 63, 64, 67, 68, 69, 71, 72, 73, 76, 77, 78, 79, 80, 86}
Added 24 singletons
added:  {16, 24, 25, 28, 29, 30, 33, 35, 38, 39, 40, 48, 49, 59, 66, 74, 81, 82, 83, 84, 85, 87, 88, 89}
chunks ... [0, 2748, 5496, 8244, 10992]
num codes: 200
num codes with support 0: 0
chunks ... [0, 2748, 5496, 8244, 10992]
database_size: 666738.4643551519
codetable_size: 3968.2167177373244
complete: 670706.6810728892
Partition ratio: 0.8477612272362668
initial ratio: 0.7705840076800109
merged: {11}
merged: {11}
to_process: {0, 1, 2, 3, 4, 5, 6, 7, 8, 9, 10, 12, 13, 14, 15}
[(0, 0.27549144045992224), (1, 0.1027651688103862), (2, 0.0937343508553963), (3, 0.17762991622212812), (4, 0.22839576186961608), (5, 0.283707041966103), (6, 0.30947017290471235), (7, 0.23839490901246516), (8, 0.14942226977691742), (9, 0.1565686051770689), (10, 0.13414796070081708), (12, 0.19310980399805053), (13, 0.1338584353249905), (14, 0.17657516499480047), (15, 0.12636599462471212)]
next_candidate: 2
chunks ... [0, 2748, 5496, 8244, 10992]
chunks ... [0, 2748, 5496, 8244, 10992]
database_size: 570888.9045468522
codetable_size: 7956.657902309793
complete: 578845.562449162
current_ratio: 0.7705840076800109 --- candidate_ratio:0.731650419252107
!!!!! ********* merge accepted ... 
merged: {2, 11}
to_process: {0, 1, 3, 4, 5, 6, 7, 8, 9, 10, 12, 13, 14, 15}
[(0, 0.2588090812824543), (1, 0.20063055750610403), (3, 0.20008515987988407), (4, 0.25969872564598695), (5, 0.22435481164084572), (6, 0.2832832215294693), (7, 0.24931214387402587), (8, 0.24511950673057673), (9, 0.21129437164055465), (10, 0.23168056487877972), (12, 0.2552494997287196), (13, 0.17294597784526242), (14, 0.16639222487591973), (15, 0.1894723179997995)]
next_candidate: 14
chunks ... [0, 2748, 5496, 8244, 10992]
chunks ... [0, 2748, 5496, 8244, 10992]
database_size: 540656.6614813635
codetable_size: 10566.345912700242
complete: 551223.0073940638
current_ratio: 0.731650419252107 --- candidate_ratio:0.6967360046000088
!!!!! ********* merge accepted ... 
merged: {2, 11, 14}
to_process: {0, 1, 3, 4, 5, 6, 7, 8, 9, 10, 12, 13, 15}
[(0, 0.2402877037042188), (1, 0.1823332077067211), (3, 0.18453168603555642), (4, 0.22880388162332904), (5, 0.18676206650549104), (6, 0.25815837919068735), (7, 0.2342793675620916), (8, 0.22352869066517325), (9, 0.18434291066636782), (10, 0.186261633301373), (12, 0.20545277698014294), (13, 0.15400060903594978), (15, 0.24559233914590214)]
next_candidate: 13
chunks ... [0, 2748, 5496, 8244, 10992]
chunks ... [0, 2748, 5496, 8244, 10992]
database_size: 511147.2983576799
codetable_size: 13078.438313372953
complete: 524225.7366710529
current_ratio: 0.6967360046000088 --- candidate_ratio:0.6626119381399013
!!!!! ********* merge accepted ... 
merged: {2, 11, 13, 14}
to_process: {0, 1, 3, 4, 5, 6, 7, 8, 9, 10, 12, 15}
[(0, 0.22665250438439088), (1, 0.16505456200346974), (3, 0.18478205067276754), (4, 0.1974281459879367), (5, 0.1652796565890705), (6, 0.2300626712062871), (7, 0.21447632986318835), (8, 0.2319657283201783), (9, 0.1624235786143604), (10, 0.1565486107067751), (12, 0.1763379415315145), (15, 0.21564143287308993)]
next_candidate: 10
chunks ... [0, 2748, 5496, 8244, 10992]
chunks ... [0, 2748, 5496, 8244, 10992]
database_size: 492002.6933632076
codetable_size: 15904.688834890487
complete: 507907.3821980981
current_ratio: 0.6626119381399013 --- candidate_ratio:0.641985830476356
!!!!! ********* merge accepted ... 
merged: {2, 10, 11, 13, 14}
to_process: {0, 1, 3, 4, 5, 6, 7, 8, 9, 12, 15}
[(0, 0.21327779978901132), (1, 0.14863101309255333), (3, 0.16636108488046839), (4, 0.18082091440621345), (5, 0.1430110777166314), (6, 0.20562246143880894), (7, 0.1914274520737173), (8, 0.2051400743338852), (9, 0.1386962462689941), (12, 0.15510660272166246), (15, 0.18292922261190248)]
next_candidate: 9
chunks ... [0, 2748, 5496, 8244, 10992]
chunks ... [0, 2748, 5496, 8244, 10992]
database_size: 463739.8788031786
codetable_size: 19774.867674905225
complete: 483514.74647808383
current_ratio: 0.641985830476356 --- candidate_ratio:0.6111539759905064
!!!!! ********* merge accepted ... 
merged: {2, 9, 10, 11, 13, 14}
to_process: {0, 1, 3, 4, 5, 6, 7, 8, 12, 15}
[(0, 0.19780368564361436), (1, 0.1289591641413952), (3, 0.16681625383692344), (4, 0.15188407787351005), (5, 0.12645658421120928), (6, 0.17866069194121525), (7, 0.19676999944206103), (8, 0.17947756344099985), (12, 0.12951899932085204), (15, 0.1515692173301095)]
next_candidate: 5
chunks ... [0, 2748, 5496, 8244, 10992]
chunks ... [0, 2748, 5496, 8244, 10992]
database_size: 444358.76642862154
codetable_size: 23841.327694421372
complete: 468200.0941230429
current_ratio: 0.6111539759905064 --- candidate_ratio:0.5917965298197929
!!!!! ********* merge accepted ... 
merged: {2, 5, 9, 10, 11, 13, 14}
to_process: {0, 1, 3, 4, 6, 7, 8, 12, 15}
[(0, 0.17870626951784974), (1, 0.11247945602488692), (3, 0.1571051528131879), (4, 0.1320892818340011), (6, 0.15991638647352774), (7, 0.1720451545895408), (8, 0.15310870419133704), (12, 0.11263798311640082), (15, 0.12968441838809935)]
next_candidate: 1
chunks ... [0, 2748, 5496, 8244, 10992]
chunks ... [0, 2748, 5496, 8244, 10992]
database_size: 430586.38747592206
codetable_size: 26667.726351195175
complete: 457254.11382711725
current_ratio: 0.5917965298197929 --- candidate_ratio:0.5779610068544724
!!!!! ********* merge accepted ... 
merged: {1, 2, 5, 9, 10, 11, 13, 14}
to_process: {0, 3, 4, 6, 7, 8, 12, 15}
[(0, 0.15853900580204042), (3, 0.14347153377604574), (4, 0.11668621383031293), (6, 0.1432162984661911), (7, 0.1521564463209688), (8, 0.13529579029067765), (12, 0.09955001997923231), (15, 0.1147498258378706)]
next_candidate: 12
chunks ... [0, 2748, 5496, 8244, 10992]
chunks ... [0, 2748, 5496, 8244, 10992]
database_size: 416652.5869598705
codetable_size: 29357.78708448305
complete: 446010.37404435355
current_ratio: 0.5779610068544724 --- candidate_ratio:0.5637491212330064
!!!!! ********* merge accepted ... 
merged: {1, 2, 5, 9, 10, 11, 12, 13, 14}
to_process: {0, 3, 4, 6, 7, 8, 15}
[(0, 0.14152947631680582), (3, 0.12794217248825954), (4, 0.10476691613212546), (6, 0.12831859297349216), (7, 0.13983033921330418), (8, 0.12062412262147808), (15, 0.10296144709795925)]
next_candidate: 15
chunks ... [0, 2748, 5496, 8244, 10992]
chunks ... [0, 2748, 5496, 8244, 10992]
database_size: 405773.2314368946
codetable_size: 32310.422630286594
complete: 438083.6540671812
current_ratio: 0.5637491212330064 --- candidate_ratio:0.5537298892118546
!!!!! ********* merge accepted ... 
merged: {1, 2, 5, 9, 10, 11, 12, 13, 14, 15}
to_process: {0, 3, 4, 6, 7, 8}
[(0, 0.12725705634712536), (3, 0.11393424938256207), (4, 0.09325419473044254), (6, 0.11581893768035254), (7, 0.12450177097906577), (8, 0.10740373993669951)]
next_candidate: 4
chunks ... [0, 2748, 5496, 8244, 10992]
chunks ... [0, 2748, 5496, 8244, 10992]
database_size: 385942.77001314797
codetable_size: 36397.77863845405
complete: 422340.548651602
current_ratio: 0.5537298892118546 --- candidate_ratio:0.5338308860495902
!!!!! ********* merge accepted ... 
merged: {1, 2, 4, 5, 9, 10, 11, 12, 13, 14, 15}
to_process: {0, 3, 6, 7, 8}
[(0, 0.11363410900547603), (3, 0.10283502433196887), (6, 0.10411477092644149), (7, 0.11107067083708172), (8, 0.09584394206906825)]
next_candidate: 8
chunks ... [0, 2748, 5496, 8244, 10992]
chunks ... [0, 2748, 5496, 8244, 10992]
database_size: 374123.42650261894
codetable_size: 39786.17824468057
complete: 413909.6047472995
current_ratio: 0.5338308860495902 --- candidate_ratio:0.5231743240191683
!!!!! ********* merge accepted ... 
merged: {1, 2, 4, 5, 8, 9, 10, 11, 12, 13, 14, 15}
to_process: {0, 3, 6, 7}
[(0, 0.10217400745154008), (3, 0.09243991924873404), (6, 0.09359713889769262), (7, 0.09979123707115972)]
next_candidate: 3
chunks ... [0, 2748, 5496, 8244, 10992]
chunks ... [0, 2748, 5496, 8244, 10992]
database_size: 353390.3125337671
codetable_size: 43249.57810027558
complete: 396639.8906340427
current_ratio: 0.5231743240191683 --- candidate_ratio:0.5013457148166263
!!!!! ********* merge accepted ... 
merged: {1, 2, 3, 4, 5, 8, 9, 10, 11, 12, 13, 14, 15}
to_process: {0, 6, 7}
[(0, 0.09180213074447174), (6, 0.08492969490328318), (7, 0.08959459412557752)]
next_candidate: 6
chunks ... [0, 2748, 5496, 8244, 10992]
chunks ... [0, 2748, 5496, 8244, 10992]
database_size: 342231.68532179797
codetable_size: 47105.8786673132
complete: 389337.56398911116
current_ratio: 0.5013457148166263 --- candidate_ratio:0.492115704779624
!!!!! ********* merge accepted ... 
merged: {1, 2, 3, 4, 5, 6, 8, 9, 10, 11, 12, 13, 14, 15}
to_process: {0, 7}
[(0, 0.08283526797903085), (7, 0.08079415089899211)]
next_candidate: 7
chunks ... [0, 2748, 5496, 8244, 10992]
chunks ... [0, 2748, 5496, 8244, 10992]
database_size: 328579.4605770208
codetable_size: 51870.82417614965
complete: 380450.28475317045
current_ratio: 0.492115704779624 --- candidate_ratio:0.48088234306657185
!!!!! ********* merge accepted ... 
merged: {1, 2, 3, 4, 5, 6, 7, 8, 9, 10, 11, 12, 13, 14, 15}
to_process: {0}
[(0, 0.07549222299715938)]
next_candidate: 0
chunks ... [0, 2748, 5496, 8244, 10992]
chunks ... [0, 2748, 5496, 8244, 10992]
database_size: 313416.2220634342
codetable_size: 56089.93418901888
complete: 369506.1562524531
current_ratio: 0.48088234306657185 --- candidate_ratio:0.4670491607372143
!!!!! ********* merge accepted ... 
merged table size: 2154
chunks ... [0, 2748, 5496, 8244, 10992]
chunks ... [0, 2748, 5496, 8244, 10992]
merged table size without non-used codes: 2095
database_size: 313416.2220634342
codetable_size: 56089.93418901888
complete: 369506.1562524531
database_size: 790738.936801035
codetable_size: 411.51868678919095
complete: 791150.4554878242
merged size: 369506.1562524531
sct size: 791150.4554878242
merged ratio: 0.4670491607372143
time elapsed: 51.475887298583984
