
-- MERGING METHOD naive
processing batch_results/200d-5-10-neg15/batch-3/pendigits_transaction_k_means_200d_k4_FalseNorm_trans_clust_0_k4...
chunks ... [0, 541, 1082, 1623, 2166]
num codes: 337
num codes with support 0: 0
chunks ... [0, 541, 1082, 1623, 2166]
num codes with usage 0: 26
database_size: 36779.05979674923
codetable_size: 7906.4514255082595
complete: 44685.51122225749
database_size: 138109.93634274707
codetable_size: 436.4374045546612
complete: 138546.37374730172
Partition 0 ratio: 0.3225310775997684
processing batch_results/200d-5-10-neg15/batch-3/pendigits_transaction_k_means_200d_k4_FalseNorm_trans_clust_1_k4...
chunks ... [0, 684, 1368, 2052, 2737]
num codes: 519
num codes with support 0: 0
chunks ... [0, 684, 1368, 2052, 2737]
num codes with usage 0: 53
database_size: 58069.06368238788
codetable_size: 11120.483629840674
complete: 69189.54731222856
database_size: 181648.5863187968
codetable_size: 463.8263592233764
complete: 182112.41267802016
Partition 1 ratio: 0.3799276847457818
processing batch_results/200d-5-10-neg15/batch-3/pendigits_transaction_k_means_200d_k4_FalseNorm_trans_clust_2_k4...
chunks ... [0, 880, 1760, 2640, 3520]
num codes: 622
num codes with support 0: 0
chunks ... [0, 880, 1760, 2640, 3520]
num codes with usage 0: 49
database_size: 83010.86446491421
codetable_size: 14781.04880137584
complete: 97791.91326629005
database_size: 237916.90853005875
codetable_size: 434.19016135970037
complete: 238351.09869141845
Partition 2 ratio: 0.410285137359054
processing batch_results/200d-5-10-neg15/batch-3/pendigits_transaction_k_means_200d_k4_FalseNorm_trans_clust_3_k4...
chunks ... [0, 642, 1284, 1926, 2569]
num codes: 484
num codes with support 0: 0
chunks ... [0, 642, 1284, 1926, 2569]
num codes with usage 0: 32
database_size: 54184.64741007988
codetable_size: 11144.266848553149
complete: 65328.91425863303
database_size: 171089.3457879907
codetable_size: 441.72006732379475
complete: 171531.0658553145
Partition 3 ratio: 0.3808576244360168
number of codetables: 4
size: 337
size: 519
size: 622
size: 484
merged table size: 1705
chunks ... [0, 2748, 5496, 8244, 10992]
chunks ... [0, 2748, 5496, 8244, 10992]
merged table size without non-used codes: 1690
database_size: 291679.3581954409
codetable_size: 47483.185509850955
complete: 339162.5437052919
database_size: 790738.936801035
codetable_size: 411.51868678919095
complete: 791150.4554878242
merged size: 339162.5437052919
sct size: 791150.4554878242
merged ratio: 0.4286953781707222
time elapsed: 4.869865417480469
-- MERGING METHOD naive_plus
processing batch_results/200d-5-10-neg15/batch-3/pendigits_transaction_k_means_200d_k4_FalseNorm_trans_clust_0_k4...
chunks ... [0, 541, 1082, 1623, 2166]
num codes: 337
num codes with support 0: 0
chunks ... [0, 541, 1082, 1623, 2166]
num codes with usage 0: 26
database_size: 36779.05979674923
codetable_size: 7906.4514255082595
complete: 44685.51122225749
database_size: 138109.93634274707
codetable_size: 436.4374045546612
complete: 138546.37374730172
Partition 0 ratio: 0.3225310775997684
processing batch_results/200d-5-10-neg15/batch-3/pendigits_transaction_k_means_200d_k4_FalseNorm_trans_clust_1_k4...
chunks ... [0, 684, 1368, 2052, 2737]
num codes: 519
num codes with support 0: 0
chunks ... [0, 684, 1368, 2052, 2737]
num codes with usage 0: 53
database_size: 58069.06368238788
codetable_size: 11120.483629840674
complete: 69189.54731222856
database_size: 181648.5863187968
codetable_size: 463.8263592233764
complete: 182112.41267802016
Partition 1 ratio: 0.3799276847457818
processing batch_results/200d-5-10-neg15/batch-3/pendigits_transaction_k_means_200d_k4_FalseNorm_trans_clust_2_k4...
chunks ... [0, 880, 1760, 2640, 3520]
num codes: 622
num codes with support 0: 0
chunks ... [0, 880, 1760, 2640, 3520]
num codes with usage 0: 49
database_size: 83010.86446491421
codetable_size: 14781.04880137584
complete: 97791.91326629005
database_size: 237916.90853005875
codetable_size: 434.19016135970037
complete: 238351.09869141845
Partition 2 ratio: 0.410285137359054
processing batch_results/200d-5-10-neg15/batch-3/pendigits_transaction_k_means_200d_k4_FalseNorm_trans_clust_3_k4...
chunks ... [0, 642, 1284, 1926, 2569]
num codes: 484
num codes with support 0: 0
chunks ... [0, 642, 1284, 1926, 2569]
num codes with usage 0: 32
database_size: 54184.64741007988
codetable_size: 11144.266848553149
complete: 65328.91425863303
database_size: 171089.3457879907
codetable_size: 441.72006732379475
complete: 171531.0658553145
Partition 3 ratio: 0.3808576244360168
number of codetables: 4
size: 337
size: 519
size: 622
size: 484
database_size: 790738.936801035
codetable_size: 411.51868678919095
complete: 791150.4554878242
current singletons: {1, 2, 3, 4, 5, 6, 7, 8, 9, 10, 11, 12, 13, 14, 15, 16, 17, 18, 19, 20, 21, 22, 23, 24, 25, 26, 27, 28, 29, 30, 31, 32, 33, 34, 35, 36, 37, 38, 39, 40, 41, 42, 43, 44, 45, 46, 47, 48, 49, 50, 51, 52, 53, 54, 56, 57, 58, 59, 60, 61, 62, 63, 64, 69, 71, 72, 73, 74, 76, 77, 78, 79, 80, 84, 85, 86, 87, 88, 89}
Added 7 singletons
added:  {66, 67, 68, 81, 82, 83, 55}
chunks ... [0, 2748, 5496, 8244, 10992]
num codes: 344
num codes with support 0: 0
chunks ... [0, 2748, 5496, 8244, 10992]
database_size: 590953.8754630462
codetable_size: 9204.920689037808
complete: 600158.796152084
Partition ratio: 0.7585899647646989
current singletons: {1, 2, 3, 4, 5, 6, 7, 8, 9, 10, 11, 12, 13, 14, 15, 16, 17, 18, 19, 20, 21, 22, 23, 24, 25, 26, 27, 28, 29, 30, 31, 32, 33, 34, 35, 36, 37, 38, 39, 40, 41, 42, 43, 44, 45, 46, 47, 48, 49, 50, 51, 52, 53, 54, 55, 56, 57, 58, 60, 61, 62, 63, 64, 66, 67, 68, 69, 71, 72, 73, 74, 76, 77, 78, 79, 80, 81, 82, 83, 84, 85, 86, 87, 88, 89}
Added 1 singletons
added:  {59}
chunks ... [0, 2748, 5496, 8244, 10992]
num codes: 520
num codes with support 0: 0
chunks ... [0, 2748, 5496, 8244, 10992]
database_size: 493121.337990826
codetable_size: 12332.81490465218
complete: 505454.1528954782
Partition ratio: 0.6388849925945055
current singletons: {1, 2, 3, 4, 5, 6, 7, 8, 9, 10, 11, 12, 13, 14, 15, 16, 17, 18, 19, 20, 21, 22, 23, 24, 25, 26, 27, 28, 29, 30, 31, 32, 33, 34, 35, 38, 39, 40, 41, 42, 43, 44, 45, 46, 47, 48, 49, 50, 51, 52, 53, 54, 55, 56, 57, 58, 59, 60, 61, 62, 63, 64, 66, 67, 68, 69, 71, 72, 73, 74, 76, 77, 78, 79, 80, 81, 82, 83, 84, 85, 87, 88, 89}
Added 3 singletons
added:  {36, 37, 86}
chunks ... [0, 2748, 5496, 8244, 10992]
num codes: 625
num codes with support 0: 0
chunks ... [0, 2748, 5496, 8244, 10992]
database_size: 467202.67622913816
codetable_size: 16254.061774206497
complete: 483456.7380033447
Partition ratio: 0.6110806543178248
current singletons: {1, 2, 3, 4, 5, 6, 7, 8, 9, 10, 11, 12, 13, 14, 15, 16, 17, 18, 19, 20, 21, 22, 23, 24, 25, 26, 27, 28, 29, 30, 31, 32, 33, 34, 35, 36, 37, 38, 39, 40, 41, 42, 43, 44, 45, 46, 47, 48, 49, 50, 51, 52, 53, 54, 55, 56, 57, 58, 59, 60, 61, 62, 63, 64, 66, 67, 68, 69, 71, 72, 73, 74, 76, 77, 78, 79, 80, 81, 84, 85, 86, 87, 88, 89}
Added 2 singletons
added:  {82, 83}
chunks ... [0, 2748, 5496, 8244, 10992]
num codes: 486
num codes with support 0: 0
chunks ... [0, 2748, 5496, 8244, 10992]
database_size: 508060.5569091784
codetable_size: 12353.020535834705
complete: 520413.5774450131
Partition ratio: 0.6577934371839874
merged table size: 625
chunks ... [0, 2748, 5496, 8244, 10992]
chunks ... [0, 2748, 5496, 8244, 10992]
merged table size without non-used codes: 600
database_size: 467202.67622913816
codetable_size: 16254.061774206497
complete: 483456.7380033447
database_size: 790738.936801035
codetable_size: 411.51868678919095
complete: 791150.4554878242
merged size: 483456.7380033447
sct size: 791150.4554878242
merged ratio: 0.6110806543178248
time elapsed: 6.444786310195923
-- MERGING METHOD informed
processing batch_results/200d-5-10-neg15/batch-3/pendigits_transaction_k_means_200d_k4_FalseNorm_trans_clust_0_k4...
chunks ... [0, 541, 1082, 1623, 2166]
num codes: 337
num codes with support 0: 0
chunks ... [0, 541, 1082, 1623, 2166]
num codes with usage 0: 26
database_size: 36779.05979674923
codetable_size: 7906.4514255082595
complete: 44685.51122225749
database_size: 138109.93634274707
codetable_size: 436.4374045546612
complete: 138546.37374730172
Partition 0 ratio: 0.3225310775997684
processing batch_results/200d-5-10-neg15/batch-3/pendigits_transaction_k_means_200d_k4_FalseNorm_trans_clust_1_k4...
chunks ... [0, 684, 1368, 2052, 2737]
num codes: 519
num codes with support 0: 0
chunks ... [0, 684, 1368, 2052, 2737]
num codes with usage 0: 53
database_size: 58069.06368238788
codetable_size: 11120.483629840674
complete: 69189.54731222856
database_size: 181648.5863187968
codetable_size: 463.8263592233764
complete: 182112.41267802016
Partition 1 ratio: 0.3799276847457818
processing batch_results/200d-5-10-neg15/batch-3/pendigits_transaction_k_means_200d_k4_FalseNorm_trans_clust_2_k4...
chunks ... [0, 880, 1760, 2640, 3520]
num codes: 622
num codes with support 0: 0
chunks ... [0, 880, 1760, 2640, 3520]
num codes with usage 0: 49
database_size: 83010.86446491421
codetable_size: 14781.04880137584
complete: 97791.91326629005
database_size: 237916.90853005875
codetable_size: 434.19016135970037
complete: 238351.09869141845
Partition 2 ratio: 0.410285137359054
processing batch_results/200d-5-10-neg15/batch-3/pendigits_transaction_k_means_200d_k4_FalseNorm_trans_clust_3_k4...
chunks ... [0, 642, 1284, 1926, 2569]
num codes: 484
num codes with support 0: 0
chunks ... [0, 642, 1284, 1926, 2569]
num codes with usage 0: 32
database_size: 54184.64741007988
codetable_size: 11144.266848553149
complete: 65328.91425863303
database_size: 171089.3457879907
codetable_size: 441.72006732379475
complete: 171531.0658553145
Partition 3 ratio: 0.3808576244360168
number of codetables: 4
size: 337
size: 519
size: 622
size: 484
database_size: 790738.936801035
codetable_size: 411.51868678919095
complete: 791150.4554878242
database_size: 790738.936801035
codetable_size: 411.51868678919095
complete: 791150.4554878242
current singletons: {1, 2, 3, 4, 5, 6, 7, 8, 9, 10, 11, 12, 13, 14, 15, 16, 17, 18, 19, 20, 21, 22, 23, 24, 25, 26, 27, 28, 29, 30, 31, 32, 33, 34, 35, 36, 37, 38, 39, 40, 41, 42, 43, 44, 45, 46, 47, 48, 49, 50, 51, 52, 53, 54, 56, 57, 58, 59, 60, 61, 62, 63, 64, 69, 71, 72, 73, 74, 76, 77, 78, 79, 80, 84, 85, 86, 87, 88, 89}
Added 7 singletons
added:  {66, 67, 68, 81, 82, 83, 55}
chunks ... [0, 2748, 5496, 8244, 10992]
num codes: 344
num codes with support 0: 0
chunks ... [0, 2748, 5496, 8244, 10992]
database_size: 590953.8754630462
codetable_size: 9204.920689037808
complete: 600158.796152084
Partition ratio: 0.7585899647646989
current singletons: {1, 2, 3, 4, 5, 6, 7, 8, 9, 10, 11, 12, 13, 14, 15, 16, 17, 18, 19, 20, 21, 22, 23, 24, 25, 26, 27, 28, 29, 30, 31, 32, 33, 34, 35, 36, 37, 38, 39, 40, 41, 42, 43, 44, 45, 46, 47, 48, 49, 50, 51, 52, 53, 54, 55, 56, 57, 58, 60, 61, 62, 63, 64, 66, 67, 68, 69, 71, 72, 73, 74, 76, 77, 78, 79, 80, 81, 82, 83, 84, 85, 86, 87, 88, 89}
Added 1 singletons
added:  {59}
chunks ... [0, 2748, 5496, 8244, 10992]
num codes: 520
num codes with support 0: 0
chunks ... [0, 2748, 5496, 8244, 10992]
database_size: 493121.337990826
codetable_size: 12332.81490465218
complete: 505454.1528954782
Partition ratio: 0.6388849925945055
current singletons: {1, 2, 3, 4, 5, 6, 7, 8, 9, 10, 11, 12, 13, 14, 15, 16, 17, 18, 19, 20, 21, 22, 23, 24, 25, 26, 27, 28, 29, 30, 31, 32, 33, 34, 35, 38, 39, 40, 41, 42, 43, 44, 45, 46, 47, 48, 49, 50, 51, 52, 53, 54, 55, 56, 57, 58, 59, 60, 61, 62, 63, 64, 66, 67, 68, 69, 71, 72, 73, 74, 76, 77, 78, 79, 80, 81, 82, 83, 84, 85, 87, 88, 89}
Added 3 singletons
added:  {36, 37, 86}
chunks ... [0, 2748, 5496, 8244, 10992]
num codes: 625
num codes with support 0: 0
chunks ... [0, 2748, 5496, 8244, 10992]
database_size: 467202.67622913816
codetable_size: 16254.061774206497
complete: 483456.7380033447
Partition ratio: 0.6110806543178248
current singletons: {1, 2, 3, 4, 5, 6, 7, 8, 9, 10, 11, 12, 13, 14, 15, 16, 17, 18, 19, 20, 21, 22, 23, 24, 25, 26, 27, 28, 29, 30, 31, 32, 33, 34, 35, 36, 37, 38, 39, 40, 41, 42, 43, 44, 45, 46, 47, 48, 49, 50, 51, 52, 53, 54, 55, 56, 57, 58, 59, 60, 61, 62, 63, 64, 66, 67, 68, 69, 71, 72, 73, 74, 76, 77, 78, 79, 80, 81, 84, 85, 86, 87, 88, 89}
Added 2 singletons
added:  {82, 83}
chunks ... [0, 2748, 5496, 8244, 10992]
num codes: 486
num codes with support 0: 0
chunks ... [0, 2748, 5496, 8244, 10992]
database_size: 508060.5569091784
codetable_size: 12353.020535834705
complete: 520413.5774450131
Partition ratio: 0.6577934371839874
initial ratio: 0.6110806543178248
merged: {2}
merged: {2}
to_process: {0, 1, 3}
[(0, 0.20841241129308008), (1, 0.2553875331619551), (3, 0.21456473051265576)]
next_candidate: 0
chunks ... [0, 2748, 5496, 8244, 10992]
chunks ... [0, 2748, 5496, 8244, 10992]
database_size: 405657.43601703056
codetable_size: 24819.723071736516
complete: 430477.1590887671
current_ratio: 0.6110806543178248 --- candidate_ratio:0.5441154158513811
!!!!! ********* merge accepted ... 
merged: {0, 2}
to_process: {1, 3}
[(1, 0.22410937540919088), (3, 0.21506196862186058)]
next_candidate: 3
chunks ... [0, 2748, 5496, 8244, 10992]
chunks ... [0, 2748, 5496, 8244, 10992]
database_size: 344758.6530321323
codetable_size: 36205.55815209181
complete: 380964.2111842241
current_ratio: 0.5441154158513811 --- candidate_ratio:0.48153193686695306
!!!!! ********* merge accepted ... 
merged: {0, 2, 3}
to_process: {1}
[(1, 0.1865006536342932)]
next_candidate: 1
chunks ... [0, 2748, 5496, 8244, 10992]
chunks ... [0, 2748, 5496, 8244, 10992]
database_size: 291736.45253616833
codetable_size: 47456.122148494986
complete: 339192.5746846633
current_ratio: 0.48153193686695306 --- candidate_ratio:0.4287333367905563
!!!!! ********* merge accepted ... 
merged table size: 1705
chunks ... [0, 2748, 5496, 8244, 10992]
chunks ... [0, 2748, 5496, 8244, 10992]
merged table size without non-used codes: 1689
database_size: 291736.45253616833
codetable_size: 47456.122148494986
complete: 339192.5746846633
database_size: 790738.936801035
codetable_size: 411.51868678919095
complete: 791150.4554878242
merged size: 339192.5746846633
sct size: 791150.4554878242
merged ratio: 0.4287333367905563
time elapsed: 15.41518259048462
