
-- MERGING METHOD naive
processing batch_results/200d-5-10-neg15/batch-2/chessBig_transaction_k_means_200d_k16_FalseNorm_trans_clust_0_k16...
chunks ... [0, 400, 800, 1200, 1601]
num codes: 220
num codes with support 0: 0
chunks ... [0, 400, 800, 1200, 1601]
num codes with usage 0: 17
database_size: 20726.79150202068
codetable_size: 3396.4687103463757
complete: 24123.260212367055
database_size: 38307.85608471228
codetable_size: 232.09772460866162
complete: 38539.95380932094
Partition 0 ratio: 0.6259286228447116
processing batch_results/200d-5-10-neg15/batch-2/chessBig_transaction_k_means_200d_k16_FalseNorm_trans_clust_1_k16...
chunks ... [0, 419, 838, 1257, 1679]
num codes: 207
num codes with support 0: 0
chunks ... [0, 419, 838, 1257, 1679]
num codes with usage 0: 12
database_size: 24027.228735500925
codetable_size: 3110.3732115332514
complete: 27137.601947034178
database_size: 41230.78276385097
codetable_size: 206.94329684118347
complete: 41437.726060692155
Partition 1 ratio: 0.6549008482581026
processing batch_results/200d-5-10-neg15/batch-2/chessBig_transaction_k_means_200d_k16_FalseNorm_trans_clust_2_k16...
chunks ... [0, 549, 1098, 1647, 2198]
num codes: 185
num codes with support 0: 0
chunks ... [0, 549, 1098, 1647, 2198]
num codes with usage 0: 20
database_size: 27275.30536913232
codetable_size: 2819.552563833162
complete: 30094.857932965482
database_size: 52251.312463771574
codetable_size: 188.5080090419525
complete: 52439.820472813524
Partition 2 ratio: 0.5738932296415397
processing batch_results/200d-5-10-neg15/batch-2/chessBig_transaction_k_means_200d_k16_FalseNorm_trans_clust_3_k16...
chunks ... [0, 211, 422, 633, 846]
num codes: 101
num codes with support 0: 0
chunks ... [0, 211, 422, 633, 846]
num codes with usage 0: 13
database_size: 10177.540835770802
codetable_size: 1270.885973170047
complete: 11448.426808940849
database_size: 18736.743279923798
codetable_size: 141.40889969952343
complete: 18878.15217962332
Partition 3 ratio: 0.6064378918026754
processing batch_results/200d-5-10-neg15/batch-2/chessBig_transaction_k_means_200d_k16_FalseNorm_trans_clust_4_k16...
chunks ... [0, 758, 1516, 2274, 3033]
num codes: 378
num codes with support 0: 0
chunks ... [0, 758, 1516, 2274, 3033]
num codes with usage 0: 19
database_size: 39364.65063443394
codetable_size: 6361.402169346225
complete: 45726.05280378017
database_size: 73238.76288758939
codetable_size: 218.40747194162728
complete: 73457.17035953101
Partition 4 ratio: 0.6224859000146233
processing batch_results/200d-5-10-neg15/batch-2/chessBig_transaction_k_means_200d_k16_FalseNorm_trans_clust_5_k16...
chunks ... [0, 476, 952, 1428, 1907]
num codes: 209
num codes with support 0: 0
chunks ... [0, 476, 952, 1428, 1907]
num codes with usage 0: 22
database_size: 24393.65858047149
codetable_size: 3228.803026677351
complete: 27622.46160714884
database_size: 45393.1142281099
codetable_size: 203.32097548117764
complete: 45596.43520359108
Partition 5 ratio: 0.6058030958738931
processing batch_results/200d-5-10-neg15/batch-2/chessBig_transaction_k_means_200d_k16_FalseNorm_trans_clust_6_k16...
chunks ... [0, 655, 1310, 1965, 2621]
num codes: 311
num codes with support 0: 0
chunks ... [0, 655, 1310, 1965, 2621]
num codes with usage 0: 22
database_size: 33090.35313275447
codetable_size: 5275.2471195105145
complete: 38365.60025226499
database_size: 63360.64026995227
codetable_size: 190.8207230755465
complete: 63551.46099302782
Partition 6 ratio: 0.6036934423344579
processing batch_results/200d-5-10-neg15/batch-2/chessBig_transaction_k_means_200d_k16_FalseNorm_trans_clust_7_k16...
chunks ... [0, 353, 706, 1059, 1413]
num codes: 211
num codes with support 0: 0
chunks ... [0, 353, 706, 1059, 1413]
num codes with usage 0: 31
database_size: 17740.031955270555
codetable_size: 2903.317369483152
complete: 20643.349324753708
database_size: 33515.88287744548
codetable_size: 213.02777601267428
complete: 33728.91065345816
Partition 7 ratio: 0.612037238227176
processing batch_results/200d-5-10-neg15/batch-2/chessBig_transaction_k_means_200d_k16_FalseNorm_trans_clust_8_k16...
chunks ... [0, 341, 682, 1023, 1367]
num codes: 164
num codes with support 0: 0
chunks ... [0, 341, 682, 1023, 1367]
num codes with usage 0: 15
database_size: 18555.338327048667
codetable_size: 2516.3931704705083
complete: 21071.731497519177
database_size: 32241.15048266627
codetable_size: 207.4787092095918
complete: 32448.62919187586
Partition 8 ratio: 0.6493874170436417
processing batch_results/200d-5-10-neg15/batch-2/chessBig_transaction_k_means_200d_k16_FalseNorm_trans_clust_9_k16...
chunks ... [0, 227, 454, 681, 911]
num codes: 105
num codes with support 0: 0
chunks ... [0, 227, 454, 681, 911]
num codes with usage 0: 16
database_size: 10995.311738544633
codetable_size: 1480.0831893277586
complete: 12475.394927872392
database_size: 20575.104410492782
codetable_size: 168.8046357114656
complete: 20743.909046204248
Partition 9 ratio: 0.6014003869803488
processing batch_results/200d-5-10-neg15/batch-2/chessBig_transaction_k_means_200d_k16_FalseNorm_trans_clust_10_k16...
chunks ... [0, 592, 1184, 1776, 2370]
num codes: 181
num codes with support 0: 0
chunks ... [0, 592, 1184, 1776, 2370]
num codes with usage 0: 24
database_size: 30312.620643310835
codetable_size: 2523.223843084024
complete: 32835.84448639486
database_size: 55757.954672527994
codetable_size: 200.26813501437405
complete: 55958.22280754237
Partition 10 ratio: 0.5867921252490002
processing batch_results/200d-5-10-neg15/batch-2/chessBig_transaction_k_means_200d_k16_FalseNorm_trans_clust_11_k16...
chunks ... [0, 642, 1284, 1926, 2569]
num codes: 295
num codes with support 0: 0
chunks ... [0, 642, 1284, 1926, 2569]
num codes with usage 0: 17
database_size: 32575.65152110039
codetable_size: 4822.032927998543
complete: 37397.68444909893
database_size: 60913.43696319667
codetable_size: 212.77424440169938
complete: 61126.21120759837
Partition 11 ratio: 0.6118109352809056
processing batch_results/200d-5-10-neg15/batch-2/chessBig_transaction_k_means_200d_k16_FalseNorm_trans_clust_12_k16...
chunks ... [0, 437, 874, 1311, 1750]
num codes: 143
num codes with support 0: 0
chunks ... [0, 437, 874, 1311, 1750]
num codes with usage 0: 27
database_size: 21713.41753516382
codetable_size: 1785.7770831774003
complete: 23499.19461834122
database_size: 40272.52074053802
codetable_size: 189.03717096334788
complete: 40461.55791150137
Partition 12 ratio: 0.5807782950359772
processing batch_results/200d-5-10-neg15/batch-2/chessBig_transaction_k_means_200d_k16_FalseNorm_trans_clust_13_k16...
chunks ... [0, 274, 548, 822, 1098]
num codes: 157
num codes with support 0: 0
chunks ... [0, 274, 548, 822, 1098]
num codes with usage 0: 21
database_size: 14755.53720671961
codetable_size: 2195.30794842014
complete: 16950.84515513975
database_size: 26265.63990211022
codetable_size: 217.8668739328483
complete: 26483.50677604307
Partition 13 ratio: 0.640052893994894
processing batch_results/200d-5-10-neg15/batch-2/chessBig_transaction_k_means_200d_k16_FalseNorm_trans_clust_14_k16...
chunks ... [0, 336, 672, 1008, 1347]
num codes: 152
num codes with support 0: 0
chunks ... [0, 336, 672, 1008, 1347]
num codes with usage 0: 19
database_size: 17257.73984782351
codetable_size: 2326.077809582057
complete: 19583.81765740557
database_size: 32112.8766549602
codetable_size: 230.56877952559697
complete: 32343.4454344858
Partition 14 ratio: 0.6054957161899815
processing batch_results/200d-5-10-neg15/batch-2/chessBig_transaction_k_means_200d_k16_FalseNorm_trans_clust_15_k16...
chunks ... [0, 336, 672, 1008, 1346]
num codes: 128
num codes with support 0: 0
chunks ... [0, 336, 672, 1008, 1346]
num codes with usage 0: 15
database_size: 16711.673350509605
codetable_size: 1922.506383857759
complete: 18634.179734367364
database_size: 31050.139039161713
codetable_size: 190.59497299000842
complete: 31240.734012151723
Partition 15 ratio: 0.5964706119619091
number of codetables: 16
size: 220
size: 207
size: 185
size: 101
size: 378
size: 209
size: 311
size: 211
size: 164
size: 105
size: 181
size: 295
size: 143
size: 157
size: 152
size: 128
merged table size: 1954
chunks ... [0, 7014, 14028, 21042, 28056]
chunks ... [0, 7014, 14028, 21042, 28056]
merged table size without non-used codes: 1802
database_size: 455427.7324081792
codetable_size: 42177.221759259715
complete: 497604.9541674389
database_size: 750710.600704819
codetable_size: 258.1889058609846
complete: 750968.78961068
merged size: 497604.9541674389
sct size: 750968.78961068
merged ratio: 0.6626173564755056
time elapsed: 9.968443870544434
-- MERGING METHOD naive_plus
processing batch_results/200d-5-10-neg15/batch-2/chessBig_transaction_k_means_200d_k16_FalseNorm_trans_clust_0_k16...
chunks ... [0, 400, 800, 1200, 1601]
num codes: 220
num codes with support 0: 0
chunks ... [0, 400, 800, 1200, 1601]
num codes with usage 0: 17
database_size: 20726.79150202068
codetable_size: 3396.4687103463757
complete: 24123.260212367055
database_size: 38307.85608471228
codetable_size: 232.09772460866162
complete: 38539.95380932094
Partition 0 ratio: 0.6259286228447116
processing batch_results/200d-5-10-neg15/batch-2/chessBig_transaction_k_means_200d_k16_FalseNorm_trans_clust_1_k16...
chunks ... [0, 419, 838, 1257, 1679]
num codes: 207
num codes with support 0: 0
chunks ... [0, 419, 838, 1257, 1679]
num codes with usage 0: 12
database_size: 24027.228735500925
codetable_size: 3110.3732115332514
complete: 27137.601947034178
database_size: 41230.78276385097
codetable_size: 206.94329684118347
complete: 41437.726060692155
Partition 1 ratio: 0.6549008482581026
processing batch_results/200d-5-10-neg15/batch-2/chessBig_transaction_k_means_200d_k16_FalseNorm_trans_clust_2_k16...
chunks ... [0, 549, 1098, 1647, 2198]
num codes: 185
num codes with support 0: 0
chunks ... [0, 549, 1098, 1647, 2198]
num codes with usage 0: 20
database_size: 27275.30536913232
codetable_size: 2819.552563833162
complete: 30094.857932965482
database_size: 52251.312463771574
codetable_size: 188.5080090419525
complete: 52439.820472813524
Partition 2 ratio: 0.5738932296415397
processing batch_results/200d-5-10-neg15/batch-2/chessBig_transaction_k_means_200d_k16_FalseNorm_trans_clust_3_k16...
chunks ... [0, 211, 422, 633, 846]
num codes: 101
num codes with support 0: 0
chunks ... [0, 211, 422, 633, 846]
num codes with usage 0: 13
database_size: 10177.540835770802
codetable_size: 1270.885973170047
complete: 11448.426808940849
database_size: 18736.743279923798
codetable_size: 141.40889969952343
complete: 18878.15217962332
Partition 3 ratio: 0.6064378918026754
processing batch_results/200d-5-10-neg15/batch-2/chessBig_transaction_k_means_200d_k16_FalseNorm_trans_clust_4_k16...
chunks ... [0, 758, 1516, 2274, 3033]
num codes: 378
num codes with support 0: 0
chunks ... [0, 758, 1516, 2274, 3033]
num codes with usage 0: 19
database_size: 39364.65063443394
codetable_size: 6361.402169346225
complete: 45726.05280378017
database_size: 73238.76288758939
codetable_size: 218.40747194162728
complete: 73457.17035953101
Partition 4 ratio: 0.6224859000146233
processing batch_results/200d-5-10-neg15/batch-2/chessBig_transaction_k_means_200d_k16_FalseNorm_trans_clust_5_k16...
chunks ... [0, 476, 952, 1428, 1907]
num codes: 209
num codes with support 0: 0
chunks ... [0, 476, 952, 1428, 1907]
num codes with usage 0: 22
database_size: 24393.65858047149
codetable_size: 3228.803026677351
complete: 27622.46160714884
database_size: 45393.1142281099
codetable_size: 203.32097548117764
complete: 45596.43520359108
Partition 5 ratio: 0.6058030958738931
processing batch_results/200d-5-10-neg15/batch-2/chessBig_transaction_k_means_200d_k16_FalseNorm_trans_clust_6_k16...
chunks ... [0, 655, 1310, 1965, 2621]
num codes: 311
num codes with support 0: 0
chunks ... [0, 655, 1310, 1965, 2621]
num codes with usage 0: 22
database_size: 33090.35313275447
codetable_size: 5275.2471195105145
complete: 38365.60025226499
database_size: 63360.64026995227
codetable_size: 190.8207230755465
complete: 63551.46099302782
Partition 6 ratio: 0.6036934423344579
processing batch_results/200d-5-10-neg15/batch-2/chessBig_transaction_k_means_200d_k16_FalseNorm_trans_clust_7_k16...
chunks ... [0, 353, 706, 1059, 1413]
num codes: 211
num codes with support 0: 0
chunks ... [0, 353, 706, 1059, 1413]
num codes with usage 0: 31
database_size: 17740.031955270555
codetable_size: 2903.317369483152
complete: 20643.349324753708
database_size: 33515.88287744548
codetable_size: 213.02777601267428
complete: 33728.91065345816
Partition 7 ratio: 0.612037238227176
processing batch_results/200d-5-10-neg15/batch-2/chessBig_transaction_k_means_200d_k16_FalseNorm_trans_clust_8_k16...
chunks ... [0, 341, 682, 1023, 1367]
num codes: 164
num codes with support 0: 0
chunks ... [0, 341, 682, 1023, 1367]
num codes with usage 0: 15
database_size: 18555.338327048667
codetable_size: 2516.3931704705083
complete: 21071.731497519177
database_size: 32241.15048266627
codetable_size: 207.4787092095918
complete: 32448.62919187586
Partition 8 ratio: 0.6493874170436417
processing batch_results/200d-5-10-neg15/batch-2/chessBig_transaction_k_means_200d_k16_FalseNorm_trans_clust_9_k16...
chunks ... [0, 227, 454, 681, 911]
num codes: 105
num codes with support 0: 0
chunks ... [0, 227, 454, 681, 911]
num codes with usage 0: 16
database_size: 10995.311738544633
codetable_size: 1480.0831893277586
complete: 12475.394927872392
database_size: 20575.104410492782
codetable_size: 168.8046357114656
complete: 20743.909046204248
Partition 9 ratio: 0.6014003869803488
processing batch_results/200d-5-10-neg15/batch-2/chessBig_transaction_k_means_200d_k16_FalseNorm_trans_clust_10_k16...
chunks ... [0, 592, 1184, 1776, 2370]
num codes: 181
num codes with support 0: 0
chunks ... [0, 592, 1184, 1776, 2370]
num codes with usage 0: 24
database_size: 30312.620643310835
codetable_size: 2523.223843084024
complete: 32835.84448639486
database_size: 55757.954672527994
codetable_size: 200.26813501437405
complete: 55958.22280754237
Partition 10 ratio: 0.5867921252490002
processing batch_results/200d-5-10-neg15/batch-2/chessBig_transaction_k_means_200d_k16_FalseNorm_trans_clust_11_k16...
chunks ... [0, 642, 1284, 1926, 2569]
num codes: 295
num codes with support 0: 0
chunks ... [0, 642, 1284, 1926, 2569]
num codes with usage 0: 17
database_size: 32575.65152110039
codetable_size: 4822.032927998543
complete: 37397.68444909893
database_size: 60913.43696319667
codetable_size: 212.77424440169938
complete: 61126.21120759837
Partition 11 ratio: 0.6118109352809056
processing batch_results/200d-5-10-neg15/batch-2/chessBig_transaction_k_means_200d_k16_FalseNorm_trans_clust_12_k16...
chunks ... [0, 437, 874, 1311, 1750]
num codes: 143
num codes with support 0: 0
chunks ... [0, 437, 874, 1311, 1750]
num codes with usage 0: 27
database_size: 21713.41753516382
codetable_size: 1785.7770831774003
complete: 23499.19461834122
database_size: 40272.52074053802
codetable_size: 189.03717096334788
complete: 40461.55791150137
Partition 12 ratio: 0.5807782950359772
processing batch_results/200d-5-10-neg15/batch-2/chessBig_transaction_k_means_200d_k16_FalseNorm_trans_clust_13_k16...
chunks ... [0, 274, 548, 822, 1098]
num codes: 157
num codes with support 0: 0
chunks ... [0, 274, 548, 822, 1098]
num codes with usage 0: 21
database_size: 14755.53720671961
codetable_size: 2195.30794842014
complete: 16950.84515513975
database_size: 26265.63990211022
codetable_size: 217.8668739328483
complete: 26483.50677604307
Partition 13 ratio: 0.640052893994894
processing batch_results/200d-5-10-neg15/batch-2/chessBig_transaction_k_means_200d_k16_FalseNorm_trans_clust_14_k16...
chunks ... [0, 336, 672, 1008, 1347]
num codes: 152
num codes with support 0: 0
chunks ... [0, 336, 672, 1008, 1347]
num codes with usage 0: 19
database_size: 17257.73984782351
codetable_size: 2326.077809582057
complete: 19583.81765740557
database_size: 32112.8766549602
codetable_size: 230.56877952559697
complete: 32343.4454344858
Partition 14 ratio: 0.6054957161899815
processing batch_results/200d-5-10-neg15/batch-2/chessBig_transaction_k_means_200d_k16_FalseNorm_trans_clust_15_k16...
chunks ... [0, 336, 672, 1008, 1346]
num codes: 128
num codes with support 0: 0
chunks ... [0, 336, 672, 1008, 1346]
num codes with usage 0: 15
database_size: 16711.673350509605
codetable_size: 1922.506383857759
complete: 18634.179734367364
database_size: 31050.139039161713
codetable_size: 190.59497299000842
complete: 31240.734012151723
Partition 15 ratio: 0.5964706119619091
number of codetables: 16
size: 220
size: 207
size: 185
size: 101
size: 378
size: 209
size: 311
size: 211
size: 164
size: 105
size: 181
size: 295
size: 143
size: 157
size: 152
size: 128
database_size: 750710.600704819
codetable_size: 258.1889058609846
complete: 750968.78961068
current singletons: {2, 3, 4, 5, 6, 7, 9, 10, 11, 12, 13, 14, 15, 16, 17, 18, 19, 20, 21, 22, 23, 24, 25, 26, 27, 28, 29, 30, 31, 32, 33, 34, 35, 36, 37, 38, 39, 40, 41, 43, 47, 48, 49, 50, 51, 52, 53, 54, 55}
Added 9 singletons
added:  {1, 8, 42, 44, 45, 46, 56, 57, 58}
chunks ... [0, 7014, 14028, 21042, 28056]
num codes: 229
num codes with support 0: 0
chunks ... [0, 7014, 14028, 21042, 28056]
database_size: 699223.9779819007
codetable_size: 4236.476664505819
complete: 703460.4546464065
Partition ratio: 0.9367372710803296
current singletons: {1, 2, 3, 4, 5, 6, 9, 10, 11, 12, 13, 14, 15, 16, 17, 18, 19, 20, 21, 22, 23, 24, 25, 26, 27, 28, 29, 30, 31, 32, 33, 34, 35, 36, 37, 38, 39, 40, 41, 48, 49, 50, 51, 52, 53, 54, 55, 56}
Added 10 singletons
added:  {7, 8, 42, 43, 44, 45, 46, 47, 57, 58}
chunks ... [0, 7014, 14028, 21042, 28056]
num codes: 217
num codes with support 0: 0
chunks ... [0, 7014, 14028, 21042, 28056]
database_size: 679513.2288077916
codetable_size: 3753.326253031206
complete: 683266.5550608227
Partition ratio: 0.9098468065697435
current singletons: {1, 2, 3, 4, 5, 6, 9, 10, 11, 12, 13, 14, 15, 16, 17, 18, 19, 20, 21, 22, 23, 24, 26, 27, 28, 29, 30, 31, 32, 33, 34, 35, 36, 37, 38, 39, 40, 41, 52, 53, 54, 55, 56, 57}
Added 14 singletons
added:  {7, 8, 42, 43, 44, 45, 46, 47, 48, 49, 50, 51, 25, 58}
chunks ... [0, 7014, 14028, 21042, 28056]
num codes: 199
num codes with support 0: 0
chunks ... [0, 7014, 14028, 21042, 28056]
database_size: 677222.817043301
codetable_size: 3559.914177856715
complete: 680782.7312211577
Partition ratio: 0.9065393138030299
current singletons: {1, 2, 5, 9, 10, 11, 12, 13, 14, 15, 16, 17, 18, 19, 20, 21, 22, 23, 24, 26, 27, 28, 29, 30, 31, 32, 33, 34, 35, 36, 37, 38, 39, 57, 58}
Added 23 singletons
added:  {3, 4, 6, 7, 8, 25, 40, 41, 42, 43, 44, 45, 46, 47, 48, 49, 50, 51, 52, 53, 54, 55, 56}
chunks ... [0, 7014, 14028, 21042, 28056]
num codes: 124
num codes with support 0: 0
chunks ... [0, 7014, 14028, 21042, 28056]
database_size: 725748.1754186127
codetable_size: 2049.1057332658875
complete: 727797.2811518785
Partition ratio: 0.9691445120231773
current singletons: {2, 3, 4, 5, 6, 7, 9, 10, 11, 12, 13, 14, 15, 16, 17, 18, 19, 20, 21, 22, 23, 24, 25, 26, 27, 28, 29, 30, 31, 32, 33, 34, 35, 36, 37, 38, 39, 40, 41, 48, 49, 50, 51, 52, 53, 54, 55, 56}
Added 10 singletons
added:  {1, 8, 42, 43, 44, 45, 46, 47, 57, 58}
chunks ... [0, 7014, 14028, 21042, 28056]
num codes: 388
num codes with support 0: 0
chunks ... [0, 7014, 14028, 21042, 28056]
database_size: 650572.4260845259
codetable_size: 7498.540176097067
complete: 658070.966260623
Partition ratio: 0.8762960263658661
current singletons: {2, 3, 4, 5, 6, 7, 9, 10, 11, 12, 13, 14, 15, 16, 17, 18, 19, 20, 21, 22, 23, 24, 25, 26, 27, 28, 29, 30, 31, 32, 33, 34, 35, 36, 37, 38, 39, 40, 41, 51, 52, 53, 54, 55, 56, 57}
Added 12 singletons
added:  {1, 8, 42, 43, 44, 45, 46, 47, 48, 49, 50, 58}
chunks ... [0, 7014, 14028, 21042, 28056]
num codes: 221
num codes with support 0: 0
chunks ... [0, 7014, 14028, 21042, 28056]
database_size: 670041.8325033725
codetable_size: 3912.764893156528
complete: 673954.5973965289
Partition ratio: 0.8974468802437489
current singletons: {2, 3, 4, 5, 6, 7, 9, 10, 11, 12, 13, 14, 15, 16, 17, 18, 19, 20, 21, 22, 23, 24, 25, 26, 27, 28, 29, 30, 31, 32, 33, 34, 35, 36, 37, 38, 39, 40, 41, 52, 53, 54, 55, 56, 57}
Added 13 singletons
added:  {1, 8, 42, 43, 44, 45, 46, 47, 48, 49, 50, 51, 58}
chunks ... [0, 7014, 14028, 21042, 28056]
num codes: 324
num codes with support 0: 0
chunks ... [0, 7014, 14028, 21042, 28056]
database_size: 630882.1569607203
codetable_size: 6283.546226469379
complete: 637165.7031871896
Partition ratio: 0.8484583008003721
current singletons: {2, 3, 4, 5, 6, 9, 10, 11, 12, 13, 14, 15, 16, 17, 18, 19, 20, 21, 22, 23, 24, 25, 26, 27, 28, 29, 30, 31, 32, 33, 34, 35, 36, 37, 38, 39, 40, 41, 48, 49, 50, 51, 52, 53, 54, 55, 56}
Added 11 singletons
added:  {1, 7, 8, 42, 43, 44, 45, 46, 47, 57, 58}
chunks ... [0, 7014, 14028, 21042, 28056]
num codes: 222
num codes with support 0: 0
chunks ... [0, 7014, 14028, 21042, 28056]
database_size: 647270.8318611296
codetable_size: 3585.061833346207
complete: 650855.8936944759
Partition ratio: 0.8666883400465883
current singletons: {3, 4, 5, 6, 7, 9, 10, 11, 12, 13, 14, 15, 16, 17, 18, 19, 20, 21, 22, 23, 24, 25, 26, 27, 28, 29, 31, 32, 33, 34, 35, 36, 37, 38, 39, 40, 41, 42, 48, 49, 50, 51, 52, 53, 54, 55}
Added 12 singletons
added:  {1, 2, 8, 43, 44, 45, 46, 47, 56, 57, 58, 30}
chunks ... [0, 7014, 14028, 21042, 28056]
num codes: 176
num codes with support 0: 0
chunks ... [0, 7014, 14028, 21042, 28056]
database_size: 709674.1166778867
codetable_size: 3324.7147013891195
complete: 712998.8313792758
Partition ratio: 0.9494387000409314
current singletons: {4, 6, 7, 8, 9, 10, 11, 12, 13, 14, 15, 16, 17, 18, 19, 20, 21, 22, 23, 24, 29, 30, 31, 32, 34, 35, 36, 37, 38, 39, 40, 41, 47, 48, 49, 50, 51, 52, 53, 54}
Added 18 singletons
added:  {1, 2, 3, 33, 5, 58, 42, 43, 44, 45, 46, 55, 56, 25, 26, 27, 28, 57}
chunks ... [0, 7014, 14028, 21042, 28056]
num codes: 123
num codes with support 0: 0
chunks ... [0, 7014, 14028, 21042, 28056]
database_size: 736650.1431230962
codetable_size: 2285.511904109446
complete: 738935.6550272057
Partition ratio: 0.983976518398704
current singletons: {1, 2, 3, 5, 6, 9, 10, 11, 12, 13, 14, 15, 16, 17, 18, 19, 20, 21, 22, 23, 24, 25, 26, 27, 28, 29, 30, 31, 32, 34, 35, 36, 37, 38, 39, 40, 41, 50, 51, 52, 53, 54, 55, 56, 57}
Added 13 singletons
added:  {33, 4, 7, 8, 42, 43, 44, 45, 46, 47, 48, 49, 58}
chunks ... [0, 7014, 14028, 21042, 28056]
num codes: 194
num codes with support 0: 0
chunks ... [0, 7014, 14028, 21042, 28056]
database_size: 660774.5313265303
codetable_size: 3095.843092507468
complete: 663870.3744190377
Partition ratio: 0.8840185951845001
current singletons: {3, 4, 5, 6, 7, 9, 10, 11, 12, 13, 14, 15, 16, 17, 18, 19, 20, 21, 22, 23, 24, 25, 26, 27, 28, 29, 30, 31, 32, 33, 34, 35, 36, 37, 38, 39, 40, 41, 47, 48, 49, 50, 51, 52, 53, 54, 55}
Added 11 singletons
added:  {1, 2, 8, 42, 43, 44, 45, 46, 56, 57, 58}
chunks ... [0, 7014, 14028, 21042, 28056]
num codes: 306
num codes with support 0: 0
chunks ... [0, 7014, 14028, 21042, 28056]
database_size: 667424.4812012775
codetable_size: 6008.974249093285
complete: 673433.4554503708
Partition ratio: 0.8967529207165782
current singletons: {2, 3, 4, 5, 6, 9, 10, 11, 12, 13, 14, 15, 16, 17, 18, 19, 20, 21, 22, 23, 24, 26, 27, 28, 29, 30, 31, 32, 34, 35, 36, 37, 38, 39, 40, 41, 51, 52, 53, 54, 55, 56, 57}
Added 15 singletons
added:  {33, 1, 7, 8, 42, 43, 44, 45, 46, 47, 48, 49, 50, 25, 58}
chunks ... [0, 7014, 14028, 21042, 28056]
num codes: 158
num codes with support 0: 0
chunks ... [0, 7014, 14028, 21042, 28056]
database_size: 686649.9120684783
codetable_size: 2391.896315541089
complete: 689041.8083840194
Partition ratio: 0.9175372104894466
current singletons: {1, 2, 3, 4, 5, 6, 7, 9, 10, 11, 12, 13, 14, 15, 16, 17, 18, 19, 20, 21, 22, 23, 24, 25, 26, 27, 28, 30, 31, 32, 33, 34, 35, 36, 37, 38, 39, 40, 41, 46, 47, 48, 49, 50, 51, 52, 53, 54}
Added 10 singletons
added:  {8, 42, 43, 44, 45, 55, 56, 57, 58, 29}
chunks ... [0, 7014, 14028, 21042, 28056]
num codes: 167
num codes with support 0: 0
chunks ... [0, 7014, 14028, 21042, 28056]
database_size: 707700.6932884087
codetable_size: 2888.45787985718
complete: 710589.1511682658
Partition ratio: 0.9462299379134679
current singletons: {3, 4, 5, 6, 7, 8, 9, 10, 11, 12, 13, 14, 15, 16, 17, 18, 19, 20, 21, 22, 23, 24, 25, 26, 27, 28, 29, 30, 31, 32, 33, 34, 35, 36, 37, 38, 39, 40, 41, 42, 43, 44, 45, 46, 47, 48, 49, 50, 51, 52}
Added 8 singletons
added:  {1, 2, 53, 54, 55, 56, 57, 58}
chunks ... [0, 7014, 14028, 21042, 28056]
num codes: 160
num codes with support 0: 0
chunks ... [0, 7014, 14028, 21042, 28056]
database_size: 719389.8934793716
codetable_size: 3260.089590607944
complete: 722649.9830699795
Partition ratio: 0.9622903016310683
current singletons: {3, 4, 5, 6, 7, 8, 9, 10, 11, 12, 13, 14, 15, 16, 17, 18, 19, 20, 21, 22, 23, 24, 25, 26, 27, 28, 29, 30, 31, 32, 33, 34, 35, 36, 41, 46, 47, 48, 49, 50, 51, 52, 53}
Added 15 singletons
added:  {1, 2, 37, 38, 39, 40, 42, 43, 44, 45, 54, 55, 56, 57, 58}
chunks ... [0, 7014, 14028, 21042, 28056]
num codes: 143
num codes with support 0: 0
chunks ... [0, 7014, 14028, 21042, 28056]
database_size: 726332.4666526206
codetable_size: 2796.3042723532917
complete: 729128.7709249739
Partition ratio: 0.9709175414639689
merged table size: 324
chunks ... [0, 7014, 14028, 21042, 28056]
chunks ... [0, 7014, 14028, 21042, 28056]
merged table size without non-used codes: 314
database_size: 630882.1569607203
codetable_size: 6283.546226469379
complete: 637165.7031871896
database_size: 750710.600704819
codetable_size: 258.1889058609846
complete: 750968.78961068
merged size: 637165.7031871896
sct size: 750968.78961068
merged ratio: 0.8484583008003721
time elapsed: 20.187365770339966
-- MERGING METHOD informed
processing batch_results/200d-5-10-neg15/batch-2/chessBig_transaction_k_means_200d_k16_FalseNorm_trans_clust_0_k16...
chunks ... [0, 400, 800, 1200, 1601]
num codes: 220
num codes with support 0: 0
chunks ... [0, 400, 800, 1200, 1601]
num codes with usage 0: 17
database_size: 20726.79150202068
codetable_size: 3396.4687103463757
complete: 24123.260212367055
database_size: 38307.85608471228
codetable_size: 232.09772460866162
complete: 38539.95380932094
Partition 0 ratio: 0.6259286228447116
processing batch_results/200d-5-10-neg15/batch-2/chessBig_transaction_k_means_200d_k16_FalseNorm_trans_clust_1_k16...
chunks ... [0, 419, 838, 1257, 1679]
num codes: 207
num codes with support 0: 0
chunks ... [0, 419, 838, 1257, 1679]
num codes with usage 0: 12
database_size: 24027.228735500925
codetable_size: 3110.3732115332514
complete: 27137.601947034178
database_size: 41230.78276385097
codetable_size: 206.94329684118347
complete: 41437.726060692155
Partition 1 ratio: 0.6549008482581026
processing batch_results/200d-5-10-neg15/batch-2/chessBig_transaction_k_means_200d_k16_FalseNorm_trans_clust_2_k16...
chunks ... [0, 549, 1098, 1647, 2198]
num codes: 185
num codes with support 0: 0
chunks ... [0, 549, 1098, 1647, 2198]
num codes with usage 0: 20
database_size: 27275.30536913232
codetable_size: 2819.552563833162
complete: 30094.857932965482
database_size: 52251.312463771574
codetable_size: 188.5080090419525
complete: 52439.820472813524
Partition 2 ratio: 0.5738932296415397
processing batch_results/200d-5-10-neg15/batch-2/chessBig_transaction_k_means_200d_k16_FalseNorm_trans_clust_3_k16...
chunks ... [0, 211, 422, 633, 846]
num codes: 101
num codes with support 0: 0
chunks ... [0, 211, 422, 633, 846]
num codes with usage 0: 13
database_size: 10177.540835770802
codetable_size: 1270.885973170047
complete: 11448.426808940849
database_size: 18736.743279923798
codetable_size: 141.40889969952343
complete: 18878.15217962332
Partition 3 ratio: 0.6064378918026754
processing batch_results/200d-5-10-neg15/batch-2/chessBig_transaction_k_means_200d_k16_FalseNorm_trans_clust_4_k16...
chunks ... [0, 758, 1516, 2274, 3033]
num codes: 378
num codes with support 0: 0
chunks ... [0, 758, 1516, 2274, 3033]
num codes with usage 0: 19
database_size: 39364.65063443394
codetable_size: 6361.402169346225
complete: 45726.05280378017
database_size: 73238.76288758939
codetable_size: 218.40747194162728
complete: 73457.17035953101
Partition 4 ratio: 0.6224859000146233
processing batch_results/200d-5-10-neg15/batch-2/chessBig_transaction_k_means_200d_k16_FalseNorm_trans_clust_5_k16...
chunks ... [0, 476, 952, 1428, 1907]
num codes: 209
num codes with support 0: 0
chunks ... [0, 476, 952, 1428, 1907]
num codes with usage 0: 22
database_size: 24393.65858047149
codetable_size: 3228.803026677351
complete: 27622.46160714884
database_size: 45393.1142281099
codetable_size: 203.32097548117764
complete: 45596.43520359108
Partition 5 ratio: 0.6058030958738931
processing batch_results/200d-5-10-neg15/batch-2/chessBig_transaction_k_means_200d_k16_FalseNorm_trans_clust_6_k16...
chunks ... [0, 655, 1310, 1965, 2621]
num codes: 311
num codes with support 0: 0
chunks ... [0, 655, 1310, 1965, 2621]
num codes with usage 0: 22
database_size: 33090.35313275447
codetable_size: 5275.2471195105145
complete: 38365.60025226499
database_size: 63360.64026995227
codetable_size: 190.8207230755465
complete: 63551.46099302782
Partition 6 ratio: 0.6036934423344579
processing batch_results/200d-5-10-neg15/batch-2/chessBig_transaction_k_means_200d_k16_FalseNorm_trans_clust_7_k16...
chunks ... [0, 353, 706, 1059, 1413]
num codes: 211
num codes with support 0: 0
chunks ... [0, 353, 706, 1059, 1413]
num codes with usage 0: 31
database_size: 17740.031955270555
codetable_size: 2903.317369483152
complete: 20643.349324753708
database_size: 33515.88287744548
codetable_size: 213.02777601267428
complete: 33728.91065345816
Partition 7 ratio: 0.612037238227176
processing batch_results/200d-5-10-neg15/batch-2/chessBig_transaction_k_means_200d_k16_FalseNorm_trans_clust_8_k16...
chunks ... [0, 341, 682, 1023, 1367]
num codes: 164
num codes with support 0: 0
chunks ... [0, 341, 682, 1023, 1367]
num codes with usage 0: 15
database_size: 18555.338327048667
codetable_size: 2516.3931704705083
complete: 21071.731497519177
database_size: 32241.15048266627
codetable_size: 207.4787092095918
complete: 32448.62919187586
Partition 8 ratio: 0.6493874170436417
processing batch_results/200d-5-10-neg15/batch-2/chessBig_transaction_k_means_200d_k16_FalseNorm_trans_clust_9_k16...
chunks ... [0, 227, 454, 681, 911]
num codes: 105
num codes with support 0: 0
chunks ... [0, 227, 454, 681, 911]
num codes with usage 0: 16
database_size: 10995.311738544633
codetable_size: 1480.0831893277586
complete: 12475.394927872392
database_size: 20575.104410492782
codetable_size: 168.8046357114656
complete: 20743.909046204248
Partition 9 ratio: 0.6014003869803488
processing batch_results/200d-5-10-neg15/batch-2/chessBig_transaction_k_means_200d_k16_FalseNorm_trans_clust_10_k16...
chunks ... [0, 592, 1184, 1776, 2370]
num codes: 181
num codes with support 0: 0
chunks ... [0, 592, 1184, 1776, 2370]
num codes with usage 0: 24
database_size: 30312.620643310835
codetable_size: 2523.223843084024
complete: 32835.84448639486
database_size: 55757.954672527994
codetable_size: 200.26813501437405
complete: 55958.22280754237
Partition 10 ratio: 0.5867921252490002
processing batch_results/200d-5-10-neg15/batch-2/chessBig_transaction_k_means_200d_k16_FalseNorm_trans_clust_11_k16...
chunks ... [0, 642, 1284, 1926, 2569]
num codes: 295
num codes with support 0: 0
chunks ... [0, 642, 1284, 1926, 2569]
num codes with usage 0: 17
database_size: 32575.65152110039
codetable_size: 4822.032927998543
complete: 37397.68444909893
database_size: 60913.43696319667
codetable_size: 212.77424440169938
complete: 61126.21120759837
Partition 11 ratio: 0.6118109352809056
processing batch_results/200d-5-10-neg15/batch-2/chessBig_transaction_k_means_200d_k16_FalseNorm_trans_clust_12_k16...
chunks ... [0, 437, 874, 1311, 1750]
num codes: 143
num codes with support 0: 0
chunks ... [0, 437, 874, 1311, 1750]
num codes with usage 0: 27
database_size: 21713.41753516382
codetable_size: 1785.7770831774003
complete: 23499.19461834122
database_size: 40272.52074053802
codetable_size: 189.03717096334788
complete: 40461.55791150137
Partition 12 ratio: 0.5807782950359772
processing batch_results/200d-5-10-neg15/batch-2/chessBig_transaction_k_means_200d_k16_FalseNorm_trans_clust_13_k16...
chunks ... [0, 274, 548, 822, 1098]
num codes: 157
num codes with support 0: 0
chunks ... [0, 274, 548, 822, 1098]
num codes with usage 0: 21
database_size: 14755.53720671961
codetable_size: 2195.30794842014
complete: 16950.84515513975
database_size: 26265.63990211022
codetable_size: 217.8668739328483
complete: 26483.50677604307
Partition 13 ratio: 0.640052893994894
processing batch_results/200d-5-10-neg15/batch-2/chessBig_transaction_k_means_200d_k16_FalseNorm_trans_clust_14_k16...
chunks ... [0, 336, 672, 1008, 1347]
num codes: 152
num codes with support 0: 0
chunks ... [0, 336, 672, 1008, 1347]
num codes with usage 0: 19
database_size: 17257.73984782351
codetable_size: 2326.077809582057
complete: 19583.81765740557
database_size: 32112.8766549602
codetable_size: 230.56877952559697
complete: 32343.4454344858
Partition 14 ratio: 0.6054957161899815
processing batch_results/200d-5-10-neg15/batch-2/chessBig_transaction_k_means_200d_k16_FalseNorm_trans_clust_15_k16...
chunks ... [0, 336, 672, 1008, 1346]
num codes: 128
num codes with support 0: 0
chunks ... [0, 336, 672, 1008, 1346]
num codes with usage 0: 15
database_size: 16711.673350509605
codetable_size: 1922.506383857759
complete: 18634.179734367364
database_size: 31050.139039161713
codetable_size: 190.59497299000842
complete: 31240.734012151723
Partition 15 ratio: 0.5964706119619091
number of codetables: 16
size: 220
size: 207
size: 185
size: 101
size: 378
size: 209
size: 311
size: 211
size: 164
size: 105
size: 181
size: 295
size: 143
size: 157
size: 152
size: 128
database_size: 750710.600704819
codetable_size: 258.1889058609846
complete: 750968.78961068
database_size: 750710.600704819
codetable_size: 258.1889058609846
complete: 750968.78961068
current singletons: {2, 3, 4, 5, 6, 7, 9, 10, 11, 12, 13, 14, 15, 16, 17, 18, 19, 20, 21, 22, 23, 24, 25, 26, 27, 28, 29, 30, 31, 32, 33, 34, 35, 36, 37, 38, 39, 40, 41, 43, 47, 48, 49, 50, 51, 52, 53, 54, 55}
Added 9 singletons
added:  {1, 8, 42, 44, 45, 46, 56, 57, 58}
chunks ... [0, 7014, 14028, 21042, 28056]
num codes: 229
num codes with support 0: 0
chunks ... [0, 7014, 14028, 21042, 28056]
database_size: 699223.9779819007
codetable_size: 4236.476664505819
complete: 703460.4546464065
Partition ratio: 0.9367372710803296
current singletons: {1, 2, 3, 4, 5, 6, 9, 10, 11, 12, 13, 14, 15, 16, 17, 18, 19, 20, 21, 22, 23, 24, 25, 26, 27, 28, 29, 30, 31, 32, 33, 34, 35, 36, 37, 38, 39, 40, 41, 48, 49, 50, 51, 52, 53, 54, 55, 56}
Added 10 singletons
added:  {7, 8, 42, 43, 44, 45, 46, 47, 57, 58}
chunks ... [0, 7014, 14028, 21042, 28056]
num codes: 217
num codes with support 0: 0
chunks ... [0, 7014, 14028, 21042, 28056]
database_size: 679513.2288077916
codetable_size: 3753.326253031206
complete: 683266.5550608227
Partition ratio: 0.9098468065697435
current singletons: {1, 2, 3, 4, 5, 6, 9, 10, 11, 12, 13, 14, 15, 16, 17, 18, 19, 20, 21, 22, 23, 24, 26, 27, 28, 29, 30, 31, 32, 33, 34, 35, 36, 37, 38, 39, 40, 41, 52, 53, 54, 55, 56, 57}
Added 14 singletons
added:  {7, 8, 42, 43, 44, 45, 46, 47, 48, 49, 50, 51, 25, 58}
chunks ... [0, 7014, 14028, 21042, 28056]
num codes: 199
num codes with support 0: 0
chunks ... [0, 7014, 14028, 21042, 28056]
database_size: 677222.817043301
codetable_size: 3559.914177856715
complete: 680782.7312211577
Partition ratio: 0.9065393138030299
current singletons: {1, 2, 5, 9, 10, 11, 12, 13, 14, 15, 16, 17, 18, 19, 20, 21, 22, 23, 24, 26, 27, 28, 29, 30, 31, 32, 33, 34, 35, 36, 37, 38, 39, 57, 58}
Added 23 singletons
added:  {3, 4, 6, 7, 8, 25, 40, 41, 42, 43, 44, 45, 46, 47, 48, 49, 50, 51, 52, 53, 54, 55, 56}
chunks ... [0, 7014, 14028, 21042, 28056]
num codes: 124
num codes with support 0: 0
chunks ... [0, 7014, 14028, 21042, 28056]
database_size: 725748.1754186127
codetable_size: 2049.1057332658875
complete: 727797.2811518785
Partition ratio: 0.9691445120231773
current singletons: {2, 3, 4, 5, 6, 7, 9, 10, 11, 12, 13, 14, 15, 16, 17, 18, 19, 20, 21, 22, 23, 24, 25, 26, 27, 28, 29, 30, 31, 32, 33, 34, 35, 36, 37, 38, 39, 40, 41, 48, 49, 50, 51, 52, 53, 54, 55, 56}
Added 10 singletons
added:  {1, 8, 42, 43, 44, 45, 46, 47, 57, 58}
chunks ... [0, 7014, 14028, 21042, 28056]
num codes: 388
num codes with support 0: 0
chunks ... [0, 7014, 14028, 21042, 28056]
database_size: 650572.4260845259
codetable_size: 7498.540176097067
complete: 658070.966260623
Partition ratio: 0.8762960263658661
current singletons: {2, 3, 4, 5, 6, 7, 9, 10, 11, 12, 13, 14, 15, 16, 17, 18, 19, 20, 21, 22, 23, 24, 25, 26, 27, 28, 29, 30, 31, 32, 33, 34, 35, 36, 37, 38, 39, 40, 41, 51, 52, 53, 54, 55, 56, 57}
Added 12 singletons
added:  {1, 8, 42, 43, 44, 45, 46, 47, 48, 49, 50, 58}
chunks ... [0, 7014, 14028, 21042, 28056]
num codes: 221
num codes with support 0: 0
chunks ... [0, 7014, 14028, 21042, 28056]
database_size: 670041.8325033725
codetable_size: 3912.764893156528
complete: 673954.5973965289
Partition ratio: 0.8974468802437489
current singletons: {2, 3, 4, 5, 6, 7, 9, 10, 11, 12, 13, 14, 15, 16, 17, 18, 19, 20, 21, 22, 23, 24, 25, 26, 27, 28, 29, 30, 31, 32, 33, 34, 35, 36, 37, 38, 39, 40, 41, 52, 53, 54, 55, 56, 57}
Added 13 singletons
added:  {1, 8, 42, 43, 44, 45, 46, 47, 48, 49, 50, 51, 58}
chunks ... [0, 7014, 14028, 21042, 28056]
num codes: 324
num codes with support 0: 0
chunks ... [0, 7014, 14028, 21042, 28056]
database_size: 630882.1569607203
codetable_size: 6283.546226469379
complete: 637165.7031871896
Partition ratio: 0.8484583008003721
current singletons: {2, 3, 4, 5, 6, 9, 10, 11, 12, 13, 14, 15, 16, 17, 18, 19, 20, 21, 22, 23, 24, 25, 26, 27, 28, 29, 30, 31, 32, 33, 34, 35, 36, 37, 38, 39, 40, 41, 48, 49, 50, 51, 52, 53, 54, 55, 56}
Added 11 singletons
added:  {1, 7, 8, 42, 43, 44, 45, 46, 47, 57, 58}
chunks ... [0, 7014, 14028, 21042, 28056]
num codes: 222
num codes with support 0: 0
chunks ... [0, 7014, 14028, 21042, 28056]
database_size: 647270.8318611296
codetable_size: 3585.061833346207
complete: 650855.8936944759
Partition ratio: 0.8666883400465883
current singletons: {3, 4, 5, 6, 7, 9, 10, 11, 12, 13, 14, 15, 16, 17, 18, 19, 20, 21, 22, 23, 24, 25, 26, 27, 28, 29, 31, 32, 33, 34, 35, 36, 37, 38, 39, 40, 41, 42, 48, 49, 50, 51, 52, 53, 54, 55}
Added 12 singletons
added:  {1, 2, 8, 43, 44, 45, 46, 47, 56, 57, 58, 30}
chunks ... [0, 7014, 14028, 21042, 28056]
num codes: 176
num codes with support 0: 0
chunks ... [0, 7014, 14028, 21042, 28056]
database_size: 709674.1166778867
codetable_size: 3324.7147013891195
complete: 712998.8313792758
Partition ratio: 0.9494387000409314
current singletons: {4, 6, 7, 8, 9, 10, 11, 12, 13, 14, 15, 16, 17, 18, 19, 20, 21, 22, 23, 24, 29, 30, 31, 32, 34, 35, 36, 37, 38, 39, 40, 41, 47, 48, 49, 50, 51, 52, 53, 54}
Added 18 singletons
added:  {1, 2, 3, 33, 5, 58, 42, 43, 44, 45, 46, 55, 56, 25, 26, 27, 28, 57}
chunks ... [0, 7014, 14028, 21042, 28056]
num codes: 123
num codes with support 0: 0
chunks ... [0, 7014, 14028, 21042, 28056]
database_size: 736650.1431230962
codetable_size: 2285.511904109446
complete: 738935.6550272057
Partition ratio: 0.983976518398704
current singletons: {1, 2, 3, 5, 6, 9, 10, 11, 12, 13, 14, 15, 16, 17, 18, 19, 20, 21, 22, 23, 24, 25, 26, 27, 28, 29, 30, 31, 32, 34, 35, 36, 37, 38, 39, 40, 41, 50, 51, 52, 53, 54, 55, 56, 57}
Added 13 singletons
added:  {33, 4, 7, 8, 42, 43, 44, 45, 46, 47, 48, 49, 58}
chunks ... [0, 7014, 14028, 21042, 28056]
num codes: 194
num codes with support 0: 0
chunks ... [0, 7014, 14028, 21042, 28056]
database_size: 660774.5313265303
codetable_size: 3095.843092507468
complete: 663870.3744190377
Partition ratio: 0.8840185951845001
current singletons: {3, 4, 5, 6, 7, 9, 10, 11, 12, 13, 14, 15, 16, 17, 18, 19, 20, 21, 22, 23, 24, 25, 26, 27, 28, 29, 30, 31, 32, 33, 34, 35, 36, 37, 38, 39, 40, 41, 47, 48, 49, 50, 51, 52, 53, 54, 55}
Added 11 singletons
added:  {1, 2, 8, 42, 43, 44, 45, 46, 56, 57, 58}
chunks ... [0, 7014, 14028, 21042, 28056]
num codes: 306
num codes with support 0: 0
chunks ... [0, 7014, 14028, 21042, 28056]
database_size: 667424.4812012775
codetable_size: 6008.974249093285
complete: 673433.4554503708
Partition ratio: 0.8967529207165782
current singletons: {2, 3, 4, 5, 6, 9, 10, 11, 12, 13, 14, 15, 16, 17, 18, 19, 20, 21, 22, 23, 24, 26, 27, 28, 29, 30, 31, 32, 34, 35, 36, 37, 38, 39, 40, 41, 51, 52, 53, 54, 55, 56, 57}
Added 15 singletons
added:  {33, 1, 7, 8, 42, 43, 44, 45, 46, 47, 48, 49, 50, 25, 58}
chunks ... [0, 7014, 14028, 21042, 28056]
num codes: 158
num codes with support 0: 0
chunks ... [0, 7014, 14028, 21042, 28056]
database_size: 686649.9120684783
codetable_size: 2391.896315541089
complete: 689041.8083840194
Partition ratio: 0.9175372104894466
current singletons: {1, 2, 3, 4, 5, 6, 7, 9, 10, 11, 12, 13, 14, 15, 16, 17, 18, 19, 20, 21, 22, 23, 24, 25, 26, 27, 28, 30, 31, 32, 33, 34, 35, 36, 37, 38, 39, 40, 41, 46, 47, 48, 49, 50, 51, 52, 53, 54}
Added 10 singletons
added:  {8, 42, 43, 44, 45, 55, 56, 57, 58, 29}
chunks ... [0, 7014, 14028, 21042, 28056]
num codes: 167
num codes with support 0: 0
chunks ... [0, 7014, 14028, 21042, 28056]
database_size: 707700.6932884087
codetable_size: 2888.45787985718
complete: 710589.1511682658
Partition ratio: 0.9462299379134679
current singletons: {3, 4, 5, 6, 7, 8, 9, 10, 11, 12, 13, 14, 15, 16, 17, 18, 19, 20, 21, 22, 23, 24, 25, 26, 27, 28, 29, 30, 31, 32, 33, 34, 35, 36, 37, 38, 39, 40, 41, 42, 43, 44, 45, 46, 47, 48, 49, 50, 51, 52}
Added 8 singletons
added:  {1, 2, 53, 54, 55, 56, 57, 58}
chunks ... [0, 7014, 14028, 21042, 28056]
num codes: 160
num codes with support 0: 0
chunks ... [0, 7014, 14028, 21042, 28056]
database_size: 719389.8934793716
codetable_size: 3260.089590607944
complete: 722649.9830699795
Partition ratio: 0.9622903016310683
current singletons: {3, 4, 5, 6, 7, 8, 9, 10, 11, 12, 13, 14, 15, 16, 17, 18, 19, 20, 21, 22, 23, 24, 25, 26, 27, 28, 29, 30, 31, 32, 33, 34, 35, 36, 41, 46, 47, 48, 49, 50, 51, 52, 53}
Added 15 singletons
added:  {1, 2, 37, 38, 39, 40, 42, 43, 44, 45, 54, 55, 56, 57, 58}
chunks ... [0, 7014, 14028, 21042, 28056]
num codes: 143
num codes with support 0: 0
chunks ... [0, 7014, 14028, 21042, 28056]
database_size: 726332.4666526206
codetable_size: 2796.3042723532917
complete: 729128.7709249739
Partition ratio: 0.9709175414639689
initial ratio: 0.8484583008003721
merged: {6}
merged: {6}
to_process: {0, 1, 2, 3, 4, 5, 7, 8, 9, 10, 11, 12, 13, 14, 15}
[(0, 0.32531293449534787), (1, 0.3589814401754974), (2, 0.4888652343383165), (3, 0.2130705250359074), (4, 0.46942972761163854), (5, 0.4520230337088041), (7, 0.2730473906959982), (8, 0.2844205593204876), (9, 0.16172544264912297), (10, 0.5371556023104787), (11, 0.32215734603115026), (12, 0.445537465629489), (13, 0.20700994849576945), (14, 0.21285040701278982), (15, 0.17233858408888494)]
next_candidate: 9
chunks ... [0, 7014, 14028, 21042, 28056]
chunks ... [0, 7014, 14028, 21042, 28056]
database_size: 622647.7895522146
codetable_size: 8052.1199013473315
complete: 630699.9094535619
current_ratio: 0.8484583008003721 --- candidate_ratio:0.8398483641118184
!!!!! ********* merge accepted ... 
merged: {9, 6}
to_process: {0, 1, 2, 3, 4, 5, 7, 8, 10, 11, 12, 13, 14, 15}
[(0, 0.3034671169659257), (1, 0.34472648908477127), (2, 0.42235813070539524), (3, 0.16255807582403697), (4, 0.4822096542887025), (5, 0.39417234828578357), (7, 0.29978068638183636), (8, 0.2965565293993373), (10, 0.4777899823706823), (11, 0.38594885725987305), (12, 0.40564313276250547), (13, 0.23537260072317748), (14, 0.20937104138518398), (15, 0.2335055629038536)]
next_candidate: 3
chunks ... [0, 7014, 14028, 21042, 28056]
chunks ... [0, 7014, 14028, 21042, 28056]
database_size: 614251.3743449895
codetable_size: 9287.04016552567
complete: 623538.4145105152
current_ratio: 0.8398483641118184 --- candidate_ratio:0.8303120224660365
!!!!! ********* merge accepted ... 
merged: {9, 3, 6}
to_process: {0, 1, 2, 4, 5, 7, 8, 10, 11, 12, 13, 14, 15}
[(0, 0.2527067690436058), (1, 0.3040934902315201), (2, 0.4040705383634611), (4, 0.4142535537556963), (5, 0.3221106640442428), (7, 0.2460292516576161), (8, 0.24180294859709606), (10, 0.41412864770837293), (11, 0.3248336606472652), (12, 0.33568434530101704), (13, 0.19536914241194603), (14, 0.1758551942773537), (15, 0.19565088996755042)]
next_candidate: 14
chunks ... [0, 7014, 14028, 21042, 28056]
chunks ... [0, 7014, 14028, 21042, 28056]
database_size: 587439.3246031574
codetable_size: 11977.670666995076
complete: 599416.9952701525
current_ratio: 0.8303120224660365 --- candidate_ratio:0.7981916206942561
!!!!! ********* merge accepted ... 
merged: {9, 3, 6, 14}
to_process: {0, 1, 2, 4, 5, 7, 8, 10, 11, 12, 13, 15}
[(0, 0.24686694553479538), (1, 0.26073060110816), (2, 0.3134940975735738), (4, 0.36986969370803296), (5, 0.2865899194535331), (7, 0.206198947785531), (8, 0.21978968914422436), (10, 0.3229232344254097), (11, 0.30547497082184827), (12, 0.2804698896692631), (13, 0.17543217185509433), (15, 0.2104951521257373)]
next_candidate: 13
chunks ... [0, 7014, 14028, 21042, 28056]
chunks ... [0, 7014, 14028, 21042, 28056]
database_size: 569692.8772457425
codetable_size: 14209.168714515556
complete: 583902.045960258
current_ratio: 0.7981916206942561 --- candidate_ratio:0.7775317084255481
!!!!! ********* merge accepted ... 
merged: {3, 6, 9, 13, 14}
to_process: {0, 1, 2, 4, 5, 7, 8, 10, 11, 12, 15}
[(0, 0.21823122724829658), (1, 0.22389459009681947), (2, 0.2654861156079385), (4, 0.32490036256012056), (5, 0.24411631137390846), (7, 0.1776925762915575), (8, 0.18772172016018415), (10, 0.2766661477094395), (11, 0.2773911886515154), (12, 0.23533491401971735), (15, 0.18627904391962638)]
next_candidate: 7
chunks ... [0, 7014, 14028, 21042, 28056]
chunks ... [0, 7014, 14028, 21042, 28056]
database_size: 562003.5562787849
codetable_size: 16532.369214835002
complete: 578535.9254936199
current_ratio: 0.7775317084255481 --- candidate_ratio:0.7703861112437796
!!!!! ********* merge accepted ... 
merged: {3, 6, 7, 9, 13, 14}
to_process: {0, 1, 2, 4, 5, 8, 10, 11, 12, 15}
[(0, 0.18209280852350748), (1, 0.18548236865354534), (2, 0.22285410211389597), (4, 0.3001371307841154), (5, 0.20747302376336782), (8, 0.15758653508450138), (10, 0.23368080099546681), (11, 0.24511659153780982), (12, 0.19495994637646083), (15, 0.15494597142703348)]
next_candidate: 15
chunks ... [0, 7014, 14028, 21042, 28056]
chunks ... [0, 7014, 14028, 21042, 28056]
database_size: 552059.9853080191
codetable_size: 18437.360928663453
complete: 570497.3462366825
current_ratio: 0.7703861112437796 --- candidate_ratio:0.7596818324932543
!!!!! ********* merge accepted ... 
merged: {3, 6, 7, 9, 13, 14, 15}
to_process: {0, 1, 2, 4, 5, 8, 10, 11, 12}
[(0, 0.15651391891041616), (1, 0.15942734170638692), (2, 0.19199748105057116), (4, 0.2593265243860829), (5, 0.17833631645689674), (8, 0.13545008379836707), (10, 0.20136973723186596), (11, 0.2180217596112402), (12, 0.16757358780594153)]
next_candidate: 8
chunks ... [0, 7014, 14028, 21042, 28056]
chunks ... [0, 7014, 14028, 21042, 28056]
database_size: 544747.263781024
codetable_size: 20885.303772708754
complete: 565632.5675537328
current_ratio: 0.7596818324932543 --- candidate_ratio:0.7532038286797114
!!!!! ********* merge accepted ... 
merged: {3, 6, 7, 8, 9, 13, 14, 15}
to_process: {0, 1, 2, 4, 5, 10, 11, 12}
[(0, 0.1369729081194271), (1, 0.13952258546265406), (2, 0.1683271008996646), (4, 0.23619777710175496), (5, 0.15630936164260015), (10, 0.1765739294881524), (11, 0.19481287562146662), (12, 0.14665175982797804)]
next_candidate: 0
chunks ... [0, 7014, 14028, 21042, 28056]
chunks ... [0, 7014, 14028, 21042, 28056]
database_size: 535417.5687459137
codetable_size: 24007.716607713606
complete: 559425.2853536273
current_ratio: 0.7532038286797114 --- candidate_ratio:0.7449381293777158
!!!!! ********* merge accepted ... 
merged: {0, 3, 6, 7, 8, 9, 13, 14, 15}
to_process: {1, 2, 4, 5, 10, 11, 12}
[(1, 0.12172372814586448), (2, 0.1478369618109176), (4, 0.20720163124417051), (5, 0.1363690199701059), (10, 0.1570000438921519), (11, 0.176456458899371), (12, 0.12794343572562003)]
next_candidate: 1
chunks ... [0, 7014, 14028, 21042, 28056]
chunks ... [0, 7014, 14028, 21042, 28056]
database_size: 526363.4342079174
codetable_size: 26192.268819881
complete: 552555.7030277984
current_ratio: 0.7449381293777158 --- candidate_ratio:0.7357905024445243
!!!!! ********* merge accepted ... 
merged: {0, 1, 3, 6, 7, 8, 9, 13, 14, 15}
to_process: {2, 4, 5, 10, 11, 12}
[(2, 0.13055053591836815), (4, 0.1853383799335059), (5, 0.1202776864589802), (10, 0.14724324060631566), (11, 0.15575582745310354), (12, 0.11284630812822626)]
next_candidate: 12
chunks ... [0, 7014, 14028, 21042, 28056]
chunks ... [0, 7014, 14028, 21042, 28056]
database_size: 521259.5195600116
codetable_size: 28010.276545705074
complete: 549269.7961057167
current_ratio: 0.7357905024445243 --- candidate_ratio:0.7314149452076047
!!!!! ********* merge accepted ... 
merged: {0, 1, 3, 6, 7, 8, 9, 12, 13, 14, 15}
to_process: {2, 4, 5, 10, 11}
[(2, 0.11832235310634932), (4, 0.16633117516538407), (5, 0.10710502538486946), (10, 0.13111734592823487), (11, 0.13878594364200805)]
next_candidate: 5
chunks ... [0, 7014, 14028, 21042, 28056]
chunks ... [0, 7014, 14028, 21042, 28056]
database_size: 514930.39050729194
codetable_size: 30227.25157181795
complete: 545157.6420791099
current_ratio: 0.7314149452076047 --- candidate_ratio:0.7259391463681634
!!!!! ********* merge accepted ... 
merged: {0, 1, 3, 5, 6, 7, 8, 9, 12, 13, 14, 15}
to_process: {2, 4, 10, 11}
[(2, 0.10579268283658032), (4, 0.14859699474268545), (10, 0.11713765350482305), (11, 0.12430873946491448)]
next_candidate: 2
chunks ... [0, 7014, 14028, 21042, 28056]
chunks ... [0, 7014, 14028, 21042, 28056]
database_size: 502885.52227837936
codetable_size: 32349.235959510926
complete: 535234.7582378903
current_ratio: 0.7259391463681634 --- candidate_ratio:0.7127257026425409
!!!!! ********* merge accepted ... 
merged: {0, 1, 2, 3, 5, 6, 7, 8, 9, 12, 13, 14, 15}
to_process: {4, 10, 11}
[(4, 0.1323344875506708), (10, 0.1043180676452532), (11, 0.11075745834908417)]
next_candidate: 10
chunks ... [0, 7014, 14028, 21042, 28056]
chunks ... [0, 7014, 14028, 21042, 28056]
database_size: 501610.65441559686
codetable_size: 34522.45912216921
complete: 536133.113537766
current_ratio: 0.7127257026425409 --- candidate_ratio:0.7139219644743294
!!!!! ********* merge rejected ... 
merged: {0, 1, 2, 3, 5, 6, 7, 8, 9, 12, 13, 14, 15}
to_process: {4, 11}
[(4, 0.1323344875506708), (11, 0.11075745834908417)]
next_candidate: 11
chunks ... [0, 7014, 14028, 21042, 28056]
chunks ... [0, 7014, 14028, 21042, 28056]
database_size: 474069.6062873123
codetable_size: 36287.44076385267
complete: 510357.04705116496
current_ratio: 0.7127257026425409 --- candidate_ratio:0.6795982124846309
!!!!! ********* merge accepted ... 
merged: {0, 1, 2, 3, 5, 6, 7, 8, 9, 11, 12, 13, 14, 15}
to_process: {4}
[(4, 0.11732688155951405)]
next_candidate: 4
chunks ... [0, 7014, 14028, 21042, 28056]
chunks ... [0, 7014, 14028, 21042, 28056]
database_size: 459165.1457231775
codetable_size: 40378.67870006981
complete: 499543.82442324737
current_ratio: 0.6795982124846309 --- candidate_ratio:0.6651991818224866
!!!!! ********* merge accepted ... 
merged table size: 1830
chunks ... [0, 7014, 14028, 21042, 28056]
chunks ... [0, 7014, 14028, 21042, 28056]
merged table size without non-used codes: 1718
database_size: 459165.1457231775
codetable_size: 40378.67870006981
complete: 499543.82442324737
database_size: 750710.600704819
codetable_size: 258.1889058609846
complete: 750968.78961068
merged size: 499543.82442324737
sct size: 750968.78961068
merged ratio: 0.6651991818224866
time elapsed: 107.3906683921814
