
-- MERGING METHOD naive
processing batch_results/200d-5-10-neg15/batch-2/connect_transaction_k_means_200d_k8_FalseNorm_trans_clust_0_k8...
chunks ... [0, 1678, 3356, 5034, 6714]
num codes: 514
num codes with support 0: 0
chunks ... [0, 1678, 3356, 5034, 6714]
num codes with usage 0: 93
database_size: 129493.46738005608
codetable_size: 18989.579367968174
complete: 148483.04674802427
database_size: 1187834.5123840491
codetable_size: 547.7721031630623
complete: 1188382.284487212
Partition 0 ratio: 0.12494552357964073
processing batch_results/200d-5-10-neg15/batch-2/connect_transaction_k_means_200d_k8_FalseNorm_trans_clust_1_k8...
chunks ... [0, 1301, 2602, 3903, 5204]
num codes: 458
num codes with support 0: 0
chunks ... [0, 1301, 2602, 3903, 5204]
num codes with usage 0: 89
database_size: 104029.6511059099
codetable_size: 16735.541980147955
complete: 120765.19308605786
database_size: 922633.7068222285
codetable_size: 548.570485304221
complete: 923182.2773075327
Partition 1 ratio: 0.1308140288809165
processing batch_results/200d-5-10-neg15/batch-2/connect_transaction_k_means_200d_k8_FalseNorm_trans_clust_2_k8...
chunks ... [0, 1856, 3712, 5568, 7424]
num codes: 503
num codes with support 0: 0
chunks ... [0, 1856, 3712, 5568, 7424]
num codes with usage 0: 76
database_size: 142037.81441027552
codetable_size: 21385.668208484232
complete: 163423.48261875974
database_size: 1312717.5184046533
codetable_size: 508.7883549417019
complete: 1313226.306759595
Partition 2 ratio: 0.12444426507264354
processing batch_results/200d-5-10-neg15/batch-2/connect_transaction_k_means_200d_k8_FalseNorm_trans_clust_3_k8...
chunks ... [0, 1847, 3694, 5541, 7388]
num codes: 500
num codes with support 0: 0
chunks ... [0, 1847, 3694, 5541, 7388]
num codes with usage 0: 90
database_size: 139507.8085495495
codetable_size: 22302.140262169323
complete: 161809.94881171882
database_size: 1305965.7091287917
codetable_size: 527.697590066171
complete: 1306493.4067188578
Partition 3 ratio: 0.12385056669982754
processing batch_results/200d-5-10-neg15/batch-2/connect_transaction_k_means_200d_k8_FalseNorm_trans_clust_4_k8...
chunks ... [0, 2602, 5204, 7806, 10409]
num codes: 584
num codes with support 0: 0
chunks ... [0, 2602, 5204, 7806, 10409]
num codes with usage 0: 85
database_size: 204910.95675430738
codetable_size: 26469.815151296803
complete: 231380.77190560417
database_size: 1846347.0292311395
codetable_size: 547.3718488011957
complete: 1846894.4010799406
Partition 4 ratio: 0.12528099699165698
processing batch_results/200d-5-10-neg15/batch-2/connect_transaction_k_means_200d_k8_FalseNorm_trans_clust_5_k8...
chunks ... [0, 1982, 3964, 5946, 7929]
num codes: 521
num codes with support 0: 0
chunks ... [0, 1982, 3964, 5946, 7929]
num codes with usage 0: 81
database_size: 149400.53344155318
codetable_size: 22702.782882962965
complete: 172103.31632451614
database_size: 1401566.9658005028
codetable_size: 489.7664059652791
complete: 1402056.732206468
Partition 5 ratio: 0.1227506079969181
processing batch_results/200d-5-10-neg15/batch-2/connect_transaction_k_means_200d_k8_FalseNorm_trans_clust_6_k8...
chunks ... [0, 3004, 6008, 9012, 12016]
num codes: 468
num codes with support 0: 0
chunks ... [0, 3004, 6008, 9012, 12016]
num codes with usage 0: 77
database_size: 228395.70001513782
codetable_size: 20136.088447296876
complete: 248531.7884624347
database_size: 2128756.4498621984
codetable_size: 392.5970627169821
complete: 2129149.0469249156
Partition 6 ratio: 0.11672822474376973
processing batch_results/200d-5-10-neg15/batch-2/connect_transaction_k_means_200d_k8_FalseNorm_trans_clust_7_k8...
chunks ... [0, 2618, 5236, 7854, 10473]
num codes: 641
num codes with support 0: 0
chunks ... [0, 2618, 5236, 7854, 10473]
num codes with usage 0: 94
database_size: 206302.73867423946
codetable_size: 27520.883891759895
complete: 233823.62256599937
database_size: 1854808.1393684174
codetable_size: 541.3204588630143
complete: 1855349.4598272804
Partition 7 ratio: 0.12602672845673324
number of codetables: 8
size: 514
size: 458
size: 503
size: 500
size: 584
size: 521
size: 468
size: 641
merged table size: 3540
chunks ... [0, 16889, 33778, 50667, 67557]
chunks ... [0, 16889, 33778, 50667, 67557]
merged table size without non-used codes: 3409
database_size: 2186573.7829015334
codetable_size: 183023.65012420362
complete: 2369597.433025737
database_size: 12320561.926931633
codetable_size: 786.6889113503379
complete: 12321348.615842983
merged size: 2369597.433025737
sct size: 12321348.615842983
merged ratio: 0.19231640195448016
time elapsed: 53.844642639160156
-- MERGING METHOD naive_plus
processing batch_results/200d-5-10-neg15/batch-2/connect_transaction_k_means_200d_k8_FalseNorm_trans_clust_0_k8...
chunks ... [0, 1678, 3356, 5034, 6714]
num codes: 514
num codes with support 0: 0
chunks ... [0, 1678, 3356, 5034, 6714]
num codes with usage 0: 93
database_size: 129493.46738005608
codetable_size: 18989.579367968174
complete: 148483.04674802427
database_size: 1187834.5123840491
codetable_size: 547.7721031630623
complete: 1188382.284487212
Partition 0 ratio: 0.12494552357964073
processing batch_results/200d-5-10-neg15/batch-2/connect_transaction_k_means_200d_k8_FalseNorm_trans_clust_1_k8...
chunks ... [0, 1301, 2602, 3903, 5204]
num codes: 458
num codes with support 0: 0
chunks ... [0, 1301, 2602, 3903, 5204]
num codes with usage 0: 89
database_size: 104029.6511059099
codetable_size: 16735.541980147955
complete: 120765.19308605786
database_size: 922633.7068222285
codetable_size: 548.570485304221
complete: 923182.2773075327
Partition 1 ratio: 0.1308140288809165
processing batch_results/200d-5-10-neg15/batch-2/connect_transaction_k_means_200d_k8_FalseNorm_trans_clust_2_k8...
chunks ... [0, 1856, 3712, 5568, 7424]
num codes: 503
num codes with support 0: 0
chunks ... [0, 1856, 3712, 5568, 7424]
num codes with usage 0: 76
database_size: 142037.81441027552
codetable_size: 21385.668208484232
complete: 163423.48261875974
database_size: 1312717.5184046533
codetable_size: 508.7883549417019
complete: 1313226.306759595
Partition 2 ratio: 0.12444426507264354
processing batch_results/200d-5-10-neg15/batch-2/connect_transaction_k_means_200d_k8_FalseNorm_trans_clust_3_k8...
chunks ... [0, 1847, 3694, 5541, 7388]
num codes: 500
num codes with support 0: 0
chunks ... [0, 1847, 3694, 5541, 7388]
num codes with usage 0: 90
database_size: 139507.8085495495
codetable_size: 22302.140262169323
complete: 161809.94881171882
database_size: 1305965.7091287917
codetable_size: 527.697590066171
complete: 1306493.4067188578
Partition 3 ratio: 0.12385056669982754
processing batch_results/200d-5-10-neg15/batch-2/connect_transaction_k_means_200d_k8_FalseNorm_trans_clust_4_k8...
chunks ... [0, 2602, 5204, 7806, 10409]
num codes: 584
num codes with support 0: 0
chunks ... [0, 2602, 5204, 7806, 10409]
num codes with usage 0: 85
database_size: 204910.95675430738
codetable_size: 26469.815151296803
complete: 231380.77190560417
database_size: 1846347.0292311395
codetable_size: 547.3718488011957
complete: 1846894.4010799406
Partition 4 ratio: 0.12528099699165698
processing batch_results/200d-5-10-neg15/batch-2/connect_transaction_k_means_200d_k8_FalseNorm_trans_clust_5_k8...
chunks ... [0, 1982, 3964, 5946, 7929]
num codes: 521
num codes with support 0: 0
chunks ... [0, 1982, 3964, 5946, 7929]
num codes with usage 0: 81
database_size: 149400.53344155318
codetable_size: 22702.782882962965
complete: 172103.31632451614
database_size: 1401566.9658005028
codetable_size: 489.7664059652791
complete: 1402056.732206468
Partition 5 ratio: 0.1227506079969181
processing batch_results/200d-5-10-neg15/batch-2/connect_transaction_k_means_200d_k8_FalseNorm_trans_clust_6_k8...
chunks ... [0, 3004, 6008, 9012, 12016]
num codes: 468
num codes with support 0: 0
chunks ... [0, 3004, 6008, 9012, 12016]
num codes with usage 0: 77
database_size: 228395.70001513782
codetable_size: 20136.088447296876
complete: 248531.7884624347
database_size: 2128756.4498621984
codetable_size: 392.5970627169821
complete: 2129149.0469249156
Partition 6 ratio: 0.11672822474376973
processing batch_results/200d-5-10-neg15/batch-2/connect_transaction_k_means_200d_k8_FalseNorm_trans_clust_7_k8...
chunks ... [0, 2618, 5236, 7854, 10473]
num codes: 641
num codes with support 0: 0
chunks ... [0, 2618, 5236, 7854, 10473]
num codes with usage 0: 94
database_size: 206302.73867423946
codetable_size: 27520.883891759895
complete: 233823.62256599937
database_size: 1854808.1393684174
codetable_size: 541.3204588630143
complete: 1855349.4598272804
Partition 7 ratio: 0.12602672845673324
number of codetables: 8
size: 514
size: 458
size: 503
size: 500
size: 584
size: 521
size: 468
size: 641
database_size: 12320561.926931633
codetable_size: 786.6889113503379
complete: 12321348.615842983
current singletons: {1, 2, 3, 4, 5, 6, 7, 8, 9, 10, 11, 12, 13, 14, 15, 16, 19, 22, 23, 24, 25, 26, 27, 28, 29, 30, 31, 32, 33, 34, 37, 40, 41, 42, 43, 44, 45, 46, 47, 48, 49, 50, 51, 52, 55, 58, 59, 60, 61, 62, 63, 64, 65, 66, 67, 68, 69, 72, 75, 76, 77, 78, 79, 80, 81, 82, 83, 84, 85, 88, 91, 95, 96, 98, 99, 101, 102, 103, 104, 105, 106, 107, 108, 109, 110, 111, 112, 113, 114, 115, 116, 117, 118, 119, 120, 121, 124, 127}
Added 31 singletons
added:  {128, 129, 17, 18, 20, 21, 35, 36, 38, 39, 53, 54, 56, 57, 70, 71, 73, 74, 86, 87, 89, 90, 92, 93, 94, 97, 100, 122, 123, 125, 126}
chunks ... [0, 16889, 33778, 50667, 67557]
num codes: 545
num codes with support 0: 0
chunks ... [0, 16889, 33778, 50667, 67557]
database_size: 4854571.24129474
codetable_size: 21529.863172834946
complete: 4876101.1044675745
Partition ratio: 0.3957441069557765
current singletons: {1, 2, 3, 4, 5, 6, 7, 8, 9, 10, 11, 12, 13, 14, 15, 16, 19, 22, 23, 24, 25, 26, 27, 28, 29, 30, 31, 32, 33, 34, 37, 40, 41, 42, 43, 44, 45, 46, 47, 48, 49, 50, 51, 52, 55, 58, 59, 60, 61, 62, 63, 64, 65, 66, 67, 68, 69, 72, 75, 77, 78, 80, 81, 82, 83, 84, 85, 86, 87, 88, 89, 90, 91, 92, 93, 94, 95, 96, 97, 98, 99, 100, 101, 102, 103, 106, 109, 112, 113, 114, 115, 116, 117, 118, 119, 120, 121, 124, 127}
Added 30 singletons
added:  {128, 129, 17, 18, 20, 21, 35, 36, 38, 39, 53, 54, 56, 57, 70, 71, 73, 74, 76, 79, 104, 105, 107, 108, 110, 111, 122, 123, 125, 126}
chunks ... [0, 16889, 33778, 50667, 67557]
num codes: 488
num codes with support 0: 0
chunks ... [0, 16889, 33778, 50667, 67557]
database_size: 4493131.645996487
codetable_size: 18681.111777933223
complete: 4511812.75777442
Partition ratio: 0.3661784840640789
current singletons: {1, 2, 3, 4, 5, 6, 7, 8, 9, 10, 11, 12, 13, 16, 19, 22, 23, 24, 25, 26, 27, 28, 29, 30, 31, 34, 37, 40, 41, 42, 43, 44, 45, 46, 47, 48, 49, 50, 51, 52, 55, 58, 59, 61, 62, 64, 65, 66, 67, 68, 69, 70, 71, 72, 73, 74, 75, 76, 77, 78, 79, 80, 81, 82, 83, 84, 85, 88, 91, 94, 95, 96, 97, 98, 99, 100, 101, 102, 103, 106, 109, 112, 113, 114, 115, 116, 117, 118, 119, 120, 121, 124, 127}
Added 36 singletons
added:  {128, 129, 14, 15, 17, 18, 20, 21, 32, 33, 35, 36, 38, 39, 53, 54, 56, 57, 60, 63, 86, 87, 89, 90, 92, 93, 104, 105, 107, 108, 110, 111, 122, 123, 125, 126}
chunks ... [0, 16889, 33778, 50667, 67557]
num codes: 539
num codes with support 0: 0
chunks ... [0, 16889, 33778, 50667, 67557]
database_size: 5948470.487315089
codetable_size: 24132.44819193722
complete: 5972602.9355070265
Partition ratio: 0.4847361373922462
current singletons: {1, 2, 3, 4, 5, 6, 7, 8, 9, 10, 11, 12, 13, 16, 19, 22, 23, 24, 25, 26, 27, 28, 29, 30, 31, 32, 33, 34, 37, 40, 41, 42, 43, 44, 45, 46, 47, 48, 49, 50, 51, 52, 55, 58, 59, 60, 61, 62, 63, 64, 65, 66, 69, 72, 75, 76, 77, 78, 79, 80, 81, 82, 83, 84, 85, 88, 91, 94, 95, 96, 97, 98, 99, 100, 101, 102, 103, 106, 109, 113, 114, 116, 117, 118, 119, 120, 121, 122, 123, 124, 125, 126, 127, 128, 129}
Added 34 singletons
added:  {14, 15, 17, 18, 20, 21, 35, 36, 38, 39, 53, 54, 56, 57, 67, 68, 70, 71, 73, 74, 86, 87, 89, 90, 92, 93, 104, 105, 107, 108, 110, 111, 112, 115}
chunks ... [0, 16889, 33778, 50667, 67557]
num codes: 534
num codes with support 0: 0
chunks ... [0, 16889, 33778, 50667, 67557]
database_size: 5737873.998568568
codetable_size: 24933.69115011844
complete: 5762807.689718687
Partition ratio: 0.46770916637394533
current singletons: {1, 2, 3, 5, 6, 8, 9, 10, 11, 12, 13, 14, 15, 16, 17, 18, 19, 20, 21, 22, 23, 24, 25, 26, 27, 28, 29, 30, 31, 32, 34, 37, 40, 41, 42, 43, 44, 45, 46, 47, 48, 49, 50, 51, 52, 55, 58, 59, 60, 61, 62, 63, 64, 65, 66, 67, 68, 69, 72, 75, 76, 77, 78, 79, 80, 81, 82, 83, 84, 85, 88, 91, 94, 95, 96, 97, 98, 99, 100, 101, 102, 103, 106, 109, 112, 113, 114, 115, 116, 117, 118, 119, 120, 121, 122, 123, 124, 127}
Added 31 singletons
added:  {128, 129, 4, 7, 33, 35, 36, 38, 39, 53, 54, 56, 57, 70, 71, 73, 74, 86, 87, 89, 90, 92, 93, 104, 105, 107, 108, 110, 111, 125, 126}
chunks ... [0, 16889, 33778, 50667, 67557]
num codes: 615
num codes with support 0: 0
chunks ... [0, 16889, 33778, 50667, 67557]
database_size: 5209095.770339186
codetable_size: 29336.438094239315
complete: 5238432.208433426
Partition ratio: 0.42515088013156027
current singletons: {1, 2, 3, 4, 5, 6, 7, 8, 9, 10, 11, 12, 13, 16, 19, 22, 23, 24, 25, 26, 27, 28, 29, 30, 31, 34, 37, 40, 41, 43, 45, 47, 48, 49, 50, 51, 52, 53, 54, 55, 56, 57, 58, 59, 60, 61, 62, 63, 64, 65, 66, 67, 68, 69, 72, 75, 76, 77, 78, 79, 80, 81, 82, 83, 84, 85, 88, 91, 94, 95, 96, 97, 98, 99, 100, 101, 102, 103, 106, 109, 112, 113, 114, 115, 116, 117, 118, 119, 120, 121, 124, 127}
Added 37 singletons
added:  {128, 129, 14, 15, 17, 18, 20, 21, 32, 33, 35, 36, 38, 39, 42, 44, 46, 70, 71, 73, 74, 86, 87, 89, 90, 92, 93, 104, 105, 107, 108, 110, 111, 122, 123, 125, 126}
chunks ... [0, 16889, 33778, 50667, 67557]
num codes: 558
num codes with support 0: 0
chunks ... [0, 16889, 33778, 50667, 67557]
database_size: 5396025.934258518
codetable_size: 25462.03366638214
complete: 5421487.9679249
Partition ratio: 0.4400076758605682
current singletons: {1, 2, 3, 4, 5, 6, 7, 8, 9, 10, 11, 12, 13, 16, 19, 22, 23, 24, 25, 26, 27, 28, 29, 30, 31, 34, 37, 40, 41, 42, 43, 44, 45, 46, 47, 48, 49, 52, 55, 58, 59, 60, 61, 62, 63, 64, 65, 66, 69, 72, 75, 76, 77, 78, 79, 80, 81, 82, 85, 88, 91, 94, 95, 96, 97, 98, 99, 100, 103, 106, 109, 112, 113, 114, 115, 116, 117, 118, 121, 124, 127}
Added 48 singletons
added:  {128, 129, 14, 15, 17, 18, 20, 21, 32, 33, 35, 36, 38, 39, 50, 51, 53, 54, 56, 57, 67, 68, 70, 71, 73, 74, 83, 84, 86, 87, 89, 90, 92, 93, 101, 102, 104, 105, 107, 108, 110, 111, 119, 120, 122, 123, 125, 126}
chunks ... [0, 16889, 33778, 50667, 67557]
num codes: 516
num codes with support 0: 0
chunks ... [0, 16889, 33778, 50667, 67557]
database_size: 6649259.684206354
codetable_size: 22407.696561243578
complete: 6671667.380767598
Partition ratio: 0.5414721706834156
current singletons: {1, 2, 3, 4, 5, 6, 7, 8, 9, 10, 11, 12, 13, 14, 15, 16, 19, 23, 24, 26, 27, 28, 29, 30, 31, 32, 33, 34, 35, 36, 37, 38, 39, 40, 41, 42, 43, 44, 45, 46, 47, 48, 49, 50, 51, 52, 55, 58, 59, 60, 61, 62, 63, 64, 65, 66, 67, 68, 69, 72, 75, 76, 77, 78, 79, 80, 81, 82, 83, 84, 85, 88, 91, 94, 95, 96, 97, 98, 99, 100, 101, 102, 103, 106, 109, 112, 113, 114, 115, 116, 117, 118, 119, 120, 121, 124, 127}
Added 32 singletons
added:  {128, 129, 17, 18, 20, 21, 22, 25, 53, 54, 56, 57, 70, 71, 73, 74, 86, 87, 89, 90, 92, 93, 104, 105, 107, 108, 110, 111, 122, 123, 125, 126}
chunks ... [0, 16889, 33778, 50667, 67557]
num codes: 673
num codes with support 0: 0
chunks ... [0, 16889, 33778, 50667, 67557]
database_size: 5059695.900112139
codetable_size: 30814.42828231908
complete: 5090510.328394458
Partition ratio: 0.4131455481950247
merged table size: 488
chunks ... [0, 16889, 33778, 50667, 67557]
chunks ... [0, 16889, 33778, 50667, 67557]
merged table size without non-used codes: 456
database_size: 4493131.645996487
codetable_size: 18681.111777933223
complete: 4511812.75777442
database_size: 12320561.926931633
codetable_size: 786.6889113503379
complete: 12321348.615842983
merged size: 4511812.75777442
sct size: 12321348.615842983
merged ratio: 0.3661784840640789
time elapsed: 89.75209188461304
-- MERGING METHOD informed
processing batch_results/200d-5-10-neg15/batch-2/connect_transaction_k_means_200d_k8_FalseNorm_trans_clust_0_k8...
chunks ... [0, 1678, 3356, 5034, 6714]
num codes: 514
num codes with support 0: 0
chunks ... [0, 1678, 3356, 5034, 6714]
num codes with usage 0: 93
database_size: 129493.46738005608
codetable_size: 18989.579367968174
complete: 148483.04674802427
database_size: 1187834.5123840491
codetable_size: 547.7721031630623
complete: 1188382.284487212
Partition 0 ratio: 0.12494552357964073
processing batch_results/200d-5-10-neg15/batch-2/connect_transaction_k_means_200d_k8_FalseNorm_trans_clust_1_k8...
chunks ... [0, 1301, 2602, 3903, 5204]
num codes: 458
num codes with support 0: 0
chunks ... [0, 1301, 2602, 3903, 5204]
num codes with usage 0: 89
database_size: 104029.6511059099
codetable_size: 16735.541980147955
complete: 120765.19308605786
database_size: 922633.7068222285
codetable_size: 548.570485304221
complete: 923182.2773075327
Partition 1 ratio: 0.1308140288809165
processing batch_results/200d-5-10-neg15/batch-2/connect_transaction_k_means_200d_k8_FalseNorm_trans_clust_2_k8...
chunks ... [0, 1856, 3712, 5568, 7424]
num codes: 503
num codes with support 0: 0
chunks ... [0, 1856, 3712, 5568, 7424]
num codes with usage 0: 76
database_size: 142037.81441027552
codetable_size: 21385.668208484232
complete: 163423.48261875974
database_size: 1312717.5184046533
codetable_size: 508.7883549417019
complete: 1313226.306759595
Partition 2 ratio: 0.12444426507264354
processing batch_results/200d-5-10-neg15/batch-2/connect_transaction_k_means_200d_k8_FalseNorm_trans_clust_3_k8...
chunks ... [0, 1847, 3694, 5541, 7388]
num codes: 500
num codes with support 0: 0
chunks ... [0, 1847, 3694, 5541, 7388]
num codes with usage 0: 90
database_size: 139507.8085495495
codetable_size: 22302.140262169323
complete: 161809.94881171882
database_size: 1305965.7091287917
codetable_size: 527.697590066171
complete: 1306493.4067188578
Partition 3 ratio: 0.12385056669982754
processing batch_results/200d-5-10-neg15/batch-2/connect_transaction_k_means_200d_k8_FalseNorm_trans_clust_4_k8...
chunks ... [0, 2602, 5204, 7806, 10409]
num codes: 584
num codes with support 0: 0
chunks ... [0, 2602, 5204, 7806, 10409]
num codes with usage 0: 85
database_size: 204910.95675430738
codetable_size: 26469.815151296803
complete: 231380.77190560417
database_size: 1846347.0292311395
codetable_size: 547.3718488011957
complete: 1846894.4010799406
Partition 4 ratio: 0.12528099699165698
processing batch_results/200d-5-10-neg15/batch-2/connect_transaction_k_means_200d_k8_FalseNorm_trans_clust_5_k8...
chunks ... [0, 1982, 3964, 5946, 7929]
num codes: 521
num codes with support 0: 0
chunks ... [0, 1982, 3964, 5946, 7929]
num codes with usage 0: 81
database_size: 149400.53344155318
codetable_size: 22702.782882962965
complete: 172103.31632451614
database_size: 1401566.9658005028
codetable_size: 489.7664059652791
complete: 1402056.732206468
Partition 5 ratio: 0.1227506079969181
processing batch_results/200d-5-10-neg15/batch-2/connect_transaction_k_means_200d_k8_FalseNorm_trans_clust_6_k8...
chunks ... [0, 3004, 6008, 9012, 12016]
num codes: 468
num codes with support 0: 0
chunks ... [0, 3004, 6008, 9012, 12016]
num codes with usage 0: 77
database_size: 228395.70001513782
codetable_size: 20136.088447296876
complete: 248531.7884624347
database_size: 2128756.4498621984
codetable_size: 392.5970627169821
complete: 2129149.0469249156
Partition 6 ratio: 0.11672822474376973
processing batch_results/200d-5-10-neg15/batch-2/connect_transaction_k_means_200d_k8_FalseNorm_trans_clust_7_k8...
chunks ... [0, 2618, 5236, 7854, 10473]
num codes: 641
num codes with support 0: 0
chunks ... [0, 2618, 5236, 7854, 10473]
num codes with usage 0: 94
database_size: 206302.73867423946
codetable_size: 27520.883891759895
complete: 233823.62256599937
database_size: 1854808.1393684174
codetable_size: 541.3204588630143
complete: 1855349.4598272804
Partition 7 ratio: 0.12602672845673324
number of codetables: 8
size: 514
size: 458
size: 503
size: 500
size: 584
size: 521
size: 468
size: 641
database_size: 12320561.926931633
codetable_size: 786.6889113503379
complete: 12321348.615842983
database_size: 12320561.926931633
codetable_size: 786.6889113503379
complete: 12321348.615842983
current singletons: {1, 2, 3, 4, 5, 6, 7, 8, 9, 10, 11, 12, 13, 14, 15, 16, 19, 22, 23, 24, 25, 26, 27, 28, 29, 30, 31, 32, 33, 34, 37, 40, 41, 42, 43, 44, 45, 46, 47, 48, 49, 50, 51, 52, 55, 58, 59, 60, 61, 62, 63, 64, 65, 66, 67, 68, 69, 72, 75, 76, 77, 78, 79, 80, 81, 82, 83, 84, 85, 88, 91, 95, 96, 98, 99, 101, 102, 103, 104, 105, 106, 107, 108, 109, 110, 111, 112, 113, 114, 115, 116, 117, 118, 119, 120, 121, 124, 127}
Added 31 singletons
added:  {128, 129, 17, 18, 20, 21, 35, 36, 38, 39, 53, 54, 56, 57, 70, 71, 73, 74, 86, 87, 89, 90, 92, 93, 94, 97, 100, 122, 123, 125, 126}
chunks ... [0, 16889, 33778, 50667, 67557]
num codes: 545
num codes with support 0: 0
chunks ... [0, 16889, 33778, 50667, 67557]
database_size: 4854571.24129474
codetable_size: 21529.863172834946
complete: 4876101.1044675745
Partition ratio: 0.3957441069557765
current singletons: {1, 2, 3, 4, 5, 6, 7, 8, 9, 10, 11, 12, 13, 14, 15, 16, 19, 22, 23, 24, 25, 26, 27, 28, 29, 30, 31, 32, 33, 34, 37, 40, 41, 42, 43, 44, 45, 46, 47, 48, 49, 50, 51, 52, 55, 58, 59, 60, 61, 62, 63, 64, 65, 66, 67, 68, 69, 72, 75, 77, 78, 80, 81, 82, 83, 84, 85, 86, 87, 88, 89, 90, 91, 92, 93, 94, 95, 96, 97, 98, 99, 100, 101, 102, 103, 106, 109, 112, 113, 114, 115, 116, 117, 118, 119, 120, 121, 124, 127}
Added 30 singletons
added:  {128, 129, 17, 18, 20, 21, 35, 36, 38, 39, 53, 54, 56, 57, 70, 71, 73, 74, 76, 79, 104, 105, 107, 108, 110, 111, 122, 123, 125, 126}
chunks ... [0, 16889, 33778, 50667, 67557]
num codes: 488
num codes with support 0: 0
chunks ... [0, 16889, 33778, 50667, 67557]
database_size: 4493131.645996487
codetable_size: 18681.111777933223
complete: 4511812.75777442
Partition ratio: 0.3661784840640789
current singletons: {1, 2, 3, 4, 5, 6, 7, 8, 9, 10, 11, 12, 13, 16, 19, 22, 23, 24, 25, 26, 27, 28, 29, 30, 31, 34, 37, 40, 41, 42, 43, 44, 45, 46, 47, 48, 49, 50, 51, 52, 55, 58, 59, 61, 62, 64, 65, 66, 67, 68, 69, 70, 71, 72, 73, 74, 75, 76, 77, 78, 79, 80, 81, 82, 83, 84, 85, 88, 91, 94, 95, 96, 97, 98, 99, 100, 101, 102, 103, 106, 109, 112, 113, 114, 115, 116, 117, 118, 119, 120, 121, 124, 127}
Added 36 singletons
added:  {128, 129, 14, 15, 17, 18, 20, 21, 32, 33, 35, 36, 38, 39, 53, 54, 56, 57, 60, 63, 86, 87, 89, 90, 92, 93, 104, 105, 107, 108, 110, 111, 122, 123, 125, 126}
chunks ... [0, 16889, 33778, 50667, 67557]
num codes: 539
num codes with support 0: 0
chunks ... [0, 16889, 33778, 50667, 67557]
database_size: 5948470.487315089
codetable_size: 24132.44819193722
complete: 5972602.9355070265
Partition ratio: 0.4847361373922462
current singletons: {1, 2, 3, 4, 5, 6, 7, 8, 9, 10, 11, 12, 13, 16, 19, 22, 23, 24, 25, 26, 27, 28, 29, 30, 31, 32, 33, 34, 37, 40, 41, 42, 43, 44, 45, 46, 47, 48, 49, 50, 51, 52, 55, 58, 59, 60, 61, 62, 63, 64, 65, 66, 69, 72, 75, 76, 77, 78, 79, 80, 81, 82, 83, 84, 85, 88, 91, 94, 95, 96, 97, 98, 99, 100, 101, 102, 103, 106, 109, 113, 114, 116, 117, 118, 119, 120, 121, 122, 123, 124, 125, 126, 127, 128, 129}
Added 34 singletons
added:  {14, 15, 17, 18, 20, 21, 35, 36, 38, 39, 53, 54, 56, 57, 67, 68, 70, 71, 73, 74, 86, 87, 89, 90, 92, 93, 104, 105, 107, 108, 110, 111, 112, 115}
chunks ... [0, 16889, 33778, 50667, 67557]
num codes: 534
num codes with support 0: 0
chunks ... [0, 16889, 33778, 50667, 67557]
database_size: 5737873.998568568
codetable_size: 24933.69115011844
complete: 5762807.689718687
Partition ratio: 0.46770916637394533
current singletons: {1, 2, 3, 5, 6, 8, 9, 10, 11, 12, 13, 14, 15, 16, 17, 18, 19, 20, 21, 22, 23, 24, 25, 26, 27, 28, 29, 30, 31, 32, 34, 37, 40, 41, 42, 43, 44, 45, 46, 47, 48, 49, 50, 51, 52, 55, 58, 59, 60, 61, 62, 63, 64, 65, 66, 67, 68, 69, 72, 75, 76, 77, 78, 79, 80, 81, 82, 83, 84, 85, 88, 91, 94, 95, 96, 97, 98, 99, 100, 101, 102, 103, 106, 109, 112, 113, 114, 115, 116, 117, 118, 119, 120, 121, 122, 123, 124, 127}
Added 31 singletons
added:  {128, 129, 4, 7, 33, 35, 36, 38, 39, 53, 54, 56, 57, 70, 71, 73, 74, 86, 87, 89, 90, 92, 93, 104, 105, 107, 108, 110, 111, 125, 126}
chunks ... [0, 16889, 33778, 50667, 67557]
num codes: 615
num codes with support 0: 0
chunks ... [0, 16889, 33778, 50667, 67557]
database_size: 5209095.770339186
codetable_size: 29336.438094239315
complete: 5238432.208433426
Partition ratio: 0.42515088013156027
current singletons: {1, 2, 3, 4, 5, 6, 7, 8, 9, 10, 11, 12, 13, 16, 19, 22, 23, 24, 25, 26, 27, 28, 29, 30, 31, 34, 37, 40, 41, 43, 45, 47, 48, 49, 50, 51, 52, 53, 54, 55, 56, 57, 58, 59, 60, 61, 62, 63, 64, 65, 66, 67, 68, 69, 72, 75, 76, 77, 78, 79, 80, 81, 82, 83, 84, 85, 88, 91, 94, 95, 96, 97, 98, 99, 100, 101, 102, 103, 106, 109, 112, 113, 114, 115, 116, 117, 118, 119, 120, 121, 124, 127}
Added 37 singletons
added:  {128, 129, 14, 15, 17, 18, 20, 21, 32, 33, 35, 36, 38, 39, 42, 44, 46, 70, 71, 73, 74, 86, 87, 89, 90, 92, 93, 104, 105, 107, 108, 110, 111, 122, 123, 125, 126}
chunks ... [0, 16889, 33778, 50667, 67557]
num codes: 558
num codes with support 0: 0
chunks ... [0, 16889, 33778, 50667, 67557]
database_size: 5396025.934258518
codetable_size: 25462.03366638214
complete: 5421487.9679249
Partition ratio: 0.4400076758605682
current singletons: {1, 2, 3, 4, 5, 6, 7, 8, 9, 10, 11, 12, 13, 16, 19, 22, 23, 24, 25, 26, 27, 28, 29, 30, 31, 34, 37, 40, 41, 42, 43, 44, 45, 46, 47, 48, 49, 52, 55, 58, 59, 60, 61, 62, 63, 64, 65, 66, 69, 72, 75, 76, 77, 78, 79, 80, 81, 82, 85, 88, 91, 94, 95, 96, 97, 98, 99, 100, 103, 106, 109, 112, 113, 114, 115, 116, 117, 118, 121, 124, 127}
Added 48 singletons
added:  {128, 129, 14, 15, 17, 18, 20, 21, 32, 33, 35, 36, 38, 39, 50, 51, 53, 54, 56, 57, 67, 68, 70, 71, 73, 74, 83, 84, 86, 87, 89, 90, 92, 93, 101, 102, 104, 105, 107, 108, 110, 111, 119, 120, 122, 123, 125, 126}
chunks ... [0, 16889, 33778, 50667, 67557]
num codes: 516
num codes with support 0: 0
chunks ... [0, 16889, 33778, 50667, 67557]
database_size: 6649259.684206354
codetable_size: 22407.696561243578
complete: 6671667.380767598
Partition ratio: 0.5414721706834156
current singletons: {1, 2, 3, 4, 5, 6, 7, 8, 9, 10, 11, 12, 13, 14, 15, 16, 19, 23, 24, 26, 27, 28, 29, 30, 31, 32, 33, 34, 35, 36, 37, 38, 39, 40, 41, 42, 43, 44, 45, 46, 47, 48, 49, 50, 51, 52, 55, 58, 59, 60, 61, 62, 63, 64, 65, 66, 67, 68, 69, 72, 75, 76, 77, 78, 79, 80, 81, 82, 83, 84, 85, 88, 91, 94, 95, 96, 97, 98, 99, 100, 101, 102, 103, 106, 109, 112, 113, 114, 115, 116, 117, 118, 119, 120, 121, 124, 127}
Added 32 singletons
added:  {128, 129, 17, 18, 20, 21, 22, 25, 53, 54, 56, 57, 70, 71, 73, 74, 86, 87, 89, 90, 92, 93, 104, 105, 107, 108, 110, 111, 122, 123, 125, 126}
chunks ... [0, 16889, 33778, 50667, 67557]
num codes: 673
num codes with support 0: 0
chunks ... [0, 16889, 33778, 50667, 67557]
database_size: 5059695.900112139
codetable_size: 30814.42828231908
complete: 5090510.328394458
Partition ratio: 0.4131455481950247
initial ratio: 0.3661784840640789
merged: {1}
merged: {1}
to_process: {0, 2, 3, 4, 5, 6, 7}
[(0, 0.23887154269377464), (2, 0.26762963731145156), (3, 0.26190910199997086), (4, 0.1791155412418195), (5, 0.23341276547224174), (6, 0.21528539664576765), (7, 0.17235815004744284)]
next_candidate: 7
chunks ... [0, 16889, 33778, 50667, 67557]
chunks ... [0, 16889, 33778, 50667, 67557]
database_size: 3553182.7497152244
codetable_size: 48324.19463502757
complete: 3601506.944350252
current_ratio: 0.3661784840640789 --- candidate_ratio:0.29229811253935123
!!!!! ********* merge accepted ... 
merged: {1, 7}
to_process: {0, 2, 3, 4, 5, 6}
[(0, 0.15399672681579607), (2, 0.20745646660446182), (3, 0.2005310066442204), (4, 0.24168109980830052), (5, 0.19596210778013232), (6, 0.37088344059061684)]
next_candidate: 0
chunks ... [0, 16889, 33778, 50667, 67557]
chunks ... [0, 16889, 33778, 50667, 67557]
database_size: 3212360.3126164842
codetable_size: 68439.88323716744
complete: 3280800.1958536515
current_ratio: 0.29229811253935123 --- candidate_ratio:0.26626956984523165
!!!!! ********* merge accepted ... 
merged: {0, 1, 7}
to_process: {2, 3, 4, 5, 6}
[(2, 0.15041247832284488), (3, 0.14495012030052784), (4, 0.18286524757480774), (5, 0.145462145089034), (6, 0.2870403266775808)]
next_candidate: 3
chunks ... [0, 16889, 33778, 50667, 67557]
chunks ... [0, 16889, 33778, 50667, 67557]
database_size: 3141142.7656846526
codetable_size: 91525.6147498295
complete: 3232668.380434482
current_ratio: 0.26626956984523165 --- candidate_ratio:0.2623631942592604
!!!!! ********* merge accepted ... 
merged: {0, 1, 3, 7}
to_process: {2, 4, 5, 6}
[(2, 0.11425755812828522), (4, 0.1391346953328944), (5, 0.11072929729458901), (6, 0.2180719611477347)]
next_candidate: 5
chunks ... [0, 16889, 33778, 50667, 67557]
chunks ... [0, 16889, 33778, 50667, 67557]
database_size: 2898630.374732477
codetable_size: 114878.16865168053
complete: 3013508.5433841576
current_ratio: 0.2623631942592604 --- candidate_ratio:0.24457619351093932
!!!!! ********* merge accepted ... 
merged: {0, 1, 3, 5, 7}
to_process: {2, 4, 6}
[(2, 0.09098788946861097), (4, 0.11074420757662773), (6, 0.17254507274137906)]
next_candidate: 2
chunks ... [0, 16889, 33778, 50667, 67557]
chunks ... [0, 16889, 33778, 50667, 67557]
database_size: 2631986.550691022
codetable_size: 136678.25309764038
complete: 2768664.8037886624
current_ratio: 0.24457619351093932 --- candidate_ratio:0.22470468859461293
!!!!! ********* merge accepted ... 
merged: {0, 1, 2, 3, 5, 7}
to_process: {4, 6}
[(4, 0.09322724530144108), (6, 0.1441622264232013)]
next_candidate: 4
chunks ... [0, 16889, 33778, 50667, 67557]
chunks ... [0, 16889, 33778, 50667, 67557]
database_size: 2278195.1446312726
codetable_size: 162468.05754501632
complete: 2440663.202176289
current_ratio: 0.22470468859461293 --- candidate_ratio:0.19808409600861762
!!!!! ********* merge accepted ... 
merged: {0, 1, 2, 3, 4, 5, 7}
to_process: {6}
[(6, 0.11714462474445764)]
next_candidate: 6
chunks ... [0, 16889, 33778, 50667, 67557]
chunks ... [0, 16889, 33778, 50667, 67557]
database_size: 2186532.7289140127
codetable_size: 183023.42603881023
complete: 2369556.1549528227
current_ratio: 0.19808409600861762 --- candidate_ratio:0.1923130518282723
!!!!! ********* merge accepted ... 
merged table size: 3540
chunks ... [0, 16889, 33778, 50667, 67557]
chunks ... [0, 16889, 33778, 50667, 67557]
merged table size without non-used codes: 3409
database_size: 2186532.7289140127
codetable_size: 183023.42603881023
complete: 2369556.1549528227
database_size: 12320561.926931633
codetable_size: 786.6889113503379
complete: 12321348.615842983
merged size: 2369556.1549528227
sct size: 12321348.615842983
merged ratio: 0.1923130518282723
time elapsed: 344.37156867980957
