
DEBUG:root:--> entering support
DEBUG:root:cleaning the codetable ... 
DEBUG:root:calculating the supports ...
DEBUG:root:reducing the results ... 
DEBUG:root:<-- leaving support
DEBUG:root:--> entering usage
DEBUG:root:cleaning the codetable ... 
DEBUG:root:calculating the usages ... 
DEBUG:root:reducing the results ... 
DEBUG:root:<--leaving usage 
DEBUG:root:<-- leaving support
DEBUG:root:--> entering support
DEBUG:root:cleaning the codetable ... 
DEBUG:root:calculating the supports ...
DEBUG:root:reducing the results ... 
DEBUG:root:<-- leaving support
DEBUG:root:--> entering usage
DEBUG:root:cleaning the codetable ... 
DEBUG:root:calculating the usages ... 
DEBUG:root:reducing the results ... 
DEBUG:root:<--leaving usage 
DEBUG:root:<-- leaving support
DEBUG:root:--> entering support
DEBUG:root:cleaning the codetable ... 
DEBUG:root:calculating the supports ...
DEBUG:root:reducing the results ... 
DEBUG:root:<-- leaving support
DEBUG:root:--> entering usage
DEBUG:root:cleaning the codetable ... 
DEBUG:root:calculating the usages ... 
DEBUG:root:reducing the results ... 
DEBUG:root:<--leaving usage 
DEBUG:root:<-- leaving support
DEBUG:root:--> entering support
DEBUG:root:cleaning the codetable ... 
DEBUG:root:calculating the supports ...
DEBUG:root:reducing the results ... 
DEBUG:root:<-- leaving support
DEBUG:root:--> entering usage
DEBUG:root:cleaning the codetable ... 
DEBUG:root:calculating the usages ... 
DEBUG:root:reducing the results ... 
DEBUG:root:<--leaving usage 
DEBUG:root:<-- leaving support
DEBUG:root:--> entering support
DEBUG:root:cleaning the codetable ... 
DEBUG:root:calculating the supports ...
DEBUG:root:reducing the results ... 
DEBUG:root:<-- leaving support
DEBUG:root:--> entering usage
DEBUG:root:cleaning the codetable ... 
DEBUG:root:calculating the usages ... 
DEBUG:root:reducing the results ... 
DEBUG:root:<--leaving usage 
DEBUG:root:<-- leaving support
DEBUG:root:--> entering support
DEBUG:root:cleaning the codetable ... 
DEBUG:root:calculating the supports ...
DEBUG:root:reducing the results ... 
DEBUG:root:<-- leaving support
DEBUG:root:--> entering usage
DEBUG:root:cleaning the codetable ... 
DEBUG:root:calculating the usages ... 
DEBUG:root:reducing the results ... 
DEBUG:root:<--leaving usage 
DEBUG:root:<-- leaving support
DEBUG:root:--> entering support
DEBUG:root:cleaning the codetable ... 
DEBUG:root:calculating the supports ...
DEBUG:root:reducing the results ... 
DEBUG:root:<-- leaving support
DEBUG:root:--> entering usage
DEBUG:root:cleaning the codetable ... 
DEBUG:root:calculating the usages ... 
DEBUG:root:reducing the results ... 
DEBUG:root:<--leaving usage 
DEBUG:root:<-- leaving support
DEBUG:root:--> entering support
DEBUG:root:cleaning the codetable ... 
DEBUG:root:calculating the supports ...
DEBUG:root:reducing the results ... 
DEBUG:root:<-- leaving support
DEBUG:root:--> entering usage
DEBUG:root:cleaning the codetable ... 
DEBUG:root:calculating the usages ... 
DEBUG:root:reducing the results ... 
DEBUG:root:<--leaving usage 
DEBUG:root:<-- leaving support
DEBUG:root:--> entering support
DEBUG:root:cleaning the codetable ... 
DEBUG:root:calculating the supports ...
DEBUG:root:reducing the results ... 
DEBUG:root:<-- leaving support
DEBUG:root:--> entering usage
DEBUG:root:cleaning the codetable ... 
DEBUG:root:calculating the usages ... 
DEBUG:root:reducing the results ... 
DEBUG:root:<--leaving usage 
DEBUG:root:<-- leaving support
DEBUG:root:--> entering support
DEBUG:root:cleaning the codetable ... 
DEBUG:root:calculating the supports ...
DEBUG:root:reducing the results ... 
DEBUG:root:<-- leaving support
DEBUG:root:--> entering usage
DEBUG:root:cleaning the codetable ... 
DEBUG:root:calculating the usages ... 
DEBUG:root:reducing the results ... 
DEBUG:root:<--leaving usage 
DEBUG:root:<-- leaving support
DEBUG:root:--> entering support
DEBUG:root:cleaning the codetable ... 
DEBUG:root:calculating the supports ...
DEBUG:root:reducing the results ... 
DEBUG:root:<-- leaving support
DEBUG:root:--> entering usage
DEBUG:root:cleaning the codetable ... 
DEBUG:root:calculating the usages ... 
DEBUG:root:reducing the results ... 
DEBUG:root:<--leaving usage 
DEBUG:root:<-- leaving support
DEBUG:root:--> entering support
DEBUG:root:cleaning the codetable ... 
DEBUG:root:calculating the supports ...
DEBUG:root:reducing the results ... 
DEBUG:root:<-- leaving support
DEBUG:root:--> entering usage
DEBUG:root:cleaning the codetable ... 
DEBUG:root:calculating the usages ... 
DEBUG:root:reducing the results ... 
DEBUG:root:<--leaving usage 
DEBUG:root:<-- leaving support
DEBUG:root:--> entering support
DEBUG:root:cleaning the codetable ... 
DEBUG:root:calculating the supports ...
DEBUG:root:reducing the results ... 
DEBUG:root:<-- leaving support
DEBUG:root:--> entering usage
DEBUG:root:cleaning the codetable ... 
DEBUG:root:calculating the usages ... 
DEBUG:root:reducing the results ... 
DEBUG:root:<--leaving usage 
DEBUG:root:<-- leaving support
DEBUG:root:--> entering support
DEBUG:root:cleaning the codetable ... 
DEBUG:root:calculating the supports ...
DEBUG:root:reducing the results ... 
DEBUG:root:<-- leaving support
DEBUG:root:--> entering usage
DEBUG:root:cleaning the codetable ... 
DEBUG:root:calculating the usages ... 
DEBUG:root:reducing the results ... 
DEBUG:root:<--leaving usage 
DEBUG:root:<-- leaving support
DEBUG:root:--> entering support
DEBUG:root:cleaning the codetable ... 
DEBUG:root:calculating the supports ...
DEBUG:root:reducing the results ... 
DEBUG:root:<-- leaving support
DEBUG:root:--> entering usage
DEBUG:root:cleaning the codetable ... 
DEBUG:root:calculating the usages ... 
DEBUG:root:reducing the results ... 
DEBUG:root:<--leaving usage 
DEBUG:root:<-- leaving support
DEBUG:root:--> entering support
DEBUG:root:cleaning the codetable ... 
DEBUG:root:calculating the supports ...
DEBUG:root:reducing the results ... 
DEBUG:root:<-- leaving support
DEBUG:root:--> entering usage
DEBUG:root:cleaning the codetable ... 
DEBUG:root:calculating the usages ... 
DEBUG:root:reducing the results ... 
DEBUG:root:<--leaving usage 
DEBUG:root:<-- leaving support
DEBUG:root:deduplicating codes
DEBUG:root:processing 0 357against ... 
DEBUG:root: ... 1 - 381
DEBUG:root: ... 2 - 349
DEBUG:root: ... 3 - 438
DEBUG:root: ... 4 - 450
DEBUG:root: ... 5 - 406
DEBUG:root: ... 6 - 370
DEBUG:root: ... 7 - 407
DEBUG:root: ... 8 - 416
DEBUG:root: ... 9 - 373
DEBUG:root: ... 10 - 331
DEBUG:root: ... 11 - 349
DEBUG:root: ... 12 - 434
DEBUG:root: ... 13 - 415
DEBUG:root: ... 14 - 343
DEBUG:root: ... 15 - 324
DEBUG:root:processing 1 381against ... 
DEBUG:root: ... 2 - 349
DEBUG:root: ... 3 - 438
DEBUG:root: ... 4 - 450
DEBUG:root: ... 5 - 406
DEBUG:root: ... 6 - 370
DEBUG:root: ... 7 - 407
DEBUG:root: ... 8 - 416
DEBUG:root: ... 9 - 373
DEBUG:root: ... 10 - 331
DEBUG:root: ... 11 - 349
DEBUG:root: ... 12 - 434
DEBUG:root: ... 13 - 415
DEBUG:root: ... 14 - 343
DEBUG:root: ... 15 - 324
DEBUG:root:processing 2 349against ... 
DEBUG:root: ... 3 - 438
DEBUG:root: ... 4 - 450
DEBUG:root: ... 5 - 406
DEBUG:root: ... 6 - 370
DEBUG:root: ... 7 - 407
DEBUG:root: ... 8 - 416
DEBUG:root: ... 9 - 373
DEBUG:root: ... 10 - 331
DEBUG:root: ... 11 - 349
DEBUG:root: ... 12 - 434
DEBUG:root: ... 13 - 415
DEBUG:root: ... 14 - 343
DEBUG:root: ... 15 - 324
DEBUG:root:processing 3 438against ... 
DEBUG:root: ... 4 - 450
DEBUG:root: ... 5 - 406
DEBUG:root: ... 6 - 370
DEBUG:root: ... 7 - 407
DEBUG:root: ... 8 - 416
DEBUG:root: ... 9 - 373
DEBUG:root: ... 10 - 331
DEBUG:root: ... 11 - 349
DEBUG:root: ... 12 - 434
DEBUG:root: ... 13 - 415
DEBUG:root: ... 14 - 343
DEBUG:root: ... 15 - 324
DEBUG:root:processing 4 450against ... 
DEBUG:root: ... 5 - 406
DEBUG:root: ... 6 - 370
DEBUG:root: ... 7 - 407
DEBUG:root: ... 8 - 416
DEBUG:root: ... 9 - 373
DEBUG:root: ... 10 - 331
DEBUG:root: ... 11 - 349
DEBUG:root: ... 12 - 434
DEBUG:root: ... 13 - 415
DEBUG:root: ... 14 - 343
DEBUG:root: ... 15 - 324
DEBUG:root:processing 5 406against ... 
DEBUG:root: ... 6 - 370
DEBUG:root: ... 7 - 407
DEBUG:root: ... 8 - 416
DEBUG:root: ... 9 - 373
DEBUG:root: ... 10 - 331
DEBUG:root: ... 11 - 349
DEBUG:root: ... 12 - 434
DEBUG:root: ... 13 - 415
DEBUG:root: ... 14 - 343
DEBUG:root: ... 15 - 324
DEBUG:root:processing 6 370against ... 
DEBUG:root: ... 7 - 407
DEBUG:root: ... 8 - 416
DEBUG:root: ... 9 - 373
DEBUG:root: ... 10 - 331
DEBUG:root: ... 11 - 349
DEBUG:root: ... 12 - 434
DEBUG:root: ... 13 - 415
DEBUG:root: ... 14 - 343
DEBUG:root: ... 15 - 324
DEBUG:root:processing 7 407against ... 
DEBUG:root: ... 8 - 416
DEBUG:root: ... 9 - 373
DEBUG:root: ... 10 - 331
DEBUG:root: ... 11 - 349
DEBUG:root: ... 12 - 434
DEBUG:root: ... 13 - 415
DEBUG:root: ... 14 - 343
DEBUG:root: ... 15 - 324
DEBUG:root:processing 8 416against ... 
DEBUG:root: ... 9 - 373
DEBUG:root: ... 10 - 331
DEBUG:root: ... 11 - 349
DEBUG:root: ... 12 - 434
DEBUG:root: ... 13 - 415
DEBUG:root: ... 14 - 343
DEBUG:root: ... 15 - 324
DEBUG:root:processing 9 373against ... 
DEBUG:root: ... 10 - 331
DEBUG:root: ... 11 - 349
DEBUG:root: ... 12 - 434
DEBUG:root: ... 13 - 415
DEBUG:root: ... 14 - 343
DEBUG:root: ... 15 - 324
DEBUG:root:processing 10 331against ... 
DEBUG:root: ... 11 - 349
DEBUG:root: ... 12 - 434
DEBUG:root: ... 13 - 415
DEBUG:root: ... 14 - 343
DEBUG:root: ... 15 - 324
DEBUG:root:processing 11 349against ... 
DEBUG:root: ... 12 - 434
DEBUG:root: ... 13 - 415
DEBUG:root: ... 14 - 343
DEBUG:root: ... 15 - 324
DEBUG:root:processing 12 434against ... 
DEBUG:root: ... 13 - 415
DEBUG:root: ... 14 - 343
DEBUG:root: ... 15 - 324
DEBUG:root:processing 13 415against ... 
DEBUG:root: ... 14 - 343
DEBUG:root: ... 15 - 324
DEBUG:root:processing 14 343against ... 
DEBUG:root: ... 15 - 324
DEBUG:root:merging done ...
DEBUG:root:--> entering support
DEBUG:root:cleaning the codetable ... 
DEBUG:root:calculating the supports ...
DEBUG:root:reducing the results ... 
DEBUG:root:<-- leaving support
DEBUG:root:--> entering usage
DEBUG:root:cleaning the codetable ... 
DEBUG:root:calculating the usages ... 
DEBUG:root:reducing the results ... 
DEBUG:root:<--leaving usage 
DEBUG:root:<-- leaving support
DEBUG:root:--> entering support
DEBUG:root:cleaning the codetable ... 
DEBUG:root:calculating the supports ...
DEBUG:root:reducing the results ... 
DEBUG:root:<-- leaving support
DEBUG:root:--> entering usage
DEBUG:root:cleaning the codetable ... 
DEBUG:root:calculating the usages ... 
DEBUG:root:reducing the results ... 
DEBUG:root:<--leaving usage 
DEBUG:root:<-- leaving support
DEBUG:root:--> entering support
DEBUG:root:cleaning the codetable ... 
DEBUG:root:calculating the supports ...
DEBUG:root:reducing the results ... 
DEBUG:root:<-- leaving support
DEBUG:root:--> entering usage
DEBUG:root:cleaning the codetable ... 
DEBUG:root:calculating the usages ... 
DEBUG:root:reducing the results ... 
DEBUG:root:<--leaving usage 
DEBUG:root:<-- leaving support
DEBUG:root:--> entering support
DEBUG:root:cleaning the codetable ... 
DEBUG:root:calculating the supports ...
DEBUG:root:reducing the results ... 
DEBUG:root:<-- leaving support
DEBUG:root:--> entering usage
DEBUG:root:cleaning the codetable ... 
DEBUG:root:calculating the usages ... 
DEBUG:root:reducing the results ... 
DEBUG:root:<--leaving usage 
DEBUG:root:<-- leaving support
DEBUG:root:--> entering support
DEBUG:root:cleaning the codetable ... 
DEBUG:root:calculating the supports ...
DEBUG:root:reducing the results ... 
DEBUG:root:<-- leaving support
DEBUG:root:--> entering usage
DEBUG:root:cleaning the codetable ... 
DEBUG:root:calculating the usages ... 
DEBUG:root:reducing the results ... 
DEBUG:root:<--leaving usage 
DEBUG:root:<-- leaving support
DEBUG:root:--> entering support
DEBUG:root:cleaning the codetable ... 
DEBUG:root:calculating the supports ...
DEBUG:root:reducing the results ... 
DEBUG:root:<-- leaving support
DEBUG:root:--> entering usage
DEBUG:root:cleaning the codetable ... 
DEBUG:root:calculating the usages ... 
DEBUG:root:reducing the results ... 
DEBUG:root:<--leaving usage 
DEBUG:root:<-- leaving support
DEBUG:root:--> entering support
DEBUG:root:cleaning the codetable ... 
DEBUG:root:calculating the supports ...
DEBUG:root:reducing the results ... 
DEBUG:root:<-- leaving support
DEBUG:root:--> entering usage
DEBUG:root:cleaning the codetable ... 
DEBUG:root:calculating the usages ... 
DEBUG:root:reducing the results ... 
DEBUG:root:<--leaving usage 
DEBUG:root:<-- leaving support
DEBUG:root:--> entering support
DEBUG:root:cleaning the codetable ... 
DEBUG:root:calculating the supports ...
DEBUG:root:reducing the results ... 
DEBUG:root:<-- leaving support
DEBUG:root:--> entering usage
DEBUG:root:cleaning the codetable ... 
DEBUG:root:calculating the usages ... 
DEBUG:root:reducing the results ... 
DEBUG:root:<--leaving usage 
DEBUG:root:<-- leaving support
DEBUG:root:--> entering support
DEBUG:root:cleaning the codetable ... 
DEBUG:root:calculating the supports ...
DEBUG:root:reducing the results ... 
DEBUG:root:<-- leaving support
DEBUG:root:--> entering usage
DEBUG:root:cleaning the codetable ... 
DEBUG:root:calculating the usages ... 
DEBUG:root:reducing the results ... 
DEBUG:root:<--leaving usage 
DEBUG:root:<-- leaving support
DEBUG:root:--> entering support
DEBUG:root:cleaning the codetable ... 
DEBUG:root:calculating the supports ...
DEBUG:root:reducing the results ... 
DEBUG:root:<-- leaving support
DEBUG:root:--> entering usage
DEBUG:root:cleaning the codetable ... 
DEBUG:root:calculating the usages ... 
DEBUG:root:reducing the results ... 
DEBUG:root:<--leaving usage 
DEBUG:root:<-- leaving support
DEBUG:root:--> entering support
DEBUG:root:cleaning the codetable ... 
DEBUG:root:calculating the supports ...
DEBUG:root:reducing the results ... 
DEBUG:root:<-- leaving support
DEBUG:root:--> entering usage
DEBUG:root:cleaning the codetable ... 
DEBUG:root:calculating the usages ... 
DEBUG:root:reducing the results ... 
DEBUG:root:<--leaving usage 
DEBUG:root:<-- leaving support
DEBUG:root:--> entering support
DEBUG:root:cleaning the codetable ... 
DEBUG:root:calculating the supports ...
DEBUG:root:reducing the results ... 
DEBUG:root:<-- leaving support
DEBUG:root:--> entering usage
DEBUG:root:cleaning the codetable ... 
DEBUG:root:calculating the usages ... 
DEBUG:root:reducing the results ... 
DEBUG:root:<--leaving usage 
DEBUG:root:<-- leaving support
DEBUG:root:--> entering support
DEBUG:root:cleaning the codetable ... 
DEBUG:root:calculating the supports ...
DEBUG:root:reducing the results ... 
DEBUG:root:<-- leaving support
DEBUG:root:--> entering usage
DEBUG:root:cleaning the codetable ... 
DEBUG:root:calculating the usages ... 
DEBUG:root:reducing the results ... 
DEBUG:root:<--leaving usage 
DEBUG:root:<-- leaving support
DEBUG:root:--> entering support
DEBUG:root:cleaning the codetable ... 
DEBUG:root:calculating the supports ...
DEBUG:root:reducing the results ... 
DEBUG:root:<-- leaving support
DEBUG:root:--> entering usage
DEBUG:root:cleaning the codetable ... 
DEBUG:root:calculating the usages ... 
DEBUG:root:reducing the results ... 
DEBUG:root:<--leaving usage 
DEBUG:root:<-- leaving support
DEBUG:root:--> entering support
DEBUG:root:cleaning the codetable ... 
DEBUG:root:calculating the supports ...
DEBUG:root:reducing the results ... 
DEBUG:root:<-- leaving support
DEBUG:root:--> entering usage
DEBUG:root:cleaning the codetable ... 
DEBUG:root:calculating the usages ... 
DEBUG:root:reducing the results ... 
DEBUG:root:<--leaving usage 
DEBUG:root:<-- leaving support
DEBUG:root:--> entering support
DEBUG:root:cleaning the codetable ... 
DEBUG:root:calculating the supports ...
DEBUG:root:reducing the results ... 
DEBUG:root:<-- leaving support
DEBUG:root:--> entering usage
DEBUG:root:cleaning the codetable ... 
DEBUG:root:calculating the usages ... 
DEBUG:root:reducing the results ... 
DEBUG:root:<--leaving usage 
DEBUG:root:<-- leaving support
DEBUG:root:--> entering support
DEBUG:root:cleaning the codetable ... 
DEBUG:root:calculating the supports ...
DEBUG:root:reducing the results ... 
DEBUG:root:<-- leaving support
DEBUG:root:--> entering usage
DEBUG:root:cleaning the codetable ... 
DEBUG:root:calculating the usages ... 
DEBUG:root:reducing the results ... 
DEBUG:root:<--leaving usage 
DEBUG:root:<-- leaving support
DEBUG:root:<-- leaving support
DEBUG:root:--> entering support
DEBUG:root:cleaning the codetable ... 
DEBUG:root:calculating the supports ...
DEBUG:root:reducing the results ... 
DEBUG:root:<-- leaving support
DEBUG:root:--> entering usage
DEBUG:root:cleaning the codetable ... 
DEBUG:root:calculating the usages ... 
DEBUG:root:reducing the results ... 
DEBUG:root:<--leaving usage 
DEBUG:root:--> entering support
DEBUG:root:cleaning the codetable ... 
DEBUG:root:calculating the supports ...
DEBUG:root:reducing the results ... 
DEBUG:root:<-- leaving support
DEBUG:root:--> entering usage
DEBUG:root:cleaning the codetable ... 
DEBUG:root:calculating the usages ... 
DEBUG:root:reducing the results ... 
DEBUG:root:<--leaving usage 
DEBUG:root:--> entering support
DEBUG:root:cleaning the codetable ... 
DEBUG:root:calculating the supports ...
DEBUG:root:reducing the results ... 
DEBUG:root:<-- leaving support
DEBUG:root:--> entering usage
DEBUG:root:cleaning the codetable ... 
DEBUG:root:calculating the usages ... 
DEBUG:root:reducing the results ... 
DEBUG:root:<--leaving usage 
DEBUG:root:--> entering support
DEBUG:root:cleaning the codetable ... 
DEBUG:root:calculating the supports ...
DEBUG:root:reducing the results ... 
DEBUG:root:<-- leaving support
DEBUG:root:--> entering usage
DEBUG:root:cleaning the codetable ... 
DEBUG:root:calculating the usages ... 
DEBUG:root:reducing the results ... 
DEBUG:root:<--leaving usage 
DEBUG:root:--> entering support
DEBUG:root:cleaning the codetable ... 
DEBUG:root:calculating the supports ...
DEBUG:root:reducing the results ... 
DEBUG:root:<-- leaving support
DEBUG:root:--> entering usage
DEBUG:root:cleaning the codetable ... 
DEBUG:root:calculating the usages ... 
DEBUG:root:reducing the results ... 
DEBUG:root:<--leaving usage 
DEBUG:root:--> entering support
DEBUG:root:cleaning the codetable ... 
DEBUG:root:calculating the supports ...
DEBUG:root:reducing the results ... 
DEBUG:root:<-- leaving support
DEBUG:root:--> entering usage
DEBUG:root:cleaning the codetable ... 
DEBUG:root:calculating the usages ... 
DEBUG:root:reducing the results ... 
DEBUG:root:<--leaving usage 
DEBUG:root:--> entering support
DEBUG:root:cleaning the codetable ... 
DEBUG:root:calculating the supports ...
DEBUG:root:reducing the results ... 
DEBUG:root:<-- leaving support
DEBUG:root:--> entering usage
DEBUG:root:cleaning the codetable ... 
DEBUG:root:calculating the usages ... 
DEBUG:root:reducing the results ... 
DEBUG:root:<--leaving usage 
DEBUG:root:--> entering support
DEBUG:root:cleaning the codetable ... 
DEBUG:root:calculating the supports ...
DEBUG:root:reducing the results ... 
DEBUG:root:<-- leaving support
DEBUG:root:--> entering usage
DEBUG:root:cleaning the codetable ... 
DEBUG:root:calculating the usages ... 
DEBUG:root:reducing the results ... 
DEBUG:root:<--leaving usage 
DEBUG:root:--> entering support
DEBUG:root:cleaning the codetable ... 
DEBUG:root:calculating the supports ...
DEBUG:root:reducing the results ... 
DEBUG:root:<-- leaving support
DEBUG:root:--> entering usage
DEBUG:root:cleaning the codetable ... 
DEBUG:root:calculating the usages ... 
DEBUG:root:reducing the results ... 
DEBUG:root:<--leaving usage 
DEBUG:root:--> entering support
DEBUG:root:cleaning the codetable ... 
DEBUG:root:calculating the supports ...
DEBUG:root:reducing the results ... 
DEBUG:root:<-- leaving support
DEBUG:root:--> entering usage
DEBUG:root:cleaning the codetable ... 
DEBUG:root:calculating the usages ... 
DEBUG:root:reducing the results ... 
DEBUG:root:<--leaving usage 
DEBUG:root:--> entering support
DEBUG:root:cleaning the codetable ... 
DEBUG:root:calculating the supports ...
DEBUG:root:reducing the results ... 
DEBUG:root:<-- leaving support
DEBUG:root:--> entering usage
DEBUG:root:cleaning the codetable ... 
DEBUG:root:calculating the usages ... 
DEBUG:root:reducing the results ... 
DEBUG:root:<--leaving usage 
DEBUG:root:--> entering support
DEBUG:root:cleaning the codetable ... 
DEBUG:root:calculating the supports ...
DEBUG:root:reducing the results ... 
DEBUG:root:<-- leaving support
DEBUG:root:--> entering usage
DEBUG:root:cleaning the codetable ... 
DEBUG:root:calculating the usages ... 
DEBUG:root:reducing the results ... 
DEBUG:root:<--leaving usage 
DEBUG:root:--> entering support
DEBUG:root:cleaning the codetable ... 
DEBUG:root:calculating the supports ...
DEBUG:root:reducing the results ... 
DEBUG:root:<-- leaving support
DEBUG:root:--> entering usage
DEBUG:root:cleaning the codetable ... 
DEBUG:root:calculating the usages ... 
DEBUG:root:reducing the results ... 
DEBUG:root:<--leaving usage 
DEBUG:root:--> entering support
DEBUG:root:cleaning the codetable ... 
DEBUG:root:calculating the supports ...
DEBUG:root:reducing the results ... 
DEBUG:root:<-- leaving support
DEBUG:root:--> entering usage
DEBUG:root:cleaning the codetable ... 
DEBUG:root:calculating the usages ... 
DEBUG:root:reducing the results ... 
DEBUG:root:<--leaving usage 
DEBUG:root:--> entering support
DEBUG:root:cleaning the codetable ... 
DEBUG:root:calculating the supports ...
DEBUG:root:reducing the results ... 
DEBUG:root:<-- leaving support
DEBUG:root:--> entering usage
DEBUG:root:cleaning the codetable ... 
DEBUG:root:calculating the usages ... 
DEBUG:root:reducing the results ... 
DEBUG:root:<--leaving usage 
DEBUG:root:--> entering support
DEBUG:root:cleaning the codetable ... 
DEBUG:root:calculating the supports ...
DEBUG:root:reducing the results ... 
DEBUG:root:<-- leaving support
DEBUG:root:--> entering usage
DEBUG:root:cleaning the codetable ... 
DEBUG:root:calculating the usages ... 
DEBUG:root:reducing the results ... 
DEBUG:root:<--leaving usage 
DEBUG:root:--> entering support
DEBUG:root:cleaning the codetable ... 
DEBUG:root:calculating the supports ...
DEBUG:root:reducing the results ... 
DEBUG:root:<-- leaving support
DEBUG:root:--> entering usage
DEBUG:root:cleaning the codetable ... 
DEBUG:root:calculating the usages ... 
DEBUG:root:reducing the results ... 
DEBUG:root:<--leaving usage 
DEBUG:root:<-- leaving support
DEBUG:root:--> entering support
DEBUG:root:cleaning the codetable ... 
DEBUG:root:calculating the supports ...
DEBUG:root:reducing the results ... 
DEBUG:root:<-- leaving support
DEBUG:root:--> entering usage
DEBUG:root:cleaning the codetable ... 
DEBUG:root:calculating the usages ... 
DEBUG:root:reducing the results ... 
DEBUG:root:<--leaving usage 
DEBUG:root:<-- leaving support
DEBUG:root:--> entering support
DEBUG:root:cleaning the codetable ... 
DEBUG:root:calculating the supports ...
DEBUG:root:reducing the results ... 
DEBUG:root:<-- leaving support
DEBUG:root:--> entering usage
DEBUG:root:cleaning the codetable ... 
DEBUG:root:calculating the usages ... 
DEBUG:root:reducing the results ... 
DEBUG:root:<--leaving usage 
DEBUG:root:<-- leaving support
DEBUG:root:--> entering support
DEBUG:root:cleaning the codetable ... 
DEBUG:root:calculating the supports ...
DEBUG:root:reducing the results ... 
DEBUG:root:<-- leaving support
DEBUG:root:--> entering usage
DEBUG:root:cleaning the codetable ... 
DEBUG:root:calculating the usages ... 
DEBUG:root:reducing the results ... 
DEBUG:root:<--leaving usage 
DEBUG:root:<-- leaving support
DEBUG:root:--> entering support
DEBUG:root:cleaning the codetable ... 
DEBUG:root:calculating the supports ...
DEBUG:root:reducing the results ... 
DEBUG:root:<-- leaving support
DEBUG:root:--> entering usage
DEBUG:root:cleaning the codetable ... 
DEBUG:root:calculating the usages ... 
DEBUG:root:reducing the results ... 
DEBUG:root:<--leaving usage 
DEBUG:root:<-- leaving support
DEBUG:root:--> entering support
DEBUG:root:cleaning the codetable ... 
DEBUG:root:calculating the supports ...
DEBUG:root:reducing the results ... 
DEBUG:root:<-- leaving support
DEBUG:root:--> entering usage
DEBUG:root:cleaning the codetable ... 
DEBUG:root:calculating the usages ... 
DEBUG:root:reducing the results ... 
DEBUG:root:<--leaving usage 
DEBUG:root:<-- leaving support
DEBUG:root:--> entering support
DEBUG:root:cleaning the codetable ... 
DEBUG:root:calculating the supports ...
DEBUG:root:reducing the results ... 
DEBUG:root:<-- leaving support
DEBUG:root:--> entering usage
DEBUG:root:cleaning the codetable ... 
DEBUG:root:calculating the usages ... 
DEBUG:root:reducing the results ... 
DEBUG:root:<--leaving usage 
DEBUG:root:<-- leaving support
DEBUG:root:--> entering support
DEBUG:root:cleaning the codetable ... 
DEBUG:root:calculating the supports ...
DEBUG:root:reducing the results ... 
DEBUG:root:<-- leaving support
DEBUG:root:--> entering usage
DEBUG:root:cleaning the codetable ... 
DEBUG:root:calculating the usages ... 
DEBUG:root:reducing the results ... 
DEBUG:root:<--leaving usage 
DEBUG:root:<-- leaving support
DEBUG:root:--> entering support
DEBUG:root:cleaning the codetable ... 
DEBUG:root:calculating the supports ...
DEBUG:root:reducing the results ... 
DEBUG:root:<-- leaving support
DEBUG:root:--> entering usage
DEBUG:root:cleaning the codetable ... 
DEBUG:root:calculating the usages ... 
DEBUG:root:reducing the results ... 
DEBUG:root:<--leaving usage 
DEBUG:root:<-- leaving support
DEBUG:root:--> entering support
DEBUG:root:cleaning the codetable ... 
DEBUG:root:calculating the supports ...
DEBUG:root:reducing the results ... 
DEBUG:root:<-- leaving support
DEBUG:root:--> entering usage
DEBUG:root:cleaning the codetable ... 
DEBUG:root:calculating the usages ... 
DEBUG:root:reducing the results ... 
DEBUG:root:<--leaving usage 
DEBUG:root:<-- leaving support
DEBUG:root:--> entering support
DEBUG:root:cleaning the codetable ... 
DEBUG:root:calculating the supports ...
DEBUG:root:reducing the results ... 
DEBUG:root:<-- leaving support
DEBUG:root:--> entering usage
DEBUG:root:cleaning the codetable ... 
DEBUG:root:calculating the usages ... 
DEBUG:root:reducing the results ... 
DEBUG:root:<--leaving usage 
DEBUG:root:<-- leaving support
DEBUG:root:--> entering support
DEBUG:root:cleaning the codetable ... 
DEBUG:root:calculating the supports ...
DEBUG:root:reducing the results ... 
DEBUG:root:<-- leaving support
DEBUG:root:--> entering usage
DEBUG:root:cleaning the codetable ... 
DEBUG:root:calculating the usages ... 
DEBUG:root:reducing the results ... 
DEBUG:root:<--leaving usage 
DEBUG:root:<-- leaving support
DEBUG:root:--> entering support
DEBUG:root:cleaning the codetable ... 
DEBUG:root:calculating the supports ...
DEBUG:root:reducing the results ... 
DEBUG:root:<-- leaving support
DEBUG:root:--> entering usage
DEBUG:root:cleaning the codetable ... 
DEBUG:root:calculating the usages ... 
DEBUG:root:reducing the results ... 
DEBUG:root:<--leaving usage 
DEBUG:root:<-- leaving support
DEBUG:root:--> entering support
DEBUG:root:cleaning the codetable ... 
DEBUG:root:calculating the supports ...
DEBUG:root:reducing the results ... 
DEBUG:root:<-- leaving support
DEBUG:root:--> entering usage
DEBUG:root:cleaning the codetable ... 
DEBUG:root:calculating the usages ... 
DEBUG:root:reducing the results ... 
DEBUG:root:<--leaving usage 
DEBUG:root:<-- leaving support
DEBUG:root:--> entering support
DEBUG:root:cleaning the codetable ... 
DEBUG:root:calculating the supports ...
DEBUG:root:reducing the results ... 
DEBUG:root:<-- leaving support
DEBUG:root:--> entering usage
DEBUG:root:cleaning the codetable ... 
DEBUG:root:calculating the usages ... 
DEBUG:root:reducing the results ... 
DEBUG:root:<--leaving usage 
DEBUG:root:<-- leaving support
DEBUG:root:--> entering support
DEBUG:root:cleaning the codetable ... 
DEBUG:root:calculating the supports ...
DEBUG:root:reducing the results ... 
DEBUG:root:<-- leaving support
DEBUG:root:--> entering usage
DEBUG:root:cleaning the codetable ... 
DEBUG:root:calculating the usages ... 
DEBUG:root:reducing the results ... 
DEBUG:root:<--leaving usage 
DEBUG:root:<-- leaving support
DEBUG:root:--> entering support
DEBUG:root:cleaning the codetable ... 
DEBUG:root:calculating the supports ...
DEBUG:root:reducing the results ... 
DEBUG:root:<-- leaving support
DEBUG:root:--> entering usage
DEBUG:root:cleaning the codetable ... 
DEBUG:root:calculating the usages ... 
DEBUG:root:reducing the results ... 
DEBUG:root:<--leaving usage 
DEBUG:root:<-- leaving support
DEBUG:root:<-- leaving support
DEBUG:root:<-- leaving support
DEBUG:root:--> entering support
DEBUG:root:cleaning the codetable ... 
DEBUG:root:calculating the supports ...
DEBUG:root:reducing the results ... 
DEBUG:root:<-- leaving support
DEBUG:root:--> entering usage
DEBUG:root:cleaning the codetable ... 
DEBUG:root:calculating the usages ... 
DEBUG:root:reducing the results ... 
DEBUG:root:<--leaving usage 
DEBUG:root:--> entering support
DEBUG:root:cleaning the codetable ... 
DEBUG:root:calculating the supports ...
DEBUG:root:reducing the results ... 
DEBUG:root:<-- leaving support
DEBUG:root:--> entering usage
DEBUG:root:cleaning the codetable ... 
DEBUG:root:calculating the usages ... 
DEBUG:root:reducing the results ... 
DEBUG:root:<--leaving usage 
DEBUG:root:--> entering support
DEBUG:root:cleaning the codetable ... 
DEBUG:root:calculating the supports ...
DEBUG:root:reducing the results ... 
DEBUG:root:<-- leaving support
DEBUG:root:--> entering usage
DEBUG:root:cleaning the codetable ... 
DEBUG:root:calculating the usages ... 
DEBUG:root:reducing the results ... 
DEBUG:root:<--leaving usage 
DEBUG:root:--> entering support
DEBUG:root:cleaning the codetable ... 
DEBUG:root:calculating the supports ...
DEBUG:root:reducing the results ... 
DEBUG:root:<-- leaving support
DEBUG:root:--> entering usage
DEBUG:root:cleaning the codetable ... 
DEBUG:root:calculating the usages ... 
DEBUG:root:reducing the results ... 
DEBUG:root:<--leaving usage 
DEBUG:root:--> entering support
DEBUG:root:cleaning the codetable ... 
DEBUG:root:calculating the supports ...
DEBUG:root:reducing the results ... 
DEBUG:root:<-- leaving support
DEBUG:root:--> entering usage
DEBUG:root:cleaning the codetable ... 
DEBUG:root:calculating the usages ... 
DEBUG:root:reducing the results ... 
DEBUG:root:<--leaving usage 
DEBUG:root:--> entering support
DEBUG:root:cleaning the codetable ... 
DEBUG:root:calculating the supports ...
DEBUG:root:reducing the results ... 
DEBUG:root:<-- leaving support
DEBUG:root:--> entering usage
DEBUG:root:cleaning the codetable ... 
DEBUG:root:calculating the usages ... 
DEBUG:root:reducing the results ... 
DEBUG:root:<--leaving usage 
DEBUG:root:--> entering support
DEBUG:root:cleaning the codetable ... 
DEBUG:root:calculating the supports ...
DEBUG:root:reducing the results ... 
DEBUG:root:<-- leaving support
DEBUG:root:--> entering usage
DEBUG:root:cleaning the codetable ... 
DEBUG:root:calculating the usages ... 
DEBUG:root:reducing the results ... 
DEBUG:root:<--leaving usage 
DEBUG:root:--> entering support
DEBUG:root:cleaning the codetable ... 
DEBUG:root:calculating the supports ...
DEBUG:root:reducing the results ... 
DEBUG:root:<-- leaving support
DEBUG:root:--> entering usage
DEBUG:root:cleaning the codetable ... 
DEBUG:root:calculating the usages ... 
DEBUG:root:reducing the results ... 
DEBUG:root:<--leaving usage 
DEBUG:root:--> entering support
DEBUG:root:cleaning the codetable ... 
DEBUG:root:calculating the supports ...
DEBUG:root:reducing the results ... 
DEBUG:root:<-- leaving support
DEBUG:root:--> entering usage
DEBUG:root:cleaning the codetable ... 
DEBUG:root:calculating the usages ... 
DEBUG:root:reducing the results ... 
DEBUG:root:<--leaving usage 
DEBUG:root:--> entering support
DEBUG:root:cleaning the codetable ... 
DEBUG:root:calculating the supports ...
DEBUG:root:reducing the results ... 
DEBUG:root:<-- leaving support
DEBUG:root:--> entering usage
DEBUG:root:cleaning the codetable ... 
DEBUG:root:calculating the usages ... 
DEBUG:root:reducing the results ... 
DEBUG:root:<--leaving usage 
DEBUG:root:--> entering support
DEBUG:root:cleaning the codetable ... 
DEBUG:root:calculating the supports ...
DEBUG:root:reducing the results ... 
DEBUG:root:<-- leaving support
DEBUG:root:--> entering usage
DEBUG:root:cleaning the codetable ... 
DEBUG:root:calculating the usages ... 
DEBUG:root:reducing the results ... 
DEBUG:root:<--leaving usage 
DEBUG:root:--> entering support
DEBUG:root:cleaning the codetable ... 
DEBUG:root:calculating the supports ...
DEBUG:root:reducing the results ... 
DEBUG:root:<-- leaving support
DEBUG:root:--> entering usage
DEBUG:root:cleaning the codetable ... 
DEBUG:root:calculating the usages ... 
DEBUG:root:reducing the results ... 
DEBUG:root:<--leaving usage 
DEBUG:root:--> entering support
DEBUG:root:cleaning the codetable ... 
DEBUG:root:calculating the supports ...
DEBUG:root:reducing the results ... 
DEBUG:root:<-- leaving support
DEBUG:root:--> entering usage
DEBUG:root:cleaning the codetable ... 
DEBUG:root:calculating the usages ... 
DEBUG:root:reducing the results ... 
DEBUG:root:<--leaving usage 
DEBUG:root:--> entering support
DEBUG:root:cleaning the codetable ... 
DEBUG:root:calculating the supports ...
DEBUG:root:reducing the results ... 
DEBUG:root:<-- leaving support
DEBUG:root:--> entering usage
DEBUG:root:cleaning the codetable ... 
DEBUG:root:calculating the usages ... 
DEBUG:root:reducing the results ... 
DEBUG:root:<--leaving usage 
DEBUG:root:--> entering support
DEBUG:root:cleaning the codetable ... 
DEBUG:root:calculating the supports ...
DEBUG:root:reducing the results ... 
DEBUG:root:<-- leaving support
DEBUG:root:--> entering usage
DEBUG:root:cleaning the codetable ... 
DEBUG:root:calculating the usages ... 
DEBUG:root:reducing the results ... 
DEBUG:root:<--leaving usage 
DEBUG:root:--> entering support
DEBUG:root:cleaning the codetable ... 
DEBUG:root:calculating the supports ...
DEBUG:root:reducing the results ... 
DEBUG:root:<-- leaving support
DEBUG:root:--> entering usage
DEBUG:root:cleaning the codetable ... 
DEBUG:root:calculating the usages ... 
DEBUG:root:reducing the results ... 
DEBUG:root:<--leaving usage 
DEBUG:root:deduplicating codes
DEBUG:root:processing 0 397against ... 
DEBUG:root: ... 1 - 451
DEBUG:root:merging done ...
DEBUG:root:--> entering support
DEBUG:root:cleaning the codetable ... 
DEBUG:root:calculating the supports ...
DEBUG:root:reducing the results ... 
DEBUG:root:<-- leaving support
DEBUG:root:--> entering usage
DEBUG:root:cleaning the codetable ... 
DEBUG:root:calculating the usages ... 
DEBUG:root:reducing the results ... 
DEBUG:root:<--leaving usage 
DEBUG:root:deduplicating codes
DEBUG:root:processing 0 719against ... 
DEBUG:root: ... 1 - 469
DEBUG:root:merging done ...
DEBUG:root:--> entering support
DEBUG:root:cleaning the codetable ... 
DEBUG:root:calculating the supports ...
DEBUG:root:reducing the results ... 
DEBUG:root:<-- leaving support
DEBUG:root:--> entering usage
DEBUG:root:cleaning the codetable ... 
DEBUG:root:calculating the usages ... 
DEBUG:root:reducing the results ... 
DEBUG:root:<--leaving usage 
DEBUG:root:deduplicating codes
DEBUG:root:processing 0 1053against ... 
DEBUG:root: ... 1 - 365
DEBUG:root:merging done ...
DEBUG:root:--> entering support
DEBUG:root:cleaning the codetable ... 
DEBUG:root:calculating the supports ...
DEBUG:root:reducing the results ... 
DEBUG:root:<-- leaving support
DEBUG:root:--> entering usage
DEBUG:root:cleaning the codetable ... 
DEBUG:root:calculating the usages ... 
DEBUG:root:reducing the results ... 
DEBUG:root:<--leaving usage 
DEBUG:root:deduplicating codes
DEBUG:root:processing 0 1283against ... 
DEBUG:root: ... 1 - 369
DEBUG:root:merging done ...
DEBUG:root:--> entering support
DEBUG:root:cleaning the codetable ... 
DEBUG:root:calculating the supports ...
DEBUG:root:reducing the results ... 
DEBUG:root:<-- leaving support
DEBUG:root:--> entering usage
DEBUG:root:cleaning the codetable ... 
DEBUG:root:calculating the usages ... 
DEBUG:root:reducing the results ... 
DEBUG:root:<--leaving usage 
DEBUG:root:deduplicating codes
DEBUG:root:processing 0 1513against ... 
DEBUG:root: ... 1 - 449
DEBUG:root:merging done ...
DEBUG:root:--> entering support
DEBUG:root:cleaning the codetable ... 
DEBUG:root:calculating the supports ...
DEBUG:root:reducing the results ... 
DEBUG:root:<-- leaving support
DEBUG:root:--> entering usage
DEBUG:root:cleaning the codetable ... 
DEBUG:root:calculating the usages ... 
DEBUG:root:reducing the results ... 
DEBUG:root:<--leaving usage 
DEBUG:root:deduplicating codes
DEBUG:root:processing 0 1833against ... 
DEBUG:root: ... 1 - 425
DEBUG:root:merging done ...
DEBUG:root:--> entering support
DEBUG:root:cleaning the codetable ... 
DEBUG:root:calculating the supports ...
DEBUG:root:reducing the results ... 
DEBUG:root:<-- leaving support
DEBUG:root:--> entering usage
DEBUG:root:cleaning the codetable ... 
DEBUG:root:calculating the usages ... 
DEBUG:root:reducing the results ... 
DEBUG:root:<--leaving usage 
DEBUG:root:deduplicating codes
DEBUG:root:processing 0 2109against ... 
DEBUG:root: ... 1 - 487
DEBUG:root:merging done ...
DEBUG:root:--> entering support
DEBUG:root:cleaning the codetable ... 
DEBUG:root:calculating the supports ...
DEBUG:root:reducing the results ... 
DEBUG:root:<-- leaving support
DEBUG:root:--> entering usage
DEBUG:root:cleaning the codetable ... 
DEBUG:root:calculating the usages ... 
DEBUG:root:reducing the results ... 
DEBUG:root:<--leaving usage 
DEBUG:root:deduplicating codes
DEBUG:root:processing 0 2438against ... 
DEBUG:root: ... 1 - 412
DEBUG:root:merging done ...
DEBUG:root:--> entering support
DEBUG:root:cleaning the codetable ... 
DEBUG:root:calculating the supports ...
DEBUG:root:reducing the results ... 
DEBUG:root:<-- leaving support
DEBUG:root:--> entering usage
DEBUG:root:cleaning the codetable ... 
DEBUG:root:calculating the usages ... 
DEBUG:root:reducing the results ... 
DEBUG:root:<--leaving usage 
DEBUG:root:deduplicating codes
DEBUG:root:processing 0 2719against ... 
DEBUG:root: ... 1 - 395
DEBUG:root:merging done ...
DEBUG:root:--> entering support
DEBUG:root:cleaning the codetable ... 
DEBUG:root:calculating the supports ...
DEBUG:root:reducing the results ... 
DEBUG:root:<-- leaving support
DEBUG:root:--> entering usage
DEBUG:root:cleaning the codetable ... 
DEBUG:root:calculating the usages ... 
DEBUG:root:reducing the results ... 
DEBUG:root:<--leaving usage 
DEBUG:root:deduplicating codes
DEBUG:root:processing 0 2719against ... 
DEBUG:root: ... 1 - 476
DEBUG:root:merging done ...
DEBUG:root:--> entering support
DEBUG:root:cleaning the codetable ... 
DEBUG:root:calculating the supports ...
DEBUG:root:reducing the results ... 
DEBUG:root:<-- leaving support
DEBUG:root:--> entering usage
DEBUG:root:cleaning the codetable ... 
DEBUG:root:calculating the usages ... 
DEBUG:root:reducing the results ... 
DEBUG:root:<--leaving usage 
DEBUG:root:deduplicating codes
DEBUG:root:processing 0 3060against ... 
DEBUG:root: ... 1 - 453
DEBUG:root:merging done ...
DEBUG:root:--> entering support
DEBUG:root:cleaning the codetable ... 
DEBUG:root:calculating the supports ...
DEBUG:root:reducing the results ... 
DEBUG:root:<-- leaving support
DEBUG:root:--> entering usage
DEBUG:root:cleaning the codetable ... 
DEBUG:root:calculating the usages ... 
DEBUG:root:reducing the results ... 
DEBUG:root:<--leaving usage 
DEBUG:root:deduplicating codes
DEBUG:root:processing 0 3060against ... 
DEBUG:root: ... 1 - 384
DEBUG:root:merging done ...
DEBUG:root:--> entering support
DEBUG:root:cleaning the codetable ... 
DEBUG:root:calculating the supports ...
DEBUG:root:reducing the results ... 
DEBUG:root:<-- leaving support
DEBUG:root:--> entering usage
DEBUG:root:cleaning the codetable ... 
DEBUG:root:calculating the usages ... 
DEBUG:root:reducing the results ... 
DEBUG:root:<--leaving usage 
DEBUG:root:deduplicating codes
DEBUG:root:processing 0 3311against ... 
DEBUG:root: ... 1 - 464
DEBUG:root:merging done ...
DEBUG:root:--> entering support
DEBUG:root:cleaning the codetable ... 
DEBUG:root:calculating the supports ...
DEBUG:root:reducing the results ... 
DEBUG:root:<-- leaving support
DEBUG:root:--> entering usage
DEBUG:root:cleaning the codetable ... 
DEBUG:root:calculating the usages ... 
DEBUG:root:reducing the results ... 
DEBUG:root:<--leaving usage 
DEBUG:root:deduplicating codes
DEBUG:root:processing 0 3630against ... 
DEBUG:root: ... 1 - 415
DEBUG:root:merging done ...
DEBUG:root:--> entering support
DEBUG:root:cleaning the codetable ... 
DEBUG:root:calculating the supports ...
DEBUG:root:reducing the results ... 
DEBUG:root:<-- leaving support
DEBUG:root:--> entering usage
DEBUG:root:cleaning the codetable ... 
DEBUG:root:calculating the usages ... 
DEBUG:root:reducing the results ... 
DEBUG:root:<--leaving usage 
DEBUG:root:deduplicating codes
DEBUG:root:processing 0 3630against ... 
DEBUG:root: ... 1 - 388
DEBUG:root:merging done ...
DEBUG:root:--> entering support
DEBUG:root:cleaning the codetable ... 
DEBUG:root:calculating the supports ...
DEBUG:root:reducing the results ... 
DEBUG:root:<-- leaving support
DEBUG:root:--> entering usage
DEBUG:root:cleaning the codetable ... 
DEBUG:root:calculating the usages ... 
DEBUG:root:reducing the results ... 
DEBUG:root:<--leaving usage 
DEBUG:root:--> entering support
DEBUG:root:cleaning the codetable ... 
DEBUG:root:calculating the supports ...
DEBUG:root:reducing the results ... 
DEBUG:root:<-- leaving support
DEBUG:root:--> entering usage
DEBUG:root:cleaning the codetable ... 
DEBUG:root:calculating the usages ... 
DEBUG:root:reducing the results ... 
DEBUG:root:<--leaving usage 
DEBUG:root:<-- leaving support
