
-- MERGING METHOD naive
processing batch_results/200d-5-10-neg15/batch-2/connect_transaction_k_means_200d_k16_FalseNorm_trans_clust_0_k16...
chunks ... [0, 1400, 2800, 4200, 5600]
num codes: 357
num codes with support 0: 0
chunks ... [0, 1400, 2800, 4200, 5600]
num codes with usage 0: 81
database_size: 110215.09169241229
codetable_size: 12400.87167098749
complete: 122615.96336339977
database_size: 987481.9494473338
codetable_size: 486.74235369891414
complete: 987968.6918010327
Partition 0 ratio: 0.12410915890449435
processing batch_results/200d-5-10-neg15/batch-2/connect_transaction_k_means_200d_k16_FalseNorm_trans_clust_1_k16...
chunks ... [0, 936, 1872, 2808, 3745]
num codes: 381
num codes with support 0: 0
chunks ... [0, 936, 1872, 2808, 3745]
num codes with usage 0: 78
database_size: 73354.7384481706
codetable_size: 13716.622693383055
complete: 87071.36114155364
database_size: 657591.6626573352
codetable_size: 438.62559446768836
complete: 658030.2882518029
Partition 1 ratio: 0.1323212057196899
processing batch_results/200d-5-10-neg15/batch-2/connect_transaction_k_means_200d_k16_FalseNorm_trans_clust_2_k16...
chunks ... [0, 899, 1798, 2697, 3598]
num codes: 349
num codes with support 0: 0
chunks ... [0, 899, 1798, 2697, 3598]
num codes with usage 0: 75
database_size: 71025.79726655538
codetable_size: 11620.467439458718
complete: 82646.2647060141
database_size: 631605.1908991502
codetable_size: 424.17744808687195
complete: 632029.3683472371
Partition 2 ratio: 0.1307633297518039
processing batch_results/200d-5-10-neg15/batch-2/connect_transaction_k_means_200d_k16_FalseNorm_trans_clust_3_k16...
chunks ... [0, 932, 1864, 2796, 3729]
num codes: 438
num codes with support 0: 0
chunks ... [0, 932, 1864, 2796, 3729]
num codes with usage 0: 83
database_size: 72408.58336239874
codetable_size: 15416.370845433392
complete: 87824.95420783214
database_size: 659317.6008202998
codetable_size: 543.5584272734908
complete: 659861.1592475733
Partition 3 ratio: 0.13309611116977577
processing batch_results/200d-5-10-neg15/batch-2/connect_transaction_k_means_200d_k16_FalseNorm_trans_clust_4_k16...
chunks ... [0, 1095, 2190, 3285, 4380]
num codes: 450
num codes with support 0: 0
chunks ... [0, 1095, 2190, 3285, 4380]
num codes with usage 0: 83
database_size: 83257.50886538628
codetable_size: 15771.599149635467
complete: 99029.10801502175
database_size: 770864.2069819629
codetable_size: 506.65919447593353
complete: 771370.8661764389
Partition 4 ratio: 0.1283806692180288
processing batch_results/200d-5-10-neg15/batch-2/connect_transaction_k_means_200d_k16_FalseNorm_trans_clust_5_k16...
chunks ... [0, 970, 1940, 2910, 3882]
num codes: 406
num codes with support 0: 0
chunks ... [0, 970, 1940, 2910, 3882]
num codes with usage 0: 80
database_size: 76212.4970795559
codetable_size: 14063.09265878418
complete: 90275.58973834009
database_size: 683840.951758908
codetable_size: 445.74049751756115
complete: 684286.6922564255
Partition 5 ratio: 0.13192656054826615
processing batch_results/200d-5-10-neg15/batch-2/connect_transaction_k_means_200d_k16_FalseNorm_trans_clust_6_k16...
chunks ... [0, 1119, 2238, 3357, 4477]
num codes: 370
num codes with support 0: 0
chunks ... [0, 1119, 2238, 3357, 4477]
num codes with usage 0: 75
database_size: 81785.95426925641
codetable_size: 14204.36647479717
complete: 95990.32074405358
database_size: 785820.3975693188
codetable_size: 435.09432456300283
complete: 786255.4918938818
Partition 6 ratio: 0.12208540574112653
processing batch_results/200d-5-10-neg15/batch-2/connect_transaction_k_means_200d_k16_FalseNorm_trans_clust_7_k16...
chunks ... [0, 1166, 2332, 3498, 4667]
num codes: 407
num codes with support 0: 0
chunks ... [0, 1166, 2332, 3498, 4667]
num codes with usage 0: 78
database_size: 90651.69258787975
codetable_size: 15071.116450508332
complete: 105722.80903838808
database_size: 820578.5359871669
codetable_size: 419.6494612995895
complete: 820998.1854484666
Partition 7 ratio: 0.12877349903110621
processing batch_results/200d-5-10-neg15/batch-2/connect_transaction_k_means_200d_k16_FalseNorm_trans_clust_8_k16...
chunks ... [0, 923, 1846, 2769, 3693]
num codes: 416
num codes with support 0: 0
chunks ... [0, 923, 1846, 2769, 3693]
num codes with usage 0: 78
database_size: 72362.39224721874
codetable_size: 14047.30594900214
complete: 86409.69819622088
database_size: 651244.5354771463
codetable_size: 513.9116402233971
complete: 651758.4471173696
Partition 8 ratio: 0.1325793299318146
processing batch_results/200d-5-10-neg15/batch-2/connect_transaction_k_means_200d_k16_FalseNorm_trans_clust_9_k16...
chunks ... [0, 1095, 2190, 3285, 4383]
num codes: 373
num codes with support 0: 0
chunks ... [0, 1095, 2190, 3285, 4383]
num codes with usage 0: 69
database_size: 86108.80084737187
codetable_size: 13625.895890203292
complete: 99734.69673757516
database_size: 770835.7695300577
codetable_size: 479.8714112859759
complete: 771315.6409413436
Partition 9 ratio: 0.12930464707788766
processing batch_results/200d-5-10-neg15/batch-2/connect_transaction_k_means_200d_k16_FalseNorm_trans_clust_10_k16...
chunks ... [0, 814, 1628, 2442, 3256]
num codes: 331
num codes with support 0: 0
chunks ... [0, 814, 1628, 2442, 3256]
num codes with usage 0: 80
database_size: 64627.78913104565
codetable_size: 10655.447219777381
complete: 75283.23635082303
database_size: 572066.0897288665
codetable_size: 529.1280470423414
complete: 572595.2177759088
Partition 10 ratio: 0.13147723559976698
processing batch_results/200d-5-10-neg15/batch-2/connect_transaction_k_means_200d_k16_FalseNorm_trans_clust_11_k16...
chunks ... [0, 1299, 2598, 3897, 5196]
num codes: 349
num codes with support 0: 0
chunks ... [0, 1299, 2598, 3897, 5196]
num codes with usage 0: 70
database_size: 104377.43925382408
codetable_size: 12711.748511840427
complete: 117089.18776566451
database_size: 914821.4911075659
codetable_size: 481.5025842741547
complete: 915302.9936918401
Partition 11 ratio: 0.1279239646025735
processing batch_results/200d-5-10-neg15/batch-2/connect_transaction_k_means_200d_k16_FalseNorm_trans_clust_12_k16...
chunks ... [0, 1086, 2172, 3258, 4346]
num codes: 434
num codes with support 0: 0
chunks ... [0, 1086, 2172, 3258, 4346]
num codes with usage 0: 83
database_size: 83022.77520169868
codetable_size: 15566.394525743612
complete: 98589.16972744229
database_size: 764509.2691976686
codetable_size: 461.09285147328393
complete: 764970.3620491419
Partition 12 ratio: 0.12887972478221174
processing batch_results/200d-5-10-neg15/batch-2/connect_transaction_k_means_200d_k16_FalseNorm_trans_clust_13_k16...
chunks ... [0, 1196, 2392, 3588, 4784]
num codes: 415
num codes with support 0: 0
chunks ... [0, 1196, 2392, 3588, 4784]
num codes with usage 0: 72
database_size: 91948.62314045781
codetable_size: 15240.159835861708
complete: 107188.78297631952
database_size: 841236.1504139637
codetable_size: 394.0418219235469
complete: 841630.1922358873
Partition 13 ratio: 0.1273585286805838
processing batch_results/200d-5-10-neg15/batch-2/connect_transaction_k_means_200d_k16_FalseNorm_trans_clust_14_k16...
chunks ... [0, 1244, 2488, 3732, 4977]
num codes: 343
num codes with support 0: 0
chunks ... [0, 1244, 2488, 3732, 4977]
num codes with usage 0: 82
database_size: 97441.87902973924
codetable_size: 11520.80919856599
complete: 108962.68822830523
database_size: 873920.2058889103
codetable_size: 470.70075555369567
complete: 874390.906644464
Partition 14 ratio: 0.12461553225256783
processing batch_results/200d-5-10-neg15/batch-2/connect_transaction_k_means_200d_k16_FalseNorm_trans_clust_15_k16...
chunks ... [0, 711, 1422, 2133, 2844]
num codes: 324
num codes with support 0: 0
chunks ... [0, 711, 1422, 2133, 2844]
num codes with usage 0: 77
database_size: 58199.20308054252
codetable_size: 9521.402657826638
complete: 67720.60573836915
database_size: 498779.2347849839
codetable_size: 430.0177026225885
complete: 499209.2524876065
Partition 15 ratio: 0.13565575037103383
number of codetables: 16
size: 357
size: 381
size: 349
size: 438
size: 450
size: 406
size: 370
size: 407
size: 416
size: 373
size: 331
size: 349
size: 434
size: 415
size: 343
size: 324
merged table size: 4756
chunks ... [0, 16889, 33778, 50667, 67557]
chunks ... [0, 16889, 33778, 50667, 67557]
merged table size without non-used codes: 4523
database_size: 2294388.936500816
codetable_size: 220109.36826200673
complete: 2514498.304762823
database_size: 12320561.926931633
codetable_size: 786.6889113503379
complete: 12321348.615842983
merged size: 2514498.304762823
sct size: 12321348.615842983
merged ratio: 0.20407654901750297
time elapsed: 67.22800016403198
-- MERGING METHOD naive_plus
processing batch_results/200d-5-10-neg15/batch-2/connect_transaction_k_means_200d_k16_FalseNorm_trans_clust_0_k16...
chunks ... [0, 1400, 2800, 4200, 5600]
num codes: 357
num codes with support 0: 0
chunks ... [0, 1400, 2800, 4200, 5600]
num codes with usage 0: 81
database_size: 110215.09169241229
codetable_size: 12400.87167098749
complete: 122615.96336339977
database_size: 987481.9494473338
codetable_size: 486.74235369891414
complete: 987968.6918010327
Partition 0 ratio: 0.12410915890449435
processing batch_results/200d-5-10-neg15/batch-2/connect_transaction_k_means_200d_k16_FalseNorm_trans_clust_1_k16...
chunks ... [0, 936, 1872, 2808, 3745]
num codes: 381
num codes with support 0: 0
chunks ... [0, 936, 1872, 2808, 3745]
num codes with usage 0: 78
database_size: 73354.7384481706
codetable_size: 13716.622693383055
complete: 87071.36114155364
database_size: 657591.6626573352
codetable_size: 438.62559446768836
complete: 658030.2882518029
Partition 1 ratio: 0.1323212057196899
processing batch_results/200d-5-10-neg15/batch-2/connect_transaction_k_means_200d_k16_FalseNorm_trans_clust_2_k16...
chunks ... [0, 899, 1798, 2697, 3598]
num codes: 349
num codes with support 0: 0
chunks ... [0, 899, 1798, 2697, 3598]
num codes with usage 0: 75
database_size: 71025.79726655538
codetable_size: 11620.467439458718
complete: 82646.2647060141
database_size: 631605.1908991502
codetable_size: 424.17744808687195
complete: 632029.3683472371
Partition 2 ratio: 0.1307633297518039
processing batch_results/200d-5-10-neg15/batch-2/connect_transaction_k_means_200d_k16_FalseNorm_trans_clust_3_k16...
chunks ... [0, 932, 1864, 2796, 3729]
num codes: 438
num codes with support 0: 0
chunks ... [0, 932, 1864, 2796, 3729]
num codes with usage 0: 83
database_size: 72408.58336239874
codetable_size: 15416.370845433392
complete: 87824.95420783214
database_size: 659317.6008202998
codetable_size: 543.5584272734908
complete: 659861.1592475733
Partition 3 ratio: 0.13309611116977577
processing batch_results/200d-5-10-neg15/batch-2/connect_transaction_k_means_200d_k16_FalseNorm_trans_clust_4_k16...
chunks ... [0, 1095, 2190, 3285, 4380]
num codes: 450
num codes with support 0: 0
chunks ... [0, 1095, 2190, 3285, 4380]
num codes with usage 0: 83
database_size: 83257.50886538628
codetable_size: 15771.599149635467
complete: 99029.10801502175
database_size: 770864.2069819629
codetable_size: 506.65919447593353
complete: 771370.8661764389
Partition 4 ratio: 0.1283806692180288
processing batch_results/200d-5-10-neg15/batch-2/connect_transaction_k_means_200d_k16_FalseNorm_trans_clust_5_k16...
chunks ... [0, 970, 1940, 2910, 3882]
num codes: 406
num codes with support 0: 0
chunks ... [0, 970, 1940, 2910, 3882]
num codes with usage 0: 80
database_size: 76212.4970795559
codetable_size: 14063.09265878418
complete: 90275.58973834009
database_size: 683840.951758908
codetable_size: 445.74049751756115
complete: 684286.6922564255
Partition 5 ratio: 0.13192656054826615
processing batch_results/200d-5-10-neg15/batch-2/connect_transaction_k_means_200d_k16_FalseNorm_trans_clust_6_k16...
chunks ... [0, 1119, 2238, 3357, 4477]
num codes: 370
num codes with support 0: 0
chunks ... [0, 1119, 2238, 3357, 4477]
num codes with usage 0: 75
database_size: 81785.95426925641
codetable_size: 14204.36647479717
complete: 95990.32074405358
database_size: 785820.3975693188
codetable_size: 435.09432456300283
complete: 786255.4918938818
Partition 6 ratio: 0.12208540574112653
processing batch_results/200d-5-10-neg15/batch-2/connect_transaction_k_means_200d_k16_FalseNorm_trans_clust_7_k16...
chunks ... [0, 1166, 2332, 3498, 4667]
num codes: 407
num codes with support 0: 0
chunks ... [0, 1166, 2332, 3498, 4667]
num codes with usage 0: 78
database_size: 90651.69258787975
codetable_size: 15071.116450508332
complete: 105722.80903838808
database_size: 820578.5359871669
codetable_size: 419.6494612995895
complete: 820998.1854484666
Partition 7 ratio: 0.12877349903110621
processing batch_results/200d-5-10-neg15/batch-2/connect_transaction_k_means_200d_k16_FalseNorm_trans_clust_8_k16...
chunks ... [0, 923, 1846, 2769, 3693]
num codes: 416
num codes with support 0: 0
chunks ... [0, 923, 1846, 2769, 3693]
num codes with usage 0: 78
database_size: 72362.39224721874
codetable_size: 14047.30594900214
complete: 86409.69819622088
database_size: 651244.5354771463
codetable_size: 513.9116402233971
complete: 651758.4471173696
Partition 8 ratio: 0.1325793299318146
processing batch_results/200d-5-10-neg15/batch-2/connect_transaction_k_means_200d_k16_FalseNorm_trans_clust_9_k16...
chunks ... [0, 1095, 2190, 3285, 4383]
num codes: 373
num codes with support 0: 0
chunks ... [0, 1095, 2190, 3285, 4383]
num codes with usage 0: 69
database_size: 86108.80084737187
codetable_size: 13625.895890203292
complete: 99734.69673757516
database_size: 770835.7695300577
codetable_size: 479.8714112859759
complete: 771315.6409413436
Partition 9 ratio: 0.12930464707788766
processing batch_results/200d-5-10-neg15/batch-2/connect_transaction_k_means_200d_k16_FalseNorm_trans_clust_10_k16...
chunks ... [0, 814, 1628, 2442, 3256]
num codes: 331
num codes with support 0: 0
chunks ... [0, 814, 1628, 2442, 3256]
num codes with usage 0: 80
database_size: 64627.78913104565
codetable_size: 10655.447219777381
complete: 75283.23635082303
database_size: 572066.0897288665
codetable_size: 529.1280470423414
complete: 572595.2177759088
Partition 10 ratio: 0.13147723559976698
processing batch_results/200d-5-10-neg15/batch-2/connect_transaction_k_means_200d_k16_FalseNorm_trans_clust_11_k16...
chunks ... [0, 1299, 2598, 3897, 5196]
num codes: 349
num codes with support 0: 0
chunks ... [0, 1299, 2598, 3897, 5196]
num codes with usage 0: 70
database_size: 104377.43925382408
codetable_size: 12711.748511840427
complete: 117089.18776566451
database_size: 914821.4911075659
codetable_size: 481.5025842741547
complete: 915302.9936918401
Partition 11 ratio: 0.1279239646025735
processing batch_results/200d-5-10-neg15/batch-2/connect_transaction_k_means_200d_k16_FalseNorm_trans_clust_12_k16...
chunks ... [0, 1086, 2172, 3258, 4346]
num codes: 434
num codes with support 0: 0
chunks ... [0, 1086, 2172, 3258, 4346]
num codes with usage 0: 83
database_size: 83022.77520169868
codetable_size: 15566.394525743612
complete: 98589.16972744229
database_size: 764509.2691976686
codetable_size: 461.09285147328393
complete: 764970.3620491419
Partition 12 ratio: 0.12887972478221174
processing batch_results/200d-5-10-neg15/batch-2/connect_transaction_k_means_200d_k16_FalseNorm_trans_clust_13_k16...
chunks ... [0, 1196, 2392, 3588, 4784]
num codes: 415
num codes with support 0: 0
chunks ... [0, 1196, 2392, 3588, 4784]
num codes with usage 0: 72
database_size: 91948.62314045781
codetable_size: 15240.159835861708
complete: 107188.78297631952
database_size: 841236.1504139637
codetable_size: 394.0418219235469
complete: 841630.1922358873
Partition 13 ratio: 0.1273585286805838
processing batch_results/200d-5-10-neg15/batch-2/connect_transaction_k_means_200d_k16_FalseNorm_trans_clust_14_k16...
chunks ... [0, 1244, 2488, 3732, 4977]
num codes: 343
num codes with support 0: 0
chunks ... [0, 1244, 2488, 3732, 4977]
num codes with usage 0: 82
database_size: 97441.87902973924
codetable_size: 11520.80919856599
complete: 108962.68822830523
database_size: 873920.2058889103
codetable_size: 470.70075555369567
complete: 874390.906644464
Partition 14 ratio: 0.12461553225256783
processing batch_results/200d-5-10-neg15/batch-2/connect_transaction_k_means_200d_k16_FalseNorm_trans_clust_15_k16...
chunks ... [0, 711, 1422, 2133, 2844]
num codes: 324
num codes with support 0: 0
chunks ... [0, 711, 1422, 2133, 2844]
num codes with usage 0: 77
database_size: 58199.20308054252
codetable_size: 9521.402657826638
complete: 67720.60573836915
database_size: 498779.2347849839
codetable_size: 430.0177026225885
complete: 499209.2524876065
Partition 15 ratio: 0.13565575037103383
number of codetables: 16
size: 357
size: 381
size: 349
size: 438
size: 450
size: 406
size: 370
size: 407
size: 416
size: 373
size: 331
size: 349
size: 434
size: 415
size: 343
size: 324
database_size: 12320561.926931633
codetable_size: 786.6889113503379
complete: 12321348.615842983
current singletons: {1, 2, 3, 4, 5, 6, 7, 8, 9, 10, 11, 12, 13, 16, 19, 22, 23, 24, 25, 26, 27, 28, 29, 30, 31, 34, 37, 40, 41, 42, 43, 44, 45, 46, 47, 48, 49, 50, 51, 52, 55, 58, 59, 60, 61, 62, 63, 64, 65, 66, 67, 68, 69, 72, 75, 76, 77, 78, 79, 80, 81, 82, 83, 84, 85, 88, 91, 94, 95, 96, 97, 98, 99, 100, 101, 102, 103, 106, 109, 113, 114, 116, 117, 118, 119, 120, 121, 124, 127}
Added 40 singletons
added:  {128, 129, 14, 15, 17, 18, 20, 21, 32, 33, 35, 36, 38, 39, 53, 54, 56, 57, 70, 71, 73, 74, 86, 87, 89, 90, 92, 93, 104, 105, 107, 108, 110, 111, 112, 115, 122, 123, 125, 126}
chunks ... [0, 16889, 33778, 50667, 67557]
num codes: 397
num codes with support 0: 0
chunks ... [0, 16889, 33778, 50667, 67557]
database_size: 5227633.669776086
codetable_size: 14160.939247338178
complete: 5241794.609023424
Partition ratio: 0.42542377238506524
current singletons: {1, 2, 3, 4, 5, 6, 7, 8, 9, 10, 13, 16, 19, 22, 23, 24, 25, 26, 27, 28, 31, 34, 37, 40, 41, 43, 44, 45, 46, 47, 48, 49, 50, 51, 52, 53, 54, 55, 58, 59, 60, 61, 62, 63, 64, 65, 66, 69, 72, 75, 76, 77, 78, 79, 80, 81, 82, 85, 88, 91, 95, 96, 97, 98, 99, 100, 101, 102, 103, 104, 105, 106, 109, 112, 113, 114, 115, 116, 117, 118, 119, 120, 121, 124, 127}
Added 44 singletons
added:  {128, 129, 11, 12, 14, 15, 17, 18, 20, 21, 29, 30, 32, 33, 35, 36, 38, 39, 42, 56, 57, 67, 68, 70, 71, 73, 74, 83, 84, 86, 87, 89, 90, 92, 93, 94, 107, 108, 110, 111, 122, 123, 125, 126}
chunks ... [0, 16889, 33778, 50667, 67557]
num codes: 425
num codes with support 0: 0
chunks ... [0, 16889, 33778, 50667, 67557]
database_size: 6773728.793527417
codetable_size: 15907.940486759586
complete: 6789636.734014177
Partition ratio: 0.551046557134497
current singletons: {1, 2, 3, 4, 5, 6, 7, 8, 9, 10, 13, 16, 19, 22, 23, 24, 25, 26, 27, 28, 31, 34, 37, 40, 41, 43, 44, 45, 46, 47, 48, 49, 50, 51, 52, 55, 58, 59, 60, 61, 62, 63, 64, 65, 66, 67, 68, 69, 70, 71, 72, 75, 76, 77, 78, 79, 80, 81, 82, 85, 88, 91, 94, 95, 96, 97, 98, 99, 100, 103, 106, 109, 112, 113, 114, 115, 116, 117, 118, 119, 121, 124, 127}
Added 46 singletons
added:  {128, 129, 11, 12, 14, 15, 17, 18, 20, 21, 29, 30, 32, 33, 35, 36, 38, 39, 42, 53, 54, 56, 57, 73, 74, 83, 84, 86, 87, 89, 90, 92, 93, 101, 102, 104, 105, 107, 108, 110, 111, 120, 122, 123, 125, 126}
chunks ... [0, 16889, 33778, 50667, 67557]
num codes: 395
num codes with support 0: 0
chunks ... [0, 16889, 33778, 50667, 67557]
database_size: 7535292.637214034
codetable_size: 13776.12572653546
complete: 7549068.76294057
Partition ratio: 0.6126820203134143
current singletons: {1, 2, 3, 4, 5, 6, 7, 8, 9, 10, 11, 12, 13, 14, 15, 16, 19, 22, 23, 24, 25, 26, 27, 28, 29, 30, 31, 32, 33, 34, 37, 40, 41, 42, 43, 44, 45, 46, 47, 48, 49, 50, 51, 52, 55, 58, 59, 60, 61, 62, 63, 64, 65, 66, 67, 68, 69, 72, 75, 77, 78, 80, 81, 83, 84, 85, 86, 87, 88, 89, 90, 91, 92, 93, 94, 95, 96, 97, 98, 99, 100, 101, 102, 103, 106, 109, 112, 113, 114, 115, 116, 117, 118, 119, 120, 121, 124, 127}
Added 31 singletons
added:  {128, 129, 17, 18, 20, 21, 35, 36, 38, 39, 53, 54, 56, 57, 70, 71, 73, 74, 76, 79, 82, 104, 105, 107, 108, 110, 111, 122, 123, 125, 126}
chunks ... [0, 16889, 33778, 50667, 67557]
num codes: 469
num codes with support 0: 0
chunks ... [0, 16889, 33778, 50667, 67557]
database_size: 5533581.1633212585
codetable_size: 17982.725573595046
complete: 5551563.888894853
Partition ratio: 0.4505646307058113
current singletons: {1, 2, 3, 4, 5, 6, 7, 8, 9, 10, 13, 16, 19, 22, 23, 24, 25, 26, 27, 28, 29, 30, 31, 32, 33, 34, 35, 36, 37, 40, 41, 42, 43, 44, 45, 46, 47, 48, 49, 52, 55, 58, 59, 60, 61, 62, 63, 64, 65, 66, 67, 68, 69, 72, 75, 76, 77, 78, 79, 80, 81, 82, 83, 84, 85, 88, 91, 95, 96, 97, 98, 99, 100, 101, 102, 103, 104, 105, 106, 109, 112, 113, 114, 115, 116, 117, 118, 119, 120, 121, 124, 127}
Added 37 singletons
added:  {128, 129, 11, 12, 14, 15, 17, 18, 20, 21, 38, 39, 50, 51, 53, 54, 56, 57, 70, 71, 73, 74, 86, 87, 89, 90, 92, 93, 94, 107, 108, 110, 111, 122, 123, 125, 126}
chunks ... [0, 16889, 33778, 50667, 67557]
num codes: 487
num codes with support 0: 0
chunks ... [0, 16889, 33778, 50667, 67557]
database_size: 5857892.198563792
codetable_size: 18164.138281669937
complete: 5876056.336845462
Partition ratio: 0.4769004205667825
current singletons: {1, 2, 3, 4, 5, 6, 7, 8, 9, 10, 13, 16, 19, 22, 23, 24, 25, 26, 27, 28, 29, 30, 31, 34, 37, 40, 41, 42, 43, 44, 45, 46, 47, 48, 49, 50, 51, 52, 55, 58, 59, 60, 61, 62, 63, 64, 65, 66, 69, 72, 75, 77, 78, 79, 80, 81, 82, 83, 84, 85, 88, 91, 94, 95, 96, 97, 98, 99, 100, 101, 102, 103, 106, 109, 112, 113, 114, 115, 116, 117, 118, 119, 120, 121, 124, 127}
Added 43 singletons
added:  {128, 129, 11, 12, 14, 15, 17, 18, 20, 21, 32, 33, 35, 36, 38, 39, 53, 54, 56, 57, 67, 68, 70, 71, 73, 74, 76, 86, 87, 89, 90, 92, 93, 104, 105, 107, 108, 110, 111, 122, 123, 125, 126}
chunks ... [0, 16889, 33778, 50667, 67557]
num codes: 449
num codes with support 0: 0
chunks ... [0, 16889, 33778, 50667, 67557]
database_size: 6196998.724378726
codetable_size: 16291.28746244139
complete: 6213290.011841168
Partition ratio: 0.5042702877387969
current singletons: {1, 2, 3, 4, 5, 6, 7, 8, 9, 10, 13, 16, 19, 23, 24, 26, 27, 28, 29, 30, 31, 32, 33, 34, 35, 36, 37, 40, 41, 42, 43, 44, 45, 46, 47, 48, 49, 50, 51, 52, 55, 58, 59, 60, 61, 62, 63, 64, 65, 66, 69, 72, 75, 76, 77, 78, 79, 80, 81, 82, 85, 88, 91, 94, 95, 96, 97, 98, 100, 103, 106, 109, 112, 113, 114, 115, 116, 117, 118, 119, 120, 121, 124, 127}
Added 45 singletons
added:  {128, 129, 11, 12, 14, 15, 17, 18, 20, 21, 22, 25, 38, 39, 53, 54, 56, 57, 67, 68, 70, 71, 73, 74, 83, 84, 86, 87, 89, 90, 92, 93, 99, 101, 102, 104, 105, 107, 108, 110, 111, 122, 123, 125, 126}
chunks ... [0, 16889, 33778, 50667, 67557]
num codes: 415
num codes with support 0: 0
chunks ... [0, 16889, 33778, 50667, 67557]
database_size: 8398505.592756078
codetable_size: 16502.83099509981
complete: 8415008.423751177
Partition ratio: 0.6829616372457011
current singletons: {1, 2, 3, 5, 6, 7, 8, 9, 10, 11, 12, 13, 14, 15, 16, 19, 22, 23, 24, 25, 26, 27, 28, 29, 30, 31, 32, 33, 34, 37, 40, 41, 42, 43, 44, 45, 46, 49, 52, 55, 58, 59, 60, 61, 62, 63, 65, 66, 69, 72, 75, 76, 77, 78, 79, 80, 81, 82, 85, 88, 91, 94, 95, 96, 97, 98, 99, 100, 103, 106, 109, 112, 113, 114, 115, 116, 117, 118, 119, 120, 121, 124, 127}
Added 46 singletons
added:  {128, 129, 4, 17, 18, 20, 21, 35, 36, 38, 39, 47, 48, 50, 51, 53, 54, 56, 57, 64, 67, 68, 70, 71, 73, 74, 83, 84, 86, 87, 89, 90, 92, 93, 101, 102, 104, 105, 107, 108, 110, 111, 122, 123, 125, 126}
chunks ... [0, 16889, 33778, 50667, 67557]
num codes: 453
num codes with support 0: 0
chunks ... [0, 16889, 33778, 50667, 67557]
database_size: 7211585.797055624
codetable_size: 17526.219475738046
complete: 7229112.016531362
Partition ratio: 0.5867143477489191
current singletons: {1, 2, 3, 4, 5, 6, 7, 8, 9, 10, 11, 12, 13, 14, 15, 16, 19, 22, 23, 24, 25, 26, 27, 28, 29, 30, 31, 34, 37, 40, 41, 42, 43, 44, 45, 46, 47, 48, 49, 52, 55, 58, 59, 60, 61, 62, 63, 64, 65, 66, 67, 68, 69, 72, 75, 76, 77, 78, 79, 80, 81, 82, 83, 84, 85, 88, 91, 95, 96, 98, 99, 101, 102, 103, 104, 105, 106, 107, 108, 109, 110, 111, 112, 113, 114, 115, 116, 117, 118, 119, 120, 121, 124, 127}
Added 35 singletons
added:  {128, 129, 17, 18, 20, 21, 32, 33, 35, 36, 38, 39, 50, 51, 53, 54, 56, 57, 70, 71, 73, 74, 86, 87, 89, 90, 92, 93, 94, 97, 100, 122, 123, 125, 126}
chunks ... [0, 16889, 33778, 50667, 67557]
num codes: 451
num codes with support 0: 0
chunks ... [0, 16889, 33778, 50667, 67557]
database_size: 5431444.101201942
codetable_size: 16527.42612823085
complete: 5447971.527330173
Partition ratio: 0.4421570801369167
current singletons: {1, 2, 3, 5, 6, 8, 9, 11, 12, 13, 14, 15, 16, 17, 18, 19, 20, 21, 22, 23, 24, 25, 26, 27, 28, 29, 30, 31, 34, 37, 40, 41, 42, 43, 44, 45, 46, 47, 48, 49, 52, 55, 58, 59, 60, 61, 62, 63, 64, 65, 66, 69, 72, 75, 76, 77, 78, 79, 80, 81, 82, 83, 84, 85, 88, 91, 94, 95, 96, 97, 98, 99, 100, 101, 102, 103, 106, 109, 112, 113, 114, 115, 116, 117, 118, 119, 120, 121, 124, 127}
Added 39 singletons
added:  {128, 129, 4, 7, 10, 32, 33, 35, 36, 38, 39, 50, 51, 53, 54, 56, 57, 67, 68, 70, 71, 73, 74, 86, 87, 89, 90, 92, 93, 104, 105, 107, 108, 110, 111, 122, 123, 125, 126}
chunks ... [0, 16889, 33778, 50667, 67557]
num codes: 412
num codes with support 0: 0
chunks ... [0, 16889, 33778, 50667, 67557]
database_size: 6392782.859581793
codetable_size: 15996.133672717533
complete: 6408778.993254511
Partition ratio: 0.5201361630993869
current singletons: {1, 2, 3, 4, 5, 6, 7, 8, 9, 10, 11, 12, 13, 14, 15, 16, 19, 22, 23, 24, 25, 26, 27, 28, 29, 30, 31, 32, 33, 34, 37, 40, 41, 42, 43, 44, 45, 46, 47, 48, 49, 50, 51, 52, 55, 58, 59, 60, 61, 62, 63, 64, 65, 66, 69, 72, 75, 76, 77, 78, 79, 80, 81, 82, 83, 84, 85, 88, 91, 94, 95, 96, 97, 98, 99, 100, 101, 102, 103, 106, 109, 113, 114, 116, 117, 119, 120, 122, 123, 124, 125, 126, 127, 128, 129}
Added 34 singletons
added:  {17, 18, 20, 21, 35, 36, 38, 39, 53, 54, 56, 57, 67, 68, 70, 71, 73, 74, 86, 87, 89, 90, 92, 93, 104, 105, 107, 108, 110, 111, 112, 115, 118, 121}
chunks ... [0, 16889, 33778, 50667, 67557]
num codes: 365
num codes with support 0: 0
chunks ... [0, 16889, 33778, 50667, 67557]
database_size: 6240492.695776071
codetable_size: 12692.803566067625
complete: 6253185.499342139
Partition ratio: 0.5075082033878738
current singletons: {1, 2, 3, 4, 5, 6, 7, 8, 9, 10, 11, 12, 13, 16, 19, 23, 24, 26, 27, 29, 30, 31, 32, 33, 34, 35, 36, 37, 38, 39, 40, 41, 42, 43, 44, 45, 46, 47, 48, 49, 52, 55, 58, 59, 60, 61, 62, 63, 64, 65, 66, 67, 68, 69, 72, 75, 76, 77, 78, 79, 80, 81, 82, 83, 84, 85, 88, 91, 94, 95, 96, 97, 98, 99, 100, 103, 106, 109, 112, 113, 114, 115, 116, 117, 118, 119, 120, 121, 124, 127}
Added 39 singletons
added:  {128, 129, 14, 15, 17, 18, 20, 21, 22, 25, 28, 50, 51, 53, 54, 56, 57, 70, 71, 73, 74, 86, 87, 89, 90, 92, 93, 101, 102, 104, 105, 107, 108, 110, 111, 122, 123, 125, 126}
chunks ... [0, 16889, 33778, 50667, 67557]
num codes: 388
num codes with support 0: 0
chunks ... [0, 16889, 33778, 50667, 67557]
database_size: 7660841.739387142
codetable_size: 15224.683672555846
complete: 7676066.423059697
Partition ratio: 0.6229891436713098
current singletons: {1, 2, 3, 4, 5, 6, 7, 8, 9, 10, 13, 16, 19, 22, 23, 24, 25, 26, 27, 28, 29, 30, 31, 34, 37, 40, 41, 42, 43, 44, 45, 46, 47, 48, 49, 52, 55, 58, 59, 61, 62, 64, 65, 66, 67, 68, 69, 70, 71, 72, 73, 74, 75, 76, 77, 78, 79, 80, 81, 82, 83, 84, 85, 88, 91, 94, 95, 96, 97, 98, 99, 100, 103, 106, 109, 112, 113, 114, 115, 116, 117, 118, 119, 120, 121, 124, 127}
Added 42 singletons
added:  {128, 129, 11, 12, 14, 15, 17, 18, 20, 21, 32, 33, 35, 36, 38, 39, 50, 51, 53, 54, 56, 57, 60, 63, 86, 87, 89, 90, 92, 93, 101, 102, 104, 105, 107, 108, 110, 111, 122, 123, 125, 126}
chunks ... [0, 16889, 33778, 50667, 67557]
num codes: 476
num codes with support 0: 0
chunks ... [0, 16889, 33778, 50667, 67557]
database_size: 7001407.086823273
codetable_size: 18718.742914953866
complete: 7020125.829738228
Partition ratio: 0.5697530399157476
current singletons: {1, 2, 3, 5, 6, 7, 8, 9, 10, 11, 12, 13, 14, 15, 16, 19, 22, 23, 24, 25, 26, 27, 28, 31, 34, 37, 40, 41, 42, 43, 44, 45, 46, 47, 48, 49, 50, 51, 52, 55, 58, 59, 60, 61, 62, 63, 66, 69, 72, 75, 76, 77, 78, 79, 80, 81, 82, 85, 88, 91, 94, 95, 96, 97, 98, 99, 100, 103, 106, 109, 112, 113, 114, 115, 116, 117, 118, 121, 124, 127}
Added 49 singletons
added:  {128, 129, 4, 17, 18, 20, 21, 29, 30, 32, 33, 35, 36, 38, 39, 53, 54, 56, 57, 64, 65, 67, 68, 70, 71, 73, 74, 83, 84, 86, 87, 89, 90, 92, 93, 101, 102, 104, 105, 107, 108, 110, 111, 119, 120, 122, 123, 125, 126}
chunks ... [0, 16889, 33778, 50667, 67557]
num codes: 464
num codes with support 0: 0
chunks ... [0, 16889, 33778, 50667, 67557]
database_size: 7493976.529688622
codetable_size: 17510.92213654047
complete: 7511487.451825162
Partition ratio: 0.60963192309702
current singletons: {1, 2, 3, 4, 5, 6, 7, 8, 9, 10, 11, 12, 13, 16, 19, 22, 23, 24, 25, 26, 27, 28, 29, 30, 31, 34, 37, 40, 41, 43, 45, 47, 48, 49, 50, 51, 52, 53, 54, 55, 56, 57, 58, 59, 60, 61, 62, 63, 64, 65, 66, 69, 72, 75, 76, 77, 78, 79, 80, 81, 82, 83, 84, 85, 88, 91, 94, 95, 96, 97, 98, 99, 100, 103, 106, 109, 112, 113, 114, 115, 116, 117, 118, 119, 120, 121, 124, 127}
Added 41 singletons
added:  {128, 129, 14, 15, 17, 18, 20, 21, 32, 33, 35, 36, 38, 39, 42, 44, 46, 67, 68, 70, 71, 73, 74, 86, 87, 89, 90, 92, 93, 101, 102, 104, 105, 107, 108, 110, 111, 122, 123, 125, 126}
chunks ... [0, 16889, 33778, 50667, 67557]
num codes: 384
num codes with support 0: 0
chunks ... [0, 16889, 33778, 50667, 67557]
database_size: 7497633.465517801
codetable_size: 13756.554437990648
complete: 7511390.0199557915
Partition ratio: 0.6096240155316707
current singletons: {1, 2, 3, 5, 6, 7, 8, 9, 10, 11, 12, 13, 14, 15, 16, 19, 22, 23, 24, 25, 26, 27, 28, 31, 34, 37, 40, 41, 42, 43, 44, 45, 46, 49, 52, 55, 58, 59, 61, 62, 63, 64, 65, 66, 67, 68, 69, 70, 71, 72, 74, 75, 76, 77, 78, 79, 80, 81, 82, 85, 88, 91, 94, 95, 96, 97, 98, 99, 100, 103, 106, 109, 112, 113, 114, 115, 116, 117, 118, 119, 120, 121, 124, 127}
Added 45 singletons
added:  {128, 129, 4, 17, 18, 20, 21, 29, 30, 32, 33, 35, 36, 38, 39, 47, 48, 50, 51, 53, 54, 56, 57, 60, 73, 83, 84, 86, 87, 89, 90, 92, 93, 101, 102, 104, 105, 107, 108, 110, 111, 122, 123, 125, 126}
chunks ... [0, 16889, 33778, 50667, 67557]
num codes: 369
num codes with support 0: 0
chunks ... [0, 16889, 33778, 50667, 67557]
database_size: 7566513.33870972
codetable_size: 11594.61351810482
complete: 7578107.952227825
Partition ratio: 0.6150388393754054
merged table size: 397
chunks ... [0, 16889, 33778, 50667, 67557]
chunks ... [0, 16889, 33778, 50667, 67557]
merged table size without non-used codes: 378
database_size: 5227633.669776086
codetable_size: 14160.939247338178
complete: 5241794.609023424
database_size: 12320561.926931633
codetable_size: 786.6889113503379
complete: 12321348.615842983
merged size: 5241794.609023424
sct size: 12321348.615842983
merged ratio: 0.42542377238506524
time elapsed: 126.12361288070679
-- MERGING METHOD informed
processing batch_results/200d-5-10-neg15/batch-2/connect_transaction_k_means_200d_k16_FalseNorm_trans_clust_0_k16...
chunks ... [0, 1400, 2800, 4200, 5600]
num codes: 357
num codes with support 0: 0
chunks ... [0, 1400, 2800, 4200, 5600]
num codes with usage 0: 81
database_size: 110215.09169241229
codetable_size: 12400.87167098749
complete: 122615.96336339977
database_size: 987481.9494473338
codetable_size: 486.74235369891414
complete: 987968.6918010327
Partition 0 ratio: 0.12410915890449435
processing batch_results/200d-5-10-neg15/batch-2/connect_transaction_k_means_200d_k16_FalseNorm_trans_clust_1_k16...
chunks ... [0, 936, 1872, 2808, 3745]
num codes: 381
num codes with support 0: 0
chunks ... [0, 936, 1872, 2808, 3745]
num codes with usage 0: 78
database_size: 73354.7384481706
codetable_size: 13716.622693383055
complete: 87071.36114155364
database_size: 657591.6626573352
codetable_size: 438.62559446768836
complete: 658030.2882518029
Partition 1 ratio: 0.1323212057196899
processing batch_results/200d-5-10-neg15/batch-2/connect_transaction_k_means_200d_k16_FalseNorm_trans_clust_2_k16...
chunks ... [0, 899, 1798, 2697, 3598]
num codes: 349
num codes with support 0: 0
chunks ... [0, 899, 1798, 2697, 3598]
num codes with usage 0: 75
database_size: 71025.79726655538
codetable_size: 11620.467439458718
complete: 82646.2647060141
database_size: 631605.1908991502
codetable_size: 424.17744808687195
complete: 632029.3683472371
Partition 2 ratio: 0.1307633297518039
processing batch_results/200d-5-10-neg15/batch-2/connect_transaction_k_means_200d_k16_FalseNorm_trans_clust_3_k16...
chunks ... [0, 932, 1864, 2796, 3729]
num codes: 438
num codes with support 0: 0
chunks ... [0, 932, 1864, 2796, 3729]
num codes with usage 0: 83
database_size: 72408.58336239874
codetable_size: 15416.370845433392
complete: 87824.95420783214
database_size: 659317.6008202998
codetable_size: 543.5584272734908
complete: 659861.1592475733
Partition 3 ratio: 0.13309611116977577
processing batch_results/200d-5-10-neg15/batch-2/connect_transaction_k_means_200d_k16_FalseNorm_trans_clust_4_k16...
chunks ... [0, 1095, 2190, 3285, 4380]
num codes: 450
num codes with support 0: 0
chunks ... [0, 1095, 2190, 3285, 4380]
num codes with usage 0: 83
database_size: 83257.50886538628
codetable_size: 15771.599149635467
complete: 99029.10801502175
database_size: 770864.2069819629
codetable_size: 506.65919447593353
complete: 771370.8661764389
Partition 4 ratio: 0.1283806692180288
processing batch_results/200d-5-10-neg15/batch-2/connect_transaction_k_means_200d_k16_FalseNorm_trans_clust_5_k16...
chunks ... [0, 970, 1940, 2910, 3882]
num codes: 406
num codes with support 0: 0
chunks ... [0, 970, 1940, 2910, 3882]
num codes with usage 0: 80
database_size: 76212.4970795559
codetable_size: 14063.09265878418
complete: 90275.58973834009
database_size: 683840.951758908
codetable_size: 445.74049751756115
complete: 684286.6922564255
Partition 5 ratio: 0.13192656054826615
processing batch_results/200d-5-10-neg15/batch-2/connect_transaction_k_means_200d_k16_FalseNorm_trans_clust_6_k16...
chunks ... [0, 1119, 2238, 3357, 4477]
num codes: 370
num codes with support 0: 0
chunks ... [0, 1119, 2238, 3357, 4477]
num codes with usage 0: 75
database_size: 81785.95426925641
codetable_size: 14204.36647479717
complete: 95990.32074405358
database_size: 785820.3975693188
codetable_size: 435.09432456300283
complete: 786255.4918938818
Partition 6 ratio: 0.12208540574112653
processing batch_results/200d-5-10-neg15/batch-2/connect_transaction_k_means_200d_k16_FalseNorm_trans_clust_7_k16...
chunks ... [0, 1166, 2332, 3498, 4667]
num codes: 407
num codes with support 0: 0
chunks ... [0, 1166, 2332, 3498, 4667]
num codes with usage 0: 78
database_size: 90651.69258787975
codetable_size: 15071.116450508332
complete: 105722.80903838808
database_size: 820578.5359871669
codetable_size: 419.6494612995895
complete: 820998.1854484666
Partition 7 ratio: 0.12877349903110621
processing batch_results/200d-5-10-neg15/batch-2/connect_transaction_k_means_200d_k16_FalseNorm_trans_clust_8_k16...
chunks ... [0, 923, 1846, 2769, 3693]
num codes: 416
num codes with support 0: 0
chunks ... [0, 923, 1846, 2769, 3693]
num codes with usage 0: 78
database_size: 72362.39224721874
codetable_size: 14047.30594900214
complete: 86409.69819622088
database_size: 651244.5354771463
codetable_size: 513.9116402233971
complete: 651758.4471173696
Partition 8 ratio: 0.1325793299318146
processing batch_results/200d-5-10-neg15/batch-2/connect_transaction_k_means_200d_k16_FalseNorm_trans_clust_9_k16...
chunks ... [0, 1095, 2190, 3285, 4383]
num codes: 373
num codes with support 0: 0
chunks ... [0, 1095, 2190, 3285, 4383]
num codes with usage 0: 69
database_size: 86108.80084737187
codetable_size: 13625.895890203292
complete: 99734.69673757516
database_size: 770835.7695300577
codetable_size: 479.8714112859759
complete: 771315.6409413436
Partition 9 ratio: 0.12930464707788766
processing batch_results/200d-5-10-neg15/batch-2/connect_transaction_k_means_200d_k16_FalseNorm_trans_clust_10_k16...
chunks ... [0, 814, 1628, 2442, 3256]
num codes: 331
num codes with support 0: 0
chunks ... [0, 814, 1628, 2442, 3256]
num codes with usage 0: 80
database_size: 64627.78913104565
codetable_size: 10655.447219777381
complete: 75283.23635082303
database_size: 572066.0897288665
codetable_size: 529.1280470423414
complete: 572595.2177759088
Partition 10 ratio: 0.13147723559976698
processing batch_results/200d-5-10-neg15/batch-2/connect_transaction_k_means_200d_k16_FalseNorm_trans_clust_11_k16...
chunks ... [0, 1299, 2598, 3897, 5196]
num codes: 349
num codes with support 0: 0
chunks ... [0, 1299, 2598, 3897, 5196]
num codes with usage 0: 70
database_size: 104377.43925382408
codetable_size: 12711.748511840427
complete: 117089.18776566451
database_size: 914821.4911075659
codetable_size: 481.5025842741547
complete: 915302.9936918401
Partition 11 ratio: 0.1279239646025735
processing batch_results/200d-5-10-neg15/batch-2/connect_transaction_k_means_200d_k16_FalseNorm_trans_clust_12_k16...
chunks ... [0, 1086, 2172, 3258, 4346]
num codes: 434
num codes with support 0: 0
chunks ... [0, 1086, 2172, 3258, 4346]
num codes with usage 0: 83
database_size: 83022.77520169868
codetable_size: 15566.394525743612
complete: 98589.16972744229
database_size: 764509.2691976686
codetable_size: 461.09285147328393
complete: 764970.3620491419
Partition 12 ratio: 0.12887972478221174
processing batch_results/200d-5-10-neg15/batch-2/connect_transaction_k_means_200d_k16_FalseNorm_trans_clust_13_k16...
chunks ... [0, 1196, 2392, 3588, 4784]
num codes: 415
num codes with support 0: 0
chunks ... [0, 1196, 2392, 3588, 4784]
num codes with usage 0: 72
database_size: 91948.62314045781
codetable_size: 15240.159835861708
complete: 107188.78297631952
database_size: 841236.1504139637
codetable_size: 394.0418219235469
complete: 841630.1922358873
Partition 13 ratio: 0.1273585286805838
processing batch_results/200d-5-10-neg15/batch-2/connect_transaction_k_means_200d_k16_FalseNorm_trans_clust_14_k16...
chunks ... [0, 1244, 2488, 3732, 4977]
num codes: 343
num codes with support 0: 0
chunks ... [0, 1244, 2488, 3732, 4977]
num codes with usage 0: 82
database_size: 97441.87902973924
codetable_size: 11520.80919856599
complete: 108962.68822830523
database_size: 873920.2058889103
codetable_size: 470.70075555369567
complete: 874390.906644464
Partition 14 ratio: 0.12461553225256783
processing batch_results/200d-5-10-neg15/batch-2/connect_transaction_k_means_200d_k16_FalseNorm_trans_clust_15_k16...
chunks ... [0, 711, 1422, 2133, 2844]
num codes: 324
num codes with support 0: 0
chunks ... [0, 711, 1422, 2133, 2844]
num codes with usage 0: 77
database_size: 58199.20308054252
codetable_size: 9521.402657826638
complete: 67720.60573836915
database_size: 498779.2347849839
codetable_size: 430.0177026225885
complete: 499209.2524876065
Partition 15 ratio: 0.13565575037103383
number of codetables: 16
size: 357
size: 381
size: 349
size: 438
size: 450
size: 406
size: 370
size: 407
size: 416
size: 373
size: 331
size: 349
size: 434
size: 415
size: 343
size: 324
database_size: 12320561.926931633
codetable_size: 786.6889113503379
complete: 12321348.615842983
database_size: 12320561.926931633
codetable_size: 786.6889113503379
complete: 12321348.615842983
current singletons: {1, 2, 3, 4, 5, 6, 7, 8, 9, 10, 11, 12, 13, 16, 19, 22, 23, 24, 25, 26, 27, 28, 29, 30, 31, 34, 37, 40, 41, 42, 43, 44, 45, 46, 47, 48, 49, 50, 51, 52, 55, 58, 59, 60, 61, 62, 63, 64, 65, 66, 67, 68, 69, 72, 75, 76, 77, 78, 79, 80, 81, 82, 83, 84, 85, 88, 91, 94, 95, 96, 97, 98, 99, 100, 101, 102, 103, 106, 109, 113, 114, 116, 117, 118, 119, 120, 121, 124, 127}
Added 40 singletons
added:  {128, 129, 14, 15, 17, 18, 20, 21, 32, 33, 35, 36, 38, 39, 53, 54, 56, 57, 70, 71, 73, 74, 86, 87, 89, 90, 92, 93, 104, 105, 107, 108, 110, 111, 112, 115, 122, 123, 125, 126}
chunks ... [0, 16889, 33778, 50667, 67557]
num codes: 397
num codes with support 0: 0
chunks ... [0, 16889, 33778, 50667, 67557]
database_size: 5227633.669776086
codetable_size: 14160.939247338178
complete: 5241794.609023424
Partition ratio: 0.42542377238506524
current singletons: {1, 2, 3, 4, 5, 6, 7, 8, 9, 10, 13, 16, 19, 22, 23, 24, 25, 26, 27, 28, 31, 34, 37, 40, 41, 43, 44, 45, 46, 47, 48, 49, 50, 51, 52, 53, 54, 55, 58, 59, 60, 61, 62, 63, 64, 65, 66, 69, 72, 75, 76, 77, 78, 79, 80, 81, 82, 85, 88, 91, 95, 96, 97, 98, 99, 100, 101, 102, 103, 104, 105, 106, 109, 112, 113, 114, 115, 116, 117, 118, 119, 120, 121, 124, 127}
Added 44 singletons
added:  {128, 129, 11, 12, 14, 15, 17, 18, 20, 21, 29, 30, 32, 33, 35, 36, 38, 39, 42, 56, 57, 67, 68, 70, 71, 73, 74, 83, 84, 86, 87, 89, 90, 92, 93, 94, 107, 108, 110, 111, 122, 123, 125, 126}
chunks ... [0, 16889, 33778, 50667, 67557]
num codes: 425
num codes with support 0: 0
chunks ... [0, 16889, 33778, 50667, 67557]
database_size: 6773728.793527417
codetable_size: 15907.940486759586
complete: 6789636.734014177
Partition ratio: 0.551046557134497
current singletons: {1, 2, 3, 4, 5, 6, 7, 8, 9, 10, 13, 16, 19, 22, 23, 24, 25, 26, 27, 28, 31, 34, 37, 40, 41, 43, 44, 45, 46, 47, 48, 49, 50, 51, 52, 55, 58, 59, 60, 61, 62, 63, 64, 65, 66, 67, 68, 69, 70, 71, 72, 75, 76, 77, 78, 79, 80, 81, 82, 85, 88, 91, 94, 95, 96, 97, 98, 99, 100, 103, 106, 109, 112, 113, 114, 115, 116, 117, 118, 119, 121, 124, 127}
Added 46 singletons
added:  {128, 129, 11, 12, 14, 15, 17, 18, 20, 21, 29, 30, 32, 33, 35, 36, 38, 39, 42, 53, 54, 56, 57, 73, 74, 83, 84, 86, 87, 89, 90, 92, 93, 101, 102, 104, 105, 107, 108, 110, 111, 120, 122, 123, 125, 126}
chunks ... [0, 16889, 33778, 50667, 67557]
num codes: 395
num codes with support 0: 0
chunks ... [0, 16889, 33778, 50667, 67557]
database_size: 7535292.637214034
codetable_size: 13776.12572653546
complete: 7549068.76294057
Partition ratio: 0.6126820203134143
current singletons: {1, 2, 3, 4, 5, 6, 7, 8, 9, 10, 11, 12, 13, 14, 15, 16, 19, 22, 23, 24, 25, 26, 27, 28, 29, 30, 31, 32, 33, 34, 37, 40, 41, 42, 43, 44, 45, 46, 47, 48, 49, 50, 51, 52, 55, 58, 59, 60, 61, 62, 63, 64, 65, 66, 67, 68, 69, 72, 75, 77, 78, 80, 81, 83, 84, 85, 86, 87, 88, 89, 90, 91, 92, 93, 94, 95, 96, 97, 98, 99, 100, 101, 102, 103, 106, 109, 112, 113, 114, 115, 116, 117, 118, 119, 120, 121, 124, 127}
Added 31 singletons
added:  {128, 129, 17, 18, 20, 21, 35, 36, 38, 39, 53, 54, 56, 57, 70, 71, 73, 74, 76, 79, 82, 104, 105, 107, 108, 110, 111, 122, 123, 125, 126}
chunks ... [0, 16889, 33778, 50667, 67557]
num codes: 469
num codes with support 0: 0
chunks ... [0, 16889, 33778, 50667, 67557]
database_size: 5533581.1633212585
codetable_size: 17982.725573595046
complete: 5551563.888894853
Partition ratio: 0.4505646307058113
current singletons: {1, 2, 3, 4, 5, 6, 7, 8, 9, 10, 13, 16, 19, 22, 23, 24, 25, 26, 27, 28, 29, 30, 31, 32, 33, 34, 35, 36, 37, 40, 41, 42, 43, 44, 45, 46, 47, 48, 49, 52, 55, 58, 59, 60, 61, 62, 63, 64, 65, 66, 67, 68, 69, 72, 75, 76, 77, 78, 79, 80, 81, 82, 83, 84, 85, 88, 91, 95, 96, 97, 98, 99, 100, 101, 102, 103, 104, 105, 106, 109, 112, 113, 114, 115, 116, 117, 118, 119, 120, 121, 124, 127}
Added 37 singletons
added:  {128, 129, 11, 12, 14, 15, 17, 18, 20, 21, 38, 39, 50, 51, 53, 54, 56, 57, 70, 71, 73, 74, 86, 87, 89, 90, 92, 93, 94, 107, 108, 110, 111, 122, 123, 125, 126}
chunks ... [0, 16889, 33778, 50667, 67557]
num codes: 487
num codes with support 0: 0
chunks ... [0, 16889, 33778, 50667, 67557]
database_size: 5857892.198563792
codetable_size: 18164.138281669937
complete: 5876056.336845462
Partition ratio: 0.4769004205667825
current singletons: {1, 2, 3, 4, 5, 6, 7, 8, 9, 10, 13, 16, 19, 22, 23, 24, 25, 26, 27, 28, 29, 30, 31, 34, 37, 40, 41, 42, 43, 44, 45, 46, 47, 48, 49, 50, 51, 52, 55, 58, 59, 60, 61, 62, 63, 64, 65, 66, 69, 72, 75, 77, 78, 79, 80, 81, 82, 83, 84, 85, 88, 91, 94, 95, 96, 97, 98, 99, 100, 101, 102, 103, 106, 109, 112, 113, 114, 115, 116, 117, 118, 119, 120, 121, 124, 127}
Added 43 singletons
added:  {128, 129, 11, 12, 14, 15, 17, 18, 20, 21, 32, 33, 35, 36, 38, 39, 53, 54, 56, 57, 67, 68, 70, 71, 73, 74, 76, 86, 87, 89, 90, 92, 93, 104, 105, 107, 108, 110, 111, 122, 123, 125, 126}
chunks ... [0, 16889, 33778, 50667, 67557]
num codes: 449
num codes with support 0: 0
chunks ... [0, 16889, 33778, 50667, 67557]
database_size: 6196998.724378726
codetable_size: 16291.28746244139
complete: 6213290.011841168
Partition ratio: 0.5042702877387969
current singletons: {1, 2, 3, 4, 5, 6, 7, 8, 9, 10, 13, 16, 19, 23, 24, 26, 27, 28, 29, 30, 31, 32, 33, 34, 35, 36, 37, 40, 41, 42, 43, 44, 45, 46, 47, 48, 49, 50, 51, 52, 55, 58, 59, 60, 61, 62, 63, 64, 65, 66, 69, 72, 75, 76, 77, 78, 79, 80, 81, 82, 85, 88, 91, 94, 95, 96, 97, 98, 100, 103, 106, 109, 112, 113, 114, 115, 116, 117, 118, 119, 120, 121, 124, 127}
Added 45 singletons
added:  {128, 129, 11, 12, 14, 15, 17, 18, 20, 21, 22, 25, 38, 39, 53, 54, 56, 57, 67, 68, 70, 71, 73, 74, 83, 84, 86, 87, 89, 90, 92, 93, 99, 101, 102, 104, 105, 107, 108, 110, 111, 122, 123, 125, 126}
chunks ... [0, 16889, 33778, 50667, 67557]
num codes: 415
num codes with support 0: 0
chunks ... [0, 16889, 33778, 50667, 67557]
database_size: 8398505.592756078
codetable_size: 16502.83099509981
complete: 8415008.423751177
Partition ratio: 0.6829616372457011
current singletons: {1, 2, 3, 5, 6, 7, 8, 9, 10, 11, 12, 13, 14, 15, 16, 19, 22, 23, 24, 25, 26, 27, 28, 29, 30, 31, 32, 33, 34, 37, 40, 41, 42, 43, 44, 45, 46, 49, 52, 55, 58, 59, 60, 61, 62, 63, 65, 66, 69, 72, 75, 76, 77, 78, 79, 80, 81, 82, 85, 88, 91, 94, 95, 96, 97, 98, 99, 100, 103, 106, 109, 112, 113, 114, 115, 116, 117, 118, 119, 120, 121, 124, 127}
Added 46 singletons
added:  {128, 129, 4, 17, 18, 20, 21, 35, 36, 38, 39, 47, 48, 50, 51, 53, 54, 56, 57, 64, 67, 68, 70, 71, 73, 74, 83, 84, 86, 87, 89, 90, 92, 93, 101, 102, 104, 105, 107, 108, 110, 111, 122, 123, 125, 126}
chunks ... [0, 16889, 33778, 50667, 67557]
num codes: 453
num codes with support 0: 0
chunks ... [0, 16889, 33778, 50667, 67557]
database_size: 7211585.797055624
codetable_size: 17526.219475738046
complete: 7229112.016531362
Partition ratio: 0.5867143477489191
current singletons: {1, 2, 3, 4, 5, 6, 7, 8, 9, 10, 11, 12, 13, 14, 15, 16, 19, 22, 23, 24, 25, 26, 27, 28, 29, 30, 31, 34, 37, 40, 41, 42, 43, 44, 45, 46, 47, 48, 49, 52, 55, 58, 59, 60, 61, 62, 63, 64, 65, 66, 67, 68, 69, 72, 75, 76, 77, 78, 79, 80, 81, 82, 83, 84, 85, 88, 91, 95, 96, 98, 99, 101, 102, 103, 104, 105, 106, 107, 108, 109, 110, 111, 112, 113, 114, 115, 116, 117, 118, 119, 120, 121, 124, 127}
Added 35 singletons
added:  {128, 129, 17, 18, 20, 21, 32, 33, 35, 36, 38, 39, 50, 51, 53, 54, 56, 57, 70, 71, 73, 74, 86, 87, 89, 90, 92, 93, 94, 97, 100, 122, 123, 125, 126}
chunks ... [0, 16889, 33778, 50667, 67557]
num codes: 451
num codes with support 0: 0
chunks ... [0, 16889, 33778, 50667, 67557]
database_size: 5431444.101201942
codetable_size: 16527.42612823085
complete: 5447971.527330173
Partition ratio: 0.4421570801369167
current singletons: {1, 2, 3, 5, 6, 8, 9, 11, 12, 13, 14, 15, 16, 17, 18, 19, 20, 21, 22, 23, 24, 25, 26, 27, 28, 29, 30, 31, 34, 37, 40, 41, 42, 43, 44, 45, 46, 47, 48, 49, 52, 55, 58, 59, 60, 61, 62, 63, 64, 65, 66, 69, 72, 75, 76, 77, 78, 79, 80, 81, 82, 83, 84, 85, 88, 91, 94, 95, 96, 97, 98, 99, 100, 101, 102, 103, 106, 109, 112, 113, 114, 115, 116, 117, 118, 119, 120, 121, 124, 127}
Added 39 singletons
added:  {128, 129, 4, 7, 10, 32, 33, 35, 36, 38, 39, 50, 51, 53, 54, 56, 57, 67, 68, 70, 71, 73, 74, 86, 87, 89, 90, 92, 93, 104, 105, 107, 108, 110, 111, 122, 123, 125, 126}
chunks ... [0, 16889, 33778, 50667, 67557]
num codes: 412
num codes with support 0: 0
chunks ... [0, 16889, 33778, 50667, 67557]
database_size: 6392782.859581793
codetable_size: 15996.133672717533
complete: 6408778.993254511
Partition ratio: 0.5201361630993869
current singletons: {1, 2, 3, 4, 5, 6, 7, 8, 9, 10, 11, 12, 13, 14, 15, 16, 19, 22, 23, 24, 25, 26, 27, 28, 29, 30, 31, 32, 33, 34, 37, 40, 41, 42, 43, 44, 45, 46, 47, 48, 49, 50, 51, 52, 55, 58, 59, 60, 61, 62, 63, 64, 65, 66, 69, 72, 75, 76, 77, 78, 79, 80, 81, 82, 83, 84, 85, 88, 91, 94, 95, 96, 97, 98, 99, 100, 101, 102, 103, 106, 109, 113, 114, 116, 117, 119, 120, 122, 123, 124, 125, 126, 127, 128, 129}
Added 34 singletons
added:  {17, 18, 20, 21, 35, 36, 38, 39, 53, 54, 56, 57, 67, 68, 70, 71, 73, 74, 86, 87, 89, 90, 92, 93, 104, 105, 107, 108, 110, 111, 112, 115, 118, 121}
chunks ... [0, 16889, 33778, 50667, 67557]
num codes: 365
num codes with support 0: 0
chunks ... [0, 16889, 33778, 50667, 67557]
database_size: 6240492.695776071
codetable_size: 12692.803566067625
complete: 6253185.499342139
Partition ratio: 0.5075082033878738
current singletons: {1, 2, 3, 4, 5, 6, 7, 8, 9, 10, 11, 12, 13, 16, 19, 23, 24, 26, 27, 29, 30, 31, 32, 33, 34, 35, 36, 37, 38, 39, 40, 41, 42, 43, 44, 45, 46, 47, 48, 49, 52, 55, 58, 59, 60, 61, 62, 63, 64, 65, 66, 67, 68, 69, 72, 75, 76, 77, 78, 79, 80, 81, 82, 83, 84, 85, 88, 91, 94, 95, 96, 97, 98, 99, 100, 103, 106, 109, 112, 113, 114, 115, 116, 117, 118, 119, 120, 121, 124, 127}
Added 39 singletons
added:  {128, 129, 14, 15, 17, 18, 20, 21, 22, 25, 28, 50, 51, 53, 54, 56, 57, 70, 71, 73, 74, 86, 87, 89, 90, 92, 93, 101, 102, 104, 105, 107, 108, 110, 111, 122, 123, 125, 126}
chunks ... [0, 16889, 33778, 50667, 67557]
num codes: 388
num codes with support 0: 0
chunks ... [0, 16889, 33778, 50667, 67557]
database_size: 7660841.739387142
codetable_size: 15224.683672555846
complete: 7676066.423059697
Partition ratio: 0.6229891436713098
current singletons: {1, 2, 3, 4, 5, 6, 7, 8, 9, 10, 13, 16, 19, 22, 23, 24, 25, 26, 27, 28, 29, 30, 31, 34, 37, 40, 41, 42, 43, 44, 45, 46, 47, 48, 49, 52, 55, 58, 59, 61, 62, 64, 65, 66, 67, 68, 69, 70, 71, 72, 73, 74, 75, 76, 77, 78, 79, 80, 81, 82, 83, 84, 85, 88, 91, 94, 95, 96, 97, 98, 99, 100, 103, 106, 109, 112, 113, 114, 115, 116, 117, 118, 119, 120, 121, 124, 127}
Added 42 singletons
added:  {128, 129, 11, 12, 14, 15, 17, 18, 20, 21, 32, 33, 35, 36, 38, 39, 50, 51, 53, 54, 56, 57, 60, 63, 86, 87, 89, 90, 92, 93, 101, 102, 104, 105, 107, 108, 110, 111, 122, 123, 125, 126}
chunks ... [0, 16889, 33778, 50667, 67557]
num codes: 476
num codes with support 0: 0
chunks ... [0, 16889, 33778, 50667, 67557]
database_size: 7001407.086823273
codetable_size: 18718.742914953866
complete: 7020125.829738228
Partition ratio: 0.5697530399157476
current singletons: {1, 2, 3, 5, 6, 7, 8, 9, 10, 11, 12, 13, 14, 15, 16, 19, 22, 23, 24, 25, 26, 27, 28, 31, 34, 37, 40, 41, 42, 43, 44, 45, 46, 47, 48, 49, 50, 51, 52, 55, 58, 59, 60, 61, 62, 63, 66, 69, 72, 75, 76, 77, 78, 79, 80, 81, 82, 85, 88, 91, 94, 95, 96, 97, 98, 99, 100, 103, 106, 109, 112, 113, 114, 115, 116, 117, 118, 121, 124, 127}
Added 49 singletons
added:  {128, 129, 4, 17, 18, 20, 21, 29, 30, 32, 33, 35, 36, 38, 39, 53, 54, 56, 57, 64, 65, 67, 68, 70, 71, 73, 74, 83, 84, 86, 87, 89, 90, 92, 93, 101, 102, 104, 105, 107, 108, 110, 111, 119, 120, 122, 123, 125, 126}
chunks ... [0, 16889, 33778, 50667, 67557]
num codes: 464
num codes with support 0: 0
chunks ... [0, 16889, 33778, 50667, 67557]
database_size: 7493976.529688622
codetable_size: 17510.92213654047
complete: 7511487.451825162
Partition ratio: 0.60963192309702
current singletons: {1, 2, 3, 4, 5, 6, 7, 8, 9, 10, 11, 12, 13, 16, 19, 22, 23, 24, 25, 26, 27, 28, 29, 30, 31, 34, 37, 40, 41, 43, 45, 47, 48, 49, 50, 51, 52, 53, 54, 55, 56, 57, 58, 59, 60, 61, 62, 63, 64, 65, 66, 69, 72, 75, 76, 77, 78, 79, 80, 81, 82, 83, 84, 85, 88, 91, 94, 95, 96, 97, 98, 99, 100, 103, 106, 109, 112, 113, 114, 115, 116, 117, 118, 119, 120, 121, 124, 127}
Added 41 singletons
added:  {128, 129, 14, 15, 17, 18, 20, 21, 32, 33, 35, 36, 38, 39, 42, 44, 46, 67, 68, 70, 71, 73, 74, 86, 87, 89, 90, 92, 93, 101, 102, 104, 105, 107, 108, 110, 111, 122, 123, 125, 126}
chunks ... [0, 16889, 33778, 50667, 67557]
num codes: 384
num codes with support 0: 0
chunks ... [0, 16889, 33778, 50667, 67557]
database_size: 7497633.465517801
codetable_size: 13756.554437990648
complete: 7511390.0199557915
Partition ratio: 0.6096240155316707
current singletons: {1, 2, 3, 5, 6, 7, 8, 9, 10, 11, 12, 13, 14, 15, 16, 19, 22, 23, 24, 25, 26, 27, 28, 31, 34, 37, 40, 41, 42, 43, 44, 45, 46, 49, 52, 55, 58, 59, 61, 62, 63, 64, 65, 66, 67, 68, 69, 70, 71, 72, 74, 75, 76, 77, 78, 79, 80, 81, 82, 85, 88, 91, 94, 95, 96, 97, 98, 99, 100, 103, 106, 109, 112, 113, 114, 115, 116, 117, 118, 119, 120, 121, 124, 127}
Added 45 singletons
added:  {128, 129, 4, 17, 18, 20, 21, 29, 30, 32, 33, 35, 36, 38, 39, 47, 48, 50, 51, 53, 54, 56, 57, 60, 73, 83, 84, 86, 87, 89, 90, 92, 93, 101, 102, 104, 105, 107, 108, 110, 111, 122, 123, 125, 126}
chunks ... [0, 16889, 33778, 50667, 67557]
num codes: 369
num codes with support 0: 0
chunks ... [0, 16889, 33778, 50667, 67557]
database_size: 7566513.33870972
codetable_size: 11594.61351810482
complete: 7578107.952227825
Partition ratio: 0.6150388393754054
initial ratio: 0.42542377238506524
merged: {0}
merged: {0}
to_process: {1, 2, 3, 4, 5, 6, 7, 8, 9, 10, 11, 12, 13, 14, 15}
[(1, 0.307245049430669), (2, 0.33586483500852204), (3, 0.24227838332696383), (4, 0.3034589422107247), (5, 0.2974333270245325), (6, 0.4570424075654518), (7, 0.3980862459623836), (8, 0.23585104383181554), (9, 0.313023024174432), (10, 0.2807130623121758), (11, 0.4348036209451052), (12, 0.3517869541280812), (13, 0.42213107872953587), (14, 0.41618441150902175), (15, 0.26746441007329486)]
next_candidate: 8
chunks ... [0, 16889, 33778, 50667, 67557]
chunks ... [0, 16889, 33778, 50667, 67557]
database_size: 4525362.4499628
codetable_size: 29639.060975371518
complete: 4555001.510938172
current_ratio: 0.42542377238506524 --- candidate_ratio:0.3696836809796356
!!!!! ********* merge accepted ... 
merged: {0, 8}
to_process: {1, 2, 3, 4, 5, 6, 7, 9, 10, 11, 12, 13, 14, 15}
[(1, 0.21709223281282003), (2, 0.2254329818730483), (3, 0.1641247077696618), (4, 0.21805734825749926), (5, 0.19954049838024493), (6, 0.3092150926226479), (7, 0.27730188457045724), (9, 0.22111947591606285), (10, 0.17065112736887342), (11, 0.3073247660441236), (12, 0.24306696706721476), (13, 0.29619556763470356), (14, 0.2914662212373292), (15, 0.1804507590436182)]
next_candidate: 3
chunks ... [0, 16889, 33778, 50667, 67557]
chunks ... [0, 16889, 33778, 50667, 67557]
database_size: 3916489.581841991
codetable_size: 46045.64054623315
complete: 3962535.2223882237
current_ratio: 0.3696836809796356 --- candidate_ratio:0.3215991484319447
!!!!! ********* merge accepted ... 
merged: {0, 8, 3}
to_process: {1, 2, 4, 5, 6, 7, 9, 10, 11, 12, 13, 14, 15}
[(1, 0.15601454468948575), (2, 0.16327358473153586), (4, 0.15814134178718056), (5, 0.14949599905812383), (6, 0.22582412611065436), (7, 0.20361543099599305), (9, 0.16158606166297323), (10, 0.12217905032025204), (11, 0.22746715656510888), (12, 0.17664917783110726), (13, 0.21691850715977654), (14, 0.21348682725066076), (15, 0.13053080445191684)]
next_candidate: 10
chunks ... [0, 16889, 33778, 50667, 67557]
chunks ... [0, 16889, 33778, 50667, 67557]
database_size: 3629734.4461342194
codetable_size: 57440.78712750058
complete: 3687175.23326172
current_ratio: 0.3215991484319447 --- candidate_ratio:0.299250946322604
!!!!! ********* merge accepted ... 
merged: {0, 8, 10, 3}
to_process: {1, 2, 4, 5, 6, 7, 9, 11, 12, 13, 14, 15}
[(1, 0.12506976855715743), (2, 0.13150494594379847), (4, 0.1271258465603591), (5, 0.11987030112599023), (6, 0.18243093975970212), (7, 0.16477995944289797), (9, 0.1303886203235218), (11, 0.1838986865476608), (12, 0.14218598351832862), (13, 0.17494227053255543), (14, 0.17264609226049812), (15, 0.10486735678225746)]
next_candidate: 15
chunks ... [0, 16889, 33778, 50667, 67557]
chunks ... [0, 16889, 33778, 50667, 67557]
database_size: 3533813.193563769
codetable_size: 67644.14945652818
complete: 3601457.343020297
current_ratio: 0.299250946322604 --- candidate_ratio:0.29229408689804354
!!!!! ********* merge accepted ... 
merged: {0, 3, 8, 10, 15}
to_process: {1, 2, 4, 5, 6, 7, 9, 11, 12, 13, 14}
[(1, 0.10650812919419606), (2, 0.11342616041292122), (4, 0.10825033659042177), (5, 0.10208912378734447), (6, 0.15563848028043367), (7, 0.14187227861347504), (9, 0.11233655045347342), (11, 0.15721547546763998), (12, 0.1249180407839828), (13, 0.15071912623604455), (14, 0.1474685879577356)]
next_candidate: 5
chunks ... [0, 16889, 33778, 50667, 67557]
chunks ... [0, 16889, 33778, 50667, 67557]
database_size: 3448554.6137268734
codetable_size: 82915.6132243655
complete: 3531470.2269512387
current_ratio: 0.29229408689804354 --- candidate_ratio:0.2866139362707763
!!!!! ********* merge accepted ... 
merged: {0, 3, 5, 8, 10, 15}
to_process: {1, 2, 4, 6, 7, 9, 11, 12, 13, 14}
[(1, 0.08936472476594838), (2, 0.09524984243960116), (4, 0.09000944421868465), (6, 0.130217139834), (7, 0.11798333528330808), (9, 0.09354939594346162), (11, 0.13155938832236388), (12, 0.1040364689774177), (13, 0.12597377844526458), (14, 0.12399655442979454)]
next_candidate: 1
chunks ... [0, 16889, 33778, 50667, 67557]
chunks ... [0, 16889, 33778, 50667, 67557]
database_size: 3248809.793735589
codetable_size: 96200.48856085623
complete: 3345010.282296445
current_ratio: 0.2866139362707763 --- candidate_ratio:0.2714808570545093
!!!!! ********* merge accepted ... 
merged: {0, 1, 3, 5, 8, 10, 15}
to_process: {2, 4, 6, 7, 9, 11, 12, 13, 14}
[(2, 0.08241167554254981), (4, 0.07742279596443824), (6, 0.11209379286091606), (7, 0.10148614909294279), (9, 0.08055312884634859), (11, 0.11339527120072436), (12, 0.08961396714242145), (13, 0.108398955044246), (14, 0.10845528282926911)]
next_candidate: 4
chunks ... [0, 16889, 33778, 50667, 67557]
chunks ... [0, 16889, 33778, 50667, 67557]
database_size: 2988097.4808260207
codetable_size: 111948.4728413405
complete: 3100045.9536673613
current_ratio: 0.2714808570545093 --- candidate_ratio:0.25159956513861426
!!!!! ********* merge accepted ... 
merged: {0, 1, 3, 4, 5, 8, 10, 15}
to_process: {2, 6, 7, 9, 11, 12, 13, 14}
[(2, 0.07081595647427366), (6, 0.09768758994550902), (7, 0.08766057304534265), (9, 0.06929420580013904), (11, 0.09880193359741778), (12, 0.0771890064818294), (13, 0.09315823481295119), (14, 0.09330052148905854)]
next_candidate: 9
chunks ... [0, 16889, 33778, 50667, 67557]
chunks ... [0, 16889, 33778, 50667, 67557]
database_size: 2695302.167943742
codetable_size: 125977.86091956944
complete: 2821280.0288633117
current_ratio: 0.25159956513861426 --- candidate_ratio:0.2289749374703728
!!!!! ********* merge accepted ... 
merged: {0, 1, 3, 4, 5, 8, 9, 10, 15}
to_process: {2, 6, 7, 11, 12, 13, 14}
[(2, 0.06207563384455014), (6, 0.08565152964328816), (7, 0.0771062137008393), (11, 0.08669629223037632), (12, 0.0677394388153995), (13, 0.08212658031358819), (14, 0.08185679259136457)]
next_candidate: 2
chunks ... [0, 16889, 33778, 50667, 67557]
chunks ... [0, 16889, 33778, 50667, 67557]
database_size: 2688628.026669714
codetable_size: 138280.00873300352
complete: 2826908.0354027175
current_ratio: 0.2289749374703728 --- candidate_ratio:0.22943170618253872
!!!!! ********* merge rejected ... 
merged: {0, 1, 3, 4, 5, 8, 9, 10, 15}
to_process: {6, 7, 11, 12, 13, 14}
[(6, 0.08565152964328816), (7, 0.0771062137008393), (11, 0.08669629223037632), (12, 0.0677394388153995), (13, 0.08212658031358819), (14, 0.08185679259136457)]
next_candidate: 12
chunks ... [0, 16889, 33778, 50667, 67557]
chunks ... [0, 16889, 33778, 50667, 67557]
database_size: 2601940.832209868
codetable_size: 141575.68747516265
complete: 2743516.5196850304
current_ratio: 0.2289749374703728 --- candidate_ratio:0.22266365519090775
!!!!! ********* merge accepted ... 
merged: {0, 1, 3, 4, 5, 8, 9, 10, 12, 15}
to_process: {6, 7, 11, 13, 14}
[(6, 0.07651827713113865), (7, 0.06869877718260337), (11, 0.07750063177925479), (13, 0.07317173767113612), (14, 0.07297395616282669)]
next_candidate: 7
chunks ... [0, 16889, 33778, 50667, 67557]
chunks ... [0, 16889, 33778, 50667, 67557]
database_size: 2589541.300379176
codetable_size: 156814.75373199114
complete: 2746356.0541111673
current_ratio: 0.22266365519090775 --- candidate_ratio:0.22289411165429243
!!!!! ********* merge rejected ... 
merged: {0, 1, 3, 4, 5, 8, 9, 10, 12, 15}
to_process: {6, 11, 13, 14}
[(6, 0.07651827713113865), (11, 0.07750063177925479), (13, 0.07317173767113612), (14, 0.07297395616282669)]
next_candidate: 14
chunks ... [0, 16889, 33778, 50667, 67557]
chunks ... [0, 16889, 33778, 50667, 67557]
database_size: 2534886.9636743492
codetable_size: 153658.4867235704
complete: 2688545.45039792
current_ratio: 0.22266365519090775 --- candidate_ratio:0.21820220612384475
!!!!! ********* merge accepted ... 
merged: {0, 1, 3, 4, 5, 8, 9, 10, 12, 14, 15}
to_process: {6, 11, 13}
[(6, 0.06802964953900205), (11, 0.06894752189664312), (13, 0.0650491607024901)]
next_candidate: 13
chunks ... [0, 16889, 33778, 50667, 67557]
chunks ... [0, 16889, 33778, 50667, 67557]
database_size: 2462958.302602946
codetable_size: 168518.40386977067
complete: 2631476.7064727163
current_ratio: 0.21820220612384475 --- candidate_ratio:0.2135705098944382
!!!!! ********* merge accepted ... 
merged: {0, 1, 3, 4, 5, 8, 9, 10, 12, 13, 14, 15}
to_process: {6, 11}
[(6, 0.061471914275454814), (11, 0.06232807686390965)]
next_candidate: 6
chunks ... [0, 16889, 33778, 50667, 67557]
chunks ... [0, 16889, 33778, 50667, 67557]
database_size: 2450481.8787183324
codetable_size: 181808.8722365953
complete: 2632290.750954928
current_ratio: 0.2135705098944382 --- candidate_ratio:0.2136365777014285
!!!!! ********* merge rejected ... 
merged: {0, 1, 3, 4, 5, 8, 9, 10, 12, 13, 14, 15}
to_process: {11}
[(11, 0.06232807686390965)]
next_candidate: 11
chunks ... [0, 16889, 33778, 50667, 67557]
chunks ... [0, 16889, 33778, 50667, 67557]
database_size: 2336241.020959736
codetable_size: 180593.0475824779
complete: 2516834.0685422136
current_ratio: 0.2135705098944382 --- candidate_ratio:0.20426611948192336
!!!!! ********* merge accepted ... 
merged table size: 3889
chunks ... [0, 16889, 33778, 50667, 67557]
chunks ... [0, 16889, 33778, 50667, 67557]
merged table size without non-used codes: 3727
database_size: 2336241.020959736
codetable_size: 180593.0475824779
complete: 2516834.0685422136
database_size: 12320561.926931633
codetable_size: 786.6889113503379
complete: 12321348.615842983
merged size: 2516834.0685422136
sct size: 12321348.615842983
merged ratio: 0.20426611948192336
time elapsed: 661.4395399093628
