
-- MERGING METHOD naive
processing batch_results/200d-5-10-neg15/batch-2/pendigits_transaction_k_means_200d_k8_FalseNorm_trans_clust_0_k8...
chunks ... [0, 292, 584, 876, 1169]
num codes: 261
num codes with support 0: 0
chunks ... [0, 292, 584, 876, 1169]
num codes with usage 0: 36
database_size: 22153.16673018309
codetable_size: 4747.167964688541
complete: 26900.33469487163
database_size: 71975.7644329599
codetable_size: 396.8008099043632
complete: 72372.56524286426
Partition 0 ratio: 0.371692430751913
processing batch_results/200d-5-10-neg15/batch-2/pendigits_transaction_k_means_200d_k8_FalseNorm_trans_clust_1_k8...
chunks ... [0, 279, 558, 837, 1116]
num codes: 265
num codes with support 0: 0
chunks ... [0, 279, 558, 837, 1116]
num codes with usage 0: 22
database_size: 20232.025387673297
codetable_size: 5145.1235453742
complete: 25377.148933047498
database_size: 68576.93153740284
codetable_size: 416.1323998867972
complete: 68993.06393728964
Partition 1 ratio: 0.36782174156106084
processing batch_results/200d-5-10-neg15/batch-2/pendigits_transaction_k_means_200d_k8_FalseNorm_trans_clust_2_k8...
chunks ... [0, 304, 608, 912, 1219]
num codes: 262
num codes with support 0: 0
chunks ... [0, 304, 608, 912, 1219]
num codes with usage 0: 19
database_size: 20541.461201181937
codetable_size: 5496.238648515376
complete: 26037.699849697314
database_size: 75508.36308619556
codetable_size: 399.2537464395537
complete: 75907.61683263512
Partition 2 ratio: 0.34301827584847683
processing batch_results/200d-5-10-neg15/batch-2/pendigits_transaction_k_means_200d_k8_FalseNorm_trans_clust_3_k8...
chunks ... [0, 371, 742, 1113, 1487]
num codes: 349
num codes with support 0: 0
chunks ... [0, 371, 742, 1113, 1487]
num codes with usage 0: 30
database_size: 33380.127775827765
codetable_size: 6900.690237885456
complete: 40280.81801371322
database_size: 97706.22892821985
codetable_size: 450.6491476575462
complete: 98156.8780758774
Partition 3 ratio: 0.4103718333683685
processing batch_results/200d-5-10-neg15/batch-2/pendigits_transaction_k_means_200d_k8_FalseNorm_trans_clust_4_k8...
chunks ... [0, 253, 506, 759, 1013]
num codes: 223
num codes with support 0: 0
chunks ... [0, 253, 506, 759, 1013]
num codes with usage 0: 37
database_size: 17626.487780074007
codetable_size: 4078.466897711917
complete: 21704.954677785925
database_size: 61982.7620618165
codetable_size: 395.61755437551534
complete: 62378.37961619202
Partition 4 ratio: 0.3479563722452292
processing batch_results/200d-5-10-neg15/batch-2/pendigits_transaction_k_means_200d_k8_FalseNorm_trans_clust_5_k8...
chunks ... [0, 421, 842, 1263, 1686]
num codes: 388
num codes with support 0: 0
chunks ... [0, 421, 842, 1263, 1686]
num codes with usage 0: 24
database_size: 37003.3367076441
codetable_size: 8258.920906811236
complete: 45262.25761445533
database_size: 109923.07401621724
codetable_size: 435.54251701711496
complete: 110358.61653323437
Partition 5 ratio: 0.41013795783516965
processing batch_results/200d-5-10-neg15/batch-2/pendigits_transaction_k_means_200d_k8_FalseNorm_trans_clust_6_k8...
chunks ... [0, 374, 748, 1122, 1496]
num codes: 333
num codes with support 0: 0
chunks ... [0, 374, 748, 1122, 1496]
num codes with usage 0: 43
database_size: 28548.17126283145
codetable_size: 6462.6960673446465
complete: 35010.867330176094
database_size: 94007.3243292889
codetable_size: 418.26244726542865
complete: 94425.58677655432
Partition 6 ratio: 0.3707773340400276
processing batch_results/200d-5-10-neg15/batch-2/pendigits_transaction_k_means_200d_k8_FalseNorm_trans_clust_7_k8...
chunks ... [0, 451, 902, 1353, 1806]
num codes: 387
num codes with support 0: 0
chunks ... [0, 451, 902, 1353, 1806]
num codes with usage 0: 41
database_size: 40274.23303587048
codetable_size: 7715.758516562247
complete: 47989.99155243272
database_size: 116558.0011098279
codetable_size: 413.8195592233275
complete: 116971.82066905123
Partition 7 ratio: 0.41026968100471795
number of codetables: 8
size: 261
size: 265
size: 262
size: 349
size: 223
size: 388
size: 333
size: 387
merged table size: 1863
chunks ... [0, 2748, 5496, 8244, 10992]
chunks ... [0, 2748, 5496, 8244, 10992]
merged table size without non-used codes: 1840
database_size: 301364.81954416155
codetable_size: 50663.20328717957
complete: 352028.02283134114
database_size: 790738.936801035
codetable_size: 411.51868678919095
complete: 791150.4554878242
merged size: 352028.02283134114
sct size: 791150.4554878242
merged ratio: 0.4449571132639749
time elapsed: 5.31442403793335
-- MERGING METHOD naive_plus
processing batch_results/200d-5-10-neg15/batch-2/pendigits_transaction_k_means_200d_k8_FalseNorm_trans_clust_0_k8...
chunks ... [0, 292, 584, 876, 1169]
num codes: 261
num codes with support 0: 0
chunks ... [0, 292, 584, 876, 1169]
num codes with usage 0: 36
database_size: 22153.16673018309
codetable_size: 4747.167964688541
complete: 26900.33469487163
database_size: 71975.7644329599
codetable_size: 396.8008099043632
complete: 72372.56524286426
Partition 0 ratio: 0.371692430751913
processing batch_results/200d-5-10-neg15/batch-2/pendigits_transaction_k_means_200d_k8_FalseNorm_trans_clust_1_k8...
chunks ... [0, 279, 558, 837, 1116]
num codes: 265
num codes with support 0: 0
chunks ... [0, 279, 558, 837, 1116]
num codes with usage 0: 22
database_size: 20232.025387673297
codetable_size: 5145.1235453742
complete: 25377.148933047498
database_size: 68576.93153740284
codetable_size: 416.1323998867972
complete: 68993.06393728964
Partition 1 ratio: 0.36782174156106084
processing batch_results/200d-5-10-neg15/batch-2/pendigits_transaction_k_means_200d_k8_FalseNorm_trans_clust_2_k8...
chunks ... [0, 304, 608, 912, 1219]
num codes: 262
num codes with support 0: 0
chunks ... [0, 304, 608, 912, 1219]
num codes with usage 0: 19
database_size: 20541.461201181937
codetable_size: 5496.238648515376
complete: 26037.699849697314
database_size: 75508.36308619556
codetable_size: 399.2537464395537
complete: 75907.61683263512
Partition 2 ratio: 0.34301827584847683
processing batch_results/200d-5-10-neg15/batch-2/pendigits_transaction_k_means_200d_k8_FalseNorm_trans_clust_3_k8...
chunks ... [0, 371, 742, 1113, 1487]
num codes: 349
num codes with support 0: 0
chunks ... [0, 371, 742, 1113, 1487]
num codes with usage 0: 30
database_size: 33380.127775827765
codetable_size: 6900.690237885456
complete: 40280.81801371322
database_size: 97706.22892821985
codetable_size: 450.6491476575462
complete: 98156.8780758774
Partition 3 ratio: 0.4103718333683685
processing batch_results/200d-5-10-neg15/batch-2/pendigits_transaction_k_means_200d_k8_FalseNorm_trans_clust_4_k8...
chunks ... [0, 253, 506, 759, 1013]
num codes: 223
num codes with support 0: 0
chunks ... [0, 253, 506, 759, 1013]
num codes with usage 0: 37
database_size: 17626.487780074007
codetable_size: 4078.466897711917
complete: 21704.954677785925
database_size: 61982.7620618165
codetable_size: 395.61755437551534
complete: 62378.37961619202
Partition 4 ratio: 0.3479563722452292
processing batch_results/200d-5-10-neg15/batch-2/pendigits_transaction_k_means_200d_k8_FalseNorm_trans_clust_5_k8...
chunks ... [0, 421, 842, 1263, 1686]
num codes: 388
num codes with support 0: 0
chunks ... [0, 421, 842, 1263, 1686]
num codes with usage 0: 24
database_size: 37003.3367076441
codetable_size: 8258.920906811236
complete: 45262.25761445533
database_size: 109923.07401621724
codetable_size: 435.54251701711496
complete: 110358.61653323437
Partition 5 ratio: 0.41013795783516965
processing batch_results/200d-5-10-neg15/batch-2/pendigits_transaction_k_means_200d_k8_FalseNorm_trans_clust_6_k8...
chunks ... [0, 374, 748, 1122, 1496]
num codes: 333
num codes with support 0: 0
chunks ... [0, 374, 748, 1122, 1496]
num codes with usage 0: 43
database_size: 28548.17126283145
codetable_size: 6462.6960673446465
complete: 35010.867330176094
database_size: 94007.3243292889
codetable_size: 418.26244726542865
complete: 94425.58677655432
Partition 6 ratio: 0.3707773340400276
processing batch_results/200d-5-10-neg15/batch-2/pendigits_transaction_k_means_200d_k8_FalseNorm_trans_clust_7_k8...
chunks ... [0, 451, 902, 1353, 1806]
num codes: 387
num codes with support 0: 0
chunks ... [0, 451, 902, 1353, 1806]
num codes with usage 0: 41
database_size: 40274.23303587048
codetable_size: 7715.758516562247
complete: 47989.99155243272
database_size: 116558.0011098279
codetable_size: 413.8195592233275
complete: 116971.82066905123
Partition 7 ratio: 0.41026968100471795
number of codetables: 8
size: 261
size: 265
size: 262
size: 349
size: 223
size: 388
size: 333
size: 387
database_size: 790738.936801035
codetable_size: 411.51868678919095
complete: 791150.4554878242
current singletons: {1, 2, 3, 4, 5, 6, 7, 8, 9, 10, 11, 12, 13, 14, 15, 16, 17, 18, 19, 20, 21, 22, 23, 26, 27, 28, 29, 31, 32, 33, 34, 35, 36, 37, 38, 39, 40, 41, 42, 43, 44, 45, 46, 47, 48, 49, 50, 51, 52, 53, 54, 56, 57, 58, 59, 60, 61, 62, 63, 64, 67, 68, 69, 71, 72, 73, 74, 76, 80, 81, 84, 86, 89}
Added 13 singletons
added:  {66, 77, 78, 79, 82, 83, 24, 85, 87, 55, 88, 25, 30}
chunks ... [0, 2748, 5496, 8244, 10992]
num codes: 274
num codes with support 0: 0
chunks ... [0, 2748, 5496, 8244, 10992]
database_size: 622188.0484960679
codetable_size: 5923.916917950515
complete: 628111.9654140184
Partition ratio: 0.7939222698503332
current singletons: {1, 2, 3, 4, 5, 6, 7, 8, 9, 10, 11, 12, 13, 14, 15, 17, 18, 19, 20, 21, 22, 23, 24, 25, 26, 27, 28, 29, 30, 31, 32, 34, 35, 36, 37, 38, 39, 41, 42, 43, 44, 45, 46, 47, 48, 50, 51, 52, 53, 54, 55, 56, 57, 58, 60, 61, 62, 63, 64, 66, 67, 68, 69, 71, 72, 73, 74, 76, 77, 78, 79, 80, 84, 86, 88}
Added 11 singletons
added:  {33, 40, 16, 49, 82, 81, 83, 85, 87, 89, 59}
chunks ... [0, 2748, 5496, 8244, 10992]
num codes: 276
num codes with support 0: 0
chunks ... [0, 2748, 5496, 8244, 10992]
database_size: 662809.8235682385
codetable_size: 6235.517221780912
complete: 669045.3407900195
Partition ratio: 0.8456613228864104
current singletons: {1, 2, 3, 4, 5, 6, 7, 8, 9, 10, 11, 12, 13, 14, 15, 16, 17, 18, 19, 20, 21, 22, 23, 24, 25, 26, 27, 29, 30, 31, 32, 33, 34, 35, 36, 37, 38, 39, 41, 42, 43, 44, 45, 46, 47, 48, 49, 50, 51, 52, 53, 54, 56, 57, 58, 59, 60, 61, 62, 63, 64, 69, 71, 72, 73, 76, 77, 78, 79, 80, 84, 86, 88, 89}
Added 12 singletons
added:  {66, 67, 68, 40, 74, 81, 82, 83, 85, 87, 55, 28}
chunks ... [0, 2748, 5496, 8244, 10992]
num codes: 274
num codes with support 0: 0
chunks ... [0, 2748, 5496, 8244, 10992]
database_size: 617917.4251373435
codetable_size: 6651.296796545932
complete: 624568.7219338894
Partition ratio: 0.7894436735788514
current singletons: {1, 2, 3, 4, 5, 6, 7, 8, 9, 10, 11, 12, 13, 14, 15, 16, 17, 18, 19, 20, 21, 22, 23, 24, 25, 26, 27, 28, 29, 30, 31, 32, 33, 34, 35, 36, 37, 38, 39, 40, 41, 42, 43, 44, 45, 46, 47, 48, 49, 50, 51, 52, 53, 54, 55, 56, 57, 58, 60, 61, 62, 63, 64, 66, 67, 68, 69, 71, 72, 73, 74, 76, 77, 78, 79, 80, 81, 82, 85, 86, 87, 88, 89}
Added 3 singletons
added:  {83, 59, 84}
chunks ... [0, 2748, 5496, 8244, 10992]
num codes: 352
num codes with support 0: 0
chunks ... [0, 2748, 5496, 8244, 10992]
database_size: 578405.8789137042
codetable_size: 7788.611300628578
complete: 586194.4902143328
Partition ratio: 0.7409393322700987
current singletons: {1, 2, 3, 4, 5, 6, 7, 8, 9, 10, 11, 12, 13, 14, 15, 16, 17, 18, 19, 20, 21, 22, 23, 24, 25, 26, 27, 28, 29, 31, 32, 33, 34, 35, 36, 37, 38, 39, 40, 41, 42, 45, 46, 47, 48, 49, 50, 51, 53, 54, 55, 56, 57, 58, 59, 60, 61, 62, 63, 64, 69, 71, 72, 73, 74, 79, 85, 86, 87, 88, 89}
Added 15 singletons
added:  {66, 67, 68, 43, 76, 77, 78, 44, 80, 81, 82, 83, 84, 52, 30}
chunks ... [0, 2748, 5496, 8244, 10992]
num codes: 238
num codes with support 0: 0
chunks ... [0, 2748, 5496, 8244, 10992]
database_size: 642777.696253703
codetable_size: 5245.856002659058
complete: 648023.552256362
Partition ratio: 0.8190901588456903
current singletons: {1, 2, 3, 4, 5, 6, 7, 8, 9, 10, 11, 12, 13, 14, 15, 16, 17, 18, 19, 20, 21, 22, 23, 24, 25, 26, 27, 28, 29, 30, 31, 32, 33, 34, 35, 38, 39, 40, 41, 42, 43, 44, 45, 47, 48, 49, 50, 51, 52, 53, 54, 55, 56, 57, 58, 59, 60, 61, 62, 63, 64, 66, 67, 68, 69, 71, 72, 73, 74, 76, 77, 78, 79, 80, 81, 82, 83, 84, 85, 87, 88, 89}
Added 4 singletons
added:  {86, 36, 37, 46}
chunks ... [0, 2748, 5496, 8244, 10992]
num codes: 392
num codes with support 0: 0
chunks ... [0, 2748, 5496, 8244, 10992]
database_size: 551604.3758897792
codetable_size: 9360.692966832294
complete: 560965.0688566115
Partition ratio: 0.7090497957316094
current singletons: {1, 2, 3, 4, 5, 6, 7, 8, 9, 10, 11, 12, 13, 14, 15, 16, 17, 18, 19, 20, 21, 22, 23, 24, 25, 26, 27, 28, 29, 30, 31, 32, 33, 34, 35, 36, 37, 38, 39, 40, 41, 42, 43, 44, 45, 46, 47, 48, 49, 50, 53, 54, 55, 56, 57, 58, 60, 61, 62, 63, 64, 66, 67, 68, 71, 73, 74, 76, 77, 78, 81, 82, 84, 86, 87, 88}
Added 10 singletons
added:  {69, 72, 79, 80, 83, 51, 85, 52, 89, 59}
chunks ... [0, 2748, 5496, 8244, 10992]
num codes: 343
num codes with support 0: 0
chunks ... [0, 2748, 5496, 8244, 10992]
database_size: 615379.0998340225
codetable_size: 7757.548594051233
complete: 623136.6484280737
Partition ratio: 0.7876335583272174
current singletons: {1, 2, 3, 4, 5, 6, 7, 8, 9, 10, 11, 12, 13, 14, 15, 16, 17, 18, 19, 20, 21, 22, 23, 24, 25, 27, 28, 29, 30, 31, 32, 33, 34, 35, 37, 38, 39, 40, 41, 42, 43, 44, 45, 46, 47, 48, 49, 50, 51, 52, 53, 54, 55, 56, 57, 58, 59, 60, 61, 62, 63, 64, 66, 67, 71, 72, 73, 74, 76, 77, 78, 81, 82, 83, 85, 87, 88, 89}
Added 8 singletons
added:  {68, 69, 36, 79, 80, 84, 86, 26}
chunks ... [0, 2748, 5496, 8244, 10992]
num codes: 395
num codes with support 0: 0
chunks ... [0, 2748, 5496, 8244, 10992]
database_size: 576284.493507969
codetable_size: 9101.139582147774
complete: 585385.6330901168
Partition ratio: 0.7399169513580921
merged table size: 392
chunks ... [0, 2748, 5496, 8244, 10992]
chunks ... [0, 2748, 5496, 8244, 10992]
merged table size without non-used codes: 386
database_size: 551604.3758897792
codetable_size: 9360.692966832294
complete: 560965.0688566115
database_size: 790738.936801035
codetable_size: 411.51868678919095
complete: 791150.4554878242
merged size: 560965.0688566115
sct size: 791150.4554878242
merged ratio: 0.7090497957316094
time elapsed: 7.9731690883636475
-- MERGING METHOD informed
processing batch_results/200d-5-10-neg15/batch-2/pendigits_transaction_k_means_200d_k8_FalseNorm_trans_clust_0_k8...
chunks ... [0, 292, 584, 876, 1169]
num codes: 261
num codes with support 0: 0
chunks ... [0, 292, 584, 876, 1169]
num codes with usage 0: 36
database_size: 22153.16673018309
codetable_size: 4747.167964688541
complete: 26900.33469487163
database_size: 71975.7644329599
codetable_size: 396.8008099043632
complete: 72372.56524286426
Partition 0 ratio: 0.371692430751913
processing batch_results/200d-5-10-neg15/batch-2/pendigits_transaction_k_means_200d_k8_FalseNorm_trans_clust_1_k8...
chunks ... [0, 279, 558, 837, 1116]
num codes: 265
num codes with support 0: 0
chunks ... [0, 279, 558, 837, 1116]
num codes with usage 0: 22
database_size: 20232.025387673297
codetable_size: 5145.1235453742
complete: 25377.148933047498
database_size: 68576.93153740284
codetable_size: 416.1323998867972
complete: 68993.06393728964
Partition 1 ratio: 0.36782174156106084
processing batch_results/200d-5-10-neg15/batch-2/pendigits_transaction_k_means_200d_k8_FalseNorm_trans_clust_2_k8...
chunks ... [0, 304, 608, 912, 1219]
num codes: 262
num codes with support 0: 0
chunks ... [0, 304, 608, 912, 1219]
num codes with usage 0: 19
database_size: 20541.461201181937
codetable_size: 5496.238648515376
complete: 26037.699849697314
database_size: 75508.36308619556
codetable_size: 399.2537464395537
complete: 75907.61683263512
Partition 2 ratio: 0.34301827584847683
processing batch_results/200d-5-10-neg15/batch-2/pendigits_transaction_k_means_200d_k8_FalseNorm_trans_clust_3_k8...
chunks ... [0, 371, 742, 1113, 1487]
num codes: 349
num codes with support 0: 0
chunks ... [0, 371, 742, 1113, 1487]
num codes with usage 0: 30
database_size: 33380.127775827765
codetable_size: 6900.690237885456
complete: 40280.81801371322
database_size: 97706.22892821985
codetable_size: 450.6491476575462
complete: 98156.8780758774
Partition 3 ratio: 0.4103718333683685
processing batch_results/200d-5-10-neg15/batch-2/pendigits_transaction_k_means_200d_k8_FalseNorm_trans_clust_4_k8...
chunks ... [0, 253, 506, 759, 1013]
num codes: 223
num codes with support 0: 0
chunks ... [0, 253, 506, 759, 1013]
num codes with usage 0: 37
database_size: 17626.487780074007
codetable_size: 4078.466897711917
complete: 21704.954677785925
database_size: 61982.7620618165
codetable_size: 395.61755437551534
complete: 62378.37961619202
Partition 4 ratio: 0.3479563722452292
processing batch_results/200d-5-10-neg15/batch-2/pendigits_transaction_k_means_200d_k8_FalseNorm_trans_clust_5_k8...
chunks ... [0, 421, 842, 1263, 1686]
num codes: 388
num codes with support 0: 0
chunks ... [0, 421, 842, 1263, 1686]
num codes with usage 0: 24
database_size: 37003.3367076441
codetable_size: 8258.920906811236
complete: 45262.25761445533
database_size: 109923.07401621724
codetable_size: 435.54251701711496
complete: 110358.61653323437
Partition 5 ratio: 0.41013795783516965
processing batch_results/200d-5-10-neg15/batch-2/pendigits_transaction_k_means_200d_k8_FalseNorm_trans_clust_6_k8...
chunks ... [0, 374, 748, 1122, 1496]
num codes: 333
num codes with support 0: 0
chunks ... [0, 374, 748, 1122, 1496]
num codes with usage 0: 43
database_size: 28548.17126283145
codetable_size: 6462.6960673446465
complete: 35010.867330176094
database_size: 94007.3243292889
codetable_size: 418.26244726542865
complete: 94425.58677655432
Partition 6 ratio: 0.3707773340400276
processing batch_results/200d-5-10-neg15/batch-2/pendigits_transaction_k_means_200d_k8_FalseNorm_trans_clust_7_k8...
chunks ... [0, 451, 902, 1353, 1806]
num codes: 387
num codes with support 0: 0
chunks ... [0, 451, 902, 1353, 1806]
num codes with usage 0: 41
database_size: 40274.23303587048
codetable_size: 7715.758516562247
complete: 47989.99155243272
database_size: 116558.0011098279
codetable_size: 413.8195592233275
complete: 116971.82066905123
Partition 7 ratio: 0.41026968100471795
number of codetables: 8
size: 261
size: 265
size: 262
size: 349
size: 223
size: 388
size: 333
size: 387
database_size: 790738.936801035
codetable_size: 411.51868678919095
complete: 791150.4554878242
database_size: 790738.936801035
codetable_size: 411.51868678919095
complete: 791150.4554878242
current singletons: {1, 2, 3, 4, 5, 6, 7, 8, 9, 10, 11, 12, 13, 14, 15, 16, 17, 18, 19, 20, 21, 22, 23, 26, 27, 28, 29, 31, 32, 33, 34, 35, 36, 37, 38, 39, 40, 41, 42, 43, 44, 45, 46, 47, 48, 49, 50, 51, 52, 53, 54, 56, 57, 58, 59, 60, 61, 62, 63, 64, 67, 68, 69, 71, 72, 73, 74, 76, 80, 81, 84, 86, 89}
Added 13 singletons
added:  {66, 77, 78, 79, 82, 83, 24, 85, 87, 55, 88, 25, 30}
chunks ... [0, 2748, 5496, 8244, 10992]
num codes: 274
num codes with support 0: 0
chunks ... [0, 2748, 5496, 8244, 10992]
database_size: 622188.0484960679
codetable_size: 5923.916917950515
complete: 628111.9654140184
Partition ratio: 0.7939222698503332
current singletons: {1, 2, 3, 4, 5, 6, 7, 8, 9, 10, 11, 12, 13, 14, 15, 17, 18, 19, 20, 21, 22, 23, 24, 25, 26, 27, 28, 29, 30, 31, 32, 34, 35, 36, 37, 38, 39, 41, 42, 43, 44, 45, 46, 47, 48, 50, 51, 52, 53, 54, 55, 56, 57, 58, 60, 61, 62, 63, 64, 66, 67, 68, 69, 71, 72, 73, 74, 76, 77, 78, 79, 80, 84, 86, 88}
Added 11 singletons
added:  {33, 40, 16, 49, 82, 81, 83, 85, 87, 89, 59}
chunks ... [0, 2748, 5496, 8244, 10992]
num codes: 276
num codes with support 0: 0
chunks ... [0, 2748, 5496, 8244, 10992]
database_size: 662809.8235682385
codetable_size: 6235.517221780912
complete: 669045.3407900195
Partition ratio: 0.8456613228864104
current singletons: {1, 2, 3, 4, 5, 6, 7, 8, 9, 10, 11, 12, 13, 14, 15, 16, 17, 18, 19, 20, 21, 22, 23, 24, 25, 26, 27, 29, 30, 31, 32, 33, 34, 35, 36, 37, 38, 39, 41, 42, 43, 44, 45, 46, 47, 48, 49, 50, 51, 52, 53, 54, 56, 57, 58, 59, 60, 61, 62, 63, 64, 69, 71, 72, 73, 76, 77, 78, 79, 80, 84, 86, 88, 89}
Added 12 singletons
added:  {66, 67, 68, 40, 74, 81, 82, 83, 85, 87, 55, 28}
chunks ... [0, 2748, 5496, 8244, 10992]
num codes: 274
num codes with support 0: 0
chunks ... [0, 2748, 5496, 8244, 10992]
database_size: 617917.4251373435
codetable_size: 6651.296796545932
complete: 624568.7219338894
Partition ratio: 0.7894436735788514
current singletons: {1, 2, 3, 4, 5, 6, 7, 8, 9, 10, 11, 12, 13, 14, 15, 16, 17, 18, 19, 20, 21, 22, 23, 24, 25, 26, 27, 28, 29, 30, 31, 32, 33, 34, 35, 36, 37, 38, 39, 40, 41, 42, 43, 44, 45, 46, 47, 48, 49, 50, 51, 52, 53, 54, 55, 56, 57, 58, 60, 61, 62, 63, 64, 66, 67, 68, 69, 71, 72, 73, 74, 76, 77, 78, 79, 80, 81, 82, 85, 86, 87, 88, 89}
Added 3 singletons
added:  {83, 59, 84}
chunks ... [0, 2748, 5496, 8244, 10992]
num codes: 352
num codes with support 0: 0
chunks ... [0, 2748, 5496, 8244, 10992]
database_size: 578405.8789137042
codetable_size: 7788.611300628578
complete: 586194.4902143328
Partition ratio: 0.7409393322700987
current singletons: {1, 2, 3, 4, 5, 6, 7, 8, 9, 10, 11, 12, 13, 14, 15, 16, 17, 18, 19, 20, 21, 22, 23, 24, 25, 26, 27, 28, 29, 31, 32, 33, 34, 35, 36, 37, 38, 39, 40, 41, 42, 45, 46, 47, 48, 49, 50, 51, 53, 54, 55, 56, 57, 58, 59, 60, 61, 62, 63, 64, 69, 71, 72, 73, 74, 79, 85, 86, 87, 88, 89}
Added 15 singletons
added:  {66, 67, 68, 43, 76, 77, 78, 44, 80, 81, 82, 83, 84, 52, 30}
chunks ... [0, 2748, 5496, 8244, 10992]
num codes: 238
num codes with support 0: 0
chunks ... [0, 2748, 5496, 8244, 10992]
database_size: 642777.696253703
codetable_size: 5245.856002659058
complete: 648023.552256362
Partition ratio: 0.8190901588456903
current singletons: {1, 2, 3, 4, 5, 6, 7, 8, 9, 10, 11, 12, 13, 14, 15, 16, 17, 18, 19, 20, 21, 22, 23, 24, 25, 26, 27, 28, 29, 30, 31, 32, 33, 34, 35, 38, 39, 40, 41, 42, 43, 44, 45, 47, 48, 49, 50, 51, 52, 53, 54, 55, 56, 57, 58, 59, 60, 61, 62, 63, 64, 66, 67, 68, 69, 71, 72, 73, 74, 76, 77, 78, 79, 80, 81, 82, 83, 84, 85, 87, 88, 89}
Added 4 singletons
added:  {86, 36, 37, 46}
chunks ... [0, 2748, 5496, 8244, 10992]
num codes: 392
num codes with support 0: 0
chunks ... [0, 2748, 5496, 8244, 10992]
database_size: 551604.3758897792
codetable_size: 9360.692966832294
complete: 560965.0688566115
Partition ratio: 0.7090497957316094
current singletons: {1, 2, 3, 4, 5, 6, 7, 8, 9, 10, 11, 12, 13, 14, 15, 16, 17, 18, 19, 20, 21, 22, 23, 24, 25, 26, 27, 28, 29, 30, 31, 32, 33, 34, 35, 36, 37, 38, 39, 40, 41, 42, 43, 44, 45, 46, 47, 48, 49, 50, 53, 54, 55, 56, 57, 58, 60, 61, 62, 63, 64, 66, 67, 68, 71, 73, 74, 76, 77, 78, 81, 82, 84, 86, 87, 88}
Added 10 singletons
added:  {69, 72, 79, 80, 83, 51, 85, 52, 89, 59}
chunks ... [0, 2748, 5496, 8244, 10992]
num codes: 343
num codes with support 0: 0
chunks ... [0, 2748, 5496, 8244, 10992]
database_size: 615379.0998340225
codetable_size: 7757.548594051233
complete: 623136.6484280737
Partition ratio: 0.7876335583272174
current singletons: {1, 2, 3, 4, 5, 6, 7, 8, 9, 10, 11, 12, 13, 14, 15, 16, 17, 18, 19, 20, 21, 22, 23, 24, 25, 27, 28, 29, 30, 31, 32, 33, 34, 35, 37, 38, 39, 40, 41, 42, 43, 44, 45, 46, 47, 48, 49, 50, 51, 52, 53, 54, 55, 56, 57, 58, 59, 60, 61, 62, 63, 64, 66, 67, 71, 72, 73, 74, 76, 77, 78, 81, 82, 83, 85, 87, 88, 89}
Added 8 singletons
added:  {68, 69, 36, 79, 80, 84, 86, 26}
chunks ... [0, 2748, 5496, 8244, 10992]
num codes: 395
num codes with support 0: 0
chunks ... [0, 2748, 5496, 8244, 10992]
database_size: 576284.493507969
codetable_size: 9101.139582147774
complete: 585385.6330901168
Partition ratio: 0.7399169513580921
initial ratio: 0.7090497957316094
merged: {5}
merged: {5}
to_process: {0, 1, 2, 3, 4, 6, 7}
[(0, 0.29322978316811626), (1, 0.18819724689443998), (2, 0.2314439071300327), (3, 0.22026818389106997), (4, 0.20189092668315534), (6, 0.2396171337393391), (7, 0.2749493849192993)]
next_candidate: 1
chunks ... [0, 2748, 5496, 8244, 10992]
chunks ... [0, 2748, 5496, 8244, 10992]
database_size: 503830.9803733896
codetable_size: 14690.645097453007
complete: 518521.62547084264
current_ratio: 0.7090497957316094 --- candidate_ratio:0.6554020437883988
!!!!! ********* merge accepted ... 
merged: {1, 5}
to_process: {0, 2, 3, 4, 6, 7}
[(0, 0.25791489054505173), (2, 0.20673511571485825), (3, 0.2631702812051667), (4, 0.18353506531936725), (6, 0.2373407692902237), (7, 0.26957735000888117)]
next_candidate: 4
chunks ... [0, 2748, 5496, 8244, 10992]
chunks ... [0, 2748, 5496, 8244, 10992]
database_size: 468170.56701448956
codetable_size: 19083.430156901148
complete: 487253.9971713907
current_ratio: 0.6554020437883988 --- candidate_ratio:0.6158803218674119
!!!!! ********* merge accepted ... 
merged: {1, 4, 5}
to_process: {0, 2, 3, 6, 7}
[(0, 0.20897675181082748), (2, 0.22887012567248927), (3, 0.24446526505970928), (6, 0.22622525578563354), (7, 0.23705233358926536)]
next_candidate: 0
chunks ... [0, 2748, 5496, 8244, 10992]
chunks ... [0, 2748, 5496, 8244, 10992]
database_size: 430180.93027322856
codetable_size: 23873.404088066094
complete: 454054.33436129463
current_ratio: 0.6158803218674119 --- candidate_ratio:0.5739165429429277
!!!!! ********* merge accepted ... 
merged: {0, 1, 4, 5}
to_process: {2, 3, 6, 7}
[(2, 0.1811364155254316), (3, 0.20018057726524155), (6, 0.1889958825377594), (7, 0.20070654748843403)]
next_candidate: 2
chunks ... [0, 2748, 5496, 8244, 10992]
chunks ... [0, 2748, 5496, 8244, 10992]
database_size: 401382.9551250003
codetable_size: 29169.748231282534
complete: 430552.70335628284
current_ratio: 0.5739165429429277 --- candidate_ratio:0.5442109024519282
!!!!! ********* merge accepted ... 
merged: {0, 1, 2, 4, 5}
to_process: {3, 6, 7}
[(3, 0.16308880604276413), (6, 0.15476323673024903), (7, 0.16953591288791153)]
next_candidate: 6
chunks ... [0, 2748, 5496, 8244, 10992]
chunks ... [0, 2748, 5496, 8244, 10992]
database_size: 359357.8293024282
codetable_size: 35936.42172454153
complete: 395294.2510269697
current_ratio: 0.5442109024519282 --- candidate_ratio:0.4996448504642911
!!!!! ********* merge accepted ... 
merged: {0, 1, 2, 4, 5, 6}
to_process: {3, 7}
[(3, 0.13758228410245193), (7, 0.1656103076241117)]
next_candidate: 3
chunks ... [0, 2748, 5496, 8244, 10992]
chunks ... [0, 2748, 5496, 8244, 10992]
database_size: 327232.23680394655
codetable_size: 42914.7471955102
complete: 370146.98399945674
current_ratio: 0.4996448504642911 --- candidate_ratio:0.4678591555271541
!!!!! ********* merge accepted ... 
merged: {0, 1, 2, 3, 4, 5, 6}
to_process: {7}
[(7, 0.13970795686202128)]
next_candidate: 7
chunks ... [0, 2748, 5496, 8244, 10992]
chunks ... [0, 2748, 5496, 8244, 10992]
database_size: 301319.37008437887
codetable_size: 50662.9779557024
complete: 351982.34804008127
current_ratio: 0.4678591555271541 --- candidate_ratio:0.44489938114621774
!!!!! ********* merge accepted ... 
merged table size: 1863
chunks ... [0, 2748, 5496, 8244, 10992]
chunks ... [0, 2748, 5496, 8244, 10992]
merged table size without non-used codes: 1840
database_size: 301319.37008437887
codetable_size: 50662.9779557024
complete: 351982.34804008127
database_size: 790738.936801035
codetable_size: 411.51868678919095
complete: 791150.4554878242
merged size: 351982.34804008127
sct size: 791150.4554878242
merged ratio: 0.44489938114621774
time elapsed: 26.358282327651978
