
-- MERGING METHOD naive
processing tkmeans_batch_results/k4/batch-2/chessBig_tkmeans__0_k4...
chunks ... [0, 1856, 3712, 5568, 7424]
num codes: 768
num codes with support 0: 0
chunks ... [0, 1856, 3712, 5568, 7424]
num codes with usage 0: 13
database_size: 109138.52852414214
codetable_size: 14981.994973372057
complete: 124120.5234975142
database_size: 191876.35879113103
codetable_size: 258.0582675559597
complete: 192134.417058687
Partition 0 ratio: 0.6460087963293004
processing tkmeans_batch_results/k4/batch-2/chessBig_tkmeans__1_k4...
chunks ... [0, 1144, 2288, 3432, 4577]
num codes: 385
num codes with support 0: 0
chunks ... [0, 1144, 2288, 3432, 4577]
num codes with usage 0: 19
database_size: 70673.52723179803
codetable_size: 6324.633907321501
complete: 76998.16113911953
database_size: 116648.40188220625
codetable_size: 266.51475809895453
complete: 116914.91664030521
Partition 1 ratio: 0.6585828682238073
processing tkmeans_batch_results/k4/batch-2/chessBig_tkmeans__2_k4...
chunks ... [0, 2587, 5174, 7761, 10351]
num codes: 794
num codes with support 0: 0
chunks ... [0, 2587, 5174, 7761, 10351]
num codes with usage 0: 33
database_size: 152061.77762017483
codetable_size: 15726.669116519886
complete: 167788.44673669472
database_size: 269747.6636583582
codetable_size: 267.3016646799661
complete: 270014.96532303817
Partition 2 ratio: 0.621404248968043
processing tkmeans_batch_results/k4/batch-2/chessBig_tkmeans__3_k4...
chunks ... [0, 1425, 2850, 4275, 5703]
num codes: 443
num codes with support 0: 0
chunks ... [0, 1425, 2850, 4275, 5703]
num codes with usage 0: 44
database_size: 78915.62351336611
codetable_size: 7812.1088507126
complete: 86727.7323640787
database_size: 144850.11719922654
codetable_size: 270.21045876377264
complete: 145120.3276579903
Partition 3 ratio: 0.5976263543758853
number of codetables: 4
size: 768
size: 385
size: 794
size: 443
merged table size: 1906
chunks ... [0, 7014, 14028, 21042, 28056]
chunks ... [0, 7014, 14028, 21042, 28056]
merged table size without non-used codes: 1794
database_size: 466092.7836481196
codetable_size: 39887.19655978752
complete: 505979.9802079071
database_size: 750710.600704819
codetable_size: 258.1889058609846
complete: 750968.78961068
merged size: 505979.9802079071
sct size: 750968.78961068
merged ratio: 0.67376965222512
time elapsed: 13.628226041793823
-- MERGING METHOD naive_plus
processing tkmeans_batch_results/k4/batch-2/chessBig_tkmeans__0_k4...
chunks ... [0, 1856, 3712, 5568, 7424]
num codes: 768
num codes with support 0: 0
chunks ... [0, 1856, 3712, 5568, 7424]
num codes with usage 0: 13
database_size: 109138.52852414214
codetable_size: 14981.994973372057
complete: 124120.5234975142
database_size: 191876.35879113103
codetable_size: 258.0582675559597
complete: 192134.417058687
Partition 0 ratio: 0.6460087963293004
processing tkmeans_batch_results/k4/batch-2/chessBig_tkmeans__1_k4...
chunks ... [0, 1144, 2288, 3432, 4577]
num codes: 385
num codes with support 0: 0
chunks ... [0, 1144, 2288, 3432, 4577]
num codes with usage 0: 19
database_size: 70673.52723179803
codetable_size: 6324.633907321501
complete: 76998.16113911953
database_size: 116648.40188220625
codetable_size: 266.51475809895453
complete: 116914.91664030521
Partition 1 ratio: 0.6585828682238073
processing tkmeans_batch_results/k4/batch-2/chessBig_tkmeans__2_k4...
chunks ... [0, 2587, 5174, 7761, 10351]
num codes: 794
num codes with support 0: 0
chunks ... [0, 2587, 5174, 7761, 10351]
num codes with usage 0: 33
database_size: 152061.77762017483
codetable_size: 15726.669116519886
complete: 167788.44673669472
database_size: 269747.6636583582
codetable_size: 267.3016646799661
complete: 270014.96532303817
Partition 2 ratio: 0.621404248968043
processing tkmeans_batch_results/k4/batch-2/chessBig_tkmeans__3_k4...
chunks ... [0, 1425, 2850, 4275, 5703]
num codes: 443
num codes with support 0: 0
chunks ... [0, 1425, 2850, 4275, 5703]
num codes with usage 0: 44
database_size: 78915.62351336611
codetable_size: 7812.1088507126
complete: 86727.7323640787
database_size: 144850.11719922654
codetable_size: 270.21045876377264
complete: 145120.3276579903
Partition 3 ratio: 0.5976263543758853
number of codetables: 4
size: 768
size: 385
size: 794
size: 443
database_size: 750710.600704819
codetable_size: 258.1889058609846
complete: 750968.78961068
current singletons: {1, 2, 3, 4, 5, 6, 7, 8, 9, 10, 11, 12, 13, 14, 15, 16, 17, 18, 19, 20, 21, 22, 23, 24, 25, 26, 27, 28, 29, 30, 31, 32, 33, 34, 35, 36, 37, 38, 39, 40, 41, 42, 43, 44, 45, 46, 47, 48, 49, 50, 51, 52, 53, 54, 55, 56, 57}
Added 1 singletons
added:  {58}
chunks ... [0, 7014, 14028, 21042, 28056]
num codes: 769
num codes with support 0: 0
chunks ... [0, 7014, 14028, 21042, 28056]
database_size: 534803.2158215737
codetable_size: 15971.382517509339
complete: 550774.5983390831
Partition ratio: 0.7334187598190569
current singletons: {1, 2, 3, 4, 5, 6, 7, 8, 9, 10, 11, 12, 13, 14, 15, 16, 17, 18, 19, 20, 21, 22, 23, 24, 25, 26, 27, 28, 29, 30, 31, 32, 33, 34, 35, 36, 37, 38, 39, 40, 41, 42, 43, 44, 45, 46, 47, 48, 49, 50, 51, 52, 53, 54, 55, 56, 57, 58}
Added 0 singletons
added:  set()
chunks ... [0, 7014, 14028, 21042, 28056]
num codes: 385
num codes with support 0: 0
chunks ... [0, 7014, 14028, 21042, 28056]
database_size: 509240.6614803012
codetable_size: 6495.353358470647
complete: 515736.01483877184
Partition ratio: 0.6867609173293895
current singletons: {1, 2, 3, 4, 5, 6, 7, 8, 9, 10, 11, 12, 13, 14, 15, 16, 17, 18, 19, 20, 21, 22, 23, 24, 25, 26, 27, 28, 29, 30, 31, 32, 33, 34, 35, 36, 37, 38, 39, 40, 41, 42, 43, 44, 45, 46, 47, 48, 49, 50, 51, 52, 53, 54, 55, 56, 57, 58}
Added 0 singletons
added:  set()
chunks ... [0, 7014, 14028, 21042, 28056]
num codes: 794
num codes with support 0: 0
chunks ... [0, 7014, 14028, 21042, 28056]
database_size: 485476.40776607156
codetable_size: 16354.922834464844
complete: 501831.3306005364
Partition ratio: 0.6682452553863093
current singletons: {1, 2, 3, 4, 5, 6, 7, 8, 9, 10, 11, 12, 13, 14, 15, 16, 17, 18, 19, 20, 21, 22, 23, 24, 25, 26, 27, 28, 29, 30, 31, 32, 33, 34, 35, 36, 37, 38, 39, 40, 41, 42, 43, 44, 46, 47, 48, 49, 50, 51, 52, 53, 54, 55, 56, 57, 58}
Added 1 singletons
added:  {45}
chunks ... [0, 7014, 14028, 21042, 28056]
num codes: 444
num codes with support 0: 0
chunks ... [0, 7014, 14028, 21042, 28056]
database_size: 485873.2851535185
codetable_size: 8304.085576916961
complete: 494177.3707304355
Partition ratio: 0.6580531409123257
merged table size: 444
chunks ... [0, 7014, 14028, 21042, 28056]
chunks ... [0, 7014, 14028, 21042, 28056]
merged table size without non-used codes: 413
database_size: 485873.2851535185
codetable_size: 8304.085576916961
complete: 494177.3707304355
database_size: 750710.600704819
codetable_size: 258.1889058609846
complete: 750968.78961068
merged size: 494177.3707304355
sct size: 750968.78961068
merged ratio: 0.6580531409123257
time elapsed: 14.987234830856323
-- MERGING METHOD informed
processing tkmeans_batch_results/k4/batch-2/chessBig_tkmeans__0_k4...
chunks ... [0, 1856, 3712, 5568, 7424]
num codes: 768
num codes with support 0: 0
chunks ... [0, 1856, 3712, 5568, 7424]
num codes with usage 0: 13
database_size: 109138.52852414214
codetable_size: 14981.994973372057
complete: 124120.5234975142
database_size: 191876.35879113103
codetable_size: 258.0582675559597
complete: 192134.417058687
Partition 0 ratio: 0.6460087963293004
processing tkmeans_batch_results/k4/batch-2/chessBig_tkmeans__1_k4...
chunks ... [0, 1144, 2288, 3432, 4577]
num codes: 385
num codes with support 0: 0
chunks ... [0, 1144, 2288, 3432, 4577]
num codes with usage 0: 19
database_size: 70673.52723179803
codetable_size: 6324.633907321501
complete: 76998.16113911953
database_size: 116648.40188220625
codetable_size: 266.51475809895453
complete: 116914.91664030521
Partition 1 ratio: 0.6585828682238073
processing tkmeans_batch_results/k4/batch-2/chessBig_tkmeans__2_k4...
chunks ... [0, 2587, 5174, 7761, 10351]
num codes: 794
num codes with support 0: 0
chunks ... [0, 2587, 5174, 7761, 10351]
num codes with usage 0: 33
database_size: 152061.77762017483
codetable_size: 15726.669116519886
complete: 167788.44673669472
database_size: 269747.6636583582
codetable_size: 267.3016646799661
complete: 270014.96532303817
Partition 2 ratio: 0.621404248968043
processing tkmeans_batch_results/k4/batch-2/chessBig_tkmeans__3_k4...
chunks ... [0, 1425, 2850, 4275, 5703]
num codes: 443
num codes with support 0: 0
chunks ... [0, 1425, 2850, 4275, 5703]
num codes with usage 0: 44
database_size: 78915.62351336611
codetable_size: 7812.1088507126
complete: 86727.7323640787
database_size: 144850.11719922654
codetable_size: 270.21045876377264
complete: 145120.3276579903
Partition 3 ratio: 0.5976263543758853
number of codetables: 4
size: 768
size: 385
size: 794
size: 443
database_size: 750710.600704819
codetable_size: 258.1889058609846
complete: 750968.78961068
database_size: 750710.600704819
codetable_size: 258.1889058609846
complete: 750968.78961068
current singletons: {1, 2, 3, 4, 5, 6, 7, 8, 9, 10, 11, 12, 13, 14, 15, 16, 17, 18, 19, 20, 21, 22, 23, 24, 25, 26, 27, 28, 29, 30, 31, 32, 33, 34, 35, 36, 37, 38, 39, 40, 41, 42, 43, 44, 45, 46, 47, 48, 49, 50, 51, 52, 53, 54, 55, 56, 57}
Added 1 singletons
added:  {58}
chunks ... [0, 7014, 14028, 21042, 28056]
num codes: 769
num codes with support 0: 0
chunks ... [0, 7014, 14028, 21042, 28056]
database_size: 534803.2158215737
codetable_size: 15971.382517509339
complete: 550774.5983390831
Partition ratio: 0.7334187598190569
current singletons: {1, 2, 3, 4, 5, 6, 7, 8, 9, 10, 11, 12, 13, 14, 15, 16, 17, 18, 19, 20, 21, 22, 23, 24, 25, 26, 27, 28, 29, 30, 31, 32, 33, 34, 35, 36, 37, 38, 39, 40, 41, 42, 43, 44, 45, 46, 47, 48, 49, 50, 51, 52, 53, 54, 55, 56, 57, 58}
Added 0 singletons
added:  set()
chunks ... [0, 7014, 14028, 21042, 28056]
num codes: 385
num codes with support 0: 0
chunks ... [0, 7014, 14028, 21042, 28056]
database_size: 509240.6614803012
codetable_size: 6495.353358470647
complete: 515736.01483877184
Partition ratio: 0.6867609173293895
current singletons: {1, 2, 3, 4, 5, 6, 7, 8, 9, 10, 11, 12, 13, 14, 15, 16, 17, 18, 19, 20, 21, 22, 23, 24, 25, 26, 27, 28, 29, 30, 31, 32, 33, 34, 35, 36, 37, 38, 39, 40, 41, 42, 43, 44, 45, 46, 47, 48, 49, 50, 51, 52, 53, 54, 55, 56, 57, 58}
Added 0 singletons
added:  set()
chunks ... [0, 7014, 14028, 21042, 28056]
num codes: 794
num codes with support 0: 0
chunks ... [0, 7014, 14028, 21042, 28056]
database_size: 485476.40776607156
codetable_size: 16354.922834464844
complete: 501831.3306005364
Partition ratio: 0.6682452553863093
current singletons: {1, 2, 3, 4, 5, 6, 7, 8, 9, 10, 11, 12, 13, 14, 15, 16, 17, 18, 19, 20, 21, 22, 23, 24, 25, 26, 27, 28, 29, 30, 31, 32, 33, 34, 35, 36, 37, 38, 39, 40, 41, 42, 43, 44, 46, 47, 48, 49, 50, 51, 52, 53, 54, 55, 56, 57, 58}
Added 1 singletons
added:  {45}
chunks ... [0, 7014, 14028, 21042, 28056]
num codes: 444
num codes with support 0: 0
chunks ... [0, 7014, 14028, 21042, 28056]
database_size: 485873.2851535185
codetable_size: 8304.085576916961
complete: 494177.3707304355
Partition ratio: 0.6580531409123257
initial ratio: 0.6580531409123257
merged: {3}
merged: {3}
to_process: {0, 1, 2}
[(0, 0.31862882788935754), (1, 0.31296225567291397), (2, 0.28156838052640276)]
next_candidate: 2
chunks ... [0, 7014, 14028, 21042, 28056]
chunks ... [0, 7014, 14028, 21042, 28056]
database_size: 483508.9539782439
codetable_size: 23847.453846502947
complete: 507356.40782474686
current_ratio: 0.6580531409123257 --- candidate_ratio:0.6756025214946315
!!!!! ********* merge rejected ... 
merged: {3}
to_process: {0, 1}
[(0, 0.31862882788935754), (1, 0.31296225567291397)]
next_candidate: 1
chunks ... [0, 7014, 14028, 21042, 28056]
chunks ... [0, 7014, 14028, 21042, 28056]
database_size: 527634.9643778949
codetable_size: 14375.334661377248
complete: 542010.2990392721
current_ratio: 0.6580531409123257 --- candidate_ratio:0.721748102634549
!!!!! ********* merge rejected ... 
merged: {3}
to_process: {0}
[(0, 0.31862882788935754)]
next_candidate: 0
chunks ... [0, 7014, 14028, 21042, 28056]
chunks ... [0, 7014, 14028, 21042, 28056]
database_size: 487195.75743216806
codetable_size: 22174.900031628782
complete: 509370.65746379684
current_ratio: 0.6580531409123257 --- candidate_ratio:0.6782847230280591
!!!!! ********* merge rejected ... 
merged table size: 444
chunks ... [0, 7014, 14028, 21042, 28056]
chunks ... [0, 7014, 14028, 21042, 28056]
merged table size without non-used codes: 413
database_size: 485873.2851535185
codetable_size: 8304.085576916961
complete: 494177.3707304355
database_size: 750710.600704819
codetable_size: 258.1889058609846
complete: 750968.78961068
merged size: 494177.3707304355
sct size: 750968.78961068
merged ratio: 0.6580531409123257
time elapsed: 29.634131908416748
