
-- MERGING METHOD naive
processing tkmeans_batch_results/k16/batch-2/letrecog_tkmeans__0_k16...
chunks ... [0, 119, 238, 357, 477]
num codes: 219
num codes with support 0: 0
chunks ... [0, 119, 238, 357, 477]
num codes with usage 0: 44
database_size: 9278.716464528894
codetable_size: 3502.103919393031
complete: 12780.820383921924
database_size: 29860.40335704018
codetable_size: 439.01134584083263
complete: 30299.414702881015
Partition 0 ratio: 0.4218174017304256
processing tkmeans_batch_results/k16/batch-2/letrecog_tkmeans__1_k16...
chunks ... [0, 188, 376, 564, 753]
num codes: 270
num codes with support 0: 0
chunks ... [0, 188, 376, 564, 753]
num codes with usage 0: 27
database_size: 15674.322180959241
codetable_size: 5049.510558988726
complete: 20723.832739947968
database_size: 48092.745707577655
codetable_size: 525.2596470468383
complete: 48618.005354624496
Partition 1 ratio: 0.4262583910793193
processing tkmeans_batch_results/k16/batch-2/letrecog_tkmeans__2_k16...
chunks ... [0, 220, 440, 660, 881]
num codes: 300
num codes with support 0: 0
chunks ... [0, 220, 440, 660, 881]
num codes with usage 0: 41
database_size: 17252.985450239717
codetable_size: 6056.638884181743
complete: 23309.62433442146
database_size: 57100.43205575135
codetable_size: 550.0056290999844
complete: 57650.437684851335
Partition 2 ratio: 0.4043269274353918
processing tkmeans_batch_results/k16/batch-2/letrecog_tkmeans__3_k16...
chunks ... [0, 740, 1480, 2220, 2961]
num codes: 425
num codes with support 0: 0
chunks ... [0, 740, 1480, 2220, 2961]
num codes with usage 0: 33
database_size: 51226.6423547743
codetable_size: 9932.287054575629
complete: 61158.929409349934
database_size: 182371.85794753183
codetable_size: 534.3375185467953
complete: 182906.1954660786
Partition 3 ratio: 0.33437319743875127
processing tkmeans_batch_results/k16/batch-2/letrecog_tkmeans__4_k16...
chunks ... [0, 282, 564, 846, 1130]
num codes: 336
num codes with support 0: 0
chunks ... [0, 282, 564, 846, 1130]
num codes with usage 0: 43
database_size: 20992.865727837714
codetable_size: 6977.9351496479385
complete: 27970.800877485653
database_size: 71136.49909182223
codetable_size: 548.15524606527
complete: 71684.6543378875
Partition 4 ratio: 0.3901923101371815
processing tkmeans_batch_results/k16/batch-2/letrecog_tkmeans__5_k16...
chunks ... [0, 401, 802, 1203, 1606]
num codes: 359
num codes with support 0: 0
chunks ... [0, 401, 802, 1203, 1606]
num codes with usage 0: 42
database_size: 28669.405113876397
codetable_size: 7778.695661739114
complete: 36448.10077561551
database_size: 100701.32320916136
codetable_size: 547.9149876332355
complete: 101249.2381967946
Partition 5 ratio: 0.3599839507411662
processing tkmeans_batch_results/k16/batch-2/letrecog_tkmeans__6_k16...
chunks ... [0, 287, 574, 861, 1149]
num codes: 320
num codes with support 0: 0
chunks ... [0, 287, 574, 861, 1149]
num codes with usage 0: 34
database_size: 24198.19280711879
codetable_size: 6133.819563825115
complete: 30332.012370943907
database_size: 72179.7040226958
codetable_size: 520.6514413760347
complete: 72700.35546407184
Partition 6 ratio: 0.4172195882306771
processing tkmeans_batch_results/k16/batch-2/letrecog_tkmeans__7_k16...
chunks ... [0, 447, 894, 1341, 1789]
num codes: 379
num codes with support 0: 0
chunks ... [0, 447, 894, 1341, 1789]
num codes with usage 0: 37
database_size: 36350.397133874656
codetable_size: 7628.858710946468
complete: 43979.25584482112
database_size: 112685.25785828553
codetable_size: 526.907027892251
complete: 113212.16488617778
Partition 7 ratio: 0.38846758110347385
processing tkmeans_batch_results/k16/batch-2/letrecog_tkmeans__8_k16...
chunks ... [0, 311, 622, 933, 1244]
num codes: 309
num codes with support 0: 0
chunks ... [0, 311, 622, 933, 1244]
num codes with usage 0: 39
database_size: 25663.1407191306
codetable_size: 5708.222586140947
complete: 31371.363305271545
database_size: 77651.0572493199
codetable_size: 510.36433464870555
complete: 78161.42158396861
Partition 8 ratio: 0.4013663348173545
processing tkmeans_batch_results/k16/batch-2/letrecog_tkmeans__9_k16...
chunks ... [0, 294, 588, 882, 1178]
num codes: 298
num codes with support 0: 0
chunks ... [0, 294, 588, 882, 1178]
num codes with usage 0: 54
database_size: 16056.453868273285
codetable_size: 6767.707188071293
complete: 22824.16105634458
database_size: 75560.68017715334
codetable_size: 535.0628195932497
complete: 76095.74299674659
Partition 9 ratio: 0.2999400512761983
processing tkmeans_batch_results/k16/batch-2/letrecog_tkmeans__10_k16...
chunks ... [0, 146, 292, 438, 587]
num codes: 239
num codes with support 0: 0
chunks ... [0, 146, 292, 438, 587]
num codes with usage 0: 44
database_size: 11430.53374278655
codetable_size: 3986.503015098136
complete: 15417.036757884687
database_size: 37014.149279192956
codetable_size: 469.23961934993537
complete: 37483.38889854289
Partition 10 ratio: 0.4113031721761956
processing tkmeans_batch_results/k16/batch-2/letrecog_tkmeans__11_k16...
chunks ... [0, 170, 340, 510, 683]
num codes: 238
num codes with support 0: 0
chunks ... [0, 170, 340, 510, 683]
num codes with usage 0: 49
database_size: 11453.6258913154
codetable_size: 4448.531331729392
complete: 15902.157223044793
database_size: 44532.794900296365
codetable_size: 394.97901332292463
complete: 44927.77391361929
Partition 11 ratio: 0.35394936890528317
processing tkmeans_batch_results/k16/batch-2/letrecog_tkmeans__12_k16...
chunks ... [0, 401, 802, 1203, 1604]
num codes: 348
num codes with support 0: 0
chunks ... [0, 401, 802, 1203, 1604]
num codes with usage 0: 30
database_size: 29233.162663443658
codetable_size: 7392.10223359622
complete: 36625.26489703988
database_size: 98778.8094595484
codetable_size: 520.2613030274991
complete: 99299.0707625759
Partition 12 ratio: 0.36883794194419905
processing tkmeans_batch_results/k16/batch-2/letrecog_tkmeans__13_k16...
chunks ... [0, 726, 1452, 2178, 2906]
num codes: 543
num codes with support 0: 0
chunks ... [0, 726, 1452, 2178, 2906]
num codes with usage 0: 33
database_size: 60070.90512395297
codetable_size: 12791.145966270438
complete: 72862.05109022341
database_size: 189075.75830676174
codetable_size: 543.4203234799611
complete: 189619.1786302417
Partition 13 ratio: 0.3842546498542996
processing tkmeans_batch_results/k16/batch-2/letrecog_tkmeans__14_k16...
chunks ... [0, 95, 190, 285, 381]
num codes: 220
num codes with support 0: 0
chunks ... [0, 95, 190, 285, 381]
num codes with usage 0: 56
database_size: 7917.6238059003845
codetable_size: 3169.5083132585028
complete: 11087.132119158887
database_size: 24322.914294124366
codetable_size: 456.41423567544695
complete: 24779.32852979981
Partition 14 ratio: 0.44743472793564265
processing tkmeans_batch_results/k16/batch-2/letrecog_tkmeans__15_k16...
chunks ... [0, 167, 334, 501, 670]
num codes: 252
num codes with support 0: 0
chunks ... [0, 167, 334, 501, 670]
num codes with usage 0: 53
database_size: 12395.565342499356
codetable_size: 4300.300081041329
complete: 16695.865423540687
database_size: 42048.86185018056
codetable_size: 512.9618831652219
complete: 42561.82373334578
Partition 15 ratio: 0.39227326178835775
number of codetables: 16
size: 219
size: 270
size: 300
size: 425
size: 336
size: 359
size: 320
size: 379
size: 309
size: 298
size: 239
size: 238
size: 348
size: 543
size: 220
size: 252
merged table size: 3469
chunks ... [0, 5000, 10000, 15000, 20000]
chunks ... [0, 5000, 10000, 15000, 20000]
merged table size without non-used codes: 3158
database_size: 566463.8419802246
codetable_size: 93950.32695903121
complete: 660414.1689392558
database_size: 1372600.4814621517
codetable_size: 535.3174551653476
complete: 1373135.798917317
merged size: 660414.1689392558
sct size: 1373135.798917317
merged ratio: 0.4809532818676606
time elapsed: 14.446174621582031
-- MERGING METHOD naive_plus
processing tkmeans_batch_results/k16/batch-2/letrecog_tkmeans__0_k16...
chunks ... [0, 119, 238, 357, 477]
num codes: 219
num codes with support 0: 0
chunks ... [0, 119, 238, 357, 477]
num codes with usage 0: 44
database_size: 9278.716464528894
codetable_size: 3502.103919393031
complete: 12780.820383921924
database_size: 29860.40335704018
codetable_size: 439.01134584083263
complete: 30299.414702881015
Partition 0 ratio: 0.4218174017304256
processing tkmeans_batch_results/k16/batch-2/letrecog_tkmeans__1_k16...
chunks ... [0, 188, 376, 564, 753]
num codes: 270
num codes with support 0: 0
chunks ... [0, 188, 376, 564, 753]
num codes with usage 0: 27
database_size: 15674.322180959241
codetable_size: 5049.510558988726
complete: 20723.832739947968
database_size: 48092.745707577655
codetable_size: 525.2596470468383
complete: 48618.005354624496
Partition 1 ratio: 0.4262583910793193
processing tkmeans_batch_results/k16/batch-2/letrecog_tkmeans__2_k16...
chunks ... [0, 220, 440, 660, 881]
num codes: 300
num codes with support 0: 0
chunks ... [0, 220, 440, 660, 881]
num codes with usage 0: 41
database_size: 17252.985450239717
codetable_size: 6056.638884181743
complete: 23309.62433442146
database_size: 57100.43205575135
codetable_size: 550.0056290999844
complete: 57650.437684851335
Partition 2 ratio: 0.4043269274353918
processing tkmeans_batch_results/k16/batch-2/letrecog_tkmeans__3_k16...
chunks ... [0, 740, 1480, 2220, 2961]
num codes: 425
num codes with support 0: 0
chunks ... [0, 740, 1480, 2220, 2961]
num codes with usage 0: 33
database_size: 51226.6423547743
codetable_size: 9932.287054575629
complete: 61158.929409349934
database_size: 182371.85794753183
codetable_size: 534.3375185467953
complete: 182906.1954660786
Partition 3 ratio: 0.33437319743875127
processing tkmeans_batch_results/k16/batch-2/letrecog_tkmeans__4_k16...
chunks ... [0, 282, 564, 846, 1130]
num codes: 336
num codes with support 0: 0
chunks ... [0, 282, 564, 846, 1130]
num codes with usage 0: 43
database_size: 20992.865727837714
codetable_size: 6977.9351496479385
complete: 27970.800877485653
database_size: 71136.49909182223
codetable_size: 548.15524606527
complete: 71684.6543378875
Partition 4 ratio: 0.3901923101371815
processing tkmeans_batch_results/k16/batch-2/letrecog_tkmeans__5_k16...
chunks ... [0, 401, 802, 1203, 1606]
num codes: 359
num codes with support 0: 0
chunks ... [0, 401, 802, 1203, 1606]
num codes with usage 0: 42
database_size: 28669.405113876397
codetable_size: 7778.695661739114
complete: 36448.10077561551
database_size: 100701.32320916136
codetable_size: 547.9149876332355
complete: 101249.2381967946
Partition 5 ratio: 0.3599839507411662
processing tkmeans_batch_results/k16/batch-2/letrecog_tkmeans__6_k16...
chunks ... [0, 287, 574, 861, 1149]
num codes: 320
num codes with support 0: 0
chunks ... [0, 287, 574, 861, 1149]
num codes with usage 0: 34
database_size: 24198.19280711879
codetable_size: 6133.819563825115
complete: 30332.012370943907
database_size: 72179.7040226958
codetable_size: 520.6514413760347
complete: 72700.35546407184
Partition 6 ratio: 0.4172195882306771
processing tkmeans_batch_results/k16/batch-2/letrecog_tkmeans__7_k16...
chunks ... [0, 447, 894, 1341, 1789]
num codes: 379
num codes with support 0: 0
chunks ... [0, 447, 894, 1341, 1789]
num codes with usage 0: 37
database_size: 36350.397133874656
codetable_size: 7628.858710946468
complete: 43979.25584482112
database_size: 112685.25785828553
codetable_size: 526.907027892251
complete: 113212.16488617778
Partition 7 ratio: 0.38846758110347385
processing tkmeans_batch_results/k16/batch-2/letrecog_tkmeans__8_k16...
chunks ... [0, 311, 622, 933, 1244]
num codes: 309
num codes with support 0: 0
chunks ... [0, 311, 622, 933, 1244]
num codes with usage 0: 39
database_size: 25663.1407191306
codetable_size: 5708.222586140947
complete: 31371.363305271545
database_size: 77651.0572493199
codetable_size: 510.36433464870555
complete: 78161.42158396861
Partition 8 ratio: 0.4013663348173545
processing tkmeans_batch_results/k16/batch-2/letrecog_tkmeans__9_k16...
chunks ... [0, 294, 588, 882, 1178]
num codes: 298
num codes with support 0: 0
chunks ... [0, 294, 588, 882, 1178]
num codes with usage 0: 54
database_size: 16056.453868273285
codetable_size: 6767.707188071293
complete: 22824.16105634458
database_size: 75560.68017715334
codetable_size: 535.0628195932497
complete: 76095.74299674659
Partition 9 ratio: 0.2999400512761983
processing tkmeans_batch_results/k16/batch-2/letrecog_tkmeans__10_k16...
chunks ... [0, 146, 292, 438, 587]
num codes: 239
num codes with support 0: 0
chunks ... [0, 146, 292, 438, 587]
num codes with usage 0: 44
database_size: 11430.53374278655
codetable_size: 3986.503015098136
complete: 15417.036757884687
database_size: 37014.149279192956
codetable_size: 469.23961934993537
complete: 37483.38889854289
Partition 10 ratio: 0.4113031721761956
processing tkmeans_batch_results/k16/batch-2/letrecog_tkmeans__11_k16...
chunks ... [0, 170, 340, 510, 683]
num codes: 238
num codes with support 0: 0
chunks ... [0, 170, 340, 510, 683]
num codes with usage 0: 49
database_size: 11453.6258913154
codetable_size: 4448.531331729392
complete: 15902.157223044793
database_size: 44532.794900296365
codetable_size: 394.97901332292463
complete: 44927.77391361929
Partition 11 ratio: 0.35394936890528317
processing tkmeans_batch_results/k16/batch-2/letrecog_tkmeans__12_k16...
chunks ... [0, 401, 802, 1203, 1604]
num codes: 348
num codes with support 0: 0
chunks ... [0, 401, 802, 1203, 1604]
num codes with usage 0: 30
database_size: 29233.162663443658
codetable_size: 7392.10223359622
complete: 36625.26489703988
database_size: 98778.8094595484
codetable_size: 520.2613030274991
complete: 99299.0707625759
Partition 12 ratio: 0.36883794194419905
processing tkmeans_batch_results/k16/batch-2/letrecog_tkmeans__13_k16...
chunks ... [0, 726, 1452, 2178, 2906]
num codes: 543
num codes with support 0: 0
chunks ... [0, 726, 1452, 2178, 2906]
num codes with usage 0: 33
database_size: 60070.90512395297
codetable_size: 12791.145966270438
complete: 72862.05109022341
database_size: 189075.75830676174
codetable_size: 543.4203234799611
complete: 189619.1786302417
Partition 13 ratio: 0.3842546498542996
processing tkmeans_batch_results/k16/batch-2/letrecog_tkmeans__14_k16...
chunks ... [0, 95, 190, 285, 381]
num codes: 220
num codes with support 0: 0
chunks ... [0, 95, 190, 285, 381]
num codes with usage 0: 56
database_size: 7917.6238059003845
codetable_size: 3169.5083132585028
complete: 11087.132119158887
database_size: 24322.914294124366
codetable_size: 456.41423567544695
complete: 24779.32852979981
Partition 14 ratio: 0.44743472793564265
processing tkmeans_batch_results/k16/batch-2/letrecog_tkmeans__15_k16...
chunks ... [0, 167, 334, 501, 670]
num codes: 252
num codes with support 0: 0
chunks ... [0, 167, 334, 501, 670]
num codes with usage 0: 53
database_size: 12395.565342499356
codetable_size: 4300.300081041329
complete: 16695.865423540687
database_size: 42048.86185018056
codetable_size: 512.9618831652219
complete: 42561.82373334578
Partition 15 ratio: 0.39227326178835775
number of codetables: 16
size: 219
size: 270
size: 300
size: 425
size: 336
size: 359
size: 320
size: 379
size: 309
size: 298
size: 239
size: 238
size: 348
size: 543
size: 220
size: 252
database_size: 1372600.4814621517
codetable_size: 535.3174551653476
complete: 1373135.798917317
current singletons: {2, 3, 4, 5, 6, 7, 8, 9, 10, 12, 13, 14, 15, 17, 18, 19, 20, 23, 24, 25, 26, 27, 28, 29, 30, 31, 32, 33, 34, 35, 37, 38, 39, 40, 41, 42, 43, 44, 45, 46, 47, 48, 49, 50, 51, 52, 53, 54, 55, 56, 57, 58, 59, 60, 62, 63, 64, 65, 66, 67, 68, 69, 70, 72, 73, 74, 75, 78, 79, 80, 81, 84, 86, 90, 93, 94, 96, 100, 102, 103, 105}
Added 21 singletons
added:  {1, 11, 16, 22, 76, 77, 82, 83, 85, 87, 88, 89, 91, 92, 95, 97, 98, 99, 101, 104, 106}
chunks ... [0, 5000, 10000, 15000, 20000]
num codes: 240
num codes with support 0: 0
chunks ... [0, 5000, 10000, 15000, 20000]
database_size: 964228.2031835145
codetable_size: 4566.354969919357
complete: 968794.5581534338
Partition ratio: 0.70553441175833
current singletons: {3, 4, 5, 6, 7, 8, 9, 10, 12, 13, 14, 15, 18, 19, 20, 23, 24, 25, 26, 27, 28, 29, 30, 31, 32, 33, 34, 35, 37, 38, 39, 40, 41, 42, 43, 44, 45, 46, 47, 48, 49, 50, 51, 52, 53, 54, 55, 56, 57, 58, 59, 60, 62, 63, 64, 65, 66, 67, 68, 69, 70, 72, 73, 74, 75, 76, 77, 78, 79, 80, 83, 84, 85, 86, 87, 88, 89, 90, 91, 92, 93, 94, 95, 96, 97, 98, 99, 100, 101, 102, 103, 104, 105, 106}
Added 8 singletons
added:  {1, 2, 11, 16, 81, 82, 17, 22}
chunks ... [0, 5000, 10000, 15000, 20000]
num codes: 278
num codes with support 0: 0
chunks ... [0, 5000, 10000, 15000, 20000]
database_size: 935027.9918056794
codetable_size: 5830.48224767574
complete: 940858.4740533552
Partition ratio: 0.685189676647567
current singletons: {2, 3, 4, 6, 7, 8, 9, 10, 11, 12, 13, 14, 15, 16, 17, 18, 19, 20, 22, 23, 24, 26, 27, 28, 29, 30, 31, 32, 33, 34, 35, 37, 38, 39, 40, 41, 42, 43, 44, 45, 46, 47, 48, 49, 50, 51, 52, 53, 54, 55, 56, 57, 58, 59, 60, 62, 63, 64, 65, 67, 68, 69, 70, 72, 73, 74, 75, 77, 78, 79, 80, 81, 82, 83, 84, 85, 86, 87, 88, 89, 90, 91, 92, 93, 94, 95, 96, 97, 98, 99, 100, 101, 102, 103, 104, 105, 106}
Added 5 singletons
added:  {1, 66, 5, 76, 25}
chunks ... [0, 5000, 10000, 15000, 20000]
num codes: 305
num codes with support 0: 0
chunks ... [0, 5000, 10000, 15000, 20000]
database_size: 1060429.6731056059
codetable_size: 7347.864272367517
complete: 1067777.5373779733
Partition ratio: 0.7776197650806926
current singletons: {3, 4, 5, 6, 7, 8, 9, 10, 12, 13, 14, 15, 18, 19, 20, 23, 24, 25, 26, 27, 28, 29, 30, 31, 32, 33, 34, 35, 37, 38, 40, 41, 42, 43, 44, 45, 46, 47, 48, 49, 51, 52, 53, 54, 55, 56, 57, 58, 59, 60, 62, 63, 64, 65, 66, 67, 68, 69, 70, 72, 73, 74, 75, 76, 77, 78, 79, 80, 81, 82, 83, 84, 85, 86, 87, 88, 89, 90, 91, 92, 93, 94, 95, 96, 97, 98, 99, 100, 101, 102, 103, 104, 105, 106}
Added 8 singletons
added:  {1, 2, 39, 11, 16, 17, 50, 22}
chunks ... [0, 5000, 10000, 15000, 20000]
num codes: 433
num codes with support 0: 0
chunks ... [0, 5000, 10000, 15000, 20000]
database_size: 851518.2363386402
codetable_size: 10806.395513909876
complete: 862324.6318525501
Partition ratio: 0.6279966136870594
current singletons: {2, 3, 4, 5, 6, 7, 8, 9, 12, 13, 14, 15, 17, 18, 19, 20, 22, 23, 24, 25, 26, 27, 28, 29, 30, 31, 32, 33, 34, 35, 37, 38, 39, 40, 41, 42, 43, 44, 45, 46, 47, 48, 49, 50, 51, 52, 53, 54, 55, 56, 57, 58, 59, 60, 62, 63, 64, 65, 67, 68, 69, 70, 72, 73, 74, 75, 76, 78, 79, 80, 81, 82, 83, 84, 85, 86, 87, 88, 89, 90, 91, 93, 94, 95, 96, 97, 98, 99, 100, 101, 102, 103, 104, 105, 106}
Added 7 singletons
added:  {1, 66, 10, 11, 77, 16, 92}
chunks ... [0, 5000, 10000, 15000, 20000]
num codes: 343
num codes with support 0: 0
chunks ... [0, 5000, 10000, 15000, 20000]
database_size: 1058970.8730523582
codetable_size: 8348.502533362815
complete: 1067319.3755857209
Partition ratio: 0.7772861041327997
current singletons: {2, 3, 4, 5, 6, 7, 8, 9, 10, 11, 12, 13, 14, 15, 19, 20, 23, 24, 25, 26, 27, 28, 29, 30, 31, 32, 33, 34, 35, 37, 38, 39, 40, 41, 42, 43, 44, 45, 46, 47, 48, 49, 50, 51, 52, 53, 54, 55, 56, 57, 58, 59, 60, 62, 63, 64, 65, 66, 67, 68, 69, 70, 72, 73, 74, 75, 76, 77, 78, 79, 80, 81, 82, 83, 84, 85, 86, 87, 88, 89, 90, 92, 93, 94, 95, 96, 97, 98, 99, 100, 101, 102, 103, 104, 105, 106}
Added 6 singletons
added:  {1, 16, 17, 18, 22, 91}
chunks ... [0, 5000, 10000, 15000, 20000]
num codes: 365
num codes with support 0: 0
chunks ... [0, 5000, 10000, 15000, 20000]
database_size: 813307.054087811
codetable_size: 8608.742262020693
complete: 821915.7963498317
Partition ratio: 0.59856847152182
current singletons: {3, 4, 5, 6, 7, 8, 9, 10, 13, 14, 15, 19, 20, 24, 25, 26, 27, 28, 29, 30, 31, 32, 33, 34, 35, 37, 38, 39, 40, 41, 42, 43, 44, 45, 46, 47, 48, 49, 50, 51, 52, 53, 54, 55, 56, 57, 58, 59, 60, 62, 63, 64, 65, 66, 67, 68, 69, 70, 72, 73, 74, 75, 76, 77, 78, 79, 80, 81, 82, 83, 84, 85, 86, 87, 88, 89, 90, 91, 92, 93, 94, 95, 97, 98, 99, 100, 101, 102, 103, 104, 105, 106}
Added 10 singletons
added:  {96, 1, 2, 11, 12, 16, 17, 18, 22, 23}
chunks ... [0, 5000, 10000, 15000, 20000]
num codes: 330
num codes with support 0: 0
chunks ... [0, 5000, 10000, 15000, 20000]
database_size: 866968.1608227319
codetable_size: 7089.810533708667
complete: 874057.9713564406
Partition ratio: 0.6365415365658759
current singletons: {3, 4, 5, 6, 7, 8, 9, 10, 13, 14, 15, 19, 20, 23, 24, 25, 26, 27, 28, 29, 30, 31, 32, 33, 34, 35, 37, 38, 39, 40, 41, 42, 43, 44, 45, 46, 47, 48, 49, 50, 51, 52, 53, 54, 55, 56, 57, 58, 59, 60, 62, 63, 64, 65, 66, 67, 68, 69, 70, 72, 73, 74, 75, 76, 77, 78, 79, 80, 81, 82, 83, 84, 85, 86, 87, 88, 89, 90, 91, 92, 93, 94, 95, 96, 97, 98, 99, 100, 101, 102, 103, 104, 105, 106}
Added 8 singletons
added:  {1, 2, 11, 12, 16, 17, 18, 22}
chunks ... [0, 5000, 10000, 15000, 20000]
num codes: 387
num codes with support 0: 0
chunks ... [0, 5000, 10000, 15000, 20000]
database_size: 811700.0239383446
codetable_size: 8412.633786614133
complete: 820112.6577249587
Partition ratio: 0.5972553176252464
current singletons: {3, 4, 5, 6, 7, 8, 9, 10, 13, 14, 15, 17, 18, 19, 20, 23, 24, 25, 27, 28, 29, 30, 31, 32, 33, 34, 35, 37, 38, 39, 40, 41, 42, 43, 44, 45, 46, 47, 48, 49, 50, 51, 52, 53, 54, 55, 56, 57, 58, 59, 62, 63, 64, 65, 66, 67, 68, 69, 70, 72, 73, 74, 75, 76, 77, 78, 79, 80, 81, 82, 84, 86, 87, 88, 89, 90, 91, 92, 93, 94, 95, 96, 97, 98, 99, 100, 102, 103, 104, 105, 106}
Added 11 singletons
added:  {1, 2, 101, 11, 12, 16, 83, 85, 22, 26, 60}
chunks ... [0, 5000, 10000, 15000, 20000]
num codes: 320
num codes with support 0: 0
chunks ... [0, 5000, 10000, 15000, 20000]
database_size: 856670.57168207
codetable_size: 6604.0297489961595
complete: 863274.6014310662
Partition ratio: 0.6286884386174597
current singletons: {1, 2, 3, 4, 6, 7, 8, 9, 10, 11, 12, 13, 14, 15, 16, 17, 18, 19, 20, 22, 23, 24, 26, 27, 28, 29, 30, 31, 32, 33, 34, 35, 37, 38, 39, 40, 41, 42, 43, 44, 45, 46, 47, 48, 49, 50, 51, 52, 53, 54, 55, 56, 57, 58, 59, 60, 62, 63, 64, 65, 68, 69, 70, 72, 73, 74, 75, 78, 79, 80, 81, 82, 83, 84, 85, 86, 87, 88, 89, 90, 91, 92, 93, 94, 95, 96, 97, 98, 99, 100, 101, 102, 103, 104, 105, 106}
Added 6 singletons
added:  {66, 67, 5, 76, 77, 25}
chunks ... [0, 5000, 10000, 15000, 20000]
num codes: 304
num codes with support 0: 0
chunks ... [0, 5000, 10000, 15000, 20000]
database_size: 1072045.5703268799
codetable_size: 8489.133023933879
complete: 1080534.7033508138
Partition ratio: 0.7869102999155569
current singletons: {2, 3, 4, 5, 6, 7, 8, 9, 10, 12, 13, 14, 15, 16, 17, 18, 19, 20, 22, 23, 24, 25, 27, 28, 29, 30, 31, 32, 33, 34, 35, 37, 38, 39, 40, 41, 42, 43, 44, 45, 46, 47, 48, 49, 50, 51, 52, 53, 54, 55, 56, 57, 58, 59, 60, 62, 63, 64, 65, 66, 67, 68, 69, 70, 72, 73, 74, 75, 76, 77, 78, 79, 80, 81, 88, 90, 92, 93, 98, 99, 102, 104, 105, 106}
Added 18 singletons
added:  {96, 97, 1, 100, 101, 103, 11, 82, 83, 84, 85, 86, 87, 89, 26, 91, 94, 95}
chunks ... [0, 5000, 10000, 15000, 20000]
num codes: 257
num codes with support 0: 0
chunks ... [0, 5000, 10000, 15000, 20000]
database_size: 954102.0167089395
codetable_size: 5304.318615539317
complete: 959406.3353244788
Partition ratio: 0.6986973437594056
current singletons: {1, 2, 3, 4, 5, 6, 7, 8, 9, 10, 11, 12, 13, 14, 15, 16, 17, 18, 19, 20, 22, 23, 24, 25, 26, 27, 28, 29, 30, 31, 32, 33, 34, 35, 37, 38, 39, 40, 41, 43, 44, 45, 46, 47, 48, 49, 50, 51, 52, 53, 54, 55, 56, 57, 58, 59, 60, 62, 63, 64, 65, 67, 68, 69, 70, 72, 73, 74, 75, 78, 79, 80, 81, 89, 90, 92, 99}
Added 25 singletons
added:  {42, 66, 76, 77, 82, 83, 84, 85, 86, 87, 88, 91, 93, 94, 95, 96, 97, 98, 100, 101, 102, 103, 104, 105, 106}
chunks ... [0, 5000, 10000, 15000, 20000]
num codes: 263
num codes with support 0: 0
chunks ... [0, 5000, 10000, 15000, 20000]
database_size: 1071989.2311331313
codetable_size: 6236.972276476912
complete: 1078226.2034096082
Partition ratio: 0.785229111541453
current singletons: {3, 4, 5, 6, 7, 8, 9, 10, 13, 14, 15, 19, 20, 24, 25, 26, 27, 28, 29, 30, 31, 32, 33, 34, 35, 37, 38, 39, 40, 41, 42, 43, 44, 45, 46, 47, 48, 49, 50, 51, 52, 53, 54, 55, 56, 57, 58, 60, 62, 63, 64, 65, 66, 67, 68, 69, 70, 72, 73, 74, 75, 76, 77, 78, 79, 80, 81, 82, 83, 84, 85, 86, 87, 88, 89, 90, 91, 92, 93, 94, 95, 96, 97, 98, 99, 100, 101, 102, 103, 104, 105, 106}
Added 10 singletons
added:  {1, 2, 11, 12, 16, 17, 18, 22, 23, 59}
chunks ... [0, 5000, 10000, 15000, 20000]
num codes: 358
num codes with support 0: 0
chunks ... [0, 5000, 10000, 15000, 20000]
database_size: 858307.5906936249
codetable_size: 8176.021801532565
complete: 866483.6124951575
Partition ratio: 0.6310254333026333
current singletons: {2, 3, 4, 5, 6, 7, 8, 9, 10, 12, 13, 14, 15, 17, 18, 19, 20, 22, 23, 24, 25, 26, 27, 28, 29, 30, 31, 32, 33, 34, 35, 37, 38, 39, 40, 41, 42, 43, 44, 45, 46, 47, 48, 49, 50, 51, 52, 53, 54, 55, 56, 57, 58, 59, 60, 62, 63, 64, 65, 67, 68, 69, 70, 72, 73, 74, 75, 76, 77, 78, 79, 80, 81, 82, 83, 84, 85, 86, 87, 88, 89, 90, 91, 92, 93, 94, 95, 96, 97, 98, 99, 100, 101, 102, 103, 104, 105, 106}
Added 4 singletons
added:  {16, 1, 66, 11}
chunks ... [0, 5000, 10000, 15000, 20000]
num codes: 547
num codes with support 0: 0
chunks ... [0, 5000, 10000, 15000, 20000]
database_size: 714832.4653045831
codetable_size: 13639.995833527268
complete: 728472.4611381104
Partition ratio: 0.5305174198447761
current singletons: {1, 2, 3, 4, 5, 6, 7, 8, 9, 10, 11, 12, 13, 14, 15, 16, 17, 18, 19, 20, 22, 23, 24, 25, 27, 28, 29, 30, 31, 32, 33, 34, 35, 37, 38, 39, 40, 41, 42, 43, 44, 45, 46, 47, 48, 49, 50, 51, 52, 53, 54, 55, 56, 57, 58, 59, 60, 62, 63, 64, 65, 68, 69, 70, 72, 73, 74, 75, 77, 78, 79, 80, 84, 86, 89, 91, 92, 94, 96, 100, 102, 103, 104, 105}
Added 18 singletons
added:  {97, 98, 99, 67, 101, 90, 66, 106, 76, 81, 82, 83, 85, 87, 88, 26, 93, 95}
chunks ... [0, 5000, 10000, 15000, 20000]
num codes: 238
num codes with support 0: 0
chunks ... [0, 5000, 10000, 15000, 20000]
database_size: 1028565.0442213359
codetable_size: 4500.60241933343
complete: 1033065.6466406693
Partition ratio: 0.7523404804209572
current singletons: {1, 3, 4, 5, 6, 7, 8, 9, 10, 11, 12, 13, 14, 15, 16, 19, 20, 22, 23, 24, 25, 26, 27, 28, 29, 30, 31, 32, 33, 34, 35, 37, 38, 39, 40, 42, 43, 44, 45, 46, 47, 48, 49, 50, 51, 52, 53, 54, 55, 56, 57, 58, 59, 60, 62, 63, 64, 65, 67, 68, 69, 70, 72, 73, 74, 75, 76, 77, 78, 79, 80, 82, 83, 85, 86, 89, 90, 92, 93, 94, 96, 99, 100, 101, 102, 103, 105, 106}
Added 14 singletons
added:  {97, 98, 2, 66, 104, 41, 81, 17, 18, 84, 87, 88, 91, 95}
chunks ... [0, 5000, 10000, 15000, 20000]
num codes: 266
num codes with support 0: 0
chunks ... [0, 5000, 10000, 15000, 20000]
database_size: 968577.4602058704
codetable_size: 5613.862595721825
complete: 974191.3228015923
Partition ratio: 0.7094646600647347
merged table size: 547
chunks ... [0, 5000, 10000, 15000, 20000]
chunks ... [0, 5000, 10000, 15000, 20000]
merged table size without non-used codes: 537
database_size: 714832.4653045831
codetable_size: 13639.995833527268
complete: 728472.4611381104
database_size: 1372600.4814621517
codetable_size: 535.3174551653476
complete: 1373135.798917317
merged size: 728472.4611381104
sct size: 1373135.798917317
merged ratio: 0.5305174198447761
time elapsed: 25.564850568771362
-- MERGING METHOD informed
processing tkmeans_batch_results/k16/batch-2/letrecog_tkmeans__0_k16...
chunks ... [0, 119, 238, 357, 477]
num codes: 219
num codes with support 0: 0
chunks ... [0, 119, 238, 357, 477]
num codes with usage 0: 44
database_size: 9278.716464528894
codetable_size: 3502.103919393031
complete: 12780.820383921924
database_size: 29860.40335704018
codetable_size: 439.01134584083263
complete: 30299.414702881015
Partition 0 ratio: 0.4218174017304256
processing tkmeans_batch_results/k16/batch-2/letrecog_tkmeans__1_k16...
chunks ... [0, 188, 376, 564, 753]
num codes: 270
num codes with support 0: 0
chunks ... [0, 188, 376, 564, 753]
num codes with usage 0: 27
database_size: 15674.322180959241
codetable_size: 5049.510558988726
complete: 20723.832739947968
database_size: 48092.745707577655
codetable_size: 525.2596470468383
complete: 48618.005354624496
Partition 1 ratio: 0.4262583910793193
processing tkmeans_batch_results/k16/batch-2/letrecog_tkmeans__2_k16...
chunks ... [0, 220, 440, 660, 881]
num codes: 300
num codes with support 0: 0
chunks ... [0, 220, 440, 660, 881]
num codes with usage 0: 41
database_size: 17252.985450239717
codetable_size: 6056.638884181743
complete: 23309.62433442146
database_size: 57100.43205575135
codetable_size: 550.0056290999844
complete: 57650.437684851335
Partition 2 ratio: 0.4043269274353918
processing tkmeans_batch_results/k16/batch-2/letrecog_tkmeans__3_k16...
chunks ... [0, 740, 1480, 2220, 2961]
num codes: 425
num codes with support 0: 0
chunks ... [0, 740, 1480, 2220, 2961]
num codes with usage 0: 33
database_size: 51226.6423547743
codetable_size: 9932.287054575629
complete: 61158.929409349934
database_size: 182371.85794753183
codetable_size: 534.3375185467953
complete: 182906.1954660786
Partition 3 ratio: 0.33437319743875127
processing tkmeans_batch_results/k16/batch-2/letrecog_tkmeans__4_k16...
chunks ... [0, 282, 564, 846, 1130]
num codes: 336
num codes with support 0: 0
chunks ... [0, 282, 564, 846, 1130]
num codes with usage 0: 43
database_size: 20992.865727837714
codetable_size: 6977.9351496479385
complete: 27970.800877485653
database_size: 71136.49909182223
codetable_size: 548.15524606527
complete: 71684.6543378875
Partition 4 ratio: 0.3901923101371815
processing tkmeans_batch_results/k16/batch-2/letrecog_tkmeans__5_k16...
chunks ... [0, 401, 802, 1203, 1606]
num codes: 359
num codes with support 0: 0
chunks ... [0, 401, 802, 1203, 1606]
num codes with usage 0: 42
database_size: 28669.405113876397
codetable_size: 7778.695661739114
complete: 36448.10077561551
database_size: 100701.32320916136
codetable_size: 547.9149876332355
complete: 101249.2381967946
Partition 5 ratio: 0.3599839507411662
processing tkmeans_batch_results/k16/batch-2/letrecog_tkmeans__6_k16...
chunks ... [0, 287, 574, 861, 1149]
num codes: 320
num codes with support 0: 0
chunks ... [0, 287, 574, 861, 1149]
num codes with usage 0: 34
database_size: 24198.19280711879
codetable_size: 6133.819563825115
complete: 30332.012370943907
database_size: 72179.7040226958
codetable_size: 520.6514413760347
complete: 72700.35546407184
Partition 6 ratio: 0.4172195882306771
processing tkmeans_batch_results/k16/batch-2/letrecog_tkmeans__7_k16...
chunks ... [0, 447, 894, 1341, 1789]
num codes: 379
num codes with support 0: 0
chunks ... [0, 447, 894, 1341, 1789]
num codes with usage 0: 37
database_size: 36350.397133874656
codetable_size: 7628.858710946468
complete: 43979.25584482112
database_size: 112685.25785828553
codetable_size: 526.907027892251
complete: 113212.16488617778
Partition 7 ratio: 0.38846758110347385
processing tkmeans_batch_results/k16/batch-2/letrecog_tkmeans__8_k16...
chunks ... [0, 311, 622, 933, 1244]
num codes: 309
num codes with support 0: 0
chunks ... [0, 311, 622, 933, 1244]
num codes with usage 0: 39
database_size: 25663.1407191306
codetable_size: 5708.222586140947
complete: 31371.363305271545
database_size: 77651.0572493199
codetable_size: 510.36433464870555
complete: 78161.42158396861
Partition 8 ratio: 0.4013663348173545
processing tkmeans_batch_results/k16/batch-2/letrecog_tkmeans__9_k16...
chunks ... [0, 294, 588, 882, 1178]
num codes: 298
num codes with support 0: 0
chunks ... [0, 294, 588, 882, 1178]
num codes with usage 0: 54
database_size: 16056.453868273285
codetable_size: 6767.707188071293
complete: 22824.16105634458
database_size: 75560.68017715334
codetable_size: 535.0628195932497
complete: 76095.74299674659
Partition 9 ratio: 0.2999400512761983
processing tkmeans_batch_results/k16/batch-2/letrecog_tkmeans__10_k16...
chunks ... [0, 146, 292, 438, 587]
num codes: 239
num codes with support 0: 0
chunks ... [0, 146, 292, 438, 587]
num codes with usage 0: 44
database_size: 11430.53374278655
codetable_size: 3986.503015098136
complete: 15417.036757884687
database_size: 37014.149279192956
codetable_size: 469.23961934993537
complete: 37483.38889854289
Partition 10 ratio: 0.4113031721761956
processing tkmeans_batch_results/k16/batch-2/letrecog_tkmeans__11_k16...
chunks ... [0, 170, 340, 510, 683]
num codes: 238
num codes with support 0: 0
chunks ... [0, 170, 340, 510, 683]
num codes with usage 0: 49
database_size: 11453.6258913154
codetable_size: 4448.531331729392
complete: 15902.157223044793
database_size: 44532.794900296365
codetable_size: 394.97901332292463
complete: 44927.77391361929
Partition 11 ratio: 0.35394936890528317
processing tkmeans_batch_results/k16/batch-2/letrecog_tkmeans__12_k16...
chunks ... [0, 401, 802, 1203, 1604]
num codes: 348
num codes with support 0: 0
chunks ... [0, 401, 802, 1203, 1604]
num codes with usage 0: 30
database_size: 29233.162663443658
codetable_size: 7392.10223359622
complete: 36625.26489703988
database_size: 98778.8094595484
codetable_size: 520.2613030274991
complete: 99299.0707625759
Partition 12 ratio: 0.36883794194419905
processing tkmeans_batch_results/k16/batch-2/letrecog_tkmeans__13_k16...
chunks ... [0, 726, 1452, 2178, 2906]
num codes: 543
num codes with support 0: 0
chunks ... [0, 726, 1452, 2178, 2906]
num codes with usage 0: 33
database_size: 60070.90512395297
codetable_size: 12791.145966270438
complete: 72862.05109022341
database_size: 189075.75830676174
codetable_size: 543.4203234799611
complete: 189619.1786302417
Partition 13 ratio: 0.3842546498542996
processing tkmeans_batch_results/k16/batch-2/letrecog_tkmeans__14_k16...
chunks ... [0, 95, 190, 285, 381]
num codes: 220
num codes with support 0: 0
chunks ... [0, 95, 190, 285, 381]
num codes with usage 0: 56
database_size: 7917.6238059003845
codetable_size: 3169.5083132585028
complete: 11087.132119158887
database_size: 24322.914294124366
codetable_size: 456.41423567544695
complete: 24779.32852979981
Partition 14 ratio: 0.44743472793564265
processing tkmeans_batch_results/k16/batch-2/letrecog_tkmeans__15_k16...
chunks ... [0, 167, 334, 501, 670]
num codes: 252
num codes with support 0: 0
chunks ... [0, 167, 334, 501, 670]
num codes with usage 0: 53
database_size: 12395.565342499356
codetable_size: 4300.300081041329
complete: 16695.865423540687
database_size: 42048.86185018056
codetable_size: 512.9618831652219
complete: 42561.82373334578
Partition 15 ratio: 0.39227326178835775
number of codetables: 16
size: 219
size: 270
size: 300
size: 425
size: 336
size: 359
size: 320
size: 379
size: 309
size: 298
size: 239
size: 238
size: 348
size: 543
size: 220
size: 252
database_size: 1372600.4814621517
codetable_size: 535.3174551653476
complete: 1373135.798917317
database_size: 1372600.4814621517
codetable_size: 535.3174551653476
complete: 1373135.798917317
current singletons: {2, 3, 4, 5, 6, 7, 8, 9, 10, 12, 13, 14, 15, 17, 18, 19, 20, 23, 24, 25, 26, 27, 28, 29, 30, 31, 32, 33, 34, 35, 37, 38, 39, 40, 41, 42, 43, 44, 45, 46, 47, 48, 49, 50, 51, 52, 53, 54, 55, 56, 57, 58, 59, 60, 62, 63, 64, 65, 66, 67, 68, 69, 70, 72, 73, 74, 75, 78, 79, 80, 81, 84, 86, 90, 93, 94, 96, 100, 102, 103, 105}
Added 21 singletons
added:  {1, 11, 16, 22, 76, 77, 82, 83, 85, 87, 88, 89, 91, 92, 95, 97, 98, 99, 101, 104, 106}
chunks ... [0, 5000, 10000, 15000, 20000]
num codes: 240
num codes with support 0: 0
chunks ... [0, 5000, 10000, 15000, 20000]
database_size: 964228.2031835145
codetable_size: 4566.354969919357
complete: 968794.5581534338
Partition ratio: 0.70553441175833
current singletons: {3, 4, 5, 6, 7, 8, 9, 10, 12, 13, 14, 15, 18, 19, 20, 23, 24, 25, 26, 27, 28, 29, 30, 31, 32, 33, 34, 35, 37, 38, 39, 40, 41, 42, 43, 44, 45, 46, 47, 48, 49, 50, 51, 52, 53, 54, 55, 56, 57, 58, 59, 60, 62, 63, 64, 65, 66, 67, 68, 69, 70, 72, 73, 74, 75, 76, 77, 78, 79, 80, 83, 84, 85, 86, 87, 88, 89, 90, 91, 92, 93, 94, 95, 96, 97, 98, 99, 100, 101, 102, 103, 104, 105, 106}
Added 8 singletons
added:  {1, 2, 11, 16, 81, 82, 17, 22}
chunks ... [0, 5000, 10000, 15000, 20000]
num codes: 278
num codes with support 0: 0
chunks ... [0, 5000, 10000, 15000, 20000]
database_size: 935027.9918056794
codetable_size: 5830.48224767574
complete: 940858.4740533552
Partition ratio: 0.685189676647567
current singletons: {2, 3, 4, 6, 7, 8, 9, 10, 11, 12, 13, 14, 15, 16, 17, 18, 19, 20, 22, 23, 24, 26, 27, 28, 29, 30, 31, 32, 33, 34, 35, 37, 38, 39, 40, 41, 42, 43, 44, 45, 46, 47, 48, 49, 50, 51, 52, 53, 54, 55, 56, 57, 58, 59, 60, 62, 63, 64, 65, 67, 68, 69, 70, 72, 73, 74, 75, 77, 78, 79, 80, 81, 82, 83, 84, 85, 86, 87, 88, 89, 90, 91, 92, 93, 94, 95, 96, 97, 98, 99, 100, 101, 102, 103, 104, 105, 106}
Added 5 singletons
added:  {1, 66, 5, 76, 25}
chunks ... [0, 5000, 10000, 15000, 20000]
num codes: 305
num codes with support 0: 0
chunks ... [0, 5000, 10000, 15000, 20000]
database_size: 1060429.6731056059
codetable_size: 7347.864272367517
complete: 1067777.5373779733
Partition ratio: 0.7776197650806926
current singletons: {3, 4, 5, 6, 7, 8, 9, 10, 12, 13, 14, 15, 18, 19, 20, 23, 24, 25, 26, 27, 28, 29, 30, 31, 32, 33, 34, 35, 37, 38, 40, 41, 42, 43, 44, 45, 46, 47, 48, 49, 51, 52, 53, 54, 55, 56, 57, 58, 59, 60, 62, 63, 64, 65, 66, 67, 68, 69, 70, 72, 73, 74, 75, 76, 77, 78, 79, 80, 81, 82, 83, 84, 85, 86, 87, 88, 89, 90, 91, 92, 93, 94, 95, 96, 97, 98, 99, 100, 101, 102, 103, 104, 105, 106}
Added 8 singletons
added:  {1, 2, 39, 11, 16, 17, 50, 22}
chunks ... [0, 5000, 10000, 15000, 20000]
num codes: 433
num codes with support 0: 0
chunks ... [0, 5000, 10000, 15000, 20000]
database_size: 851518.2363386402
codetable_size: 10806.395513909876
complete: 862324.6318525501
Partition ratio: 0.6279966136870594
current singletons: {2, 3, 4, 5, 6, 7, 8, 9, 12, 13, 14, 15, 17, 18, 19, 20, 22, 23, 24, 25, 26, 27, 28, 29, 30, 31, 32, 33, 34, 35, 37, 38, 39, 40, 41, 42, 43, 44, 45, 46, 47, 48, 49, 50, 51, 52, 53, 54, 55, 56, 57, 58, 59, 60, 62, 63, 64, 65, 67, 68, 69, 70, 72, 73, 74, 75, 76, 78, 79, 80, 81, 82, 83, 84, 85, 86, 87, 88, 89, 90, 91, 93, 94, 95, 96, 97, 98, 99, 100, 101, 102, 103, 104, 105, 106}
Added 7 singletons
added:  {1, 66, 10, 11, 77, 16, 92}
chunks ... [0, 5000, 10000, 15000, 20000]
num codes: 343
num codes with support 0: 0
chunks ... [0, 5000, 10000, 15000, 20000]
database_size: 1058970.8730523582
codetable_size: 8348.502533362815
complete: 1067319.3755857209
Partition ratio: 0.7772861041327997
current singletons: {2, 3, 4, 5, 6, 7, 8, 9, 10, 11, 12, 13, 14, 15, 19, 20, 23, 24, 25, 26, 27, 28, 29, 30, 31, 32, 33, 34, 35, 37, 38, 39, 40, 41, 42, 43, 44, 45, 46, 47, 48, 49, 50, 51, 52, 53, 54, 55, 56, 57, 58, 59, 60, 62, 63, 64, 65, 66, 67, 68, 69, 70, 72, 73, 74, 75, 76, 77, 78, 79, 80, 81, 82, 83, 84, 85, 86, 87, 88, 89, 90, 92, 93, 94, 95, 96, 97, 98, 99, 100, 101, 102, 103, 104, 105, 106}
Added 6 singletons
added:  {1, 16, 17, 18, 22, 91}
chunks ... [0, 5000, 10000, 15000, 20000]
num codes: 365
num codes with support 0: 0
chunks ... [0, 5000, 10000, 15000, 20000]
database_size: 813307.054087811
codetable_size: 8608.742262020693
complete: 821915.7963498317
Partition ratio: 0.59856847152182
current singletons: {3, 4, 5, 6, 7, 8, 9, 10, 13, 14, 15, 19, 20, 24, 25, 26, 27, 28, 29, 30, 31, 32, 33, 34, 35, 37, 38, 39, 40, 41, 42, 43, 44, 45, 46, 47, 48, 49, 50, 51, 52, 53, 54, 55, 56, 57, 58, 59, 60, 62, 63, 64, 65, 66, 67, 68, 69, 70, 72, 73, 74, 75, 76, 77, 78, 79, 80, 81, 82, 83, 84, 85, 86, 87, 88, 89, 90, 91, 92, 93, 94, 95, 97, 98, 99, 100, 101, 102, 103, 104, 105, 106}
Added 10 singletons
added:  {96, 1, 2, 11, 12, 16, 17, 18, 22, 23}
chunks ... [0, 5000, 10000, 15000, 20000]
num codes: 330
num codes with support 0: 0
chunks ... [0, 5000, 10000, 15000, 20000]
database_size: 866968.1608227319
codetable_size: 7089.810533708667
complete: 874057.9713564406
Partition ratio: 0.6365415365658759
current singletons: {3, 4, 5, 6, 7, 8, 9, 10, 13, 14, 15, 19, 20, 23, 24, 25, 26, 27, 28, 29, 30, 31, 32, 33, 34, 35, 37, 38, 39, 40, 41, 42, 43, 44, 45, 46, 47, 48, 49, 50, 51, 52, 53, 54, 55, 56, 57, 58, 59, 60, 62, 63, 64, 65, 66, 67, 68, 69, 70, 72, 73, 74, 75, 76, 77, 78, 79, 80, 81, 82, 83, 84, 85, 86, 87, 88, 89, 90, 91, 92, 93, 94, 95, 96, 97, 98, 99, 100, 101, 102, 103, 104, 105, 106}
Added 8 singletons
added:  {1, 2, 11, 12, 16, 17, 18, 22}
chunks ... [0, 5000, 10000, 15000, 20000]
num codes: 387
num codes with support 0: 0
chunks ... [0, 5000, 10000, 15000, 20000]
database_size: 811700.0239383446
codetable_size: 8412.633786614133
complete: 820112.6577249587
Partition ratio: 0.5972553176252464
current singletons: {3, 4, 5, 6, 7, 8, 9, 10, 13, 14, 15, 17, 18, 19, 20, 23, 24, 25, 27, 28, 29, 30, 31, 32, 33, 34, 35, 37, 38, 39, 40, 41, 42, 43, 44, 45, 46, 47, 48, 49, 50, 51, 52, 53, 54, 55, 56, 57, 58, 59, 62, 63, 64, 65, 66, 67, 68, 69, 70, 72, 73, 74, 75, 76, 77, 78, 79, 80, 81, 82, 84, 86, 87, 88, 89, 90, 91, 92, 93, 94, 95, 96, 97, 98, 99, 100, 102, 103, 104, 105, 106}
Added 11 singletons
added:  {1, 2, 101, 11, 12, 16, 83, 85, 22, 26, 60}
chunks ... [0, 5000, 10000, 15000, 20000]
num codes: 320
num codes with support 0: 0
chunks ... [0, 5000, 10000, 15000, 20000]
database_size: 856670.57168207
codetable_size: 6604.0297489961595
complete: 863274.6014310662
Partition ratio: 0.6286884386174597
current singletons: {1, 2, 3, 4, 6, 7, 8, 9, 10, 11, 12, 13, 14, 15, 16, 17, 18, 19, 20, 22, 23, 24, 26, 27, 28, 29, 30, 31, 32, 33, 34, 35, 37, 38, 39, 40, 41, 42, 43, 44, 45, 46, 47, 48, 49, 50, 51, 52, 53, 54, 55, 56, 57, 58, 59, 60, 62, 63, 64, 65, 68, 69, 70, 72, 73, 74, 75, 78, 79, 80, 81, 82, 83, 84, 85, 86, 87, 88, 89, 90, 91, 92, 93, 94, 95, 96, 97, 98, 99, 100, 101, 102, 103, 104, 105, 106}
Added 6 singletons
added:  {66, 67, 5, 76, 77, 25}
chunks ... [0, 5000, 10000, 15000, 20000]
num codes: 304
num codes with support 0: 0
chunks ... [0, 5000, 10000, 15000, 20000]
database_size: 1072045.5703268799
codetable_size: 8489.133023933879
complete: 1080534.7033508138
Partition ratio: 0.7869102999155569
current singletons: {2, 3, 4, 5, 6, 7, 8, 9, 10, 12, 13, 14, 15, 16, 17, 18, 19, 20, 22, 23, 24, 25, 27, 28, 29, 30, 31, 32, 33, 34, 35, 37, 38, 39, 40, 41, 42, 43, 44, 45, 46, 47, 48, 49, 50, 51, 52, 53, 54, 55, 56, 57, 58, 59, 60, 62, 63, 64, 65, 66, 67, 68, 69, 70, 72, 73, 74, 75, 76, 77, 78, 79, 80, 81, 88, 90, 92, 93, 98, 99, 102, 104, 105, 106}
Added 18 singletons
added:  {96, 97, 1, 100, 101, 103, 11, 82, 83, 84, 85, 86, 87, 89, 26, 91, 94, 95}
chunks ... [0, 5000, 10000, 15000, 20000]
num codes: 257
num codes with support 0: 0
chunks ... [0, 5000, 10000, 15000, 20000]
database_size: 954102.0167089395
codetable_size: 5304.318615539317
complete: 959406.3353244788
Partition ratio: 0.6986973437594056
current singletons: {1, 2, 3, 4, 5, 6, 7, 8, 9, 10, 11, 12, 13, 14, 15, 16, 17, 18, 19, 20, 22, 23, 24, 25, 26, 27, 28, 29, 30, 31, 32, 33, 34, 35, 37, 38, 39, 40, 41, 43, 44, 45, 46, 47, 48, 49, 50, 51, 52, 53, 54, 55, 56, 57, 58, 59, 60, 62, 63, 64, 65, 67, 68, 69, 70, 72, 73, 74, 75, 78, 79, 80, 81, 89, 90, 92, 99}
Added 25 singletons
added:  {42, 66, 76, 77, 82, 83, 84, 85, 86, 87, 88, 91, 93, 94, 95, 96, 97, 98, 100, 101, 102, 103, 104, 105, 106}
chunks ... [0, 5000, 10000, 15000, 20000]
num codes: 263
num codes with support 0: 0
chunks ... [0, 5000, 10000, 15000, 20000]
database_size: 1071989.2311331313
codetable_size: 6236.972276476912
complete: 1078226.2034096082
Partition ratio: 0.785229111541453
current singletons: {3, 4, 5, 6, 7, 8, 9, 10, 13, 14, 15, 19, 20, 24, 25, 26, 27, 28, 29, 30, 31, 32, 33, 34, 35, 37, 38, 39, 40, 41, 42, 43, 44, 45, 46, 47, 48, 49, 50, 51, 52, 53, 54, 55, 56, 57, 58, 60, 62, 63, 64, 65, 66, 67, 68, 69, 70, 72, 73, 74, 75, 76, 77, 78, 79, 80, 81, 82, 83, 84, 85, 86, 87, 88, 89, 90, 91, 92, 93, 94, 95, 96, 97, 98, 99, 100, 101, 102, 103, 104, 105, 106}
Added 10 singletons
added:  {1, 2, 11, 12, 16, 17, 18, 22, 23, 59}
chunks ... [0, 5000, 10000, 15000, 20000]
num codes: 358
num codes with support 0: 0
chunks ... [0, 5000, 10000, 15000, 20000]
database_size: 858307.5906936249
codetable_size: 8176.021801532565
complete: 866483.6124951575
Partition ratio: 0.6310254333026333
current singletons: {2, 3, 4, 5, 6, 7, 8, 9, 10, 12, 13, 14, 15, 17, 18, 19, 20, 22, 23, 24, 25, 26, 27, 28, 29, 30, 31, 32, 33, 34, 35, 37, 38, 39, 40, 41, 42, 43, 44, 45, 46, 47, 48, 49, 50, 51, 52, 53, 54, 55, 56, 57, 58, 59, 60, 62, 63, 64, 65, 67, 68, 69, 70, 72, 73, 74, 75, 76, 77, 78, 79, 80, 81, 82, 83, 84, 85, 86, 87, 88, 89, 90, 91, 92, 93, 94, 95, 96, 97, 98, 99, 100, 101, 102, 103, 104, 105, 106}
Added 4 singletons
added:  {16, 1, 66, 11}
chunks ... [0, 5000, 10000, 15000, 20000]
num codes: 547
num codes with support 0: 0
chunks ... [0, 5000, 10000, 15000, 20000]
database_size: 714832.4653045831
codetable_size: 13639.995833527268
complete: 728472.4611381104
Partition ratio: 0.5305174198447761
current singletons: {1, 2, 3, 4, 5, 6, 7, 8, 9, 10, 11, 12, 13, 14, 15, 16, 17, 18, 19, 20, 22, 23, 24, 25, 27, 28, 29, 30, 31, 32, 33, 34, 35, 37, 38, 39, 40, 41, 42, 43, 44, 45, 46, 47, 48, 49, 50, 51, 52, 53, 54, 55, 56, 57, 58, 59, 60, 62, 63, 64, 65, 68, 69, 70, 72, 73, 74, 75, 77, 78, 79, 80, 84, 86, 89, 91, 92, 94, 96, 100, 102, 103, 104, 105}
Added 18 singletons
added:  {97, 98, 99, 67, 101, 90, 66, 106, 76, 81, 82, 83, 85, 87, 88, 26, 93, 95}
chunks ... [0, 5000, 10000, 15000, 20000]
num codes: 238
num codes with support 0: 0
chunks ... [0, 5000, 10000, 15000, 20000]
database_size: 1028565.0442213359
codetable_size: 4500.60241933343
complete: 1033065.6466406693
Partition ratio: 0.7523404804209572
current singletons: {1, 3, 4, 5, 6, 7, 8, 9, 10, 11, 12, 13, 14, 15, 16, 19, 20, 22, 23, 24, 25, 26, 27, 28, 29, 30, 31, 32, 33, 34, 35, 37, 38, 39, 40, 42, 43, 44, 45, 46, 47, 48, 49, 50, 51, 52, 53, 54, 55, 56, 57, 58, 59, 60, 62, 63, 64, 65, 67, 68, 69, 70, 72, 73, 74, 75, 76, 77, 78, 79, 80, 82, 83, 85, 86, 89, 90, 92, 93, 94, 96, 99, 100, 101, 102, 103, 105, 106}
Added 14 singletons
added:  {97, 98, 2, 66, 104, 41, 81, 17, 18, 84, 87, 88, 91, 95}
chunks ... [0, 5000, 10000, 15000, 20000]
num codes: 266
num codes with support 0: 0
chunks ... [0, 5000, 10000, 15000, 20000]
database_size: 968577.4602058704
codetable_size: 5613.862595721825
complete: 974191.3228015923
Partition ratio: 0.7094646600647347
initial ratio: 0.5305174198447761
merged: {13}
merged: {13}
to_process: {0, 1, 2, 3, 4, 5, 6, 7, 8, 9, 10, 11, 12, 14, 15}
[(0, 0.10857424486239022), (1, 0.15494462893498825), (2, 0.1894142293200088), (3, 0.34902305987723914), (4, 0.26236834304266193), (5, 0.2685576907432265), (6, 0.17872314253355473), (7, 0.24520780227188074), (8, 0.19697788697426355), (9, 0.22510430233575893), (10, 0.10891262587011309), (11, 0.13179837070490394), (12, 0.24470710790058312), (14, 0.0939270821420532), (15, 0.13006069545859134)]
next_candidate: 14
chunks ... [0, 5000, 10000, 15000, 20000]
chunks ... [0, 5000, 10000, 15000, 20000]
database_size: 732042.9205205328
codetable_size: 17266.251577557246
complete: 749309.17209809
current_ratio: 0.5305174198447761 --- candidate_ratio:0.5456919648361811
!!!!! ********* merge rejected ... 
merged: {13}
to_process: {0, 1, 2, 3, 4, 5, 6, 7, 8, 9, 10, 11, 12, 15}
[(0, 0.10857424486239022), (1, 0.15494462893498825), (2, 0.1894142293200088), (3, 0.34902305987723914), (4, 0.26236834304266193), (5, 0.2685576907432265), (6, 0.17872314253355473), (7, 0.24520780227188074), (8, 0.19697788697426355), (9, 0.22510430233575893), (10, 0.10891262587011309), (11, 0.13179837070490394), (12, 0.24470710790058312), (15, 0.13006069545859134)]
next_candidate: 0
chunks ... [0, 5000, 10000, 15000, 20000]
chunks ... [0, 5000, 10000, 15000, 20000]
database_size: 736972.7207179959
codetable_size: 17280.47897597191
complete: 754253.1996939678
current_ratio: 0.5305174198447761 --- candidate_ratio:0.549292502816311
!!!!! ********* merge rejected ... 
merged: {13}
to_process: {1, 2, 3, 4, 5, 6, 7, 8, 9, 10, 11, 12, 15}
[(1, 0.15494462893498825), (2, 0.1894142293200088), (3, 0.34902305987723914), (4, 0.26236834304266193), (5, 0.2685576907432265), (6, 0.17872314253355473), (7, 0.24520780227188074), (8, 0.19697788697426355), (9, 0.22510430233575893), (10, 0.10891262587011309), (11, 0.13179837070490394), (12, 0.24470710790058312), (15, 0.13006069545859134)]
next_candidate: 10
chunks ... [0, 5000, 10000, 15000, 20000]
chunks ... [0, 5000, 10000, 15000, 20000]
database_size: 769618.0023041001
codetable_size: 18115.9243661199
complete: 787733.92667022
current_ratio: 0.5305174198447761 --- candidate_ratio:0.5736751800450679
!!!!! ********* merge rejected ... 
merged: {13}
to_process: {1, 2, 3, 4, 5, 6, 7, 8, 9, 11, 12, 15}
[(1, 0.15494462893498825), (2, 0.1894142293200088), (3, 0.34902305987723914), (4, 0.26236834304266193), (5, 0.2685576907432265), (6, 0.17872314253355473), (7, 0.24520780227188074), (8, 0.19697788697426355), (9, 0.22510430233575893), (11, 0.13179837070490394), (12, 0.24470710790058312), (15, 0.13006069545859134)]
next_candidate: 15
chunks ... [0, 5000, 10000, 15000, 20000]
chunks ... [0, 5000, 10000, 15000, 20000]
database_size: 735841.3188257348
codetable_size: 18324.194632112427
complete: 754165.5134578472
current_ratio: 0.5305174198447761 --- candidate_ratio:0.5492286444301341
!!!!! ********* merge rejected ... 
merged: {13}
to_process: {1, 2, 3, 4, 5, 6, 7, 8, 9, 11, 12}
[(1, 0.15494462893498825), (2, 0.1894142293200088), (3, 0.34902305987723914), (4, 0.26236834304266193), (5, 0.2685576907432265), (6, 0.17872314253355473), (7, 0.24520780227188074), (8, 0.19697788697426355), (9, 0.22510430233575893), (11, 0.13179837070490394), (12, 0.24470710790058312)]
next_candidate: 11
chunks ... [0, 5000, 10000, 15000, 20000]
chunks ... [0, 5000, 10000, 15000, 20000]
database_size: 715128.1573453262
codetable_size: 18907.32570785661
complete: 734035.4830531827
current_ratio: 0.5305174198447761 --- candidate_ratio:0.5345687466832859
!!!!! ********* merge rejected ... 
merged: {13}
to_process: {1, 2, 3, 4, 5, 6, 7, 8, 9, 12}
[(1, 0.15494462893498825), (2, 0.1894142293200088), (3, 0.34902305987723914), (4, 0.26236834304266193), (5, 0.2685576907432265), (6, 0.17872314253355473), (7, 0.24520780227188074), (8, 0.19697788697426355), (9, 0.22510430233575893), (12, 0.24470710790058312)]
next_candidate: 1
chunks ... [0, 5000, 10000, 15000, 20000]
chunks ... [0, 5000, 10000, 15000, 20000]
database_size: 745288.7922803801
codetable_size: 18419.157433087195
complete: 763707.9497134674
current_ratio: 0.5305174198447761 --- candidate_ratio:0.5561780199129844
!!!!! ********* merge rejected ... 
merged: {13}
to_process: {2, 3, 4, 5, 6, 7, 8, 9, 12}
[(2, 0.1894142293200088), (3, 0.34902305987723914), (4, 0.26236834304266193), (5, 0.2685576907432265), (6, 0.17872314253355473), (7, 0.24520780227188074), (8, 0.19697788697426355), (9, 0.22510430233575893), (12, 0.24470710790058312)]
next_candidate: 6
chunks ... [0, 5000, 10000, 15000, 20000]
chunks ... [0, 5000, 10000, 15000, 20000]
database_size: 721912.7890371359
codetable_size: 19879.78710822096
complete: 741792.5761453569
current_ratio: 0.5305174198447761 --- candidate_ratio:0.5402179279938966
!!!!! ********* merge rejected ... 
merged: {13}
to_process: {2, 3, 4, 5, 7, 8, 9, 12}
[(2, 0.1894142293200088), (3, 0.34902305987723914), (4, 0.26236834304266193), (5, 0.2685576907432265), (7, 0.24520780227188074), (8, 0.19697788697426355), (9, 0.22510430233575893), (12, 0.24470710790058312)]
next_candidate: 2
chunks ... [0, 5000, 10000, 15000, 20000]
chunks ... [0, 5000, 10000, 15000, 20000]
database_size: 729959.7983549765
codetable_size: 20073.41229086205
complete: 750033.2106458385
current_ratio: 0.5305174198447761 --- candidate_ratio:0.5462192532138633
!!!!! ********* merge rejected ... 
merged: {13}
to_process: {3, 4, 5, 7, 8, 9, 12}
[(3, 0.34902305987723914), (4, 0.26236834304266193), (5, 0.2685576907432265), (7, 0.24520780227188074), (8, 0.19697788697426355), (9, 0.22510430233575893), (12, 0.24470710790058312)]
next_candidate: 8
chunks ... [0, 5000, 10000, 15000, 20000]
chunks ... [0, 5000, 10000, 15000, 20000]
database_size: 736146.2539002725
codetable_size: 19358.38184589866
complete: 755504.6357461712
current_ratio: 0.5305174198447761 --- candidate_ratio:0.5502038737478606
!!!!! ********* merge rejected ... 
merged: {13}
to_process: {3, 4, 5, 7, 9, 12}
[(3, 0.34902305987723914), (4, 0.26236834304266193), (5, 0.2685576907432265), (7, 0.24520780227188074), (9, 0.22510430233575893), (12, 0.24470710790058312)]
next_candidate: 9
chunks ... [0, 5000, 10000, 15000, 20000]
chunks ... [0, 5000, 10000, 15000, 20000]
database_size: 686642.077143308
codetable_size: 21010.5074554808
complete: 707652.5845987888
current_ratio: 0.5305174198447761 --- candidate_ratio:0.5153551346900686
!!!!! ********* merge accepted ... 
merged: {9, 13}
to_process: {3, 4, 5, 7, 12}
[(3, 0.3093649162392931), (4, 0.19911884042833947), (5, 0.20111563342280453), (7, 0.1912793438095507), (12, 0.18636844067600578)]
next_candidate: 12
chunks ... [0, 5000, 10000, 15000, 20000]
chunks ... [0, 5000, 10000, 15000, 20000]
database_size: 682262.3384273013
codetable_size: 28203.59831619016
complete: 710465.9367434914
current_ratio: 0.5153551346900686 --- candidate_ratio:0.5174039867751433
!!!!! ********* merge rejected ... 
merged: {9, 13}
to_process: {3, 4, 5, 7}
[(3, 0.3093649162392931), (4, 0.19911884042833947), (5, 0.20111563342280453), (7, 0.1912793438095507)]
next_candidate: 7
chunks ... [0, 5000, 10000, 15000, 20000]
chunks ... [0, 5000, 10000, 15000, 20000]
database_size: 671055.7099519685
codetable_size: 28502.117277091682
complete: 699557.8272290602
current_ratio: 0.5153551346900686 --- candidate_ratio:0.5094600459624197
!!!!! ********* merge accepted ... 
merged: {9, 13, 7}
to_process: {3, 4, 5}
[(3, 0.2938761913869867), (4, 0.13928172454305152), (5, 0.16347533805380746)]
next_candidate: 4
chunks ... [0, 5000, 10000, 15000, 20000]
chunks ... [0, 5000, 10000, 15000, 20000]
database_size: 668327.9350079813
codetable_size: 35621.863600087156
complete: 703949.7986080684
current_ratio: 0.5094600459624197 --- candidate_ratio:0.5126585434325688
!!!!! ********* merge rejected ... 
merged: {9, 13, 7}
to_process: {3, 5}
[(3, 0.2938761913869867), (5, 0.16347533805380746)]
next_candidate: 5
chunks ... [0, 5000, 10000, 15000, 20000]
chunks ... [0, 5000, 10000, 15000, 20000]
database_size: 671079.7027339005
codetable_size: 35748.8639715559
complete: 706828.5667054565
current_ratio: 0.5094600459624197 --- candidate_ratio:0.5147550353452098
!!!!! ********* merge rejected ... 
merged: {9, 13, 7}
to_process: {3}
[(3, 0.2938761913869867)]
next_candidate: 3
chunks ... [0, 5000, 10000, 15000, 20000]
chunks ... [0, 5000, 10000, 15000, 20000]
database_size: 663300.5950867491
codetable_size: 38101.935235684956
complete: 701402.530322434
current_ratio: 0.5094600459624197 --- candidate_ratio:0.5108034696025493
!!!!! ********* merge rejected ... 
merged table size: 1028
chunks ... [0, 5000, 10000, 15000, 20000]
chunks ... [0, 5000, 10000, 15000, 20000]
merged table size without non-used codes: 1019
database_size: 671055.7099519685
codetable_size: 28502.117277091682
complete: 699557.8272290602
database_size: 1372600.4814621517
codetable_size: 535.3174551653476
complete: 1373135.798917317
merged size: 699557.8272290602
sct size: 1373135.798917317
merged ratio: 0.5094600459624197
time elapsed: 77.26724123954773
