
-- MERGING METHOD naive
processing tkmeans_batch_results/k4/batch-2/pendigits_tkmeans__0_k4...
chunks ... [0, 779, 1558, 2337, 3117]
num codes: 522
num codes with support 0: 0
chunks ... [0, 779, 1558, 2337, 3117]
num codes with usage 0: 8
database_size: 63210.94193063413
codetable_size: 13214.803140081005
complete: 76425.74507071513
database_size: 206704.68499360848
codetable_size: 440.8792181897555
complete: 207145.56421179822
Partition 0 ratio: 0.3689470511305412
processing tkmeans_batch_results/k4/batch-2/pendigits_tkmeans__1_k4...
chunks ... [0, 918, 1836, 2754, 3674]
num codes: 636
num codes with support 0: 0
chunks ... [0, 918, 1836, 2754, 3674]
num codes with usage 0: 54
database_size: 87456.10513467253
codetable_size: 14827.009342880498
complete: 102283.11447755303
database_size: 249805.33605427056
codetable_size: 431.48642310379626
complete: 250236.82247737437
Partition 1 ratio: 0.40874525765208336
processing tkmeans_batch_results/k4/batch-2/pendigits_tkmeans__2_k4...
chunks ... [0, 573, 1146, 1719, 2293]
num codes: 435
num codes with support 0: 0
chunks ... [0, 573, 1146, 1719, 2293]
num codes with usage 0: 48
database_size: 46778.28021673343
codetable_size: 9262.389245493487
complete: 56040.66946222691
database_size: 150426.55047568757
codetable_size: 465.2270151107181
complete: 150891.7774907983
Partition 2 ratio: 0.3713964431603597
processing tkmeans_batch_results/k4/batch-2/pendigits_tkmeans__3_k4...
chunks ... [0, 476, 952, 1428, 1907]
num codes: 414
num codes with support 0: 0
chunks ... [0, 476, 952, 1428, 1907]
num codes with usage 0: 30
database_size: 42332.92499573895
codetable_size: 8795.808477938926
complete: 51128.73347367787
database_size: 126566.62979949063
codetable_size: 441.7605614217103
complete: 127008.39036091235
Partition 3 ratio: 0.40256185696384567
number of codetables: 4
size: 522
size: 636
size: 435
size: 414
merged table size: 1717
chunks ... [0, 2748, 5496, 8244, 10992]
chunks ... [0, 2748, 5496, 8244, 10992]
merged table size without non-used codes: 1696
database_size: 299533.1289043098
codetable_size: 47515.32605641444
complete: 347048.4549607243
database_size: 790738.936801035
codetable_size: 411.51868678919095
complete: 791150.4554878242
merged size: 347048.4549607243
sct size: 791150.4554878242
merged ratio: 0.43866302869880025
time elapsed: 4.535232782363892
-- MERGING METHOD naive_plus
processing tkmeans_batch_results/k4/batch-2/pendigits_tkmeans__0_k4...
chunks ... [0, 779, 1558, 2337, 3117]
num codes: 522
num codes with support 0: 0
chunks ... [0, 779, 1558, 2337, 3117]
num codes with usage 0: 8
database_size: 63210.94193063413
codetable_size: 13214.803140081005
complete: 76425.74507071513
database_size: 206704.68499360848
codetable_size: 440.8792181897555
complete: 207145.56421179822
Partition 0 ratio: 0.3689470511305412
processing tkmeans_batch_results/k4/batch-2/pendigits_tkmeans__1_k4...
chunks ... [0, 918, 1836, 2754, 3674]
num codes: 636
num codes with support 0: 0
chunks ... [0, 918, 1836, 2754, 3674]
num codes with usage 0: 54
database_size: 87456.10513467253
codetable_size: 14827.009342880498
complete: 102283.11447755303
database_size: 249805.33605427056
codetable_size: 431.48642310379626
complete: 250236.82247737437
Partition 1 ratio: 0.40874525765208336
processing tkmeans_batch_results/k4/batch-2/pendigits_tkmeans__2_k4...
chunks ... [0, 573, 1146, 1719, 2293]
num codes: 435
num codes with support 0: 0
chunks ... [0, 573, 1146, 1719, 2293]
num codes with usage 0: 48
database_size: 46778.28021673343
codetable_size: 9262.389245493487
complete: 56040.66946222691
database_size: 150426.55047568757
codetable_size: 465.2270151107181
complete: 150891.7774907983
Partition 2 ratio: 0.3713964431603597
processing tkmeans_batch_results/k4/batch-2/pendigits_tkmeans__3_k4...
chunks ... [0, 476, 952, 1428, 1907]
num codes: 414
num codes with support 0: 0
chunks ... [0, 476, 952, 1428, 1907]
num codes with usage 0: 30
database_size: 42332.92499573895
codetable_size: 8795.808477938926
complete: 51128.73347367787
database_size: 126566.62979949063
codetable_size: 441.7605614217103
complete: 127008.39036091235
Partition 3 ratio: 0.40256185696384567
number of codetables: 4
size: 522
size: 636
size: 435
size: 414
database_size: 790738.936801035
codetable_size: 411.51868678919095
complete: 791150.4554878242
current singletons: {1, 2, 3, 4, 5, 6, 7, 8, 9, 10, 11, 12, 13, 14, 15, 16, 17, 18, 19, 20, 21, 22, 23, 24, 25, 26, 27, 28, 29, 30, 31, 32, 33, 34, 35, 36, 37, 38, 39, 40, 41, 42, 43, 44, 45, 46, 47, 48, 49, 50, 51, 52, 53, 54, 55, 56, 57, 58, 59, 60, 61, 62, 63, 64, 66, 67, 68, 69, 71, 72, 73, 74, 76, 77, 78, 79, 80, 81, 84, 85, 86, 87, 88, 89}
Added 2 singletons
added:  {82, 83}
chunks ... [0, 2748, 5496, 8244, 10992]
num codes: 524
num codes with support 0: 0
chunks ... [0, 2748, 5496, 8244, 10992]
database_size: 481414.41854148067
codetable_size: 14225.636850680223
complete: 495640.0553921609
Partition ratio: 0.6264801491981051
current singletons: {1, 2, 3, 4, 5, 6, 7, 8, 9, 10, 11, 12, 13, 14, 15, 16, 17, 18, 19, 20, 21, 22, 23, 24, 25, 26, 27, 28, 29, 30, 31, 32, 33, 34, 35, 37, 38, 39, 40, 41, 42, 43, 44, 45, 46, 47, 48, 49, 50, 51, 52, 53, 54, 55, 56, 57, 58, 59, 60, 61, 62, 63, 64, 66, 67, 68, 69, 71, 72, 73, 74, 76, 77, 78, 79, 80, 81, 82, 83, 84, 85, 87, 88, 89}
Added 2 singletons
added:  {36, 86}
chunks ... [0, 2748, 5496, 8244, 10992]
num codes: 638
num codes with support 0: 0
chunks ... [0, 2748, 5496, 8244, 10992]
database_size: 431403.3112525278
codetable_size: 15890.258931565446
complete: 447293.57018409326
Partition ratio: 0.5653710581614866
current singletons: {1, 2, 3, 4, 5, 6, 7, 8, 9, 10, 11, 12, 13, 14, 15, 16, 17, 18, 19, 20, 21, 22, 23, 24, 25, 26, 27, 28, 29, 30, 31, 32, 33, 34, 35, 36, 37, 38, 39, 40, 41, 42, 43, 44, 45, 46, 47, 48, 49, 50, 51, 52, 53, 54, 55, 56, 57, 58, 59, 60, 61, 62, 63, 64, 66, 67, 68, 69, 71, 72, 73, 74, 76, 77, 78, 79, 80, 81, 82, 83, 84, 85, 86, 87, 88}
Added 1 singletons
added:  {89}
chunks ... [0, 2748, 5496, 8244, 10992]
num codes: 436
num codes with support 0: 0
chunks ... [0, 2748, 5496, 8244, 10992]
database_size: 502949.0330320732
codetable_size: 10330.942619688027
complete: 513279.9756517612
Partition ratio: 0.6487766923363171
current singletons: {1, 2, 3, 4, 5, 6, 7, 8, 9, 10, 11, 12, 13, 14, 15, 16, 17, 18, 19, 20, 21, 22, 23, 24, 25, 26, 27, 28, 29, 30, 31, 32, 33, 34, 35, 36, 37, 38, 39, 40, 41, 42, 43, 44, 45, 46, 47, 48, 49, 50, 51, 52, 53, 54, 55, 56, 57, 58, 59, 60, 61, 62, 63, 64, 66, 67, 68, 69, 71, 72, 73, 74, 76, 77, 78, 79, 80, 81, 82, 84, 85, 86, 87, 88, 89}
Added 1 singletons
added:  {83}
chunks ... [0, 2748, 5496, 8244, 10992]
num codes: 415
num codes with support 0: 0
chunks ... [0, 2748, 5496, 8244, 10992]
database_size: 493640.09359160234
codetable_size: 9533.197816875383
complete: 503173.2914084777
Partition ratio: 0.6360020245431326
merged table size: 638
chunks ... [0, 2748, 5496, 8244, 10992]
chunks ... [0, 2748, 5496, 8244, 10992]
merged table size without non-used codes: 599
database_size: 431403.3112525278
codetable_size: 15890.258931565446
complete: 447293.57018409326
database_size: 790738.936801035
codetable_size: 411.51868678919095
complete: 791150.4554878242
merged size: 447293.57018409326
sct size: 791150.4554878242
merged ratio: 0.5653710581614866
time elapsed: 7.14811897277832
-- MERGING METHOD informed
processing tkmeans_batch_results/k4/batch-2/pendigits_tkmeans__0_k4...
chunks ... [0, 779, 1558, 2337, 3117]
num codes: 522
num codes with support 0: 0
chunks ... [0, 779, 1558, 2337, 3117]
num codes with usage 0: 8
database_size: 63210.94193063413
codetable_size: 13214.803140081005
complete: 76425.74507071513
database_size: 206704.68499360848
codetable_size: 440.8792181897555
complete: 207145.56421179822
Partition 0 ratio: 0.3689470511305412
processing tkmeans_batch_results/k4/batch-2/pendigits_tkmeans__1_k4...
chunks ... [0, 918, 1836, 2754, 3674]
num codes: 636
num codes with support 0: 0
chunks ... [0, 918, 1836, 2754, 3674]
num codes with usage 0: 54
database_size: 87456.10513467253
codetable_size: 14827.009342880498
complete: 102283.11447755303
database_size: 249805.33605427056
codetable_size: 431.48642310379626
complete: 250236.82247737437
Partition 1 ratio: 0.40874525765208336
processing tkmeans_batch_results/k4/batch-2/pendigits_tkmeans__2_k4...
chunks ... [0, 573, 1146, 1719, 2293]
num codes: 435
num codes with support 0: 0
chunks ... [0, 573, 1146, 1719, 2293]
num codes with usage 0: 48
database_size: 46778.28021673343
codetable_size: 9262.389245493487
complete: 56040.66946222691
database_size: 150426.55047568757
codetable_size: 465.2270151107181
complete: 150891.7774907983
Partition 2 ratio: 0.3713964431603597
processing tkmeans_batch_results/k4/batch-2/pendigits_tkmeans__3_k4...
chunks ... [0, 476, 952, 1428, 1907]
num codes: 414
num codes with support 0: 0
chunks ... [0, 476, 952, 1428, 1907]
num codes with usage 0: 30
database_size: 42332.92499573895
codetable_size: 8795.808477938926
complete: 51128.73347367787
database_size: 126566.62979949063
codetable_size: 441.7605614217103
complete: 127008.39036091235
Partition 3 ratio: 0.40256185696384567
number of codetables: 4
size: 522
size: 636
size: 435
size: 414
database_size: 790738.936801035
codetable_size: 411.51868678919095
complete: 791150.4554878242
database_size: 790738.936801035
codetable_size: 411.51868678919095
complete: 791150.4554878242
current singletons: {1, 2, 3, 4, 5, 6, 7, 8, 9, 10, 11, 12, 13, 14, 15, 16, 17, 18, 19, 20, 21, 22, 23, 24, 25, 26, 27, 28, 29, 30, 31, 32, 33, 34, 35, 36, 37, 38, 39, 40, 41, 42, 43, 44, 45, 46, 47, 48, 49, 50, 51, 52, 53, 54, 55, 56, 57, 58, 59, 60, 61, 62, 63, 64, 66, 67, 68, 69, 71, 72, 73, 74, 76, 77, 78, 79, 80, 81, 84, 85, 86, 87, 88, 89}
Added 2 singletons
added:  {82, 83}
chunks ... [0, 2748, 5496, 8244, 10992]
num codes: 524
num codes with support 0: 0
chunks ... [0, 2748, 5496, 8244, 10992]
database_size: 481414.41854148067
codetable_size: 14225.636850680223
complete: 495640.0553921609
Partition ratio: 0.6264801491981051
current singletons: {1, 2, 3, 4, 5, 6, 7, 8, 9, 10, 11, 12, 13, 14, 15, 16, 17, 18, 19, 20, 21, 22, 23, 24, 25, 26, 27, 28, 29, 30, 31, 32, 33, 34, 35, 37, 38, 39, 40, 41, 42, 43, 44, 45, 46, 47, 48, 49, 50, 51, 52, 53, 54, 55, 56, 57, 58, 59, 60, 61, 62, 63, 64, 66, 67, 68, 69, 71, 72, 73, 74, 76, 77, 78, 79, 80, 81, 82, 83, 84, 85, 87, 88, 89}
Added 2 singletons
added:  {36, 86}
chunks ... [0, 2748, 5496, 8244, 10992]
num codes: 638
num codes with support 0: 0
chunks ... [0, 2748, 5496, 8244, 10992]
database_size: 431403.3112525278
codetable_size: 15890.258931565446
complete: 447293.57018409326
Partition ratio: 0.5653710581614866
current singletons: {1, 2, 3, 4, 5, 6, 7, 8, 9, 10, 11, 12, 13, 14, 15, 16, 17, 18, 19, 20, 21, 22, 23, 24, 25, 26, 27, 28, 29, 30, 31, 32, 33, 34, 35, 36, 37, 38, 39, 40, 41, 42, 43, 44, 45, 46, 47, 48, 49, 50, 51, 52, 53, 54, 55, 56, 57, 58, 59, 60, 61, 62, 63, 64, 66, 67, 68, 69, 71, 72, 73, 74, 76, 77, 78, 79, 80, 81, 82, 83, 84, 85, 86, 87, 88}
Added 1 singletons
added:  {89}
chunks ... [0, 2748, 5496, 8244, 10992]
num codes: 436
num codes with support 0: 0
chunks ... [0, 2748, 5496, 8244, 10992]
database_size: 502949.0330320732
codetable_size: 10330.942619688027
complete: 513279.9756517612
Partition ratio: 0.6487766923363171
current singletons: {1, 2, 3, 4, 5, 6, 7, 8, 9, 10, 11, 12, 13, 14, 15, 16, 17, 18, 19, 20, 21, 22, 23, 24, 25, 26, 27, 28, 29, 30, 31, 32, 33, 34, 35, 36, 37, 38, 39, 40, 41, 42, 43, 44, 45, 46, 47, 48, 49, 50, 51, 52, 53, 54, 55, 56, 57, 58, 59, 60, 61, 62, 63, 64, 66, 67, 68, 69, 71, 72, 73, 74, 76, 77, 78, 79, 80, 81, 82, 84, 85, 86, 87, 88, 89}
Added 1 singletons
added:  {83}
chunks ... [0, 2748, 5496, 8244, 10992]
num codes: 415
num codes with support 0: 0
chunks ... [0, 2748, 5496, 8244, 10992]
database_size: 493640.09359160234
codetable_size: 9533.197816875383
complete: 503173.2914084777
Partition ratio: 0.6360020245431326
initial ratio: 0.5653710581614866
merged: {1}
merged: {1}
to_process: {0, 2, 3}
[(0, 0.21547060613324504), (2, 0.24186449877914423), (3, 0.18089813496759333)]
next_candidate: 3
chunks ... [0, 2748, 5496, 8244, 10992]
chunks ... [0, 2748, 5496, 8244, 10992]
database_size: 392822.8718570714
codetable_size: 25260.467206663136
complete: 418083.3390637346
current_ratio: 0.5653710581614866 --- candidate_ratio:0.5284498494106838
!!!!! ********* merge accepted ... 
merged: {1, 3}
to_process: {0, 2}
[(0, 0.22114368636780343), (2, 0.21944575687892642)]
next_candidate: 2
chunks ... [0, 2748, 5496, 8244, 10992]
chunks ... [0, 2748, 5496, 8244, 10992]
database_size: 359227.1748537338
codetable_size: 34576.47520146031
complete: 393803.6500551941
current_ratio: 0.5284498494106838 --- candidate_ratio:0.4977607575443717
!!!!! ********* merge accepted ... 
merged: {1, 2, 3}
to_process: {0}
[(0, 0.1773319203308138)]
next_candidate: 0
chunks ... [0, 2748, 5496, 8244, 10992]
chunks ... [0, 2748, 5496, 8244, 10992]
database_size: 299533.1289043098
codetable_size: 47515.32605641444
complete: 347048.4549607243
current_ratio: 0.4977607575443717 --- candidate_ratio:0.43866302869880025
!!!!! ********* merge accepted ... 
merged table size: 1717
chunks ... [0, 2748, 5496, 8244, 10992]
chunks ... [0, 2748, 5496, 8244, 10992]
merged table size without non-used codes: 1696
database_size: 299533.1289043098
codetable_size: 47515.32605641444
complete: 347048.4549607243
database_size: 790738.936801035
codetable_size: 411.51868678919095
complete: 791150.4554878242
merged size: 347048.4549607243
sct size: 791150.4554878242
merged ratio: 0.43866302869880025
time elapsed: 17.51606583595276
